Linux 6.8.0-111-generic (testbed-node6) 	13/05/26 	_x86_64_	(24 CPU)

20:38:02     CPU    %usr   %nice    %sys %iowait    %irq   %soft  %steal  %guest  %gnice   %idle
20:38:03     all    0,67    0,00    0,21    0,08    0,00   12,55    0,00    0,00    0,00   86,49
20:38:03       0    3,00    0,00    1,00    0,00    0,00    0,00    0,00    0,00    0,00   96,00
20:38:03       1    1,98    0,00    0,99    0,00    0,00    0,99    0,00    0,00    0,00   96,04
20:38:03       2    0,00    0,00    0,00    2,02    0,00    0,00    0,00    0,00    0,00   97,98
20:38:03       3    0,00    0,00    0,00    0,00    0,00  100,00    0,00    0,00    0,00    0,00
20:38:03       4    0,00    0,00    0,00    0,00    0,00    0,00    0,00    0,00    0,00  100,00
20:38:03       5    0,00    0,00    0,00    0,00    0,00    0,00    0,00    0,00    0,00  100,00
20:38:03       6    0,00    0,00    0,00    0,00    0,00    0,00    0,00    0,00    0,00  100,00
20:38:03       7    0,00    0,00    0,00    0,00    0,00    0,00    0,00    0,00    0,00  100,00
20:38:03       8    1,00    0,00    0,00    0,00    0,00    0,00    0,00    0,00    0,00   99,00
20:38:03       9    0,00    0,00    0,00    0,00    0,00    0,00    0,00    0,00    0,00  100,00
20:38:03      10    0,00    0,00    0,00    0,00    0,00    0,00    0,00    0,00    0,00  100,00
20:38:03      11    0,00    0,00    0,00    0,00    0,00    0,00    0,00    0,00    0,00  100,00
20:38:03      12    0,00    0,00    0,00    0,00    0,00    0,00    0,00    0,00    0,00  100,00
20:38:03      13    0,00    0,00    0,00    0,00    0,00    0,00    0,00    0,00    0,00  100,00
20:38:03      14    0,00    0,00    0,00    0,00    0,00  100,00    0,00    0,00    0,00    0,00
20:38:03      15    0,00    0,00    0,00    0,00    0,00    0,00    0,00    0,00    0,00  100,00
20:38:03      16    0,00    0,00    0,00    0,00    0,00  100,00    0,00    0,00    0,00    0,00
20:38:03      17    4,95    0,00    0,99    0,00    0,00    0,00    0,00    0,00    0,00   94,06
20:38:03      18    1,98    0,00    0,00    0,00    0,00    0,00    0,00    0,00    0,00   98,02
20:38:03      19    0,00    0,00    0,00    0,00    0,00    0,00    0,00    0,00    0,00  100,00
20:38:03      20    0,00    0,00    1,00    0,00    0,00    0,00    0,00    0,00    0,00   99,00
20:38:03      21    0,00    0,00    0,00    0,00    0,00    0,00    0,00    0,00    0,00  100,00
20:38:03      22    0,00    0,00    0,00    0,00    0,00    0,00    0,00    0,00    0,00  100,00
20:38:03      23    3,00    0,00    1,00    0,00    0,00    0,00    0,00    0,00    0,00   96,00

20:38:03     CPU    %usr   %nice    %sys %iowait    %irq   %soft  %steal  %guest  %gnice   %idle
20:38:04     all    0,25    0,00    0,08    0,00    0,00   12,49    0,00    0,00    0,00   87,18
20:38:04       0    0,00    0,00    0,00    0,00    0,00    0,00    0,00    0,00    0,00  100,00
20:38:04       1    2,94    0,00    1,96    0,00    0,00    0,00    0,00    0,00    0,00   95,10
20:38:04       2    0,00    0,00    0,00    0,00    0,00    0,00    0,00    0,00    0,00  100,00
20:38:04       3    0,00    0,00    0,00    0,00    0,00  100,00    0,00    0,00    0,00    0,00
20:38:04       4    0,00    0,00    0,00    0,00    0,00    0,00    0,00    0,00    0,00  100,00
20:38:04       5    0,00    0,00    0,00    0,00    0,00    0,00    0,00    0,00    0,00  100,00
20:38:04       6    0,00    0,00    0,00    0,00    0,00    0,00    0,00    0,00    0,00  100,00
20:38:04       7    0,00    0,00    0,00    0,00    0,00    0,00    0,00    0,00    0,00  100,00
20:38:04       8    0,00    0,00    0,00    0,00    0,00    0,00    0,00    0,00    0,00  100,00
20:38:04       9    0,00    0,00    0,00    0,00    0,00    0,00    0,00    0,00    0,00  100,00
20:38:04      10    0,00    0,00    0,00    0,00    0,00    0,00    0,00    0,00    0,00  100,00
20:38:04      11    0,00    0,00    0,00    0,00    0,00    0,00    0,00    0,00    0,00  100,00
20:38:04      12    0,00    0,00    0,00    0,00    0,00    0,00    0,00    0,00    0,00  100,00
20:38:04      13    0,00    0,00    0,00    0,00    0,00    0,00    0,00    0,00    0,00  100,00
20:38:04      14    0,00    0,00    0,00    0,00    0,00  100,00    0,00    0,00    0,00    0,00
20:38:04      15    0,00    0,00    0,00    0,00    0,00    0,00    0,00    0,00    0,00  100,00
20:38:04      16    0,00    0,00    0,00    0,00    0,00  100,00    0,00    0,00    0,00    0,00
20:38:04      17    1,00    0,00    0,00    0,00    0,00    0,00    0,00    0,00    0,00   99,00
20:38:04      18    2,00    0,00    0,00    0,00    0,00    0,00    0,00    0,00    0,00   98,00
20:38:04      19    0,00    0,00    0,00    0,00    0,00    0,00    0,00    0,00    0,00  100,00
20:38:04      20    0,00    0,00    0,00    0,00    0,00    0,00    0,00    0,00    0,00  100,00
20:38:04      21    0,00    0,00    0,00    0,00    0,00    0,00    0,00    0,00    0,00  100,00
20:38:04      22    0,00    0,00    0,00    0,00    0,00    0,00    0,00    0,00    0,00  100,00
20:38:04      23    0,00    0,00    0,00    0,00    0,00    0,00    0,00    0,00    0,00  100,00

20:38:04     CPU    %usr   %nice    %sys %iowait    %irq   %soft  %steal  %guest  %gnice   %idle
20:38:05     all    1,21    0,00    0,38    0,00    0,00   12,53    0,00    0,00    0,00   85,89
20:38:05       0    0,00    0,00    0,00    0,00    0,00    0,00    0,00    0,00    0,00  100,00
20:38:05       1    2,02    0,00    1,01    0,00    0,00    0,00    0,00    0,00    0,00   96,97
20:38:05       2    0,00    0,00    0,00    0,00    0,00    0,00    0,00    0,00    0,00  100,00
20:38:05       3    0,00    0,00    0,00    0,00    0,00  100,00    0,00    0,00    0,00    0,00
20:38:05       4    0,00    0,00    0,00    0,00    0,00    0,00    0,00    0,00    0,00  100,00
20:38:05       5    0,00    0,00    0,00    0,00    0,00    0,00    0,00    0,00    0,00  100,00
20:38:05       6    0,00    0,00    1,00    0,00    0,00    0,00    0,00    0,00    0,00   99,00
20:38:05       7    0,00    0,00    0,00    0,00    0,00    0,00    0,00    0,00    0,00  100,00
20:38:05       8    3,03    0,00    1,01    0,00    0,00    0,00    0,00    0,00    0,00   95,96
20:38:05       9    0,00    0,00    0,00    0,00    0,00    0,00    0,00    0,00    0,00  100,00
20:38:05      10    0,99    0,00    0,00    0,00    0,00    0,00    0,00    0,00    0,00   99,01
20:38:05      11    0,00    0,00    0,00    0,00    0,00    0,00    0,00    0,00    0,00  100,00
20:38:05      12    7,00    0,00    1,00    0,00    0,00    0,00    0,00    0,00    0,00   92,00
20:38:05      13    0,00    0,00    0,00    0,00    0,00    0,00    0,00    0,00    0,00  100,00
20:38:05      14    0,00    0,00    0,00    0,00    0,00  100,00    0,00    0,00    0,00    0,00
20:38:05      15    0,00    0,00    0,00    0,00    0,00    0,00    0,00    0,00    0,00  100,00
20:38:05      16    0,00    0,00    0,00    0,00    0,00  100,00    0,00    0,00    0,00    0,00
20:38:05      17    3,03    0,00    0,00    0,00    0,00    0,00    0,00    0,00    0,00   96,97
20:38:05      18    2,02    0,00    1,01    0,00    0,00    0,00    0,00    0,00    0,00   96,97
20:38:05      19    1,01    0,00    0,00    0,00    0,00    0,00    0,00    0,00    0,00   98,99
20:38:05      20    4,00    0,00    1,00    0,00    0,00    0,00    0,00    0,00    0,00   95,00
20:38:05      21    3,00    0,00    2,00    0,00    0,00    0,00    0,00    0,00    0,00   95,00
20:38:05      22    1,01    0,00    0,00    0,00    0,00    0,00    0,00    0,00    0,00   98,99
20:38:05      23    2,00    0,00    1,00    0,00    0,00    0,00    0,00    0,00    0,00   97,00

20:38:05     CPU    %usr   %nice    %sys %iowait    %irq   %soft  %steal  %guest  %gnice   %idle
20:38:06     all    0,21    0,00    0,08    0,00    0,00   12,49    0,00    0,00    0,00   87,22
20:38:06       0    0,00    0,00    0,00    0,00    0,00    0,00    0,00    0,00    0,00  100,00
20:38:06       1    2,00    0,00    1,00    0,00    0,00    0,00    0,00    0,00    0,00   97,00
20:38:06       2    0,00    0,00    0,00    0,00    0,00    0,00    0,00    0,00    0,00  100,00
20:38:06       3    0,00    0,00    0,00    0,00    0,00  100,00    0,00    0,00    0,00    0,00
20:38:06       4    0,00    0,00    0,00    0,00    0,00    0,00    0,00    0,00    0,00  100,00
20:38:06       5    0,00    0,00    0,00    0,00    0,00    0,00    0,00    0,00    0,00  100,00
20:38:06       6    0,00    0,00    0,00    0,00    0,00    0,00    0,00    0,00    0,00  100,00
20:38:06       7    0,00    0,00    0,00    0,00    0,00    0,00    0,00    0,00    0,00  100,00
20:38:06       8    0,00    0,00    0,00    0,00    0,00    0,00    0,00    0,00    0,00  100,00
20:38:06       9    0,00    0,00    0,00    0,00    0,00    0,00    0,00    0,00    0,00  100,00
20:38:06      10    0,00    0,00    0,00    0,00    0,00    0,00    0,00    0,00    0,00  100,00
20:38:06      11    0,00    0,00    0,00    0,00    0,00    0,00    0,00    0,00    0,00  100,00
20:38:06      12    0,99    0,00    0,00    0,00    0,00    0,00    0,00    0,00    0,00   99,01
20:38:06      13    0,00    0,00    0,00    0,00    0,00    0,00    0,00    0,00    0,00  100,00
20:38:06      14    0,00    0,00    0,00    0,00    0,00  100,00    0,00    0,00    0,00    0,00
20:38:06      15    0,00    0,00    0,00    0,00    0,00    0,00    0,00    0,00    0,00  100,00
20:38:06      16    0,00    0,00    0,00    0,00    0,00  100,00    0,00    0,00    0,00    0,00
20:38:06      17    0,00    0,00    0,00    0,00    0,00    0,00    0,00    0,00    0,00  100,00
20:38:06      18    0,99    0,00    0,99    0,00    0,00    0,00    0,00    0,00    0,00   98,02
20:38:06      19    0,00    0,00    0,00    0,00    0,00    0,00    0,00    0,00    0,00  100,00
20:38:06      20    0,00    0,00    0,00    0,00    0,00    0,00    0,00    0,00    0,00  100,00
20:38:06      21    0,00    0,00    0,00    0,00    0,00    0,00    0,00    0,00    0,00  100,00
20:38:06      22    0,99    0,00    0,00    0,00    0,00    0,00    0,00    0,00    0,00   99,01
20:38:06      23    0,00    0,00    0,00    0,00    0,00    0,00    0,00    0,00    0,00  100,00

20:38:06     CPU    %usr   %nice    %sys %iowait    %irq   %soft  %steal  %guest  %gnice   %idle
20:38:07     all    0,21    0,00    0,04    0,00    0,00   12,52    0,00    0,00    0,00   87,23
20:38:07       0    0,00    0,00    0,00    0,00    0,00    0,00    0,00    0,00    0,00  100,00
20:38:07       1    2,02    0,00    1,01    0,00    0,00    0,00    0,00    0,00    0,00   96,97
20:38:07       2    0,00    0,00    0,00    0,00    0,00    0,00    0,00    0,00    0,00  100,00
20:38:07       3    0,00    0,00    0,00    0,00    0,00  100,00    0,00    0,00    0,00    0,00
20:38:07       4    0,00    0,00    0,00    0,00    0,00    0,00    0,00    0,00    0,00  100,00
20:38:07       5    0,00    0,00    0,00    0,00    0,00    0,00    0,00    0,00    0,00  100,00
20:38:07       6    0,00    0,00    0,00    0,00    0,00    0,00    0,00    0,00    0,00  100,00
20:38:07       7    0,00    0,00    0,00    0,00    0,00    0,00    0,00    0,00    0,00  100,00
20:38:07       8    0,00    0,00    0,00    0,00    0,00    0,00    0,00    0,00    0,00  100,00
20:38:07       9    0,00    0,00    0,00    0,00    0,00    0,00    0,00    0,00    0,00  100,00
20:38:07      10    0,00    0,00    0,00    0,00    0,00    0,00    0,00    0,00    0,00  100,00
20:38:07      11    0,00    0,00    0,00    0,00    0,00    0,00    0,00    0,00    0,00  100,00
20:38:07      12    0,00    0,00    0,00    0,00    0,00    0,00    0,00    0,00    0,00  100,00
20:38:07      13    0,00    0,00    0,00    0,00    0,00    0,00    0,00    0,00    0,00  100,00
20:38:07      14    0,00    0,00    0,00    0,00    0,00  100,00    0,00    0,00    0,00    0,00
20:38:07      15    0,00    0,00    0,00    0,00    0,00    0,00    0,00    0,00    0,00  100,00
20:38:07      16    0,00    0,00    0,00    0,00    0,00  100,00    0,00    0,00    0,00    0,00
20:38:07      17    1,00    0,00    0,00    0,00    0,00    0,00    0,00    0,00    0,00   99,00
20:38:07      18    2,00    0,00    0,00    0,00    0,00    0,00    0,00    0,00    0,00   98,00
20:38:07      19    0,00    0,00    0,00    0,00    0,00    0,00    0,00    0,00    0,00  100,00
20:38:07      20    0,00    0,00    0,00    0,00    0,00    0,00    0,00    0,00    0,00  100,00
20:38:07      21    0,00    0,00    0,00    0,00    0,00    0,00    0,00    0,00    0,00  100,00
20:38:07      22    0,00    0,00    0,00    0,00    0,00    0,00    0,00    0,00    0,00  100,00
20:38:07      23    0,00    0,00    0,00    0,00    0,00    0,00    0,00    0,00    0,00  100,00

20:38:07     CPU    %usr   %nice    %sys %iowait    %irq   %soft  %steal  %guest  %gnice   %idle
20:38:08     all    0,29    0,00    0,00    0,08    0,00   12,51    0,00    0,00    0,00   87,11
20:38:08       0    0,00    0,00    0,00    0,00    0,00    0,00    0,00    0,00    0,00  100,00
20:38:08       1    3,00    0,00    0,00    0,00    0,00    0,00    0,00    0,00    0,00   97,00
20:38:08       2    0,00    0,00    0,00    2,00    0,00    0,00    0,00    0,00    0,00   98,00
20:38:08       3    0,00    0,00    0,00    0,00    0,00  100,00    0,00    0,00    0,00    0,00
20:38:08       4    0,00    0,00    0,00    0,00    0,00    0,00    0,00    0,00    0,00  100,00
20:38:08       5    0,00    0,00    0,00    0,00    0,00    0,00    0,00    0,00    0,00  100,00
20:38:08       6    0,00    0,00    0,00    0,00    0,00    0,00    0,00    0,00    0,00  100,00
20:38:08       7    0,00    0,00    0,00    0,00    0,00    0,00    0,00    0,00    0,00  100,00
20:38:08       8    0,00    0,00    0,00    0,00    0,00    0,00    0,00    0,00    0,00  100,00
20:38:08       9    0,00    0,00    0,00    0,00    0,00    0,00    0,00    0,00    0,00  100,00
20:38:08      10    0,00    0,00    0,00    0,00    0,00    0,00    0,00    0,00    0,00  100,00
20:38:08      11    0,00    0,00    0,00    0,00    0,00    0,00    0,00    0,00    0,00  100,00
20:38:08      12    0,00    0,00    0,00    0,00    0,00    0,00    0,00    0,00    0,00  100,00
20:38:08      13    0,00    0,00    0,00    0,00    0,00    0,00    0,00    0,00    0,00  100,00
20:38:08      14    0,00    0,00    0,00    0,00    0,00  100,00    0,00    0,00    0,00    0,00
20:38:08      15    0,00    0,00    0,00    0,00    0,00    0,00    0,00    0,00    0,00  100,00
20:38:08      16    0,00    0,00    0,00    0,00    0,00  100,00    0,00    0,00    0,00    0,00
20:38:08      17    1,00    0,00    0,00    0,00    0,00    0,00    0,00    0,00    0,00   99,00
20:38:08      18    2,00    0,00    0,00    0,00    0,00    0,00    0,00    0,00    0,00   98,00
20:38:08      19    0,99    0,00    0,00    0,00    0,00    0,00    0,00    0,00    0,00   99,01
20:38:08      20    0,00    0,00    0,00    0,00    0,00    0,00    0,00    0,00    0,00  100,00
20:38:08      21    0,00    0,00    0,00    0,00    0,00    0,00    0,00    0,00    0,00  100,00
20:38:08      22    0,00    0,00    0,00    0,00    0,00    0,00    0,00    0,00    0,00  100,00
20:38:08      23    0,00    0,00    0,00    0,00    0,00    0,00    0,00    0,00    0,00  100,00

20:38:08     CPU    %usr   %nice    %sys %iowait    %irq   %soft  %steal  %guest  %gnice   %idle
20:38:09     all    0,17    0,00    0,08    0,00    0,00   12,51    0,00    0,00    0,00   87,24
20:38:09       0    0,00    0,00    0,00    0,00    0,00    0,00    0,00    0,00    0,00  100,00
20:38:09       1    2,00    0,00    1,00    0,00    0,00    0,00    0,00    0,00    0,00   97,00
20:38:09       2    0,00    0,00    0,00    0,00    0,00    0,00    0,00    0,00    0,00  100,00
20:38:09       3    0,00    0,00    0,00    0,00    0,00  100,00    0,00    0,00    0,00    0,00
20:38:09       4    0,99    0,00    0,00    0,00    0,00    0,00    0,00    0,00    0,00   99,01
20:38:09       5    0,00    0,00    0,00    0,00    0,00    0,00    0,00    0,00    0,00  100,00
20:38:09       6    0,00    0,00    0,00    0,00    0,00    0,00    0,00    0,00    0,00  100,00
20:38:09       7    0,00    0,00    0,00    0,00    0,00    0,00    0,00    0,00    0,00  100,00
20:38:09       8    0,00    0,00    0,00    0,00    0,00    0,00    0,00    0,00    0,00  100,00
20:38:09       9    0,00    0,00    0,00    0,00    0,00    0,00    0,00    0,00    0,00  100,00
20:38:09      10    0,00    0,00    0,00    0,00    0,00    0,00    0,00    0,00    0,00  100,00
20:38:09      11    0,00    0,00    0,00    0,00    0,00    0,00    0,00    0,00    0,00  100,00
20:38:09      12    0,00    0,00    0,00    0,00    0,00    0,00    0,00    0,00    0,00  100,00
20:38:09      13    0,00    0,00    0,00    0,00    0,00    0,00    0,00    0,00    0,00  100,00
20:38:09      14    0,00    0,00    0,00    0,00    0,00  100,00    0,00    0,00    0,00    0,00
20:38:09      15    0,00    0,00    0,00    0,00    0,00    0,00    0,00    0,00    0,00  100,00
20:38:09      16    0,00    0,00    0,00    0,00    0,00  100,00    0,00    0,00    0,00    0,00
20:38:09      17    0,00    0,00    0,00    0,00    0,00    0,00    0,00    0,00    0,00  100,00
20:38:09      18    1,00    0,00    0,00    0,00    0,00    0,00    0,00    0,00    0,00   99,00
20:38:09      19    0,00    0,00    0,00    0,00    0,00    0,00    0,00    0,00    0,00  100,00
20:38:09      20    0,00    0,00    0,00    0,00    0,00    0,00    0,00    0,00    0,00  100,00
20:38:09      21    0,00    0,00    0,00    0,00    0,00    0,00    0,00    0,00    0,00  100,00
20:38:09      22    0,00    0,00    0,99    0,00    0,00    0,00    0,00    0,00    0,00   99,01
20:38:09      23    0,00    0,00    0,00    0,00    0,00    0,00    0,00    0,00    0,00  100,00

20:38:09     CPU    %usr   %nice    %sys %iowait    %irq   %soft  %steal  %guest  %gnice   %idle
20:38:10     all    0,21    0,00    0,04    0,04    0,00   12,51    0,00    0,00    0,00   87,20
20:38:10       0    0,00    0,00    0,00    0,00    0,00    0,00    0,00    0,00    0,00  100,00
20:38:10       1    2,02    0,00    1,01    0,00    0,00    0,00    0,00    0,00    0,00   96,97
20:38:10       2    0,00    0,00    0,00    0,00    0,00    0,00    0,00    0,00    0,00  100,00
20:38:10       3    0,00    0,00    0,00    0,00    0,00  100,00    0,00    0,00    0,00    0,00
20:38:10       4    0,00    0,00    0,00    0,00    0,00    0,00    0,00    0,00    0,00  100,00
20:38:10       5    0,00    0,00    0,00    1,00    0,00    0,00    0,00    0,00    0,00   99,00
20:38:10       6    0,00    0,00    0,00    0,00    0,00    0,00    0,00    0,00    0,00  100,00
20:38:10       7    0,00    0,00    0,00    0,00    0,00    0,00    0,00    0,00    0,00  100,00
20:38:10       8    0,00    0,00    0,00    0,00    0,00    0,00    0,00    0,00    0,00  100,00
20:38:10       9    0,00    0,00    0,00    0,00    0,00    0,00    0,00    0,00    0,00  100,00
20:38:10      10    0,00    0,00    0,00    0,00    0,00    0,00    0,00    0,00    0,00  100,00
20:38:10      11    0,00    0,00    0,00    0,00    0,00    0,00    0,00    0,00    0,00  100,00
20:38:10      12    0,00    0,00    0,00    0,00    0,00    0,00    0,00    0,00    0,00  100,00
20:38:10      13    0,00    0,00    0,00    0,00    0,00    0,00    0,00    0,00    0,00  100,00
20:38:10      14    0,00    0,00    0,00    0,00    0,00  100,00    0,00    0,00    0,00    0,00
20:38:10      15    0,00    0,00    0,00    0,00    0,00    0,00    0,00    0,00    0,00  100,00
20:38:10      16    0,00    0,00    0,00    0,00    0,00  100,00    0,00    0,00    0,00    0,00
20:38:10      17    1,00    0,00    0,00    0,00    0,00    0,00    0,00    0,00    0,00   99,00
20:38:10      18    2,00    0,00    0,00    0,00    0,00    0,00    0,00    0,00    0,00   98,00
20:38:10      19    0,00    0,00    0,00    0,00    0,00    0,00    0,00    0,00    0,00  100,00
20:38:10      20    0,00    0,00    0,00    0,00    0,00    0,00    0,00    0,00    0,00  100,00
20:38:10      21    0,00    0,00    0,00    0,00    0,00    0,00    0,00    0,00    0,00  100,00
20:38:10      22    0,00    0,00    0,00    0,00    0,00    0,00    0,00    0,00    0,00  100,00
20:38:10      23    0,00    0,00    0,00    0,00    0,00    0,00    0,00    0,00    0,00  100,00

20:38:10     CPU    %usr   %nice    %sys %iowait    %irq   %soft  %steal  %guest  %gnice   %idle
20:38:11     all    0,25    0,00    0,08    0,00    0,00   12,48    0,00    0,00    0,00   87,18
20:38:11       0    0,00    0,00    0,00    0,00    0,00    0,00    0,00    0,00    0,00  100,00
20:38:11       1    2,97    0,00    0,99    0,00    0,00    0,00    0,00    0,00    0,00   96,04
20:38:11       2    0,00    0,00    0,00    0,00    0,00    0,00    0,00    0,00    0,00  100,00
20:38:11       3    0,00    0,00    0,00    0,00    0,00  100,00    0,00    0,00    0,00    0,00
20:38:11       4    0,00    0,00    0,00    0,00    0,00    0,00    0,00    0,00    0,00  100,00
20:38:11       5    0,00    0,00    0,00    0,00    0,00    0,00    0,00    0,00    0,00  100,00
20:38:11       6    0,00    0,00    0,00    0,00    0,00    0,00    0,00    0,00    0,00  100,00
20:38:11       7    0,99    0,00    0,00    0,00    0,00    0,00    0,00    0,00    0,00   99,01
20:38:11       8    1,98    0,00    0,99    0,00    0,00    0,00    0,00    0,00    0,00   97,03
20:38:11       9    0,00    0,00    0,00    0,00    0,00    0,00    0,00    0,00    0,00  100,00
20:38:11      10    0,00    0,00    0,00    0,00    0,00    0,00    0,00    0,00    0,00  100,00
20:38:11      11    0,00    0,00    0,00    0,00    0,00    0,00    0,00    0,00    0,00  100,00
20:38:11      12    0,00    0,00    0,00    0,00    0,00    0,00    0,00    0,00    0,00  100,00
20:38:11      13    0,00    0,00    0,00    0,00    0,00    0,00    0,00    0,00    0,00  100,00
20:38:11      14    0,00    0,00    0,00    0,00    0,00  100,00    0,00    0,00    0,00    0,00
20:38:11      15    0,00    0,00    0,00    0,00    0,00    0,00    0,00    0,00    0,00  100,00
20:38:11      16    0,00    0,00    0,00    0,00    0,00  100,00    0,00    0,00    0,00    0,00
20:38:11      17    0,00    0,00    0,00    0,00    0,00    0,00    0,00    0,00    0,00  100,00
20:38:11      18    0,00    0,00    0,00    0,00    0,00    0,00    0,00    0,00    0,00  100,00
20:38:11      19    0,00    0,00    0,00    0,00    0,00    0,00    0,00    0,00    0,00  100,00
20:38:11      20    0,00    0,00    0,00    0,00    0,00    0,00    0,00    0,00    0,00  100,00
20:38:11      21    0,00    0,00    0,00    0,00    0,00    0,00    0,00    0,00    0,00  100,00
20:38:11      22    0,00    0,00    0,00    0,00    0,00    0,00    0,00    0,00    0,00  100,00
20:38:11      23    0,00    0,00    0,00    0,00    0,00    0,00    0,00    0,00    0,00  100,00

20:38:11     CPU    %usr   %nice    %sys %iowait    %irq   %soft  %steal  %guest  %gnice   %idle
20:38:12     all    0,13    0,00    0,00    0,00    0,00   12,52    0,00    0,00    0,00   87,36
20:38:12       0    0,00    0,00    0,00    0,00    0,00    0,00    0,00    0,00    0,00  100,00
20:38:12       1    3,03    0,00    0,00    0,00    0,00    0,00    0,00    0,00    0,00   96,97
20:38:12       2    0,00    0,00    0,00    0,00    0,00    0,00    0,00    0,00    0,00  100,00
20:38:12       3    0,00    0,00    0,00    0,00    0,00  100,00    0,00    0,00    0,00    0,00
20:38:12       4    0,00    0,00    0,00    0,00    0,00    0,00    0,00    0,00    0,00  100,00
20:38:12       5    0,00    0,00    0,00    0,00    0,00    0,00    0,00    0,00    0,00  100,00
20:38:12       6    0,00    0,00    0,00    0,00    0,00    0,00    0,00    0,00    0,00  100,00
20:38:12       7    0,00    0,00    0,00    0,00    0,00    0,00    0,00    0,00    0,00  100,00
20:38:12       8    0,00    0,00    0,00    0,00    0,00    0,00    0,00    0,00    0,00  100,00
20:38:12       9    0,00    0,00    0,00    0,00    0,00    0,00    0,00    0,00    0,00  100,00
20:38:12      10    0,00    0,00    0,00    0,00    0,00    0,00    0,00    0,00    0,00  100,00
20:38:12      11    0,00    0,00    0,00    0,00    0,00    0,00    0,00    0,00    0,00  100,00
20:38:12      12    0,00    0,00    0,00    0,00    0,00    0,00    0,00    0,00    0,00  100,00
20:38:12      13    0,00    0,00    0,00    0,00    0,00    0,00    0,00    0,00    0,00  100,00
20:38:12      14    0,00    0,00    0,00    0,00    0,00  100,00    0,00    0,00    0,00    0,00
20:38:12      15    0,00    0,00    0,00    0,00    0,00    0,00    0,00    0,00    0,00  100,00
20:38:12      16    0,00    0,00    0,00    0,00    0,00  100,00    0,00    0,00    0,00    0,00
20:38:12      17    0,00    0,00    0,00    0,00    0,00    0,00    0,00    0,00    0,00  100,00
20:38:12      18    0,00    0,00    0,00    0,00    0,00    0,00    0,00    0,00    0,00  100,00
20:38:12      19    0,00    0,00    0,00    0,00    0,00    0,00    0,00    0,00    0,00  100,00
20:38:12      20    0,00    0,00    0,00    0,00    0,00    0,00    0,00    0,00    0,00  100,00
20:38:12      21    0,00    0,00    0,00    0,00    0,00    0,00    0,00    0,00    0,00  100,00
20:38:12      22    0,00    0,00    0,00    0,00    0,00    0,00    0,00    0,00    0,00  100,00
20:38:12      23    0,00    0,00    0,00    0,00    0,00    0,00    0,00    0,00    0,00  100,00

20:38:12     CPU    %usr   %nice    %sys %iowait    %irq   %soft  %steal  %guest  %gnice   %idle
20:38:13     all    0,46    0,00    0,29    0,08    0,00   12,51    0,00    0,00    0,00   86,66
20:38:13       0    0,00    0,00    0,00    0,00    0,00    0,00    0,00    0,00    0,00  100,00
20:38:13       1    2,00    0,00    1,00    0,00    0,00    0,00    0,00    0,00    0,00   97,00
20:38:13       2    0,00    0,00    0,00    2,00    0,00    0,00    0,00    0,00    0,00   98,00
20:38:13       3    0,00    0,00    0,00    0,00    0,00  100,00    0,00    0,00    0,00    0,00
20:38:13       4    0,00    0,00    0,00    0,00    0,00    0,00    0,00    0,00    0,00  100,00
20:38:13       5    0,00    0,00    0,00    0,00    0,00    0,00    0,00    0,00    0,00  100,00
20:38:13       6    0,00    0,00    0,00    0,00    0,00    0,00    0,00    0,00    0,00  100,00
20:38:13       7    0,00    0,00    0,00    0,00    0,00    0,00    0,00    0,00    0,00  100,00
20:38:13       8    0,00    0,00    0,00    0,00    0,00    0,00    0,00    0,00    0,00  100,00
20:38:13       9    0,00    0,00    0,00    0,00    0,00    0,00    0,00    0,00    0,00  100,00
20:38:13      10    0,00    0,00    0,00    0,00    0,00    0,00    0,00    0,00    0,00  100,00
20:38:13      11    0,00    0,00    0,00    0,00    0,00    0,00    0,00    0,00    0,00  100,00
20:38:13      12    7,00    0,00    6,00    0,00    0,00    0,00    0,00    0,00    0,00   87,00
20:38:13      13    0,00    0,00    0,00    0,00    0,00    0,00    0,00    0,00    0,00  100,00
20:38:13      14    0,00    0,00    0,00    0,00    0,00  100,00    0,00    0,00    0,00    0,00
20:38:13      15    0,99    0,00    0,00    0,00    0,00    0,00    0,00    0,00    0,00   99,01
20:38:13      16    0,00    0,00    0,00    0,00    0,00  100,00    0,00    0,00    0,00    0,00
20:38:13      17    0,00    0,00    0,00    0,00    0,00    0,00    0,00    0,00    0,00  100,00
20:38:13      18    0,00    0,00    0,00    0,00    0,00    0,00    0,00    0,00    0,00  100,00
20:38:13      19    0,00    0,00    0,00    0,00    0,00    0,00    0,00    0,00    0,00  100,00
20:38:13      20    0,00    0,00    0,00    0,00    0,00    0,00    0,00    0,00    0,00  100,00
20:38:13      21    0,00    0,00    0,00    0,00    0,00    0,00    0,00    0,00    0,00  100,00
20:38:13      22    0,00    0,00    0,00    0,00    0,00    0,00    0,00    0,00    0,00  100,00
20:38:13      23    1,00    0,00    0,00    0,00    0,00    0,00    0,00    0,00    0,00   99,00

20:38:13     CPU    %usr   %nice    %sys %iowait    %irq   %soft  %steal  %guest  %gnice   %idle
20:38:14     all    0,17    0,00    0,12    0,00    0,00   12,49    0,00    0,00    0,00   87,22
20:38:14       0    0,00    0,00    0,00    0,00    0,00    0,00    0,00    0,00    0,00  100,00
20:38:14       1    2,00    0,00    1,00    0,00    0,00    0,00    0,00    0,00    0,00   97,00
20:38:14       2    0,00    0,00    0,00    0,00    0,00    0,00    0,00    0,00    0,00  100,00
20:38:14       3    0,00    0,00    0,00    0,00    0,00  100,00    0,00    0,00    0,00    0,00
20:38:14       4    0,00    0,00    0,99    0,00    0,00    0,00    0,00    0,00    0,00   99,01
20:38:14       5    0,00    0,00    0,00    0,00    0,00    0,00    0,00    0,00    0,00  100,00
20:38:14       6    0,00    0,00    0,00    0,00    0,00    0,00    0,00    0,00    0,00  100,00
20:38:14       7    0,00    0,00    0,00    0,00    0,00    0,00    0,00    0,00    0,00  100,00
20:38:14       8    0,00    0,00    0,00    0,00    0,00    0,00    0,00    0,00    0,00  100,00
20:38:14       9    0,00    0,00    0,00    0,00    0,00    0,00    0,00    0,00    0,00  100,00
20:38:14      10    0,00    0,00    0,00    0,00    0,00    0,00    0,00    0,00    0,00  100,00
20:38:14      11    0,00    0,00    0,00    0,00    0,00    0,00    0,00    0,00    0,00  100,00
20:38:14      12    0,00    0,00    0,00    0,00    0,00    0,00    0,00    0,00    0,00  100,00
20:38:14      13    0,00    0,00    0,00    0,00    0,00    0,00    0,00    0,00    0,00  100,00
20:38:14      14    0,00    0,00    0,00    0,00    0,00  100,00    0,00    0,00    0,00    0,00
20:38:14      15    0,00    0,00    0,00    0,00    0,00    0,00    0,00    0,00    0,00  100,00
20:38:14      16    0,00    0,00    0,00    0,00    0,00  100,00    0,00    0,00    0,00    0,00
20:38:14      17    0,00    0,00    0,00    0,00    0,00    0,00    0,00    0,00    0,00  100,00
20:38:14      18    1,98    0,00    0,00    0,00    0,00    0,00    0,00    0,00    0,00   98,02
20:38:14      19    0,00    0,00    0,00    0,00    0,00    0,00    0,00    0,00    0,00  100,00
20:38:14      20    0,00    0,00    0,00    0,00    0,00    0,00    0,00    0,00    0,00  100,00
20:38:14      21    0,00    0,00    0,99    0,00    0,00    0,00    0,00    0,00    0,00   99,01
20:38:14      22    0,00    0,00    0,00    0,00    0,00    0,00    0,00    0,00    0,00  100,00
20:38:14      23    0,00    0,00    0,00    0,00    0,00    0,00    0,00    0,00    0,00  100,00

20:38:14     CPU    %usr   %nice    %sys %iowait    %irq   %soft  %steal  %guest  %gnice   %idle
20:38:15     all    1,54    0,00    0,79    0,00    0,00   12,52    0,00    0,00    0,00   85,14
20:38:15       0    0,00    0,00    0,00    0,00    0,00    0,00    0,00    0,00    0,00  100,00
20:38:15       1    3,00    0,00    1,00    0,00    0,00    0,00    0,00    0,00    0,00   96,00
20:38:15       2    0,00    0,00    0,00    0,00    0,00    0,00    0,00    0,00    0,00  100,00
20:38:15       3    0,00    0,00    0,00    0,00    0,00  100,00    0,00    0,00    0,00    0,00
20:38:15       4    0,00    0,00    0,00    0,00    0,00    0,00    0,00    0,00    0,00  100,00
20:38:15       5    0,00    0,00    0,00    0,00    0,00    0,00    0,00    0,00    0,00  100,00
20:38:15       6    6,00    0,00    1,00    0,00    0,00    0,00    0,00    0,00    0,00   93,00
20:38:15       7    0,00    0,00    0,00    0,00    0,00    0,00    0,00    0,00    0,00  100,00
20:38:15       8    1,00    0,00    0,00    0,00    0,00    0,00    0,00    0,00    0,00   99,00
20:38:15       9    0,00    0,00    1,00    0,00    0,00    0,00    0,00    0,00    0,00   99,00
20:38:15      10    1,00    0,00    0,00    0,00    0,00    0,00    0,00    0,00    0,00   99,00
20:38:15      11    0,00    0,00    0,00    0,00    0,00    0,00    0,00    0,00    0,00  100,00
20:38:15      12    3,00    0,00    2,00    0,00    0,00    0,00    0,00    0,00    0,00   95,00
20:38:15      13    5,05    0,00    0,00    0,00    0,00    0,00    0,00    0,00    0,00   94,95
20:38:15      14    0,00    0,00    0,00    0,00    0,00  100,00    0,00    0,00    0,00    0,00
20:38:15      15    0,00    0,00    0,00    0,00    0,00    0,00    0,00    0,00    0,00  100,00
20:38:15      16    0,00    0,00    0,00    0,00    0,00  100,00    0,00    0,00    0,00    0,00
20:38:15      17    3,00    0,00    1,00    0,00    0,00    0,00    0,00    0,00    0,00   96,00
20:38:15      18    1,00    0,00    2,00    0,00    0,00    0,00    0,00    0,00    0,00   97,00
20:38:15      19    2,00    0,00    1,00    0,00    0,00    0,00    0,00    0,00    0,00   97,00
20:38:15      20    1,98    0,00    1,98    0,00    0,00    0,00    0,00    0,00    0,00   96,04
20:38:15      21    3,00    0,00    1,00    0,00    0,00    0,00    0,00    0,00    0,00   96,00
20:38:15      22    6,06    0,00    4,04    0,00    0,00    0,00    0,00    0,00    0,00   89,90
20:38:15      23    1,01    0,00    3,03    0,00    0,00    0,00    0,00    0,00    0,00   95,96
