Linux 6.8.0-110-generic (testbed-node1) 	13/05/26 	_x86_64_	(24 CPU)

20:17:55     CPU    %usr   %nice    %sys %iowait    %irq   %soft  %steal  %guest  %gnice   %idle
20:17:56     all   54,44    0,00    0,13    0,00    0,00    0,00    0,00    0,00    0,00   45,43
20:17:56       0  100,00    0,00    0,00    0,00    0,00    0,00    0,00    0,00    0,00    0,00
20:17:56       1  100,00    0,00    0,00    0,00    0,00    0,00    0,00    0,00    0,00    0,00
20:17:56       2  100,00    0,00    0,00    0,00    0,00    0,00    0,00    0,00    0,00    0,00
20:17:56       3  100,00    0,00    0,00    0,00    0,00    0,00    0,00    0,00    0,00    0,00
20:17:56       4  100,00    0,00    0,00    0,00    0,00    0,00    0,00    0,00    0,00    0,00
20:17:56       5  100,00    0,00    0,00    0,00    0,00    0,00    0,00    0,00    0,00    0,00
20:17:56       6  100,00    0,00    0,00    0,00    0,00    0,00    0,00    0,00    0,00    0,00
20:17:56       7  100,00    0,00    0,00    0,00    0,00    0,00    0,00    0,00    0,00    0,00
20:17:56       8  100,00    0,00    0,00    0,00    0,00    0,00    0,00    0,00    0,00    0,00
20:17:56       9  100,00    0,00    0,00    0,00    0,00    0,00    0,00    0,00    0,00    0,00
20:17:56      10  100,00    0,00    0,00    0,00    0,00    0,00    0,00    0,00    0,00    0,00
20:17:56      11  100,00    0,00    0,00    0,00    0,00    0,00    0,00    0,00    0,00    0,00
20:17:56      12  100,00    0,00    0,00    0,00    0,00    0,00    0,00    0,00    0,00    0,00
20:17:56      13    0,00    0,00    0,00    0,00    0,00    0,00    0,00    0,00    0,00  100,00
20:17:56      14    1,01    0,00    0,00    0,00    0,00    0,00    0,00    0,00    0,00   98,99
20:17:56      15    0,00    0,00    0,00    0,00    0,00    0,00    0,00    0,00    0,00  100,00
20:17:56      16    1,01    0,00    0,00    0,00    0,00    0,00    0,00    0,00    0,00   98,99
20:17:56      17    0,99    0,00    0,99    0,00    0,00    0,00    0,00    0,00    0,00   98,02
20:17:56      18    1,01    0,00    0,00    0,00    0,00    0,00    0,00    0,00    0,00   98,99
20:17:56      19    0,00    0,00    1,00    0,00    0,00    0,00    0,00    0,00    0,00   99,00
20:17:56      20    0,00    0,00    0,00    0,00    0,00    0,00    0,00    0,00    0,00  100,00
20:17:56      21    0,00    0,00    0,00    0,00    0,00    0,00    0,00    0,00    0,00  100,00
20:17:56      22    0,99    0,00    0,00    0,00    0,00    0,00    0,00    0,00    0,00   99,01
20:17:56      23    0,00    0,00    1,00    0,00    0,00    0,00    0,00    0,00    0,00   99,00

20:17:56     CPU    %usr   %nice    %sys %iowait    %irq   %soft  %steal  %guest  %gnice   %idle
20:17:57     all   54,42    0,00    0,25    0,00    0,00    0,00    0,00    0,00    0,00   45,33
20:17:57       0  100,00    0,00    0,00    0,00    0,00    0,00    0,00    0,00    0,00    0,00
20:17:57       1  100,00    0,00    0,00    0,00    0,00    0,00    0,00    0,00    0,00    0,00
20:17:57       2  100,00    0,00    0,00    0,00    0,00    0,00    0,00    0,00    0,00    0,00
20:17:57       3  100,00    0,00    0,00    0,00    0,00    0,00    0,00    0,00    0,00    0,00
20:17:57       4  100,00    0,00    0,00    0,00    0,00    0,00    0,00    0,00    0,00    0,00
20:17:57       5  100,00    0,00    0,00    0,00    0,00    0,00    0,00    0,00    0,00    0,00
20:17:57       6  100,00    0,00    0,00    0,00    0,00    0,00    0,00    0,00    0,00    0,00
20:17:57       7  100,00    0,00    0,00    0,00    0,00    0,00    0,00    0,00    0,00    0,00
20:17:57       8  100,00    0,00    0,00    0,00    0,00    0,00    0,00    0,00    0,00    0,00
20:17:57       9  100,00    0,00    0,00    0,00    0,00    0,00    0,00    0,00    0,00    0,00
20:17:57      10  100,00    0,00    0,00    0,00    0,00    0,00    0,00    0,00    0,00    0,00
20:17:57      11  100,00    0,00    0,00    0,00    0,00    0,00    0,00    0,00    0,00    0,00
20:17:57      12  100,00    0,00    0,00    0,00    0,00    0,00    0,00    0,00    0,00    0,00
20:17:57      13    0,00    0,00    0,00    0,00    0,00    0,00    0,00    0,00    0,00  100,00
20:17:57      14    0,00    0,00    0,00    0,00    0,00    0,00    0,00    0,00    0,00  100,00
20:17:57      15    0,00    0,00    0,00    0,00    0,00    0,00    0,00    0,00    0,00  100,00
20:17:57      16    1,00    0,00    1,00    0,00    0,00    0,00    0,00    0,00    0,00   98,00
20:17:57      17    0,00    0,00    0,00    0,00    0,00    0,00    0,00    0,00    0,00  100,00
20:17:57      18    0,99    0,00    0,99    0,00    0,00    0,00    0,00    0,00    0,00   98,02
20:17:57      19    0,00    0,00    1,00    0,00    0,00    0,00    0,00    0,00    0,00   99,00
20:17:57      20    0,99    0,00    0,99    0,00    0,00    0,00    0,00    0,00    0,00   98,02
20:17:57      21    1,98    0,00    0,99    0,00    0,00    0,00    0,00    0,00    0,00   97,03
20:17:57      22    0,00    0,00    0,00    0,00    0,00    0,00    0,00    0,00    0,00  100,00
20:17:57      23    0,00    0,00    1,00    0,00    0,00    0,00    0,00    0,00    0,00   99,00

20:17:57     CPU    %usr   %nice    %sys %iowait    %irq   %soft  %steal  %guest  %gnice   %idle
20:17:58     all   55,59    0,00    0,71    0,17    0,00    0,00    0,00    0,00    0,00   43,54
20:17:58       0  100,00    0,00    0,00    0,00    0,00    0,00    0,00    0,00    0,00    0,00
20:17:58       1  100,00    0,00    0,00    0,00    0,00    0,00    0,00    0,00    0,00    0,00
20:17:58       2  100,00    0,00    0,00    0,00    0,00    0,00    0,00    0,00    0,00    0,00
20:17:58       3  100,00    0,00    0,00    0,00    0,00    0,00    0,00    0,00    0,00    0,00
20:17:58       4  100,00    0,00    0,00    0,00    0,00    0,00    0,00    0,00    0,00    0,00
20:17:58       5  100,00    0,00    0,00    0,00    0,00    0,00    0,00    0,00    0,00    0,00
20:17:58       6  100,00    0,00    0,00    0,00    0,00    0,00    0,00    0,00    0,00    0,00
20:17:58       7  100,00    0,00    0,00    0,00    0,00    0,00    0,00    0,00    0,00    0,00
20:17:58       8  100,00    0,00    0,00    0,00    0,00    0,00    0,00    0,00    0,00    0,00
20:17:58       9  100,00    0,00    0,00    0,00    0,00    0,00    0,00    0,00    0,00    0,00
20:17:58      10  100,00    0,00    0,00    0,00    0,00    0,00    0,00    0,00    0,00    0,00
20:17:58      11  100,00    0,00    0,00    0,00    0,00    0,00    0,00    0,00    0,00    0,00
20:17:58      12  100,00    0,00    0,00    0,00    0,00    0,00    0,00    0,00    0,00    0,00
20:17:58      13    0,00    0,00    0,00    0,00    0,00    0,00    0,00    0,00    0,00  100,00
20:17:58      14    4,95    0,00    2,97    1,98    0,00    0,00    0,00    0,00    0,00   90,10
20:17:58      15    2,97    0,00    0,00    0,00    0,00    0,00    0,00    0,00    0,00   97,03
20:17:58      16    4,00    0,00    1,00    1,00    0,00    0,00    0,00    0,00    0,00   94,00
20:17:58      17    4,00    0,00    2,00    0,00    0,00    0,00    0,00    0,00    0,00   94,00
20:17:58      18    4,04    0,00    1,01    0,00    0,00    0,00    0,00    0,00    0,00   94,95
20:17:58      19    3,00    0,00    1,00    1,00    0,00    0,00    0,00    0,00    0,00   95,00
20:17:58      20    7,07    0,00    4,04    0,00    0,00    0,00    0,00    0,00    0,00   88,89
20:17:58      21    0,00    0,00    1,02    0,00    0,00    0,00    0,00    0,00    0,00   98,98
20:17:58      22    1,98    0,00    2,97    0,00    0,00    0,00    0,00    0,00    0,00   95,05
20:17:58      23    1,01    0,00    1,01    0,00    0,00    0,00    0,00    0,00    0,00   97,98

20:17:58     CPU    %usr   %nice    %sys %iowait    %irq   %soft  %steal  %guest  %gnice   %idle
20:17:59     all   55,22    0,00    0,21    0,04    0,00    0,00    0,00    0,00    0,00   44,53
20:17:59       0  100,00    0,00    0,00    0,00    0,00    0,00    0,00    0,00    0,00    0,00
20:17:59       1  100,00    0,00    0,00    0,00    0,00    0,00    0,00    0,00    0,00    0,00
20:17:59       2  100,00    0,00    0,00    0,00    0,00    0,00    0,00    0,00    0,00    0,00
20:17:59       3  100,00    0,00    0,00    0,00    0,00    0,00    0,00    0,00    0,00    0,00
20:17:59       4  100,00    0,00    0,00    0,00    0,00    0,00    0,00    0,00    0,00    0,00
20:17:59       5  100,00    0,00    0,00    0,00    0,00    0,00    0,00    0,00    0,00    0,00
20:17:59       6  100,00    0,00    0,00    0,00    0,00    0,00    0,00    0,00    0,00    0,00
20:17:59       7  100,00    0,00    0,00    0,00    0,00    0,00    0,00    0,00    0,00    0,00
20:17:59       8  100,00    0,00    0,00    0,00    0,00    0,00    0,00    0,00    0,00    0,00
20:17:59       9  100,00    0,00    0,00    0,00    0,00    0,00    0,00    0,00    0,00    0,00
20:17:59      10  100,00    0,00    0,00    0,00    0,00    0,00    0,00    0,00    0,00    0,00
20:17:59      11  100,00    0,00    0,00    0,00    0,00    0,00    0,00    0,00    0,00    0,00
20:17:59      12  100,00    0,00    0,00    0,00    0,00    0,00    0,00    0,00    0,00    0,00
20:17:59      13    0,00    0,00    0,00    0,00    0,00    0,00    0,00    0,00    0,00  100,00
20:17:59      14    4,04    0,00    0,00    0,00    0,00    0,00    0,00    0,00    0,00   95,96
20:17:59      15    0,00    0,00    0,00    0,00    0,00    0,00    0,00    0,00    0,00  100,00
20:17:59      16    5,94    0,00    0,99    0,00    0,00    0,00    0,00    0,00    0,00   93,07
20:17:59      17    4,04    0,00    0,00    0,00    0,00    0,00    0,00    0,00    0,00   95,96
20:17:59      18    4,04    0,00    0,00    0,00    0,00    0,00    0,00    0,00    0,00   95,96
20:17:59      19    4,95    0,00    0,00    0,00    0,00    0,00    0,00    0,00    0,00   95,05
20:17:59      20    0,98    0,00    0,98    0,00    0,00    0,00    0,00    0,00    0,00   98,04
20:17:59      21    0,99    0,00    0,99    0,99    0,00    0,00    0,00    0,00    0,00   97,03
20:17:59      22    1,00    0,00    1,00    0,00    0,00    0,00    0,00    0,00    0,00   98,00
20:17:59      23    0,98    0,00    0,98    0,00    0,00    0,00    0,00    0,00    0,00   98,04

20:17:59     CPU    %usr   %nice    %sys %iowait    %irq   %soft  %steal  %guest  %gnice   %idle
20:18:00     all   54,30    0,00    0,08    0,00    0,00    0,00    0,00    0,00    0,00   45,62
20:18:00       0  100,00    0,00    0,00    0,00    0,00    0,00    0,00    0,00    0,00    0,00
20:18:00       1  100,00    0,00    0,00    0,00    0,00    0,00    0,00    0,00    0,00    0,00
20:18:00       2  100,00    0,00    0,00    0,00    0,00    0,00    0,00    0,00    0,00    0,00
20:18:00       3  100,00    0,00    0,00    0,00    0,00    0,00    0,00    0,00    0,00    0,00
20:18:00       4  100,00    0,00    0,00    0,00    0,00    0,00    0,00    0,00    0,00    0,00
20:18:00       5  100,00    0,00    0,00    0,00    0,00    0,00    0,00    0,00    0,00    0,00
20:18:00       6  100,00    0,00    0,00    0,00    0,00    0,00    0,00    0,00    0,00    0,00
20:18:00       7  100,00    0,00    0,00    0,00    0,00    0,00    0,00    0,00    0,00    0,00
20:18:00       8  100,00    0,00    0,00    0,00    0,00    0,00    0,00    0,00    0,00    0,00
20:18:00       9  100,00    0,00    0,00    0,00    0,00    0,00    0,00    0,00    0,00    0,00
20:18:00      10  100,00    0,00    0,00    0,00    0,00    0,00    0,00    0,00    0,00    0,00
20:18:00      11  100,00    0,00    0,00    0,00    0,00    0,00    0,00    0,00    0,00    0,00
20:18:00      12  100,00    0,00    0,00    0,00    0,00    0,00    0,00    0,00    0,00    0,00
20:18:00      13    0,00    0,00    0,00    0,00    0,00    0,00    0,00    0,00    0,00  100,00
20:18:00      14    0,00    0,00    0,00    0,00    0,00    0,00    0,00    0,00    0,00  100,00
20:18:00      15    0,00    0,00    0,00    0,00    0,00    0,00    0,00    0,00    0,00  100,00
20:18:00      16    0,00    0,00    0,00    0,00    0,00    0,00    0,00    0,00    0,00  100,00
20:18:00      17    0,00    0,00    0,00    0,00    0,00    0,00    0,00    0,00    0,00  100,00
20:18:00      18    0,00    0,00    0,00    0,00    0,00    0,00    0,00    0,00    0,00  100,00
20:18:00      19    0,00    0,00    0,00    0,00    0,00    0,00    0,00    0,00    0,00  100,00
20:18:00      20    0,00    0,00    0,00    0,00    0,00    0,00    0,00    0,00    0,00  100,00
20:18:00      21    0,00    0,00    1,00    0,00    0,00    0,00    0,00    0,00    0,00   99,00
20:18:00      22    0,99    0,00    0,99    0,00    0,00    0,00    0,00    0,00    0,00   98,02
20:18:00      23    0,00    0,00    0,00    0,00    0,00    0,00    0,00    0,00    0,00  100,00

20:18:00     CPU    %usr   %nice    %sys %iowait    %irq   %soft  %steal  %guest  %gnice   %idle
20:18:01     all   54,28    0,00    0,04    0,00    0,00    0,00    0,00    0,00    0,00   45,68
20:18:01       0  100,00    0,00    0,00    0,00    0,00    0,00    0,00    0,00    0,00    0,00
20:18:01       1  100,00    0,00    0,00    0,00    0,00    0,00    0,00    0,00    0,00    0,00
20:18:01       2  100,00    0,00    0,00    0,00    0,00    0,00    0,00    0,00    0,00    0,00
20:18:01       3  100,00    0,00    0,00    0,00    0,00    0,00    0,00    0,00    0,00    0,00
20:18:01       4  100,00    0,00    0,00    0,00    0,00    0,00    0,00    0,00    0,00    0,00
20:18:01       5  100,00    0,00    0,00    0,00    0,00    0,00    0,00    0,00    0,00    0,00
20:18:01       6  100,00    0,00    0,00    0,00    0,00    0,00    0,00    0,00    0,00    0,00
20:18:01       7  100,00    0,00    0,00    0,00    0,00    0,00    0,00    0,00    0,00    0,00
20:18:01       8  100,00    0,00    0,00    0,00    0,00    0,00    0,00    0,00    0,00    0,00
20:18:01       9  100,00    0,00    0,00    0,00    0,00    0,00    0,00    0,00    0,00    0,00
20:18:01      10  100,00    0,00    0,00    0,00    0,00    0,00    0,00    0,00    0,00    0,00
20:18:01      11  100,00    0,00    0,00    0,00    0,00    0,00    0,00    0,00    0,00    0,00
20:18:01      12  100,00    0,00    0,00    0,00    0,00    0,00    0,00    0,00    0,00    0,00
20:18:01      13    0,00    0,00    0,00    0,00    0,00    0,00    0,00    0,00    0,00  100,00
20:18:01      14    0,00    0,00    0,00    0,00    0,00    0,00    0,00    0,00    0,00  100,00
20:18:01      15    0,00    0,00    0,00    0,00    0,00    0,00    0,00    0,00    0,00  100,00
20:18:01      16    0,00    0,00    0,00    0,00    0,00    0,00    0,00    0,00    0,00  100,00
20:18:01      17    0,00    0,00    1,00    0,00    0,00    0,00    0,00    0,00    0,00   99,00
20:18:01      18    0,00    0,00    0,00    0,00    0,00    0,00    0,00    0,00    0,00  100,00
20:18:01      19    0,00    0,00    0,00    0,00    0,00    0,00    0,00    0,00    0,00  100,00
20:18:01      20    0,00    0,00    0,00    0,00    0,00    0,00    0,00    0,00    0,00  100,00
20:18:01      21    0,00    0,00    0,00    0,00    0,00    0,00    0,00    0,00    0,00  100,00
20:18:01      22    0,00    0,00    0,00    0,00    0,00    0,00    0,00    0,00    0,00  100,00
20:18:01      23    1,00    0,00    0,00    0,00    0,00    0,00    0,00    0,00    0,00   99,00

20:18:01     CPU    %usr   %nice    %sys %iowait    %irq   %soft  %steal  %guest  %gnice   %idle
20:18:02     all   55,23    0,00    0,67    0,00    0,00    0,00    0,00    0,00    0,00   44,10
20:18:02       0  100,00    0,00    0,00    0,00    0,00    0,00    0,00    0,00    0,00    0,00
20:18:02       1  100,00    0,00    0,00    0,00    0,00    0,00    0,00    0,00    0,00    0,00
20:18:02       2  100,00    0,00    0,00    0,00    0,00    0,00    0,00    0,00    0,00    0,00
20:18:02       3  100,00    0,00    0,00    0,00    0,00    0,00    0,00    0,00    0,00    0,00
20:18:02       4  100,00    0,00    0,00    0,00    0,00    0,00    0,00    0,00    0,00    0,00
20:18:02       5  100,00    0,00    0,00    0,00    0,00    0,00    0,00    0,00    0,00    0,00
20:18:02       6  100,00    0,00    0,00    0,00    0,00    0,00    0,00    0,00    0,00    0,00
20:18:02       7  100,00    0,00    0,00    0,00    0,00    0,00    0,00    0,00    0,00    0,00
20:18:02       8  100,00    0,00    0,00    0,00    0,00    0,00    0,00    0,00    0,00    0,00
20:18:02       9  100,00    0,00    0,00    0,00    0,00    0,00    0,00    0,00    0,00    0,00
20:18:02      10  100,00    0,00    0,00    0,00    0,00    0,00    0,00    0,00    0,00    0,00
20:18:02      11  100,00    0,00    0,00    0,00    0,00    0,00    0,00    0,00    0,00    0,00
20:18:02      12  100,00    0,00    0,00    0,00    0,00    0,00    0,00    0,00    0,00    0,00
20:18:02      13    1,00    0,00    1,00    0,00    0,00    0,00    0,00    0,00    0,00   98,00
20:18:02      14    4,04    0,00    1,01    0,00    0,00    0,00    0,00    0,00    0,00   94,95
20:18:02      15    0,00    0,00    0,99    0,00    0,00    0,00    0,00    0,00    0,00   99,01
20:18:02      16    3,00    0,00    0,00    0,00    0,00    0,00    0,00    0,00    0,00   97,00
20:18:02      17    6,06    0,00    1,01    0,00    0,00    0,00    0,00    0,00    0,00   92,93
20:18:02      18    3,03    0,00    0,00    0,00    0,00    0,00    0,00    0,00    0,00   96,97
20:18:02      19    3,96    0,00    4,95    0,00    0,00    0,00    0,00    0,00    0,00   91,09
20:18:02      20    2,00    0,00    1,00    0,00    0,00    0,00    0,00    0,00    0,00   97,00
20:18:02      21    0,00    0,00    0,99    0,00    0,00    0,00    0,00    0,00    0,00   99,01
20:18:02      22    0,99    0,00    1,98    0,00    0,00    0,00    0,00    0,00    0,00   97,03
20:18:02      23    1,02    0,00    3,06    0,00    0,00    0,00    0,00    0,00    0,00   95,92

20:18:02     CPU    %usr   %nice    %sys %iowait    %irq   %soft  %steal  %guest  %gnice   %idle
20:18:03     all   54,75    0,00    0,21    0,12    0,00    0,00    0,00    0,00    0,00   44,92
20:18:03       0  100,00    0,00    0,00    0,00    0,00    0,00    0,00    0,00    0,00    0,00
20:18:03       1  100,00    0,00    0,00    0,00    0,00    0,00    0,00    0,00    0,00    0,00
20:18:03       2  100,00    0,00    0,00    0,00    0,00    0,00    0,00    0,00    0,00    0,00
20:18:03       3  100,00    0,00    0,00    0,00    0,00    0,00    0,00    0,00    0,00    0,00
20:18:03       4  100,00    0,00    0,00    0,00    0,00    0,00    0,00    0,00    0,00    0,00
20:18:03       5  100,00    0,00    0,00    0,00    0,00    0,00    0,00    0,00    0,00    0,00
20:18:03       6  100,00    0,00    0,00    0,00    0,00    0,00    0,00    0,00    0,00    0,00
20:18:03       7  100,00    0,00    0,00    0,00    0,00    0,00    0,00    0,00    0,00    0,00
20:18:03       8  100,00    0,00    0,00    0,00    0,00    0,00    0,00    0,00    0,00    0,00
20:18:03       9  100,00    0,00    0,00    0,00    0,00    0,00    0,00    0,00    0,00    0,00
20:18:03      10  100,00    0,00    0,00    0,00    0,00    0,00    0,00    0,00    0,00    0,00
20:18:03      11  100,00    0,00    0,00    0,00    0,00    0,00    0,00    0,00    0,00    0,00
20:18:03      12  100,00    0,00    0,00    0,00    0,00    0,00    0,00    0,00    0,00    0,00
20:18:03      13    0,00    0,00    0,00    1,00    0,00    0,00    0,00    0,00    0,00   99,00
20:18:03      14    0,99    0,00    0,99    0,00    0,00    0,00    0,00    0,00    0,00   98,02
20:18:03      15    0,00    0,00    0,00    0,00    0,00    0,00    0,00    0,00    0,00  100,00
20:18:03      16    1,01    0,00    0,00    0,00    0,00    0,00    0,00    0,00    0,00   98,99
20:18:03      17    2,97    0,00    0,99    0,00    0,00    0,00    0,00    0,00    0,00   96,04
20:18:03      18    3,96    0,00    0,99    0,00    0,00    0,00    0,00    0,00    0,00   95,05
20:18:03      19    1,01    0,00    0,00    0,00    0,00    0,00    0,00    0,00    0,00   98,99
20:18:03      20    2,00    0,00    1,00    0,00    0,00    0,00    0,00    0,00    0,00   97,00
20:18:03      21    1,00    0,00    1,00    0,00    0,00    0,00    0,00    0,00    0,00   98,00
20:18:03      22    0,00    0,00    0,00    0,00    0,00    0,00    0,00    0,00    0,00  100,00
20:18:03      23    0,99    0,00    0,00    1,98    0,00    0,00    0,00    0,00    0,00   97,03

20:18:03     CPU    %usr   %nice    %sys %iowait    %irq   %soft  %steal  %guest  %gnice   %idle
20:18:04     all   55,27    0,00    1,21    0,00    0,00    0,00    0,00    0,00    0,00   43,52
20:18:04       0  100,00    0,00    0,00    0,00    0,00    0,00    0,00    0,00    0,00    0,00
20:18:04       1  100,00    0,00    0,00    0,00    0,00    0,00    0,00    0,00    0,00    0,00
20:18:04       2  100,00    0,00    0,00    0,00    0,00    0,00    0,00    0,00    0,00    0,00
20:18:04       3  100,00    0,00    0,00    0,00    0,00    0,00    0,00    0,00    0,00    0,00
20:18:04       4  100,00    0,00    0,00    0,00    0,00    0,00    0,00    0,00    0,00    0,00
20:18:04       5  100,00    0,00    0,00    0,00    0,00    0,00    0,00    0,00    0,00    0,00
20:18:04       6  100,00    0,00    0,00    0,00    0,00    0,00    0,00    0,00    0,00    0,00
20:18:04       7  100,00    0,00    0,00    0,00    0,00    0,00    0,00    0,00    0,00    0,00
20:18:04       8  100,00    0,00    0,00    0,00    0,00    0,00    0,00    0,00    0,00    0,00
20:18:04       9  100,00    0,00    0,00    0,00    0,00    0,00    0,00    0,00    0,00    0,00
20:18:04      10  100,00    0,00    0,00    0,00    0,00    0,00    0,00    0,00    0,00    0,00
20:18:04      11  100,00    0,00    0,00    0,00    0,00    0,00    0,00    0,00    0,00    0,00
20:18:04      12  100,00    0,00    0,00    0,00    0,00    0,00    0,00    0,00    0,00    0,00
20:18:04      13    0,00    0,00    0,00    0,00    0,00    0,00    0,00    0,00    0,00  100,00
20:18:04      14    0,00    0,00    0,00    0,00    0,00    0,00    0,00    0,00    0,00  100,00
20:18:04      15    0,00    0,00    0,00    0,00    0,00    0,00    0,00    0,00    0,00  100,00
20:18:04      16    2,97    0,00    1,98    0,00    0,00    0,00    0,00    0,00    0,00   95,05
20:18:04      17    0,00    0,00    0,00    0,00    0,00    0,00    0,00    0,00    0,00  100,00
20:18:04      18    0,00    0,00    1,00    0,00    0,00    0,00    0,00    0,00    0,00   99,00
20:18:04      19    0,99    0,00    1,98    0,00    0,00    0,00    0,00    0,00    0,00   97,03
20:18:04      20    1,00    0,00    0,00    0,00    0,00    0,00    0,00    0,00    0,00   99,00
20:18:04      21   18,00    0,00   22,00    0,00    0,00    0,00    0,00    0,00    0,00   60,00
20:18:04      22    2,00    0,00    1,00    0,00    0,00    0,00    0,00    0,00    0,00   97,00
20:18:04      23    0,00    0,00    1,00    0,00    0,00    0,00    0,00    0,00    0,00   99,00

20:18:04     CPU    %usr   %nice    %sys %iowait    %irq   %soft  %steal  %guest  %gnice   %idle
20:18:05     all   55,17    0,00    0,79    0,00    0,00    0,00    0,00    0,00    0,00   44,04
20:18:05       0  100,00    0,00    0,00    0,00    0,00    0,00    0,00    0,00    0,00    0,00
20:18:05       1  100,00    0,00    0,00    0,00    0,00    0,00    0,00    0,00    0,00    0,00
20:18:05       2  100,00    0,00    0,00    0,00    0,00    0,00    0,00    0,00    0,00    0,00
20:18:05       3  100,00    0,00    0,00    0,00    0,00    0,00    0,00    0,00    0,00    0,00
20:18:05       4  100,00    0,00    0,00    0,00    0,00    0,00    0,00    0,00    0,00    0,00
20:18:05       5  100,00    0,00    0,00    0,00    0,00    0,00    0,00    0,00    0,00    0,00
20:18:05       6  100,00    0,00    0,00    0,00    0,00    0,00    0,00    0,00    0,00    0,00
20:18:05       7  100,00    0,00    0,00    0,00    0,00    0,00    0,00    0,00    0,00    0,00
20:18:05       8  100,00    0,00    0,00    0,00    0,00    0,00    0,00    0,00    0,00    0,00
20:18:05       9  100,00    0,00    0,00    0,00    0,00    0,00    0,00    0,00    0,00    0,00
20:18:05      10  100,00    0,00    0,00    0,00    0,00    0,00    0,00    0,00    0,00    0,00
20:18:05      11  100,00    0,00    0,00    0,00    0,00    0,00    0,00    0,00    0,00    0,00
20:18:05      12  100,00    0,00    0,00    0,00    0,00    0,00    0,00    0,00    0,00    0,00
20:18:05      13    0,00    0,00    0,00    0,00    0,00    0,00    0,00    0,00    0,00  100,00
20:18:05      14    9,90    0,00    0,00    0,00    0,00    0,00    0,00    0,00    0,00   90,10
20:18:05      15    0,99    0,00    0,00    0,00    0,00    0,00    0,00    0,00    0,00   99,01
20:18:05      16    0,00    0,00    0,00    0,00    0,00    0,00    0,00    0,00    0,00  100,00
20:18:05      17    2,97    0,00    0,99    0,00    0,00    0,00    0,00    0,00    0,00   96,04
20:18:05      18    0,00    0,00    1,00    0,00    0,00    0,00    0,00    0,00    0,00   99,00
20:18:05      19    0,00    0,00    0,00    0,00    0,00    0,00    0,00    0,00    0,00  100,00
20:18:05      20    0,00    0,00    1,00    0,00    0,00    0,00    0,00    0,00    0,00   99,00
20:18:05      21   10,00    0,00   15,00    0,00    0,00    0,00    0,00    0,00    0,00   75,00
20:18:05      22    0,00    0,00    1,00    0,00    0,00    0,00    0,00    0,00    0,00   99,00
20:18:05      23    0,00    0,00    0,00    0,00    0,00    0,00    0,00    0,00    0,00  100,00

20:18:05     CPU    %usr   %nice    %sys %iowait    %irq   %soft  %steal  %guest  %gnice   %idle
20:18:06     all   55,64    0,00    0,58    0,00    0,00    0,00    0,00    0,00    0,00   43,78
20:18:06       0  100,00    0,00    0,00    0,00    0,00    0,00    0,00    0,00    0,00    0,00
20:18:06       1  100,00    0,00    0,00    0,00    0,00    0,00    0,00    0,00    0,00    0,00
20:18:06       2  100,00    0,00    0,00    0,00    0,00    0,00    0,00    0,00    0,00    0,00
20:18:06       3  100,00    0,00    0,00    0,00    0,00    0,00    0,00    0,00    0,00    0,00
20:18:06       4  100,00    0,00    0,00    0,00    0,00    0,00    0,00    0,00    0,00    0,00
20:18:06       5  100,00    0,00    0,00    0,00    0,00    0,00    0,00    0,00    0,00    0,00
20:18:06       6  100,00    0,00    0,00    0,00    0,00    0,00    0,00    0,00    0,00    0,00
20:18:06       7  100,00    0,00    0,00    0,00    0,00    0,00    0,00    0,00    0,00    0,00
20:18:06       8  100,00    0,00    0,00    0,00    0,00    0,00    0,00    0,00    0,00    0,00
20:18:06       9  100,00    0,00    0,00    0,00    0,00    0,00    0,00    0,00    0,00    0,00
20:18:06      10  100,00    0,00    0,00    0,00    0,00    0,00    0,00    0,00    0,00    0,00
20:18:06      11  100,00    0,00    0,00    0,00    0,00    0,00    0,00    0,00    0,00    0,00
20:18:06      12  100,00    0,00    0,00    0,00    0,00    0,00    0,00    0,00    0,00    0,00
20:18:06      13    0,00    0,00    1,00    0,00    0,00    0,00    0,00    0,00    0,00   99,00
20:18:06      14    0,00    0,00    0,00    0,00    0,00    0,00    0,00    0,00    0,00  100,00
20:18:06      15    0,00    0,00    0,00    0,00    0,00    0,00    0,00    0,00    0,00  100,00
20:18:06      16    7,00    0,00    6,00    0,00    0,00    0,00    0,00    0,00    0,00   87,00
20:18:06      17    7,07    0,00    1,01    0,00    0,00    0,00    0,00    0,00    0,00   91,92
20:18:06      18    8,08    0,00    2,02    0,00    0,00    0,00    0,00    0,00    0,00   89,90
20:18:06      19    4,04    0,00    0,00    0,00    0,00    0,00    0,00    0,00    0,00   95,96
20:18:06      20    3,00    0,00    1,00    0,00    0,00    0,00    0,00    0,00    0,00   96,00
20:18:06      21    2,02    0,00    1,01    0,00    0,00    0,00    0,00    0,00    0,00   96,97
20:18:06      22    1,00    0,00    1,00    0,00    0,00    0,00    0,00    0,00    0,00   98,00
20:18:06      23    0,00    0,00    1,01    0,00    0,00    0,00    0,00    0,00    0,00   98,99

20:18:06     CPU    %usr   %nice    %sys %iowait    %irq   %soft  %steal  %guest  %gnice   %idle
20:18:07     all   54,33    0,00    0,04    0,00    0,00    0,00    0,00    0,00    0,00   45,62
20:18:07       0  100,00    0,00    0,00    0,00    0,00    0,00    0,00    0,00    0,00    0,00
20:18:07       1  100,00    0,00    0,00    0,00    0,00    0,00    0,00    0,00    0,00    0,00
20:18:07       2  100,00    0,00    0,00    0,00    0,00    0,00    0,00    0,00    0,00    0,00
20:18:07       3  100,00    0,00    0,00    0,00    0,00    0,00    0,00    0,00    0,00    0,00
20:18:07       4  100,00    0,00    0,00    0,00    0,00    0,00    0,00    0,00    0,00    0,00
20:18:07       5  100,00    0,00    0,00    0,00    0,00    0,00    0,00    0,00    0,00    0,00
20:18:07       6  100,00    0,00    0,00    0,00    0,00    0,00    0,00    0,00    0,00    0,00
20:18:07       7  100,00    0,00    0,00    0,00    0,00    0,00    0,00    0,00    0,00    0,00
20:18:07       8  100,00    0,00    0,00    0,00    0,00    0,00    0,00    0,00    0,00    0,00
20:18:07       9  100,00    0,00    0,00    0,00    0,00    0,00    0,00    0,00    0,00    0,00
20:18:07      10  100,00    0,00    0,00    0,00    0,00    0,00    0,00    0,00    0,00    0,00
20:18:07      11  100,00    0,00    0,00    0,00    0,00    0,00    0,00    0,00    0,00    0,00
20:18:07      12  100,00    0,00    0,00    0,00    0,00    0,00    0,00    0,00    0,00    0,00
20:18:07      13    0,00    0,00    0,00    0,00    0,00    0,00    0,00    0,00    0,00  100,00
20:18:07      14    0,00    0,00    0,00    0,00    0,00    0,00    0,00    0,00    0,00  100,00
20:18:07      15    0,00    0,00    0,00    0,00    0,00    0,00    0,00    0,00    0,00  100,00
20:18:07      16    0,00    0,00    0,00    0,00    0,00    0,00    0,00    0,00    0,00  100,00
20:18:07      17    0,00    0,00    0,00    0,00    0,00    0,00    0,00    0,00    0,00  100,00
20:18:07      18    0,99    0,00    0,99    0,00    0,00    0,00    0,00    0,00    0,00   98,02
20:18:07      19    0,99    0,00    0,00    0,00    0,00    0,00    0,00    0,00    0,00   99,01
20:18:07      20    1,00    0,00    0,00    0,00    0,00    0,00    0,00    0,00    0,00   99,00
20:18:07      21    0,00    0,00    0,00    0,00    0,00    0,00    0,00    0,00    0,00  100,00
20:18:07      22    0,00    0,00    0,00    0,00    0,00    0,00    0,00    0,00    0,00  100,00
20:18:07      23    0,99    0,00    0,00    0,00    0,00    0,00    0,00    0,00    0,00   99,01

20:18:07     CPU    %usr   %nice    %sys %iowait    %irq   %soft  %steal  %guest  %gnice   %idle
20:18:08     all   55,51    0,00    0,42    0,08    0,00    0,00    0,00    0,00    0,00   43,98
20:18:08       0  100,00    0,00    0,00    0,00    0,00    0,00    0,00    0,00    0,00    0,00
20:18:08       1  100,00    0,00    0,00    0,00    0,00    0,00    0,00    0,00    0,00    0,00
20:18:08       2  100,00    0,00    0,00    0,00    0,00    0,00    0,00    0,00    0,00    0,00
20:18:08       3  100,00    0,00    0,00    0,00    0,00    0,00    0,00    0,00    0,00    0,00
20:18:08       4  100,00    0,00    0,00    0,00    0,00    0,00    0,00    0,00    0,00    0,00
20:18:08       5  100,00    0,00    0,00    0,00    0,00    0,00    0,00    0,00    0,00    0,00
20:18:08       6  100,00    0,00    0,00    0,00    0,00    0,00    0,00    0,00    0,00    0,00
20:18:08       7  100,00    0,00    0,00    0,00    0,00    0,00    0,00    0,00    0,00    0,00
20:18:08       8  100,00    0,00    0,00    0,00    0,00    0,00    0,00    0,00    0,00    0,00
20:18:08       9  100,00    0,00    0,00    0,00    0,00    0,00    0,00    0,00    0,00    0,00
20:18:08      10  100,00    0,00    0,00    0,00    0,00    0,00    0,00    0,00    0,00    0,00
20:18:08      11  100,00    0,00    0,00    0,00    0,00    0,00    0,00    0,00    0,00    0,00
20:18:08      12  100,00    0,00    0,00    0,00    0,00    0,00    0,00    0,00    0,00    0,00
20:18:08      13    0,00    0,00    0,00    0,00    0,00    0,00    0,00    0,00    0,00  100,00
20:18:08      14    0,00    0,00    1,00    0,00    0,00    0,00    0,00    0,00    0,00   99,00
20:18:08      15    0,00    0,00    0,00    0,00    0,00    0,00    0,00    0,00    0,00  100,00
20:18:08      16    0,00    0,00    2,00    0,00    0,00    0,00    0,00    0,00    0,00   98,00
20:18:08      17    1,01    0,00    0,00    0,00    0,00    0,00    0,00    0,00    0,00   98,99
20:18:08      18    0,00    0,00    1,01    0,00    0,00    0,00    0,00    0,00    0,00   98,99
20:18:08      19    1,00    0,00    1,00    0,00    0,00    0,00    0,00    0,00    0,00   98,00
20:18:08      20    1,00    0,00    1,00    0,00    0,00    0,00    0,00    0,00    0,00   98,00
20:18:08      21    0,00    0,00    1,01    0,00    0,00    0,00    0,00    0,00    0,00   98,99
20:18:08      22    1,01    0,00    1,01    1,01    0,00    0,00    0,00    0,00    0,00   96,97
20:18:08      23   25,25    0,00    2,02    1,01    0,00    0,00    0,00    0,00    0,00   71,72
