Linux 6.8.0-111-generic (testbed-node4) 	13/05/26 	_x86_64_	(24 CPU)

20:21:27     CPU    %usr   %nice    %sys %iowait    %irq   %soft  %steal  %guest  %gnice   %idle
20:21:28     all   29,28    0,00    0,12    0,00    0,00    0,00    0,00    0,00    0,00   70,60
20:21:28       0  100,00    0,00    0,00    0,00    0,00    0,00    0,00    0,00    0,00    0,00
20:21:28       1  100,00    0,00    0,00    0,00    0,00    0,00    0,00    0,00    0,00    0,00
20:21:28       2  100,00    0,00    0,00    0,00    0,00    0,00    0,00    0,00    0,00    0,00
20:21:28       3  100,00    0,00    0,00    0,00    0,00    0,00    0,00    0,00    0,00    0,00
20:21:28       4  100,00    0,00    0,00    0,00    0,00    0,00    0,00    0,00    0,00    0,00
20:21:28       5  100,00    0,00    0,00    0,00    0,00    0,00    0,00    0,00    0,00    0,00
20:21:28       6  100,00    0,00    0,00    0,00    0,00    0,00    0,00    0,00    0,00    0,00
20:21:28       7    0,00    0,00    0,00    0,00    0,00    0,00    0,00    0,00    0,00  100,00
20:21:28       8    0,00    0,00    0,00    0,00    0,00    0,00    0,00    0,00    0,00  100,00
20:21:28       9    0,00    0,00    0,00    0,00    0,00    0,00    0,00    0,00    0,00  100,00
20:21:28      10    0,00    0,00    0,00    0,00    0,00    0,00    0,00    0,00    0,00  100,00
20:21:28      11    0,00    0,00    0,00    0,00    0,00    0,00    0,00    0,00    0,00  100,00
20:21:28      12    0,00    0,00    0,00    0,00    0,00    0,00    0,00    0,00    0,00  100,00
20:21:28      13    0,00    0,00    0,00    0,00    0,00    0,00    0,00    0,00    0,00  100,00
20:21:28      14    0,00    0,00    0,00    0,00    0,00    0,00    0,00    0,00    0,00  100,00
20:21:28      15    0,00    0,00    0,00    0,00    0,00    0,00    0,00    0,00    0,00  100,00
20:21:28      16    1,01    0,00    0,00    0,00    0,00    0,00    0,00    0,00    0,00   98,99
20:21:28      17    0,00    0,00    0,99    0,00    0,00    0,00    0,00    0,00    0,00   99,01
20:21:28      18    0,00    0,00    0,99    0,00    0,00    0,00    0,00    0,00    0,00   99,01
20:21:28      19    0,00    0,00    0,00    0,00    0,00    0,00    0,00    0,00    0,00  100,00
20:21:28      20    0,00    0,00    0,00    0,00    0,00    0,00    0,00    0,00    0,00  100,00
20:21:28      21    1,00    0,00    0,00    0,00    0,00    0,00    0,00    0,00    0,00   99,00
20:21:28      22    1,00    0,00    0,00    0,00    0,00    0,00    0,00    0,00    0,00   99,00
20:21:28      23    0,00    0,00    1,00    0,00    0,00    0,00    0,00    0,00    0,00   99,00

20:21:28     CPU    %usr   %nice    %sys %iowait    %irq   %soft  %steal  %guest  %gnice   %idle
20:21:29     all   29,15    0,00    0,08    0,00    0,00    0,00    0,00    0,00    0,00   70,76
20:21:29       0   99,00    0,00    1,00    0,00    0,00    0,00    0,00    0,00    0,00    0,00
20:21:29       1  100,00    0,00    0,00    0,00    0,00    0,00    0,00    0,00    0,00    0,00
20:21:29       2  100,00    0,00    0,00    0,00    0,00    0,00    0,00    0,00    0,00    0,00
20:21:29       3  100,00    0,00    0,00    0,00    0,00    0,00    0,00    0,00    0,00    0,00
20:21:29       4  100,00    0,00    0,00    0,00    0,00    0,00    0,00    0,00    0,00    0,00
20:21:29       5  100,00    0,00    0,00    0,00    0,00    0,00    0,00    0,00    0,00    0,00
20:21:29       6  100,00    0,00    0,00    0,00    0,00    0,00    0,00    0,00    0,00    0,00
20:21:29       7    0,00    0,00    0,00    0,00    0,00    0,00    0,00    0,00    0,00  100,00
20:21:29       8    0,00    0,00    0,00    0,00    0,00    0,00    0,00    0,00    0,00  100,00
20:21:29       9    0,00    0,00    0,00    0,00    0,00    0,00    0,00    0,00    0,00  100,00
20:21:29      10    0,00    0,00    0,00    0,00    0,00    0,00    0,00    0,00    0,00  100,00
20:21:29      11    0,00    0,00    0,00    0,00    0,00    0,00    0,00    0,00    0,00  100,00
20:21:29      12    0,00    0,00    0,00    0,00    0,00    0,00    0,00    0,00    0,00  100,00
20:21:29      13    0,00    0,00    0,00    0,00    0,00    0,00    0,00    0,00    0,00  100,00
20:21:29      14    0,00    0,00    0,00    0,00    0,00    0,00    0,00    0,00    0,00  100,00
20:21:29      15    0,00    0,00    0,00    0,00    0,00    0,00    0,00    0,00    0,00  100,00
20:21:29      16    0,00    0,00    0,00    0,00    0,00    0,00    0,00    0,00    0,00  100,00
20:21:29      17    0,00    0,00    0,00    0,00    0,00    0,00    0,00    0,00    0,00  100,00
20:21:29      18    0,99    0,00    0,00    0,00    0,00    0,00    0,00    0,00    0,00   99,01
20:21:29      19    0,00    0,00    0,00    0,00    0,00    0,00    0,00    0,00    0,00  100,00
20:21:29      20    0,00    0,00    0,99    0,00    0,00    0,00    0,00    0,00    0,00   99,01
20:21:29      21    0,00    0,00    0,00    0,00    0,00    0,00    0,00    0,00    0,00  100,00
20:21:29      22    0,00    0,00    0,00    0,00    0,00    0,00    0,00    0,00    0,00  100,00
20:21:29      23    0,00    0,00    0,00    0,00    0,00    0,00    0,00    0,00    0,00  100,00

20:21:29     CPU    %usr   %nice    %sys %iowait    %irq   %soft  %steal  %guest  %gnice   %idle
20:21:30     all   29,66    0,00    0,21    0,04    0,00    0,00    0,00    0,00    0,00   70,09
20:21:30       0  100,00    0,00    0,00    0,00    0,00    0,00    0,00    0,00    0,00    0,00
20:21:30       1  100,00    0,00    0,00    0,00    0,00    0,00    0,00    0,00    0,00    0,00
20:21:30       2  100,00    0,00    0,00    0,00    0,00    0,00    0,00    0,00    0,00    0,00
20:21:30       3  100,00    0,00    0,00    0,00    0,00    0,00    0,00    0,00    0,00    0,00
20:21:30       4  100,00    0,00    0,00    0,00    0,00    0,00    0,00    0,00    0,00    0,00
20:21:30       5  100,00    0,00    0,00    0,00    0,00    0,00    0,00    0,00    0,00    0,00
20:21:30       6  100,00    0,00    0,00    0,00    0,00    0,00    0,00    0,00    0,00    0,00
20:21:30       7    0,00    0,00    0,00    0,00    0,00    0,00    0,00    0,00    0,00  100,00
20:21:30       8    0,00    0,00    0,00    0,00    0,00    0,00    0,00    0,00    0,00  100,00
20:21:30       9    0,00    0,00    0,00    0,00    0,00    0,00    0,00    0,00    0,00  100,00
20:21:30      10    0,00    0,00    0,00    0,00    0,00    0,00    0,00    0,00    0,00  100,00
20:21:30      11    0,00    0,00    0,00    0,00    0,00    0,00    0,00    0,00    0,00  100,00
20:21:30      12    0,00    0,00    0,00    0,00    0,00    0,00    0,00    0,00    0,00  100,00
20:21:30      13    0,00    0,00    0,00    1,01    0,00    0,00    0,00    0,00    0,00   98,99
20:21:30      14    0,00    0,00    0,00    0,00    0,00    0,00    0,00    0,00    0,00  100,00
20:21:30      15    0,00    0,00    0,00    0,00    0,00    0,00    0,00    0,00    0,00  100,00
20:21:30      16    0,00    0,00    1,00    0,00    0,00    0,00    0,00    0,00    0,00   99,00
20:21:30      17    0,00    0,00    0,00    0,00    0,00    0,00    0,00    0,00    0,00  100,00
20:21:30      18    9,09    0,00    1,01    0,00    0,00    0,00    0,00    0,00    0,00   89,90
20:21:30      19    0,99    0,00    0,99    0,00    0,00    0,00    0,00    0,00    0,00   98,02
20:21:30      20    0,00    0,00    0,00    0,00    0,00    0,00    0,00    0,00    0,00  100,00
20:21:30      21    0,00    0,00    1,00    0,00    0,00    0,00    0,00    0,00    0,00   99,00
20:21:30      22    0,00    0,00    1,00    0,00    0,00    0,00    0,00    0,00    0,00   99,00
20:21:30      23    0,00    0,00    0,00    0,00    0,00    0,00    0,00    0,00    0,00  100,00

20:21:30     CPU    %usr   %nice    %sys %iowait    %irq   %soft  %steal  %guest  %gnice   %idle
20:21:31     all   29,15    0,00    0,04    0,00    0,00    0,00    0,00    0,00    0,00   70,80
20:21:31       0  100,00    0,00    0,00    0,00    0,00    0,00    0,00    0,00    0,00    0,00
20:21:31       1  100,00    0,00    0,00    0,00    0,00    0,00    0,00    0,00    0,00    0,00
20:21:31       2  100,00    0,00    0,00    0,00    0,00    0,00    0,00    0,00    0,00    0,00
20:21:31       3  100,00    0,00    0,00    0,00    0,00    0,00    0,00    0,00    0,00    0,00
20:21:31       4  100,00    0,00    0,00    0,00    0,00    0,00    0,00    0,00    0,00    0,00
20:21:31       5  100,00    0,00    0,00    0,00    0,00    0,00    0,00    0,00    0,00    0,00
20:21:31       6  100,00    0,00    0,00    0,00    0,00    0,00    0,00    0,00    0,00    0,00
20:21:31       7    0,00    0,00    0,00    0,00    0,00    0,00    0,00    0,00    0,00  100,00
20:21:31       8    0,00    0,00    0,00    0,00    0,00    0,00    0,00    0,00    0,00  100,00
20:21:31       9    0,00    0,00    0,00    0,00    0,00    0,00    0,00    0,00    0,00  100,00
20:21:31      10    0,00    0,00    0,00    0,00    0,00    0,00    0,00    0,00    0,00  100,00
20:21:31      11    0,00    0,00    0,00    0,00    0,00    0,00    0,00    0,00    0,00  100,00
20:21:31      12    0,00    0,00    0,99    0,00    0,00    0,00    0,00    0,00    0,00   99,01
20:21:31      13    0,00    0,00    0,00    0,00    0,00    0,00    0,00    0,00    0,00  100,00
20:21:31      14    0,00    0,00    0,00    0,00    0,00    0,00    0,00    0,00    0,00  100,00
20:21:31      15    0,00    0,00    0,00    0,00    0,00    0,00    0,00    0,00    0,00  100,00
20:21:31      16    0,00    0,00    0,00    0,00    0,00    0,00    0,00    0,00    0,00  100,00
20:21:31      17    0,00    0,00    0,00    0,00    0,00    0,00    0,00    0,00    0,00  100,00
20:21:31      18    0,00    0,00    0,00    0,00    0,00    0,00    0,00    0,00    0,00  100,00
20:21:31      19    0,00    0,00    0,00    0,00    0,00    0,00    0,00    0,00    0,00  100,00
20:21:31      20    0,00    0,00    0,00    0,00    0,00    0,00    0,00    0,00    0,00  100,00
20:21:31      21    0,00    0,00    0,00    0,00    0,00    0,00    0,00    0,00    0,00  100,00
20:21:31      22    0,00    0,00    0,00    0,00    0,00    0,00    0,00    0,00    0,00  100,00
20:21:31      23    0,00    0,00    0,00    0,00    0,00    0,00    0,00    0,00    0,00  100,00

20:21:31     CPU    %usr   %nice    %sys %iowait    %irq   %soft  %steal  %guest  %gnice   %idle
20:21:32     all   29,17    0,00    0,00    0,00    0,00    0,00    0,00    0,00    0,00   70,83
20:21:32       0  100,00    0,00    0,00    0,00    0,00    0,00    0,00    0,00    0,00    0,00
20:21:32       1  100,00    0,00    0,00    0,00    0,00    0,00    0,00    0,00    0,00    0,00
20:21:32       2  100,00    0,00    0,00    0,00    0,00    0,00    0,00    0,00    0,00    0,00
20:21:32       3  100,00    0,00    0,00    0,00    0,00    0,00    0,00    0,00    0,00    0,00
20:21:32       4  100,00    0,00    0,00    0,00    0,00    0,00    0,00    0,00    0,00    0,00
20:21:32       5  100,00    0,00    0,00    0,00    0,00    0,00    0,00    0,00    0,00    0,00
20:21:32       6  100,00    0,00    0,00    0,00    0,00    0,00    0,00    0,00    0,00    0,00
20:21:32       7    0,00    0,00    0,00    0,00    0,00    0,00    0,00    0,00    0,00  100,00
20:21:32       8    0,00    0,00    0,00    0,00    0,00    0,00    0,00    0,00    0,00  100,00
20:21:32       9    0,00    0,00    0,00    0,00    0,00    0,00    0,00    0,00    0,00  100,00
20:21:32      10    0,00    0,00    0,00    0,00    0,00    0,00    0,00    0,00    0,00  100,00
20:21:32      11    0,00    0,00    0,00    0,00    0,00    0,00    0,00    0,00    0,00  100,00
20:21:32      12    0,00    0,00    0,00    0,00    0,00    0,00    0,00    0,00    0,00  100,00
20:21:32      13    0,00    0,00    0,00    0,00    0,00    0,00    0,00    0,00    0,00  100,00
20:21:32      14    0,00    0,00    0,00    0,00    0,00    0,00    0,00    0,00    0,00  100,00
20:21:32      15    0,00    0,00    0,00    0,00    0,00    0,00    0,00    0,00    0,00  100,00
20:21:32      16    0,00    0,00    0,00    0,00    0,00    0,00    0,00    0,00    0,00  100,00
20:21:32      17    0,00    0,00    0,00    0,00    0,00    0,00    0,00    0,00    0,00  100,00
20:21:32      18    0,00    0,00    0,00    0,00    0,00    0,00    0,00    0,00    0,00  100,00
20:21:32      19    0,00    0,00    0,00    0,00    0,00    0,00    0,00    0,00    0,00  100,00
20:21:32      20    0,00    0,00    0,00    0,00    0,00    0,00    0,00    0,00    0,00  100,00
20:21:32      21    0,00    0,00    0,00    0,00    0,00    0,00    0,00    0,00    0,00  100,00
20:21:32      22    0,00    0,00    0,00    0,00    0,00    0,00    0,00    0,00    0,00  100,00
20:21:32      23    0,00    0,00    0,00    0,00    0,00    0,00    0,00    0,00    0,00  100,00

20:21:32     CPU    %usr   %nice    %sys %iowait    %irq   %soft  %steal  %guest  %gnice   %idle
20:21:33     all   29,15    0,00    0,00    0,00    0,00    0,00    0,00    0,00    0,00   70,85
20:21:33       0  100,00    0,00    0,00    0,00    0,00    0,00    0,00    0,00    0,00    0,00
20:21:33       1  100,00    0,00    0,00    0,00    0,00    0,00    0,00    0,00    0,00    0,00
20:21:33       2  100,00    0,00    0,00    0,00    0,00    0,00    0,00    0,00    0,00    0,00
20:21:33       3  100,00    0,00    0,00    0,00    0,00    0,00    0,00    0,00    0,00    0,00
20:21:33       4  100,00    0,00    0,00    0,00    0,00    0,00    0,00    0,00    0,00    0,00
20:21:33       5  100,00    0,00    0,00    0,00    0,00    0,00    0,00    0,00    0,00    0,00
20:21:33       6  100,00    0,00    0,00    0,00    0,00    0,00    0,00    0,00    0,00    0,00
20:21:33       7    0,00    0,00    0,00    0,00    0,00    0,00    0,00    0,00    0,00  100,00
20:21:33       8    0,00    0,00    0,00    0,00    0,00    0,00    0,00    0,00    0,00  100,00
20:21:33       9    0,00    0,00    0,00    0,00    0,00    0,00    0,00    0,00    0,00  100,00
20:21:33      10    0,00    0,00    0,00    0,00    0,00    0,00    0,00    0,00    0,00  100,00
20:21:33      11    0,00    0,00    0,00    0,00    0,00    0,00    0,00    0,00    0,00  100,00
20:21:33      12    0,00    0,00    0,00    0,00    0,00    0,00    0,00    0,00    0,00  100,00
20:21:33      13    0,00    0,00    0,00    0,00    0,00    0,00    0,00    0,00    0,00  100,00
20:21:33      14    0,00    0,00    0,00    0,00    0,00    0,00    0,00    0,00    0,00  100,00
20:21:33      15    0,00    0,00    0,00    0,00    0,00    0,00    0,00    0,00    0,00  100,00
20:21:33      16    0,00    0,00    0,00    0,00    0,00    0,00    0,00    0,00    0,00  100,00
20:21:33      17    0,00    0,00    0,00    0,00    0,00    0,00    0,00    0,00    0,00  100,00
20:21:33      18    0,00    0,00    0,00    0,00    0,00    0,00    0,00    0,00    0,00  100,00
20:21:33      19    0,00    0,00    0,00    0,00    0,00    0,00    0,00    0,00    0,00  100,00
20:21:33      20    0,00    0,00    0,00    0,00    0,00    0,00    0,00    0,00    0,00  100,00
20:21:33      21    0,00    0,00    0,00    0,00    0,00    0,00    0,00    0,00    0,00  100,00
20:21:33      22    0,00    0,00    0,00    0,00    0,00    0,00    0,00    0,00    0,00  100,00
20:21:33      23    0,00    0,00    0,00    0,00    0,00    0,00    0,00    0,00    0,00  100,00

20:21:33     CPU    %usr   %nice    %sys %iowait    %irq   %soft  %steal  %guest  %gnice   %idle
20:21:34     all   29,17    0,00    0,00    0,00    0,00    0,00    0,00    0,00    0,00   70,83
20:21:34       0  100,00    0,00    0,00    0,00    0,00    0,00    0,00    0,00    0,00    0,00
20:21:34       1  100,00    0,00    0,00    0,00    0,00    0,00    0,00    0,00    0,00    0,00
20:21:34       2  100,00    0,00    0,00    0,00    0,00    0,00    0,00    0,00    0,00    0,00
20:21:34       3  100,00    0,00    0,00    0,00    0,00    0,00    0,00    0,00    0,00    0,00
20:21:34       4  100,00    0,00    0,00    0,00    0,00    0,00    0,00    0,00    0,00    0,00
20:21:34       5  100,00    0,00    0,00    0,00    0,00    0,00    0,00    0,00    0,00    0,00
20:21:34       6  100,00    0,00    0,00    0,00    0,00    0,00    0,00    0,00    0,00    0,00
20:21:34       7    0,00    0,00    0,00    0,00    0,00    0,00    0,00    0,00    0,00  100,00
20:21:34       8    0,00    0,00    0,00    0,00    0,00    0,00    0,00    0,00    0,00  100,00
20:21:34       9    0,00    0,00    0,00    0,00    0,00    0,00    0,00    0,00    0,00  100,00
20:21:34      10    0,00    0,00    0,00    0,00    0,00    0,00    0,00    0,00    0,00  100,00
20:21:34      11    0,00    0,00    0,00    0,00    0,00    0,00    0,00    0,00    0,00  100,00
20:21:34      12    0,00    0,00    0,00    0,00    0,00    0,00    0,00    0,00    0,00  100,00
20:21:34      13    0,00    0,00    0,00    0,00    0,00    0,00    0,00    0,00    0,00  100,00
20:21:34      14    0,00    0,00    0,00    0,00    0,00    0,00    0,00    0,00    0,00  100,00
20:21:34      15    0,00    0,00    0,00    0,00    0,00    0,00    0,00    0,00    0,00  100,00
20:21:34      16    0,00    0,00    0,00    0,00    0,00    0,00    0,00    0,00    0,00  100,00
20:21:34      17    0,00    0,00    0,00    0,00    0,00    0,00    0,00    0,00    0,00  100,00
20:21:34      18    0,00    0,00    0,00    0,00    0,00    0,00    0,00    0,00    0,00  100,00
20:21:34      19    0,00    0,00    0,00    0,00    0,00    0,00    0,00    0,00    0,00  100,00
20:21:34      20    0,00    0,00    0,00    0,00    0,00    0,00    0,00    0,00    0,00  100,00
20:21:34      21    0,00    0,00    0,00    0,00    0,00    0,00    0,00    0,00    0,00  100,00
20:21:34      22    0,00    0,00    0,00    0,00    0,00    0,00    0,00    0,00    0,00  100,00
20:21:34      23    0,00    0,00    0,00    0,00    0,00    0,00    0,00    0,00    0,00  100,00

20:21:34     CPU    %usr   %nice    %sys %iowait    %irq   %soft  %steal  %guest  %gnice   %idle
20:21:35     all   29,15    0,00    0,00    0,04    0,00    0,00    0,00    0,00    0,00   70,80
20:21:35       0  100,00    0,00    0,00    0,00    0,00    0,00    0,00    0,00    0,00    0,00
20:21:35       1  100,00    0,00    0,00    0,00    0,00    0,00    0,00    0,00    0,00    0,00
20:21:35       2  100,00    0,00    0,00    0,00    0,00    0,00    0,00    0,00    0,00    0,00
20:21:35       3  100,00    0,00    0,00    0,00    0,00    0,00    0,00    0,00    0,00    0,00
20:21:35       4  100,00    0,00    0,00    0,00    0,00    0,00    0,00    0,00    0,00    0,00
20:21:35       5  100,00    0,00    0,00    0,00    0,00    0,00    0,00    0,00    0,00    0,00
20:21:35       6  100,00    0,00    0,00    0,00    0,00    0,00    0,00    0,00    0,00    0,00
20:21:35       7    0,00    0,00    0,00    0,00    0,00    0,00    0,00    0,00    0,00  100,00
20:21:35       8    0,00    0,00    0,00    0,00    0,00    0,00    0,00    0,00    0,00  100,00
20:21:35       9    0,00    0,00    0,00    0,00    0,00    0,00    0,00    0,00    0,00  100,00
20:21:35      10    0,00    0,00    0,00    0,00    0,00    0,00    0,00    0,00    0,00  100,00
20:21:35      11    0,00    0,00    0,00    0,00    0,00    0,00    0,00    0,00    0,00  100,00
20:21:35      12    0,00    0,00    0,00    0,00    0,00    0,00    0,00    0,00    0,00  100,00
20:21:35      13    0,00    0,00    0,00    0,00    0,00    0,00    0,00    0,00    0,00  100,00
20:21:35      14    0,00    0,00    0,00    0,00    0,00    0,00    0,00    0,00    0,00  100,00
20:21:35      15    0,00    0,00    0,00    0,00    0,00    0,00    0,00    0,00    0,00  100,00
20:21:35      16    0,00    0,00    0,00    0,00    0,00    0,00    0,00    0,00    0,00  100,00
20:21:35      17    0,00    0,00    0,00    0,00    0,00    0,00    0,00    0,00    0,00  100,00
20:21:35      18    0,00    0,00    0,00    0,00    0,00    0,00    0,00    0,00    0,00  100,00
20:21:35      19    0,00    0,00    0,00    0,00    0,00    0,00    0,00    0,00    0,00  100,00
20:21:35      20    0,00    0,00    0,00    0,00    0,00    0,00    0,00    0,00    0,00  100,00
20:21:35      21    0,00    0,00    0,00    1,00    0,00    0,00    0,00    0,00    0,00   99,00
20:21:35      22    0,00    0,00    0,00    0,00    0,00    0,00    0,00    0,00    0,00  100,00
20:21:35      23    0,00    0,00    0,00    0,00    0,00    0,00    0,00    0,00    0,00  100,00

20:21:35     CPU    %usr   %nice    %sys %iowait    %irq   %soft  %steal  %guest  %gnice   %idle
20:21:36     all   29,21    0,00    0,00    0,08    0,00    0,00    0,00    0,00    0,00   70,71
20:21:36       0  100,00    0,00    0,00    0,00    0,00    0,00    0,00    0,00    0,00    0,00
20:21:36       1  100,00    0,00    0,00    0,00    0,00    0,00    0,00    0,00    0,00    0,00
20:21:36       2  100,00    0,00    0,00    0,00    0,00    0,00    0,00    0,00    0,00    0,00
20:21:36       3  100,00    0,00    0,00    0,00    0,00    0,00    0,00    0,00    0,00    0,00
20:21:36       4  100,00    0,00    0,00    0,00    0,00    0,00    0,00    0,00    0,00    0,00
20:21:36       5  100,00    0,00    0,00    0,00    0,00    0,00    0,00    0,00    0,00    0,00
20:21:36       6  100,00    0,00    0,00    0,00    0,00    0,00    0,00    0,00    0,00    0,00
20:21:36       7    0,00    0,00    0,00    0,00    0,00    0,00    0,00    0,00    0,00  100,00
20:21:36       8    0,00    0,00    0,00    0,00    0,00    0,00    0,00    0,00    0,00  100,00
20:21:36       9    1,00    0,00    0,00    0,00    0,00    0,00    0,00    0,00    0,00   99,00
20:21:36      10    0,00    0,00    0,00    0,00    0,00    0,00    0,00    0,00    0,00  100,00
20:21:36      11    0,00    0,00    0,00    0,00    0,00    0,00    0,00    0,00    0,00  100,00
20:21:36      12    0,00    0,00    0,00    0,00    0,00    0,00    0,00    0,00    0,00  100,00
20:21:36      13    0,00    0,00    0,00    1,98    0,00    0,00    0,00    0,00    0,00   98,02
20:21:36      14    0,00    0,00    0,00    0,00    0,00    0,00    0,00    0,00    0,00  100,00
20:21:36      15    0,00    0,00    0,00    0,00    0,00    0,00    0,00    0,00    0,00  100,00
20:21:36      16    0,00    0,00    0,00    0,00    0,00    0,00    0,00    0,00    0,00  100,00
20:21:36      17    0,00    0,00    0,00    0,00    0,00    0,00    0,00    0,00    0,00  100,00
20:21:36      18    0,00    0,00    0,00    0,00    0,00    0,00    0,00    0,00    0,00  100,00
20:21:36      19    0,00    0,00    0,00    0,00    0,00    0,00    0,00    0,00    0,00  100,00
20:21:36      20    0,00    0,00    0,00    0,00    0,00    0,00    0,00    0,00    0,00  100,00
20:21:36      21    0,00    0,00    0,00    0,00    0,00    0,00    0,00    0,00    0,00  100,00
20:21:36      22    0,00    0,00    0,00    0,00    0,00    0,00    0,00    0,00    0,00  100,00
20:21:36      23    0,00    0,00    0,00    0,00    0,00    0,00    0,00    0,00    0,00  100,00

20:21:36     CPU    %usr   %nice    %sys %iowait    %irq   %soft  %steal  %guest  %gnice   %idle
20:21:37     all   29,69    0,00    0,42    0,00    0,00    0,00    0,00    0,00    0,00   69,89
20:21:37       0  100,00    0,00    0,00    0,00    0,00    0,00    0,00    0,00    0,00    0,00
20:21:37       1  100,00    0,00    0,00    0,00    0,00    0,00    0,00    0,00    0,00    0,00
20:21:37       2  100,00    0,00    0,00    0,00    0,00    0,00    0,00    0,00    0,00    0,00
20:21:37       3  100,00    0,00    0,00    0,00    0,00    0,00    0,00    0,00    0,00    0,00
20:21:37       4  100,00    0,00    0,00    0,00    0,00    0,00    0,00    0,00    0,00    0,00
20:21:37       5  100,00    0,00    0,00    0,00    0,00    0,00    0,00    0,00    0,00    0,00
20:21:37       6  100,00    0,00    0,00    0,00    0,00    0,00    0,00    0,00    0,00    0,00
20:21:37       7    0,00    0,00    0,00    0,00    0,00    0,00    0,00    0,00    0,00  100,00
20:21:37       8    0,00    0,00    0,00    0,00    0,00    0,00    0,00    0,00    0,00  100,00
20:21:37       9    0,00    0,00    0,00    0,00    0,00    0,00    0,00    0,00    0,00  100,00
20:21:37      10    0,00    0,00    0,00    0,00    0,00    0,00    0,00    0,00    0,00  100,00
20:21:37      11    0,00    0,00    0,00    0,00    0,00    0,00    0,00    0,00    0,00  100,00
20:21:37      12    0,00    0,00    0,00    0,00    0,00    0,00    0,00    0,00    0,00  100,00
20:21:37      13    0,00    0,00    0,00    0,00    0,00    0,00    0,00    0,00    0,00  100,00
20:21:37      14   12,00    0,00   10,00    0,00    0,00    0,00    0,00    0,00    0,00   78,00
20:21:37      15    0,00    0,00    0,00    0,00    0,00    0,00    0,00    0,00    0,00  100,00
20:21:37      16    0,00    0,00    0,00    0,00    0,00    0,00    0,00    0,00    0,00  100,00
20:21:37      17    0,00    0,00    0,00    0,00    0,00    0,00    0,00    0,00    0,00  100,00
20:21:37      18    0,00    0,00    0,00    0,00    0,00    0,00    0,00    0,00    0,00  100,00
20:21:37      19    0,00    0,00    0,00    0,00    0,00    0,00    0,00    0,00    0,00  100,00
20:21:37      20    0,00    0,00    0,00    0,00    0,00    0,00    0,00    0,00    0,00  100,00
20:21:37      21    0,00    0,00    0,00    0,00    0,00    0,00    0,00    0,00    0,00  100,00
20:21:37      22    0,00    0,00    0,00    0,00    0,00    0,00    0,00    0,00    0,00  100,00
20:21:37      23    0,00    0,00    0,00    0,00    0,00    0,00    0,00    0,00    0,00  100,00

20:21:37     CPU    %usr   %nice    %sys %iowait    %irq   %soft  %steal  %guest  %gnice   %idle
20:21:38     all   29,17    0,00    0,00    0,00    0,00    0,00    0,00    0,00    0,00   70,83
20:21:38       0  100,00    0,00    0,00    0,00    0,00    0,00    0,00    0,00    0,00    0,00
20:21:38       1  100,00    0,00    0,00    0,00    0,00    0,00    0,00    0,00    0,00    0,00
20:21:38       2  100,00    0,00    0,00    0,00    0,00    0,00    0,00    0,00    0,00    0,00
20:21:38       3  100,00    0,00    0,00    0,00    0,00    0,00    0,00    0,00    0,00    0,00
20:21:38       4  100,00    0,00    0,00    0,00    0,00    0,00    0,00    0,00    0,00    0,00
20:21:38       5  100,00    0,00    0,00    0,00    0,00    0,00    0,00    0,00    0,00    0,00
20:21:38       6  100,00    0,00    0,00    0,00    0,00    0,00    0,00    0,00    0,00    0,00
20:21:38       7    0,00    0,00    0,00    0,00    0,00    0,00    0,00    0,00    0,00  100,00
20:21:38       8    0,00    0,00    0,00    0,00    0,00    0,00    0,00    0,00    0,00  100,00
20:21:38       9    0,00    0,00    0,00    0,00    0,00    0,00    0,00    0,00    0,00  100,00
20:21:38      10    0,00    0,00    0,00    0,00    0,00    0,00    0,00    0,00    0,00  100,00
20:21:38      11    0,00    0,00    0,00    0,00    0,00    0,00    0,00    0,00    0,00  100,00
20:21:38      12    0,00    0,00    0,00    0,00    0,00    0,00    0,00    0,00    0,00  100,00
20:21:38      13    0,00    0,00    0,00    0,00    0,00    0,00    0,00    0,00    0,00  100,00
20:21:38      14    0,00    0,00    0,00    0,00    0,00    0,00    0,00    0,00    0,00  100,00
20:21:38      15    0,00    0,00    0,00    0,00    0,00    0,00    0,00    0,00    0,00  100,00
20:21:38      16    0,00    0,00    0,00    0,00    0,00    0,00    0,00    0,00    0,00  100,00
20:21:38      17    0,00    0,00    0,00    0,00    0,00    0,00    0,00    0,00    0,00  100,00
20:21:38      18    0,00    0,00    0,00    0,00    0,00    0,00    0,00    0,00    0,00  100,00
20:21:38      19    0,00    0,00    0,00    0,00    0,00    0,00    0,00    0,00    0,00  100,00
20:21:38      20    0,00    0,00    0,00    0,00    0,00    0,00    0,00    0,00    0,00  100,00
20:21:38      21    0,00    0,00    0,00    0,00    0,00    0,00    0,00    0,00    0,00  100,00
20:21:38      22    0,00    0,00    0,00    0,00    0,00    0,00    0,00    0,00    0,00  100,00
20:21:38      23    0,00    0,00    0,00    0,00    0,00    0,00    0,00    0,00    0,00  100,00

20:21:38     CPU    %usr   %nice    %sys %iowait    %irq   %soft  %steal  %guest  %gnice   %idle
20:21:39     all   29,15    0,00    0,00    0,00    0,00    0,00    0,00    0,00    0,00   70,85
20:21:39       0  100,00    0,00    0,00    0,00    0,00    0,00    0,00    0,00    0,00    0,00
20:21:39       1  100,00    0,00    0,00    0,00    0,00    0,00    0,00    0,00    0,00    0,00
20:21:39       2  100,00    0,00    0,00    0,00    0,00    0,00    0,00    0,00    0,00    0,00
20:21:39       3  100,00    0,00    0,00    0,00    0,00    0,00    0,00    0,00    0,00    0,00
20:21:39       4  100,00    0,00    0,00    0,00    0,00    0,00    0,00    0,00    0,00    0,00
20:21:39       5  100,00    0,00    0,00    0,00    0,00    0,00    0,00    0,00    0,00    0,00
20:21:39       6  100,00    0,00    0,00    0,00    0,00    0,00    0,00    0,00    0,00    0,00
20:21:39       7    0,00    0,00    0,00    0,00    0,00    0,00    0,00    0,00    0,00  100,00
20:21:39       8    0,00    0,00    0,00    0,00    0,00    0,00    0,00    0,00    0,00  100,00
20:21:39       9    0,00    0,00    0,00    0,00    0,00    0,00    0,00    0,00    0,00  100,00
20:21:39      10    0,00    0,00    0,00    0,00    0,00    0,00    0,00    0,00    0,00  100,00
20:21:39      11    0,00    0,00    0,00    0,00    0,00    0,00    0,00    0,00    0,00  100,00
20:21:39      12    0,00    0,00    0,00    0,00    0,00    0,00    0,00    0,00    0,00  100,00
20:21:39      13    0,00    0,00    0,00    0,00    0,00    0,00    0,00    0,00    0,00  100,00
20:21:39      14    0,00    0,00    0,00    0,00    0,00    0,00    0,00    0,00    0,00  100,00
20:21:39      15    0,00    0,00    0,00    0,00    0,00    0,00    0,00    0,00    0,00  100,00
20:21:39      16    0,00    0,00    0,00    0,00    0,00    0,00    0,00    0,00    0,00  100,00
20:21:39      17    0,00    0,00    0,00    0,00    0,00    0,00    0,00    0,00    0,00  100,00
20:21:39      18    0,00    0,00    0,00    0,00    0,00    0,00    0,00    0,00    0,00  100,00
20:21:39      19    0,00    0,00    0,00    0,00    0,00    0,00    0,00    0,00    0,00  100,00
20:21:39      20    0,00    0,00    0,00    0,00    0,00    0,00    0,00    0,00    0,00  100,00
20:21:39      21    0,00    0,00    0,00    0,00    0,00    0,00    0,00    0,00    0,00  100,00
20:21:39      22    0,00    0,00    0,00    0,00    0,00    0,00    0,00    0,00    0,00  100,00
20:21:39      23    0,00    0,00    0,00    0,00    0,00    0,00    0,00    0,00    0,00  100,00

20:21:39     CPU    %usr   %nice    %sys %iowait    %irq   %soft  %steal  %guest  %gnice   %idle
20:21:40     all   29,63    0,00    0,17    0,00    0,00    0,04    0,00    0,00    0,00   70,16
20:21:40       0  100,00    0,00    0,00    0,00    0,00    0,00    0,00    0,00    0,00    0,00
20:21:40       1  100,00    0,00    0,00    0,00    0,00    0,00    0,00    0,00    0,00    0,00
20:21:40       2  100,00    0,00    0,00    0,00    0,00    0,00    0,00    0,00    0,00    0,00
20:21:40       3  100,00    0,00    0,00    0,00    0,00    0,00    0,00    0,00    0,00    0,00
20:21:40       4  100,00    0,00    0,00    0,00    0,00    0,00    0,00    0,00    0,00    0,00
20:21:40       5  100,00    0,00    0,00    0,00    0,00    0,00    0,00    0,00    0,00    0,00
20:21:40       6  100,00    0,00    0,00    0,00    0,00    0,00    0,00    0,00    0,00    0,00
20:21:40       7    0,00    0,00    0,00    0,00    0,00    0,00    0,00    0,00    0,00  100,00
20:21:40       8    0,00    0,00    0,00    0,00    0,00    0,00    0,00    0,00    0,00  100,00
20:21:40       9    0,00    0,00    0,00    0,00    0,00    0,00    0,00    0,00    0,00  100,00
20:21:40      10    3,00    0,00    0,00    0,00    0,00    0,00    0,00    0,00    0,00   97,00
20:21:40      11    0,00    0,00    0,00    0,00    0,00    0,00    0,00    0,00    0,00  100,00
20:21:40      12    1,00    0,00    0,00    0,00    0,00    0,00    0,00    0,00    0,00   99,00
20:21:40      13    0,00    0,00    0,99    0,00    0,00    0,00    0,00    0,00    0,00   99,01
20:21:40      14    0,00    0,00    0,00    0,00    0,00    0,00    0,00    0,00    0,00  100,00
20:21:40      15    0,00    0,00    0,00    0,00    0,00    0,00    0,00    0,00    0,00  100,00
20:21:40      16    5,00    0,00    2,00    0,00    0,00    0,00    0,00    0,00    0,00   93,00
20:21:40      17    0,00    0,00    0,00    0,00    0,00    0,99    0,00    0,00    0,00   99,01
20:21:40      18    0,00    0,00    0,00    0,00    0,00    0,00    0,00    0,00    0,00  100,00
20:21:40      19    1,01    0,00    1,01    0,00    0,00    0,00    0,00    0,00    0,00   97,98
20:21:40      20    0,00    0,00    0,00    0,00    0,00    0,00    0,00    0,00    0,00  100,00
20:21:40      21    0,00    0,00    0,00    0,00    0,00    0,00    0,00    0,00    0,00  100,00
20:21:40      22    0,00    0,00    0,00    0,00    0,00    0,00    0,00    0,00    0,00  100,00
20:21:40      23    0,00    0,00    0,00    0,00    0,00    0,00    0,00    0,00    0,00  100,00
