Linux 6.8.0-111-generic (testbed-node6) 	13/05/26 	_x86_64_	(24 CPU)

20:15:35     CPU    %usr   %nice    %sys %iowait    %irq   %soft  %steal  %guest  %gnice   %idle
20:15:36     all    0,79    0,00    0,33    0,04    0,00    4,21    0,00    0,00    0,00   94,62
20:15:36       0    0,00    0,00    1,01    0,00    0,00    0,00    0,00    0,00    0,00   98,99
20:15:36       1    2,00    0,00    1,00    0,00    0,00    0,00    0,00    0,00    0,00   97,00
20:15:36       2    0,00    0,00    0,99    0,99    0,00    0,00    0,00    0,00    0,00   98,02
20:15:36       3    0,00    0,00    0,00    0,00    0,00    0,00    0,00    0,00    0,00  100,00
20:15:36       4    4,00    0,00    0,00    0,00    0,00    0,00    0,00    0,00    0,00   96,00
20:15:36       5    0,00    0,00    0,00    0,00    0,00    0,00    0,00    0,00    0,00  100,00
20:15:36       6    0,00    0,00    0,00    0,00    0,00    0,00    0,00    0,00    0,00  100,00
20:15:36       7    0,00    0,00    0,00    0,00    0,00    0,00    0,00    0,00    0,00  100,00
20:15:36       8    1,00    0,00    0,00    0,00    0,00    0,00    0,00    0,00    0,00   99,00
20:15:36       9    0,00    0,00    0,00    0,00    0,00    0,00    0,00    0,00    0,00  100,00
20:15:36      10    6,00    0,00    1,00    0,00    0,00    0,00    0,00    0,00    0,00   93,00
20:15:36      11    0,00    0,00    0,00    0,00    0,00    0,00    0,00    0,00    0,00  100,00
20:15:36      12    1,01    0,00    0,00    0,00    0,00    0,00    0,00    0,00    0,00   98,99
20:15:36      13    0,00    0,00    0,00    0,00    0,00    0,00    0,00    0,00    0,00  100,00
20:15:36      14    0,00    0,00    0,00    0,00    0,00  100,00    0,00    0,00    0,00    0,00
20:15:36      15    0,00    0,00    0,00    0,00    0,00    0,00    0,00    0,00    0,00  100,00
20:15:36      16    1,00    0,00    1,00    0,00    0,00    0,00    0,00    0,00    0,00   98,00
20:15:36      17    1,01    0,00    0,00    0,00    0,00    0,00    0,00    0,00    0,00   98,99
20:15:36      18    0,00    0,00    0,99    0,00    0,00    0,99    0,00    0,00    0,00   98,02
20:15:36      19    0,00    0,00    0,00    0,00    0,00    0,00    0,00    0,00    0,00  100,00
20:15:36      20    1,00    0,00    1,00    0,00    0,00    0,00    0,00    0,00    0,00   98,00
20:15:36      21    1,01    0,00    0,00    0,00    0,00    0,00    0,00    0,00    0,00   98,99
20:15:36      22    0,98    0,00    0,98    0,00    0,00    0,00    0,00    0,00    0,00   98,04
20:15:36      23    0,00    0,00    0,00    0,00    0,00    0,00    0,00    0,00    0,00  100,00

20:15:36     CPU    %usr   %nice    %sys %iowait    %irq   %soft  %steal  %guest  %gnice   %idle
20:15:37     all    0,21    0,00    0,04    0,04    0,00    4,17    0,00    0,00    0,00   95,54
20:15:37       0    1,00    0,00    0,00    0,00    0,00    0,00    0,00    0,00    0,00   99,00
20:15:37       1    2,02    0,00    1,01    1,01    0,00    0,00    0,00    0,00    0,00   95,96
20:15:37       2    0,00    0,00    0,00    0,00    0,00    0,00    0,00    0,00    0,00  100,00
20:15:37       3    0,00    0,00    0,00    0,00    0,00    0,00    0,00    0,00    0,00  100,00
20:15:37       4    2,00    0,00    0,00    0,00    0,00    0,00    0,00    0,00    0,00   98,00
20:15:37       5    0,00    0,00    0,00    0,00    0,00    0,00    0,00    0,00    0,00  100,00
20:15:37       6    0,00    0,00    0,00    0,00    0,00    0,00    0,00    0,00    0,00  100,00
20:15:37       7    0,00    0,00    0,00    0,00    0,00    0,00    0,00    0,00    0,00  100,00
20:15:37       8    0,00    0,00    0,00    0,00    0,00    0,00    0,00    0,00    0,00  100,00
20:15:37       9    0,00    0,00    0,00    0,00    0,00    0,00    0,00    0,00    0,00  100,00
20:15:37      10    0,00    0,00    0,00    0,00    0,00    0,00    0,00    0,00    0,00  100,00
20:15:37      11    0,00    0,00    0,00    0,00    0,00    0,00    0,00    0,00    0,00  100,00
20:15:37      12    0,00    0,00    0,00    0,00    0,00    0,00    0,00    0,00    0,00  100,00
20:15:37      13    0,00    0,00    0,00    0,00    0,00    0,00    0,00    0,00    0,00  100,00
20:15:37      14    0,00    0,00    0,00    0,00    0,00  100,00    0,00    0,00    0,00    0,00
20:15:37      15    0,00    0,00    0,00    0,00    0,00    0,00    0,00    0,00    0,00  100,00
20:15:37      16    0,00    0,00    0,00    0,00    0,00    0,00    0,00    0,00    0,00  100,00
20:15:37      17    0,00    0,00    0,00    0,00    0,00    0,00    0,00    0,00    0,00  100,00
20:15:37      18    0,00    0,00    0,00    0,00    0,00    0,00    0,00    0,00    0,00  100,00
20:15:37      19    0,00    0,00    0,00    0,00    0,00    0,00    0,00    0,00    0,00  100,00
20:15:37      20    0,00    0,00    0,00    0,00    0,00    0,00    0,00    0,00    0,00  100,00
20:15:37      21    0,00    0,00    0,00    0,00    0,00    0,00    0,00    0,00    0,00  100,00
20:15:37      22    0,00    0,00    0,00    0,00    0,00    0,00    0,00    0,00    0,00  100,00
20:15:37      23    0,00    0,00    0,00    0,00    0,00    0,00    0,00    0,00    0,00  100,00

20:15:37     CPU    %usr   %nice    %sys %iowait    %irq   %soft  %steal  %guest  %gnice   %idle
20:15:38     all    1,33    0,00    0,46    0,00    0,00    4,21    0,00    0,00    0,00   93,99
20:15:38       0    3,03    0,00    0,00    0,00    0,00    0,00    0,00    0,00    0,00   96,97
20:15:38       1    2,97    0,00    0,99    0,00    0,00    0,00    0,00    0,00    0,00   96,04
20:15:38       2    1,01    0,00    0,00    0,00    0,00    0,00    0,00    0,00    0,00   98,99
20:15:38       3    0,00    0,00    0,00    0,00    0,00    0,00    0,00    0,00    0,00  100,00
20:15:38       4    0,00    0,00    0,00    0,00    0,00    0,00    0,00    0,00    0,00  100,00
20:15:38       5    0,00    0,00    0,00    0,00    0,00    0,00    0,00    0,00    0,00  100,00
20:15:38       6    1,01    0,00    1,01    0,00    0,00    0,00    0,00    0,00    0,00   97,98
20:15:38       7    0,00    0,00    0,00    0,00    0,00    0,00    0,00    0,00    0,00  100,00
20:15:38       8    8,08    0,00    1,01    0,00    0,00    0,00    0,00    0,00    0,00   90,91
20:15:38       9    0,00    0,00    0,00    0,00    0,00    0,00    0,00    0,00    0,00  100,00
20:15:38      10    1,00    0,00    1,00    0,00    0,00    0,00    0,00    0,00    0,00   98,00
20:15:38      11    0,00    0,00    0,00    0,00    0,00    0,00    0,00    0,00    0,00  100,00
20:15:38      12    0,99    0,00    0,00    0,00    0,00    0,00    0,00    0,00    0,00   99,01
20:15:38      13    0,00    0,00    0,00    0,00    0,00    0,00    0,00    0,00    0,00  100,00
20:15:38      14    0,00    0,00    0,00    0,00    0,00  100,00    0,00    0,00    0,00    0,00
20:15:38      15    0,00    0,00    0,00    0,00    0,00    0,00    0,00    0,00    0,00  100,00
20:15:38      16    1,98    0,00    0,99    0,00    0,00    0,00    0,00    0,00    0,00   97,03
20:15:38      17    2,00    0,00    1,00    0,00    0,00    1,00    0,00    0,00    0,00   96,00
20:15:38      18    2,00    0,00    0,00    0,00    0,00    0,00    0,00    0,00    0,00   98,00
20:15:38      19    4,04    0,00    1,01    0,00    0,00    0,00    0,00    0,00    0,00   94,95
20:15:38      20    1,01    0,00    1,01    0,00    0,00    0,00    0,00    0,00    0,00   97,98
20:15:38      21    0,99    0,00    1,98    0,00    0,00    0,00    0,00    0,00    0,00   97,03
20:15:38      22    0,00    0,00    0,00    0,00    0,00    0,00    0,00    0,00    0,00  100,00
20:15:38      23    1,98    0,00    0,99    0,00    0,00    0,00    0,00    0,00    0,00   97,03

20:15:38     CPU    %usr   %nice    %sys %iowait    %irq   %soft  %steal  %guest  %gnice   %idle
20:15:39     all    0,17    0,00    0,04    0,00    0,00    4,17    0,00    0,00    0,00   95,62
20:15:39       0    0,00    0,00    0,00    0,00    0,00    0,00    0,00    0,00    0,00  100,00
20:15:39       1    2,00    0,00    1,00    0,00    0,00    0,00    0,00    0,00    0,00   97,00
20:15:39       2    0,00    0,00    0,00    0,00    0,00    0,00    0,00    0,00    0,00  100,00
20:15:39       3    0,00    0,00    0,00    0,00    0,00    0,00    0,00    0,00    0,00  100,00
20:15:39       4    0,00    0,00    0,00    0,00    0,00    0,00    0,00    0,00    0,00  100,00
20:15:39       5    0,00    0,00    0,00    0,00    0,00    0,00    0,00    0,00    0,00  100,00
20:15:39       6    0,00    0,00    0,00    0,00    0,00    0,00    0,00    0,00    0,00  100,00
20:15:39       7    0,00    0,00    0,00    0,00    0,00    0,00    0,00    0,00    0,00  100,00
20:15:39       8    0,00    0,00    0,00    0,00    0,00    0,00    0,00    0,00    0,00  100,00
20:15:39       9    0,00    0,00    0,00    0,00    0,00    0,00    0,00    0,00    0,00  100,00
20:15:39      10    0,00    0,00    0,00    0,00    0,00    0,00    0,00    0,00    0,00  100,00
20:15:39      11    0,00    0,00    0,00    0,00    0,00    0,00    0,00    0,00    0,00  100,00
20:15:39      12    0,00    0,00    0,00    0,00    0,00    0,00    0,00    0,00    0,00  100,00
20:15:39      13    0,00    0,00    0,00    0,00    0,00    0,00    0,00    0,00    0,00  100,00
20:15:39      14    0,00    0,00    0,00    0,00    0,00  100,00    0,00    0,00    0,00    0,00
20:15:39      15    0,00    0,00    0,00    0,00    0,00    0,00    0,00    0,00    0,00  100,00
20:15:39      16    0,00    0,00    0,00    0,00    0,00    0,00    0,00    0,00    0,00  100,00
20:15:39      17    0,99    0,00    0,00    0,00    0,00    0,00    0,00    0,00    0,00   99,01
20:15:39      18    0,00    0,00    0,00    0,00    0,00    0,00    0,00    0,00    0,00  100,00
20:15:39      19    0,99    0,00    0,00    0,00    0,00    0,00    0,00    0,00    0,00   99,01
20:15:39      20    0,00    0,00    0,00    0,00    0,00    0,00    0,00    0,00    0,00  100,00
20:15:39      21    0,00    0,00    0,00    0,00    0,00    0,00    0,00    0,00    0,00  100,00
20:15:39      22    0,00    0,00    0,00    0,00    0,00    0,00    0,00    0,00    0,00  100,00
20:15:39      23    0,00    0,00    0,00    0,00    0,00    0,00    0,00    0,00    0,00  100,00

20:15:39     CPU    %usr   %nice    %sys %iowait    %irq   %soft  %steal  %guest  %gnice   %idle
20:15:40     all    0,25    0,00    0,08    0,00    0,00    4,16    0,00    0,00    0,00   95,50
20:15:40       0    0,00    0,00    0,00    0,00    0,00    0,00    0,00    0,00    0,00  100,00
20:15:40       1    3,00    0,00    1,00    0,00    0,00    0,00    0,00    0,00    0,00   96,00
20:15:40       2    0,00    0,00    0,00    0,00    0,00    0,00    0,00    0,00    0,00  100,00
20:15:40       3    0,00    0,00    0,00    0,00    0,00    0,00    0,00    0,00    0,00  100,00
20:15:40       4    0,00    0,00    0,00    0,00    0,00    0,00    0,00    0,00    0,00  100,00
20:15:40       5    0,00    0,00    0,00    0,00    0,00    0,00    0,00    0,00    0,00  100,00
20:15:40       6    1,00    0,00    0,00    0,00    0,00    0,00    0,00    0,00    0,00   99,00
20:15:40       7    0,00    0,00    0,00    0,00    0,00    0,00    0,00    0,00    0,00  100,00
20:15:40       8    0,00    0,00    0,00    0,00    0,00    0,00    0,00    0,00    0,00  100,00
20:15:40       9    0,00    0,00    0,00    0,00    0,00    0,00    0,00    0,00    0,00  100,00
20:15:40      10    0,00    0,00    0,00    0,00    0,00    0,00    0,00    0,00    0,00  100,00
20:15:40      11    0,00    0,00    0,00    0,00    0,00    0,00    0,00    0,00    0,00  100,00
20:15:40      12    0,00    0,00    0,00    0,00    0,00    0,00    0,00    0,00    0,00  100,00
20:15:40      13    0,00    0,00    0,00    0,00    0,00    0,00    0,00    0,00    0,00  100,00
20:15:40      14    0,00    0,00    0,00    0,00    0,00  100,00    0,00    0,00    0,00    0,00
20:15:40      15    0,00    0,00    0,00    0,00    0,00    0,00    0,00    0,00    0,00  100,00
20:15:40      16    0,00    0,00    0,00    0,00    0,00    0,00    0,00    0,00    0,00  100,00
20:15:40      17    0,00    0,00    0,00    0,00    0,00    0,00    0,00    0,00    0,00  100,00
20:15:40      18    0,99    0,00    0,00    0,00    0,00    0,00    0,00    0,00    0,00   99,01
20:15:40      19    0,99    0,00    0,99    0,00    0,00    0,00    0,00    0,00    0,00   98,02
20:15:40      20    0,00    0,00    0,00    0,00    0,00    0,00    0,00    0,00    0,00  100,00
20:15:40      21    0,00    0,00    0,00    0,00    0,00    0,00    0,00    0,00    0,00  100,00
20:15:40      22    0,00    0,00    0,00    0,00    0,00    0,00    0,00    0,00    0,00  100,00
20:15:40      23    0,00    0,00    0,00    0,00    0,00    0,00    0,00    0,00    0,00  100,00

20:15:40     CPU    %usr   %nice    %sys %iowait    %irq   %soft  %steal  %guest  %gnice   %idle
20:15:41     all    0,21    0,00    0,08    0,04    0,00    4,16    0,00    0,00    0,00   95,50
20:15:41       0    1,00    0,00    0,00    0,00    0,00    0,00    0,00    0,00    0,00   99,00
20:15:41       1    2,00    0,00    1,00    0,00    0,00    0,00    0,00    0,00    0,00   97,00
20:15:41       2    0,00    0,00    0,00    0,00    0,00    0,00    0,00    0,00    0,00  100,00
20:15:41       3    0,00    0,00    0,00    0,00    0,00    0,00    0,00    0,00    0,00  100,00
20:15:41       4    0,00    0,00    0,00    0,00    0,00    0,00    0,00    0,00    0,00  100,00
20:15:41       5    0,00    0,00    0,00    0,00    0,00    0,00    0,00    0,00    0,00  100,00
20:15:41       6    0,00    0,00    0,00    0,00    0,00    0,00    0,00    0,00    0,00  100,00
20:15:41       7    0,00    0,00    0,00    0,00    0,00    0,00    0,00    0,00    0,00  100,00
20:15:41       8    0,00    0,00    0,00    0,00    0,00    0,00    0,00    0,00    0,00  100,00
20:15:41       9    0,00    0,00    0,00    0,00    0,00    0,00    0,00    0,00    0,00  100,00
20:15:41      10    0,00    0,00    0,00    1,00    0,00    0,00    0,00    0,00    0,00   99,00
20:15:41      11    0,00    0,00    0,00    0,00    0,00    0,00    0,00    0,00    0,00  100,00
20:15:41      12    0,98    0,00    0,98    0,00    0,00    0,00    0,00    0,00    0,00   98,04
20:15:41      13    0,00    0,00    0,00    0,00    0,00    0,00    0,00    0,00    0,00  100,00
20:15:41      14    0,00    0,00    0,00    0,00    0,00  100,00    0,00    0,00    0,00    0,00
20:15:41      15    0,00    0,00    0,00    0,00    0,00    0,00    0,00    0,00    0,00  100,00
20:15:41      16    0,00    0,00    0,00    0,00    0,00    0,00    0,00    0,00    0,00  100,00
20:15:41      17    0,00    0,00    0,00    0,00    0,00    0,00    0,00    0,00    0,00  100,00
20:15:41      18    1,00    0,00    0,00    0,00    0,00    0,00    0,00    0,00    0,00   99,00
20:15:41      19    0,00    0,00    0,00    0,00    0,00    0,00    0,00    0,00    0,00  100,00
20:15:41      20    0,00    0,00    0,00    0,00    0,00    0,00    0,00    0,00    0,00  100,00
20:15:41      21    0,00    0,00    0,00    0,00    0,00    0,00    0,00    0,00    0,00  100,00
20:15:41      22    0,00    0,00    0,00    0,00    0,00    0,00    0,00    0,00    0,00  100,00
20:15:41      23    0,00    0,00    0,00    0,00    0,00    0,00    0,00    0,00    0,00  100,00

20:15:41     CPU    %usr   %nice    %sys %iowait    %irq   %soft  %steal  %guest  %gnice   %idle
20:15:42     all    0,21    0,00    0,04    0,00    0,00    4,17    0,00    0,00    0,00   95,58
20:15:42       0    1,00    0,00    0,00    0,00    0,00    0,00    0,00    0,00    0,00   99,00
20:15:42       1    3,00    0,00    1,00    0,00    0,00    0,00    0,00    0,00    0,00   96,00
20:15:42       2    0,00    0,00    0,00    0,00    0,00    0,00    0,00    0,00    0,00  100,00
20:15:42       3    0,00    0,00    0,00    0,00    0,00    0,00    0,00    0,00    0,00  100,00
20:15:42       4    0,00    0,00    0,00    0,00    0,00    0,00    0,00    0,00    0,00  100,00
20:15:42       5    0,00    0,00    0,00    0,00    0,00    0,00    0,00    0,00    0,00  100,00
20:15:42       6    0,00    0,00    0,00    0,00    0,00    0,00    0,00    0,00    0,00  100,00
20:15:42       7    0,00    0,00    0,00    0,00    0,00    0,00    0,00    0,00    0,00  100,00
20:15:42       8    0,00    0,00    0,00    0,00    0,00    0,00    0,00    0,00    0,00  100,00
20:15:42       9    0,00    0,00    0,00    0,00    0,00    0,00    0,00    0,00    0,00  100,00
20:15:42      10    0,00    0,00    0,00    0,00    0,00    0,00    0,00    0,00    0,00  100,00
20:15:42      11    0,00    0,00    0,00    0,00    0,00    0,00    0,00    0,00    0,00  100,00
20:15:42      12    0,00    0,00    0,00    0,00    0,00    0,00    0,00    0,00    0,00  100,00
20:15:42      13    0,00    0,00    0,00    0,00    0,00    0,00    0,00    0,00    0,00  100,00
20:15:42      14    0,00    0,00    0,00    0,00    0,00  100,00    0,00    0,00    0,00    0,00
20:15:42      15    0,00    0,00    0,00    0,00    0,00    0,00    0,00    0,00    0,00  100,00
20:15:42      16    0,00    0,00    0,00    0,00    0,00    0,00    0,00    0,00    0,00  100,00
20:15:42      17    1,00    0,00    0,00    0,00    0,00    0,00    0,00    0,00    0,00   99,00
20:15:42      18    0,00    0,00    0,00    0,00    0,00    0,00    0,00    0,00    0,00  100,00
20:15:42      19    0,00    0,00    0,00    0,00    0,00    0,00    0,00    0,00    0,00  100,00
20:15:42      20    0,00    0,00    0,00    0,00    0,00    0,00    0,00    0,00    0,00  100,00
20:15:42      21    0,00    0,00    0,00    0,00    0,00    0,00    0,00    0,00    0,00  100,00
20:15:42      22    0,00    0,00    0,00    0,00    0,00    0,00    0,00    0,00    0,00  100,00
20:15:42      23    0,00    0,00    0,00    0,00    0,00    0,00    0,00    0,00    0,00  100,00

20:15:42     CPU    %usr   %nice    %sys %iowait    %irq   %soft  %steal  %guest  %gnice   %idle
20:15:43     all    0,21    0,00    0,08    0,00    0,00    4,17    0,00    0,00    0,00   95,54
20:15:43       0    1,00    0,00    0,00    0,00    0,00    0,00    0,00    0,00    0,00   99,00
20:15:43       1    2,00    0,00    1,00    0,00    0,00    0,00    0,00    0,00    0,00   97,00
20:15:43       2    0,00    0,00    0,00    0,00    0,00    0,00    0,00    0,00    0,00  100,00
20:15:43       3    0,00    0,00    0,00    0,00    0,00    0,00    0,00    0,00    0,00  100,00
20:15:43       4    0,00    0,00    0,00    0,00    0,00    0,00    0,00    0,00    0,00  100,00
20:15:43       5    0,00    0,00    0,00    0,00    0,00    0,00    0,00    0,00    0,00  100,00
20:15:43       6    0,00    0,00    0,00    0,00    0,00    0,00    0,00    0,00    0,00  100,00
20:15:43       7    0,00    0,00    0,00    0,00    0,00    0,00    0,00    0,00    0,00  100,00
20:15:43       8    0,00    0,00    0,00    0,00    0,00    0,00    0,00    0,00    0,00  100,00
20:15:43       9    0,00    0,00    0,00    0,00    0,00    0,00    0,00    0,00    0,00  100,00
20:15:43      10    0,00    0,00    0,00    0,00    0,00    0,00    0,00    0,00    0,00  100,00
20:15:43      11    0,00    0,00    0,00    0,00    0,00    0,00    0,00    0,00    0,00  100,00
20:15:43      12    0,00    0,00    0,00    0,00    0,00    0,00    0,00    0,00    0,00  100,00
20:15:43      13    0,00    0,00    0,00    0,00    0,00    0,00    0,00    0,00    0,00  100,00
20:15:43      14    0,00    0,00    0,00    0,00    0,00  100,00    0,00    0,00    0,00    0,00
20:15:43      15    0,00    0,00    0,00    0,00    0,00    0,00    0,00    0,00    0,00  100,00
20:15:43      16    0,99    0,00    0,99    0,00    0,00    0,00    0,00    0,00    0,00   98,02
20:15:43      17    1,00    0,00    0,00    0,00    0,00    0,00    0,00    0,00    0,00   99,00
20:15:43      18    0,00    0,00    0,00    0,00    0,00    0,00    0,00    0,00    0,00  100,00
20:15:43      19    0,00    0,00    0,00    0,00    0,00    0,00    0,00    0,00    0,00  100,00
20:15:43      20    0,00    0,00    0,00    0,00    0,00    0,00    0,00    0,00    0,00  100,00
20:15:43      21    0,00    0,00    0,00    0,00    0,00    0,00    0,00    0,00    0,00  100,00
20:15:43      22    0,00    0,00    0,00    0,00    0,00    0,00    0,00    0,00    0,00  100,00
20:15:43      23    0,00    0,00    0,00    0,00    0,00    0,00    0,00    0,00    0,00  100,00

20:15:43     CPU    %usr   %nice    %sys %iowait    %irq   %soft  %steal  %guest  %gnice   %idle
20:15:44     all    0,17    0,00    0,04    0,00    0,00    4,16    0,00    0,00    0,00   95,63
20:15:44       0    0,00    0,00    0,00    0,00    0,00    0,00    0,00    0,00    0,00  100,00
20:15:44       1    3,00    0,00    0,00    0,00    0,00    0,00    0,00    0,00    0,00   97,00
20:15:44       2    0,00    0,00    0,00    0,00    0,00    0,00    0,00    0,00    0,00  100,00
20:15:44       3    0,00    0,00    0,00    0,00    0,00    0,00    0,00    0,00    0,00  100,00
20:15:44       4    0,00    0,00    0,00    0,00    0,00    0,00    0,00    0,00    0,00  100,00
20:15:44       5    0,00    0,00    0,00    0,00    0,00    0,00    0,00    0,00    0,00  100,00
20:15:44       6    0,00    0,00    0,00    0,00    0,00    0,00    0,00    0,00    0,00  100,00
20:15:44       7    0,00    0,00    0,00    0,00    0,00    0,00    0,00    0,00    0,00  100,00
20:15:44       8    0,00    0,00    0,00    0,00    0,00    0,00    0,00    0,00    0,00  100,00
20:15:44       9    0,00    0,00    0,00    0,00    0,00    0,00    0,00    0,00    0,00  100,00
20:15:44      10    0,00    0,00    0,00    0,00    0,00    0,00    0,00    0,00    0,00  100,00
20:15:44      11    0,00    0,00    0,00    0,00    0,00    0,00    0,00    0,00    0,00  100,00
20:15:44      12    0,00    0,00    0,00    0,00    0,00    0,00    0,00    0,00    0,00  100,00
20:15:44      13    0,00    0,00    0,00    0,00    0,00    0,00    0,00    0,00    0,00  100,00
20:15:44      14    0,00    0,00    0,00    0,00    0,00  100,00    0,00    0,00    0,00    0,00
20:15:44      15    0,00    0,00    0,00    0,00    0,00    0,00    0,00    0,00    0,00  100,00
20:15:44      16    0,00    0,00    0,00    0,00    0,00    0,00    0,00    0,00    0,00  100,00
20:15:44      17    0,00    0,00    0,00    0,00    0,00    0,00    0,00    0,00    0,00  100,00
20:15:44      18    0,00    0,00    0,00    0,00    0,00    0,00    0,00    0,00    0,00  100,00
20:15:44      19    0,99    0,00    0,00    0,00    0,00    0,00    0,00    0,00    0,00   99,01
20:15:44      20    0,00    0,00    0,00    0,00    0,00    0,00    0,00    0,00    0,00  100,00
20:15:44      21    0,00    0,00    0,00    0,00    0,00    0,00    0,00    0,00    0,00  100,00
20:15:44      22    0,00    0,00    0,00    0,00    0,00    0,00    0,00    0,00    0,00  100,00
20:15:44      23    0,00    0,00    0,99    0,00    0,00    0,00    0,00    0,00    0,00   99,01

20:15:44     CPU    %usr   %nice    %sys %iowait    %irq   %soft  %steal  %guest  %gnice   %idle
20:15:45     all    0,13    0,00    0,04    0,00    0,00    4,17    0,00    0,00    0,00   95,66
20:15:45       0    0,00    0,00    0,00    0,00    0,00    0,00    0,00    0,00    0,00  100,00
20:15:45       1    3,00    0,00    1,00    0,00    0,00    0,00    0,00    0,00    0,00   96,00
20:15:45       2    0,00    0,00    0,00    0,00    0,00    0,00    0,00    0,00    0,00  100,00
20:15:45       3    0,00    0,00    0,00    0,00    0,00    0,00    0,00    0,00    0,00  100,00
20:15:45       4    0,00    0,00    0,00    0,00    0,00    0,00    0,00    0,00    0,00  100,00
20:15:45       5    0,00    0,00    0,00    0,00    0,00    0,00    0,00    0,00    0,00  100,00
20:15:45       6    0,00    0,00    0,00    0,00    0,00    0,00    0,00    0,00    0,00  100,00
20:15:45       7    0,00    0,00    0,00    0,00    0,00    0,00    0,00    0,00    0,00  100,00
20:15:45       8    0,00    0,00    0,00    0,00    0,00    0,00    0,00    0,00    0,00  100,00
20:15:45       9    0,00    0,00    0,00    0,00    0,00    0,00    0,00    0,00    0,00  100,00
20:15:45      10    0,00    0,00    0,00    0,00    0,00    0,00    0,00    0,00    0,00  100,00
20:15:45      11    0,00    0,00    0,00    0,00    0,00    0,00    0,00    0,00    0,00  100,00
20:15:45      12    0,00    0,00    0,00    0,00    0,00    0,00    0,00    0,00    0,00  100,00
20:15:45      13    0,00    0,00    0,00    0,00    0,00    0,00    0,00    0,00    0,00  100,00
20:15:45      14    0,00    0,00    0,00    0,00    0,00  100,00    0,00    0,00    0,00    0,00
20:15:45      15    0,00    0,00    0,00    0,00    0,00    0,00    0,00    0,00    0,00  100,00
20:15:45      16    0,00    0,00    0,00    0,00    0,00    0,00    0,00    0,00    0,00  100,00
20:15:45      17    0,00    0,00    0,00    0,00    0,00    0,00    0,00    0,00    0,00  100,00
20:15:45      18    0,00    0,00    0,00    0,00    0,00    0,00    0,00    0,00    0,00  100,00
20:15:45      19    0,00    0,00    0,00    0,00    0,00    0,00    0,00    0,00    0,00  100,00
20:15:45      20    0,00    0,00    0,00    0,00    0,00    0,00    0,00    0,00    0,00  100,00
20:15:45      21    0,00    0,00    0,00    0,00    0,00    0,00    0,00    0,00    0,00  100,00
20:15:45      22    0,00    0,00    0,00    0,00    0,00    0,00    0,00    0,00    0,00  100,00
20:15:45      23    0,00    0,00    0,00    0,00    0,00    0,00    0,00    0,00    0,00  100,00

20:15:45     CPU    %usr   %nice    %sys %iowait    %irq   %soft  %steal  %guest  %gnice   %idle
20:15:46     all    0,46    0,00    0,29    0,13    0,00    4,17    0,00    0,00    0,00   94,96
20:15:46       0    0,00    0,00    0,00    0,00    0,00    0,00    0,00    0,00    0,00  100,00
20:15:46       1    2,00    0,00    1,00    0,00    0,00    0,00    0,00    0,00    0,00   97,00
20:15:46       2    0,00    0,00    0,00    0,00    0,00    0,00    0,00    0,00    0,00  100,00
20:15:46       3    0,00    0,00    0,00    0,00    0,00    0,00    0,00    0,00    0,00  100,00
20:15:46       4    8,00    0,00    6,00    0,00    0,00    0,00    0,00    0,00    0,00   86,00
20:15:46       5    0,00    0,00    0,00    0,00    0,00    0,00    0,00    0,00    0,00  100,00
20:15:46       6    0,00    0,00    0,00    0,00    0,00    0,00    0,00    0,00    0,00  100,00
20:15:46       7    0,00    0,00    0,00    0,00    0,00    0,00    0,00    0,00    0,00  100,00
20:15:46       8    0,00    0,00    0,00    0,00    0,00    0,00    0,00    0,00    0,00  100,00
20:15:46       9    0,00    0,00    0,00    0,00    0,00    0,00    0,00    0,00    0,00  100,00
20:15:46      10    0,00    0,00    0,00    2,00    0,00    0,00    0,00    0,00    0,00   98,00
20:15:46      11    0,00    0,00    0,00    0,00    0,00    0,00    0,00    0,00    0,00  100,00
20:15:46      12    0,99    0,00    0,00    0,99    0,00    0,00    0,00    0,00    0,00   98,02
20:15:46      13    0,00    0,00    0,00    0,00    0,00    0,00    0,00    0,00    0,00  100,00
20:15:46      14    0,00    0,00    0,00    0,00    0,00  100,00    0,00    0,00    0,00    0,00
20:15:46      15    0,00    0,00    0,00    0,00    0,00    0,00    0,00    0,00    0,00  100,00
20:15:46      16    0,00    0,00    0,00    0,00    0,00    0,00    0,00    0,00    0,00  100,00
20:15:46      17    0,00    0,00    0,00    0,00    0,00    0,00    0,00    0,00    0,00  100,00
20:15:46      18    0,00    0,00    0,00    0,00    0,00    0,00    0,00    0,00    0,00  100,00
20:15:46      19    0,00    0,00    0,00    0,00    0,00    0,00    0,00    0,00    0,00  100,00
20:15:46      20    0,00    0,00    0,00    0,00    0,00    0,00    0,00    0,00    0,00  100,00
20:15:46      21    0,00    0,00    0,00    0,00    0,00    0,00    0,00    0,00    0,00  100,00
20:15:46      22    0,00    0,00    0,00    0,00    0,00    0,00    0,00    0,00    0,00  100,00
20:15:46      23    0,00    0,00    0,00    0,00    0,00    0,00    0,00    0,00    0,00  100,00

20:15:46     CPU    %usr   %nice    %sys %iowait    %irq   %soft  %steal  %guest  %gnice   %idle
20:15:47     all    0,29    0,00    0,08    0,00    0,00    4,16    0,00    0,00    0,00   95,46
20:15:47       0    0,00    0,00    0,00    0,00    0,00    0,00    0,00    0,00    0,00  100,00
20:15:47       1    2,97    0,00    0,99    0,00    0,00    0,00    0,00    0,00    0,00   96,04
20:15:47       2    0,99    0,00    0,00    0,00    0,00    0,00    0,00    0,00    0,00   99,01
20:15:47       3    0,00    0,00    0,00    0,00    0,00    0,00    0,00    0,00    0,00  100,00
20:15:47       4    1,00    0,00    0,00    0,00    0,00    0,00    0,00    0,00    0,00   99,00
20:15:47       5    0,00    0,00    0,00    0,00    0,00    0,00    0,00    0,00    0,00  100,00
20:15:47       6    0,00    0,00    0,00    0,00    0,00    0,00    0,00    0,00    0,00  100,00
20:15:47       7    0,00    0,00    0,00    0,00    0,00    0,00    0,00    0,00    0,00  100,00
20:15:47       8    0,00    0,00    0,00    0,00    0,00    0,00    0,00    0,00    0,00  100,00
20:15:47       9    0,00    0,00    0,00    0,00    0,00    0,00    0,00    0,00    0,00  100,00
20:15:47      10    0,00    0,00    0,00    0,00    0,00    0,00    0,00    0,00    0,00  100,00
20:15:47      11    0,00    0,00    0,00    0,00    0,00    0,00    0,00    0,00    0,00  100,00
20:15:47      12    0,00    0,00    0,00    0,00    0,00    0,00    0,00    0,00    0,00  100,00
20:15:47      13    0,00    0,00    0,00    0,00    0,00    0,00    0,00    0,00    0,00  100,00
20:15:47      14    0,00    0,00    0,00    0,00    0,00  100,00    0,00    0,00    0,00    0,00
20:15:47      15    0,00    0,00    0,00    0,00    0,00    0,00    0,00    0,00    0,00  100,00
20:15:47      16    0,00    0,00    0,00    0,00    0,00    0,00    0,00    0,00    0,00  100,00
20:15:47      17    0,00    0,00    0,00    0,00    0,00    0,00    0,00    0,00    0,00  100,00
20:15:47      18    1,00    0,00    0,00    0,00    0,00    0,00    0,00    0,00    0,00   99,00
20:15:47      19    1,01    0,00    0,00    0,00    0,00    0,00    0,00    0,00    0,00   98,99
20:15:47      20    0,00    0,00    0,99    0,00    0,00    0,00    0,00    0,00    0,00   99,01
20:15:47      21    0,00    0,00    0,00    0,00    0,00    0,00    0,00    0,00    0,00  100,00
20:15:47      22    0,00    0,00    0,00    0,00    0,00    0,00    0,00    0,00    0,00  100,00
20:15:47      23    0,00    0,00    0,00    0,00    0,00    0,00    0,00    0,00    0,00  100,00
