Linux 6.8.0-111-generic (testbed-node6) 	19/05/26 	_x86_64_	(24 CPU)

12:37:11     CPU    %usr   %nice    %sys %iowait    %irq   %soft  %steal  %guest  %gnice   %idle
12:37:12     all    0,38    0,00    0,29    0,08    0,00   16,67    0,00    0,00    0,00   82,58
12:37:12       0    0,00    0,00    0,99    0,00    0,00   99,01    0,00    0,00    0,00    0,00
12:37:12       1    0,00    0,00    0,00    0,00    0,00  100,00    0,00    0,00    0,00    0,00
12:37:12       2    0,00    0,00    0,00    0,00    0,00  100,00    0,00    0,00    0,00    0,00
12:37:12       3    0,00    0,00    0,00    0,00    0,00  100,00    0,00    0,00    0,00    0,00
12:37:12       4    0,00    0,00    0,00    1,01    0,00    0,00    0,00    0,00    0,00   98,99
12:37:12       5    0,00    0,00    0,00    0,00    0,00    0,00    0,00    0,00    0,00  100,00
12:37:12       6    0,00    0,00    0,00    1,00    0,00    0,00    0,00    0,00    0,00   99,00
12:37:12       7    0,00    0,00    0,00    0,00    0,00    0,00    0,00    0,00    0,00  100,00
12:37:12       8    6,00    0,00    1,00    0,00    0,00    0,00    0,00    0,00    0,00   93,00
12:37:12       9    0,00    0,00    0,00    0,00    0,00    0,00    0,00    0,00    0,00  100,00
12:37:12      10    0,00    0,00    1,00    0,00    0,00    0,00    0,00    0,00    0,00   99,00
12:37:12      11    0,00    0,00    0,00    0,00    0,00    0,00    0,00    0,00    0,00  100,00
12:37:12      12    0,00    0,00    0,00    0,00    0,00    0,00    0,00    0,00    0,00  100,00
12:37:12      13    0,00    0,00    0,00    0,00    0,00    0,00    0,00    0,00    0,00  100,00
12:37:12      14    0,00    0,00    0,00    0,00    0,00    0,00    0,00    0,00    0,00  100,00
12:37:12      15    0,00    0,00    0,00    0,00    0,00    0,00    0,00    0,00    0,00  100,00
12:37:12      16    0,00    0,00    0,00    0,00    0,00    0,00    0,00    0,00    0,00  100,00
12:37:12      17    0,00    0,00    1,00    0,00    0,00    0,00    0,00    0,00    0,00   99,00
12:37:12      18    1,01    0,00    1,01    0,00    0,00    0,00    0,00    0,00    0,00   97,98
12:37:12      19    0,00    0,00    0,00    0,00    0,00    0,00    0,00    0,00    0,00  100,00
12:37:12      20    0,98    0,00    0,98    0,00    0,00    0,00    0,00    0,00    0,00   98,04
12:37:12      21    0,00    0,00    0,00    0,00    0,00    0,00    0,00    0,00    0,00  100,00
12:37:12      22    0,00    0,00    0,00    0,00    0,00    0,00    0,00    0,00    0,00  100,00
12:37:12      23    0,99    0,00    0,99    0,00    0,00    0,00    0,00    0,00    0,00   98,02

12:37:12     CPU    %usr   %nice    %sys %iowait    %irq   %soft  %steal  %guest  %gnice   %idle
12:37:13     all    0,08    0,00    0,04    0,00    0,00   16,65    0,00    0,00    0,00   83,22
12:37:13       0    0,00    0,00    0,00    0,00    0,00  100,00    0,00    0,00    0,00    0,00
12:37:13       1    0,00    0,00    0,00    0,00    0,00  100,00    0,00    0,00    0,00    0,00
12:37:13       2    0,00    0,00    0,00    0,00    0,00  100,00    0,00    0,00    0,00    0,00
12:37:13       3    0,00    0,00    0,00    0,00    0,00  100,00    0,00    0,00    0,00    0,00
12:37:13       4    0,00    0,00    0,00    0,00    0,00    0,00    0,00    0,00    0,00  100,00
12:37:13       5    0,00    0,00    0,00    0,00    0,00    0,00    0,00    0,00    0,00  100,00
12:37:13       6    0,00    0,00    0,00    0,00    0,00    0,00    0,00    0,00    0,00  100,00
12:37:13       7    0,00    0,00    0,00    0,00    0,00    0,00    0,00    0,00    0,00  100,00
12:37:13       8    0,99    0,00    0,00    0,00    0,00    0,00    0,00    0,00    0,00   99,01
12:37:13       9    0,00    0,00    0,00    0,00    0,00    0,00    0,00    0,00    0,00  100,00
12:37:13      10    0,99    0,00    0,00    0,00    0,00    0,00    0,00    0,00    0,00   99,01
12:37:13      11    0,00    0,00    0,00    0,00    0,00    0,00    0,00    0,00    0,00  100,00
12:37:13      12    0,00    0,00    0,00    0,00    0,00    0,00    0,00    0,00    0,00  100,00
12:37:13      13    0,00    0,00    0,00    0,00    0,00    0,00    0,00    0,00    0,00  100,00
12:37:13      14    0,00    0,00    0,00    0,00    0,00    0,00    0,00    0,00    0,00  100,00
12:37:13      15    0,00    0,00    0,00    0,00    0,00    0,00    0,00    0,00    0,00  100,00
12:37:13      16    0,00    0,00    0,00    0,00    0,00    0,00    0,00    0,00    0,00  100,00
12:37:13      17    0,00    0,00    0,00    0,00    0,00    0,00    0,00    0,00    0,00  100,00
12:37:13      18    0,00    0,00    0,00    0,00    0,00    0,00    0,00    0,00    0,00  100,00
12:37:13      19    0,00    0,00    0,99    0,00    0,00    0,00    0,00    0,00    0,00   99,01
12:37:13      20    0,00    0,00    0,00    0,00    0,00    0,00    0,00    0,00    0,00  100,00
12:37:13      21    0,00    0,00    0,00    0,00    0,00    0,00    0,00    0,00    0,00  100,00
12:37:13      22    0,00    0,00    0,00    0,00    0,00    0,00    0,00    0,00    0,00  100,00
12:37:13      23    0,00    0,00    0,00    0,00    0,00    0,00    0,00    0,00    0,00  100,00

12:37:13     CPU    %usr   %nice    %sys %iowait    %irq   %soft  %steal  %guest  %gnice   %idle
12:37:14     all    0,96    0,00    0,58    0,08    0,00   16,71    0,00    0,00    0,00   81,66
12:37:14       0    0,00    0,00    0,00    0,00    0,00  100,00    0,00    0,00    0,00    0,00
12:37:14       1    0,00    0,00    0,00    0,00    0,00  100,00    0,00    0,00    0,00    0,00
12:37:14       2    0,00    0,00    0,00    0,00    0,00  100,00    0,00    0,00    0,00    0,00
12:37:14       3    0,00    0,00    0,00    0,00    0,00  100,00    0,00    0,00    0,00    0,00
12:37:14       4    2,02    0,00    0,00    0,00    0,00    0,00    0,00    0,00    0,00   97,98
12:37:14       5    0,00    0,00    0,00    0,00    0,00    0,00    0,00    0,00    0,00  100,00
12:37:14       6    0,00    0,00    0,00    0,00    0,00    0,00    0,00    0,00    0,00  100,00
12:37:14       7    0,00    0,00    0,00    0,00    0,00    0,00    0,00    0,00    0,00  100,00
12:37:14       8    7,00    0,00    2,00    0,00    0,00    0,00    0,00    0,00    0,00   91,00
12:37:14       9    0,00    0,00    0,00    0,00    0,00    0,00    0,00    0,00    0,00  100,00
12:37:14      10    2,04    0,00    1,02    0,00    0,00    0,00    0,00    0,00    0,00   96,94
12:37:14      11    0,00    0,00    0,00    0,00    0,00    0,00    0,00    0,00    0,00  100,00
12:37:14      12    0,00    0,00    0,99    0,00    0,00    0,00    0,00    0,00    0,00   99,01
12:37:14      13    0,00    0,00    0,00    0,00    0,00    0,00    0,00    0,00    0,00  100,00
12:37:14      14    0,00    0,00    0,00    0,00    0,00    0,00    0,00    0,00    0,00  100,00
12:37:14      15    0,00    0,00    0,00    0,00    0,00    0,00    0,00    0,00    0,00  100,00
12:37:14      16    1,01    0,00    2,02    0,00    0,00    0,00    0,00    0,00    0,00   96,97
12:37:14      17    3,00    0,00    1,00    1,00    0,00    0,00    0,00    0,00    0,00   95,00
12:37:14      18    1,00    0,00    0,00    1,00    0,00    0,00    0,00    0,00    0,00   98,00
12:37:14      19    3,00    0,00    2,00    0,00    0,00    0,00    0,00    0,00    0,00   95,00
12:37:14      20    0,00    0,00    1,01    0,00    0,00    0,00    0,00    0,00    0,00   98,99
12:37:14      21    0,00    0,00    1,00    0,00    0,00    0,00    0,00    0,00    0,00   99,00
12:37:14      22    1,01    0,00    1,01    0,00    0,00    0,00    0,00    0,00    0,00   97,98
12:37:14      23    3,03    0,00    2,02    0,00    0,00    0,00    0,00    0,00    0,00   94,95

12:37:14     CPU    %usr   %nice    %sys %iowait    %irq   %soft  %steal  %guest  %gnice   %idle
12:37:15     all    0,08    0,00    0,00    0,00    0,00   16,67    0,00    0,00    0,00   83,25
12:37:15       0    0,00    0,00    0,00    0,00    0,00  100,00    0,00    0,00    0,00    0,00
12:37:15       1    0,00    0,00    0,00    0,00    0,00  100,00    0,00    0,00    0,00    0,00
12:37:15       2    0,00    0,00    0,00    0,00    0,00  100,00    0,00    0,00    0,00    0,00
12:37:15       3    0,00    0,00    0,00    0,00    0,00  100,00    0,00    0,00    0,00    0,00
12:37:15       4    0,00    0,00    0,00    0,00    0,00    0,00    0,00    0,00    0,00  100,00
12:37:15       5    0,00    0,00    0,00    0,00    0,00    0,00    0,00    0,00    0,00  100,00
12:37:15       6    0,00    0,00    0,00    0,00    0,00    0,00    0,00    0,00    0,00  100,00
12:37:15       7    0,00    0,00    0,00    0,00    0,00    0,00    0,00    0,00    0,00  100,00
12:37:15       8    0,00    0,00    0,00    0,00    0,00    0,00    0,00    0,00    0,00  100,00
12:37:15       9    0,00    0,00    0,00    0,00    0,00    0,00    0,00    0,00    0,00  100,00
12:37:15      10    0,99    0,00    0,00    0,00    0,00    0,00    0,00    0,00    0,00   99,01
12:37:15      11    0,00    0,00    0,00    0,00    0,00    0,00    0,00    0,00    0,00  100,00
12:37:15      12    0,00    0,00    0,00    0,00    0,00    0,00    0,00    0,00    0,00  100,00
12:37:15      13    0,00    0,00    0,00    0,00    0,00    0,00    0,00    0,00    0,00  100,00
12:37:15      14    0,00    0,00    0,00    0,00    0,00    0,00    0,00    0,00    0,00  100,00
12:37:15      15    0,00    0,00    0,00    0,00    0,00    0,00    0,00    0,00    0,00  100,00
12:37:15      16    0,99    0,00    0,00    0,00    0,00    0,00    0,00    0,00    0,00   99,01
12:37:15      17    0,00    0,00    0,00    0,00    0,00    0,00    0,00    0,00    0,00  100,00
12:37:15      18    0,00    0,00    0,00    0,00    0,00    0,00    0,00    0,00    0,00  100,00
12:37:15      19    0,00    0,00    0,00    0,00    0,00    0,00    0,00    0,00    0,00  100,00
12:37:15      20    0,00    0,00    0,00    0,00    0,00    0,00    0,00    0,00    0,00  100,00
12:37:15      21    0,00    0,00    0,00    0,00    0,00    0,00    0,00    0,00    0,00  100,00
12:37:15      22    0,00    0,00    0,00    0,00    0,00    0,00    0,00    0,00    0,00  100,00
12:37:15      23    0,00    0,00    0,00    0,00    0,00    0,00    0,00    0,00    0,00  100,00

12:37:15     CPU    %usr   %nice    %sys %iowait    %irq   %soft  %steal  %guest  %gnice   %idle
12:37:16     all    0,08    0,00    0,00    0,00    0,00   16,66    0,00    0,00    0,00   83,26
12:37:16       0    0,00    0,00    0,00    0,00    0,00  100,00    0,00    0,00    0,00    0,00
12:37:16       1    0,00    0,00    0,00    0,00    0,00  100,00    0,00    0,00    0,00    0,00
12:37:16       2    0,00    0,00    0,00    0,00    0,00  100,00    0,00    0,00    0,00    0,00
12:37:16       3    0,00    0,00    0,00    0,00    0,00  100,00    0,00    0,00    0,00    0,00
12:37:16       4    0,00    0,00    0,00    0,00    0,00    0,00    0,00    0,00    0,00  100,00
12:37:16       5    0,00    0,00    0,00    0,00    0,00    0,00    0,00    0,00    0,00  100,00
12:37:16       6    0,99    0,00    0,00    0,00    0,00    0,00    0,00    0,00    0,00   99,01
12:37:16       7    0,00    0,00    0,00    0,00    0,00    0,00    0,00    0,00    0,00  100,00
12:37:16       8    0,00    0,00    0,00    0,00    0,00    0,00    0,00    0,00    0,00  100,00
12:37:16       9    0,00    0,00    0,00    0,00    0,00    0,00    0,00    0,00    0,00  100,00
12:37:16      10    0,00    0,00    0,00    0,00    0,00    0,00    0,00    0,00    0,00  100,00
12:37:16      11    0,00    0,00    0,00    0,00    0,00    0,00    0,00    0,00    0,00  100,00
12:37:16      12    0,99    0,00    0,00    0,00    0,00    0,00    0,00    0,00    0,00   99,01
12:37:16      13    0,00    0,00    0,00    0,00    0,00    0,00    0,00    0,00    0,00  100,00
12:37:16      14    0,00    0,00    0,00    0,00    0,00    0,00    0,00    0,00    0,00  100,00
12:37:16      15    0,00    0,00    0,00    0,00    0,00    0,00    0,00    0,00    0,00  100,00
12:37:16      16    0,00    0,00    0,00    0,00    0,00    0,00    0,00    0,00    0,00  100,00
12:37:16      17    0,00    0,00    0,00    0,00    0,00    0,00    0,00    0,00    0,00  100,00
12:37:16      18    0,00    0,00    0,00    0,00    0,00    0,00    0,00    0,00    0,00  100,00
12:37:16      19    0,00    0,00    0,00    0,00    0,00    0,00    0,00    0,00    0,00  100,00
12:37:16      20    0,00    0,00    0,00    0,00    0,00    0,00    0,00    0,00    0,00  100,00
12:37:16      21    0,00    0,00    0,00    0,00    0,00    0,00    0,00    0,00    0,00  100,00
12:37:16      22    0,00    0,00    0,00    0,00    0,00    0,00    0,00    0,00    0,00  100,00
12:37:16      23    0,00    0,00    0,00    0,00    0,00    0,00    0,00    0,00    0,00  100,00

12:37:16     CPU    %usr   %nice    %sys %iowait    %irq   %soft  %steal  %guest  %gnice   %idle
12:37:17     all    0,00    0,00    0,00    0,00    0,00   16,67    0,00    0,00    0,00   83,33
12:37:17       0    0,00    0,00    0,00    0,00    0,00  100,00    0,00    0,00    0,00    0,00
12:37:17       1    0,00    0,00    0,00    0,00    0,00  100,00    0,00    0,00    0,00    0,00
12:37:17       2    0,00    0,00    0,00    0,00    0,00  100,00    0,00    0,00    0,00    0,00
12:37:17       3    0,00    0,00    0,00    0,00    0,00  100,00    0,00    0,00    0,00    0,00
12:37:17       4    0,00    0,00    0,00    0,00    0,00    0,00    0,00    0,00    0,00  100,00
12:37:17       5    0,00    0,00    0,00    0,00    0,00    0,00    0,00    0,00    0,00  100,00
12:37:17       6    0,00    0,00    0,00    0,00    0,00    0,00    0,00    0,00    0,00  100,00
12:37:17       7    0,00    0,00    0,00    0,00    0,00    0,00    0,00    0,00    0,00  100,00
12:37:17       8    0,00    0,00    0,00    0,00    0,00    0,00    0,00    0,00    0,00  100,00
12:37:17       9    0,00    0,00    0,00    0,00    0,00    0,00    0,00    0,00    0,00  100,00
12:37:17      10    0,00    0,00    0,00    0,00    0,00    0,00    0,00    0,00    0,00  100,00
12:37:17      11    0,00    0,00    0,00    0,00    0,00    0,00    0,00    0,00    0,00  100,00
12:37:17      12    0,00    0,00    0,00    0,00    0,00    0,00    0,00    0,00    0,00  100,00
12:37:17      13    0,00    0,00    0,00    0,00    0,00    0,00    0,00    0,00    0,00  100,00
12:37:17      14    0,00    0,00    0,00    0,00    0,00    0,00    0,00    0,00    0,00  100,00
12:37:17      15    0,00    0,00    0,00    0,00    0,00    0,00    0,00    0,00    0,00  100,00
12:37:17      16    0,00    0,00    0,00    0,00    0,00    0,00    0,00    0,00    0,00  100,00
12:37:17      17    0,00    0,00    0,00    0,00    0,00    0,00    0,00    0,00    0,00  100,00
12:37:17      18    0,00    0,00    0,00    0,00    0,00    0,00    0,00    0,00    0,00  100,00
12:37:17      19    0,00    0,00    0,00    0,00    0,00    0,00    0,00    0,00    0,00  100,00
12:37:17      20    0,00    0,00    0,00    0,00    0,00    0,00    0,00    0,00    0,00  100,00
12:37:17      21    0,00    0,00    0,00    0,00    0,00    0,00    0,00    0,00    0,00  100,00
12:37:17      22    0,00    0,00    0,00    0,00    0,00    0,00    0,00    0,00    0,00  100,00
12:37:17      23    0,00    0,00    0,00    0,00    0,00    0,00    0,00    0,00    0,00  100,00

12:37:17     CPU    %usr   %nice    %sys %iowait    %irq   %soft  %steal  %guest  %gnice   %idle
12:37:18     all    0,04    0,00    0,04    0,00    0,00   16,66    0,00    0,00    0,00   83,26
12:37:18       0    0,00    0,00    0,00    0,00    0,00  100,00    0,00    0,00    0,00    0,00
12:37:18       1    0,00    0,00    0,00    0,00    0,00  100,00    0,00    0,00    0,00    0,00
12:37:18       2    0,00    0,00    0,00    0,00    0,00  100,00    0,00    0,00    0,00    0,00
12:37:18       3    0,00    0,00    0,00    0,00    0,00  100,00    0,00    0,00    0,00    0,00
12:37:18       4    0,00    0,00    0,00    0,00    0,00    0,00    0,00    0,00    0,00  100,00
12:37:18       5    0,00    0,00    0,00    0,00    0,00    0,00    0,00    0,00    0,00  100,00
12:37:18       6    0,00    0,00    0,00    0,00    0,00    0,00    0,00    0,00    0,00  100,00
12:37:18       7    0,00    0,00    0,00    0,00    0,00    0,00    0,00    0,00    0,00  100,00
12:37:18       8    0,00    0,00    0,00    0,00    0,00    0,00    0,00    0,00    0,00  100,00
12:37:18       9    0,00    0,00    0,00    0,00    0,00    0,00    0,00    0,00    0,00  100,00
12:37:18      10    0,00    0,00    0,00    0,00    0,00    0,00    0,00    0,00    0,00  100,00
12:37:18      11    0,00    0,00    0,00    0,00    0,00    0,00    0,00    0,00    0,00  100,00
12:37:18      12    0,00    0,00    0,00    0,00    0,00    0,00    0,00    0,00    0,00  100,00
12:37:18      13    0,00    0,00    0,00    0,00    0,00    0,00    0,00    0,00    0,00  100,00
12:37:18      14    0,99    0,00    0,00    0,00    0,00    0,00    0,00    0,00    0,00   99,01
12:37:18      15    0,00    0,00    0,00    0,00    0,00    0,00    0,00    0,00    0,00  100,00
12:37:18      16    0,00    0,00    0,00    0,00    0,00    0,00    0,00    0,00    0,00  100,00
12:37:18      17    0,00    0,00    0,00    0,00    0,00    0,00    0,00    0,00    0,00  100,00
12:37:18      18    0,00    0,00    0,00    0,00    0,00    0,00    0,00    0,00    0,00  100,00
12:37:18      19    0,00    0,00    0,00    0,00    0,00    0,00    0,00    0,00    0,00  100,00
12:37:18      20    0,00    0,00    0,99    0,00    0,00    0,00    0,00    0,00    0,00   99,01
12:37:18      21    0,00    0,00    0,00    0,00    0,00    0,00    0,00    0,00    0,00  100,00
12:37:18      22    0,00    0,00    0,00    0,00    0,00    0,00    0,00    0,00    0,00  100,00
12:37:18      23    0,00    0,00    0,00    0,00    0,00    0,00    0,00    0,00    0,00  100,00

12:37:18     CPU    %usr   %nice    %sys %iowait    %irq   %soft  %steal  %guest  %gnice   %idle
12:37:19     all    0,00    0,00    0,00    0,17    0,00   16,69    0,00    0,00    0,00   83,15
12:37:19       0    0,00    0,00    0,00    0,00    0,00  100,00    0,00    0,00    0,00    0,00
12:37:19       1    0,00    0,00    0,00    0,00    0,00  100,00    0,00    0,00    0,00    0,00
12:37:19       2    0,00    0,00    0,00    0,00    0,00  100,00    0,00    0,00    0,00    0,00
12:37:19       3    0,00    0,00    0,00    0,00    0,00  100,00    0,00    0,00    0,00    0,00
12:37:19       4    0,00    0,00    0,00    0,00    0,00    0,00    0,00    0,00    0,00  100,00
12:37:19       5    0,00    0,00    0,00    0,00    0,00    0,00    0,00    0,00    0,00  100,00
12:37:19       6    0,00    0,00    0,00    1,00    0,00    0,00    0,00    0,00    0,00   99,00
12:37:19       7    0,00    0,00    0,00    0,00    0,00    0,00    0,00    0,00    0,00  100,00
12:37:19       8    0,00    0,00    0,00    0,00    0,00    0,00    0,00    0,00    0,00  100,00
12:37:19       9    0,00    0,00    0,00    0,00    0,00    0,00    0,00    0,00    0,00  100,00
12:37:19      10    0,00    0,00    0,00    0,00    0,00    0,00    0,00    0,00    0,00  100,00
12:37:19      11    0,00    0,00    0,00    0,00    0,00    0,00    0,00    0,00    0,00  100,00
12:37:19      12    0,00    0,00    0,00    0,00    0,00    0,00    0,00    0,00    0,00  100,00
12:37:19      13    0,00    0,00    0,00    0,00    0,00    0,00    0,00    0,00    0,00  100,00
12:37:19      14    0,00    0,00    0,00    0,00    0,00    0,00    0,00    0,00    0,00  100,00
12:37:19      15    0,00    0,00    0,00    0,00    0,00    0,00    0,00    0,00    0,00  100,00
12:37:19      16    0,00    0,00    0,00    0,00    0,00    0,00    0,00    0,00    0,00  100,00
12:37:19      17    0,00    0,00    0,00    3,00    0,00    0,00    0,00    0,00    0,00   97,00
12:37:19      18    0,00    0,00    0,00    0,00    0,00    0,00    0,00    0,00    0,00  100,00
12:37:19      19    0,00    0,00    0,00    0,00    0,00    0,00    0,00    0,00    0,00  100,00
12:37:19      20    0,00    0,00    0,00    0,00    0,00    0,00    0,00    0,00    0,00  100,00
12:37:19      21    0,00    0,00    0,00    0,00    0,00    0,00    0,00    0,00    0,00  100,00
12:37:19      22    0,00    0,00    0,00    0,00    0,00    0,00    0,00    0,00    0,00  100,00
12:37:19      23    0,00    0,00    0,00    0,00    0,00    0,00    0,00    0,00    0,00  100,00

12:37:19     CPU    %usr   %nice    %sys %iowait    %irq   %soft  %steal  %guest  %gnice   %idle
12:37:20     all    0,04    0,00    0,00    0,00    0,00   16,67    0,00    0,00    0,00   83,28
12:37:20       0    0,00    0,00    0,00    0,00    0,00  100,00    0,00    0,00    0,00    0,00
12:37:20       1    0,00    0,00    0,00    0,00    0,00  100,00    0,00    0,00    0,00    0,00
12:37:20       2    0,00    0,00    0,00    0,00    0,00  100,00    0,00    0,00    0,00    0,00
12:37:20       3    0,00    0,00    0,00    0,00    0,00  100,00    0,00    0,00    0,00    0,00
12:37:20       4    0,00    0,00    0,00    0,00    0,00    0,00    0,00    0,00    0,00  100,00
12:37:20       5    0,00    0,00    0,00    0,00    0,00    0,00    0,00    0,00    0,00  100,00
12:37:20       6    0,00    0,00    0,00    0,00    0,00    0,00    0,00    0,00    0,00  100,00
12:37:20       7    0,00    0,00    0,00    0,00    0,00    0,00    0,00    0,00    0,00  100,00
12:37:20       8    0,00    0,00    0,00    0,00    0,00    0,00    0,00    0,00    0,00  100,00
12:37:20       9    0,00    0,00    0,00    0,00    0,00    0,00    0,00    0,00    0,00  100,00
12:37:20      10    0,00    0,00    0,00    0,00    0,00    0,00    0,00    0,00    0,00  100,00
12:37:20      11    0,00    0,00    0,00    0,00    0,00    0,00    0,00    0,00    0,00  100,00
12:37:20      12    0,00    0,00    0,00    0,00    0,00    0,00    0,00    0,00    0,00  100,00
12:37:20      13    0,00    0,00    0,00    0,00    0,00    0,00    0,00    0,00    0,00  100,00
12:37:20      14    0,00    0,00    0,00    0,00    0,00    0,00    0,00    0,00    0,00  100,00
12:37:20      15    0,00    0,00    0,00    0,00    0,00    0,00    0,00    0,00    0,00  100,00
12:37:20      16    0,00    0,00    0,00    0,00    0,00    0,00    0,00    0,00    0,00  100,00
12:37:20      17    0,00    0,00    0,00    0,00    0,00    0,00    0,00    0,00    0,00  100,00
12:37:20      18    0,00    0,00    0,00    0,00    0,00    0,00    0,00    0,00    0,00  100,00
12:37:20      19    0,00    0,00    0,00    0,00    0,00    0,00    0,00    0,00    0,00  100,00
12:37:20      20    0,99    0,00    0,00    0,00    0,00    0,00    0,00    0,00    0,00   99,01
12:37:20      21    0,00    0,00    0,00    0,00    0,00    0,00    0,00    0,00    0,00  100,00
12:37:20      22    0,00    0,00    0,00    0,00    0,00    0,00    0,00    0,00    0,00  100,00
12:37:20      23    0,00    0,00    0,00    0,00    0,00    0,00    0,00    0,00    0,00  100,00

12:37:20     CPU    %usr   %nice    %sys %iowait    %irq   %soft  %steal  %guest  %gnice   %idle
12:37:21     all    0,00    0,00    0,00    0,00    0,00   16,67    0,00    0,00    0,00   83,33
12:37:21       0    0,00    0,00    0,00    0,00    0,00  100,00    0,00    0,00    0,00    0,00
12:37:21       1    0,00    0,00    0,00    0,00    0,00  100,00    0,00    0,00    0,00    0,00
12:37:21       2    0,00    0,00    0,00    0,00    0,00  100,00    0,00    0,00    0,00    0,00
12:37:21       3    0,00    0,00    0,00    0,00    0,00  100,00    0,00    0,00    0,00    0,00
12:37:21       4    0,00    0,00    0,00    0,00    0,00    0,00    0,00    0,00    0,00  100,00
12:37:21       5    0,00    0,00    0,00    0,00    0,00    0,00    0,00    0,00    0,00  100,00
12:37:21       6    0,00    0,00    0,00    0,00    0,00    0,00    0,00    0,00    0,00  100,00
12:37:21       7    0,00    0,00    0,00    0,00    0,00    0,00    0,00    0,00    0,00  100,00
12:37:21       8    0,00    0,00    0,00    0,00    0,00    0,00    0,00    0,00    0,00  100,00
12:37:21       9    0,00    0,00    0,00    0,00    0,00    0,00    0,00    0,00    0,00  100,00
12:37:21      10    0,00    0,00    0,00    0,00    0,00    0,00    0,00    0,00    0,00  100,00
12:37:21      11    0,00    0,00    0,00    0,00    0,00    0,00    0,00    0,00    0,00  100,00
12:37:21      12    0,00    0,00    0,00    0,00    0,00    0,00    0,00    0,00    0,00  100,00
12:37:21      13    0,00    0,00    0,00    0,00    0,00    0,00    0,00    0,00    0,00  100,00
12:37:21      14    0,00    0,00    0,00    0,00    0,00    0,00    0,00    0,00    0,00  100,00
12:37:21      15    0,00    0,00    0,00    0,00    0,00    0,00    0,00    0,00    0,00  100,00
12:37:21      16    0,00    0,00    0,00    0,00    0,00    0,00    0,00    0,00    0,00  100,00
12:37:21      17    0,00    0,00    0,00    0,00    0,00    0,00    0,00    0,00    0,00  100,00
12:37:21      18    0,00    0,00    0,00    0,00    0,00    0,00    0,00    0,00    0,00  100,00
12:37:21      19    0,00    0,00    0,00    0,00    0,00    0,00    0,00    0,00    0,00  100,00
12:37:21      20    0,00    0,00    0,00    0,00    0,00    0,00    0,00    0,00    0,00  100,00
12:37:21      21    0,00    0,00    0,00    0,00    0,00    0,00    0,00    0,00    0,00  100,00
12:37:21      22    0,00    0,00    0,00    0,00    0,00    0,00    0,00    0,00    0,00  100,00
12:37:21      23    0,00    0,00    0,00    0,00    0,00    0,00    0,00    0,00    0,00  100,00

12:37:21     CPU    %usr   %nice    %sys %iowait    %irq   %soft  %steal  %guest  %gnice   %idle
12:37:22     all    0,58    0,00    0,38    0,00    0,00   16,68    0,00    0,00    0,00   82,36
12:37:22       0    0,00    0,00    0,00    0,00    0,00  100,00    0,00    0,00    0,00    0,00
12:37:22       1    0,00    0,00    0,00    0,00    0,00  100,00    0,00    0,00    0,00    0,00
12:37:22       2    0,00    0,00    0,00    0,00    0,00  100,00    0,00    0,00    0,00    0,00
12:37:22       3    0,00    0,00    0,00    0,00    0,00  100,00    0,00    0,00    0,00    0,00
12:37:22       4    0,00    0,00    0,00    0,00    0,00    0,00    0,00    0,00    0,00  100,00
12:37:22       5    0,00    0,00    0,00    0,00    0,00    0,00    0,00    0,00    0,00  100,00
12:37:22       6    0,00    0,00    0,00    0,00    0,00    0,00    0,00    0,00    0,00  100,00
12:37:22       7    0,00    0,00    0,00    0,00    0,00    0,00    0,00    0,00    0,00  100,00
12:37:22       8    0,00    0,00    0,00    0,00    0,00    0,00    0,00    0,00    0,00  100,00
12:37:22       9    0,00    0,00    0,00    0,00    0,00    0,00    0,00    0,00    0,00  100,00
12:37:22      10   11,00    0,00    6,00    0,00    0,00    0,00    0,00    0,00    0,00   83,00
12:37:22      11    0,00    0,00    0,00    0,00    0,00    0,00    0,00    0,00    0,00  100,00
12:37:22      12    0,00    0,00    0,00    0,00    0,00    0,00    0,00    0,00    0,00  100,00
12:37:22      13    0,00    0,00    0,00    0,00    0,00    0,00    0,00    0,00    0,00  100,00
12:37:22      14    2,97    0,00    2,97    0,00    0,00    0,00    0,00    0,00    0,00   94,06
12:37:22      15    0,00    0,00    0,00    0,00    0,00    0,00    0,00    0,00    0,00  100,00
12:37:22      16    0,00    0,00    0,00    0,00    0,00    0,00    0,00    0,00    0,00  100,00
12:37:22      17    0,00    0,00    0,00    0,00    0,00    0,00    0,00    0,00    0,00  100,00
12:37:22      18    0,00    0,00    0,00    0,00    0,00    0,00    0,00    0,00    0,00  100,00
12:37:22      19    0,00    0,00    0,00    0,00    0,00    0,00    0,00    0,00    0,00  100,00
12:37:22      20    0,00    0,00    0,00    0,00    0,00    0,00    0,00    0,00    0,00  100,00
12:37:22      21    0,00    0,00    0,00    0,00    0,00    0,00    0,00    0,00    0,00  100,00
12:37:22      22    0,00    0,00    0,00    0,00    0,00    0,00    0,00    0,00    0,00  100,00
12:37:22      23    0,00    0,00    0,00    0,00    0,00    0,00    0,00    0,00    0,00  100,00

12:37:22     CPU    %usr   %nice    %sys %iowait    %irq   %soft  %steal  %guest  %gnice   %idle
12:37:23     all    0,08    0,00    0,04    0,00    0,00   16,67    0,00    0,00    0,00   83,21
12:37:23       0    0,00    0,00    0,00    0,00    0,00  100,00    0,00    0,00    0,00    0,00
12:37:23       1    0,00    0,00    0,00    0,00    0,00  100,00    0,00    0,00    0,00    0,00
12:37:23       2    0,00    0,00    0,00    0,00    0,00  100,00    0,00    0,00    0,00    0,00
12:37:23       3    0,00    0,00    0,00    0,00    0,00  100,00    0,00    0,00    0,00    0,00
12:37:23       4    0,00    0,00    0,00    0,00    0,00    0,00    0,00    0,00    0,00  100,00
12:37:23       5    0,00    0,00    0,00    0,00    0,00    0,00    0,00    0,00    0,00  100,00
12:37:23       6    0,00    0,00    0,00    0,00    0,00    0,00    0,00    0,00    0,00  100,00
12:37:23       7    0,00    0,00    0,00    0,00    0,00    0,00    0,00    0,00    0,00  100,00
12:37:23       8    0,00    0,00    0,00    0,00    0,00    0,00    0,00    0,00    0,00  100,00
12:37:23       9    0,00    0,00    0,00    0,00    0,00    0,00    0,00    0,00    0,00  100,00
12:37:23      10    0,98    0,00    0,98    0,00    0,00    0,00    0,00    0,00    0,00   98,04
12:37:23      11    0,00    0,00    0,00    0,00    0,00    0,00    0,00    0,00    0,00  100,00
12:37:23      12    0,00    0,00    0,00    0,00    0,00    0,00    0,00    0,00    0,00  100,00
12:37:23      13    0,00    0,00    0,00    0,00    0,00    0,00    0,00    0,00    0,00  100,00
12:37:23      14    0,00    0,00    0,00    0,00    0,00    0,00    0,00    0,00    0,00  100,00
12:37:23      15    0,00    0,00    0,00    0,00    0,00    0,00    0,00    0,00    0,00  100,00
12:37:23      16    0,00    0,00    0,00    0,00    0,00    0,00    0,00    0,00    0,00  100,00
12:37:23      17    0,00    0,00    0,00    0,00    0,00    0,00    0,00    0,00    0,00  100,00
12:37:23      18    0,00    0,00    0,00    0,00    0,00    0,00    0,00    0,00    0,00  100,00
12:37:23      19    0,00    0,00    0,00    0,00    0,00    0,00    0,00    0,00    0,00  100,00
12:37:23      20    0,00    0,00    0,00    0,00    0,00    0,00    0,00    0,00    0,00  100,00
12:37:23      21    0,99    0,00    0,00    0,00    0,00    0,00    0,00    0,00    0,00   99,01
12:37:23      22    0,00    0,00    0,00    0,00    0,00    0,00    0,00    0,00    0,00  100,00
12:37:23      23    0,00    0,00    0,00    0,00    0,00    0,00    0,00    0,00    0,00  100,00

12:37:23     CPU    %usr   %nice    %sys %iowait    %irq   %soft  %steal  %guest  %gnice   %idle
12:37:24     all    1,92    0,00    0,83    0,12    0,00   16,66    0,00    0,00    0,00   80,47
12:37:24       0    0,00    0,00    0,00    0,00    0,00  100,00    0,00    0,00    0,00    0,00
12:37:24       1    0,00    0,00    0,00    0,00    0,00  100,00    0,00    0,00    0,00    0,00
12:37:24       2    0,00    0,00    0,00    0,00    0,00  100,00    0,00    0,00    0,00    0,00
12:37:24       3    0,00    0,00    0,00    0,00    0,00  100,00    0,00    0,00    0,00    0,00
12:37:24       4    3,00    0,00    1,00    0,00    0,00    0,00    0,00    0,00    0,00   96,00
12:37:24       5    0,99    0,00    0,00    0,00    0,00    0,00    0,00    0,00    0,00   99,01
12:37:24       6    0,00    0,00    0,00    0,00    0,00    0,00    0,00    0,00    0,00  100,00
12:37:24       7    0,00    0,00    0,00    0,00    0,00    0,00    0,00    0,00    0,00  100,00
12:37:24       8    8,00    0,00    1,00    0,00    0,00    0,00    0,00    0,00    0,00   91,00
12:37:24       9    0,00    0,00    0,00    0,00    0,00    0,00    0,00    0,00    0,00  100,00
12:37:24      10    6,12    0,00    1,02    0,00    0,00    0,00    0,00    0,00    0,00   92,86
12:37:24      11    0,00    0,00    0,00    0,00    0,00    0,00    0,00    0,00    0,00  100,00
12:37:24      12    4,00    0,00    0,00    0,00    0,00    0,00    0,00    0,00    0,00   96,00
12:37:24      13    0,00    0,00    0,00    0,00    0,00    0,00    0,00    0,00    0,00  100,00
12:37:24      14    1,98    0,00    0,99    0,00    0,00    0,00    0,00    0,00    0,00   97,03
12:37:24      15    0,00    0,00    0,00    0,00    0,00    0,00    0,00    0,00    0,00  100,00
12:37:24      16    3,00    0,00    2,00    2,00    0,00    0,00    0,00    0,00    0,00   93,00
12:37:24      17    3,03    0,00    2,02    1,01    0,00    0,00    0,00    0,00    0,00   93,94
12:37:24      18    2,97    0,00    2,97    0,00    0,00    0,00    0,00    0,00    0,00   94,06
12:37:24      19    6,93    0,00    1,98    0,00    0,00    0,00    0,00    0,00    0,00   91,09
12:37:24      20    1,00    0,00    2,00    0,00    0,00    0,00    0,00    0,00    0,00   97,00
12:37:24      21    1,00    0,00    2,00    0,00    0,00    0,00    0,00    0,00    0,00   97,00
12:37:24      22    1,98    0,00    1,98    0,00    0,00    0,00    0,00    0,00    0,00   96,04
12:37:24      23    2,02    0,00    1,01    0,00    0,00    0,00    0,00    0,00    0,00   96,97
