Linux 6.8.0-111-generic (testbed-node6) 	06/05/26 	_x86_64_	(24 CPU)

20:51:34     CPU    %usr   %nice    %sys %iowait    %irq   %soft  %steal  %guest  %gnice   %idle
20:51:35     all    5,05    0,00    0,25    0,08    0,00    0,00    0,00    0,00    0,00   94,62
20:51:35       0    0,00    0,00    0,00    1,01    0,00    0,00    0,00    0,00    0,00   98,99
20:51:35       1    0,00    0,00    0,00    0,00    0,00    0,00    0,00    0,00    0,00  100,00
20:51:35       2    1,00    0,00    0,00    0,00    0,00    0,00    0,00    0,00    0,00   99,00
20:51:35       3    0,00    0,00    0,00    0,00    0,00    0,00    0,00    0,00    0,00  100,00
20:51:35       4    0,99    0,00    0,00    0,00    0,00    0,00    0,00    0,00    0,00   99,01
20:51:35       5    0,00    0,00    0,00    0,00    0,00    0,00    0,00    0,00    0,00  100,00
20:51:35       6    2,00    0,00    1,00    0,00    0,00    0,00    0,00    0,00    0,00   97,00
20:51:35       7    0,00    0,00    0,00    0,00    0,00    0,00    0,00    0,00    0,00  100,00
20:51:35       8  100,00    0,00    0,00    0,00    0,00    0,00    0,00    0,00    0,00    0,00
20:51:35       9    0,00    0,00    0,00    0,00    0,00    0,00    0,00    0,00    0,00  100,00
20:51:35      10    7,00    0,00    0,00    0,00    0,00    0,00    0,00    0,00    0,00   93,00
20:51:35      11    0,00    0,00    0,00    0,00    0,00    0,00    0,00    0,00    0,00  100,00
20:51:35      12    1,98    0,00    0,00    0,99    0,00    0,00    0,00    0,00    0,00   97,03
20:51:35      13    0,00    0,00    0,00    0,00    0,00    0,00    0,00    0,00    0,00  100,00
20:51:35      14    2,00    0,00    1,00    0,00    0,00    0,00    0,00    0,00    0,00   97,00
20:51:35      15    0,00    0,00    0,00    0,00    0,00    0,00    0,00    0,00    0,00  100,00
20:51:35      16    0,99    0,00    0,99    0,00    0,00    0,00    0,00    0,00    0,00   98,02
20:51:35      17    1,01    0,00    0,00    0,00    0,00    0,00    0,00    0,00    0,00   98,99
20:51:35      18    1,00    0,00    1,00    0,00    0,00    0,00    0,00    0,00    0,00   98,00
20:51:35      19    1,01    0,00    0,00    0,00    0,00    0,00    0,00    0,00    0,00   98,99
20:51:35      20    0,00    0,00    0,00    0,00    0,00    0,00    0,00    0,00    0,00  100,00
20:51:35      21    1,00    0,00    1,00    0,00    0,00    0,00    0,00    0,00    0,00   98,00
20:51:35      22    0,99    0,00    0,00    0,00    0,00    0,00    0,00    0,00    0,00   99,01
20:51:35      23    1,00    0,00    1,00    0,00    0,00    0,00    0,00    0,00    0,00   98,00

20:51:35     CPU    %usr   %nice    %sys %iowait    %irq   %soft  %steal  %guest  %gnice   %idle
20:51:36     all    4,75    0,00    0,21    0,08    0,00    0,00    0,00    0,00    0,00   94,96
20:51:36       0    1,98    0,00    0,99    0,00    0,00    0,00    0,00    0,00    0,00   97,03
20:51:36       1    0,00    0,00    0,00    0,00    0,00    0,00    0,00    0,00    0,00  100,00
20:51:36       2    0,00    0,00    0,00    0,00    0,00    0,00    0,00    0,00    0,00  100,00
20:51:36       3    0,00    0,00    0,00    0,00    0,00    0,00    0,00    0,00    0,00  100,00
20:51:36       4    0,00    0,00    1,01    0,00    0,00    0,00    0,00    0,00    0,00   98,99
20:51:36       5    0,00    0,00    0,00    0,00    0,00    0,00    0,00    0,00    0,00  100,00
20:51:36       6    0,00    0,00    0,00    0,00    0,00    0,00    0,00    0,00    0,00  100,00
20:51:36       7    1,00    0,00    0,00    0,00    0,00    0,00    0,00    0,00    0,00   99,00
20:51:36       8  100,00    0,00    0,00    0,00    0,00    0,00    0,00    0,00    0,00    0,00
20:51:36       9    0,00    0,00    0,00    0,00    0,00    0,00    0,00    0,00    0,00  100,00
20:51:36      10    3,00    0,00    0,00    0,00    0,00    0,00    0,00    0,00    0,00   97,00
20:51:36      11    4,90    0,00    0,98    0,98    0,00    0,00    0,00    0,00    0,00   93,14
20:51:36      12    1,00    0,00    1,00    0,00    0,00    0,00    0,00    0,00    0,00   98,00
20:51:36      13    0,00    0,00    0,00    0,00    0,00    0,00    0,00    0,00    0,00  100,00
20:51:36      14    0,00    0,00    0,00    0,00    0,00    0,00    0,00    0,00    0,00  100,00
20:51:36      15    0,00    0,00    0,00    1,00    0,00    0,00    0,00    0,00    0,00   99,00
20:51:36      16    0,00    0,00    0,00    0,00    0,00    0,00    0,00    0,00    0,00  100,00
20:51:36      17    0,00    0,00    0,00    0,00    0,00    0,00    0,00    0,00    0,00  100,00
20:51:36      18    1,00    0,00    1,00    0,00    0,00    0,00    0,00    0,00    0,00   98,00
20:51:36      19    0,00    0,00    0,00    0,00    0,00    0,00    0,00    0,00    0,00  100,00
20:51:36      20    1,01    0,00    0,00    0,00    0,00    0,00    0,00    0,00    0,00   98,99
20:51:36      21    0,00    0,00    0,00    0,00    0,00    0,00    0,00    0,00    0,00  100,00
20:51:36      22    0,00    0,00    0,00    0,00    0,00    0,00    0,00    0,00    0,00  100,00
20:51:36      23    0,00    0,00    0,00    0,00    0,00    0,00    0,00    0,00    0,00  100,00

20:51:36     CPU    %usr   %nice    %sys %iowait    %irq   %soft  %steal  %guest  %gnice   %idle
20:51:37     all    4,29    0,00    0,00    0,00    0,00    0,00    0,00    0,00    0,00   95,71
20:51:37       0    0,00    0,00    0,00    0,00    0,00    0,00    0,00    0,00    0,00  100,00
20:51:37       1    0,00    0,00    0,00    0,00    0,00    0,00    0,00    0,00    0,00  100,00
20:51:37       2    0,00    0,00    0,00    0,00    0,00    0,00    0,00    0,00    0,00  100,00
20:51:37       3    0,00    0,00    0,00    0,00    0,00    0,00    0,00    0,00    0,00  100,00
20:51:37       4    0,00    0,00    0,00    0,00    0,00    0,00    0,00    0,00    0,00  100,00
20:51:37       5    0,00    0,00    0,00    0,00    0,00    0,00    0,00    0,00    0,00  100,00
20:51:37       6    0,00    0,00    0,00    0,00    0,00    0,00    0,00    0,00    0,00  100,00
20:51:37       7    0,00    0,00    0,00    0,00    0,00    0,00    0,00    0,00    0,00  100,00
20:51:37       8  100,00    0,00    0,00    0,00    0,00    0,00    0,00    0,00    0,00    0,00
20:51:37       9    0,00    0,00    0,00    0,00    0,00    0,00    0,00    0,00    0,00  100,00
20:51:37      10    0,00    0,00    0,00    0,00    0,00    0,00    0,00    0,00    0,00  100,00
20:51:37      11    0,00    0,00    0,00    0,00    0,00    0,00    0,00    0,00    0,00  100,00
20:51:37      12    0,99    0,00    0,00    0,00    0,00    0,00    0,00    0,00    0,00   99,01
20:51:37      13    0,00    0,00    0,00    0,00    0,00    0,00    0,00    0,00    0,00  100,00
20:51:37      14    0,00    0,00    0,00    0,00    0,00    0,00    0,00    0,00    0,00  100,00
20:51:37      15    0,00    0,00    0,00    0,00    0,00    0,00    0,00    0,00    0,00  100,00
20:51:37      16    0,00    0,00    0,00    0,00    0,00    0,00    0,00    0,00    0,00  100,00
20:51:37      17    0,99    0,00    0,00    0,00    0,00    0,00    0,00    0,00    0,00   99,01
20:51:37      18    0,00    0,00    0,00    0,00    0,00    0,00    0,00    0,00    0,00  100,00
20:51:37      19    0,00    0,00    0,00    0,00    0,00    0,00    0,00    0,00    0,00  100,00
20:51:37      20    0,00    0,00    0,00    0,00    0,00    0,00    0,00    0,00    0,00  100,00
20:51:37      21    0,00    0,00    0,00    0,00    0,00    0,00    0,00    0,00    0,00  100,00
20:51:37      22    0,00    0,00    0,00    0,00    0,00    0,00    0,00    0,00    0,00  100,00
20:51:37      23    0,00    0,00    0,00    0,00    0,00    0,00    0,00    0,00    0,00  100,00

20:51:37     CPU    %usr   %nice    %sys %iowait    %irq   %soft  %steal  %guest  %gnice   %idle
20:51:38     all    6,09    0,00    0,58    0,00    0,00    0,00    0,00    0,00    0,00   93,32
20:51:38       0    0,00    0,00    0,00    0,00    0,00    0,00    0,00    0,00    0,00  100,00
20:51:38       1    1,00    0,00    0,00    0,00    0,00    0,00    0,00    0,00    0,00   99,00
20:51:38       2    1,00    0,00    0,00    0,00    0,00    0,00    0,00    0,00    0,00   99,00
20:51:38       3    1,01    0,00    0,00    0,00    0,00    0,00    0,00    0,00    0,00   98,99
20:51:38       4    1,00    0,00    0,00    0,00    0,00    0,00    0,00    0,00    0,00   99,00
20:51:38       5    0,00    0,00    0,00    0,00    0,00    0,00    0,00    0,00    0,00  100,00
20:51:38       6    1,00    0,00    0,00    0,00    0,00    0,00    0,00    0,00    0,00   99,00
20:51:38       7    0,00    0,00    0,00    0,00    0,00    0,00    0,00    0,00    0,00  100,00
20:51:38       8  100,00    0,00    0,00    0,00    0,00    0,00    0,00    0,00    0,00    0,00
20:51:38       9    1,00    0,00    0,00    0,00    0,00    0,00    0,00    0,00    0,00   99,00
20:51:38      10    2,00    0,00    1,00    0,00    0,00    0,00    0,00    0,00    0,00   97,00
20:51:38      11    8,08    0,00    0,00    0,00    0,00    0,00    0,00    0,00    0,00   91,92
20:51:38      12    5,00    0,00    1,00    0,00    0,00    0,00    0,00    0,00    0,00   94,00
20:51:38      13    1,00    0,00    0,00    0,00    0,00    0,00    0,00    0,00    0,00   99,00
20:51:38      14    3,96    0,00    1,98    0,00    0,00    0,00    0,00    0,00    0,00   94,06
20:51:38      15    1,00    0,00    0,00    0,00    0,00    0,00    0,00    0,00    0,00   99,00
20:51:38      16    2,97    0,00    0,99    0,00    0,00    0,00    0,00    0,00    0,00   96,04
20:51:38      17    3,06    0,00    2,04    0,00    0,00    0,00    0,00    0,00    0,00   94,90
20:51:38      18    2,00    0,00    1,00    0,00    0,00    0,00    0,00    0,00    0,00   97,00
20:51:38      19    1,98    0,00    0,99    0,00    0,00    0,00    0,00    0,00    0,00   97,03
20:51:38      20    1,98    0,00    0,99    0,00    0,00    0,00    0,00    0,00    0,00   97,03
20:51:38      21    1,00    0,00    1,00    0,00    0,00    0,00    0,00    0,00    0,00   98,00
20:51:38      22    2,02    0,00    2,02    0,00    0,00    0,00    0,00    0,00    0,00   95,96
20:51:38      23    4,00    0,00    1,00    0,00    0,00    0,00    0,00    0,00    0,00   95,00

20:51:38     CPU    %usr   %nice    %sys %iowait    %irq   %soft  %steal  %guest  %gnice   %idle
20:51:39     all    4,25    0,00    0,04    0,00    0,00    0,00    0,00    0,00    0,00   95,71
20:51:39       0    1,00    0,00    0,00    0,00    0,00    0,00    0,00    0,00    0,00   99,00
20:51:39       1    0,00    0,00    0,00    0,00    0,00    0,00    0,00    0,00    0,00  100,00
20:51:39       2    0,00    0,00    0,00    0,00    0,00    0,00    0,00    0,00    0,00  100,00
20:51:39       3    0,00    0,00    0,00    0,00    0,00    0,00    0,00    0,00    0,00  100,00
20:51:39       4    0,00    0,00    0,00    0,00    0,00    0,00    0,00    0,00    0,00  100,00
20:51:39       5    0,00    0,00    0,00    0,00    0,00    0,00    0,00    0,00    0,00  100,00
20:51:39       6    0,00    0,00    0,00    0,00    0,00    0,00    0,00    0,00    0,00  100,00
20:51:39       7    0,00    0,00    0,00    0,00    0,00    0,00    0,00    0,00    0,00  100,00
20:51:39       8  100,00    0,00    0,00    0,00    0,00    0,00    0,00    0,00    0,00    0,00
20:51:39       9    0,00    0,00    0,00    0,00    0,00    0,00    0,00    0,00    0,00  100,00
20:51:39      10    0,00    0,00    0,00    0,00    0,00    0,00    0,00    0,00    0,00  100,00
20:51:39      11    0,00    0,00    0,00    0,00    0,00    0,00    0,00    0,00    0,00  100,00
20:51:39      12    0,00    0,00    0,00    0,00    0,00    0,00    0,00    0,00    0,00  100,00
20:51:39      13    0,00    0,00    0,00    0,00    0,00    0,00    0,00    0,00    0,00  100,00
20:51:39      14    0,00    0,00    0,00    0,00    0,00    0,00    0,00    0,00    0,00  100,00
20:51:39      15    0,00    0,00    0,00    0,00    0,00    0,00    0,00    0,00    0,00  100,00
20:51:39      16    0,00    0,00    0,00    0,00    0,00    0,00    0,00    0,00    0,00  100,00
20:51:39      17    0,98    0,00    0,98    0,00    0,00    0,00    0,00    0,00    0,00   98,04
20:51:39      18    0,00    0,00    0,00    0,00    0,00    0,00    0,00    0,00    0,00  100,00
20:51:39      19    0,00    0,00    0,00    0,00    0,00    0,00    0,00    0,00    0,00  100,00
20:51:39      20    0,00    0,00    0,00    0,00    0,00    0,00    0,00    0,00    0,00  100,00
20:51:39      21    0,00    0,00    0,00    0,00    0,00    0,00    0,00    0,00    0,00  100,00
20:51:39      22    0,00    0,00    0,00    0,00    0,00    0,00    0,00    0,00    0,00  100,00
20:51:39      23    0,00    0,00    0,00    0,00    0,00    0,00    0,00    0,00    0,00  100,00

20:51:39     CPU    %usr   %nice    %sys %iowait    %irq   %soft  %steal  %guest  %gnice   %idle
20:51:40     all    4,33    0,00    0,00    0,12    0,00    0,00    0,00    0,00    0,00   95,55
20:51:40       0    0,00    0,00    0,00    2,00    0,00    0,00    0,00    0,00    0,00   98,00
20:51:40       1    0,00    0,00    0,00    0,00    0,00    0,00    0,00    0,00    0,00  100,00
20:51:40       2    0,00    0,00    0,00    0,00    0,00    0,00    0,00    0,00    0,00  100,00
20:51:40       3    0,00    0,00    0,00    0,00    0,00    0,00    0,00    0,00    0,00  100,00
20:51:40       4    0,00    0,00    0,00    0,00    0,00    0,00    0,00    0,00    0,00  100,00
20:51:40       5    0,00    0,00    0,00    0,00    0,00    0,00    0,00    0,00    0,00  100,00
20:51:40       6    2,91    0,00    0,00    0,00    0,00    0,00    0,00    0,00    0,00   97,09
20:51:40       7    0,00    0,00    0,00    0,00    0,00    0,00    0,00    0,00    0,00  100,00
20:51:40       8  100,00    0,00    0,00    0,00    0,00    0,00    0,00    0,00    0,00    0,00
20:51:40       9    0,00    0,00    0,00    0,00    0,00    0,00    0,00    0,00    0,00  100,00
20:51:40      10    1,00    0,00    0,00    1,00    0,00    0,00    0,00    0,00    0,00   98,00
20:51:40      11    0,00    0,00    0,00    0,00    0,00    0,00    0,00    0,00    0,00  100,00
20:51:40      12    0,00    0,00    0,00    0,00    0,00    0,00    0,00    0,00    0,00  100,00
20:51:40      13    0,00    0,00    0,00    0,00    0,00    0,00    0,00    0,00    0,00  100,00
20:51:40      14    0,00    0,00    0,00    0,00    0,00    0,00    0,00    0,00    0,00  100,00
20:51:40      15    0,00    0,00    0,00    0,00    0,00    0,00    0,00    0,00    0,00  100,00
20:51:40      16    0,00    0,00    0,00    0,00    0,00    0,00    0,00    0,00    0,00  100,00
20:51:40      17    0,00    0,00    0,00    0,00    0,00    0,00    0,00    0,00    0,00  100,00
20:51:40      18    0,00    0,00    0,00    0,00    0,00    0,00    0,00    0,00    0,00  100,00
20:51:40      19    0,00    0,00    0,00    0,00    0,00    0,00    0,00    0,00    0,00  100,00
20:51:40      20    0,00    0,00    0,00    0,00    0,00    0,00    0,00    0,00    0,00  100,00
20:51:40      21    0,00    0,00    0,00    0,00    0,00    0,00    0,00    0,00    0,00  100,00
20:51:40      22    0,00    0,00    0,00    0,00    0,00    0,00    0,00    0,00    0,00  100,00
20:51:40      23    0,00    0,00    0,00    0,00    0,00    0,00    0,00    0,00    0,00  100,00

20:51:40     CPU    %usr   %nice    %sys %iowait    %irq   %soft  %steal  %guest  %gnice   %idle
20:51:41     all    4,25    0,00    0,00    0,00    0,00    0,00    0,00    0,00    0,00   95,75
20:51:41       0    0,00    0,00    0,00    0,00    0,00    0,00    0,00    0,00    0,00  100,00
20:51:41       1    0,00    0,00    0,00    0,00    0,00    0,00    0,00    0,00    0,00  100,00
20:51:41       2    0,00    0,00    0,00    0,00    0,00    0,00    0,00    0,00    0,00  100,00
20:51:41       3    0,00    0,00    0,00    0,00    0,00    0,00    0,00    0,00    0,00  100,00
20:51:41       4    0,00    0,00    0,00    0,00    0,00    0,00    0,00    0,00    0,00  100,00
20:51:41       5    0,00    0,00    0,00    0,00    0,00    0,00    0,00    0,00    0,00  100,00
20:51:41       6    1,00    0,00    0,00    0,00    0,00    0,00    0,00    0,00    0,00   99,00
20:51:41       7    0,00    0,00    0,00    0,00    0,00    0,00    0,00    0,00    0,00  100,00
20:51:41       8  100,00    0,00    0,00    0,00    0,00    0,00    0,00    0,00    0,00    0,00
20:51:41       9    0,00    0,00    0,00    0,00    0,00    0,00    0,00    0,00    0,00  100,00
20:51:41      10    0,99    0,00    0,00    0,00    0,00    0,00    0,00    0,00    0,00   99,01
20:51:41      11    0,00    0,00    0,00    0,00    0,00    0,00    0,00    0,00    0,00  100,00
20:51:41      12    0,00    0,00    0,00    0,00    0,00    0,00    0,00    0,00    0,00  100,00
20:51:41      13    0,00    0,00    0,00    0,00    0,00    0,00    0,00    0,00    0,00  100,00
20:51:41      14    0,00    0,00    0,00    0,00    0,00    0,00    0,00    0,00    0,00  100,00
20:51:41      15    0,00    0,00    0,00    0,00    0,00    0,00    0,00    0,00    0,00  100,00
20:51:41      16    0,00    0,00    0,00    0,00    0,00    0,00    0,00    0,00    0,00  100,00
20:51:41      17    0,00    0,00    0,00    0,00    0,00    0,00    0,00    0,00    0,00  100,00
20:51:41      18    0,00    0,00    0,00    0,00    0,00    0,00    0,00    0,00    0,00  100,00
20:51:41      19    0,00    0,00    0,00    0,00    0,00    0,00    0,00    0,00    0,00  100,00
20:51:41      20    0,00    0,00    0,00    0,00    0,00    0,00    0,00    0,00    0,00  100,00
20:51:41      21    0,00    0,00    0,00    0,00    0,00    0,00    0,00    0,00    0,00  100,00
20:51:41      22    0,00    0,00    0,00    0,00    0,00    0,00    0,00    0,00    0,00  100,00
20:51:41      23    0,00    0,00    0,00    0,00    0,00    0,00    0,00    0,00    0,00  100,00

20:51:41     CPU    %usr   %nice    %sys %iowait    %irq   %soft  %steal  %guest  %gnice   %idle
20:51:42     all    4,33    0,00    0,04    0,00    0,00    0,00    0,00    0,00    0,00   95,63
20:51:42       0    0,00    0,00    0,00    0,00    0,00    0,00    0,00    0,00    0,00  100,00
20:51:42       1    0,00    0,00    0,00    0,00    0,00    0,00    0,00    0,00    0,00  100,00
20:51:42       2    0,00    0,00    0,00    0,00    0,00    0,00    0,00    0,00    0,00  100,00
20:51:42       3    0,00    0,00    0,00    0,00    0,00    0,00    0,00    0,00    0,00  100,00
20:51:42       4    0,00    0,00    0,00    0,00    0,00    0,00    0,00    0,00    0,00  100,00
20:51:42       5    0,00    0,00    0,00    0,00    0,00    0,00    0,00    0,00    0,00  100,00
20:51:42       6    0,00    0,00    0,00    0,00    0,00    0,00    0,00    0,00    0,00  100,00
20:51:42       7    0,00    0,00    0,00    0,00    0,00    0,00    0,00    0,00    0,00  100,00
20:51:42       8  100,00    0,00    0,00    0,00    0,00    0,00    0,00    0,00    0,00    0,00
20:51:42       9    0,00    0,00    0,00    0,00    0,00    0,00    0,00    0,00    0,00  100,00
20:51:42      10    1,98    0,00    0,00    0,00    0,00    0,00    0,00    0,00    0,00   98,02
20:51:42      11    0,00    0,00    0,00    0,00    0,00    0,00    0,00    0,00    0,00  100,00
20:51:42      12    0,99    0,00    0,00    0,00    0,00    0,00    0,00    0,00    0,00   99,01
20:51:42      13    0,00    0,00    0,00    0,00    0,00    0,00    0,00    0,00    0,00  100,00
20:51:42      14    0,00    0,00    0,00    0,00    0,00    0,00    0,00    0,00    0,00  100,00
20:51:42      15    0,00    0,00    0,00    0,00    0,00    0,00    0,00    0,00    0,00  100,00
20:51:42      16    0,00    0,00    0,00    0,00    0,00    0,00    0,00    0,00    0,00  100,00
20:51:42      17    0,99    0,00    0,00    0,00    0,00    0,00    0,00    0,00    0,00   99,01
20:51:42      18    0,00    0,00    0,99    0,00    0,00    0,00    0,00    0,00    0,00   99,01
20:51:42      19    0,00    0,00    0,00    0,00    0,00    0,00    0,00    0,00    0,00  100,00
20:51:42      20    0,00    0,00    0,00    0,00    0,00    0,00    0,00    0,00    0,00  100,00
20:51:42      21    0,00    0,00    0,00    0,00    0,00    0,00    0,00    0,00    0,00  100,00
20:51:42      22    0,00    0,00    0,00    0,00    0,00    0,00    0,00    0,00    0,00  100,00
20:51:42      23    0,00    0,00    0,00    0,00    0,00    0,00    0,00    0,00    0,00  100,00

20:51:42     CPU    %usr   %nice    %sys %iowait    %irq   %soft  %steal  %guest  %gnice   %idle
20:51:43     all    4,33    0,00    0,00    0,04    0,00    0,00    0,00    0,00    0,00   95,62
20:51:43       0    0,00    0,00    0,00    0,00    0,00    0,00    0,00    0,00    0,00  100,00
20:51:43       1    0,00    0,00    0,00    0,00    0,00    0,00    0,00    0,00    0,00  100,00
20:51:43       2    0,00    0,00    0,00    0,00    0,00    0,00    0,00    0,00    0,00  100,00
20:51:43       3    0,00    0,00    0,00    0,00    0,00    0,00    0,00    0,00    0,00  100,00
20:51:43       4    0,00    0,00    0,00    0,00    0,00    0,00    0,00    0,00    0,00  100,00
20:51:43       5    0,00    0,00    0,00    0,00    0,00    0,00    0,00    0,00    0,00  100,00
20:51:43       6    0,99    0,00    0,00    0,00    0,00    0,00    0,00    0,00    0,00   99,01
20:51:43       7    0,00    0,00    0,00    0,00    0,00    0,00    0,00    0,00    0,00  100,00
20:51:43       8  100,00    0,00    0,00    0,00    0,00    0,00    0,00    0,00    0,00    0,00
20:51:43       9    0,00    0,00    0,00    0,00    0,00    0,00    0,00    0,00    0,00  100,00
20:51:43      10    0,99    0,00    0,00    0,00    0,00    0,00    0,00    0,00    0,00   99,01
20:51:43      11    0,00    0,00    0,00    1,00    0,00    0,00    0,00    0,00    0,00   99,00
20:51:43      12    0,00    0,00    0,00    0,00    0,00    0,00    0,00    0,00    0,00  100,00
20:51:43      13    0,00    0,00    0,00    0,00    0,00    0,00    0,00    0,00    0,00  100,00
20:51:43      14    1,00    0,00    0,00    0,00    0,00    0,00    0,00    0,00    0,00   99,00
20:51:43      15    0,00    0,00    0,00    0,00    0,00    0,00    0,00    0,00    0,00  100,00
20:51:43      16    1,00    0,00    0,00    0,00    0,00    0,00    0,00    0,00    0,00   99,00
20:51:43      17    0,00    0,00    0,00    0,00    0,00    0,00    0,00    0,00    0,00  100,00
20:51:43      18    0,00    0,00    0,00    0,00    0,00    0,00    0,00    0,00    0,00  100,00
20:51:43      19    0,00    0,00    0,00    0,00    0,00    0,00    0,00    0,00    0,00  100,00
20:51:43      20    0,00    0,00    0,00    0,00    0,00    0,00    0,00    0,00    0,00  100,00
20:51:43      21    0,00    0,00    0,00    0,00    0,00    0,00    0,00    0,00    0,00  100,00
20:51:43      22    0,00    0,00    0,00    0,00    0,00    0,00    0,00    0,00    0,00  100,00
20:51:43      23    0,00    0,00    0,00    0,00    0,00    0,00    0,00    0,00    0,00  100,00

20:51:43     CPU    %usr   %nice    %sys %iowait    %irq   %soft  %steal  %guest  %gnice   %idle
20:51:44     all    4,29    0,00    0,00    0,00    0,00    0,00    0,00    0,00    0,00   95,71
20:51:44       0    0,00    0,00    0,00    0,00    0,00    0,00    0,00    0,00    0,00  100,00
20:51:44       1    0,00    0,00    0,00    0,00    0,00    0,00    0,00    0,00    0,00  100,00
20:51:44       2    0,00    0,00    0,00    0,00    0,00    0,00    0,00    0,00    0,00  100,00
20:51:44       3    0,00    0,00    0,00    0,00    0,00    0,00    0,00    0,00    0,00  100,00
20:51:44       4    0,00    0,00    0,00    0,00    0,00    0,00    0,00    0,00    0,00  100,00
20:51:44       5    0,00    0,00    0,00    0,00    0,00    0,00    0,00    0,00    0,00  100,00
20:51:44       6    0,00    0,00    0,00    0,00    0,00    0,00    0,00    0,00    0,00  100,00
20:51:44       7    0,00    0,00    0,00    0,00    0,00    0,00    0,00    0,00    0,00  100,00
20:51:44       8  100,00    0,00    0,00    0,00    0,00    0,00    0,00    0,00    0,00    0,00
20:51:44       9    0,00    0,00    0,00    0,00    0,00    0,00    0,00    0,00    0,00  100,00
20:51:44      10    0,99    0,00    0,00    0,00    0,00    0,00    0,00    0,00    0,00   99,01
20:51:44      11    0,00    0,00    0,00    0,00    0,00    0,00    0,00    0,00    0,00  100,00
20:51:44      12    1,96    0,00    0,00    0,00    0,00    0,00    0,00    0,00    0,00   98,04
20:51:44      13    0,00    0,00    0,00    0,00    0,00    0,00    0,00    0,00    0,00  100,00
20:51:44      14    0,00    0,00    0,00    0,00    0,00    0,00    0,00    0,00    0,00  100,00
20:51:44      15    0,00    0,00    0,00    0,00    0,00    0,00    0,00    0,00    0,00  100,00
20:51:44      16    0,00    0,00    0,00    0,00    0,00    0,00    0,00    0,00    0,00  100,00
20:51:44      17    0,00    0,00    0,00    0,00    0,00    0,00    0,00    0,00    0,00  100,00
20:51:44      18    0,00    0,00    0,00    0,00    0,00    0,00    0,00    0,00    0,00  100,00
20:51:44      19    0,00    0,00    0,00    0,00    0,00    0,00    0,00    0,00    0,00  100,00
20:51:44      20    0,00    0,00    0,00    0,00    0,00    0,00    0,00    0,00    0,00  100,00
20:51:44      21    0,00    0,00    0,00    0,00    0,00    0,00    0,00    0,00    0,00  100,00
20:51:44      22    0,00    0,00    0,00    0,00    0,00    0,00    0,00    0,00    0,00  100,00
20:51:44      23    0,00    0,00    0,00    0,00    0,00    0,00    0,00    0,00    0,00  100,00

20:51:44     CPU    %usr   %nice    %sys %iowait    %irq   %soft  %steal  %guest  %gnice   %idle
20:51:45     all    4,38    0,00    0,08    0,08    0,00    0,00    0,00    0,00    0,00   95,46
20:51:45       0    0,00    0,00    0,00    1,01    0,00    0,00    0,00    0,00    0,00   98,99
20:51:45       1    0,00    0,00    0,00    0,00    0,00    0,00    0,00    0,00    0,00  100,00
20:51:45       2    0,00    0,00    0,00    0,00    0,00    0,00    0,00    0,00    0,00  100,00
20:51:45       3    0,99    0,00    0,00    0,00    0,00    0,00    0,00    0,00    0,00   99,01
20:51:45       4    0,00    0,00    0,00    0,00    0,00    0,00    0,00    0,00    0,00  100,00
20:51:45       5    0,00    0,00    0,00    0,00    0,00    0,00    0,00    0,00    0,00  100,00
20:51:45       6    0,00    0,00    0,00    1,00    0,00    0,00    0,00    0,00    0,00   99,00
20:51:45       7    0,00    0,00    0,00    0,00    0,00    0,00    0,00    0,00    0,00  100,00
20:51:45       8  100,00    0,00    0,00    0,00    0,00    0,00    0,00    0,00    0,00    0,00
20:51:45       9    0,00    0,00    0,00    0,00    0,00    0,00    0,00    0,00    0,00  100,00
20:51:45      10    3,00    0,00    2,00    0,00    0,00    0,00    0,00    0,00    0,00   95,00
20:51:45      11    0,00    0,00    0,00    0,00    0,00    0,00    0,00    0,00    0,00  100,00
20:51:45      12    1,00    0,00    0,00    0,00    0,00    0,00    0,00    0,00    0,00   99,00
20:51:45      13    0,00    0,00    0,00    0,00    0,00    0,00    0,00    0,00    0,00  100,00
20:51:45      14    0,00    0,00    0,00    0,00    0,00    0,00    0,00    0,00    0,00  100,00
20:51:45      15    0,00    0,00    0,00    0,00    0,00    0,00    0,00    0,00    0,00  100,00
20:51:45      16    0,00    0,00    0,00    0,00    0,00    0,00    0,00    0,00    0,00  100,00
20:51:45      17    0,00    0,00    0,00    0,00    0,00    0,00    0,00    0,00    0,00  100,00
20:51:45      18    0,00    0,00    0,00    0,00    0,00    0,00    0,00    0,00    0,00  100,00
20:51:45      19    0,00    0,00    0,00    0,00    0,00    0,00    0,00    0,00    0,00  100,00
20:51:45      20    0,00    0,00    0,00    0,00    0,00    0,00    0,00    0,00    0,00  100,00
20:51:45      21    0,00    0,00    0,00    0,00    0,00    0,00    0,00    0,00    0,00  100,00
20:51:45      22    0,00    0,00    0,00    0,00    0,00    0,00    0,00    0,00    0,00  100,00
20:51:45      23    0,00    0,00    0,00    0,00    0,00    0,00    0,00    0,00    0,00  100,00

20:51:45     CPU    %usr   %nice    %sys %iowait    %irq   %soft  %steal  %guest  %gnice   %idle
20:51:46     all    4,28    0,00    0,04    0,00    0,00    0,00    0,00    0,00    0,00   95,67
20:51:46       0    0,00    0,00    0,00    0,00    0,00    0,00    0,00    0,00    0,00  100,00
20:51:46       1    0,00    0,00    0,00    0,00    0,00    0,00    0,00    0,00    0,00  100,00
20:51:46       2    0,00    0,00    0,00    0,00    0,00    0,00    0,00    0,00    0,00  100,00
20:51:46       3    0,00    0,00    0,00    0,00    0,00    0,00    0,00    0,00    0,00  100,00
20:51:46       4    0,00    0,00    0,00    0,00    0,00    0,00    0,00    0,00    0,00  100,00
20:51:46       5    0,00    0,00    0,00    0,00    0,00    0,00    0,00    0,00    0,00  100,00
20:51:46       6    0,00    0,00    0,00    0,00    0,00    0,00    0,00    0,00    0,00  100,00
20:51:46       7    0,00    0,00    0,00    0,00    0,00    0,00    0,00    0,00    0,00  100,00
20:51:46       8  100,00    0,00    0,00    0,00    0,00    0,00    0,00    0,00    0,00    0,00
20:51:46       9    0,00    0,00    0,00    0,00    0,00    0,00    0,00    0,00    0,00  100,00
20:51:46      10    0,00    0,00    0,99    0,00    0,00    0,00    0,00    0,00    0,00   99,01
20:51:46      11    0,00    0,00    0,00    0,00    0,00    0,00    0,00    0,00    0,00  100,00
20:51:46      12    2,91    0,00    0,00    0,00    0,00    0,00    0,00    0,00    0,00   97,09
20:51:46      13    0,00    0,00    0,00    0,00    0,00    0,00    0,00    0,00    0,00  100,00
20:51:46      14    0,00    0,00    0,00    0,00    0,00    0,00    0,00    0,00    0,00  100,00
20:51:46      15    0,00    0,00    0,00    0,00    0,00    0,00    0,00    0,00    0,00  100,00
20:51:46      16    0,00    0,00    0,00    0,00    0,00    0,00    0,00    0,00    0,00  100,00
20:51:46      17    0,00    0,00    0,00    0,00    0,00    0,00    0,00    0,00    0,00  100,00
20:51:46      18    0,00    0,00    0,00    0,00    0,00    0,00    0,00    0,00    0,00  100,00
20:51:46      19    0,00    0,00    0,00    0,00    0,00    0,00    0,00    0,00    0,00  100,00
20:51:46      20    0,00    0,00    0,00    0,00    0,00    0,00    0,00    0,00    0,00  100,00
20:51:46      21    0,00    0,00    0,00    0,00    0,00    0,00    0,00    0,00    0,00  100,00
20:51:46      22    0,00    0,00    0,00    0,00    0,00    0,00    0,00    0,00    0,00  100,00
20:51:46      23    0,00    0,00    0,00    0,00    0,00    0,00    0,00    0,00    0,00  100,00

20:51:46     CPU    %usr   %nice    %sys %iowait    %irq   %soft  %steal  %guest  %gnice   %idle
20:51:47     all    4,33    0,00    0,00    0,00    0,00    0,00    0,00    0,00    0,00   95,67
20:51:47       0    0,00    0,00    0,00    0,00    0,00    0,00    0,00    0,00    0,00  100,00
20:51:47       1    0,00    0,00    0,00    0,00    0,00    0,00    0,00    0,00    0,00  100,00
20:51:47       2    0,00    0,00    0,00    0,00    0,00    0,00    0,00    0,00    0,00  100,00
20:51:47       3    0,00    0,00    0,00    0,00    0,00    0,00    0,00    0,00    0,00  100,00
20:51:47       4    0,00    0,00    0,00    0,00    0,00    0,00    0,00    0,00    0,00  100,00
20:51:47       5    0,00    0,00    0,00    0,00    0,00    0,00    0,00    0,00    0,00  100,00
20:51:47       6    0,00    0,00    0,00    0,00    0,00    0,00    0,00    0,00    0,00  100,00
20:51:47       7    0,00    0,00    0,00    0,00    0,00    0,00    0,00    0,00    0,00  100,00
20:51:47       8  100,00    0,00    0,00    0,00    0,00    0,00    0,00    0,00    0,00    0,00
20:51:47       9    0,00    0,00    0,00    0,00    0,00    0,00    0,00    0,00    0,00  100,00
20:51:47      10    1,00    0,00    0,00    0,00    0,00    0,00    0,00    0,00    0,00   99,00
20:51:47      11    0,00    0,00    0,00    0,00    0,00    0,00    0,00    0,00    0,00  100,00
20:51:47      12    2,91    0,00    0,00    0,00    0,00    0,00    0,00    0,00    0,00   97,09
20:51:47      13    0,00    0,00    0,00    0,00    0,00    0,00    0,00    0,00    0,00  100,00
20:51:47      14    0,00    0,00    0,00    0,00    0,00    0,00    0,00    0,00    0,00  100,00
20:51:47      15    0,00    0,00    0,00    0,00    0,00    0,00    0,00    0,00    0,00  100,00
20:51:47      16    0,00    0,00    0,00    0,00    0,00    0,00    0,00    0,00    0,00  100,00
20:51:47      17    0,00    0,00    0,00    0,00    0,00    0,00    0,00    0,00    0,00  100,00
20:51:47      18    0,00    0,00    0,00    0,00    0,00    0,00    0,00    0,00    0,00  100,00
20:51:47      19    0,00    0,00    0,00    0,00    0,00    0,00    0,00    0,00    0,00  100,00
20:51:47      20    0,00    0,00    0,00    0,00    0,00    0,00    0,00    0,00    0,00  100,00
20:51:47      21    0,00    0,00    0,00    0,00    0,00    0,00    0,00    0,00    0,00  100,00
20:51:47      22    0,00    0,00    0,00    0,00    0,00    0,00    0,00    0,00    0,00  100,00
20:51:47      23    0,00    0,00    0,00    0,00    0,00    0,00    0,00    0,00    0,00  100,00

20:51:47     CPU    %usr   %nice    %sys %iowait    %irq   %soft  %steal  %guest  %gnice   %idle
20:51:48     all    5,74    0,00    0,37    0,00    0,00    0,00    0,00    0,00    0,00   93,88
20:51:48       0    0,00    0,00    0,00    0,00    0,00    0,00    0,00    0,00    0,00  100,00
20:51:48       1    1,00    0,00    0,00    0,00    0,00    0,00    0,00    0,00    0,00   99,00
20:51:48       2    0,99    0,00    0,99    0,00    0,00    0,00    0,00    0,00    0,00   98,02
20:51:48       3    6,93    0,00    0,99    0,00    0,00    0,00    0,00    0,00    0,00   92,08
20:51:48       4    2,00    0,00    0,00    0,00    0,00    0,00    0,00    0,00    0,00   98,00
20:51:48       5    0,99    0,00    0,00    0,00    0,00    0,00    0,00    0,00    0,00   99,01
20:51:48       6    1,00    0,00    0,00    0,00    0,00    0,00    0,00    0,00    0,00   99,00
20:51:48       7    1,00    0,00    0,00    0,00    0,00    0,00    0,00    0,00    0,00   99,00
20:51:48       8  100,00    0,00    0,00    0,00    0,00    0,00    0,00    0,00    0,00    0,00
20:51:48       9    0,00    0,00    0,00    0,00    0,00    0,00    0,00    0,00    0,00  100,00
20:51:48      10    6,00    0,00    0,00    0,00    0,00    0,00    0,00    0,00    0,00   94,00
20:51:48      11    1,00    0,00    1,00    0,00    0,00    0,00    0,00    0,00    0,00   98,00
20:51:48      12    3,92    0,00    0,98    0,00    0,00    0,00    0,00    0,00    0,00   95,10
20:51:48      13    1,00    0,00    0,00    0,00    0,00    0,00    0,00    0,00    0,00   99,00
20:51:48      14    1,00    0,00    1,00    0,00    0,00    0,00    0,00    0,00    0,00   98,00
20:51:48      15    0,00    0,00    0,00    0,00    0,00    0,00    0,00    0,00    0,00  100,00
20:51:48      16    1,01    0,00    0,00    0,00    0,00    0,00    0,00    0,00    0,00   98,99
20:51:48      17    2,97    0,00    0,99    0,00    0,00    0,00    0,00    0,00    0,00   96,04
20:51:48      18    1,01    0,00    0,00    0,00    0,00    0,00    0,00    0,00    0,00   98,99
20:51:48      19    0,99    0,00    0,99    0,00    0,00    0,00    0,00    0,00    0,00   98,02
20:51:48      20    1,00    0,00    1,00    0,00    0,00    0,00    0,00    0,00    0,00   98,00
20:51:48      21    1,00    0,00    0,00    0,00    0,00    0,00    0,00    0,00    0,00   99,00
20:51:48      22    1,00    0,00    0,00    0,00    0,00    0,00    0,00    0,00    0,00   99,00
20:51:48      23    2,00    0,00    1,00    0,00    0,00    0,00    0,00    0,00    0,00   97,00
