Linux 6.8.0-110-generic (testbed-node1) 	13/05/26 	_x86_64_	(24 CPU)

18:08:05     CPU    %usr   %nice    %sys %iowait    %irq   %soft  %steal  %guest  %gnice   %idle
18:08:06     all   54,32    0,00    0,04    0,00    0,00    0,00    0,00    0,00    0,00   45,64
18:08:06       0  100,00    0,00    0,00    0,00    0,00    0,00    0,00    0,00    0,00    0,00
18:08:06       1  100,00    0,00    0,00    0,00    0,00    0,00    0,00    0,00    0,00    0,00
18:08:06       2  100,00    0,00    0,00    0,00    0,00    0,00    0,00    0,00    0,00    0,00
18:08:06       3  100,00    0,00    0,00    0,00    0,00    0,00    0,00    0,00    0,00    0,00
18:08:06       4  100,00    0,00    0,00    0,00    0,00    0,00    0,00    0,00    0,00    0,00
18:08:06       5  100,00    0,00    0,00    0,00    0,00    0,00    0,00    0,00    0,00    0,00
18:08:06       6  100,00    0,00    0,00    0,00    0,00    0,00    0,00    0,00    0,00    0,00
18:08:06       7  100,00    0,00    0,00    0,00    0,00    0,00    0,00    0,00    0,00    0,00
18:08:06       8  100,00    0,00    0,00    0,00    0,00    0,00    0,00    0,00    0,00    0,00
18:08:06       9  100,00    0,00    0,00    0,00    0,00    0,00    0,00    0,00    0,00    0,00
18:08:06      10  100,00    0,00    0,00    0,00    0,00    0,00    0,00    0,00    0,00    0,00
18:08:06      11  100,00    0,00    0,00    0,00    0,00    0,00    0,00    0,00    0,00    0,00
18:08:06      12  100,00    0,00    0,00    0,00    0,00    0,00    0,00    0,00    0,00    0,00
18:08:06      13    0,00    0,00    0,00    0,00    0,00    0,00    0,00    0,00    0,00  100,00
18:08:06      14    0,00    0,00    0,00    0,00    0,00    0,00    0,00    0,00    0,00  100,00
18:08:06      15    0,00    0,00    0,00    0,00    0,00    0,00    0,00    0,00    0,00  100,00
18:08:06      16    1,00    0,00    0,00    0,00    0,00    0,00    0,00    0,00    0,00   99,00
18:08:06      17    0,00    0,00    0,00    0,00    0,00    0,00    0,00    0,00    0,00  100,00
18:08:06      18    0,00    0,00    0,00    0,00    0,00    0,00    0,00    0,00    0,00  100,00
18:08:06      19    0,00    0,00    0,00    0,00    0,00    0,00    0,00    0,00    0,00  100,00
18:08:06      20    0,00    0,00    1,00    0,00    0,00    0,00    0,00    0,00    0,00   99,00
18:08:06      21    0,00    0,00    0,00    0,00    0,00    0,00    0,00    0,00    0,00  100,00
18:08:06      22    0,00    0,00    0,00    0,00    0,00    0,00    0,00    0,00    0,00  100,00
18:08:06      23    0,00    0,00    0,00    0,00    0,00    0,00    0,00    0,00    0,00  100,00

18:08:06     CPU    %usr   %nice    %sys %iowait    %irq   %soft  %steal  %guest  %gnice   %idle
18:08:07     all   54,44    0,00    0,29    0,00    0,00    0,00    0,00    0,00    0,00   45,27
18:08:07       0  100,00    0,00    0,00    0,00    0,00    0,00    0,00    0,00    0,00    0,00
18:08:07       1  100,00    0,00    0,00    0,00    0,00    0,00    0,00    0,00    0,00    0,00
18:08:07       2  100,00    0,00    0,00    0,00    0,00    0,00    0,00    0,00    0,00    0,00
18:08:07       3  100,00    0,00    0,00    0,00    0,00    0,00    0,00    0,00    0,00    0,00
18:08:07       4  100,00    0,00    0,00    0,00    0,00    0,00    0,00    0,00    0,00    0,00
18:08:07       5  100,00    0,00    0,00    0,00    0,00    0,00    0,00    0,00    0,00    0,00
18:08:07       6  100,00    0,00    0,00    0,00    0,00    0,00    0,00    0,00    0,00    0,00
18:08:07       7  100,00    0,00    0,00    0,00    0,00    0,00    0,00    0,00    0,00    0,00
18:08:07       8  100,00    0,00    0,00    0,00    0,00    0,00    0,00    0,00    0,00    0,00
18:08:07       9  100,00    0,00    0,00    0,00    0,00    0,00    0,00    0,00    0,00    0,00
18:08:07      10  100,00    0,00    0,00    0,00    0,00    0,00    0,00    0,00    0,00    0,00
18:08:07      11  100,00    0,00    0,00    0,00    0,00    0,00    0,00    0,00    0,00    0,00
18:08:07      12  100,00    0,00    0,00    0,00    0,00    0,00    0,00    0,00    0,00    0,00
18:08:07      13    1,00    0,00    0,00    0,00    0,00    0,00    0,00    0,00    0,00   99,00
18:08:07      14    0,00    0,00    0,00    0,00    0,00    0,00    0,00    0,00    0,00  100,00
18:08:07      15    0,00    0,00    0,00    0,00    0,00    0,00    0,00    0,00    0,00  100,00
18:08:07      16    0,00    0,00    0,99    0,00    0,00    0,00    0,00    0,00    0,00   99,01
18:08:07      17    0,00    0,00    1,00    0,00    0,00    0,00    0,00    0,00    0,00   99,00
18:08:07      18    1,00    0,00    1,00    0,00    0,00    0,00    0,00    0,00    0,00   98,00
18:08:07      19    1,00    0,00    0,00    0,00    0,00    0,00    0,00    0,00    0,00   99,00
18:08:07      20    1,00    0,00    1,00    0,00    0,00    0,00    0,00    0,00    0,00   98,00
18:08:07      21    2,02    0,00    0,00    0,00    0,00    0,00    0,00    0,00    0,00   97,98
18:08:07      22    0,00    0,00    0,00    0,00    0,00    0,00    0,00    0,00    0,00  100,00
18:08:07      23    0,99    0,00    2,97    0,00    0,00    0,00    0,00    0,00    0,00   96,04

18:08:07     CPU    %usr   %nice    %sys %iowait    %irq   %soft  %steal  %guest  %gnice   %idle
18:08:08     all   54,58    0,00    0,25    0,17    0,00    0,00    0,00    0,00    0,00   45,00
18:08:08       0  100,00    0,00    0,00    0,00    0,00    0,00    0,00    0,00    0,00    0,00
18:08:08       1  100,00    0,00    0,00    0,00    0,00    0,00    0,00    0,00    0,00    0,00
18:08:08       2  100,00    0,00    0,00    0,00    0,00    0,00    0,00    0,00    0,00    0,00
18:08:08       3  100,00    0,00    0,00    0,00    0,00    0,00    0,00    0,00    0,00    0,00
18:08:08       4  100,00    0,00    0,00    0,00    0,00    0,00    0,00    0,00    0,00    0,00
18:08:08       5  100,00    0,00    0,00    0,00    0,00    0,00    0,00    0,00    0,00    0,00
18:08:08       6  100,00    0,00    0,00    0,00    0,00    0,00    0,00    0,00    0,00    0,00
18:08:08       7  100,00    0,00    0,00    0,00    0,00    0,00    0,00    0,00    0,00    0,00
18:08:08       8  100,00    0,00    0,00    0,00    0,00    0,00    0,00    0,00    0,00    0,00
18:08:08       9  100,00    0,00    0,00    0,00    0,00    0,00    0,00    0,00    0,00    0,00
18:08:08      10  100,00    0,00    0,00    0,00    0,00    0,00    0,00    0,00    0,00    0,00
18:08:08      11  100,00    0,00    0,00    0,00    0,00    0,00    0,00    0,00    0,00    0,00
18:08:08      12  100,00    0,00    0,00    0,00    0,00    0,00    0,00    0,00    0,00    0,00
18:08:08      13    0,00    0,00    0,00    0,00    0,00    0,00    0,00    0,00    0,00  100,00
18:08:08      14    6,00    0,00    1,00    0,00    0,00    0,00    0,00    0,00    0,00   93,00
18:08:08      15    0,00    0,00    0,00    0,00    0,00    0,00    0,00    0,00    0,00  100,00
18:08:08      16    2,02    0,00    0,00    1,01    0,00    0,00    0,00    0,00    0,00   96,97
18:08:08      17    1,00    0,00    0,00    1,00    0,00    0,00    0,00    0,00    0,00   98,00
18:08:08      18    0,00    0,00    0,00    0,00    0,00    0,00    0,00    0,00    0,00  100,00
18:08:08      19    0,00    0,00    1,00    0,00    0,00    0,00    0,00    0,00    0,00   99,00
18:08:08      20    0,00    0,00    1,00    0,00    0,00    0,00    0,00    0,00    0,00   99,00
18:08:08      21    0,99    0,00    1,98    0,99    0,00    0,00    0,00    0,00    0,00   96,04
18:08:08      22    0,00    0,00    1,00    1,00    0,00    0,00    0,00    0,00    0,00   98,00
18:08:08      23    0,00    0,00    0,00    0,00    0,00    0,00    0,00    0,00    0,00  100,00

18:08:08     CPU    %usr   %nice    %sys %iowait    %irq   %soft  %steal  %guest  %gnice   %idle
18:08:09     all   57,24    0,00    0,46    0,00    0,00    0,00    0,00    0,00    0,00   42,30
18:08:09       0  100,00    0,00    0,00    0,00    0,00    0,00    0,00    0,00    0,00    0,00
18:08:09       1  100,00    0,00    0,00    0,00    0,00    0,00    0,00    0,00    0,00    0,00
18:08:09       2  100,00    0,00    0,00    0,00    0,00    0,00    0,00    0,00    0,00    0,00
18:08:09       3  100,00    0,00    0,00    0,00    0,00    0,00    0,00    0,00    0,00    0,00
18:08:09       4  100,00    0,00    0,00    0,00    0,00    0,00    0,00    0,00    0,00    0,00
18:08:09       5  100,00    0,00    0,00    0,00    0,00    0,00    0,00    0,00    0,00    0,00
18:08:09       6  100,00    0,00    0,00    0,00    0,00    0,00    0,00    0,00    0,00    0,00
18:08:09       7  100,00    0,00    0,00    0,00    0,00    0,00    0,00    0,00    0,00    0,00
18:08:09       8  100,00    0,00    0,00    0,00    0,00    0,00    0,00    0,00    0,00    0,00
18:08:09       9  100,00    0,00    0,00    0,00    0,00    0,00    0,00    0,00    0,00    0,00
18:08:09      10  100,00    0,00    0,00    0,00    0,00    0,00    0,00    0,00    0,00    0,00
18:08:09      11  100,00    0,00    0,00    0,00    0,00    0,00    0,00    0,00    0,00    0,00
18:08:09      12  100,00    0,00    0,00    0,00    0,00    0,00    0,00    0,00    0,00    0,00
18:08:09      13    0,00    0,00    0,00    0,00    0,00    0,00    0,00    0,00    0,00  100,00
18:08:09      14    0,00    0,00    0,00    0,00    0,00    0,00    0,00    0,00    0,00  100,00
18:08:09      15    0,00    0,00    0,00    0,00    0,00    0,00    0,00    0,00    0,00  100,00
18:08:09      16   13,00    0,00    1,00    0,00    0,00    0,00    0,00    0,00    0,00   86,00
18:08:09      17   12,87    0,00    1,98    0,00    0,00    0,00    0,00    0,00    0,00   85,15
18:08:09      18   13,13    0,00    0,00    0,00    0,00    0,00    0,00    0,00    0,00   86,87
18:08:09      19   14,00    0,00    0,00    0,00    0,00    0,00    0,00    0,00    0,00   86,00
18:08:09      20    0,00    0,00    0,00    0,00    0,00    0,00    0,00    0,00    0,00  100,00
18:08:09      21    2,02    0,00    5,05    0,00    0,00    0,00    0,00    0,00    0,00   92,93
18:08:09      22   16,16    0,00    2,02    0,00    0,00    0,00    0,00    0,00    0,00   81,82
18:08:09      23    0,00    0,00    1,01    0,00    0,00    0,00    0,00    0,00    0,00   98,99

18:08:09     CPU    %usr   %nice    %sys %iowait    %irq   %soft  %steal  %guest  %gnice   %idle
18:08:10     all   54,52    0,00    0,38    0,00    0,00    0,00    0,00    0,00    0,00   45,10
18:08:10       0  100,00    0,00    0,00    0,00    0,00    0,00    0,00    0,00    0,00    0,00
18:08:10       1  100,00    0,00    0,00    0,00    0,00    0,00    0,00    0,00    0,00    0,00
18:08:10       2  100,00    0,00    0,00    0,00    0,00    0,00    0,00    0,00    0,00    0,00
18:08:10       3  100,00    0,00    0,00    0,00    0,00    0,00    0,00    0,00    0,00    0,00
18:08:10       4  100,00    0,00    0,00    0,00    0,00    0,00    0,00    0,00    0,00    0,00
18:08:10       5  100,00    0,00    0,00    0,00    0,00    0,00    0,00    0,00    0,00    0,00
18:08:10       6  100,00    0,00    0,00    0,00    0,00    0,00    0,00    0,00    0,00    0,00
18:08:10       7  100,00    0,00    0,00    0,00    0,00    0,00    0,00    0,00    0,00    0,00
18:08:10       8  100,00    0,00    0,00    0,00    0,00    0,00    0,00    0,00    0,00    0,00
18:08:10       9  100,00    0,00    0,00    0,00    0,00    0,00    0,00    0,00    0,00    0,00
18:08:10      10  100,00    0,00    0,00    0,00    0,00    0,00    0,00    0,00    0,00    0,00
18:08:10      11  100,00    0,00    0,00    0,00    0,00    0,00    0,00    0,00    0,00    0,00
18:08:10      12  100,00    0,00    0,00    0,00    0,00    0,00    0,00    0,00    0,00    0,00
18:08:10      13    0,00    0,00    1,00    0,00    0,00    0,00    0,00    0,00    0,00   99,00
18:08:10      14    0,00    0,00    0,00    0,00    0,00    0,00    0,00    0,00    0,00  100,00
18:08:10      15    0,00    0,00    0,00    0,00    0,00    0,00    0,00    0,00    0,00  100,00
18:08:10      16    1,00    0,00    0,00    0,00    0,00    0,00    0,00    0,00    0,00   99,00
18:08:10      17    0,00    0,00    1,01    0,00    0,00    0,00    0,00    0,00    0,00   98,99
18:08:10      18    2,00    0,00    1,00    0,00    0,00    0,00    0,00    0,00    0,00   97,00
18:08:10      19    0,00    0,00    1,00    0,00    0,00    0,00    0,00    0,00    0,00   99,00
18:08:10      20    1,00    0,00    1,00    0,00    0,00    0,00    0,00    0,00    0,00   98,00
18:08:10      21    2,00    0,00    2,00    0,00    0,00    0,00    0,00    0,00    0,00   96,00
18:08:10      22    1,00    0,00    1,00    0,00    0,00    0,00    0,00    0,00    0,00   98,00
18:08:10      23    0,99    0,00    0,99    0,00    0,00    0,00    0,00    0,00    0,00   98,02

18:08:10     CPU    %usr   %nice    %sys %iowait    %irq   %soft  %steal  %guest  %gnice   %idle
18:08:11     all   54,36    0,00    0,13    0,00    0,00    0,00    0,00    0,00    0,00   45,52
18:08:11       0  100,00    0,00    0,00    0,00    0,00    0,00    0,00    0,00    0,00    0,00
18:08:11       1  100,00    0,00    0,00    0,00    0,00    0,00    0,00    0,00    0,00    0,00
18:08:11       2  100,00    0,00    0,00    0,00    0,00    0,00    0,00    0,00    0,00    0,00
18:08:11       3  100,00    0,00    0,00    0,00    0,00    0,00    0,00    0,00    0,00    0,00
18:08:11       4  100,00    0,00    0,00    0,00    0,00    0,00    0,00    0,00    0,00    0,00
18:08:11       5  100,00    0,00    0,00    0,00    0,00    0,00    0,00    0,00    0,00    0,00
18:08:11       6  100,00    0,00    0,00    0,00    0,00    0,00    0,00    0,00    0,00    0,00
18:08:11       7  100,00    0,00    0,00    0,00    0,00    0,00    0,00    0,00    0,00    0,00
18:08:11       8  100,00    0,00    0,00    0,00    0,00    0,00    0,00    0,00    0,00    0,00
18:08:11       9  100,00    0,00    0,00    0,00    0,00    0,00    0,00    0,00    0,00    0,00
18:08:11      10  100,00    0,00    0,00    0,00    0,00    0,00    0,00    0,00    0,00    0,00
18:08:11      11  100,00    0,00    0,00    0,00    0,00    0,00    0,00    0,00    0,00    0,00
18:08:11      12  100,00    0,00    0,00    0,00    0,00    0,00    0,00    0,00    0,00    0,00
18:08:11      13    0,00    0,00    0,00    0,00    0,00    0,00    0,00    0,00    0,00  100,00
18:08:11      14    0,00    0,00    0,00    0,00    0,00    0,00    0,00    0,00    0,00  100,00
18:08:11      15    0,00    0,00    0,00    0,00    0,00    0,00    0,00    0,00    0,00  100,00
18:08:11      16    0,00    0,00    1,00    0,00    0,00    0,00    0,00    0,00    0,00   99,00
18:08:11      17    1,00    0,00    0,00    0,00    0,00    0,00    0,00    0,00    0,00   99,00
18:08:11      18    1,00    0,00    0,00    0,00    0,00    0,00    0,00    0,00    0,00   99,00
18:08:11      19    0,99    0,00    1,98    0,00    0,00    0,00    0,00    0,00    0,00   97,03
18:08:11      20    0,00    0,00    0,00    0,00    0,00    0,00    0,00    0,00    0,00  100,00
18:08:11      21    0,00    0,00    0,00    0,00    0,00    0,00    0,00    0,00    0,00  100,00
18:08:11      22    0,00    0,00    0,00    0,00    0,00    0,00    0,00    0,00    0,00  100,00
18:08:11      23    0,00    0,00    0,00    0,00    0,00    0,00    0,00    0,00    0,00  100,00

18:08:11     CPU    %usr   %nice    %sys %iowait    %irq   %soft  %steal  %guest  %gnice   %idle
18:08:12     all   55,92    0,00    0,38    0,00    0,00    0,00    0,00    0,00    0,00   43,70
18:08:12       0  100,00    0,00    0,00    0,00    0,00    0,00    0,00    0,00    0,00    0,00
18:08:12       1  100,00    0,00    0,00    0,00    0,00    0,00    0,00    0,00    0,00    0,00
18:08:12       2  100,00    0,00    0,00    0,00    0,00    0,00    0,00    0,00    0,00    0,00
18:08:12       3  100,00    0,00    0,00    0,00    0,00    0,00    0,00    0,00    0,00    0,00
18:08:12       4  100,00    0,00    0,00    0,00    0,00    0,00    0,00    0,00    0,00    0,00
18:08:12       5  100,00    0,00    0,00    0,00    0,00    0,00    0,00    0,00    0,00    0,00
18:08:12       6  100,00    0,00    0,00    0,00    0,00    0,00    0,00    0,00    0,00    0,00
18:08:12       7  100,00    0,00    0,00    0,00    0,00    0,00    0,00    0,00    0,00    0,00
18:08:12       8  100,00    0,00    0,00    0,00    0,00    0,00    0,00    0,00    0,00    0,00
18:08:12       9  100,00    0,00    0,00    0,00    0,00    0,00    0,00    0,00    0,00    0,00
18:08:12      10  100,00    0,00    0,00    0,00    0,00    0,00    0,00    0,00    0,00    0,00
18:08:12      11  100,00    0,00    0,00    0,00    0,00    0,00    0,00    0,00    0,00    0,00
18:08:12      12  100,00    0,00    0,00    0,00    0,00    0,00    0,00    0,00    0,00    0,00
18:08:12      13    0,00    0,00    0,00    0,00    0,00    0,00    0,00    0,00    0,00  100,00
18:08:12      14    0,00    0,00    0,00    0,00    0,00    0,00    0,00    0,00    0,00  100,00
18:08:12      15    0,00    0,00    0,00    0,00    0,00    0,00    0,00    0,00    0,00  100,00
18:08:12      16    8,00    0,00    4,00    0,00    0,00    0,00    0,00    0,00    0,00   88,00
18:08:12      17    7,00    0,00    0,00    0,00    0,00    0,00    0,00    0,00    0,00   93,00
18:08:12      18    7,00    0,00    0,00    0,00    0,00    0,00    0,00    0,00    0,00   93,00
18:08:12      19    6,00    0,00    0,00    0,00    0,00    0,00    0,00    0,00    0,00   94,00
18:08:12      20    0,00    0,00    1,00    0,00    0,00    0,00    0,00    0,00    0,00   99,00
18:08:12      21    0,00    0,00    2,02    0,00    0,00    0,00    0,00    0,00    0,00   97,98
18:08:12      22   11,11    0,00    1,01    0,00    0,00    0,00    0,00    0,00    0,00   87,88
18:08:12      23    1,00    0,00    1,00    0,00    0,00    0,00    0,00    0,00    0,00   98,00

18:08:12     CPU    %usr   %nice    %sys %iowait    %irq   %soft  %steal  %guest  %gnice   %idle
18:08:13     all   54,30    0,00    0,13    0,00    0,00    0,00    0,00    0,00    0,00   45,58
18:08:13       0  100,00    0,00    0,00    0,00    0,00    0,00    0,00    0,00    0,00    0,00
18:08:13       1  100,00    0,00    0,00    0,00    0,00    0,00    0,00    0,00    0,00    0,00
18:08:13       2  100,00    0,00    0,00    0,00    0,00    0,00    0,00    0,00    0,00    0,00
18:08:13       3  100,00    0,00    0,00    0,00    0,00    0,00    0,00    0,00    0,00    0,00
18:08:13       4  100,00    0,00    0,00    0,00    0,00    0,00    0,00    0,00    0,00    0,00
18:08:13       5  100,00    0,00    0,00    0,00    0,00    0,00    0,00    0,00    0,00    0,00
18:08:13       6  100,00    0,00    0,00    0,00    0,00    0,00    0,00    0,00    0,00    0,00
18:08:13       7  100,00    0,00    0,00    0,00    0,00    0,00    0,00    0,00    0,00    0,00
18:08:13       8  100,00    0,00    0,00    0,00    0,00    0,00    0,00    0,00    0,00    0,00
18:08:13       9  100,00    0,00    0,00    0,00    0,00    0,00    0,00    0,00    0,00    0,00
18:08:13      10  100,00    0,00    0,00    0,00    0,00    0,00    0,00    0,00    0,00    0,00
18:08:13      11  100,00    0,00    0,00    0,00    0,00    0,00    0,00    0,00    0,00    0,00
18:08:13      12  100,00    0,00    0,00    0,00    0,00    0,00    0,00    0,00    0,00    0,00
18:08:13      13    0,00    0,00    0,00    0,00    0,00    0,00    0,00    0,00    0,00  100,00
18:08:13      14    0,99    0,00    0,00    0,00    0,00    0,00    0,00    0,00    0,00   99,01
18:08:13      15    0,00    0,00    0,00    0,00    0,00    0,00    0,00    0,00    0,00  100,00
18:08:13      16    0,00    0,00    0,00    0,00    0,00    0,00    0,00    0,00    0,00  100,00
18:08:13      17    0,00    0,00    0,99    0,00    0,00    0,00    0,00    0,00    0,00   99,01
18:08:13      18    0,00    0,00    0,00    0,00    0,00    0,00    0,00    0,00    0,00  100,00
18:08:13      19    0,00    0,00    1,00    0,00    0,00    0,00    0,00    0,00    0,00   99,00
18:08:13      20    0,00    0,00    0,00    0,00    0,00    0,00    0,00    0,00    0,00  100,00
18:08:13      21    1,00    0,00    1,00    0,00    0,00    0,00    0,00    0,00    0,00   98,00
18:08:13      22    0,00    0,00    0,00    0,00    0,00    0,00    0,00    0,00    0,00  100,00
18:08:13      23    0,00    0,00    0,00    0,00    0,00    0,00    0,00    0,00    0,00  100,00

18:08:13     CPU    %usr   %nice    %sys %iowait    %irq   %soft  %steal  %guest  %gnice   %idle
18:08:14     all   54,21    0,00    0,04    0,04    0,00    0,00    0,00    0,00    0,00   45,70
18:08:14       0  100,00    0,00    0,00    0,00    0,00    0,00    0,00    0,00    0,00    0,00
18:08:14       1  100,00    0,00    0,00    0,00    0,00    0,00    0,00    0,00    0,00    0,00
18:08:14       2  100,00    0,00    0,00    0,00    0,00    0,00    0,00    0,00    0,00    0,00
18:08:14       3  100,00    0,00    0,00    0,00    0,00    0,00    0,00    0,00    0,00    0,00
18:08:14       4  100,00    0,00    0,00    0,00    0,00    0,00    0,00    0,00    0,00    0,00
18:08:14       5  100,00    0,00    0,00    0,00    0,00    0,00    0,00    0,00    0,00    0,00
18:08:14       6  100,00    0,00    0,00    0,00    0,00    0,00    0,00    0,00    0,00    0,00
18:08:14       7  100,00    0,00    0,00    0,00    0,00    0,00    0,00    0,00    0,00    0,00
18:08:14       8  100,00    0,00    0,00    0,00    0,00    0,00    0,00    0,00    0,00    0,00
18:08:14       9  100,00    0,00    0,00    0,00    0,00    0,00    0,00    0,00    0,00    0,00
18:08:14      10  100,00    0,00    0,00    0,00    0,00    0,00    0,00    0,00    0,00    0,00
18:08:14      11  100,00    0,00    0,00    0,00    0,00    0,00    0,00    0,00    0,00    0,00
18:08:14      12  100,00    0,00    0,00    0,00    0,00    0,00    0,00    0,00    0,00    0,00
18:08:14      13    0,00    0,00    0,00    0,00    0,00    0,00    0,00    0,00    0,00  100,00
18:08:14      14    0,00    0,00    0,00    0,00    0,00    0,00    0,00    0,00    0,00  100,00
18:08:14      15    0,00    0,00    0,00    0,00    0,00    0,00    0,00    0,00    0,00  100,00
18:08:14      16    0,00    0,00    0,00    0,00    0,00    0,00    0,00    0,00    0,00  100,00
18:08:14      17    0,00    0,00    0,00    0,00    0,00    0,00    0,00    0,00    0,00  100,00
18:08:14      18    0,00    0,00    0,00    0,00    0,00    0,00    0,00    0,00    0,00  100,00
18:08:14      19    0,00    0,00    0,00    0,00    0,00    0,00    0,00    0,00    0,00  100,00
18:08:14      20    0,00    0,00    0,00    0,00    0,00    0,00    0,00    0,00    0,00  100,00
18:08:14      21    0,00    0,00    0,00    0,00    0,00    0,00    0,00    0,00    0,00  100,00
18:08:14      22    0,00    0,00    0,00    1,01    0,00    0,00    0,00    0,00    0,00   98,99
18:08:14      23    0,00    0,00    0,99    0,00    0,00    0,00    0,00    0,00    0,00   99,01

18:08:14     CPU    %usr   %nice    %sys %iowait    %irq   %soft  %steal  %guest  %gnice   %idle
18:08:15     all   54,46    0,00    0,17    0,00    0,00    0,00    0,00    0,00    0,00   45,38
18:08:15       0  100,00    0,00    0,00    0,00    0,00    0,00    0,00    0,00    0,00    0,00
18:08:15       1  100,00    0,00    0,00    0,00    0,00    0,00    0,00    0,00    0,00    0,00
18:08:15       2  100,00    0,00    0,00    0,00    0,00    0,00    0,00    0,00    0,00    0,00
18:08:15       3  100,00    0,00    0,00    0,00    0,00    0,00    0,00    0,00    0,00    0,00
18:08:15       4  100,00    0,00    0,00    0,00    0,00    0,00    0,00    0,00    0,00    0,00
18:08:15       5  100,00    0,00    0,00    0,00    0,00    0,00    0,00    0,00    0,00    0,00
18:08:15       6  100,00    0,00    0,00    0,00    0,00    0,00    0,00    0,00    0,00    0,00
18:08:15       7  100,00    0,00    0,00    0,00    0,00    0,00    0,00    0,00    0,00    0,00
18:08:15       8  100,00    0,00    0,00    0,00    0,00    0,00    0,00    0,00    0,00    0,00
18:08:15       9  100,00    0,00    0,00    0,00    0,00    0,00    0,00    0,00    0,00    0,00
18:08:15      10  100,00    0,00    0,00    0,00    0,00    0,00    0,00    0,00    0,00    0,00
18:08:15      11  100,00    0,00    0,00    0,00    0,00    0,00    0,00    0,00    0,00    0,00
18:08:15      12  100,00    0,00    0,00    0,00    0,00    0,00    0,00    0,00    0,00    0,00
18:08:15      13    2,00    0,00    0,00    0,00    0,00    0,00    0,00    0,00    0,00   98,00
18:08:15      14    0,00    0,00    0,00    0,00    0,00    0,00    0,00    0,00    0,00  100,00
18:08:15      15    0,00    0,00    0,00    0,00    0,00    0,00    0,00    0,00    0,00  100,00
18:08:15      16    0,99    0,00    0,99    0,00    0,00    0,00    0,00    0,00    0,00   98,02
18:08:15      17    0,00    0,00    0,00    0,00    0,00    0,00    0,00    0,00    0,00  100,00
18:08:15      18    1,00    0,00    0,00    0,00    0,00    0,00    0,00    0,00    0,00   99,00
18:08:15      19    0,00    0,00    1,01    0,00    0,00    0,00    0,00    0,00    0,00   98,99
18:08:15      20    1,00    0,00    1,00    0,00    0,00    0,00    0,00    0,00    0,00   98,00
18:08:15      21    0,00    0,00    0,00    0,00    0,00    0,00    0,00    0,00    0,00  100,00
18:08:15      22    0,99    0,00    0,99    0,00    0,00    0,00    0,00    0,00    0,00   98,02
18:08:15      23    0,99    0,00    0,00    0,00    0,00    0,00    0,00    0,00    0,00   99,01

18:08:15     CPU    %usr   %nice    %sys %iowait    %irq   %soft  %steal  %guest  %gnice   %idle
18:08:16     all   58,24    0,00    1,55    0,00    0,00    0,00    0,00    0,00    0,00   40,22
18:08:16       0  100,00    0,00    0,00    0,00    0,00    0,00    0,00    0,00    0,00    0,00
18:08:16       1  100,00    0,00    0,00    0,00    0,00    0,00    0,00    0,00    0,00    0,00
18:08:16       2  100,00    0,00    0,00    0,00    0,00    0,00    0,00    0,00    0,00    0,00
18:08:16       3  100,00    0,00    0,00    0,00    0,00    0,00    0,00    0,00    0,00    0,00
18:08:16       4  100,00    0,00    0,00    0,00    0,00    0,00    0,00    0,00    0,00    0,00
18:08:16       5  100,00    0,00    0,00    0,00    0,00    0,00    0,00    0,00    0,00    0,00
18:08:16       6  100,00    0,00    0,00    0,00    0,00    0,00    0,00    0,00    0,00    0,00
18:08:16       7  100,00    0,00    0,00    0,00    0,00    0,00    0,00    0,00    0,00    0,00
18:08:16       8  100,00    0,00    0,00    0,00    0,00    0,00    0,00    0,00    0,00    0,00
18:08:16       9  100,00    0,00    0,00    0,00    0,00    0,00    0,00    0,00    0,00    0,00
18:08:16      10  100,00    0,00    0,00    0,00    0,00    0,00    0,00    0,00    0,00    0,00
18:08:16      11  100,00    0,00    0,00    0,00    0,00    0,00    0,00    0,00    0,00    0,00
18:08:16      12  100,00    0,00    0,00    0,00    0,00    0,00    0,00    0,00    0,00    0,00
18:08:16      13    0,00    0,00    0,00    0,00    0,00    0,00    0,00    0,00    0,00  100,00
18:08:16      14   36,36    0,00   20,20    0,00    0,00    0,00    0,00    0,00    0,00   43,43
18:08:16      15    0,00    0,00    0,00    0,00    0,00    0,00    0,00    0,00    0,00  100,00
18:08:16      16   14,29    0,00    2,04    0,00    0,00    0,00    0,00    0,00    0,00   83,67
18:08:16      17   13,00    0,00    2,00    0,00    0,00    0,00    0,00    0,00    0,00   85,00
18:08:16      18   12,00    0,00    1,00    0,00    0,00    0,00    0,00    0,00    0,00   87,00
18:08:16      19   10,00    0,00    0,00    0,00    0,00    0,00    0,00    0,00    0,00   90,00
18:08:16      20    5,00    0,00    4,00    0,00    0,00    0,00    0,00    0,00    0,00   91,00
18:08:16      21    1,01    0,00    2,02    0,00    0,00    0,00    0,00    0,00    0,00   96,97
18:08:16      22    1,02    0,00    4,08    0,00    0,00    0,00    0,00    0,00    0,00   94,90
18:08:16      23    1,00    0,00    2,00    0,00    0,00    0,00    0,00    0,00    0,00   97,00

18:08:16     CPU    %usr   %nice    %sys %iowait    %irq   %soft  %steal  %guest  %gnice   %idle
18:08:17     all   54,36    0,00    0,13    0,00    0,00    0,00    0,00    0,00    0,00   45,52
18:08:17       0  100,00    0,00    0,00    0,00    0,00    0,00    0,00    0,00    0,00    0,00
18:08:17       1  100,00    0,00    0,00    0,00    0,00    0,00    0,00    0,00    0,00    0,00
18:08:17       2  100,00    0,00    0,00    0,00    0,00    0,00    0,00    0,00    0,00    0,00
18:08:17       3  100,00    0,00    0,00    0,00    0,00    0,00    0,00    0,00    0,00    0,00
18:08:17       4  100,00    0,00    0,00    0,00    0,00    0,00    0,00    0,00    0,00    0,00
18:08:17       5  100,00    0,00    0,00    0,00    0,00    0,00    0,00    0,00    0,00    0,00
18:08:17       6  100,00    0,00    0,00    0,00    0,00    0,00    0,00    0,00    0,00    0,00
18:08:17       7  100,00    0,00    0,00    0,00    0,00    0,00    0,00    0,00    0,00    0,00
18:08:17       8  100,00    0,00    0,00    0,00    0,00    0,00    0,00    0,00    0,00    0,00
18:08:17       9  100,00    0,00    0,00    0,00    0,00    0,00    0,00    0,00    0,00    0,00
18:08:17      10  100,00    0,00    0,00    0,00    0,00    0,00    0,00    0,00    0,00    0,00
18:08:17      11  100,00    0,00    0,00    0,00    0,00    0,00    0,00    0,00    0,00    0,00
18:08:17      12  100,00    0,00    0,00    0,00    0,00    0,00    0,00    0,00    0,00    0,00
18:08:17      13    0,00    0,00    0,00    0,00    0,00    0,00    0,00    0,00    0,00  100,00
18:08:17      14    0,00    0,00    0,00    0,00    0,00    0,00    0,00    0,00    0,00  100,00
18:08:17      15    0,00    0,00    0,00    0,00    0,00    0,00    0,00    0,00    0,00  100,00
18:08:17      16    0,00    0,00    0,99    0,00    0,00    0,00    0,00    0,00    0,00   99,01
18:08:17      17    0,00    0,00    0,00    0,00    0,00    0,00    0,00    0,00    0,00  100,00
18:08:17      18    0,00    0,00    0,00    0,00    0,00    0,00    0,00    0,00    0,00  100,00
18:08:17      19    1,00    0,00    0,00    0,00    0,00    0,00    0,00    0,00    0,00   99,00
18:08:17      20    1,01    0,00    0,00    0,00    0,00    0,00    0,00    0,00    0,00   98,99
18:08:17      21    1,00    0,00    1,00    0,00    0,00    0,00    0,00    0,00    0,00   98,00
18:08:17      22    0,99    0,00    0,99    0,00    0,00    0,00    0,00    0,00    0,00   98,02
18:08:17      23    0,00    0,00    0,00    0,00    0,00    0,00    0,00    0,00    0,00  100,00

18:08:17     CPU    %usr   %nice    %sys %iowait    %irq   %soft  %steal  %guest  %gnice   %idle
18:08:18     all   54,40    0,00    0,17    0,00    0,00    0,00    0,00    0,00    0,00   45,44
18:08:18       0  100,00    0,00    0,00    0,00    0,00    0,00    0,00    0,00    0,00    0,00
18:08:18       1  100,00    0,00    0,00    0,00    0,00    0,00    0,00    0,00    0,00    0,00
18:08:18       2  100,00    0,00    0,00    0,00    0,00    0,00    0,00    0,00    0,00    0,00
18:08:18       3  100,00    0,00    0,00    0,00    0,00    0,00    0,00    0,00    0,00    0,00
18:08:18       4  100,00    0,00    0,00    0,00    0,00    0,00    0,00    0,00    0,00    0,00
18:08:18       5  100,00    0,00    0,00    0,00    0,00    0,00    0,00    0,00    0,00    0,00
18:08:18       6  100,00    0,00    0,00    0,00    0,00    0,00    0,00    0,00    0,00    0,00
18:08:18       7  100,00    0,00    0,00    0,00    0,00    0,00    0,00    0,00    0,00    0,00
18:08:18       8  100,00    0,00    0,00    0,00    0,00    0,00    0,00    0,00    0,00    0,00
18:08:18       9  100,00    0,00    0,00    0,00    0,00    0,00    0,00    0,00    0,00    0,00
18:08:18      10  100,00    0,00    0,00    0,00    0,00    0,00    0,00    0,00    0,00    0,00
18:08:18      11  100,00    0,00    0,00    0,00    0,00    0,00    0,00    0,00    0,00    0,00
18:08:18      12  100,00    0,00    0,00    0,00    0,00    0,00    0,00    0,00    0,00    0,00
18:08:18      13    0,00    0,00    0,00    0,00    0,00    0,00    0,00    0,00    0,00  100,00
18:08:18      14    2,00    0,00    0,00    0,00    0,00    0,00    0,00    0,00    0,00   98,00
18:08:18      15    0,00    0,00    0,00    0,00    0,00    0,00    0,00    0,00    0,00  100,00
18:08:18      16    0,00    0,00    0,00    0,00    0,00    0,00    0,00    0,00    0,00  100,00
18:08:18      17    0,99    0,00    0,99    0,00    0,00    0,00    0,00    0,00    0,00   98,02
18:08:18      18    0,99    0,00    0,99    0,00    0,00    0,00    0,00    0,00    0,00   98,02
18:08:18      19    1,00    0,00    1,00    0,00    0,00    0,00    0,00    0,00    0,00   98,00
18:08:18      20    0,00    0,00    0,00    0,00    0,00    0,00    0,00    0,00    0,00  100,00
18:08:18      21    0,00    0,00    1,00    0,00    0,00    0,00    0,00    0,00    0,00   99,00
18:08:18      22    0,00    0,00    0,00    0,00    0,00    0,00    0,00    0,00    0,00  100,00
18:08:18      23    0,00    0,00    0,00    0,00    0,00    0,00    0,00    0,00    0,00  100,00
