Linux 6.8.0-117-generic (testbed-node6) 	29/05/26 	_x86_64_	(24 CPU)

15:44:17     CPU    %usr   %nice    %sys %iowait    %irq   %soft  %steal  %guest  %gnice   %idle
15:44:18     all    0,46    0,00    0,29    0,08    0,00   10,50    0,00    0,00    0,00   88,66
15:44:18       0    0,00    0,00    0,00    0,00    0,00  100,00    0,00    0,00    0,00    0,00
15:44:18       1    0,00    0,00    0,00    0,00    0,00   53,12    0,00    0,00    0,00   46,88
15:44:18       2    0,00    0,00    0,00    0,00    0,00  100,00    0,00    0,00    0,00    0,00
15:44:18       3    0,00    0,00    0,00    0,00    0,00    1,02    0,00    0,00    0,00   98,98
15:44:18       4    0,00    0,00    0,00    1,00    0,00    0,00    0,00    0,00    0,00   99,00
15:44:18       5    0,00    0,00    0,00    0,00    0,00    0,00    0,00    0,00    0,00  100,00
15:44:18       6    0,99    0,00    0,00    0,00    0,00    0,00    0,00    0,00    0,00   99,01
15:44:18       7    0,00    0,00    0,00    0,00    0,00    0,00    0,00    0,00    0,00  100,00
15:44:18       8    6,00    0,00    1,00    0,00    0,00    0,00    0,00    0,00    0,00   93,00
15:44:18       9    0,00    0,00    0,00    0,00    0,00    0,00    0,00    0,00    0,00  100,00
15:44:18      10    0,00    0,00    0,00    0,00    0,00    0,00    0,00    0,00    0,00  100,00
15:44:18      11    0,00    0,00    0,00    0,00    0,00    0,00    0,00    0,00    0,00  100,00
15:44:18      12    0,00    0,00    0,00    0,00    0,00    0,00    0,00    0,00    0,00  100,00
15:44:18      13    0,00    0,00    0,00    0,00    0,00    0,00    0,00    0,00    0,00  100,00
15:44:18      14    0,00    0,00    0,00    0,00    0,00    0,00    0,00    0,00    0,00  100,00
15:44:18      15    0,00    0,00    0,00    0,00    0,00    0,00    0,00    0,00    0,00  100,00
15:44:18      16    0,99    0,00    0,99    0,00    0,00    0,00    0,00    0,00    0,00   98,02
15:44:18      17    0,00    0,00    1,00    1,00    0,00    0,00    0,00    0,00    0,00   98,00
15:44:18      18    0,00    0,00    1,00    0,00    0,00    0,00    0,00    0,00    0,00   99,00
15:44:18      19    0,99    0,00    1,98    0,00    0,00    0,00    0,00    0,00    0,00   97,03
15:44:18      20    0,99    0,00    0,00    0,00    0,00    0,00    0,00    0,00    0,00   99,01
15:44:18      21    0,00    0,00    0,00    0,00    0,00    0,00    0,00    0,00    0,00  100,00
15:44:18      22    0,00    0,00    0,00    0,00    0,00    0,00    0,00    0,00    0,00  100,00
15:44:18      23    0,98    0,00    0,98    0,00    0,00    0,00    0,00    0,00    0,00   98,04

15:44:18     CPU    %usr   %nice    %sys %iowait    %irq   %soft  %steal  %guest  %gnice   %idle
15:44:19     all    0,00    0,00    0,00    0,00    0,00   10,97    0,00    0,00    0,00   89,03
15:44:19       0    0,00    0,00    0,00    0,00    0,00  100,00    0,00    0,00    0,00    0,00
15:44:19       1    0,00    0,00    0,00    0,00    0,00   32,00    0,00    0,00    0,00   68,00
15:44:19       2    0,00    0,00    0,00    0,00    0,00  100,00    0,00    0,00    0,00    0,00
15:44:19       3    0,00    0,00    0,00    0,00    0,00   31,00    0,00    0,00    0,00   69,00
15:44:19       4    0,00    0,00    0,00    0,00    0,00    0,00    0,00    0,00    0,00  100,00
15:44:19       5    0,00    0,00    0,00    0,00    0,00    0,00    0,00    0,00    0,00  100,00
15:44:19       6    0,00    0,00    0,00    0,00    0,00    0,00    0,00    0,00    0,00  100,00
15:44:19       7    0,00    0,00    0,00    0,00    0,00    0,00    0,00    0,00    0,00  100,00
15:44:19       8    0,00    0,00    0,00    0,00    0,00    0,00    0,00    0,00    0,00  100,00
15:44:19       9    0,00    0,00    0,00    0,00    0,00    0,00    0,00    0,00    0,00  100,00
15:44:19      10    0,00    0,00    0,00    0,00    0,00    0,00    0,00    0,00    0,00  100,00
15:44:19      11    0,00    0,00    0,00    0,00    0,00    0,00    0,00    0,00    0,00  100,00
15:44:19      12    0,00    0,00    0,00    0,00    0,00    0,00    0,00    0,00    0,00  100,00
15:44:19      13    0,00    0,00    0,00    0,00    0,00    0,00    0,00    0,00    0,00  100,00
15:44:19      14    0,00    0,00    0,00    0,00    0,00    0,00    0,00    0,00    0,00  100,00
15:44:19      15    0,00    0,00    0,00    0,00    0,00    0,00    0,00    0,00    0,00  100,00
15:44:19      16    0,00    0,00    0,00    0,00    0,00    0,00    0,00    0,00    0,00  100,00
15:44:19      17    0,00    0,00    0,00    0,00    0,00    0,00    0,00    0,00    0,00  100,00
15:44:19      18    0,00    0,00    0,00    0,00    0,00    0,00    0,00    0,00    0,00  100,00
15:44:19      19    0,00    0,00    0,00    0,00    0,00    0,00    0,00    0,00    0,00  100,00
15:44:19      20    0,00    0,00    0,00    0,00    0,00    0,00    0,00    0,00    0,00  100,00
15:44:19      21    0,00    0,00    0,00    0,00    0,00    0,00    0,00    0,00    0,00  100,00
15:44:19      22    0,00    0,00    0,00    0,00    0,00    0,00    0,00    0,00    0,00  100,00
15:44:19      23    0,00    0,00    0,00    0,00    0,00    0,00    0,00    0,00    0,00  100,00

15:44:19     CPU    %usr   %nice    %sys %iowait    %irq   %soft  %steal  %guest  %gnice   %idle
15:44:20     all    1,25    0,00    0,71    0,00    0,00   10,94    0,00    0,00    0,00   87,10
15:44:20       0    0,00    0,00    0,00    0,00    0,00  100,00    0,00    0,00    0,00    0,00
15:44:20       1    0,00    0,00    0,00    0,00    0,00   31,00    0,00    0,00    0,00   69,00
15:44:20       2    0,00    0,00    0,00    0,00    0,00  100,00    0,00    0,00    0,00    0,00
15:44:20       3    0,00    0,00    0,00    0,00    0,00   32,00    0,00    0,00    0,00   68,00
15:44:20       4    1,01    0,00    1,01    0,00    0,00    0,00    0,00    0,00    0,00   97,98
15:44:20       5    0,00    0,00    0,00    0,00    0,00    0,00    0,00    0,00    0,00  100,00
15:44:20       6    0,99    0,00    0,99    0,00    0,00    0,00    0,00    0,00    0,00   98,02
15:44:20       7    0,00    0,00    0,00    0,00    0,00    0,00    0,00    0,00    0,00  100,00
15:44:20       8    0,99    0,00    0,00    0,00    0,00    0,00    0,00    0,00    0,00   99,01
15:44:20       9    0,00    0,00    0,00    0,00    0,00    0,00    0,00    0,00    0,00  100,00
15:44:20      10    4,00    0,00    1,00    0,00    0,00    0,00    0,00    0,00    0,00   95,00
15:44:20      11    3,96    0,00    2,97    0,00    0,00    0,00    0,00    0,00    0,00   93,07
15:44:20      12    0,99    0,00    0,99    0,00    0,00    0,00    0,00    0,00    0,00   98,02
15:44:20      13    0,00    0,00    0,00    0,00    0,00    0,00    0,00    0,00    0,00  100,00
15:44:20      14    4,00    0,00    0,00    0,00    0,00    0,00    0,00    0,00    0,00   96,00
15:44:20      15    0,00    0,00    0,00    0,00    0,00    0,00    0,00    0,00    0,00  100,00
15:44:20      16    3,00    0,00    1,00    0,00    0,00    0,00    0,00    0,00    0,00   96,00
15:44:20      17    1,00    0,00    2,00    0,00    0,00    0,00    0,00    0,00    0,00   97,00
15:44:20      18    1,00    0,00    0,00    0,00    0,00    0,00    0,00    0,00    0,00   99,00
15:44:20      19    2,97    0,00    1,98    0,00    0,00    0,00    0,00    0,00    0,00   95,05
15:44:20      20    1,00    0,00    1,00    0,00    0,00    0,00    0,00    0,00    0,00   98,00
15:44:20      21    3,00    0,00    2,00    0,00    0,00    0,00    0,00    0,00    0,00   95,00
15:44:20      22    0,99    0,00    0,99    0,00    0,00    0,00    0,00    0,00    0,00   98,02
15:44:20      23    1,02    0,00    1,02    0,00    0,00    0,00    0,00    0,00    0,00   97,96

15:44:20     CPU    %usr   %nice    %sys %iowait    %irq   %soft  %steal  %guest  %gnice   %idle
15:44:21     all    0,54    0,00    0,04    0,00    0,00   10,94    0,00    0,00    0,00   88,48
15:44:21       0    0,00    0,00    0,00    0,00    0,00  100,00    0,00    0,00    0,00    0,00
15:44:21       1    0,00    0,00    0,00    0,00    0,00   31,31    0,00    0,00    0,00   68,69
15:44:21       2    0,00    0,00    0,00    0,00    0,00  100,00    0,00    0,00    0,00    0,00
15:44:21       3    0,00    0,00    0,00    0,00    0,00   31,31    0,00    0,00    0,00   68,69
15:44:21       4    0,99    0,00    0,00    0,00    0,00    0,00    0,00    0,00    0,00   99,01
15:44:21       5    0,00    0,00    0,00    0,00    0,00    0,00    0,00    0,00    0,00  100,00
15:44:21       6    0,00    0,00    0,00    0,00    0,00    0,00    0,00    0,00    0,00  100,00
15:44:21       7    0,00    0,00    0,00    0,00    0,00    0,00    0,00    0,00    0,00  100,00
15:44:21       8    0,00    0,00    0,00    0,00    0,00    0,00    0,00    0,00    0,00  100,00
15:44:21       9    0,00    0,00    0,00    0,00    0,00    0,00    0,00    0,00    0,00  100,00
15:44:21      10    0,00    0,00    0,00    0,00    0,00    0,00    0,00    0,00    0,00  100,00
15:44:21      11    0,00    0,00    0,00    0,00    0,00    0,00    0,00    0,00    0,00  100,00
15:44:21      12   11,11    0,00    0,00    0,00    0,00    0,00    0,00    0,00    0,00   88,89
15:44:21      13    0,00    0,00    0,00    0,00    0,00    0,00    0,00    0,00    0,00  100,00
15:44:21      14    0,00    0,00    0,00    0,00    0,00    0,00    0,00    0,00    0,00  100,00
15:44:21      15    0,00    0,00    0,00    0,00    0,00    0,00    0,00    0,00    0,00  100,00
15:44:21      16    0,00    0,00    0,00    0,00    0,00    0,00    0,00    0,00    0,00  100,00
15:44:21      17    0,00    0,00    0,00    0,00    0,00    0,00    0,00    0,00    0,00  100,00
15:44:21      18    0,00    0,00    0,99    0,00    0,00    0,00    0,00    0,00    0,00   99,01
15:44:21      19    1,01    0,00    0,00    0,00    0,00    0,00    0,00    0,00    0,00   98,99
15:44:21      20    0,00    0,00    0,00    0,00    0,00    0,00    0,00    0,00    0,00  100,00
15:44:21      21    0,00    0,00    0,00    0,00    0,00    0,00    0,00    0,00    0,00  100,00
15:44:21      22    0,00    0,00    0,00    0,00    0,00    0,00    0,00    0,00    0,00  100,00
15:44:21      23    0,00    0,00    0,00    0,00    0,00    0,00    0,00    0,00    0,00  100,00

15:44:21     CPU    %usr   %nice    %sys %iowait    %irq   %soft  %steal  %guest  %gnice   %idle
15:44:22     all    0,17    0,00    0,00    0,04    0,00   10,93    0,00    0,00    0,00   88,86
15:44:22       0    0,00    0,00    0,00    0,00    0,00  100,00    0,00    0,00    0,00    0,00
15:44:22       1    0,00    0,00    0,00    0,00    0,00   30,30    0,00    0,00    0,00   69,70
15:44:22       2    0,00    0,00    0,00    0,00    0,00  100,00    0,00    0,00    0,00    0,00
15:44:22       3    0,00    0,00    0,00    0,00    0,00   31,68    0,00    0,00    0,00   68,32
15:44:22       4    0,00    0,00    0,00    0,00    0,00    0,00    0,00    0,00    0,00  100,00
15:44:22       5    0,00    0,00    0,00    0,00    0,00    0,00    0,00    0,00    0,00  100,00
15:44:22       6    0,00    0,00    0,00    0,00    0,00    0,00    0,00    0,00    0,00  100,00
15:44:22       7    0,00    0,00    0,00    0,00    0,00    0,00    0,00    0,00    0,00  100,00
15:44:22       8    0,00    0,00    0,00    0,00    0,00    0,00    0,00    0,00    0,00  100,00
15:44:22       9    0,00    0,00    0,00    0,00    0,00    0,00    0,00    0,00    0,00  100,00
15:44:22      10    0,00    0,00    0,00    0,00    0,00    0,00    0,00    0,00    0,00  100,00
15:44:22      11    0,00    0,00    0,00    0,00    0,00    0,00    0,00    0,00    0,00  100,00
15:44:22      12    1,00    0,00    0,00    0,00    0,00    0,00    0,00    0,00    0,00   99,00
15:44:22      13    0,00    0,00    0,00    0,00    0,00    0,00    0,00    0,00    0,00  100,00
15:44:22      14    0,00    0,00    0,00    1,01    0,00    0,00    0,00    0,00    0,00   98,99
15:44:22      15    0,00    0,00    0,00    0,00    0,00    0,00    0,00    0,00    0,00  100,00
15:44:22      16    0,99    0,00    0,00    0,00    0,00    0,00    0,00    0,00    0,00   99,01
15:44:22      17    0,00    0,00    0,00    0,00    0,00    0,00    0,00    0,00    0,00  100,00
15:44:22      18    0,00    0,00    0,00    0,00    0,00    0,00    0,00    0,00    0,00  100,00
15:44:22      19    2,00    0,00    0,00    0,00    0,00    0,00    0,00    0,00    0,00   98,00
15:44:22      20    0,00    0,00    0,00    0,00    0,00    0,00    0,00    0,00    0,00  100,00
15:44:22      21    0,00    0,00    0,00    0,00    0,00    0,00    0,00    0,00    0,00  100,00
15:44:22      22    0,00    0,00    0,00    0,00    0,00    0,00    0,00    0,00    0,00  100,00
15:44:22      23    0,00    0,00    0,00    0,00    0,00    0,00    0,00    0,00    0,00  100,00

15:44:22     CPU    %usr   %nice    %sys %iowait    %irq   %soft  %steal  %guest  %gnice   %idle
15:44:23     all    0,04    0,00    0,04    0,00    0,00   10,95    0,00    0,00    0,00   88,96
15:44:23       0    0,00    0,00    0,00    0,00    0,00  100,00    0,00    0,00    0,00    0,00
15:44:23       1    0,00    0,00    0,00    0,00    0,00   31,31    0,00    0,00    0,00   68,69
15:44:23       2    0,00    0,00    0,00    0,00    0,00  100,00    0,00    0,00    0,00    0,00
15:44:23       3    0,00    0,00    0,00    0,00    0,00   32,00    0,00    0,00    0,00   68,00
15:44:23       4    0,00    0,00    0,00    0,00    0,00    0,00    0,00    0,00    0,00  100,00
15:44:23       5    0,00    0,00    0,00    0,00    0,00    0,00    0,00    0,00    0,00  100,00
15:44:23       6    0,99    0,00    0,00    0,00    0,00    0,00    0,00    0,00    0,00   99,01
15:44:23       7    0,00    0,00    0,00    0,00    0,00    0,00    0,00    0,00    0,00  100,00
15:44:23       8    0,00    0,00    0,00    0,00    0,00    0,00    0,00    0,00    0,00  100,00
15:44:23       9    0,00    0,00    0,00    0,00    0,00    0,00    0,00    0,00    0,00  100,00
15:44:23      10    0,00    0,00    0,00    0,00    0,00    0,00    0,00    0,00    0,00  100,00
15:44:23      11    0,00    0,00    0,00    0,00    0,00    0,00    0,00    0,00    0,00  100,00
15:44:23      12    0,00    0,00    0,00    0,00    0,00    0,00    0,00    0,00    0,00  100,00
15:44:23      13    0,00    0,00    0,00    0,00    0,00    0,00    0,00    0,00    0,00  100,00
15:44:23      14    0,00    0,00    0,00    0,00    0,00    0,00    0,00    0,00    0,00  100,00
15:44:23      15    0,00    0,00    0,00    0,00    0,00    0,00    0,00    0,00    0,00  100,00
15:44:23      16    0,00    0,00    0,00    0,00    0,00    0,00    0,00    0,00    0,00  100,00
15:44:23      17    0,00    0,00    0,00    0,00    0,00    0,00    0,00    0,00    0,00  100,00
15:44:23      18    0,00    0,00    0,00    0,00    0,00    0,00    0,00    0,00    0,00  100,00
15:44:23      19    0,00    0,00    0,00    0,00    0,00    0,00    0,00    0,00    0,00  100,00
15:44:23      20    0,00    0,00    0,00    0,00    0,00    0,00    0,00    0,00    0,00  100,00
15:44:23      21    0,00    0,00    0,00    0,00    0,00    0,00    0,00    0,00    0,00  100,00
15:44:23      22    0,00    0,00    0,00    0,00    0,00    0,00    0,00    0,00    0,00  100,00
15:44:23      23    0,00    0,00    0,99    0,00    0,00    0,00    0,00    0,00    0,00   99,01

15:44:23     CPU    %usr   %nice    %sys %iowait    %irq   %soft  %steal  %guest  %gnice   %idle
15:44:24     all    0,04    0,00    0,04    0,00    0,00   10,92    0,00    0,00    0,00   89,00
15:44:24       0    0,00    0,00    0,00    0,00    0,00  100,00    0,00    0,00    0,00    0,00
15:44:24       1    0,00    0,00    0,00    0,00    0,00   30,30    0,00    0,00    0,00   69,70
15:44:24       2    0,00    0,00    0,99    0,00    0,00   99,01    0,00    0,00    0,00    0,00
15:44:24       3    0,00    0,00    0,00    0,00    0,00   31,68    0,00    0,00    0,00   68,32
15:44:24       4    0,00    0,00    0,00    0,00    0,00    0,00    0,00    0,00    0,00  100,00
15:44:24       5    0,00    0,00    0,00    0,00    0,00    0,00    0,00    0,00    0,00  100,00
15:44:24       6    0,00    0,00    0,00    0,00    0,00    0,00    0,00    0,00    0,00  100,00
15:44:24       7    0,00    0,00    0,00    0,00    0,00    0,00    0,00    0,00    0,00  100,00
15:44:24       8    0,00    0,00    0,00    0,00    0,00    0,00    0,00    0,00    0,00  100,00
15:44:24       9    0,00    0,00    0,00    0,00    0,00    0,00    0,00    0,00    0,00  100,00
15:44:24      10    0,99    0,00    0,00    0,00    0,00    0,00    0,00    0,00    0,00   99,01
15:44:24      11    0,00    0,00    0,00    0,00    0,00    0,00    0,00    0,00    0,00  100,00
15:44:24      12    0,00    0,00    0,00    0,00    0,00    0,00    0,00    0,00    0,00  100,00
15:44:24      13    0,00    0,00    0,00    0,00    0,00    0,00    0,00    0,00    0,00  100,00
15:44:24      14    0,00    0,00    0,00    0,00    0,00    0,00    0,00    0,00    0,00  100,00
15:44:24      15    0,00    0,00    0,00    0,00    0,00    0,00    0,00    0,00    0,00  100,00
15:44:24      16    0,00    0,00    0,00    0,00    0,00    0,00    0,00    0,00    0,00  100,00
15:44:24      17    0,00    0,00    0,00    0,00    0,00    0,00    0,00    0,00    0,00  100,00
15:44:24      18    0,00    0,00    0,00    0,00    0,00    0,00    0,00    0,00    0,00  100,00
15:44:24      19    0,00    0,00    0,00    0,00    0,00    0,00    0,00    0,00    0,00  100,00
15:44:24      20    0,00    0,00    0,00    0,00    0,00    0,00    0,00    0,00    0,00  100,00
15:44:24      21    0,00    0,00    0,00    0,00    0,00    0,00    0,00    0,00    0,00  100,00
15:44:24      22    0,00    0,00    0,00    0,00    0,00    0,00    0,00    0,00    0,00  100,00
15:44:24      23    0,00    0,00    0,00    0,00    0,00    0,00    0,00    0,00    0,00  100,00

15:44:24     CPU    %usr   %nice    %sys %iowait    %irq   %soft  %steal  %guest  %gnice   %idle
15:44:25     all    0,00    0,00    0,00    0,12    0,00   11,00    0,00    0,00    0,00   88,88
15:44:25       0    0,00    0,00    0,00    0,00    0,00  100,00    0,00    0,00    0,00    0,00
15:44:25       1    0,00    0,00    0,00    0,00    0,00   31,00    0,00    0,00    0,00   69,00
15:44:25       2    0,00    0,00    0,00    0,00    0,00  100,00    0,00    0,00    0,00    0,00
15:44:25       3    0,00    0,00    0,00    0,00    0,00   32,67    0,00    0,00    0,00   67,33
15:44:25       4    0,00    0,00    0,00    1,00    0,00    0,00    0,00    0,00    0,00   99,00
15:44:25       5    0,00    0,00    0,00    0,00    0,00    0,00    0,00    0,00    0,00  100,00
15:44:25       6    0,00    0,00    0,00    0,00    0,00    0,00    0,00    0,00    0,00  100,00
15:44:25       7    0,00    0,00    0,00    0,00    0,00    0,00    0,00    0,00    0,00  100,00
15:44:25       8    0,00    0,00    0,00    0,00    0,00    0,00    0,00    0,00    0,00  100,00
15:44:25       9    0,00    0,00    0,00    0,00    0,00    0,00    0,00    0,00    0,00  100,00
15:44:25      10    0,00    0,00    0,00    0,00    0,00    0,00    0,00    0,00    0,00  100,00
15:44:25      11    0,00    0,00    0,00    0,00    0,00    0,00    0,00    0,00    0,00  100,00
15:44:25      12    0,00    0,00    0,00    0,00    0,00    0,00    0,00    0,00    0,00  100,00
15:44:25      13    0,00    0,00    0,00    0,00    0,00    0,00    0,00    0,00    0,00  100,00
15:44:25      14    0,00    0,00    0,00    0,00    0,00    0,00    0,00    0,00    0,00  100,00
15:44:25      15    0,00    0,00    0,00    0,00    0,00    0,00    0,00    0,00    0,00  100,00
15:44:25      16    0,00    0,00    0,00    1,00    0,00    0,00    0,00    0,00    0,00   99,00
15:44:25      17    0,00    0,00    0,00    0,00    0,00    0,00    0,00    0,00    0,00  100,00
15:44:25      18    0,00    0,00    0,00    1,00    0,00    0,00    0,00    0,00    0,00   99,00
15:44:25      19    0,00    0,00    0,00    0,00    0,00    0,00    0,00    0,00    0,00  100,00
15:44:25      20    0,00    0,00    0,00    0,00    0,00    0,00    0,00    0,00    0,00  100,00
15:44:25      21    0,00    0,00    0,00    0,00    0,00    0,00    0,00    0,00    0,00  100,00
15:44:25      22    0,00    0,00    0,00    0,00    0,00    0,00    0,00    0,00    0,00  100,00
15:44:25      23    0,00    0,00    0,00    0,00    0,00    0,00    0,00    0,00    0,00  100,00

15:44:25     CPU    %usr   %nice    %sys %iowait    %irq   %soft  %steal  %guest  %gnice   %idle
15:44:26     all    0,04    0,00    0,00    0,00    0,00   10,96    0,00    0,00    0,00   89,00
15:44:26       0    0,00    0,00    0,00    0,00    0,00  100,00    0,00    0,00    0,00    0,00
15:44:26       1    0,00    0,00    0,00    0,00    0,00   31,00    0,00    0,00    0,00   69,00
15:44:26       2    0,00    0,00    0,00    0,00    0,00  100,00    0,00    0,00    0,00    0,00
15:44:26       3    0,00    0,00    0,00    0,00    0,00   31,68    0,00    0,00    0,00   68,32
15:44:26       4    0,00    0,00    0,00    0,00    0,00    0,00    0,00    0,00    0,00  100,00
15:44:26       5    0,00    0,00    0,00    0,00    0,00    0,00    0,00    0,00    0,00  100,00
15:44:26       6    0,00    0,00    0,00    0,00    0,00    0,00    0,00    0,00    0,00  100,00
15:44:26       7    0,00    0,00    0,00    0,00    0,00    0,00    0,00    0,00    0,00  100,00
15:44:26       8    0,00    0,00    0,00    0,00    0,00    0,00    0,00    0,00    0,00  100,00
15:44:26       9    0,00    0,00    0,00    0,00    0,00    0,00    0,00    0,00    0,00  100,00
15:44:26      10    0,00    0,00    0,00    0,00    0,00    0,00    0,00    0,00    0,00  100,00
15:44:26      11    0,00    0,00    0,00    0,00    0,00    0,00    0,00    0,00    0,00  100,00
15:44:26      12    0,00    0,00    0,00    0,00    0,00    0,00    0,00    0,00    0,00  100,00
15:44:26      13    0,00    0,00    0,00    0,00    0,00    0,00    0,00    0,00    0,00  100,00
15:44:26      14    0,99    0,00    0,00    0,00    0,00    0,00    0,00    0,00    0,00   99,01
15:44:26      15    0,00    0,00    0,00    0,00    0,00    0,00    0,00    0,00    0,00  100,00
15:44:26      16    0,00    0,00    0,00    0,00    0,00    0,00    0,00    0,00    0,00  100,00
15:44:26      17    0,00    0,00    0,00    0,00    0,00    0,00    0,00    0,00    0,00  100,00
15:44:26      18    0,00    0,00    0,00    0,00    0,00    0,00    0,00    0,00    0,00  100,00
15:44:26      19    0,00    0,00    0,00    0,00    0,00    0,00    0,00    0,00    0,00  100,00
15:44:26      20    0,00    0,00    0,00    0,00    0,00    0,00    0,00    0,00    0,00  100,00
15:44:26      21    0,00    0,00    0,00    0,00    0,00    0,00    0,00    0,00    0,00  100,00
15:44:26      22    0,00    0,00    0,00    0,00    0,00    0,00    0,00    0,00    0,00  100,00
15:44:26      23    0,00    0,00    0,00    0,00    0,00    0,00    0,00    0,00    0,00  100,00

15:44:26     CPU    %usr   %nice    %sys %iowait    %irq   %soft  %steal  %guest  %gnice   %idle
15:44:27     all    0,00    0,00    0,00    0,13    0,00   10,93    0,00    0,00    0,00   88,95
15:44:27       0    0,00    0,00    0,00    0,00    0,00  100,00    0,00    0,00    0,00    0,00
15:44:27       1    0,00    0,00    0,00    0,00    0,00   31,00    0,00    0,00    0,00   69,00
15:44:27       2    0,00    0,00    0,00    0,00    0,00  100,00    0,00    0,00    0,00    0,00
15:44:27       3    0,00    0,00    0,00    0,00    0,00   31,31    0,00    0,00    0,00   68,69
15:44:27       4    0,00    0,00    0,00    0,00    0,00    0,00    0,00    0,00    0,00  100,00
15:44:27       5    0,00    0,00    0,00    0,00    0,00    0,00    0,00    0,00    0,00  100,00
15:44:27       6    0,00    0,00    0,00    0,00    0,00    0,00    0,00    0,00    0,00  100,00
15:44:27       7    0,00    0,00    0,00    0,00    0,00    0,00    0,00    0,00    0,00  100,00
15:44:27       8    0,00    0,00    0,00    0,00    0,00    0,00    0,00    0,00    0,00  100,00
15:44:27       9    0,00    0,00    0,00    0,00    0,00    0,00    0,00    0,00    0,00  100,00
15:44:27      10    0,00    0,00    0,00    0,00    0,00    0,00    0,00    0,00    0,00  100,00
15:44:27      11    0,00    0,00    0,00    0,00    0,00    0,00    0,00    0,00    0,00  100,00
15:44:27      12    0,00    0,00    0,00    0,00    0,00    0,00    0,00    0,00    0,00  100,00
15:44:27      13    0,00    0,00    0,00    0,00    0,00    0,00    0,00    0,00    0,00  100,00
15:44:27      14    0,00    0,00    0,00    2,00    0,00    0,00    0,00    0,00    0,00   98,00
15:44:27      15    0,00    0,00    0,00    0,00    0,00    0,00    0,00    0,00    0,00  100,00
15:44:27      16    0,00    0,00    0,00    0,00    0,00    0,00    0,00    0,00    0,00  100,00
15:44:27      17    0,00    0,00    0,00    0,00    0,00    0,00    0,00    0,00    0,00  100,00
15:44:27      18    0,00    0,00    0,00    0,00    0,00    0,00    0,00    0,00    0,00  100,00
15:44:27      19    0,00    0,00    0,00    1,00    0,00    0,00    0,00    0,00    0,00   99,00
15:44:27      20    0,00    0,00    0,00    0,00    0,00    0,00    0,00    0,00    0,00  100,00
15:44:27      21    0,00    0,00    0,00    0,00    0,00    0,00    0,00    0,00    0,00  100,00
15:44:27      22    0,00    0,00    0,00    0,00    0,00    0,00    0,00    0,00    0,00  100,00
15:44:27      23    0,00    0,00    0,00    0,00    0,00    0,00    0,00    0,00    0,00  100,00

15:44:27     CPU    %usr   %nice    %sys %iowait    %irq   %soft  %steal  %guest  %gnice   %idle
15:44:28     all    0,58    0,00    0,33    0,00    0,00   10,96    0,00    0,00    0,00   88,12
15:44:28       0    0,00    0,00    0,00    0,00    0,00  100,00    0,00    0,00    0,00    0,00
15:44:28       1    0,00    0,00    0,00    0,00    0,00   31,31    0,00    0,00    0,00   68,69
15:44:28       2    0,00    0,00    0,00    0,00    0,00  100,00    0,00    0,00    0,00    0,00
15:44:28       3    0,00    0,00    0,00    0,00    0,00   31,68    0,00    0,00    0,00   68,32
15:44:28       4    0,99    0,00    0,00    0,00    0,00    0,00    0,00    0,00    0,00   99,01
15:44:28       5    0,00    0,00    0,00    0,00    0,00    0,00    0,00    0,00    0,00  100,00
15:44:28       6    0,99    0,00    0,00    0,00    0,00    0,00    0,00    0,00    0,00   99,01
15:44:28       7    0,00    0,00    0,00    0,00    0,00    0,00    0,00    0,00    0,00  100,00
15:44:28       8    0,00    0,00    0,00    0,00    0,00    0,00    0,00    0,00    0,00  100,00
15:44:28       9    0,00    0,00    0,00    0,00    0,00    0,00    0,00    0,00    0,00  100,00
15:44:28      10    0,00    0,00    0,00    0,00    0,00    0,00    0,00    0,00    0,00  100,00
15:44:28      11   12,00    0,00    8,00    0,00    0,00    0,00    0,00    0,00    0,00   80,00
15:44:28      12    0,00    0,00    0,00    0,00    0,00    0,00    0,00    0,00    0,00  100,00
15:44:28      13    0,00    0,00    0,00    0,00    0,00    0,00    0,00    0,00    0,00  100,00
15:44:28      14    0,00    0,00    0,00    0,00    0,00    0,00    0,00    0,00    0,00  100,00
15:44:28      15    0,00    0,00    0,00    0,00    0,00    0,00    0,00    0,00    0,00  100,00
15:44:28      16    0,00    0,00    0,00    0,00    0,00    0,00    0,00    0,00    0,00  100,00
15:44:28      17    0,00    0,00    0,00    0,00    0,00    0,00    0,00    0,00    0,00  100,00
15:44:28      18    0,00    0,00    0,00    0,00    0,00    0,00    0,00    0,00    0,00  100,00
15:44:28      19    0,00    0,00    0,00    0,00    0,00    0,00    0,00    0,00    0,00  100,00
15:44:28      20    0,00    0,00    0,00    0,00    0,00    0,00    0,00    0,00    0,00  100,00
15:44:28      21    0,00    0,00    0,00    0,00    0,00    0,00    0,00    0,00    0,00  100,00
15:44:28      22    0,00    0,00    0,00    0,00    0,00    0,00    0,00    0,00    0,00  100,00
15:44:28      23    0,00    0,00    0,00    0,00    0,00    0,00    0,00    0,00    0,00  100,00

15:44:28     CPU    %usr   %nice    %sys %iowait    %irq   %soft  %steal  %guest  %gnice   %idle
15:44:29     all    0,04    0,00    0,00    0,00    0,00   10,96    0,00    0,00    0,00   89,00
15:44:29       0    0,00    0,00    0,00    0,00    0,00  100,00    0,00    0,00    0,00    0,00
15:44:29       1    0,00    0,00    0,00    0,00    0,00   31,00    0,00    0,00    0,00   69,00
15:44:29       2    0,00    0,00    0,00    0,00    0,00  100,00    0,00    0,00    0,00    0,00
15:44:29       3    0,00    0,00    0,00    0,00    0,00   32,00    0,00    0,00    0,00   68,00
15:44:29       4    0,00    0,00    0,00    0,00    0,00    0,00    0,00    0,00    0,00  100,00
15:44:29       5    0,00    0,00    0,00    0,00    0,00    0,00    0,00    0,00    0,00  100,00
15:44:29       6    0,00    0,00    0,00    0,00    0,00    0,00    0,00    0,00    0,00  100,00
15:44:29       7    0,00    0,00    0,00    0,00    0,00    0,00    0,00    0,00    0,00  100,00
15:44:29       8    0,00    0,00    0,00    0,00    0,00    0,00    0,00    0,00    0,00  100,00
15:44:29       9    0,00    0,00    0,00    0,00    0,00    0,00    0,00    0,00    0,00  100,00
15:44:29      10    0,00    0,00    0,00    0,00    0,00    0,00    0,00    0,00    0,00  100,00
15:44:29      11    0,00    0,00    0,00    0,00    0,00    0,00    0,00    0,00    0,00  100,00
15:44:29      12    0,00    0,00    0,00    0,00    0,00    0,00    0,00    0,00    0,00  100,00
15:44:29      13    0,00    0,00    0,00    0,00    0,00    0,00    0,00    0,00    0,00  100,00
15:44:29      14    0,00    0,00    0,00    0,00    0,00    0,00    0,00    0,00    0,00  100,00
15:44:29      15    0,00    0,00    0,00    0,00    0,00    0,00    0,00    0,00    0,00  100,00
15:44:29      16    0,00    0,00    0,00    0,00    0,00    0,00    0,00    0,00    0,00  100,00
15:44:29      17    0,00    0,00    0,00    0,00    0,00    0,00    0,00    0,00    0,00  100,00
15:44:29      18    0,00    0,00    0,00    0,00    0,00    0,00    0,00    0,00    0,00  100,00
15:44:29      19    0,00    0,00    0,00    0,00    0,00    0,00    0,00    0,00    0,00  100,00
15:44:29      20    0,00    0,00    0,00    0,00    0,00    0,00    0,00    0,00    0,00  100,00
15:44:29      21    0,00    0,00    0,00    0,00    0,00    0,00    0,00    0,00    0,00  100,00
15:44:29      22    0,00    0,00    0,00    0,00    0,00    0,00    0,00    0,00    0,00  100,00
15:44:29      23    0,99    0,00    0,00    0,00    0,00    0,00    0,00    0,00    0,00   99,01

15:44:29     CPU    %usr   %nice    %sys %iowait    %irq   %soft  %steal  %guest  %gnice   %idle
15:44:30     all    1,38    0,00    0,75    0,00    0,00   10,95    0,00    0,00    0,00   86,91
15:44:30       0    0,00    0,00    0,00    0,00    0,00  100,00    0,00    0,00    0,00    0,00
15:44:30       1    0,00    0,00    0,00    0,00    0,00   31,31    0,00    0,00    0,00   68,69
15:44:30       2    0,00    0,00    0,00    0,00    0,00  100,00    0,00    0,00    0,00    0,00
15:44:30       3    0,00    0,00    0,00    0,00    0,00   31,31    0,00    0,00    0,00   68,69
15:44:30       4    0,00    0,00    1,01    0,00    0,00    0,00    0,00    0,00    0,00   98,99
15:44:30       5    0,00    0,00    0,00    0,00    0,00    0,00    0,00    0,00    0,00  100,00
15:44:30       6    0,00    0,00    0,00    0,00    0,00    0,00    0,00    0,00    0,00  100,00
15:44:30       7    0,00    0,00    0,00    0,00    0,00    0,00    0,00    0,00    0,00  100,00
15:44:30       8    0,99    0,00    0,00    0,00    0,00    0,00    0,00    0,00    0,00   99,01
15:44:30       9    0,00    0,00    0,00    0,00    0,00    0,00    0,00    0,00    0,00  100,00
15:44:30      10    0,99    0,00    0,00    0,00    0,00    0,00    0,00    0,00    0,00   99,01
15:44:30      11    3,03    0,00    2,02    0,00    0,00    0,00    0,00    0,00    0,00   94,95
15:44:30      12    5,00    0,00    1,00    0,00    0,00    0,00    0,00    0,00    0,00   94,00
15:44:30      13    0,00    0,00    0,00    0,00    0,00    0,00    0,00    0,00    0,00  100,00
15:44:30      14    9,09    0,00    1,01    0,00    0,00    0,00    0,00    0,00    0,00   89,90
15:44:30      15    0,00    0,00    0,00    0,00    0,00    0,00    0,00    0,00    0,00  100,00
15:44:30      16    2,00    0,00    2,00    0,00    0,00    0,00    0,00    0,00    0,00   96,00
15:44:30      17    2,02    0,00    2,02    0,00    0,00    0,00    0,00    0,00    0,00   95,96
15:44:30      18    2,00    0,00    1,00    0,00    0,00    0,00    0,00    0,00    0,00   97,00
15:44:30      19    1,01    0,00    1,01    0,00    0,00    0,00    0,00    0,00    0,00   97,98
15:44:30      20    2,97    0,00    0,99    0,00    0,00    0,00    0,00    0,00    0,00   96,04
15:44:30      21    2,00    0,00    4,00    0,00    0,00    0,00    0,00    0,00    0,00   94,00
15:44:30      22    2,02    0,00    1,01    0,00    0,00    0,00    0,00    0,00    0,00   96,97
15:44:30      23    0,00    0,00    1,02    0,00    0,00    0,00    0,00    0,00    0,00   98,98
