Linux 6.8.0-111-generic (testbed-node4) 	13/05/26 	_x86_64_	(24 CPU)

21:42:09     CPU    %usr   %nice    %sys %iowait    %irq   %soft  %steal  %guest  %gnice   %idle
21:42:10     all   29,26    0,00    0,04    0,00    0,00    0,00    0,00    0,00    0,00   70,70
21:42:10       0  100,00    0,00    0,00    0,00    0,00    0,00    0,00    0,00    0,00    0,00
21:42:10       1  100,00    0,00    0,00    0,00    0,00    0,00    0,00    0,00    0,00    0,00
21:42:10       2  100,00    0,00    0,00    0,00    0,00    0,00    0,00    0,00    0,00    0,00
21:42:10       3  100,00    0,00    0,00    0,00    0,00    0,00    0,00    0,00    0,00    0,00
21:42:10       4  100,00    0,00    0,00    0,00    0,00    0,00    0,00    0,00    0,00    0,00
21:42:10       5  100,00    0,00    0,00    0,00    0,00    0,00    0,00    0,00    0,00    0,00
21:42:10       6  100,00    0,00    0,00    0,00    0,00    0,00    0,00    0,00    0,00    0,00
21:42:10       7    0,00    0,00    0,00    0,00    0,00    0,00    0,00    0,00    0,00  100,00
21:42:10       8    0,00    0,00    0,00    0,00    0,00    0,00    0,00    0,00    0,00  100,00
21:42:10       9    0,00    0,00    0,00    0,00    0,00    0,00    0,00    0,00    0,00  100,00
21:42:10      10    0,00    0,00    0,00    0,00    0,00    0,00    0,00    0,00    0,00  100,00
21:42:10      11    0,00    0,00    0,00    0,00    0,00    0,00    0,00    0,00    0,00  100,00
21:42:10      12    1,00    0,00    0,00    0,00    0,00    0,00    0,00    0,00    0,00   99,00
21:42:10      13    0,00    0,00    0,00    0,00    0,00    0,00    0,00    0,00    0,00  100,00
21:42:10      14    0,99    0,00    0,00    0,00    0,00    0,00    0,00    0,00    0,00   99,01
21:42:10      15    0,00    0,00    0,00    0,00    0,00    0,00    0,00    0,00    0,00  100,00
21:42:10      16    0,00    0,00    0,00    0,00    0,00    0,00    0,00    0,00    0,00  100,00
21:42:10      17    0,00    0,00    0,00    0,00    0,00    0,00    0,00    0,00    0,00  100,00
21:42:10      18    0,99    0,00    0,00    0,00    0,00    0,00    0,00    0,00    0,00   99,01
21:42:10      19    0,00    0,00    0,00    0,00    0,00    0,00    0,00    0,00    0,00  100,00
21:42:10      20    0,00    0,00    0,99    0,00    0,00    0,00    0,00    0,00    0,00   99,01
21:42:10      21    0,00    0,00    0,00    0,00    0,00    0,00    0,00    0,00    0,00  100,00
21:42:10      22    0,00    0,00    0,00    0,00    0,00    0,00    0,00    0,00    0,00  100,00
21:42:10      23    0,00    0,00    0,00    0,00    0,00    0,00    0,00    0,00    0,00  100,00

21:42:10     CPU    %usr   %nice    %sys %iowait    %irq   %soft  %steal  %guest  %gnice   %idle
21:42:11     all   29,17    0,00    0,00    0,00    0,00    0,00    0,00    0,00    0,00   70,83
21:42:11       0  100,00    0,00    0,00    0,00    0,00    0,00    0,00    0,00    0,00    0,00
21:42:11       1  100,00    0,00    0,00    0,00    0,00    0,00    0,00    0,00    0,00    0,00
21:42:11       2  100,00    0,00    0,00    0,00    0,00    0,00    0,00    0,00    0,00    0,00
21:42:11       3  100,00    0,00    0,00    0,00    0,00    0,00    0,00    0,00    0,00    0,00
21:42:11       4  100,00    0,00    0,00    0,00    0,00    0,00    0,00    0,00    0,00    0,00
21:42:11       5  100,00    0,00    0,00    0,00    0,00    0,00    0,00    0,00    0,00    0,00
21:42:11       6  100,00    0,00    0,00    0,00    0,00    0,00    0,00    0,00    0,00    0,00
21:42:11       7    0,00    0,00    0,00    0,00    0,00    0,00    0,00    0,00    0,00  100,00
21:42:11       8    0,00    0,00    0,00    0,00    0,00    0,00    0,00    0,00    0,00  100,00
21:42:11       9    0,00    0,00    0,00    0,00    0,00    0,00    0,00    0,00    0,00  100,00
21:42:11      10    0,00    0,00    0,00    0,00    0,00    0,00    0,00    0,00    0,00  100,00
21:42:11      11    0,00    0,00    0,00    0,00    0,00    0,00    0,00    0,00    0,00  100,00
21:42:11      12    0,00    0,00    0,00    0,00    0,00    0,00    0,00    0,00    0,00  100,00
21:42:11      13    0,00    0,00    0,00    0,00    0,00    0,00    0,00    0,00    0,00  100,00
21:42:11      14    0,00    0,00    0,00    0,00    0,00    0,00    0,00    0,00    0,00  100,00
21:42:11      15    0,00    0,00    0,00    0,00    0,00    0,00    0,00    0,00    0,00  100,00
21:42:11      16    0,00    0,00    0,00    0,00    0,00    0,00    0,00    0,00    0,00  100,00
21:42:11      17    0,00    0,00    0,00    0,00    0,00    0,00    0,00    0,00    0,00  100,00
21:42:11      18    0,00    0,00    0,00    0,00    0,00    0,00    0,00    0,00    0,00  100,00
21:42:11      19    0,00    0,00    0,00    0,00    0,00    0,00    0,00    0,00    0,00  100,00
21:42:11      20    0,00    0,00    0,00    0,00    0,00    0,00    0,00    0,00    0,00  100,00
21:42:11      21    0,00    0,00    0,00    0,00    0,00    0,00    0,00    0,00    0,00  100,00
21:42:11      22    0,00    0,00    0,00    0,00    0,00    0,00    0,00    0,00    0,00  100,00
21:42:11      23    0,00    0,00    0,00    0,00    0,00    0,00    0,00    0,00    0,00  100,00

21:42:11     CPU    %usr   %nice    %sys %iowait    %irq   %soft  %steal  %guest  %gnice   %idle
21:42:12     all   29,55    0,00    0,17    0,04    0,00    0,00    0,00    0,00    0,00   70,25
21:42:12       0  100,00    0,00    0,00    0,00    0,00    0,00    0,00    0,00    0,00    0,00
21:42:12       1  100,00    0,00    0,00    0,00    0,00    0,00    0,00    0,00    0,00    0,00
21:42:12       2  100,00    0,00    0,00    0,00    0,00    0,00    0,00    0,00    0,00    0,00
21:42:12       3  100,00    0,00    0,00    0,00    0,00    0,00    0,00    0,00    0,00    0,00
21:42:12       4  100,00    0,00    0,00    0,00    0,00    0,00    0,00    0,00    0,00    0,00
21:42:12       5  100,00    0,00    0,00    0,00    0,00    0,00    0,00    0,00    0,00    0,00
21:42:12       6  100,00    0,00    0,00    0,00    0,00    0,00    0,00    0,00    0,00    0,00
21:42:12       7    0,00    0,00    0,00    0,00    0,00    0,00    0,00    0,00    0,00  100,00
21:42:12       8    0,00    0,00    0,00    0,00    0,00    0,00    0,00    0,00    0,00  100,00
21:42:12       9    0,00    0,00    0,00    0,00    0,00    0,00    0,00    0,00    0,00  100,00
21:42:12      10    0,00    0,00    0,00    0,00    0,00    0,00    0,00    0,00    0,00  100,00
21:42:12      11    0,00    0,00    0,00    0,00    0,00    0,00    0,00    0,00    0,00  100,00
21:42:12      12    4,95    0,00    0,99    0,00    0,00    0,00    0,00    0,00    0,00   94,06
21:42:12      13    0,00    0,00    0,00    0,00    0,00    0,00    0,00    0,00    0,00  100,00
21:42:12      14    0,00    0,00    0,00    0,00    0,00    0,00    0,00    0,00    0,00  100,00
21:42:12      15    0,00    0,00    0,00    0,00    0,00    0,00    0,00    0,00    0,00  100,00
21:42:12      16    0,98    0,00    0,98    0,98    0,00    0,00    0,00    0,00    0,00   97,06
21:42:12      17    1,00    0,00    1,00    0,00    0,00    0,00    0,00    0,00    0,00   98,00
21:42:12      18    0,00    0,00    0,00    0,00    0,00    0,00    0,00    0,00    0,00  100,00
21:42:12      19    0,99    0,00    0,00    0,00    0,00    0,00    0,00    0,00    0,00   99,01
21:42:12      20    0,00    0,00    0,00    0,00    0,00    0,00    0,00    0,00    0,00  100,00
21:42:12      21    0,00    0,00    0,00    0,00    0,00    0,00    0,00    0,00    0,00  100,00
21:42:12      22    1,98    0,00    0,99    0,00    0,00    0,00    0,00    0,00    0,00   97,03
21:42:12      23    0,00    0,00    0,00    0,00    0,00    0,00    0,00    0,00    0,00  100,00

21:42:12     CPU    %usr   %nice    %sys %iowait    %irq   %soft  %steal  %guest  %gnice   %idle
21:42:13     all   29,18    0,00    0,00    0,00    0,00    0,00    0,00    0,00    0,00   70,82
21:42:13       0  100,00    0,00    0,00    0,00    0,00    0,00    0,00    0,00    0,00    0,00
21:42:13       1  100,00    0,00    0,00    0,00    0,00    0,00    0,00    0,00    0,00    0,00
21:42:13       2  100,00    0,00    0,00    0,00    0,00    0,00    0,00    0,00    0,00    0,00
21:42:13       3  100,00    0,00    0,00    0,00    0,00    0,00    0,00    0,00    0,00    0,00
21:42:13       4  100,00    0,00    0,00    0,00    0,00    0,00    0,00    0,00    0,00    0,00
21:42:13       5  100,00    0,00    0,00    0,00    0,00    0,00    0,00    0,00    0,00    0,00
21:42:13       6  100,00    0,00    0,00    0,00    0,00    0,00    0,00    0,00    0,00    0,00
21:42:13       7    0,00    0,00    0,00    0,00    0,00    0,00    0,00    0,00    0,00  100,00
21:42:13       8    0,00    0,00    0,00    0,00    0,00    0,00    0,00    0,00    0,00  100,00
21:42:13       9    0,00    0,00    0,00    0,00    0,00    0,00    0,00    0,00    0,00  100,00
21:42:13      10    0,00    0,00    0,00    0,00    0,00    0,00    0,00    0,00    0,00  100,00
21:42:13      11    0,00    0,00    0,00    0,00    0,00    0,00    0,00    0,00    0,00  100,00
21:42:13      12    0,00    0,00    0,00    0,00    0,00    0,00    0,00    0,00    0,00  100,00
21:42:13      13    0,00    0,00    0,00    0,00    0,00    0,00    0,00    0,00    0,00  100,00
21:42:13      14    0,00    0,00    0,00    0,00    0,00    0,00    0,00    0,00    0,00  100,00
21:42:13      15    0,00    0,00    0,00    0,00    0,00    0,00    0,00    0,00    0,00  100,00
21:42:13      16    0,00    0,00    0,00    0,00    0,00    0,00    0,00    0,00    0,00  100,00
21:42:13      17    0,00    0,00    0,00    0,00    0,00    0,00    0,00    0,00    0,00  100,00
21:42:13      18    0,00    0,00    0,00    0,00    0,00    0,00    0,00    0,00    0,00  100,00
21:42:13      19    0,00    0,00    0,00    0,00    0,00    0,00    0,00    0,00    0,00  100,00
21:42:13      20    0,00    0,00    0,00    0,00    0,00    0,00    0,00    0,00    0,00  100,00
21:42:13      21    0,00    0,00    0,00    0,00    0,00    0,00    0,00    0,00    0,00  100,00
21:42:13      22    0,00    0,00    0,00    0,00    0,00    0,00    0,00    0,00    0,00  100,00
21:42:13      23    0,00    0,00    0,00    0,00    0,00    0,00    0,00    0,00    0,00  100,00

21:42:13     CPU    %usr   %nice    %sys %iowait    %irq   %soft  %steal  %guest  %gnice   %idle
21:42:14     all   29,18    0,00    0,00    0,04    0,00    0,00    0,00    0,00    0,00   70,78
21:42:14       0  100,00    0,00    0,00    0,00    0,00    0,00    0,00    0,00    0,00    0,00
21:42:14       1  100,00    0,00    0,00    0,00    0,00    0,00    0,00    0,00    0,00    0,00
21:42:14       2  100,00    0,00    0,00    0,00    0,00    0,00    0,00    0,00    0,00    0,00
21:42:14       3  100,00    0,00    0,00    0,00    0,00    0,00    0,00    0,00    0,00    0,00
21:42:14       4  100,00    0,00    0,00    0,00    0,00    0,00    0,00    0,00    0,00    0,00
21:42:14       5  100,00    0,00    0,00    0,00    0,00    0,00    0,00    0,00    0,00    0,00
21:42:14       6  100,00    0,00    0,00    0,00    0,00    0,00    0,00    0,00    0,00    0,00
21:42:14       7    0,00    0,00    0,00    0,00    0,00    0,00    0,00    0,00    0,00  100,00
21:42:14       8    0,00    0,00    0,00    0,00    0,00    0,00    0,00    0,00    0,00  100,00
21:42:14       9    0,00    0,00    0,00    0,00    0,00    0,00    0,00    0,00    0,00  100,00
21:42:14      10    0,00    0,00    0,00    0,00    0,00    0,00    0,00    0,00    0,00  100,00
21:42:14      11    0,00    0,00    0,00    0,00    0,00    0,00    0,00    0,00    0,00  100,00
21:42:14      12    0,00    0,00    0,00    0,00    0,00    0,00    0,00    0,00    0,00  100,00
21:42:14      13    0,00    0,00    0,00    0,00    0,00    0,00    0,00    0,00    0,00  100,00
21:42:14      14    0,00    0,00    0,00    0,00    0,00    0,00    0,00    0,00    0,00  100,00
21:42:14      15    0,00    0,00    0,00    0,00    0,00    0,00    0,00    0,00    0,00  100,00
21:42:14      16    0,00    0,00    0,00    0,00    0,00    0,00    0,00    0,00    0,00  100,00
21:42:14      17    0,00    0,00    0,00    0,00    0,00    0,00    0,00    0,00    0,00  100,00
21:42:14      18    0,00    0,00    0,00    0,00    0,00    0,00    0,00    0,00    0,00  100,00
21:42:14      19    0,00    0,00    0,00    0,00    0,00    0,00    0,00    0,00    0,00  100,00
21:42:14      20    0,00    0,00    0,00    0,00    0,00    0,00    0,00    0,00    0,00  100,00
21:42:14      21    0,00    0,00    0,00    1,01    0,00    0,00    0,00    0,00    0,00   98,99
21:42:14      22    0,00    0,00    0,00    0,00    0,00    0,00    0,00    0,00    0,00  100,00
21:42:14      23    0,00    0,00    0,00    0,00    0,00    0,00    0,00    0,00    0,00  100,00

21:42:14     CPU    %usr   %nice    %sys %iowait    %irq   %soft  %steal  %guest  %gnice   %idle
21:42:15     all   29,17    0,00    0,04    0,00    0,00    0,00    0,00    0,00    0,00   70,79
21:42:15       0   99,01    0,00    0,99    0,00    0,00    0,00    0,00    0,00    0,00    0,00
21:42:15       1  100,00    0,00    0,00    0,00    0,00    0,00    0,00    0,00    0,00    0,00
21:42:15       2  100,00    0,00    0,00    0,00    0,00    0,00    0,00    0,00    0,00    0,00
21:42:15       3  100,00    0,00    0,00    0,00    0,00    0,00    0,00    0,00    0,00    0,00
21:42:15       4  100,00    0,00    0,00    0,00    0,00    0,00    0,00    0,00    0,00    0,00
21:42:15       5  100,00    0,00    0,00    0,00    0,00    0,00    0,00    0,00    0,00    0,00
21:42:15       6  100,00    0,00    0,00    0,00    0,00    0,00    0,00    0,00    0,00    0,00
21:42:15       7    0,00    0,00    0,00    0,00    0,00    0,00    0,00    0,00    0,00  100,00
21:42:15       8    0,00    0,00    0,00    0,00    0,00    0,00    0,00    0,00    0,00  100,00
21:42:15       9    0,00    0,00    0,00    0,00    0,00    0,00    0,00    0,00    0,00  100,00
21:42:15      10    0,00    0,00    0,00    0,00    0,00    0,00    0,00    0,00    0,00  100,00
21:42:15      11    0,00    0,00    0,00    0,00    0,00    0,00    0,00    0,00    0,00  100,00
21:42:15      12    0,00    0,00    0,00    0,00    0,00    0,00    0,00    0,00    0,00  100,00
21:42:15      13    0,00    0,00    0,00    0,00    0,00    0,00    0,00    0,00    0,00  100,00
21:42:15      14    0,00    0,00    0,00    0,00    0,00    0,00    0,00    0,00    0,00  100,00
21:42:15      15    0,00    0,00    0,00    0,00    0,00    0,00    0,00    0,00    0,00  100,00
21:42:15      16    0,00    0,00    0,00    0,00    0,00    0,00    0,00    0,00    0,00  100,00
21:42:15      17    0,00    0,00    0,00    0,00    0,00    0,00    0,00    0,00    0,00  100,00
21:42:15      18    0,00    0,00    0,00    0,00    0,00    0,00    0,00    0,00    0,00  100,00
21:42:15      19    0,00    0,00    0,00    0,00    0,00    0,00    0,00    0,00    0,00  100,00
21:42:15      20    0,00    0,00    0,00    0,00    0,00    0,00    0,00    0,00    0,00  100,00
21:42:15      21    0,00    0,00    0,00    0,00    0,00    0,00    0,00    0,00    0,00  100,00
21:42:15      22    0,00    0,00    0,00    0,00    0,00    0,00    0,00    0,00    0,00  100,00
21:42:15      23    0,00    0,00    0,00    0,00    0,00    0,00    0,00    0,00    0,00  100,00

21:42:15     CPU    %usr   %nice    %sys %iowait    %irq   %soft  %steal  %guest  %gnice   %idle
21:42:16     all   29,18    0,00    0,00    0,00    0,00    0,00    0,00    0,00    0,00   70,82
21:42:16       0  100,00    0,00    0,00    0,00    0,00    0,00    0,00    0,00    0,00    0,00
21:42:16       1  100,00    0,00    0,00    0,00    0,00    0,00    0,00    0,00    0,00    0,00
21:42:16       2  100,00    0,00    0,00    0,00    0,00    0,00    0,00    0,00    0,00    0,00
21:42:16       3  100,00    0,00    0,00    0,00    0,00    0,00    0,00    0,00    0,00    0,00
21:42:16       4  100,00    0,00    0,00    0,00    0,00    0,00    0,00    0,00    0,00    0,00
21:42:16       5  100,00    0,00    0,00    0,00    0,00    0,00    0,00    0,00    0,00    0,00
21:42:16       6  100,00    0,00    0,00    0,00    0,00    0,00    0,00    0,00    0,00    0,00
21:42:16       7    0,00    0,00    0,00    0,00    0,00    0,00    0,00    0,00    0,00  100,00
21:42:16       8    0,00    0,00    0,00    0,00    0,00    0,00    0,00    0,00    0,00  100,00
21:42:16       9    0,00    0,00    0,00    0,00    0,00    0,00    0,00    0,00    0,00  100,00
21:42:16      10    0,00    0,00    0,00    0,00    0,00    0,00    0,00    0,00    0,00  100,00
21:42:16      11    0,00    0,00    0,00    0,00    0,00    0,00    0,00    0,00    0,00  100,00
21:42:16      12    0,00    0,00    0,00    0,00    0,00    0,00    0,00    0,00    0,00  100,00
21:42:16      13    0,00    0,00    0,00    0,00    0,00    0,00    0,00    0,00    0,00  100,00
21:42:16      14    0,00    0,00    0,00    0,00    0,00    0,00    0,00    0,00    0,00  100,00
21:42:16      15    0,00    0,00    0,00    0,00    0,00    0,00    0,00    0,00    0,00  100,00
21:42:16      16    0,00    0,00    0,00    0,00    0,00    0,00    0,00    0,00    0,00  100,00
21:42:16      17    0,00    0,00    0,00    0,00    0,00    0,00    0,00    0,00    0,00  100,00
21:42:16      18    0,00    0,00    0,00    0,00    0,00    0,00    0,00    0,00    0,00  100,00
21:42:16      19    0,00    0,00    0,00    0,00    0,00    0,00    0,00    0,00    0,00  100,00
21:42:16      20    0,00    0,00    0,00    0,00    0,00    0,00    0,00    0,00    0,00  100,00
21:42:16      21    0,00    0,00    0,00    0,00    0,00    0,00    0,00    0,00    0,00  100,00
21:42:16      22    0,00    0,00    0,00    0,00    0,00    0,00    0,00    0,00    0,00  100,00
21:42:16      23    0,00    0,00    0,00    0,00    0,00    0,00    0,00    0,00    0,00  100,00

21:42:16     CPU    %usr   %nice    %sys %iowait    %irq   %soft  %steal  %guest  %gnice   %idle
21:42:17     all   29,65    0,00    0,42    0,00    0,00    0,00    0,00    0,00    0,00   69,93
21:42:17       0  100,00    0,00    0,00    0,00    0,00    0,00    0,00    0,00    0,00    0,00
21:42:17       1  100,00    0,00    0,00    0,00    0,00    0,00    0,00    0,00    0,00    0,00
21:42:17       2  100,00    0,00    0,00    0,00    0,00    0,00    0,00    0,00    0,00    0,00
21:42:17       3  100,00    0,00    0,00    0,00    0,00    0,00    0,00    0,00    0,00    0,00
21:42:17       4  100,00    0,00    0,00    0,00    0,00    0,00    0,00    0,00    0,00    0,00
21:42:17       5  100,00    0,00    0,00    0,00    0,00    0,00    0,00    0,00    0,00    0,00
21:42:17       6  100,00    0,00    0,00    0,00    0,00    0,00    0,00    0,00    0,00    0,00
21:42:17       7    0,00    0,00    0,00    0,00    0,00    0,00    0,00    0,00    0,00  100,00
21:42:17       8   11,88    0,00    9,90    0,00    0,00    0,00    0,00    0,00    0,00   78,22
21:42:17       9    0,00    0,00    0,00    0,00    0,00    0,00    0,00    0,00    0,00  100,00
21:42:17      10    0,00    0,00    0,00    0,00    0,00    0,00    0,00    0,00    0,00  100,00
21:42:17      11    0,00    0,00    0,00    0,00    0,00    0,00    0,00    0,00    0,00  100,00
21:42:17      12    0,00    0,00    0,00    0,00    0,00    0,00    0,00    0,00    0,00  100,00
21:42:17      13    0,00    0,00    0,00    0,00    0,00    0,00    0,00    0,00    0,00  100,00
21:42:17      14    0,00    0,00    0,00    0,00    0,00    0,00    0,00    0,00    0,00  100,00
21:42:17      15    0,00    0,00    0,00    0,00    0,00    0,00    0,00    0,00    0,00  100,00
21:42:17      16    0,00    0,00    0,00    0,00    0,00    0,00    0,00    0,00    0,00  100,00
21:42:17      17    0,00    0,00    0,00    0,00    0,00    0,00    0,00    0,00    0,00  100,00
21:42:17      18    0,00    0,00    0,00    0,00    0,00    0,00    0,00    0,00    0,00  100,00
21:42:17      19    0,00    0,00    0,00    0,00    0,00    0,00    0,00    0,00    0,00  100,00
21:42:17      20    0,00    0,00    0,00    0,00    0,00    0,00    0,00    0,00    0,00  100,00
21:42:17      21    0,00    0,00    0,00    0,00    0,00    0,00    0,00    0,00    0,00  100,00
21:42:17      22    0,00    0,00    0,00    0,00    0,00    0,00    0,00    0,00    0,00  100,00
21:42:17      23    0,00    0,00    0,00    0,00    0,00    0,00    0,00    0,00    0,00  100,00

21:42:17     CPU    %usr   %nice    %sys %iowait    %irq   %soft  %steal  %guest  %gnice   %idle
21:42:18     all   29,18    0,00    0,00    0,00    0,00    0,00    0,00    0,00    0,00   70,82
21:42:18       0  100,00    0,00    0,00    0,00    0,00    0,00    0,00    0,00    0,00    0,00
21:42:18       1  100,00    0,00    0,00    0,00    0,00    0,00    0,00    0,00    0,00    0,00
21:42:18       2  100,00    0,00    0,00    0,00    0,00    0,00    0,00    0,00    0,00    0,00
21:42:18       3  100,00    0,00    0,00    0,00    0,00    0,00    0,00    0,00    0,00    0,00
21:42:18       4  100,00    0,00    0,00    0,00    0,00    0,00    0,00    0,00    0,00    0,00
21:42:18       5  100,00    0,00    0,00    0,00    0,00    0,00    0,00    0,00    0,00    0,00
21:42:18       6  100,00    0,00    0,00    0,00    0,00    0,00    0,00    0,00    0,00    0,00
21:42:18       7    0,00    0,00    0,00    0,00    0,00    0,00    0,00    0,00    0,00  100,00
21:42:18       8    0,00    0,00    0,00    0,00    0,00    0,00    0,00    0,00    0,00  100,00
21:42:18       9    0,00    0,00    0,00    0,00    0,00    0,00    0,00    0,00    0,00  100,00
21:42:18      10    0,00    0,00    0,00    0,00    0,00    0,00    0,00    0,00    0,00  100,00
21:42:18      11    0,00    0,00    0,00    0,00    0,00    0,00    0,00    0,00    0,00  100,00
21:42:18      12    0,00    0,00    0,00    0,00    0,00    0,00    0,00    0,00    0,00  100,00
21:42:18      13    0,00    0,00    0,00    0,00    0,00    0,00    0,00    0,00    0,00  100,00
21:42:18      14    0,00    0,00    0,00    0,00    0,00    0,00    0,00    0,00    0,00  100,00
21:42:18      15    0,00    0,00    0,00    0,00    0,00    0,00    0,00    0,00    0,00  100,00
21:42:18      16    0,00    0,00    0,00    0,00    0,00    0,00    0,00    0,00    0,00  100,00
21:42:18      17    0,00    0,00    0,00    0,00    0,00    0,00    0,00    0,00    0,00  100,00
21:42:18      18    0,00    0,00    0,00    0,00    0,00    0,00    0,00    0,00    0,00  100,00
21:42:18      19    0,00    0,00    0,00    0,00    0,00    0,00    0,00    0,00    0,00  100,00
21:42:18      20    0,00    0,00    0,00    0,00    0,00    0,00    0,00    0,00    0,00  100,00
21:42:18      21    0,00    0,00    0,00    0,00    0,00    0,00    0,00    0,00    0,00  100,00
21:42:18      22    0,00    0,00    0,00    0,00    0,00    0,00    0,00    0,00    0,00  100,00
21:42:18      23    0,00    0,00    0,00    0,00    0,00    0,00    0,00    0,00    0,00  100,00

21:42:18     CPU    %usr   %nice    %sys %iowait    %irq   %soft  %steal  %guest  %gnice   %idle
21:42:19     all   29,17    0,00    0,00    0,04    0,00    0,00    0,00    0,00    0,00   70,79
21:42:19       0  100,00    0,00    0,00    0,00    0,00    0,00    0,00    0,00    0,00    0,00
21:42:19       1  100,00    0,00    0,00    0,00    0,00    0,00    0,00    0,00    0,00    0,00
21:42:19       2  100,00    0,00    0,00    0,00    0,00    0,00    0,00    0,00    0,00    0,00
21:42:19       3  100,00    0,00    0,00    0,00    0,00    0,00    0,00    0,00    0,00    0,00
21:42:19       4  100,00    0,00    0,00    0,00    0,00    0,00    0,00    0,00    0,00    0,00
21:42:19       5  100,00    0,00    0,00    0,00    0,00    0,00    0,00    0,00    0,00    0,00
21:42:19       6  100,00    0,00    0,00    0,00    0,00    0,00    0,00    0,00    0,00    0,00
21:42:19       7    0,00    0,00    0,00    0,00    0,00    0,00    0,00    0,00    0,00  100,00
21:42:19       8    0,00    0,00    0,00    0,00    0,00    0,00    0,00    0,00    0,00  100,00
21:42:19       9    0,00    0,00    0,00    0,00    0,00    0,00    0,00    0,00    0,00  100,00
21:42:19      10    0,00    0,00    0,00    0,00    0,00    0,00    0,00    0,00    0,00  100,00
21:42:19      11    0,00    0,00    0,00    0,00    0,00    0,00    0,00    0,00    0,00  100,00
21:42:19      12    0,00    0,00    0,00    0,00    0,00    0,00    0,00    0,00    0,00  100,00
21:42:19      13    0,00    0,00    0,00    0,00    0,00    0,00    0,00    0,00    0,00  100,00
21:42:19      14    0,00    0,00    0,00    0,00    0,00    0,00    0,00    0,00    0,00  100,00
21:42:19      15    0,00    0,00    0,00    0,00    0,00    0,00    0,00    0,00    0,00  100,00
21:42:19      16    0,00    0,00    0,00    0,00    0,00    0,00    0,00    0,00    0,00  100,00
21:42:19      17    0,00    0,00    0,00    1,00    0,00    0,00    0,00    0,00    0,00   99,00
21:42:19      18    0,00    0,00    0,00    0,00    0,00    0,00    0,00    0,00    0,00  100,00
21:42:19      19    0,00    0,00    0,00    0,00    0,00    0,00    0,00    0,00    0,00  100,00
21:42:19      20    0,00    0,00    0,00    0,00    0,00    0,00    0,00    0,00    0,00  100,00
21:42:19      21    0,00    0,00    0,00    0,00    0,00    0,00    0,00    0,00    0,00  100,00
21:42:19      22    0,00    0,00    0,00    0,00    0,00    0,00    0,00    0,00    0,00  100,00
21:42:19      23    0,00    0,00    0,00    0,00    0,00    0,00    0,00    0,00    0,00  100,00

21:42:19     CPU    %usr   %nice    %sys %iowait    %irq   %soft  %steal  %guest  %gnice   %idle
21:42:20     all   29,17    0,00    0,00    0,08    0,00    0,00    0,00    0,00    0,00   70,75
21:42:20       0  100,00    0,00    0,00    0,00    0,00    0,00    0,00    0,00    0,00    0,00
21:42:20       1  100,00    0,00    0,00    0,00    0,00    0,00    0,00    0,00    0,00    0,00
21:42:20       2  100,00    0,00    0,00    0,00    0,00    0,00    0,00    0,00    0,00    0,00
21:42:20       3  100,00    0,00    0,00    0,00    0,00    0,00    0,00    0,00    0,00    0,00
21:42:20       4  100,00    0,00    0,00    0,00    0,00    0,00    0,00    0,00    0,00    0,00
21:42:20       5  100,00    0,00    0,00    0,00    0,00    0,00    0,00    0,00    0,00    0,00
21:42:20       6  100,00    0,00    0,00    0,00    0,00    0,00    0,00    0,00    0,00    0,00
21:42:20       7    0,00    0,00    0,00    0,00    0,00    0,00    0,00    0,00    0,00  100,00
21:42:20       8    0,00    0,00    0,00    0,00    0,00    0,00    0,00    0,00    0,00  100,00
21:42:20       9    0,00    0,00    0,00    0,00    0,00    0,00    0,00    0,00    0,00  100,00
21:42:20      10    0,00    0,00    0,00    0,00    0,00    0,00    0,00    0,00    0,00  100,00
21:42:20      11    0,00    0,00    0,00    0,00    0,00    0,00    0,00    0,00    0,00  100,00
21:42:20      12    0,00    0,00    0,00    0,00    0,00    0,00    0,00    0,00    0,00  100,00
21:42:20      13    0,00    0,00    0,00    0,00    0,00    0,00    0,00    0,00    0,00  100,00
21:42:20      14    0,00    0,00    0,00    0,00    0,00    0,00    0,00    0,00    0,00  100,00
21:42:20      15    0,00    0,00    0,00    0,00    0,00    0,00    0,00    0,00    0,00  100,00
21:42:20      16    0,00    0,00    0,00    0,00    0,00    0,00    0,00    0,00    0,00  100,00
21:42:20      17    0,00    0,00    0,00    0,00    0,00    0,00    0,00    0,00    0,00  100,00
21:42:20      18    0,00    0,00    0,00    0,00    0,00    0,00    0,00    0,00    0,00  100,00
21:42:20      19    0,00    0,00    0,00    0,00    0,00    0,00    0,00    0,00    0,00  100,00
21:42:20      20    0,00    0,00    0,00    0,00    0,00    0,00    0,00    0,00    0,00  100,00
21:42:20      21    0,00    0,00    0,00    2,00    0,00    0,00    0,00    0,00    0,00   98,00
21:42:20      22    0,00    0,00    0,00    0,00    0,00    0,00    0,00    0,00    0,00  100,00
21:42:20      23    0,00    0,00    0,00    0,00    0,00    0,00    0,00    0,00    0,00  100,00

21:42:20     CPU    %usr   %nice    %sys %iowait    %irq   %soft  %steal  %guest  %gnice   %idle
21:42:21     all   29,18    0,00    0,00    0,00    0,00    0,00    0,00    0,00    0,00   70,82
21:42:21       0  100,00    0,00    0,00    0,00    0,00    0,00    0,00    0,00    0,00    0,00
21:42:21       1  100,00    0,00    0,00    0,00    0,00    0,00    0,00    0,00    0,00    0,00
21:42:21       2  100,00    0,00    0,00    0,00    0,00    0,00    0,00    0,00    0,00    0,00
21:42:21       3  100,00    0,00    0,00    0,00    0,00    0,00    0,00    0,00    0,00    0,00
21:42:21       4  100,00    0,00    0,00    0,00    0,00    0,00    0,00    0,00    0,00    0,00
21:42:21       5  100,00    0,00    0,00    0,00    0,00    0,00    0,00    0,00    0,00    0,00
21:42:21       6  100,00    0,00    0,00    0,00    0,00    0,00    0,00    0,00    0,00    0,00
21:42:21       7    0,00    0,00    0,00    0,00    0,00    0,00    0,00    0,00    0,00  100,00
21:42:21       8    0,00    0,00    0,00    0,00    0,00    0,00    0,00    0,00    0,00  100,00
21:42:21       9    0,00    0,00    0,00    0,00    0,00    0,00    0,00    0,00    0,00  100,00
21:42:21      10    0,00    0,00    0,00    0,00    0,00    0,00    0,00    0,00    0,00  100,00
21:42:21      11    0,00    0,00    0,00    0,00    0,00    0,00    0,00    0,00    0,00  100,00
21:42:21      12    0,00    0,00    0,00    0,00    0,00    0,00    0,00    0,00    0,00  100,00
21:42:21      13    0,00    0,00    0,00    0,00    0,00    0,00    0,00    0,00    0,00  100,00
21:42:21      14    0,00    0,00    0,00    0,00    0,00    0,00    0,00    0,00    0,00  100,00
21:42:21      15    0,00    0,00    0,00    0,00    0,00    0,00    0,00    0,00    0,00  100,00
21:42:21      16    0,00    0,00    0,00    0,00    0,00    0,00    0,00    0,00    0,00  100,00
21:42:21      17    0,00    0,00    0,00    0,00    0,00    0,00    0,00    0,00    0,00  100,00
21:42:21      18    0,00    0,00    0,00    0,00    0,00    0,00    0,00    0,00    0,00  100,00
21:42:21      19    0,00    0,00    0,00    0,00    0,00    0,00    0,00    0,00    0,00  100,00
21:42:21      20    0,00    0,00    0,00    0,00    0,00    0,00    0,00    0,00    0,00  100,00
21:42:21      21    0,00    0,00    0,00    0,00    0,00    0,00    0,00    0,00    0,00  100,00
21:42:21      22    0,00    0,00    0,00    0,00    0,00    0,00    0,00    0,00    0,00  100,00
21:42:21      23    0,00    0,00    0,00    0,00    0,00    0,00    0,00    0,00    0,00  100,00

21:42:21     CPU    %usr   %nice    %sys %iowait    %irq   %soft  %steal  %guest  %gnice   %idle
21:42:22     all   29,17    0,00    0,00    0,00    0,00    0,00    0,00    0,00    0,00   70,83
21:42:22       0  100,00    0,00    0,00    0,00    0,00    0,00    0,00    0,00    0,00    0,00
21:42:22       1  100,00    0,00    0,00    0,00    0,00    0,00    0,00    0,00    0,00    0,00
21:42:22       2  100,00    0,00    0,00    0,00    0,00    0,00    0,00    0,00    0,00    0,00
21:42:22       3  100,00    0,00    0,00    0,00    0,00    0,00    0,00    0,00    0,00    0,00
21:42:22       4  100,00    0,00    0,00    0,00    0,00    0,00    0,00    0,00    0,00    0,00
21:42:22       5  100,00    0,00    0,00    0,00    0,00    0,00    0,00    0,00    0,00    0,00
21:42:22       6  100,00    0,00    0,00    0,00    0,00    0,00    0,00    0,00    0,00    0,00
21:42:22       7    0,00    0,00    0,00    0,00    0,00    0,00    0,00    0,00    0,00  100,00
21:42:22       8    0,00    0,00    0,00    0,00    0,00    0,00    0,00    0,00    0,00  100,00
21:42:22       9    0,00    0,00    0,00    0,00    0,00    0,00    0,00    0,00    0,00  100,00
21:42:22      10    0,00    0,00    0,00    0,00    0,00    0,00    0,00    0,00    0,00  100,00
21:42:22      11    0,00    0,00    0,00    0,00    0,00    0,00    0,00    0,00    0,00  100,00
21:42:22      12    0,00    0,00    0,00    0,00    0,00    0,00    0,00    0,00    0,00  100,00
21:42:22      13    0,00    0,00    0,00    0,00    0,00    0,00    0,00    0,00    0,00  100,00
21:42:22      14    0,00    0,00    0,00    0,00    0,00    0,00    0,00    0,00    0,00  100,00
21:42:22      15    0,00    0,00    0,00    0,00    0,00    0,00    0,00    0,00    0,00  100,00
21:42:22      16    0,00    0,00    0,00    0,00    0,00    0,00    0,00    0,00    0,00  100,00
21:42:22      17    0,00    0,00    0,00    0,00    0,00    0,00    0,00    0,00    0,00  100,00
21:42:22      18    0,00    0,00    0,00    0,00    0,00    0,00    0,00    0,00    0,00  100,00
21:42:22      19    0,00    0,00    0,00    0,00    0,00    0,00    0,00    0,00    0,00  100,00
21:42:22      20    0,00    0,00    0,00    0,00    0,00    0,00    0,00    0,00    0,00  100,00
21:42:22      21    0,00    0,00    0,00    0,00    0,00    0,00    0,00    0,00    0,00  100,00
21:42:22      22    0,00    0,00    0,00    0,00    0,00    0,00    0,00    0,00    0,00  100,00
21:42:22      23    0,00    0,00    0,00    0,00    0,00    0,00    0,00    0,00    0,00  100,00
