Linux 6.8.0-110-generic (testbed-node1) 	29/05/26 	_x86_64_	(24 CPU)

15:26:31     CPU    %usr   %nice    %sys %iowait    %irq   %soft  %steal  %guest  %gnice   %idle
15:26:32     all   55,21    0,00    0,33    0,00    0,00    0,00    0,00    0,00    0,00   44,45
15:26:32       0  100,00    0,00    0,00    0,00    0,00    0,00    0,00    0,00    0,00    0,00
15:26:32       1  100,00    0,00    0,00    0,00    0,00    0,00    0,00    0,00    0,00    0,00
15:26:32       2  100,00    0,00    0,00    0,00    0,00    0,00    0,00    0,00    0,00    0,00
15:26:32       3  100,00    0,00    0,00    0,00    0,00    0,00    0,00    0,00    0,00    0,00
15:26:32       4  100,00    0,00    0,00    0,00    0,00    0,00    0,00    0,00    0,00    0,00
15:26:32       5  100,00    0,00    0,00    0,00    0,00    0,00    0,00    0,00    0,00    0,00
15:26:32       6  100,00    0,00    0,00    0,00    0,00    0,00    0,00    0,00    0,00    0,00
15:26:32       7  100,00    0,00    0,00    0,00    0,00    0,00    0,00    0,00    0,00    0,00
15:26:32       8  100,00    0,00    0,00    0,00    0,00    0,00    0,00    0,00    0,00    0,00
15:26:32       9  100,00    0,00    0,00    0,00    0,00    0,00    0,00    0,00    0,00    0,00
15:26:32      10  100,00    0,00    0,00    0,00    0,00    0,00    0,00    0,00    0,00    0,00
15:26:32      11  100,00    0,00    0,00    0,00    0,00    0,00    0,00    0,00    0,00    0,00
15:26:32      12  100,00    0,00    0,00    0,00    0,00    0,00    0,00    0,00    0,00    0,00
15:26:32      13    0,00    0,00    1,00    0,00    0,00    0,00    0,00    0,00    0,00   99,00
15:26:32      14    4,00    0,00    0,00    0,00    0,00    0,00    0,00    0,00    0,00   96,00
15:26:32      15    0,00    0,00    0,00    0,00    0,00    0,00    0,00    0,00    0,00  100,00
15:26:32      16    5,05    0,00    4,04    0,00    0,00    0,00    0,00    0,00    0,00   90,91
15:26:32      17    6,00    0,00    1,00    0,00    0,00    0,00    0,00    0,00    0,00   93,00
15:26:32      18    4,00    0,00    0,00    0,00    0,00    0,00    0,00    0,00    0,00   96,00
15:26:32      19    4,04    0,00    0,00    0,00    0,00    0,00    0,00    0,00    0,00   95,96
15:26:32      20    0,99    0,00    0,99    0,00    0,00    0,00    0,00    0,00    0,00   98,02
15:26:32      21    0,00    0,00    0,00    0,00    0,00    0,00    0,00    0,00    0,00  100,00
15:26:32      22    0,00    0,00    1,00    0,00    0,00    0,00    0,00    0,00    0,00   99,00
15:26:32      23    0,00    0,00    0,00    0,00    0,00    0,00    0,00    0,00    0,00  100,00

15:26:32     CPU    %usr   %nice    %sys %iowait    %irq   %soft  %steal  %guest  %gnice   %idle
15:26:33     all   54,36    0,00    0,08    0,00    0,00    0,00    0,00    0,00    0,00   45,55
15:26:33       0  100,00    0,00    0,00    0,00    0,00    0,00    0,00    0,00    0,00    0,00
15:26:33       1  100,00    0,00    0,00    0,00    0,00    0,00    0,00    0,00    0,00    0,00
15:26:33       2  100,00    0,00    0,00    0,00    0,00    0,00    0,00    0,00    0,00    0,00
15:26:33       3  100,00    0,00    0,00    0,00    0,00    0,00    0,00    0,00    0,00    0,00
15:26:33       4  100,00    0,00    0,00    0,00    0,00    0,00    0,00    0,00    0,00    0,00
15:26:33       5  100,00    0,00    0,00    0,00    0,00    0,00    0,00    0,00    0,00    0,00
15:26:33       6  100,00    0,00    0,00    0,00    0,00    0,00    0,00    0,00    0,00    0,00
15:26:33       7  100,00    0,00    0,00    0,00    0,00    0,00    0,00    0,00    0,00    0,00
15:26:33       8  100,00    0,00    0,00    0,00    0,00    0,00    0,00    0,00    0,00    0,00
15:26:33       9  100,00    0,00    0,00    0,00    0,00    0,00    0,00    0,00    0,00    0,00
15:26:33      10  100,00    0,00    0,00    0,00    0,00    0,00    0,00    0,00    0,00    0,00
15:26:33      11  100,00    0,00    0,00    0,00    0,00    0,00    0,00    0,00    0,00    0,00
15:26:33      12  100,00    0,00    0,00    0,00    0,00    0,00    0,00    0,00    0,00    0,00
15:26:33      13    0,00    0,00    0,00    0,00    0,00    0,00    0,00    0,00    0,00  100,00
15:26:33      14    0,00    0,00    0,00    0,00    0,00    0,00    0,00    0,00    0,00  100,00
15:26:33      15    0,00    0,00    0,00    0,00    0,00    0,00    0,00    0,00    0,00  100,00
15:26:33      16    0,00    0,00    0,00    0,00    0,00    0,00    0,00    0,00    0,00  100,00
15:26:33      17    2,02    0,00    1,01    0,00    0,00    0,00    0,00    0,00    0,00   96,97
15:26:33      18    0,00    0,00    0,00    0,00    0,00    0,00    0,00    0,00    0,00  100,00
15:26:33      19    0,00    0,00    0,00    0,00    0,00    0,00    0,00    0,00    0,00  100,00
15:26:33      20    0,00    0,00    0,00    0,00    0,00    0,00    0,00    0,00    0,00  100,00
15:26:33      21    0,00    0,00    1,00    0,00    0,00    0,00    0,00    0,00    0,00   99,00
15:26:33      22    0,00    0,00    0,00    0,00    0,00    0,00    0,00    0,00    0,00  100,00
15:26:33      23    0,00    0,00    0,00    0,00    0,00    0,00    0,00    0,00    0,00  100,00

15:26:33     CPU    %usr   %nice    %sys %iowait    %irq   %soft  %steal  %guest  %gnice   %idle
15:26:34     all   55,02    0,00    0,25    0,00    0,00    0,00    0,00    0,00    0,00   44,73
15:26:34       0  100,00    0,00    0,00    0,00    0,00    0,00    0,00    0,00    0,00    0,00
15:26:34       1  100,00    0,00    0,00    0,00    0,00    0,00    0,00    0,00    0,00    0,00
15:26:34       2  100,00    0,00    0,00    0,00    0,00    0,00    0,00    0,00    0,00    0,00
15:26:34       3  100,00    0,00    0,00    0,00    0,00    0,00    0,00    0,00    0,00    0,00
15:26:34       4  100,00    0,00    0,00    0,00    0,00    0,00    0,00    0,00    0,00    0,00
15:26:34       5  100,00    0,00    0,00    0,00    0,00    0,00    0,00    0,00    0,00    0,00
15:26:34       6  100,00    0,00    0,00    0,00    0,00    0,00    0,00    0,00    0,00    0,00
15:26:34       7  100,00    0,00    0,00    0,00    0,00    0,00    0,00    0,00    0,00    0,00
15:26:34       8  100,00    0,00    0,00    0,00    0,00    0,00    0,00    0,00    0,00    0,00
15:26:34       9  100,00    0,00    0,00    0,00    0,00    0,00    0,00    0,00    0,00    0,00
15:26:34      10  100,00    0,00    0,00    0,00    0,00    0,00    0,00    0,00    0,00    0,00
15:26:34      11  100,00    0,00    0,00    0,00    0,00    0,00    0,00    0,00    0,00    0,00
15:26:34      12  100,00    0,00    0,00    0,00    0,00    0,00    0,00    0,00    0,00    0,00
15:26:34      13    0,00    0,00    0,00    0,00    0,00    0,00    0,00    0,00    0,00  100,00
15:26:34      14    1,98    0,00    0,99    0,00    0,00    0,00    0,00    0,00    0,00   97,03
15:26:34      15    0,00    0,00    0,00    0,00    0,00    0,00    0,00    0,00    0,00  100,00
15:26:34      16    1,98    0,00    0,99    0,00    0,00    0,00    0,00    0,00    0,00   97,03
15:26:34      17    2,00    0,00    1,00    0,00    0,00    0,00    0,00    0,00    0,00   97,00
15:26:34      18    1,01    0,00    0,00    0,00    0,00    0,00    0,00    0,00    0,00   98,99
15:26:34      19    1,98    0,00    0,99    0,00    0,00    0,00    0,00    0,00    0,00   97,03
15:26:34      20    0,00    0,00    0,00    0,00    0,00    0,00    0,00    0,00    0,00  100,00
15:26:34      21   11,88    0,00    1,98    0,00    0,00    0,00    0,00    0,00    0,00   86,14
15:26:34      22    0,00    0,00    0,00    0,00    0,00    0,00    0,00    0,00    0,00  100,00
15:26:34      23    0,00    0,00    0,00    0,00    0,00    0,00    0,00    0,00    0,00  100,00

15:26:34     CPU    %usr   %nice    %sys %iowait    %irq   %soft  %steal  %guest  %gnice   %idle
15:26:35     all   54,31    0,00    0,21    0,00    0,00    0,00    0,00    0,00    0,00   45,48
15:26:35       0  100,00    0,00    0,00    0,00    0,00    0,00    0,00    0,00    0,00    0,00
15:26:35       1  100,00    0,00    0,00    0,00    0,00    0,00    0,00    0,00    0,00    0,00
15:26:35       2  100,00    0,00    0,00    0,00    0,00    0,00    0,00    0,00    0,00    0,00
15:26:35       3  100,00    0,00    0,00    0,00    0,00    0,00    0,00    0,00    0,00    0,00
15:26:35       4  100,00    0,00    0,00    0,00    0,00    0,00    0,00    0,00    0,00    0,00
15:26:35       5  100,00    0,00    0,00    0,00    0,00    0,00    0,00    0,00    0,00    0,00
15:26:35       6  100,00    0,00    0,00    0,00    0,00    0,00    0,00    0,00    0,00    0,00
15:26:35       7  100,00    0,00    0,00    0,00    0,00    0,00    0,00    0,00    0,00    0,00
15:26:35       8  100,00    0,00    0,00    0,00    0,00    0,00    0,00    0,00    0,00    0,00
15:26:35       9  100,00    0,00    0,00    0,00    0,00    0,00    0,00    0,00    0,00    0,00
15:26:35      10  100,00    0,00    0,00    0,00    0,00    0,00    0,00    0,00    0,00    0,00
15:26:35      11  100,00    0,00    0,00    0,00    0,00    0,00    0,00    0,00    0,00    0,00
15:26:35      12  100,00    0,00    0,00    0,00    0,00    0,00    0,00    0,00    0,00    0,00
15:26:35      13    0,00    0,00    0,00    0,00    0,00    0,00    0,00    0,00    0,00  100,00
15:26:35      14    0,00    0,00    0,00    0,00    0,00    0,00    0,00    0,00    0,00  100,00
15:26:35      15    0,00    0,00    0,00    0,00    0,00    0,00    0,00    0,00    0,00  100,00
15:26:35      16    0,00    0,00    0,00    0,00    0,00    0,00    0,00    0,00    0,00  100,00
15:26:35      17    1,00    0,00    2,00    0,00    0,00    0,00    0,00    0,00    0,00   97,00
15:26:35      18    0,00    0,00    0,00    0,00    0,00    0,00    0,00    0,00    0,00  100,00
15:26:35      19    1,01    0,00    1,01    0,00    0,00    0,00    0,00    0,00    0,00   97,98
15:26:35      20    0,99    0,00    0,99    0,00    0,00    0,00    0,00    0,00    0,00   98,02
15:26:35      21    0,00    0,00    0,00    0,00    0,00    0,00    0,00    0,00    0,00  100,00
15:26:35      22    0,00    0,00    0,99    0,00    0,00    0,00    0,00    0,00    0,00   99,01
15:26:35      23    0,00    0,00    0,00    0,00    0,00    0,00    0,00    0,00    0,00  100,00

15:26:35     CPU    %usr   %nice    %sys %iowait    %irq   %soft  %steal  %guest  %gnice   %idle
15:26:36     all   54,17    0,00    0,00    0,17    0,00    0,00    0,00    0,00    0,00   45,67
15:26:36       0  100,00    0,00    0,00    0,00    0,00    0,00    0,00    0,00    0,00    0,00
15:26:36       1  100,00    0,00    0,00    0,00    0,00    0,00    0,00    0,00    0,00    0,00
15:26:36       2  100,00    0,00    0,00    0,00    0,00    0,00    0,00    0,00    0,00    0,00
15:26:36       3  100,00    0,00    0,00    0,00    0,00    0,00    0,00    0,00    0,00    0,00
15:26:36       4  100,00    0,00    0,00    0,00    0,00    0,00    0,00    0,00    0,00    0,00
15:26:36       5  100,00    0,00    0,00    0,00    0,00    0,00    0,00    0,00    0,00    0,00
15:26:36       6  100,00    0,00    0,00    0,00    0,00    0,00    0,00    0,00    0,00    0,00
15:26:36       7  100,00    0,00    0,00    0,00    0,00    0,00    0,00    0,00    0,00    0,00
15:26:36       8  100,00    0,00    0,00    0,00    0,00    0,00    0,00    0,00    0,00    0,00
15:26:36       9  100,00    0,00    0,00    0,00    0,00    0,00    0,00    0,00    0,00    0,00
15:26:36      10  100,00    0,00    0,00    0,00    0,00    0,00    0,00    0,00    0,00    0,00
15:26:36      11  100,00    0,00    0,00    0,00    0,00    0,00    0,00    0,00    0,00    0,00
15:26:36      12  100,00    0,00    0,00    0,00    0,00    0,00    0,00    0,00    0,00    0,00
15:26:36      13    0,00    0,00    0,00    1,00    0,00    0,00    0,00    0,00    0,00   99,00
15:26:36      14    0,00    0,00    0,00    0,00    0,00    0,00    0,00    0,00    0,00  100,00
15:26:36      15    0,00    0,00    0,00    0,00    0,00    0,00    0,00    0,00    0,00  100,00
15:26:36      16    0,00    0,00    0,00    0,00    0,00    0,00    0,00    0,00    0,00  100,00
15:26:36      17    0,00    0,00    0,00    0,00    0,00    0,00    0,00    0,00    0,00  100,00
15:26:36      18    0,00    0,00    0,00    0,00    0,00    0,00    0,00    0,00    0,00  100,00
15:26:36      19    0,00    0,00    0,00    0,00    0,00    0,00    0,00    0,00    0,00  100,00
15:26:36      20    0,00    0,00    0,00    1,00    0,00    0,00    0,00    0,00    0,00   99,00
15:26:36      21    0,00    0,00    0,00    0,00    0,00    0,00    0,00    0,00    0,00  100,00
15:26:36      22    0,00    0,00    0,00    0,00    0,00    0,00    0,00    0,00    0,00  100,00
15:26:36      23    0,00    0,00    0,00    2,00    0,00    0,00    0,00    0,00    0,00   98,00

15:26:36     CPU    %usr   %nice    %sys %iowait    %irq   %soft  %steal  %guest  %gnice   %idle
15:26:37     all   54,98    0,00    0,21    0,00    0,00    0,00    0,00    0,00    0,00   44,81
15:26:37       0  100,00    0,00    0,00    0,00    0,00    0,00    0,00    0,00    0,00    0,00
15:26:37       1  100,00    0,00    0,00    0,00    0,00    0,00    0,00    0,00    0,00    0,00
15:26:37       2  100,00    0,00    0,00    0,00    0,00    0,00    0,00    0,00    0,00    0,00
15:26:37       3  100,00    0,00    0,00    0,00    0,00    0,00    0,00    0,00    0,00    0,00
15:26:37       4  100,00    0,00    0,00    0,00    0,00    0,00    0,00    0,00    0,00    0,00
15:26:37       5  100,00    0,00    0,00    0,00    0,00    0,00    0,00    0,00    0,00    0,00
15:26:37       6  100,00    0,00    0,00    0,00    0,00    0,00    0,00    0,00    0,00    0,00
15:26:37       7  100,00    0,00    0,00    0,00    0,00    0,00    0,00    0,00    0,00    0,00
15:26:37       8  100,00    0,00    0,00    0,00    0,00    0,00    0,00    0,00    0,00    0,00
15:26:37       9  100,00    0,00    0,00    0,00    0,00    0,00    0,00    0,00    0,00    0,00
15:26:37      10  100,00    0,00    0,00    0,00    0,00    0,00    0,00    0,00    0,00    0,00
15:26:37      11  100,00    0,00    0,00    0,00    0,00    0,00    0,00    0,00    0,00    0,00
15:26:37      12  100,00    0,00    0,00    0,00    0,00    0,00    0,00    0,00    0,00    0,00
15:26:37      13    0,00    0,00    1,00    0,00    0,00    0,00    0,00    0,00    0,00   99,00
15:26:37      14    3,03    0,00    0,00    0,00    0,00    0,00    0,00    0,00    0,00   96,97
15:26:37      15    0,00    0,00    0,00    0,00    0,00    0,00    0,00    0,00    0,00  100,00
15:26:37      16    3,00    0,00    0,00    0,00    0,00    0,00    0,00    0,00    0,00   97,00
15:26:37      17    0,00    0,00    0,00    0,00    0,00    0,00    0,00    0,00    0,00  100,00
15:26:37      18    3,96    0,00    0,00    0,00    0,00    0,00    0,00    0,00    0,00   96,04
15:26:37      19    3,96    0,00    0,00    0,00    0,00    0,00    0,00    0,00    0,00   96,04
15:26:37      20    1,00    0,00    3,00    0,00    0,00    0,00    0,00    0,00    0,00   96,00
15:26:37      21    0,00    0,00    0,00    0,00    0,00    0,00    0,00    0,00    0,00  100,00
15:26:37      22    5,00    0,00    1,00    0,00    0,00    0,00    0,00    0,00    0,00   94,00
15:26:37      23    0,00    0,00    0,00    0,00    0,00    0,00    0,00    0,00    0,00  100,00

15:26:37     CPU    %usr   %nice    %sys %iowait    %irq   %soft  %steal  %guest  %gnice   %idle
15:26:38     all   54,17    0,00    0,00    0,00    0,00    0,00    0,00    0,00    0,00   45,83
15:26:38       0  100,00    0,00    0,00    0,00    0,00    0,00    0,00    0,00    0,00    0,00
15:26:38       1  100,00    0,00    0,00    0,00    0,00    0,00    0,00    0,00    0,00    0,00
15:26:38       2  100,00    0,00    0,00    0,00    0,00    0,00    0,00    0,00    0,00    0,00
15:26:38       3  100,00    0,00    0,00    0,00    0,00    0,00    0,00    0,00    0,00    0,00
15:26:38       4  100,00    0,00    0,00    0,00    0,00    0,00    0,00    0,00    0,00    0,00
15:26:38       5  100,00    0,00    0,00    0,00    0,00    0,00    0,00    0,00    0,00    0,00
15:26:38       6  100,00    0,00    0,00    0,00    0,00    0,00    0,00    0,00    0,00    0,00
15:26:38       7  100,00    0,00    0,00    0,00    0,00    0,00    0,00    0,00    0,00    0,00
15:26:38       8  100,00    0,00    0,00    0,00    0,00    0,00    0,00    0,00    0,00    0,00
15:26:38       9  100,00    0,00    0,00    0,00    0,00    0,00    0,00    0,00    0,00    0,00
15:26:38      10  100,00    0,00    0,00    0,00    0,00    0,00    0,00    0,00    0,00    0,00
15:26:38      11  100,00    0,00    0,00    0,00    0,00    0,00    0,00    0,00    0,00    0,00
15:26:38      12  100,00    0,00    0,00    0,00    0,00    0,00    0,00    0,00    0,00    0,00
15:26:38      13    0,00    0,00    0,00    0,00    0,00    0,00    0,00    0,00    0,00  100,00
15:26:38      14    0,00    0,00    0,00    0,00    0,00    0,00    0,00    0,00    0,00  100,00
15:26:38      15    0,00    0,00    0,00    0,00    0,00    0,00    0,00    0,00    0,00  100,00
15:26:38      16    0,00    0,00    0,00    0,00    0,00    0,00    0,00    0,00    0,00  100,00
15:26:38      17    0,00    0,00    0,00    0,00    0,00    0,00    0,00    0,00    0,00  100,00
15:26:38      18    0,00    0,00    0,00    0,00    0,00    0,00    0,00    0,00    0,00  100,00
15:26:38      19    0,00    0,00    0,00    0,00    0,00    0,00    0,00    0,00    0,00  100,00
15:26:38      20    0,00    0,00    0,00    0,00    0,00    0,00    0,00    0,00    0,00  100,00
15:26:38      21    0,00    0,00    0,00    0,00    0,00    0,00    0,00    0,00    0,00  100,00
15:26:38      22    0,00    0,00    0,00    0,00    0,00    0,00    0,00    0,00    0,00  100,00
15:26:38      23    0,00    0,00    0,00    0,00    0,00    0,00    0,00    0,00    0,00  100,00

15:26:38     CPU    %usr   %nice    %sys %iowait    %irq   %soft  %steal  %guest  %gnice   %idle
15:26:39     all   54,72    0,00    0,17    0,00    0,00    0,00    0,00    0,00    0,00   45,11
15:26:39       0  100,00    0,00    0,00    0,00    0,00    0,00    0,00    0,00    0,00    0,00
15:26:39       1  100,00    0,00    0,00    0,00    0,00    0,00    0,00    0,00    0,00    0,00
15:26:39       2  100,00    0,00    0,00    0,00    0,00    0,00    0,00    0,00    0,00    0,00
15:26:39       3  100,00    0,00    0,00    0,00    0,00    0,00    0,00    0,00    0,00    0,00
15:26:39       4  100,00    0,00    0,00    0,00    0,00    0,00    0,00    0,00    0,00    0,00
15:26:39       5  100,00    0,00    0,00    0,00    0,00    0,00    0,00    0,00    0,00    0,00
15:26:39       6  100,00    0,00    0,00    0,00    0,00    0,00    0,00    0,00    0,00    0,00
15:26:39       7  100,00    0,00    0,00    0,00    0,00    0,00    0,00    0,00    0,00    0,00
15:26:39       8  100,00    0,00    0,00    0,00    0,00    0,00    0,00    0,00    0,00    0,00
15:26:39       9  100,00    0,00    0,00    0,00    0,00    0,00    0,00    0,00    0,00    0,00
15:26:39      10  100,00    0,00    0,00    0,00    0,00    0,00    0,00    0,00    0,00    0,00
15:26:39      11  100,00    0,00    0,00    0,00    0,00    0,00    0,00    0,00    0,00    0,00
15:26:39      12  100,00    0,00    0,00    0,00    0,00    0,00    0,00    0,00    0,00    0,00
15:26:39      13    0,00    0,00    0,00    0,00    0,00    0,00    0,00    0,00    0,00  100,00
15:26:39      14    1,01    0,00    0,00    0,00    0,00    0,00    0,00    0,00    0,00   98,99
15:26:39      15    0,00    0,00    0,00    0,00    0,00    0,00    0,00    0,00    0,00  100,00
15:26:39      16    2,00    0,00    0,00    0,00    0,00    0,00    0,00    0,00    0,00   98,00
15:26:39      17    0,00    0,00    0,00    0,00    0,00    0,00    0,00    0,00    0,00  100,00
15:26:39      18    2,00    0,00    0,00    0,00    0,00    0,00    0,00    0,00    0,00   98,00
15:26:39      19    1,01    0,00    0,00    0,00    0,00    0,00    0,00    0,00    0,00   98,99
15:26:39      20    0,00    0,00    1,01    0,00    0,00    0,00    0,00    0,00    0,00   98,99
15:26:39      21    0,00    0,00    0,00    0,00    0,00    0,00    0,00    0,00    0,00  100,00
15:26:39      22    4,04    0,00    2,02    0,00    0,00    0,00    0,00    0,00    0,00   93,94
15:26:39      23    0,00    0,00    0,99    0,00    0,00    0,00    0,00    0,00    0,00   99,01

15:26:39     CPU    %usr   %nice    %sys %iowait    %irq   %soft  %steal  %guest  %gnice   %idle
15:26:40     all   54,23    0,00    0,00    0,00    0,00    0,00    0,00    0,00    0,00   45,77
15:26:40       0  100,00    0,00    0,00    0,00    0,00    0,00    0,00    0,00    0,00    0,00
15:26:40       1  100,00    0,00    0,00    0,00    0,00    0,00    0,00    0,00    0,00    0,00
15:26:40       2  100,00    0,00    0,00    0,00    0,00    0,00    0,00    0,00    0,00    0,00
15:26:40       3  100,00    0,00    0,00    0,00    0,00    0,00    0,00    0,00    0,00    0,00
15:26:40       4  100,00    0,00    0,00    0,00    0,00    0,00    0,00    0,00    0,00    0,00
15:26:40       5  100,00    0,00    0,00    0,00    0,00    0,00    0,00    0,00    0,00    0,00
15:26:40       6  100,00    0,00    0,00    0,00    0,00    0,00    0,00    0,00    0,00    0,00
15:26:40       7  100,00    0,00    0,00    0,00    0,00    0,00    0,00    0,00    0,00    0,00
15:26:40       8  100,00    0,00    0,00    0,00    0,00    0,00    0,00    0,00    0,00    0,00
15:26:40       9  100,00    0,00    0,00    0,00    0,00    0,00    0,00    0,00    0,00    0,00
15:26:40      10  100,00    0,00    0,00    0,00    0,00    0,00    0,00    0,00    0,00    0,00
15:26:40      11  100,00    0,00    0,00    0,00    0,00    0,00    0,00    0,00    0,00    0,00
15:26:40      12  100,00    0,00    0,00    0,00    0,00    0,00    0,00    0,00    0,00    0,00
15:26:40      13    0,00    0,00    0,00    0,00    0,00    0,00    0,00    0,00    0,00  100,00
15:26:40      14    0,00    0,00    0,00    0,00    0,00    0,00    0,00    0,00    0,00  100,00
15:26:40      15    1,00    0,00    0,00    0,00    0,00    0,00    0,00    0,00    0,00   99,00
15:26:40      16    0,00    0,00    0,00    0,00    0,00    0,00    0,00    0,00    0,00  100,00
15:26:40      17    0,00    0,00    0,00    0,00    0,00    0,00    0,00    0,00    0,00  100,00
15:26:40      18    0,00    0,00    0,00    0,00    0,00    0,00    0,00    0,00    0,00  100,00
15:26:40      19    0,00    0,00    0,00    0,00    0,00    0,00    0,00    0,00    0,00  100,00
15:26:40      20    0,00    0,00    0,00    0,00    0,00    0,00    0,00    0,00    0,00  100,00
15:26:40      21    0,00    0,00    0,00    0,00    0,00    0,00    0,00    0,00    0,00  100,00
15:26:40      22    0,00    0,00    0,00    0,00    0,00    0,00    0,00    0,00    0,00  100,00
15:26:40      23    0,00    0,00    0,00    0,00    0,00    0,00    0,00    0,00    0,00  100,00

15:26:40     CPU    %usr   %nice    %sys %iowait    %irq   %soft  %steal  %guest  %gnice   %idle
15:26:41     all   54,81    0,00    0,17    0,00    0,00    0,00    0,00    0,00    0,00   45,02
15:26:41       0  100,00    0,00    0,00    0,00    0,00    0,00    0,00    0,00    0,00    0,00
15:26:41       1  100,00    0,00    0,00    0,00    0,00    0,00    0,00    0,00    0,00    0,00
15:26:41       2  100,00    0,00    0,00    0,00    0,00    0,00    0,00    0,00    0,00    0,00
15:26:41       3  100,00    0,00    0,00    0,00    0,00    0,00    0,00    0,00    0,00    0,00
15:26:41       4  100,00    0,00    0,00    0,00    0,00    0,00    0,00    0,00    0,00    0,00
15:26:41       5  100,00    0,00    0,00    0,00    0,00    0,00    0,00    0,00    0,00    0,00
15:26:41       6  100,00    0,00    0,00    0,00    0,00    0,00    0,00    0,00    0,00    0,00
15:26:41       7  100,00    0,00    0,00    0,00    0,00    0,00    0,00    0,00    0,00    0,00
15:26:41       8  100,00    0,00    0,00    0,00    0,00    0,00    0,00    0,00    0,00    0,00
15:26:41       9  100,00    0,00    0,00    0,00    0,00    0,00    0,00    0,00    0,00    0,00
15:26:41      10  100,00    0,00    0,00    0,00    0,00    0,00    0,00    0,00    0,00    0,00
15:26:41      11  100,00    0,00    0,00    0,00    0,00    0,00    0,00    0,00    0,00    0,00
15:26:41      12  100,00    0,00    0,00    0,00    0,00    0,00    0,00    0,00    0,00    0,00
15:26:41      13    0,00    0,00    0,00    0,00    0,00    0,00    0,00    0,00    0,00  100,00
15:26:41      14    2,00    0,00    0,00    0,00    0,00    0,00    0,00    0,00    0,00   98,00
15:26:41      15    0,00    0,00    0,00    0,00    0,00    0,00    0,00    0,00    0,00  100,00
15:26:41      16    2,00    0,00    0,00    0,00    0,00    0,00    0,00    0,00    0,00   98,00
15:26:41      17    0,00    0,00    0,00    0,00    0,00    0,00    0,00    0,00    0,00  100,00
15:26:41      18    1,00    0,00    0,00    0,00    0,00    0,00    0,00    0,00    0,00   99,00
15:26:41      19    2,00    0,00    0,00    0,00    0,00    0,00    0,00    0,00    0,00   98,00
15:26:41      20    0,99    0,00    0,99    0,00    0,00    0,00    0,00    0,00    0,00   98,02
15:26:41      21    4,00    0,00    1,00    0,00    0,00    0,00    0,00    0,00    0,00   95,00
15:26:41      22    2,00    0,00    2,00    0,00    0,00    0,00    0,00    0,00    0,00   96,00
15:26:41      23    0,00    0,00    0,00    0,00    0,00    0,00    0,00    0,00    0,00  100,00

15:26:41     CPU    %usr   %nice    %sys %iowait    %irq   %soft  %steal  %guest  %gnice   %idle
15:26:42     all   55,71    0,00    1,54    0,13    0,00    0,00    0,00    0,00    0,00   42,62
15:26:42       0  100,00    0,00    0,00    0,00    0,00    0,00    0,00    0,00    0,00    0,00
15:26:42       1  100,00    0,00    0,00    0,00    0,00    0,00    0,00    0,00    0,00    0,00
15:26:42       2  100,00    0,00    0,00    0,00    0,00    0,00    0,00    0,00    0,00    0,00
15:26:42       3  100,00    0,00    0,00    0,00    0,00    0,00    0,00    0,00    0,00    0,00
15:26:42       4  100,00    0,00    0,00    0,00    0,00    0,00    0,00    0,00    0,00    0,00
15:26:42       5  100,00    0,00    0,00    0,00    0,00    0,00    0,00    0,00    0,00    0,00
15:26:42       6  100,00    0,00    0,00    0,00    0,00    0,00    0,00    0,00    0,00    0,00
15:26:42       7  100,00    0,00    0,00    0,00    0,00    0,00    0,00    0,00    0,00    0,00
15:26:42       8  100,00    0,00    0,00    0,00    0,00    0,00    0,00    0,00    0,00    0,00
15:26:42       9  100,00    0,00    0,00    0,00    0,00    0,00    0,00    0,00    0,00    0,00
15:26:42      10  100,00    0,00    0,00    0,00    0,00    0,00    0,00    0,00    0,00    0,00
15:26:42      11  100,00    0,00    0,00    0,00    0,00    0,00    0,00    0,00    0,00    0,00
15:26:42      12  100,00    0,00    0,00    0,00    0,00    0,00    0,00    0,00    0,00    0,00
15:26:42      13    0,00    0,00    0,00    1,00    0,00    0,00    0,00    0,00    0,00   99,00
15:26:42      14    8,00    0,00    0,00    0,00    0,00    0,00    0,00    0,00    0,00   92,00
15:26:42      15    0,00    0,00    0,00    0,00    0,00    0,00    0,00    0,00    0,00  100,00
15:26:42      16   28,00    0,00   37,00    0,00    0,00    0,00    0,00    0,00    0,00   35,00
15:26:42      17    0,00    0,00    0,00    0,00    0,00    0,00    0,00    0,00    0,00  100,00
15:26:42      18    0,00    0,00    0,00    0,00    0,00    0,00    0,00    0,00    0,00  100,00
15:26:42      19    0,00    0,00    0,00    0,00    0,00    0,00    0,00    0,00    0,00  100,00
15:26:42      20    0,00    0,00    0,00    1,01    0,00    0,00    0,00    0,00    0,00   98,99
15:26:42      21    0,00    0,00    0,00    0,00    0,00    0,00    0,00    0,00    0,00  100,00
15:26:42      22    0,00    0,00    0,00    0,00    0,00    0,00    0,00    0,00    0,00  100,00
15:26:42      23    0,00    0,00    0,00    1,01    0,00    0,00    0,00    0,00    0,00   98,99

15:26:42     CPU    %usr   %nice    %sys %iowait    %irq   %soft  %steal  %guest  %gnice   %idle
15:26:43     all   54,32    0,00    0,21    0,00    0,00    0,00    0,00    0,00    0,00   45,47
15:26:43       0  100,00    0,00    0,00    0,00    0,00    0,00    0,00    0,00    0,00    0,00
15:26:43       1  100,00    0,00    0,00    0,00    0,00    0,00    0,00    0,00    0,00    0,00
15:26:43       2  100,00    0,00    0,00    0,00    0,00    0,00    0,00    0,00    0,00    0,00
15:26:43       3  100,00    0,00    0,00    0,00    0,00    0,00    0,00    0,00    0,00    0,00
15:26:43       4  100,00    0,00    0,00    0,00    0,00    0,00    0,00    0,00    0,00    0,00
15:26:43       5  100,00    0,00    0,00    0,00    0,00    0,00    0,00    0,00    0,00    0,00
15:26:43       6  100,00    0,00    0,00    0,00    0,00    0,00    0,00    0,00    0,00    0,00
15:26:43       7  100,00    0,00    0,00    0,00    0,00    0,00    0,00    0,00    0,00    0,00
15:26:43       8  100,00    0,00    0,00    0,00    0,00    0,00    0,00    0,00    0,00    0,00
15:26:43       9  100,00    0,00    0,00    0,00    0,00    0,00    0,00    0,00    0,00    0,00
15:26:43      10  100,00    0,00    0,00    0,00    0,00    0,00    0,00    0,00    0,00    0,00
15:26:43      11  100,00    0,00    0,00    0,00    0,00    0,00    0,00    0,00    0,00    0,00
15:26:43      12  100,00    0,00    0,00    0,00    0,00    0,00    0,00    0,00    0,00    0,00
15:26:43      13    0,00    0,00    0,00    0,00    0,00    0,00    0,00    0,00    0,00  100,00
15:26:43      14    0,00    0,00    0,00    0,00    0,00    0,00    0,00    0,00    0,00  100,00
15:26:43      15    0,00    0,00    0,00    0,00    0,00    0,00    0,00    0,00    0,00  100,00
15:26:43      16    0,00    0,00    0,00    0,00    0,00    0,00    0,00    0,00    0,00  100,00
15:26:43      17    0,00    0,00    0,00    0,00    0,00    0,00    0,00    0,00    0,00  100,00
15:26:43      18    0,00    0,00    0,00    0,00    0,00    0,00    0,00    0,00    0,00  100,00
15:26:43      19    0,00    0,00    0,00    0,00    0,00    0,00    0,00    0,00    0,00  100,00
15:26:43      20    0,00    0,00    1,00    0,00    0,00    0,00    0,00    0,00    0,00   99,00
15:26:43      21    0,00    0,00    3,00    0,00    0,00    0,00    0,00    0,00    0,00   97,00
15:26:43      22    0,00    0,00    1,00    0,00    0,00    0,00    0,00    0,00    0,00   99,00
15:26:43      23    2,02    0,00    0,00    0,00    0,00    0,00    0,00    0,00    0,00   97,98

15:26:43     CPU    %usr   %nice    %sys %iowait    %irq   %soft  %steal  %guest  %gnice   %idle
15:26:44     all   54,50    0,00    0,17    0,00    0,00    0,00    0,00    0,00    0,00   45,33
15:26:44       0  100,00    0,00    0,00    0,00    0,00    0,00    0,00    0,00    0,00    0,00
15:26:44       1  100,00    0,00    0,00    0,00    0,00    0,00    0,00    0,00    0,00    0,00
15:26:44       2  100,00    0,00    0,00    0,00    0,00    0,00    0,00    0,00    0,00    0,00
15:26:44       3  100,00    0,00    0,00    0,00    0,00    0,00    0,00    0,00    0,00    0,00
15:26:44       4  100,00    0,00    0,00    0,00    0,00    0,00    0,00    0,00    0,00    0,00
15:26:44       5  100,00    0,00    0,00    0,00    0,00    0,00    0,00    0,00    0,00    0,00
15:26:44       6  100,00    0,00    0,00    0,00    0,00    0,00    0,00    0,00    0,00    0,00
15:26:44       7  100,00    0,00    0,00    0,00    0,00    0,00    0,00    0,00    0,00    0,00
15:26:44       8  100,00    0,00    0,00    0,00    0,00    0,00    0,00    0,00    0,00    0,00
15:26:44       9  100,00    0,00    0,00    0,00    0,00    0,00    0,00    0,00    0,00    0,00
15:26:44      10  100,00    0,00    0,00    0,00    0,00    0,00    0,00    0,00    0,00    0,00
15:26:44      11  100,00    0,00    0,00    0,00    0,00    0,00    0,00    0,00    0,00    0,00
15:26:44      12  100,00    0,00    0,00    0,00    0,00    0,00    0,00    0,00    0,00    0,00
15:26:44      13    0,00    0,00    0,00    0,00    0,00    0,00    0,00    0,00    0,00  100,00
15:26:44      14    0,00    0,00    0,00    0,00    0,00    0,00    0,00    0,00    0,00  100,00
15:26:44      15    0,00    0,00    0,00    0,00    0,00    0,00    0,00    0,00    0,00  100,00
15:26:44      16    0,00    0,00    0,00    0,00    0,00    0,00    0,00    0,00    0,00  100,00
15:26:44      17    0,99    0,00    0,99    0,00    0,00    0,00    0,00    0,00    0,00   98,02
15:26:44      18    0,00    0,00    1,00    0,00    0,00    0,00    0,00    0,00    0,00   99,00
15:26:44      19    7,00    0,00    1,00    0,00    0,00    0,00    0,00    0,00    0,00   92,00
15:26:44      20    0,00    0,00    0,00    0,00    0,00    0,00    0,00    0,00    0,00  100,00
15:26:44      21    0,00    0,00    0,00    0,00    0,00    0,00    0,00    0,00    0,00  100,00
15:26:44      22    0,00    0,00    0,00    0,00    0,00    0,00    0,00    0,00    0,00  100,00
15:26:44      23    0,00    0,00    1,00    0,00    0,00    0,00    0,00    0,00    0,00   99,00
