Linux 6.8.0-111-generic (testbed-node4) 	13/05/26 	_x86_64_	(24 CPU)

23:55:34     CPU    %usr   %nice    %sys %iowait    %irq   %soft  %steal  %guest  %gnice   %idle
23:55:35     all   29,18    0,00    0,00    0,00    0,00    0,00    0,00    0,00    0,00   70,82
23:55:35       0  100,00    0,00    0,00    0,00    0,00    0,00    0,00    0,00    0,00    0,00
23:55:35       1  100,00    0,00    0,00    0,00    0,00    0,00    0,00    0,00    0,00    0,00
23:55:35       2  100,00    0,00    0,00    0,00    0,00    0,00    0,00    0,00    0,00    0,00
23:55:35       3  100,00    0,00    0,00    0,00    0,00    0,00    0,00    0,00    0,00    0,00
23:55:35       4  100,00    0,00    0,00    0,00    0,00    0,00    0,00    0,00    0,00    0,00
23:55:35       5  100,00    0,00    0,00    0,00    0,00    0,00    0,00    0,00    0,00    0,00
23:55:35       6  100,00    0,00    0,00    0,00    0,00    0,00    0,00    0,00    0,00    0,00
23:55:35       7    0,00    0,00    0,00    0,00    0,00    0,00    0,00    0,00    0,00  100,00
23:55:35       8    0,00    0,00    0,00    0,00    0,00    0,00    0,00    0,00    0,00  100,00
23:55:35       9    0,00    0,00    0,00    0,00    0,00    0,00    0,00    0,00    0,00  100,00
23:55:35      10    0,00    0,00    0,00    0,00    0,00    0,00    0,00    0,00    0,00  100,00
23:55:35      11    0,00    0,00    0,00    0,00    0,00    0,00    0,00    0,00    0,00  100,00
23:55:35      12    0,00    0,00    0,00    0,00    0,00    0,00    0,00    0,00    0,00  100,00
23:55:35      13    0,00    0,00    0,00    0,00    0,00    0,00    0,00    0,00    0,00  100,00
23:55:35      14    0,00    0,00    0,00    0,00    0,00    0,00    0,00    0,00    0,00  100,00
23:55:35      15    0,00    0,00    0,00    0,00    0,00    0,00    0,00    0,00    0,00  100,00
23:55:35      16    0,00    0,00    0,00    0,00    0,00    0,00    0,00    0,00    0,00  100,00
23:55:35      17    0,00    0,00    0,00    0,00    0,00    0,00    0,00    0,00    0,00  100,00
23:55:35      18    0,00    0,00    0,00    0,00    0,00    0,00    0,00    0,00    0,00  100,00
23:55:35      19    0,00    0,00    0,00    0,00    0,00    0,00    0,00    0,00    0,00  100,00
23:55:35      20    0,00    0,00    0,00    0,00    0,00    0,00    0,00    0,00    0,00  100,00
23:55:35      21    0,00    0,00    0,00    0,00    0,00    0,00    0,00    0,00    0,00  100,00
23:55:35      22    0,00    0,00    0,00    0,00    0,00    0,00    0,00    0,00    0,00  100,00
23:55:35      23    0,00    0,00    0,00    0,00    0,00    0,00    0,00    0,00    0,00  100,00

23:55:35     CPU    %usr   %nice    %sys %iowait    %irq   %soft  %steal  %guest  %gnice   %idle
23:55:36     all   29,17    0,00    0,00    0,00    0,00    0,00    0,00    0,00    0,00   70,83
23:55:36       0  100,00    0,00    0,00    0,00    0,00    0,00    0,00    0,00    0,00    0,00
23:55:36       1  100,00    0,00    0,00    0,00    0,00    0,00    0,00    0,00    0,00    0,00
23:55:36       2  100,00    0,00    0,00    0,00    0,00    0,00    0,00    0,00    0,00    0,00
23:55:36       3  100,00    0,00    0,00    0,00    0,00    0,00    0,00    0,00    0,00    0,00
23:55:36       4  100,00    0,00    0,00    0,00    0,00    0,00    0,00    0,00    0,00    0,00
23:55:36       5  100,00    0,00    0,00    0,00    0,00    0,00    0,00    0,00    0,00    0,00
23:55:36       6  100,00    0,00    0,00    0,00    0,00    0,00    0,00    0,00    0,00    0,00
23:55:36       7    0,00    0,00    0,00    0,00    0,00    0,00    0,00    0,00    0,00  100,00
23:55:36       8    0,00    0,00    0,00    0,00    0,00    0,00    0,00    0,00    0,00  100,00
23:55:36       9    0,00    0,00    0,00    0,00    0,00    0,00    0,00    0,00    0,00  100,00
23:55:36      10    0,00    0,00    0,00    0,00    0,00    0,00    0,00    0,00    0,00  100,00
23:55:36      11    0,00    0,00    0,00    0,00    0,00    0,00    0,00    0,00    0,00  100,00
23:55:36      12    0,00    0,00    0,00    0,00    0,00    0,00    0,00    0,00    0,00  100,00
23:55:36      13    0,00    0,00    0,00    0,00    0,00    0,00    0,00    0,00    0,00  100,00
23:55:36      14    0,00    0,00    0,00    0,00    0,00    0,00    0,00    0,00    0,00  100,00
23:55:36      15    0,00    0,00    0,00    0,00    0,00    0,00    0,00    0,00    0,00  100,00
23:55:36      16    0,00    0,00    0,00    0,00    0,00    0,00    0,00    0,00    0,00  100,00
23:55:36      17    0,00    0,00    0,00    0,00    0,00    0,00    0,00    0,00    0,00  100,00
23:55:36      18    0,00    0,00    0,00    0,00    0,00    0,00    0,00    0,00    0,00  100,00
23:55:36      19    0,00    0,00    0,00    0,00    0,00    0,00    0,00    0,00    0,00  100,00
23:55:36      20    0,00    0,00    0,00    0,00    0,00    0,00    0,00    0,00    0,00  100,00
23:55:36      21    0,00    0,00    0,00    0,00    0,00    0,00    0,00    0,00    0,00  100,00
23:55:36      22    0,00    0,00    0,00    0,00    0,00    0,00    0,00    0,00    0,00  100,00
23:55:36      23    0,00    0,00    0,00    0,00    0,00    0,00    0,00    0,00    0,00  100,00

23:55:36     CPU    %usr   %nice    %sys %iowait    %irq   %soft  %steal  %guest  %gnice   %idle
23:55:37     all   29,53    0,00    0,17    0,04    0,00    0,00    0,00    0,00    0,00   70,26
23:55:37       0  100,00    0,00    0,00    0,00    0,00    0,00    0,00    0,00    0,00    0,00
23:55:37       1  100,00    0,00    0,00    0,00    0,00    0,00    0,00    0,00    0,00    0,00
23:55:37       2  100,00    0,00    0,00    0,00    0,00    0,00    0,00    0,00    0,00    0,00
23:55:37       3  100,00    0,00    0,00    0,00    0,00    0,00    0,00    0,00    0,00    0,00
23:55:37       4  100,00    0,00    0,00    0,00    0,00    0,00    0,00    0,00    0,00    0,00
23:55:37       5  100,00    0,00    0,00    0,00    0,00    0,00    0,00    0,00    0,00    0,00
23:55:37       6  100,00    0,00    0,00    0,00    0,00    0,00    0,00    0,00    0,00    0,00
23:55:37       7    0,00    0,00    0,00    0,00    0,00    0,00    0,00    0,00    0,00  100,00
23:55:37       8    0,00    0,00    0,00    1,01    0,00    0,00    0,00    0,00    0,00   98,99
23:55:37       9    0,00    0,00    0,00    0,00    0,00    0,00    0,00    0,00    0,00  100,00
23:55:37      10    0,00    0,00    0,00    0,00    0,00    0,00    0,00    0,00    0,00  100,00
23:55:37      11    0,00    0,00    0,00    0,00    0,00    0,00    0,00    0,00    0,00  100,00
23:55:37      12    0,98    0,00    0,98    0,00    0,00    0,00    0,00    0,00    0,00   98,04
23:55:37      13    4,00    0,00    0,00    0,00    0,00    0,00    0,00    0,00    0,00   96,00
23:55:37      14    0,00    0,00    0,00    0,00    0,00    0,00    0,00    0,00    0,00  100,00
23:55:37      15    0,00    0,00    0,00    0,00    0,00    0,00    0,00    0,00    0,00  100,00
23:55:37      16    0,00    0,00    0,00    0,00    0,00    0,00    0,00    0,00    0,00  100,00
23:55:37      17    0,00    0,00    0,00    0,00    0,00    0,00    0,00    0,00    0,00  100,00
23:55:37      18    0,00    0,00    0,00    0,00    0,00    0,00    0,00    0,00    0,00  100,00
23:55:37      19    0,00    0,00    1,00    0,00    0,00    0,00    0,00    0,00    0,00   99,00
23:55:37      20    0,99    0,00    0,99    0,00    0,00    0,00    0,00    0,00    0,00   98,02
23:55:37      21    0,00    0,00    0,00    0,00    0,00    0,00    0,00    0,00    0,00  100,00
23:55:37      22    0,00    0,00    0,00    0,00    0,00    0,00    0,00    0,00    0,00  100,00
23:55:37      23    4,00    0,00    1,00    0,00    0,00    0,00    0,00    0,00    0,00   95,00

23:55:37     CPU    %usr   %nice    %sys %iowait    %irq   %soft  %steal  %guest  %gnice   %idle
23:55:38     all   29,18    0,00    0,00    0,04    0,00    0,00    0,00    0,00    0,00   70,78
23:55:38       0  100,00    0,00    0,00    0,00    0,00    0,00    0,00    0,00    0,00    0,00
23:55:38       1  100,00    0,00    0,00    0,00    0,00    0,00    0,00    0,00    0,00    0,00
23:55:38       2  100,00    0,00    0,00    0,00    0,00    0,00    0,00    0,00    0,00    0,00
23:55:38       3  100,00    0,00    0,00    0,00    0,00    0,00    0,00    0,00    0,00    0,00
23:55:38       4  100,00    0,00    0,00    0,00    0,00    0,00    0,00    0,00    0,00    0,00
23:55:38       5  100,00    0,00    0,00    0,00    0,00    0,00    0,00    0,00    0,00    0,00
23:55:38       6  100,00    0,00    0,00    0,00    0,00    0,00    0,00    0,00    0,00    0,00
23:55:38       7    0,00    0,00    0,00    0,00    0,00    0,00    0,00    0,00    0,00  100,00
23:55:38       8    0,00    0,00    0,00    0,00    0,00    0,00    0,00    0,00    0,00  100,00
23:55:38       9    0,00    0,00    0,00    0,00    0,00    0,00    0,00    0,00    0,00  100,00
23:55:38      10    0,00    0,00    0,00    1,00    0,00    0,00    0,00    0,00    0,00   99,00
23:55:38      11    0,00    0,00    0,00    0,00    0,00    0,00    0,00    0,00    0,00  100,00
23:55:38      12    0,00    0,00    0,00    0,00    0,00    0,00    0,00    0,00    0,00  100,00
23:55:38      13    0,00    0,00    0,00    0,00    0,00    0,00    0,00    0,00    0,00  100,00
23:55:38      14    0,00    0,00    0,00    0,00    0,00    0,00    0,00    0,00    0,00  100,00
23:55:38      15    0,00    0,00    0,00    0,00    0,00    0,00    0,00    0,00    0,00  100,00
23:55:38      16    0,00    0,00    0,00    0,00    0,00    0,00    0,00    0,00    0,00  100,00
23:55:38      17    0,00    0,00    0,00    0,00    0,00    0,00    0,00    0,00    0,00  100,00
23:55:38      18    0,00    0,00    0,00    0,00    0,00    0,00    0,00    0,00    0,00  100,00
23:55:38      19    0,00    0,00    0,00    0,00    0,00    0,00    0,00    0,00    0,00  100,00
23:55:38      20    0,00    0,00    0,00    0,00    0,00    0,00    0,00    0,00    0,00  100,00
23:55:38      21    0,00    0,00    0,00    0,00    0,00    0,00    0,00    0,00    0,00  100,00
23:55:38      22    0,00    0,00    0,00    0,00    0,00    0,00    0,00    0,00    0,00  100,00
23:55:38      23    0,00    0,00    0,00    0,00    0,00    0,00    0,00    0,00    0,00  100,00

23:55:38     CPU    %usr   %nice    %sys %iowait    %irq   %soft  %steal  %guest  %gnice   %idle
23:55:39     all   29,17    0,00    0,00    0,00    0,00    0,00    0,00    0,00    0,00   70,83
23:55:39       0  100,00    0,00    0,00    0,00    0,00    0,00    0,00    0,00    0,00    0,00
23:55:39       1  100,00    0,00    0,00    0,00    0,00    0,00    0,00    0,00    0,00    0,00
23:55:39       2  100,00    0,00    0,00    0,00    0,00    0,00    0,00    0,00    0,00    0,00
23:55:39       3  100,00    0,00    0,00    0,00    0,00    0,00    0,00    0,00    0,00    0,00
23:55:39       4  100,00    0,00    0,00    0,00    0,00    0,00    0,00    0,00    0,00    0,00
23:55:39       5  100,00    0,00    0,00    0,00    0,00    0,00    0,00    0,00    0,00    0,00
23:55:39       6  100,00    0,00    0,00    0,00    0,00    0,00    0,00    0,00    0,00    0,00
23:55:39       7    0,00    0,00    0,00    0,00    0,00    0,00    0,00    0,00    0,00  100,00
23:55:39       8    0,00    0,00    0,00    0,00    0,00    0,00    0,00    0,00    0,00  100,00
23:55:39       9    0,00    0,00    0,00    0,00    0,00    0,00    0,00    0,00    0,00  100,00
23:55:39      10    0,00    0,00    0,00    0,00    0,00    0,00    0,00    0,00    0,00  100,00
23:55:39      11    0,00    0,00    0,00    0,00    0,00    0,00    0,00    0,00    0,00  100,00
23:55:39      12    0,00    0,00    0,00    0,00    0,00    0,00    0,00    0,00    0,00  100,00
23:55:39      13    0,00    0,00    0,00    0,00    0,00    0,00    0,00    0,00    0,00  100,00
23:55:39      14    0,00    0,00    0,00    0,00    0,00    0,00    0,00    0,00    0,00  100,00
23:55:39      15    0,00    0,00    0,00    0,00    0,00    0,00    0,00    0,00    0,00  100,00
23:55:39      16    0,00    0,00    0,00    0,00    0,00    0,00    0,00    0,00    0,00  100,00
23:55:39      17    0,00    0,00    0,00    0,00    0,00    0,00    0,00    0,00    0,00  100,00
23:55:39      18    0,00    0,00    0,00    0,00    0,00    0,00    0,00    0,00    0,00  100,00
23:55:39      19    0,00    0,00    0,00    0,00    0,00    0,00    0,00    0,00    0,00  100,00
23:55:39      20    0,00    0,00    0,00    0,00    0,00    0,00    0,00    0,00    0,00  100,00
23:55:39      21    0,00    0,00    0,00    0,00    0,00    0,00    0,00    0,00    0,00  100,00
23:55:39      22    0,00    0,00    0,00    0,00    0,00    0,00    0,00    0,00    0,00  100,00
23:55:39      23    0,00    0,00    0,00    0,00    0,00    0,00    0,00    0,00    0,00  100,00

23:55:39     CPU    %usr   %nice    %sys %iowait    %irq   %soft  %steal  %guest  %gnice   %idle
23:55:40     all   29,17    0,00    0,00    0,00    0,00    0,00    0,00    0,00    0,00   70,83
23:55:40       0  100,00    0,00    0,00    0,00    0,00    0,00    0,00    0,00    0,00    0,00
23:55:40       1  100,00    0,00    0,00    0,00    0,00    0,00    0,00    0,00    0,00    0,00
23:55:40       2  100,00    0,00    0,00    0,00    0,00    0,00    0,00    0,00    0,00    0,00
23:55:40       3  100,00    0,00    0,00    0,00    0,00    0,00    0,00    0,00    0,00    0,00
23:55:40       4  100,00    0,00    0,00    0,00    0,00    0,00    0,00    0,00    0,00    0,00
23:55:40       5  100,00    0,00    0,00    0,00    0,00    0,00    0,00    0,00    0,00    0,00
23:55:40       6  100,00    0,00    0,00    0,00    0,00    0,00    0,00    0,00    0,00    0,00
23:55:40       7    0,00    0,00    0,00    0,00    0,00    0,00    0,00    0,00    0,00  100,00
23:55:40       8    0,00    0,00    0,00    0,00    0,00    0,00    0,00    0,00    0,00  100,00
23:55:40       9    0,00    0,00    0,00    0,00    0,00    0,00    0,00    0,00    0,00  100,00
23:55:40      10    0,00    0,00    0,00    0,00    0,00    0,00    0,00    0,00    0,00  100,00
23:55:40      11    0,00    0,00    0,00    0,00    0,00    0,00    0,00    0,00    0,00  100,00
23:55:40      12    0,00    0,00    0,00    0,00    0,00    0,00    0,00    0,00    0,00  100,00
23:55:40      13    0,00    0,00    0,00    0,00    0,00    0,00    0,00    0,00    0,00  100,00
23:55:40      14    0,00    0,00    0,00    0,00    0,00    0,00    0,00    0,00    0,00  100,00
23:55:40      15    0,00    0,00    0,00    0,00    0,00    0,00    0,00    0,00    0,00  100,00
23:55:40      16    0,00    0,00    0,00    0,00    0,00    0,00    0,00    0,00    0,00  100,00
23:55:40      17    0,00    0,00    0,00    0,00    0,00    0,00    0,00    0,00    0,00  100,00
23:55:40      18    0,00    0,00    0,00    0,00    0,00    0,00    0,00    0,00    0,00  100,00
23:55:40      19    0,00    0,00    0,00    0,00    0,00    0,00    0,00    0,00    0,00  100,00
23:55:40      20    0,00    0,00    0,00    0,00    0,00    0,00    0,00    0,00    0,00  100,00
23:55:40      21    0,00    0,00    0,00    0,00    0,00    0,00    0,00    0,00    0,00  100,00
23:55:40      22    0,00    0,00    0,00    0,00    0,00    0,00    0,00    0,00    0,00  100,00
23:55:40      23    0,00    0,00    0,00    0,00    0,00    0,00    0,00    0,00    0,00  100,00

23:55:40     CPU    %usr   %nice    %sys %iowait    %irq   %soft  %steal  %guest  %gnice   %idle
23:55:41     all   29,17    0,00    0,04    0,00    0,00    0,00    0,00    0,00    0,00   70,79
23:55:41       0  100,00    0,00    0,00    0,00    0,00    0,00    0,00    0,00    0,00    0,00
23:55:41       1  100,00    0,00    0,00    0,00    0,00    0,00    0,00    0,00    0,00    0,00
23:55:41       2  100,00    0,00    0,00    0,00    0,00    0,00    0,00    0,00    0,00    0,00
23:55:41       3  100,00    0,00    0,00    0,00    0,00    0,00    0,00    0,00    0,00    0,00
23:55:41       4  100,00    0,00    0,00    0,00    0,00    0,00    0,00    0,00    0,00    0,00
23:55:41       5  100,00    0,00    0,00    0,00    0,00    0,00    0,00    0,00    0,00    0,00
23:55:41       6  100,00    0,00    0,00    0,00    0,00    0,00    0,00    0,00    0,00    0,00
23:55:41       7    0,00    0,00    0,00    0,00    0,00    0,00    0,00    0,00    0,00  100,00
23:55:41       8    0,00    0,00    0,00    0,00    0,00    0,00    0,00    0,00    0,00  100,00
23:55:41       9    0,00    0,00    0,00    0,00    0,00    0,00    0,00    0,00    0,00  100,00
23:55:41      10    0,00    0,00    0,00    0,00    0,00    0,00    0,00    0,00    0,00  100,00
23:55:41      11    0,00    0,00    0,00    0,00    0,00    0,00    0,00    0,00    0,00  100,00
23:55:41      12    0,00    0,00    0,00    0,00    0,00    0,00    0,00    0,00    0,00  100,00
23:55:41      13    0,00    0,00    0,00    0,00    0,00    0,00    0,00    0,00    0,00  100,00
23:55:41      14    0,00    0,00    0,00    0,00    0,00    0,00    0,00    0,00    0,00  100,00
23:55:41      15    0,00    0,00    0,00    0,00    0,00    0,00    0,00    0,00    0,00  100,00
23:55:41      16    0,00    0,00    0,00    0,00    0,00    0,00    0,00    0,00    0,00  100,00
23:55:41      17    0,00    0,00    0,00    0,00    0,00    0,00    0,00    0,00    0,00  100,00
23:55:41      18    0,00    0,00    0,00    0,00    0,00    0,00    0,00    0,00    0,00  100,00
23:55:41      19    0,00    0,00    0,00    0,00    0,00    0,00    0,00    0,00    0,00  100,00
23:55:41      20    0,00    0,00    0,00    0,00    0,00    0,00    0,00    0,00    0,00  100,00
23:55:41      21    0,00    0,00    1,00    0,00    0,00    0,00    0,00    0,00    0,00   99,00
23:55:41      22    0,00    0,00    0,00    0,00    0,00    0,00    0,00    0,00    0,00  100,00
23:55:41      23    0,00    0,00    0,00    0,00    0,00    0,00    0,00    0,00    0,00  100,00

23:55:41     CPU    %usr   %nice    %sys %iowait    %irq   %soft  %steal  %guest  %gnice   %idle
23:55:42     all   29,15    0,00    0,00    0,08    0,00    0,00    0,00    0,00    0,00   70,76
23:55:42       0  100,00    0,00    0,00    0,00    0,00    0,00    0,00    0,00    0,00    0,00
23:55:42       1  100,00    0,00    0,00    0,00    0,00    0,00    0,00    0,00    0,00    0,00
23:55:42       2  100,00    0,00    0,00    0,00    0,00    0,00    0,00    0,00    0,00    0,00
23:55:42       3  100,00    0,00    0,00    0,00    0,00    0,00    0,00    0,00    0,00    0,00
23:55:42       4  100,00    0,00    0,00    0,00    0,00    0,00    0,00    0,00    0,00    0,00
23:55:42       5  100,00    0,00    0,00    0,00    0,00    0,00    0,00    0,00    0,00    0,00
23:55:42       6  100,00    0,00    0,00    0,00    0,00    0,00    0,00    0,00    0,00    0,00
23:55:42       7    0,00    0,00    0,00    0,00    0,00    0,00    0,00    0,00    0,00  100,00
23:55:42       8    0,00    0,00    0,00    1,98    0,00    0,00    0,00    0,00    0,00   98,02
23:55:42       9    0,00    0,00    0,00    0,00    0,00    0,00    0,00    0,00    0,00  100,00
23:55:42      10    0,00    0,00    0,00    0,00    0,00    0,00    0,00    0,00    0,00  100,00
23:55:42      11    0,00    0,00    0,00    0,00    0,00    0,00    0,00    0,00    0,00  100,00
23:55:42      12    0,00    0,00    0,00    0,00    0,00    0,00    0,00    0,00    0,00  100,00
23:55:42      13    0,00    0,00    0,00    0,00    0,00    0,00    0,00    0,00    0,00  100,00
23:55:42      14    0,00    0,00    0,00    0,00    0,00    0,00    0,00    0,00    0,00  100,00
23:55:42      15    0,00    0,00    0,00    0,00    0,00    0,00    0,00    0,00    0,00  100,00
23:55:42      16    0,00    0,00    0,00    0,00    0,00    0,00    0,00    0,00    0,00  100,00
23:55:42      17    0,00    0,00    0,00    0,00    0,00    0,00    0,00    0,00    0,00  100,00
23:55:42      18    0,00    0,00    0,00    0,00    0,00    0,00    0,00    0,00    0,00  100,00
23:55:42      19    0,00    0,00    0,00    0,00    0,00    0,00    0,00    0,00    0,00  100,00
23:55:42      20    0,00    0,00    0,00    0,00    0,00    0,00    0,00    0,00    0,00  100,00
23:55:42      21    0,00    0,00    0,00    0,00    0,00    0,00    0,00    0,00    0,00  100,00
23:55:42      22    0,00    0,00    0,00    0,00    0,00    0,00    0,00    0,00    0,00  100,00
23:55:42      23    0,00    0,00    0,00    0,00    0,00    0,00    0,00    0,00    0,00  100,00

23:55:42     CPU    %usr   %nice    %sys %iowait    %irq   %soft  %steal  %guest  %gnice   %idle
23:55:43     all   29,18    0,00    0,00    0,00    0,00    0,00    0,00    0,00    0,00   70,82
23:55:43       0  100,00    0,00    0,00    0,00    0,00    0,00    0,00    0,00    0,00    0,00
23:55:43       1  100,00    0,00    0,00    0,00    0,00    0,00    0,00    0,00    0,00    0,00
23:55:43       2  100,00    0,00    0,00    0,00    0,00    0,00    0,00    0,00    0,00    0,00
23:55:43       3  100,00    0,00    0,00    0,00    0,00    0,00    0,00    0,00    0,00    0,00
23:55:43       4  100,00    0,00    0,00    0,00    0,00    0,00    0,00    0,00    0,00    0,00
23:55:43       5  100,00    0,00    0,00    0,00    0,00    0,00    0,00    0,00    0,00    0,00
23:55:43       6  100,00    0,00    0,00    0,00    0,00    0,00    0,00    0,00    0,00    0,00
23:55:43       7    0,00    0,00    0,00    0,00    0,00    0,00    0,00    0,00    0,00  100,00
23:55:43       8    0,00    0,00    0,00    0,00    0,00    0,00    0,00    0,00    0,00  100,00
23:55:43       9    0,00    0,00    0,00    0,00    0,00    0,00    0,00    0,00    0,00  100,00
23:55:43      10    0,00    0,00    0,00    0,00    0,00    0,00    0,00    0,00    0,00  100,00
23:55:43      11    0,00    0,00    0,00    0,00    0,00    0,00    0,00    0,00    0,00  100,00
23:55:43      12    0,00    0,00    0,00    0,00    0,00    0,00    0,00    0,00    0,00  100,00
23:55:43      13    0,00    0,00    0,00    0,00    0,00    0,00    0,00    0,00    0,00  100,00
23:55:43      14    0,00    0,00    0,00    0,00    0,00    0,00    0,00    0,00    0,00  100,00
23:55:43      15    0,00    0,00    0,00    0,00    0,00    0,00    0,00    0,00    0,00  100,00
23:55:43      16    0,00    0,00    0,00    0,00    0,00    0,00    0,00    0,00    0,00  100,00
23:55:43      17    0,00    0,00    0,00    0,00    0,00    0,00    0,00    0,00    0,00  100,00
23:55:43      18    0,00    0,00    0,00    0,00    0,00    0,00    0,00    0,00    0,00  100,00
23:55:43      19    0,00    0,00    0,00    0,00    0,00    0,00    0,00    0,00    0,00  100,00
23:55:43      20    0,00    0,00    0,00    0,00    0,00    0,00    0,00    0,00    0,00  100,00
23:55:43      21    0,00    0,00    0,00    0,00    0,00    0,00    0,00    0,00    0,00  100,00
23:55:43      22    0,00    0,00    0,00    0,00    0,00    0,00    0,00    0,00    0,00  100,00
23:55:43      23    0,00    0,00    0,00    0,00    0,00    0,00    0,00    0,00    0,00  100,00

23:55:43     CPU    %usr   %nice    %sys %iowait    %irq   %soft  %steal  %guest  %gnice   %idle
23:55:44     all   29,71    0,00    0,42    0,00    0,00    0,00    0,00    0,00    0,00   69,88
23:55:44       0  100,00    0,00    0,00    0,00    0,00    0,00    0,00    0,00    0,00    0,00
23:55:44       1  100,00    0,00    0,00    0,00    0,00    0,00    0,00    0,00    0,00    0,00
23:55:44       2  100,00    0,00    0,00    0,00    0,00    0,00    0,00    0,00    0,00    0,00
23:55:44       3  100,00    0,00    0,00    0,00    0,00    0,00    0,00    0,00    0,00    0,00
23:55:44       4  100,00    0,00    0,00    0,00    0,00    0,00    0,00    0,00    0,00    0,00
23:55:44       5  100,00    0,00    0,00    0,00    0,00    0,00    0,00    0,00    0,00    0,00
23:55:44       6  100,00    0,00    0,00    0,00    0,00    0,00    0,00    0,00    0,00    0,00
23:55:44       7    0,00    0,00    0,00    0,00    0,00    0,00    0,00    0,00    0,00  100,00
23:55:44       8    0,00    0,00    0,00    0,00    0,00    0,00    0,00    0,00    0,00  100,00
23:55:44       9    0,00    0,00    0,00    0,00    0,00    0,00    0,00    0,00    0,00  100,00
23:55:44      10   13,00    0,00   10,00    0,00    0,00    0,00    0,00    0,00    0,00   77,00
23:55:44      11    0,00    0,00    0,00    0,00    0,00    0,00    0,00    0,00    0,00  100,00
23:55:44      12    0,00    0,00    0,00    0,00    0,00    0,00    0,00    0,00    0,00  100,00
23:55:44      13    0,00    0,00    0,00    0,00    0,00    0,00    0,00    0,00    0,00  100,00
23:55:44      14    0,00    0,00    0,00    0,00    0,00    0,00    0,00    0,00    0,00  100,00
23:55:44      15    0,00    0,00    0,00    0,00    0,00    0,00    0,00    0,00    0,00  100,00
23:55:44      16    0,00    0,00    0,00    0,00    0,00    0,00    0,00    0,00    0,00  100,00
23:55:44      17    0,00    0,00    0,00    0,00    0,00    0,00    0,00    0,00    0,00  100,00
23:55:44      18    0,00    0,00    0,00    0,00    0,00    0,00    0,00    0,00    0,00  100,00
23:55:44      19    0,00    0,00    0,00    0,00    0,00    0,00    0,00    0,00    0,00  100,00
23:55:44      20    0,00    0,00    0,00    0,00    0,00    0,00    0,00    0,00    0,00  100,00
23:55:44      21    0,00    0,00    0,00    0,00    0,00    0,00    0,00    0,00    0,00  100,00
23:55:44      22    0,00    0,00    0,00    0,00    0,00    0,00    0,00    0,00    0,00  100,00
23:55:44      23    0,00    0,00    0,00    0,00    0,00    0,00    0,00    0,00    0,00  100,00

23:55:44     CPU    %usr   %nice    %sys %iowait    %irq   %soft  %steal  %guest  %gnice   %idle
23:55:45     all   29,21    0,00    0,00    0,00    0,00    0,00    0,00    0,00    0,00   70,79
23:55:45       0  100,00    0,00    0,00    0,00    0,00    0,00    0,00    0,00    0,00    0,00
23:55:45       1  100,00    0,00    0,00    0,00    0,00    0,00    0,00    0,00    0,00    0,00
23:55:45       2  100,00    0,00    0,00    0,00    0,00    0,00    0,00    0,00    0,00    0,00
23:55:45       3  100,00    0,00    0,00    0,00    0,00    0,00    0,00    0,00    0,00    0,00
23:55:45       4  100,00    0,00    0,00    0,00    0,00    0,00    0,00    0,00    0,00    0,00
23:55:45       5  100,00    0,00    0,00    0,00    0,00    0,00    0,00    0,00    0,00    0,00
23:55:45       6  100,00    0,00    0,00    0,00    0,00    0,00    0,00    0,00    0,00    0,00
23:55:45       7    0,00    0,00    0,00    0,00    0,00    0,00    0,00    0,00    0,00  100,00
23:55:45       8    0,00    0,00    0,00    0,00    0,00    0,00    0,00    0,00    0,00  100,00
23:55:45       9    0,00    0,00    0,00    0,00    0,00    0,00    0,00    0,00    0,00  100,00
23:55:45      10    0,00    0,00    0,00    0,00    0,00    0,00    0,00    0,00    0,00  100,00
23:55:45      11    0,00    0,00    0,00    0,00    0,00    0,00    0,00    0,00    0,00  100,00
23:55:45      12    0,00    0,00    0,00    0,00    0,00    0,00    0,00    0,00    0,00  100,00
23:55:45      13    0,00    0,00    0,00    0,00    0,00    0,00    0,00    0,00    0,00  100,00
23:55:45      14    0,00    0,00    0,00    0,00    0,00    0,00    0,00    0,00    0,00  100,00
23:55:45      15    0,00    0,00    0,00    0,00    0,00    0,00    0,00    0,00    0,00  100,00
23:55:45      16    0,00    0,00    0,00    0,00    0,00    0,00    0,00    0,00    0,00  100,00
23:55:45      17    0,00    0,00    0,00    0,00    0,00    0,00    0,00    0,00    0,00  100,00
23:55:45      18    0,00    0,00    0,00    0,00    0,00    0,00    0,00    0,00    0,00  100,00
23:55:45      19    0,00    0,00    0,00    0,00    0,00    0,00    0,00    0,00    0,00  100,00
23:55:45      20    0,00    0,00    0,00    0,00    0,00    0,00    0,00    0,00    0,00  100,00
23:55:45      21    0,00    0,00    0,00    0,00    0,00    0,00    0,00    0,00    0,00  100,00
23:55:45      22    0,00    0,00    0,00    0,00    0,00    0,00    0,00    0,00    0,00  100,00
23:55:45      23    0,00    0,00    0,00    0,00    0,00    0,00    0,00    0,00    0,00  100,00

23:55:45     CPU    %usr   %nice    %sys %iowait    %irq   %soft  %steal  %guest  %gnice   %idle
23:55:46     all   29,17    0,00    0,00    0,00    0,00    0,00    0,00    0,00    0,00   70,83
23:55:46       0  100,00    0,00    0,00    0,00    0,00    0,00    0,00    0,00    0,00    0,00
23:55:46       1  100,00    0,00    0,00    0,00    0,00    0,00    0,00    0,00    0,00    0,00
23:55:46       2  100,00    0,00    0,00    0,00    0,00    0,00    0,00    0,00    0,00    0,00
23:55:46       3  100,00    0,00    0,00    0,00    0,00    0,00    0,00    0,00    0,00    0,00
23:55:46       4  100,00    0,00    0,00    0,00    0,00    0,00    0,00    0,00    0,00    0,00
23:55:46       5  100,00    0,00    0,00    0,00    0,00    0,00    0,00    0,00    0,00    0,00
23:55:46       6  100,00    0,00    0,00    0,00    0,00    0,00    0,00    0,00    0,00    0,00
23:55:46       7    0,00    0,00    0,00    0,00    0,00    0,00    0,00    0,00    0,00  100,00
23:55:46       8    0,00    0,00    0,00    0,00    0,00    0,00    0,00    0,00    0,00  100,00
23:55:46       9    0,00    0,00    0,00    0,00    0,00    0,00    0,00    0,00    0,00  100,00
23:55:46      10    0,00    0,00    0,00    0,00    0,00    0,00    0,00    0,00    0,00  100,00
23:55:46      11    0,00    0,00    0,00    0,00    0,00    0,00    0,00    0,00    0,00  100,00
23:55:46      12    0,00    0,00    0,00    0,00    0,00    0,00    0,00    0,00    0,00  100,00
23:55:46      13    0,00    0,00    0,00    0,00    0,00    0,00    0,00    0,00    0,00  100,00
23:55:46      14    0,00    0,00    0,00    0,00    0,00    0,00    0,00    0,00    0,00  100,00
23:55:46      15    0,00    0,00    0,00    0,00    0,00    0,00    0,00    0,00    0,00  100,00
23:55:46      16    0,00    0,00    0,00    0,00    0,00    0,00    0,00    0,00    0,00  100,00
23:55:46      17    0,00    0,00    0,00    0,00    0,00    0,00    0,00    0,00    0,00  100,00
23:55:46      18    0,00    0,00    0,00    0,00    0,00    0,00    0,00    0,00    0,00  100,00
23:55:46      19    0,00    0,00    0,00    0,00    0,00    0,00    0,00    0,00    0,00  100,00
23:55:46      20    0,00    0,00    0,00    0,00    0,00    0,00    0,00    0,00    0,00  100,00
23:55:46      21    0,00    0,00    0,00    0,00    0,00    0,00    0,00    0,00    0,00  100,00
23:55:46      22    0,00    0,00    0,00    0,00    0,00    0,00    0,00    0,00    0,00  100,00
23:55:46      23    0,00    0,00    0,00    0,00    0,00    0,00    0,00    0,00    0,00  100,00
