Linux 6.8.0-111-generic (testbed-node6) 	14/05/26 	_x86_64_	(24 CPU)

00:10:32     CPU    %usr   %nice    %sys %iowait    %irq   %soft  %steal  %guest  %gnice   %idle
00:10:33     all    4,59    0,00    0,17    0,08    0,00    0,00    0,00    0,00    0,00   95,16
00:10:33       0    0,00    0,00    0,00    0,00    0,00    0,00    0,00    0,00    0,00  100,00
00:10:33       1   99,01    0,00    0,99    0,00    0,00    0,00    0,00    0,00    0,00    0,00
00:10:33       2    0,00    0,00    0,00    0,00    0,00    0,00    0,00    0,00    0,00  100,00
00:10:33       3    0,00    0,00    0,00    0,00    0,00    0,00    0,00    0,00    0,00  100,00
00:10:33       4    0,00    0,00    0,00    0,00    0,00    0,00    0,00    0,00    0,00  100,00
00:10:33       5    0,00    0,00    0,00    0,00    0,00    0,00    0,00    0,00    0,00  100,00
00:10:33       6    0,00    0,00    0,00    0,00    0,00    0,00    0,00    0,00    0,00  100,00
00:10:33       7    0,00    0,00    0,00    0,00    0,00    0,00    0,00    0,00    0,00  100,00
00:10:33       8    0,00    0,00    1,00    0,00    0,00    0,00    0,00    0,00    0,00   99,00
00:10:33       9    0,00    0,00    0,00    0,00    0,00    0,00    0,00    0,00    0,00  100,00
00:10:33      10    7,07    0,00    0,00    0,00    0,00    0,00    0,00    0,00    0,00   92,93
00:10:33      11    0,00    0,00    0,00    0,00    0,00    0,00    0,00    0,00    0,00  100,00
00:10:33      12    0,00    0,00    0,00    0,00    0,00    0,00    0,00    0,00    0,00  100,00
00:10:33      13    0,00    0,00    0,00    0,00    0,00    0,00    0,00    0,00    0,00  100,00
00:10:33      14    0,00    0,00    0,00    0,00    0,00    0,00    0,00    0,00    0,00  100,00
00:10:33      15    0,00    0,00    0,00    0,00    0,00    0,00    0,00    0,00    0,00  100,00
00:10:33      16    0,00    0,00    0,00    1,01    0,00    0,00    0,00    0,00    0,00   98,99
00:10:33      17    1,00    0,00    0,00    0,00    0,00    0,00    0,00    0,00    0,00   99,00
00:10:33      18    0,00    0,00    0,00    0,00    0,00    0,00    0,00    0,00    0,00  100,00
00:10:33      19    1,00    0,00    0,00    0,00    0,00    0,00    0,00    0,00    0,00   99,00
00:10:33      20    1,00    0,00    0,00    1,00    0,00    0,00    0,00    0,00    0,00   98,00
00:10:33      21    0,00    0,00    1,00    0,00    0,00    0,00    0,00    0,00    0,00   99,00
00:10:33      22    0,00    0,00    0,00    0,00    0,00    0,00    0,00    0,00    0,00  100,00
00:10:33      23    0,00    0,00    1,00    0,00    0,00    0,00    0,00    0,00    0,00   99,00

00:10:33     CPU    %usr   %nice    %sys %iowait    %irq   %soft  %steal  %guest  %gnice   %idle
00:10:34     all    4,20    0,00    0,08    0,00    0,00    0,00    0,00    0,00    0,00   95,71
00:10:34       0    0,00    0,00    0,00    0,00    0,00    0,00    0,00    0,00    0,00  100,00
00:10:34       1  100,00    0,00    0,00    0,00    0,00    0,00    0,00    0,00    0,00    0,00
00:10:34       2    0,00    0,00    0,99    0,00    0,00    0,00    0,00    0,00    0,00   99,01
00:10:34       3    0,00    0,00    0,00    0,00    0,00    0,00    0,00    0,00    0,00  100,00
00:10:34       4    0,00    0,00    0,00    0,00    0,00    0,00    0,00    0,00    0,00  100,00
00:10:34       5    0,00    0,00    0,00    0,00    0,00    0,00    0,00    0,00    0,00  100,00
00:10:34       6    0,00    0,00    0,00    0,00    0,00    0,00    0,00    0,00    0,00  100,00
00:10:34       7    0,00    0,00    0,00    0,00    0,00    0,00    0,00    0,00    0,00  100,00
00:10:34       8    0,98    0,00    0,98    0,00    0,00    0,00    0,00    0,00    0,00   98,04
00:10:34       9    0,00    0,00    0,00    0,00    0,00    0,00    0,00    0,00    0,00  100,00
00:10:34      10    0,00    0,00    0,00    0,00    0,00    0,00    0,00    0,00    0,00  100,00
00:10:34      11    0,00    0,00    0,00    0,00    0,00    0,00    0,00    0,00    0,00  100,00
00:10:34      12    0,00    0,00    0,00    0,00    0,00    0,00    0,00    0,00    0,00  100,00
00:10:34      13    0,00    0,00    0,00    0,00    0,00    0,00    0,00    0,00    0,00  100,00
00:10:34      14    0,00    0,00    0,00    0,00    0,00    0,00    0,00    0,00    0,00  100,00
00:10:34      15    0,00    0,00    0,00    0,00    0,00    0,00    0,00    0,00    0,00  100,00
00:10:34      16    0,00    0,00    0,00    0,00    0,00    0,00    0,00    0,00    0,00  100,00
00:10:34      17    0,00    0,00    0,00    0,00    0,00    0,00    0,00    0,00    0,00  100,00
00:10:34      18    0,00    0,00    0,00    0,00    0,00    0,00    0,00    0,00    0,00  100,00
00:10:34      19    0,00    0,00    0,00    0,00    0,00    0,00    0,00    0,00    0,00  100,00
00:10:34      20    0,00    0,00    0,00    0,00    0,00    0,00    0,00    0,00    0,00  100,00
00:10:34      21    0,00    0,00    0,00    0,00    0,00    0,00    0,00    0,00    0,00  100,00
00:10:34      22    0,00    0,00    0,00    0,00    0,00    0,00    0,00    0,00    0,00  100,00
00:10:34      23    0,00    0,00    0,00    0,00    0,00    0,00    0,00    0,00    0,00  100,00

00:10:34     CPU    %usr   %nice    %sys %iowait    %irq   %soft  %steal  %guest  %gnice   %idle
00:10:35     all    5,04    0,00    0,50    0,00    0,00    0,04    0,00    0,00    0,00   94,42
00:10:35       0    0,00    0,00    0,00    0,00    0,00    0,00    0,00    0,00    0,00  100,00
00:10:35       1  100,00    0,00    0,00    0,00    0,00    0,00    0,00    0,00    0,00    0,00
00:10:35       2    0,00    0,00    0,00    0,00    0,00    0,00    0,00    0,00    0,00  100,00
00:10:35       3    0,00    0,00    0,00    0,00    0,00    0,00    0,00    0,00    0,00  100,00
00:10:35       4    0,00    0,00    0,00    0,00    0,00    0,00    0,00    0,00    0,00  100,00
00:10:35       5    0,00    0,00    0,00    0,00    0,00    0,00    0,00    0,00    0,00  100,00
00:10:35       6    0,00    0,00    0,00    0,00    0,00    0,00    0,00    0,00    0,00  100,00
00:10:35       7    0,00    0,00    0,00    0,00    0,00    0,00    0,00    0,00    0,00  100,00
00:10:35       8    3,00    0,00    2,00    0,00    0,00    0,00    0,00    0,00    0,00   95,00
00:10:35       9    0,00    0,00    0,00    0,00    0,00    0,00    0,00    0,00    0,00  100,00
00:10:35      10    1,00    0,00    1,00    0,00    0,00    0,00    0,00    0,00    0,00   98,00
00:10:35      11    0,00    0,00    0,00    0,00    0,00    0,00    0,00    0,00    0,00  100,00
00:10:35      12    0,00    0,00    0,00    0,00    0,00    0,00    0,00    0,00    0,00  100,00
00:10:35      13    0,00    0,00    0,00    0,00    0,00    0,00    0,00    0,00    0,00  100,00
00:10:35      14    6,93    0,00    0,99    0,00    0,00    0,00    0,00    0,00    0,00   92,08
00:10:35      15    0,00    0,00    0,00    0,00    0,00    0,00    0,00    0,00    0,00  100,00
00:10:35      16    2,97    0,00    2,97    0,00    0,00    0,00    0,00    0,00    0,00   94,06
00:10:35      17    0,99    0,00    0,99    0,00    0,00    0,99    0,00    0,00    0,00   97,03
00:10:35      18    1,00    0,00    1,00    0,00    0,00    0,00    0,00    0,00    0,00   98,00
00:10:35      19    0,00    0,00    0,00    0,00    0,00    0,00    0,00    0,00    0,00  100,00
00:10:35      20    1,00    0,00    2,00    0,00    0,00    0,00    0,00    0,00    0,00   97,00
00:10:35      21    3,00    0,00    1,00    0,00    0,00    0,00    0,00    0,00    0,00   96,00
00:10:35      22    0,00    0,00    0,00    0,00    0,00    0,00    0,00    0,00    0,00  100,00
00:10:35      23    1,00    0,00    0,00    0,00    0,00    0,00    0,00    0,00    0,00   99,00

00:10:35     CPU    %usr   %nice    %sys %iowait    %irq   %soft  %steal  %guest  %gnice   %idle
00:10:36     all    4,25    0,00    0,00    0,00    0,00    0,00    0,00    0,00    0,00   95,75
00:10:36       0    0,00    0,00    0,00    0,00    0,00    0,00    0,00    0,00    0,00  100,00
00:10:36       1  100,00    0,00    0,00    0,00    0,00    0,00    0,00    0,00    0,00    0,00
00:10:36       2    0,00    0,00    0,00    0,00    0,00    0,00    0,00    0,00    0,00  100,00
00:10:36       3    0,00    0,00    0,00    0,00    0,00    0,00    0,00    0,00    0,00  100,00
00:10:36       4    0,00    0,00    0,00    0,00    0,00    0,00    0,00    0,00    0,00  100,00
00:10:36       5    0,00    0,00    0,00    0,00    0,00    0,00    0,00    0,00    0,00  100,00
00:10:36       6    0,00    0,00    0,00    0,00    0,00    0,00    0,00    0,00    0,00  100,00
00:10:36       7    0,00    0,00    0,00    0,00    0,00    0,00    0,00    0,00    0,00  100,00
00:10:36       8    1,98    0,00    0,00    0,00    0,00    0,00    0,00    0,00    0,00   98,02
00:10:36       9    0,00    0,00    0,00    0,00    0,00    0,00    0,00    0,00    0,00  100,00
00:10:36      10    0,00    0,00    0,00    0,00    0,00    0,00    0,00    0,00    0,00  100,00
00:10:36      11    0,00    0,00    0,00    0,00    0,00    0,00    0,00    0,00    0,00  100,00
00:10:36      12    0,00    0,00    0,00    0,00    0,00    0,00    0,00    0,00    0,00  100,00
00:10:36      13    0,00    0,00    0,00    0,00    0,00    0,00    0,00    0,00    0,00  100,00
00:10:36      14    0,00    0,00    0,00    0,00    0,00    0,00    0,00    0,00    0,00  100,00
00:10:36      15    0,00    0,00    0,00    0,00    0,00    0,00    0,00    0,00    0,00  100,00
00:10:36      16    0,00    0,00    0,00    0,00    0,00    0,00    0,00    0,00    0,00  100,00
00:10:36      17    0,00    0,00    0,00    0,00    0,00    0,00    0,00    0,00    0,00  100,00
00:10:36      18    0,00    0,00    0,00    0,00    0,00    0,00    0,00    0,00    0,00  100,00
00:10:36      19    0,00    0,00    0,00    0,00    0,00    0,00    0,00    0,00    0,00  100,00
00:10:36      20    0,00    0,00    0,00    0,00    0,00    0,00    0,00    0,00    0,00  100,00
00:10:36      21    0,00    0,00    0,00    0,00    0,00    0,00    0,00    0,00    0,00  100,00
00:10:36      22    0,00    0,00    0,00    0,00    0,00    0,00    0,00    0,00    0,00  100,00
00:10:36      23    0,00    0,00    0,00    0,00    0,00    0,00    0,00    0,00    0,00  100,00

00:10:36     CPU    %usr   %nice    %sys %iowait    %irq   %soft  %steal  %guest  %gnice   %idle
00:10:37     all    4,21    0,00    0,00    0,00    0,00    0,00    0,00    0,00    0,00   95,79
00:10:37       0    0,00    0,00    0,00    0,00    0,00    0,00    0,00    0,00    0,00  100,00
00:10:37       1  100,00    0,00    0,00    0,00    0,00    0,00    0,00    0,00    0,00    0,00
00:10:37       2    0,00    0,00    0,00    0,00    0,00    0,00    0,00    0,00    0,00  100,00
00:10:37       3    0,00    0,00    0,00    0,00    0,00    0,00    0,00    0,00    0,00  100,00
00:10:37       4    0,00    0,00    0,00    0,00    0,00    0,00    0,00    0,00    0,00  100,00
00:10:37       5    0,00    0,00    0,00    0,00    0,00    0,00    0,00    0,00    0,00  100,00
00:10:37       6    0,00    0,00    0,00    0,00    0,00    0,00    0,00    0,00    0,00  100,00
00:10:37       7    0,00    0,00    0,00    0,00    0,00    0,00    0,00    0,00    0,00  100,00
00:10:37       8    0,99    0,00    0,00    0,00    0,00    0,00    0,00    0,00    0,00   99,01
00:10:37       9    0,00    0,00    0,00    0,00    0,00    0,00    0,00    0,00    0,00  100,00
00:10:37      10    0,00    0,00    0,00    0,00    0,00    0,00    0,00    0,00    0,00  100,00
00:10:37      11    0,00    0,00    0,00    0,00    0,00    0,00    0,00    0,00    0,00  100,00
00:10:37      12    0,00    0,00    0,00    0,00    0,00    0,00    0,00    0,00    0,00  100,00
00:10:37      13    0,00    0,00    0,00    0,00    0,00    0,00    0,00    0,00    0,00  100,00
00:10:37      14    0,00    0,00    0,00    0,00    0,00    0,00    0,00    0,00    0,00  100,00
00:10:37      15    0,00    0,00    0,00    0,00    0,00    0,00    0,00    0,00    0,00  100,00
00:10:37      16    0,00    0,00    0,00    0,00    0,00    0,00    0,00    0,00    0,00  100,00
00:10:37      17    0,00    0,00    0,00    0,00    0,00    0,00    0,00    0,00    0,00  100,00
00:10:37      18    0,00    0,00    0,00    0,00    0,00    0,00    0,00    0,00    0,00  100,00
00:10:37      19    0,00    0,00    0,00    0,00    0,00    0,00    0,00    0,00    0,00  100,00
00:10:37      20    0,00    0,00    0,00    0,00    0,00    0,00    0,00    0,00    0,00  100,00
00:10:37      21    0,00    0,00    0,00    0,00    0,00    0,00    0,00    0,00    0,00  100,00
00:10:37      22    0,00    0,00    0,00    0,00    0,00    0,00    0,00    0,00    0,00  100,00
00:10:37      23    0,00    0,00    0,00    0,00    0,00    0,00    0,00    0,00    0,00  100,00

00:10:37     CPU    %usr   %nice    %sys %iowait    %irq   %soft  %steal  %guest  %gnice   %idle
00:10:38     all    4,25    0,00    0,00    0,04    0,00    0,00    0,00    0,00    0,00   95,71
00:10:38       0    0,00    0,00    0,00    0,00    0,00    0,00    0,00    0,00    0,00  100,00
00:10:38       1  100,00    0,00    0,00    0,00    0,00    0,00    0,00    0,00    0,00    0,00
00:10:38       2    0,00    0,00    0,00    0,00    0,00    0,00    0,00    0,00    0,00  100,00
00:10:38       3    0,00    0,00    0,00    0,00    0,00    0,00    0,00    0,00    0,00  100,00
00:10:38       4    0,00    0,00    0,00    0,00    0,00    0,00    0,00    0,00    0,00  100,00
00:10:38       5    0,00    0,00    0,00    0,00    0,00    0,00    0,00    0,00    0,00  100,00
00:10:38       6    0,00    0,00    0,00    0,00    0,00    0,00    0,00    0,00    0,00  100,00
00:10:38       7    0,00    0,00    0,00    0,00    0,00    0,00    0,00    0,00    0,00  100,00
00:10:38       8    1,96    0,00    0,00    0,00    0,00    0,00    0,00    0,00    0,00   98,04
00:10:38       9    0,00    0,00    0,00    0,00    0,00    0,00    0,00    0,00    0,00  100,00
00:10:38      10    0,00    0,00    0,00    0,00    0,00    0,00    0,00    0,00    0,00  100,00
00:10:38      11    0,00    0,00    0,00    0,00    0,00    0,00    0,00    0,00    0,00  100,00
00:10:38      12    0,00    0,00    0,00    0,00    0,00    0,00    0,00    0,00    0,00  100,00
00:10:38      13    0,00    0,00    0,00    0,00    0,00    0,00    0,00    0,00    0,00  100,00
00:10:38      14    0,00    0,00    0,00    0,00    0,00    0,00    0,00    0,00    0,00  100,00
00:10:38      15    0,00    0,00    0,00    0,00    0,00    0,00    0,00    0,00    0,00  100,00
00:10:38      16    0,00    0,00    0,00    0,00    0,00    0,00    0,00    0,00    0,00  100,00
00:10:38      17    0,00    0,00    0,00    1,01    0,00    0,00    0,00    0,00    0,00   98,99
00:10:38      18    0,00    0,00    0,00    0,00    0,00    0,00    0,00    0,00    0,00  100,00
00:10:38      19    0,00    0,00    0,00    0,00    0,00    0,00    0,00    0,00    0,00  100,00
00:10:38      20    0,00    0,00    0,00    0,00    0,00    0,00    0,00    0,00    0,00  100,00
00:10:38      21    0,00    0,00    0,00    0,00    0,00    0,00    0,00    0,00    0,00  100,00
00:10:38      22    0,00    0,00    0,00    0,00    0,00    0,00    0,00    0,00    0,00  100,00
00:10:38      23    0,00    0,00    0,00    0,00    0,00    0,00    0,00    0,00    0,00  100,00

00:10:38     CPU    %usr   %nice    %sys %iowait    %irq   %soft  %steal  %guest  %gnice   %idle
00:10:39     all    4,25    0,00    0,00    0,00    0,00    0,00    0,00    0,00    0,00   95,75
00:10:39       0    0,00    0,00    0,00    0,00    0,00    0,00    0,00    0,00    0,00  100,00
00:10:39       1  100,00    0,00    0,00    0,00    0,00    0,00    0,00    0,00    0,00    0,00
00:10:39       2    0,00    0,00    0,00    0,00    0,00    0,00    0,00    0,00    0,00  100,00
00:10:39       3    0,00    0,00    0,00    0,00    0,00    0,00    0,00    0,00    0,00  100,00
00:10:39       4    0,00    0,00    0,00    0,00    0,00    0,00    0,00    0,00    0,00  100,00
00:10:39       5    0,00    0,00    0,00    0,00    0,00    0,00    0,00    0,00    0,00  100,00
00:10:39       6    0,00    0,00    0,00    0,00    0,00    0,00    0,00    0,00    0,00  100,00
00:10:39       7    0,00    0,00    0,00    0,00    0,00    0,00    0,00    0,00    0,00  100,00
00:10:39       8    1,96    0,00    0,00    0,00    0,00    0,00    0,00    0,00    0,00   98,04
00:10:39       9    0,00    0,00    0,00    0,00    0,00    0,00    0,00    0,00    0,00  100,00
00:10:39      10    0,00    0,00    0,00    0,00    0,00    0,00    0,00    0,00    0,00  100,00
00:10:39      11    0,00    0,00    0,00    0,00    0,00    0,00    0,00    0,00    0,00  100,00
00:10:39      12    0,00    0,00    0,00    0,00    0,00    0,00    0,00    0,00    0,00  100,00
00:10:39      13    0,00    0,00    0,00    0,00    0,00    0,00    0,00    0,00    0,00  100,00
00:10:39      14    0,00    0,00    0,00    0,00    0,00    0,00    0,00    0,00    0,00  100,00
00:10:39      15    0,00    0,00    0,00    0,00    0,00    0,00    0,00    0,00    0,00  100,00
00:10:39      16    0,00    0,00    0,00    0,00    0,00    0,00    0,00    0,00    0,00  100,00
00:10:39      17    0,00    0,00    0,00    0,00    0,00    0,00    0,00    0,00    0,00  100,00
00:10:39      18    0,00    0,00    0,00    0,00    0,00    0,00    0,00    0,00    0,00  100,00
00:10:39      19    0,00    0,00    0,00    0,00    0,00    0,00    0,00    0,00    0,00  100,00
00:10:39      20    0,00    0,00    0,00    0,00    0,00    0,00    0,00    0,00    0,00  100,00
00:10:39      21    0,00    0,00    0,00    0,00    0,00    0,00    0,00    0,00    0,00  100,00
00:10:39      22    0,00    0,00    0,00    0,00    0,00    0,00    0,00    0,00    0,00  100,00
00:10:39      23    0,00    0,00    0,00    0,00    0,00    0,00    0,00    0,00    0,00  100,00

00:10:39     CPU    %usr   %nice    %sys %iowait    %irq   %soft  %steal  %guest  %gnice   %idle
00:10:40     all    4,25    0,00    0,00    0,04    0,00    0,00    0,00    0,00    0,00   95,71
00:10:40       0    0,00    0,00    0,00    0,00    0,00    0,00    0,00    0,00    0,00  100,00
00:10:40       1  100,00    0,00    0,00    0,00    0,00    0,00    0,00    0,00    0,00    0,00
00:10:40       2    0,00    0,00    0,00    0,00    0,00    0,00    0,00    0,00    0,00  100,00
00:10:40       3    0,00    0,00    0,00    0,00    0,00    0,00    0,00    0,00    0,00  100,00
00:10:40       4    0,00    0,00    0,00    0,00    0,00    0,00    0,00    0,00    0,00  100,00
00:10:40       5    0,00    0,00    0,00    0,00    0,00    0,00    0,00    0,00    0,00  100,00
00:10:40       6    0,00    0,00    0,00    0,00    0,00    0,00    0,00    0,00    0,00  100,00
00:10:40       7    0,00    0,00    0,00    0,00    0,00    0,00    0,00    0,00    0,00  100,00
00:10:40       8    1,98    0,00    0,00    0,99    0,00    0,00    0,00    0,00    0,00   97,03
00:10:40       9    0,00    0,00    0,00    0,00    0,00    0,00    0,00    0,00    0,00  100,00
00:10:40      10    0,00    0,00    0,00    0,00    0,00    0,00    0,00    0,00    0,00  100,00
00:10:40      11    0,00    0,00    0,00    0,00    0,00    0,00    0,00    0,00    0,00  100,00
00:10:40      12    0,00    0,00    0,00    0,00    0,00    0,00    0,00    0,00    0,00  100,00
00:10:40      13    0,00    0,00    0,00    0,00    0,00    0,00    0,00    0,00    0,00  100,00
00:10:40      14    0,00    0,00    0,00    0,00    0,00    0,00    0,00    0,00    0,00  100,00
00:10:40      15    0,00    0,00    0,00    0,00    0,00    0,00    0,00    0,00    0,00  100,00
00:10:40      16    0,00    0,00    0,00    0,00    0,00    0,00    0,00    0,00    0,00  100,00
00:10:40      17    0,00    0,00    0,00    0,00    0,00    0,00    0,00    0,00    0,00  100,00
00:10:40      18    0,00    0,00    0,00    0,00    0,00    0,00    0,00    0,00    0,00  100,00
00:10:40      19    0,00    0,00    0,00    0,00    0,00    0,00    0,00    0,00    0,00  100,00
00:10:40      20    0,00    0,00    0,00    0,00    0,00    0,00    0,00    0,00    0,00  100,00
00:10:40      21    0,00    0,00    0,00    0,00    0,00    0,00    0,00    0,00    0,00  100,00
00:10:40      22    0,00    0,00    0,00    0,00    0,00    0,00    0,00    0,00    0,00  100,00
00:10:40      23    0,00    0,00    0,00    0,00    0,00    0,00    0,00    0,00    0,00  100,00

00:10:40     CPU    %usr   %nice    %sys %iowait    %irq   %soft  %steal  %guest  %gnice   %idle
00:10:41     all    4,33    0,00    0,00    0,00    0,00    0,00    0,00    0,00    0,00   95,67
00:10:41       0    0,00    0,00    0,00    0,00    0,00    0,00    0,00    0,00    0,00  100,00
00:10:41       1  100,00    0,00    0,00    0,00    0,00    0,00    0,00    0,00    0,00    0,00
00:10:41       2    0,00    0,00    0,00    0,00    0,00    0,00    0,00    0,00    0,00  100,00
00:10:41       3    0,00    0,00    0,00    0,00    0,00    0,00    0,00    0,00    0,00  100,00
00:10:41       4    0,00    0,00    0,00    0,00    0,00    0,00    0,00    0,00    0,00  100,00
00:10:41       5    0,00    0,00    0,00    0,00    0,00    0,00    0,00    0,00    0,00  100,00
00:10:41       6    0,00    0,00    0,00    0,00    0,00    0,00    0,00    0,00    0,00  100,00
00:10:41       7    0,00    0,00    0,00    0,00    0,00    0,00    0,00    0,00    0,00  100,00
00:10:41       8    2,91    0,00    0,00    0,00    0,00    0,00    0,00    0,00    0,00   97,09
00:10:41       9    0,00    0,00    0,00    0,00    0,00    0,00    0,00    0,00    0,00  100,00
00:10:41      10    0,99    0,00    0,00    0,00    0,00    0,00    0,00    0,00    0,00   99,01
00:10:41      11    0,00    0,00    0,00    0,00    0,00    0,00    0,00    0,00    0,00  100,00
00:10:41      12    0,00    0,00    0,00    0,00    0,00    0,00    0,00    0,00    0,00  100,00
00:10:41      13    0,00    0,00    0,00    0,00    0,00    0,00    0,00    0,00    0,00  100,00
00:10:41      14    0,00    0,00    0,00    0,00    0,00    0,00    0,00    0,00    0,00  100,00
00:10:41      15    0,00    0,00    0,00    0,00    0,00    0,00    0,00    0,00    0,00  100,00
00:10:41      16    0,00    0,00    0,00    0,00    0,00    0,00    0,00    0,00    0,00  100,00
00:10:41      17    0,00    0,00    0,00    0,00    0,00    0,00    0,00    0,00    0,00  100,00
00:10:41      18    0,00    0,00    0,00    0,00    0,00    0,00    0,00    0,00    0,00  100,00
00:10:41      19    0,00    0,00    0,00    0,00    0,00    0,00    0,00    0,00    0,00  100,00
00:10:41      20    0,00    0,00    0,00    0,00    0,00    0,00    0,00    0,00    0,00  100,00
00:10:41      21    0,00    0,00    0,00    0,00    0,00    0,00    0,00    0,00    0,00  100,00
00:10:41      22    0,00    0,00    0,00    0,00    0,00    0,00    0,00    0,00    0,00  100,00
00:10:41      23    0,00    0,00    0,00    0,00    0,00    0,00    0,00    0,00    0,00  100,00

00:10:41     CPU    %usr   %nice    %sys %iowait    %irq   %soft  %steal  %guest  %gnice   %idle
00:10:42     all    4,29    0,00    0,00    0,00    0,00    0,00    0,00    0,00    0,00   95,71
00:10:42       0    0,00    0,00    0,00    0,00    0,00    0,00    0,00    0,00    0,00  100,00
00:10:42       1  100,00    0,00    0,00    0,00    0,00    0,00    0,00    0,00    0,00    0,00
00:10:42       2    0,00    0,00    0,00    0,00    0,00    0,00    0,00    0,00    0,00  100,00
00:10:42       3    0,00    0,00    0,00    0,00    0,00    0,00    0,00    0,00    0,00  100,00
00:10:42       4    0,00    0,00    0,00    0,00    0,00    0,00    0,00    0,00    0,00  100,00
00:10:42       5    0,00    0,00    0,00    0,00    0,00    0,00    0,00    0,00    0,00  100,00
00:10:42       6    0,00    0,00    0,00    0,00    0,00    0,00    0,00    0,00    0,00  100,00
00:10:42       7    0,00    0,00    0,00    0,00    0,00    0,00    0,00    0,00    0,00  100,00
00:10:42       8    0,99    0,00    0,00    0,00    0,00    0,00    0,00    0,00    0,00   99,01
00:10:42       9    0,00    0,00    0,00    0,00    0,00    0,00    0,00    0,00    0,00  100,00
00:10:42      10    0,99    0,00    0,00    0,00    0,00    0,00    0,00    0,00    0,00   99,01
00:10:42      11    0,00    0,00    0,00    0,00    0,00    0,00    0,00    0,00    0,00  100,00
00:10:42      12    0,00    0,00    0,00    0,00    0,00    0,00    0,00    0,00    0,00  100,00
00:10:42      13    0,00    0,00    0,00    0,00    0,00    0,00    0,00    0,00    0,00  100,00
00:10:42      14    0,00    0,00    0,00    0,00    0,00    0,00    0,00    0,00    0,00  100,00
00:10:42      15    0,00    0,00    0,00    0,00    0,00    0,00    0,00    0,00    0,00  100,00
00:10:42      16    0,00    0,00    0,00    0,00    0,00    0,00    0,00    0,00    0,00  100,00
00:10:42      17    0,00    0,00    0,00    0,00    0,00    0,00    0,00    0,00    0,00  100,00
00:10:42      18    0,99    0,00    0,00    0,00    0,00    0,00    0,00    0,00    0,00   99,01
00:10:42      19    0,00    0,00    0,00    0,00    0,00    0,00    0,00    0,00    0,00  100,00
00:10:42      20    0,00    0,00    0,00    0,00    0,00    0,00    0,00    0,00    0,00  100,00
00:10:42      21    0,00    0,00    0,00    0,00    0,00    0,00    0,00    0,00    0,00  100,00
00:10:42      22    0,00    0,00    0,00    0,00    0,00    0,00    0,00    0,00    0,00  100,00
00:10:42      23    0,00    0,00    0,00    0,00    0,00    0,00    0,00    0,00    0,00  100,00

00:10:42     CPU    %usr   %nice    %sys %iowait    %irq   %soft  %steal  %guest  %gnice   %idle
00:10:43     all    4,58    0,00    0,33    0,04    0,00    0,00    0,00    0,00    0,00   95,04
00:10:43       0    0,00    0,00    0,00    0,00    0,00    0,00    0,00    0,00    0,00  100,00
00:10:43       1  100,00    0,00    0,00    0,00    0,00    0,00    0,00    0,00    0,00    0,00
00:10:43       2    0,00    0,00    0,00    0,00    0,00    0,00    0,00    0,00    0,00  100,00
00:10:43       3    0,00    0,00    0,00    0,00    0,00    0,00    0,00    0,00    0,00  100,00
00:10:43       4    0,00    0,00    0,99    0,00    0,00    0,00    0,00    0,00    0,00   99,01
00:10:43       5    0,00    0,00    0,00    0,00    0,00    0,00    0,00    0,00    0,00  100,00
00:10:43       6    0,00    0,00    0,00    0,00    0,00    0,00    0,00    0,00    0,00  100,00
00:10:43       7    0,00    0,00    0,00    0,00    0,00    0,00    0,00    0,00    0,00  100,00
00:10:43       8    0,00    0,00    0,00    0,00    0,00    0,00    0,00    0,00    0,00  100,00
00:10:43       9    0,00    0,00    0,00    0,00    0,00    0,00    0,00    0,00    0,00  100,00
00:10:43      10   10,10    0,00    7,07    1,01    0,00    0,00    0,00    0,00    0,00   81,82
00:10:43      11    0,00    0,00    0,00    0,00    0,00    0,00    0,00    0,00    0,00  100,00
00:10:43      12    0,00    0,00    0,00    0,00    0,00    0,00    0,00    0,00    0,00  100,00
00:10:43      13    0,00    0,00    0,00    0,00    0,00    0,00    0,00    0,00    0,00  100,00
00:10:43      14    0,00    0,00    0,00    0,00    0,00    0,00    0,00    0,00    0,00  100,00
00:10:43      15    0,00    0,00    0,00    0,00    0,00    0,00    0,00    0,00    0,00  100,00
00:10:43      16    0,00    0,00    0,00    0,00    0,00    0,00    0,00    0,00    0,00  100,00
00:10:43      17    0,00    0,00    0,00    0,00    0,00    0,00    0,00    0,00    0,00  100,00
00:10:43      18    0,00    0,00    0,00    0,00    0,00    0,00    0,00    0,00    0,00  100,00
00:10:43      19    0,00    0,00    0,00    0,00    0,00    0,00    0,00    0,00    0,00  100,00
00:10:43      20    0,00    0,00    0,00    0,00    0,00    0,00    0,00    0,00    0,00  100,00
00:10:43      21    0,00    0,00    0,00    0,00    0,00    0,00    0,00    0,00    0,00  100,00
00:10:43      22    0,00    0,00    0,00    0,00    0,00    0,00    0,00    0,00    0,00  100,00
00:10:43      23    0,00    0,00    0,00    0,00    0,00    0,00    0,00    0,00    0,00  100,00

00:10:43     CPU    %usr   %nice    %sys %iowait    %irq   %soft  %steal  %guest  %gnice   %idle
00:10:44     all    4,25    0,00    0,04    0,08    0,00    0,00    0,00    0,00    0,00   95,63
00:10:44       0    0,00    0,00    0,00    0,00    0,00    0,00    0,00    0,00    0,00  100,00
00:10:44       1  100,00    0,00    0,00    0,00    0,00    0,00    0,00    0,00    0,00    0,00
00:10:44       2    0,00    0,00    0,00    0,00    0,00    0,00    0,00    0,00    0,00  100,00
00:10:44       3    0,00    0,00    0,00    0,00    0,00    0,00    0,00    0,00    0,00  100,00
00:10:44       4    0,00    0,00    0,00    0,00    0,00    0,00    0,00    0,00    0,00  100,00
00:10:44       5    0,00    0,00    0,00    0,00    0,00    0,00    0,00    0,00    0,00  100,00
00:10:44       6    0,00    0,00    0,00    0,00    0,00    0,00    0,00    0,00    0,00  100,00
00:10:44       7    0,00    0,00    0,00    0,00    0,00    0,00    0,00    0,00    0,00  100,00
00:10:44       8    1,98    0,00    0,00    0,00    0,00    0,00    0,00    0,00    0,00   98,02
00:10:44       9    0,00    0,00    0,00    0,00    0,00    0,00    0,00    0,00    0,00  100,00
00:10:44      10    0,00    0,00    0,00    0,00    0,00    0,00    0,00    0,00    0,00  100,00
00:10:44      11    0,00    0,00    0,00    0,00    0,00    0,00    0,00    0,00    0,00  100,00
00:10:44      12    0,00    0,00    0,00    0,00    0,00    0,00    0,00    0,00    0,00  100,00
00:10:44      13    0,00    0,00    0,00    0,00    0,00    0,00    0,00    0,00    0,00  100,00
00:10:44      14    0,00    0,00    0,00    0,00    0,00    0,00    0,00    0,00    0,00  100,00
00:10:44      15    0,00    0,00    0,00    0,00    0,00    0,00    0,00    0,00    0,00  100,00
00:10:44      16    0,00    0,00    0,00    0,00    0,00    0,00    0,00    0,00    0,00  100,00
00:10:44      17    0,00    0,00    0,99    1,98    0,00    0,00    0,00    0,00    0,00   97,03
00:10:44      18    0,00    0,00    0,00    0,00    0,00    0,00    0,00    0,00    0,00  100,00
00:10:44      19    0,00    0,00    0,00    0,00    0,00    0,00    0,00    0,00    0,00  100,00
00:10:44      20    0,00    0,00    0,00    0,00    0,00    0,00    0,00    0,00    0,00  100,00
00:10:44      21    0,00    0,00    0,00    0,00    0,00    0,00    0,00    0,00    0,00  100,00
00:10:44      22    0,00    0,00    0,00    0,00    0,00    0,00    0,00    0,00    0,00  100,00
00:10:44      23    0,00    0,00    0,00    0,00    0,00    0,00    0,00    0,00    0,00  100,00

00:10:44     CPU    %usr   %nice    %sys %iowait    %irq   %soft  %steal  %guest  %gnice   %idle
00:10:45     all    5,37    0,00    0,67    0,00    0,00    0,00    0,00    0,00    0,00   93,97
00:10:45       0    0,00    0,00    0,00    0,00    0,00    0,00    0,00    0,00    0,00  100,00
00:10:45       1  100,00    0,00    0,00    0,00    0,00    0,00    0,00    0,00    0,00    0,00
00:10:45       2    7,07    0,00    1,01    0,00    0,00    0,00    0,00    0,00    0,00   91,92
00:10:45       3    0,00    0,00    0,00    0,00    0,00    0,00    0,00    0,00    0,00  100,00
00:10:45       4    0,00    0,00    0,00    0,00    0,00    0,00    0,00    0,00    0,00  100,00
00:10:45       5    0,00    0,00    0,00    0,00    0,00    0,00    0,00    0,00    0,00  100,00
00:10:45       6    0,00    0,00    0,00    0,00    0,00    0,00    0,00    0,00    0,00  100,00
00:10:45       7    0,00    0,00    0,00    0,00    0,00    0,00    0,00    0,00    0,00  100,00
00:10:45       8    5,00    0,00    0,00    0,00    0,00    0,00    0,00    0,00    0,00   95,00
00:10:45       9    0,00    0,00    0,00    0,00    0,00    0,00    0,00    0,00    0,00  100,00
00:10:45      10    0,98    0,00    0,98    0,00    0,00    0,00    0,00    0,00    0,00   98,04
00:10:45      11    0,00    0,00    0,00    0,00    0,00    0,00    0,00    0,00    0,00  100,00
00:10:45      12    3,00    0,00    2,00    0,00    0,00    0,00    0,00    0,00    0,00   95,00
00:10:45      13    0,00    0,00    0,00    0,00    0,00    0,00    0,00    0,00    0,00  100,00
00:10:45      14    1,00    0,00    1,00    0,00    0,00    0,00    0,00    0,00    0,00   98,00
00:10:45      15    0,00    0,00    0,00    0,00    0,00    0,00    0,00    0,00    0,00  100,00
00:10:45      16    1,00    0,00    2,00    0,00    0,00    0,00    0,00    0,00    0,00   97,00
00:10:45      17    2,00    0,00    1,00    0,00    0,00    0,00    0,00    0,00    0,00   97,00
00:10:45      18    1,01    0,00    1,01    0,00    0,00    0,00    0,00    0,00    0,00   97,98
00:10:45      19    1,96    0,00    0,98    0,00    0,00    0,00    0,00    0,00    0,00   97,06
00:10:45      20    1,98    0,00    0,99    0,00    0,00    0,00    0,00    0,00    0,00   97,03
00:10:45      21    1,00    0,00    3,00    0,00    0,00    0,00    0,00    0,00    0,00   96,00
00:10:45      22    2,00    0,00    1,00    0,00    0,00    0,00    0,00    0,00    0,00   97,00
00:10:45      23    1,00    0,00    1,00    0,00    0,00    0,00    0,00    0,00    0,00   98,00
