Linux 6.8.0-111-generic (testbed-node6) 	13/05/26 	_x86_64_	(24 CPU)

21:00:35     CPU    %usr   %nice    %sys %iowait    %irq   %soft  %steal  %guest  %gnice   %idle
21:00:36     all    0,67    0,00    0,17    0,04    0,00   20,81    0,00    0,00    0,00   78,32
21:00:36       0    0,00    0,00    0,00    0,00    0,00    1,00    0,00    0,00    0,00   99,00
21:00:36       1    1,00    0,00    0,00    0,00    0,00   99,00    0,00    0,00    0,00    0,00
21:00:36       2    0,00    0,00    0,00    0,00    0,00    0,00    0,00    0,00    0,00  100,00
21:00:36       3    0,00    0,00    0,00    0,00    0,00  100,00    0,00    0,00    0,00    0,00
21:00:36       4    0,00    0,00    0,00    0,00    0,00    0,00    0,00    0,00    0,00  100,00
21:00:36       5    0,00    0,00    0,00    0,00    0,00    0,00    0,00    0,00    0,00  100,00
21:00:36       6    0,00    0,00    0,00    0,00    0,00    0,00    0,00    0,00    0,00  100,00
21:00:36       7    0,00    0,00    0,00    0,00    0,00    0,00    0,00    0,00    0,00  100,00
21:00:36       8    0,00    0,00    0,00    0,00    0,00    0,00    0,00    0,00    0,00  100,00
21:00:36       9    0,00    0,00    0,00    0,00    0,00    0,00    0,00    0,00    0,00  100,00
21:00:36      10    0,99    0,00    0,00    0,99    0,00    0,00    0,00    0,00    0,00   98,02
21:00:36      11    0,00    0,00    0,00    0,00    0,00    0,00    0,00    0,00    0,00  100,00
21:00:36      12    0,99    0,00    0,00    0,00    0,00    0,00    0,00    0,00    0,00   99,01
21:00:36      13    0,00    0,00    0,00    0,00    0,00    0,00    0,00    0,00    0,00  100,00
21:00:36      14    0,00    0,00    0,00    0,00    0,00  100,00    0,00    0,00    0,00    0,00
21:00:36      15    0,00    0,00    0,00    0,00    0,00    0,00    0,00    0,00    0,00  100,00
21:00:36      16    0,00    0,00    0,00    0,00    0,00  100,00    0,00    0,00    0,00    0,00
21:00:36      17    1,01    0,00    0,00    0,00    0,00    0,00    0,00    0,00    0,00   98,99
21:00:36      18    0,00    0,00    0,00    0,00    0,00    0,00    0,00    0,00    0,00  100,00
21:00:36      19    0,99    0,00    0,99    0,00    0,00    0,00    0,00    0,00    0,00   98,02
21:00:36      20    0,99    0,00    0,99    0,00    0,00    0,00    0,00    0,00    0,00   98,02
21:00:36      21    0,00    0,00    0,00    0,00    0,00  100,00    0,00    0,00    0,00    0,00
21:00:36      22    9,90    0,00    1,98    0,00    0,00    0,00    0,00    0,00    0,00   88,12
21:00:36      23    0,00    0,00    0,00    0,00    0,00    0,00    0,00    0,00    0,00  100,00

21:00:36     CPU    %usr   %nice    %sys %iowait    %irq   %soft  %steal  %guest  %gnice   %idle
21:00:37     all    0,04    0,00    0,04    0,08    0,00   20,84    0,00    0,00    0,00   78,99
21:00:37       0    0,00    0,00    0,00    0,00    0,00    0,99    0,00    0,00    0,00   99,01
21:00:37       1    0,99    0,00    0,99    0,00    0,00   98,02    0,00    0,00    0,00    0,00
21:00:37       2    0,00    0,00    0,00    0,00    0,00    0,00    0,00    0,00    0,00  100,00
21:00:37       3    0,00    0,00    0,00    0,00    0,00  100,00    0,00    0,00    0,00    0,00
21:00:37       4    0,00    0,00    0,00    0,00    0,00    0,00    0,00    0,00    0,00  100,00
21:00:37       5    0,00    0,00    0,00    0,00    0,00    0,00    0,00    0,00    0,00  100,00
21:00:37       6    0,00    0,00    0,00    1,00    0,00    0,00    0,00    0,00    0,00   99,00
21:00:37       7    0,00    0,00    0,00    0,00    0,00    0,00    0,00    0,00    0,00  100,00
21:00:37       8    0,00    0,00    0,00    1,01    0,00    0,00    0,00    0,00    0,00   98,99
21:00:37       9    0,00    0,00    0,00    0,00    0,00    0,00    0,00    0,00    0,00  100,00
21:00:37      10    0,00    0,00    0,00    0,00    0,00    0,00    0,00    0,00    0,00  100,00
21:00:37      11    0,00    0,00    0,00    0,00    0,00    0,00    0,00    0,00    0,00  100,00
21:00:37      12    0,00    0,00    0,00    0,00    0,00    0,00    0,00    0,00    0,00  100,00
21:00:37      13    0,00    0,00    0,00    0,00    0,00    0,00    0,00    0,00    0,00  100,00
21:00:37      14    0,00    0,00    0,00    0,00    0,00  100,00    0,00    0,00    0,00    0,00
21:00:37      15    0,00    0,00    0,00    0,00    0,00    0,00    0,00    0,00    0,00  100,00
21:00:37      16    0,00    0,00    0,00    0,00    0,00  100,00    0,00    0,00    0,00    0,00
21:00:37      17    0,00    0,00    0,00    0,00    0,00    0,00    0,00    0,00    0,00  100,00
21:00:37      18    0,00    0,00    0,00    0,00    0,00    0,00    0,00    0,00    0,00  100,00
21:00:37      19    0,00    0,00    0,00    0,00    0,00    0,00    0,00    0,00    0,00  100,00
21:00:37      20    0,00    0,00    0,00    0,00    0,00    0,00    0,00    0,00    0,00  100,00
21:00:37      21    0,00    0,00    0,00    0,00    0,00  100,00    0,00    0,00    0,00    0,00
21:00:37      22    0,00    0,00    0,00    0,00    0,00    0,00    0,00    0,00    0,00  100,00
21:00:37      23    0,00    0,00    0,00    0,00    0,00    0,00    0,00    0,00    0,00  100,00

21:00:37     CPU    %usr   %nice    %sys %iowait    %irq   %soft  %steal  %guest  %gnice   %idle
21:00:38     all    1,25    0,00    0,54    0,00    0,00   20,88    0,00    0,00    0,00   77,33
21:00:38       0    0,00    0,00    0,00    0,00    0,00    1,98    0,00    0,00    0,00   98,02
21:00:38       1    1,00    0,00    0,00    0,00    0,00   99,00    0,00    0,00    0,00    0,00
21:00:38       2    0,00    0,00    0,00    0,00    0,00    0,00    0,00    0,00    0,00  100,00
21:00:38       3    0,00    0,00    0,00    0,00    0,00  100,00    0,00    0,00    0,00    0,00
21:00:38       4    2,02    0,00    1,01    0,00    0,00    0,00    0,00    0,00    0,00   96,97
21:00:38       5    0,00    0,00    0,00    0,00    0,00    0,00    0,00    0,00    0,00  100,00
21:00:38       6    2,00    0,00    0,00    0,00    0,00    0,00    0,00    0,00    0,00   98,00
21:00:38       7    0,00    0,00    0,00    0,00    0,00    0,00    0,00    0,00    0,00  100,00
21:00:38       8    0,00    0,00    0,00    0,00    0,00    0,00    0,00    0,00    0,00  100,00
21:00:38       9    0,00    0,00    0,00    0,00    0,00    0,00    0,00    0,00    0,00  100,00
21:00:38      10    0,00    0,00    0,00    0,00    0,00    0,00    0,00    0,00    0,00  100,00
21:00:38      11    0,00    0,00    0,00    0,00    0,00    0,00    0,00    0,00    0,00  100,00
21:00:38      12    0,00    0,00    0,99    0,00    0,00    0,00    0,00    0,00    0,00   99,01
21:00:38      13    0,00    0,00    0,00    0,00    0,00    0,00    0,00    0,00    0,00  100,00
21:00:38      14    0,00    0,00    0,00    0,00    0,00  100,00    0,00    0,00    0,00    0,00
21:00:38      15    0,00    0,00    0,00    0,00    0,00    0,00    0,00    0,00    0,00  100,00
21:00:38      16    0,00    0,00    0,00    0,00    0,00  100,00    0,00    0,00    0,00    0,00
21:00:38      17   14,00    0,00    4,00    0,00    0,00    0,00    0,00    0,00    0,00   82,00
21:00:38      18    3,00    0,00    1,00    0,00    0,00    0,00    0,00    0,00    0,00   96,00
21:00:38      19    0,00    0,00    0,00    0,00    0,00    0,00    0,00    0,00    0,00  100,00
21:00:38      20    3,00    0,00    2,00    0,00    0,00    0,00    0,00    0,00    0,00   95,00
21:00:38      21    0,00    0,00    0,99    0,00    0,00   99,01    0,00    0,00    0,00    0,00
21:00:38      22    2,02    0,00    1,01    0,00    0,00    0,00    0,00    0,00    0,00   96,97
21:00:38      23    3,00    0,00    2,00    0,00    0,00    0,00    0,00    0,00    0,00   95,00

21:00:38     CPU    %usr   %nice    %sys %iowait    %irq   %soft  %steal  %guest  %gnice   %idle
21:00:39     all    0,00    0,00    0,00    0,00    0,00   20,87    0,00    0,00    0,00   79,13
21:00:39       0    0,00    0,00    0,00    0,00    0,00    1,96    0,00    0,00    0,00   98,04
21:00:39       1    0,00    0,00    0,00    0,00    0,00  100,00    0,00    0,00    0,00    0,00
21:00:39       2    0,00    0,00    0,00    0,00    0,00    0,00    0,00    0,00    0,00  100,00
21:00:39       3    0,00    0,00    0,00    0,00    0,00  100,00    0,00    0,00    0,00    0,00
21:00:39       4    0,00    0,00    0,00    0,00    0,00    0,00    0,00    0,00    0,00  100,00
21:00:39       5    0,00    0,00    0,00    0,00    0,00    0,00    0,00    0,00    0,00  100,00
21:00:39       6    0,00    0,00    0,00    0,00    0,00    0,00    0,00    0,00    0,00  100,00
21:00:39       7    0,00    0,00    0,00    0,00    0,00    0,00    0,00    0,00    0,00  100,00
21:00:39       8    0,00    0,00    0,00    0,00    0,00    0,00    0,00    0,00    0,00  100,00
21:00:39       9    0,00    0,00    0,00    0,00    0,00    0,00    0,00    0,00    0,00  100,00
21:00:39      10    0,00    0,00    0,00    0,00    0,00    0,00    0,00    0,00    0,00  100,00
21:00:39      11    0,00    0,00    0,00    0,00    0,00    0,00    0,00    0,00    0,00  100,00
21:00:39      12    0,00    0,00    0,00    0,00    0,00    0,00    0,00    0,00    0,00  100,00
21:00:39      13    0,00    0,00    0,00    0,00    0,00    0,00    0,00    0,00    0,00  100,00
21:00:39      14    0,00    0,00    0,00    0,00    0,00  100,00    0,00    0,00    0,00    0,00
21:00:39      15    0,00    0,00    0,00    0,00    0,00    0,00    0,00    0,00    0,00  100,00
21:00:39      16    0,00    0,00    0,00    0,00    0,00  100,00    0,00    0,00    0,00    0,00
21:00:39      17    0,00    0,00    0,00    0,00    0,00    0,00    0,00    0,00    0,00  100,00
21:00:39      18    0,00    0,00    0,00    0,00    0,00    0,00    0,00    0,00    0,00  100,00
21:00:39      19    0,00    0,00    0,00    0,00    0,00    0,00    0,00    0,00    0,00  100,00
21:00:39      20    0,00    0,00    0,00    0,00    0,00    0,00    0,00    0,00    0,00  100,00
21:00:39      21    0,00    0,00    0,00    0,00    0,00  100,00    0,00    0,00    0,00    0,00
21:00:39      22    0,00    0,00    0,00    0,00    0,00    0,00    0,00    0,00    0,00  100,00
21:00:39      23    0,00    0,00    0,00    0,00    0,00    0,00    0,00    0,00    0,00  100,00

21:00:39     CPU    %usr   %nice    %sys %iowait    %irq   %soft  %steal  %guest  %gnice   %idle
21:00:40     all    0,04    0,00    0,08    0,00    0,00   20,78    0,00    0,00    0,00   79,09
21:00:40       0    0,00    0,00    0,00    0,00    0,00    0,00    0,00    0,00    0,00  100,00
21:00:40       1    0,99    0,00    0,99    0,00    0,00   98,02    0,00    0,00    0,00    0,00
21:00:40       2    0,00    0,00    0,00    0,00    0,00    0,00    0,00    0,00    0,00  100,00
21:00:40       3    0,00    0,00    0,00    0,00    0,00  100,00    0,00    0,00    0,00    0,00
21:00:40       4    0,00    0,00    0,00    0,00    0,00    0,00    0,00    0,00    0,00  100,00
21:00:40       5    0,00    0,00    0,00    0,00    0,00    0,00    0,00    0,00    0,00  100,00
21:00:40       6    0,00    0,00    0,99    0,00    0,00    0,00    0,00    0,00    0,00   99,01
21:00:40       7    0,00    0,00    0,00    0,00    0,00    0,00    0,00    0,00    0,00  100,00
21:00:40       8    0,00    0,00    0,00    0,00    0,00    0,00    0,00    0,00    0,00  100,00
21:00:40       9    0,00    0,00    0,00    0,00    0,00    0,00    0,00    0,00    0,00  100,00
21:00:40      10    0,00    0,00    0,00    0,00    0,00    0,00    0,00    0,00    0,00  100,00
21:00:40      11    0,00    0,00    0,00    0,00    0,00    0,00    0,00    0,00    0,00  100,00
21:00:40      12    0,00    0,00    0,00    0,00    0,00    0,00    0,00    0,00    0,00  100,00
21:00:40      13    0,00    0,00    0,00    0,00    0,00    0,00    0,00    0,00    0,00  100,00
21:00:40      14    0,00    0,00    0,00    0,00    0,00  100,00    0,00    0,00    0,00    0,00
21:00:40      15    0,00    0,00    0,00    0,00    0,00    0,00    0,00    0,00    0,00  100,00
21:00:40      16    0,00    0,00    0,00    0,00    0,00  100,00    0,00    0,00    0,00    0,00
21:00:40      17    0,00    0,00    0,00    0,00    0,00    0,00    0,00    0,00    0,00  100,00
21:00:40      18    0,00    0,00    0,00    0,00    0,00    0,00    0,00    0,00    0,00  100,00
21:00:40      19    0,00    0,00    0,00    0,00    0,00    0,00    0,00    0,00    0,00  100,00
21:00:40      20    0,00    0,00    0,00    0,00    0,00    0,00    0,00    0,00    0,00  100,00
21:00:40      21    0,00    0,00    0,00    0,00    0,00  100,00    0,00    0,00    0,00    0,00
21:00:40      22    0,00    0,00    0,00    0,00    0,00    0,00    0,00    0,00    0,00  100,00
21:00:40      23    0,00    0,00    0,00    0,00    0,00    0,00    0,00    0,00    0,00  100,00

21:00:40     CPU    %usr   %nice    %sys %iowait    %irq   %soft  %steal  %guest  %gnice   %idle
21:00:41     all    0,00    0,00    0,08    0,00    0,00   20,86    0,00    0,00    0,00   79,06
21:00:41       0    0,00    0,00    0,00    0,00    0,00    1,00    0,00    0,00    0,00   99,00
21:00:41       1    0,00    0,00    1,00    0,00    0,00   99,00    0,00    0,00    0,00    0,00
21:00:41       2    0,00    0,00    0,00    0,00    0,00    0,00    0,00    0,00    0,00  100,00
21:00:41       3    0,00    0,00    0,00    0,00    0,00  100,00    0,00    0,00    0,00    0,00
21:00:41       4    0,00    0,00    0,00    0,00    0,00    0,00    0,00    0,00    0,00  100,00
21:00:41       5    0,00    0,00    0,00    0,00    0,00    0,00    0,00    0,00    0,00  100,00
21:00:41       6    0,00    0,00    0,00    0,00    0,00    0,00    0,00    0,00    0,00  100,00
21:00:41       7    0,00    0,00    0,00    0,00    0,00    0,00    0,00    0,00    0,00  100,00
21:00:41       8    0,00    0,00    0,00    0,00    0,00    0,00    0,00    0,00    0,00  100,00
21:00:41       9    0,00    0,00    0,00    0,00    0,00    0,00    0,00    0,00    0,00  100,00
21:00:41      10    0,00    0,00    0,99    0,00    0,00    0,00    0,00    0,00    0,00   99,01
21:00:41      11    0,00    0,00    0,00    0,00    0,00    0,00    0,00    0,00    0,00  100,00
21:00:41      12    0,00    0,00    0,00    0,00    0,00    0,00    0,00    0,00    0,00  100,00
21:00:41      13    0,00    0,00    0,00    0,00    0,00    0,00    0,00    0,00    0,00  100,00
21:00:41      14    0,00    0,00    0,00    0,00    0,00  100,00    0,00    0,00    0,00    0,00
21:00:41      15    0,00    0,00    0,00    0,00    0,00    0,00    0,00    0,00    0,00  100,00
21:00:41      16    0,00    0,00    0,00    0,00    0,00  100,00    0,00    0,00    0,00    0,00
21:00:41      17    0,00    0,00    0,00    0,00    0,00    0,00    0,00    0,00    0,00  100,00
21:00:41      18    0,00    0,00    0,00    0,00    0,00    0,00    0,00    0,00    0,00  100,00
21:00:41      19    0,00    0,00    0,00    0,00    0,00    0,00    0,00    0,00    0,00  100,00
21:00:41      20    0,00    0,00    0,00    0,00    0,00    0,00    0,00    0,00    0,00  100,00
21:00:41      21    0,00    0,00    0,00    0,00    0,00  100,00    0,00    0,00    0,00    0,00
21:00:41      22    0,00    0,00    0,00    0,00    0,00    0,00    0,00    0,00    0,00  100,00
21:00:41      23    0,00    0,00    0,00    0,00    0,00    0,00    0,00    0,00    0,00  100,00

21:00:41     CPU    %usr   %nice    %sys %iowait    %irq   %soft  %steal  %guest  %gnice   %idle
21:00:42     all    0,08    0,00    0,00    0,04    0,00   20,82    0,00    0,00    0,00   79,06
21:00:42       0    0,00    0,00    0,00    0,00    0,00    1,96    0,00    0,00    0,00   98,04
21:00:42       1    1,01    0,00    0,00    0,00    0,00   98,99    0,00    0,00    0,00    0,00
21:00:42       2    0,00    0,00    0,00    0,00    0,00    0,00    0,00    0,00    0,00  100,00
21:00:42       3    0,00    0,00    0,00    0,00    0,00  100,00    0,00    0,00    0,00    0,00
21:00:42       4    0,00    0,00    0,00    0,00    0,00    0,00    0,00    0,00    0,00  100,00
21:00:42       5    0,00    0,00    0,00    0,00    0,00    0,00    0,00    0,00    0,00  100,00
21:00:42       6    0,00    0,00    0,00    0,00    0,00    0,00    0,00    0,00    0,00  100,00
21:00:42       7    0,00    0,00    0,00    0,00    0,00    0,00    0,00    0,00    0,00  100,00
21:00:42       8    0,00    0,00    0,00    1,00    0,00    0,00    0,00    0,00    0,00   99,00
21:00:42       9    0,00    0,00    0,00    0,00    0,00    0,00    0,00    0,00    0,00  100,00
21:00:42      10    0,99    0,00    0,00    0,00    0,00    0,00    0,00    0,00    0,00   99,01
21:00:42      11    0,00    0,00    0,00    0,00    0,00    0,00    0,00    0,00    0,00  100,00
21:00:42      12    0,00    0,00    0,00    0,00    0,00    0,00    0,00    0,00    0,00  100,00
21:00:42      13    0,00    0,00    0,00    0,00    0,00    0,00    0,00    0,00    0,00  100,00
21:00:42      14    0,00    0,00    0,00    0,00    0,00  100,00    0,00    0,00    0,00    0,00
21:00:42      15    0,00    0,00    0,00    0,00    0,00    0,00    0,00    0,00    0,00  100,00
21:00:42      16    0,00    0,00    0,00    0,00    0,00  100,00    0,00    0,00    0,00    0,00
21:00:42      17    0,00    0,00    0,00    0,00    0,00    0,00    0,00    0,00    0,00  100,00
21:00:42      18    0,00    0,00    0,00    0,00    0,00    0,00    0,00    0,00    0,00  100,00
21:00:42      19    0,00    0,00    0,00    0,00    0,00    0,00    0,00    0,00    0,00  100,00
21:00:42      20    0,00    0,00    0,00    0,00    0,00    0,00    0,00    0,00    0,00  100,00
21:00:42      21    0,00    0,00    0,00    0,00    0,00  100,00    0,00    0,00    0,00    0,00
21:00:42      22    0,00    0,00    0,00    0,00    0,00    0,00    0,00    0,00    0,00  100,00
21:00:42      23    0,00    0,00    0,00    0,00    0,00    0,00    0,00    0,00    0,00  100,00

21:00:42     CPU    %usr   %nice    %sys %iowait    %irq   %soft  %steal  %guest  %gnice   %idle
21:00:43     all    0,04    0,00    0,04    0,04    0,00   20,89    0,00    0,00    0,00   78,98
21:00:43       0    0,00    0,00    0,00    0,00    0,00    1,00    0,00    0,00    0,00   99,00
21:00:43       1    0,00    0,00    0,00    0,00    0,00  100,00    0,00    0,00    0,00    0,00
21:00:43       2    0,00    0,00    0,00    0,00    0,00    0,00    0,00    0,00    0,00  100,00
21:00:43       3    0,00    0,00    0,00    0,00    0,00  100,00    0,00    0,00    0,00    0,00
21:00:43       4    0,00    0,00    1,00    0,00    0,00    0,00    0,00    0,00    0,00   99,00
21:00:43       5    0,00    0,00    0,00    0,00    0,00    0,00    0,00    0,00    0,00  100,00
21:00:43       6    0,00    0,00    0,00    0,00    0,00    0,00    0,00    0,00    0,00  100,00
21:00:43       7    0,00    0,00    0,00    0,00    0,00    0,00    0,00    0,00    0,00  100,00
21:00:43       8    1,00    0,00    0,00    0,00    0,00    0,00    0,00    0,00    0,00   99,00
21:00:43       9    0,00    0,00    0,00    0,00    0,00    0,00    0,00    0,00    0,00  100,00
21:00:43      10    0,00    0,00    0,00    0,00    0,00    0,00    0,00    0,00    0,00  100,00
21:00:43      11    0,00    0,00    0,00    0,00    0,00    0,00    0,00    0,00    0,00  100,00
21:00:43      12    0,00    0,00    0,00    0,00    0,00    0,00    0,00    0,00    0,00  100,00
21:00:43      13    0,00    0,00    0,00    0,00    0,00    0,00    0,00    0,00    0,00  100,00
21:00:43      14    0,00    0,00    0,00    0,00    0,00  100,00    0,00    0,00    0,00    0,00
21:00:43      15    0,00    0,00    0,00    0,00    0,00    0,00    0,00    0,00    0,00  100,00
21:00:43      16    0,00    0,00    0,00    0,00    0,00  100,00    0,00    0,00    0,00    0,00
21:00:43      17    0,00    0,00    0,00    0,00    0,00    0,00    0,00    0,00    0,00  100,00
21:00:43      18    0,00    0,00    0,00    0,00    0,00    0,00    0,00    0,00    0,00  100,00
21:00:43      19    0,00    0,00    0,00    0,00    0,00    0,00    0,00    0,00    0,00  100,00
21:00:43      20    0,00    0,00    0,00    1,01    0,00    0,00    0,00    0,00    0,00   98,99
21:00:43      21    0,00    0,00    0,00    0,00    0,00  100,00    0,00    0,00    0,00    0,00
21:00:43      22    0,00    0,00    0,00    0,00    0,00    0,00    0,00    0,00    0,00  100,00
21:00:43      23    0,00    0,00    0,00    0,00    0,00    0,00    0,00    0,00    0,00  100,00

21:00:43     CPU    %usr   %nice    %sys %iowait    %irq   %soft  %steal  %guest  %gnice   %idle
21:00:44     all    0,08    0,00    0,04    0,00    0,00   20,81    0,00    0,00    0,00   79,07
21:00:44       0    0,00    0,00    0,00    0,00    0,00    0,99    0,00    0,00    0,00   99,01
21:00:44       1    0,99    0,00    0,99    0,00    0,00   98,02    0,00    0,00    0,00    0,00
21:00:44       2    0,00    0,00    0,00    0,00    0,00    0,00    0,00    0,00    0,00  100,00
21:00:44       3    0,00    0,00    0,00    0,00    0,00  100,00    0,00    0,00    0,00    0,00
21:00:44       4    0,00    0,00    0,00    0,00    0,00    0,00    0,00    0,00    0,00  100,00
21:00:44       5    0,00    0,00    0,00    0,00    0,00    0,00    0,00    0,00    0,00  100,00
21:00:44       6    0,00    0,00    0,00    0,00    0,00    0,00    0,00    0,00    0,00  100,00
21:00:44       7    0,00    0,00    0,00    0,00    0,00    0,00    0,00    0,00    0,00  100,00
21:00:44       8    0,00    0,00    0,00    0,00    0,00    0,00    0,00    0,00    0,00  100,00
21:00:44       9    0,00    0,00    0,00    0,00    0,00    0,00    0,00    0,00    0,00  100,00
21:00:44      10    0,00    0,00    0,00    0,00    0,00    0,00    0,00    0,00    0,00  100,00
21:00:44      11    0,00    0,00    0,00    0,00    0,00    0,00    0,00    0,00    0,00  100,00
21:00:44      12    0,99    0,00    0,00    0,00    0,00    0,00    0,00    0,00    0,00   99,01
21:00:44      13    0,00    0,00    0,00    0,00    0,00    0,00    0,00    0,00    0,00  100,00
21:00:44      14    0,00    0,00    0,00    0,00    0,00  100,00    0,00    0,00    0,00    0,00
21:00:44      15    0,00    0,00    0,00    0,00    0,00    0,00    0,00    0,00    0,00  100,00
21:00:44      16    0,00    0,00    0,00    0,00    0,00  100,00    0,00    0,00    0,00    0,00
21:00:44      17    0,00    0,00    0,00    0,00    0,00    0,00    0,00    0,00    0,00  100,00
21:00:44      18    0,00    0,00    0,00    0,00    0,00    0,00    0,00    0,00    0,00  100,00
21:00:44      19    0,00    0,00    0,00    0,00    0,00    0,00    0,00    0,00    0,00  100,00
21:00:44      20    0,00    0,00    0,00    0,00    0,00    0,00    0,00    0,00    0,00  100,00
21:00:44      21    0,00    0,00    0,00    0,00    0,00  100,00    0,00    0,00    0,00    0,00
21:00:44      22    0,00    0,00    0,00    0,00    0,00    0,00    0,00    0,00    0,00  100,00
21:00:44      23    0,00    0,00    0,00    0,00    0,00    0,00    0,00    0,00    0,00  100,00

21:00:44     CPU    %usr   %nice    %sys %iowait    %irq   %soft  %steal  %guest  %gnice   %idle
21:00:45     all    0,38    0,00    0,33    0,00    0,00   20,79    0,00    0,00    0,00   78,50
21:00:45       0    0,00    0,00    0,00    0,00    0,00    0,99    0,00    0,00    0,00   99,01
21:00:45       1    1,01    0,00    0,00    0,00    0,00   98,99    0,00    0,00    0,00    0,00
21:00:45       2    0,00    0,00    0,00    0,00    0,00    0,00    0,00    0,00    0,00  100,00
21:00:45       3    0,00    0,00    0,00    0,00    0,00  100,00    0,00    0,00    0,00    0,00
21:00:45       4    0,00    0,00    0,00    0,00    0,00    0,00    0,00    0,00    0,00  100,00
21:00:45       5    0,00    0,00    0,00    0,00    0,00    0,00    0,00    0,00    0,00  100,00
21:00:45       6    0,00    0,00    0,00    0,00    0,00    0,00    0,00    0,00    0,00  100,00
21:00:45       7    0,00    0,00    0,00    0,00    0,00    0,00    0,00    0,00    0,00  100,00
21:00:45       8    0,00    0,00    0,00    0,00    0,00    0,00    0,00    0,00    0,00  100,00
21:00:45       9    0,00    0,00    0,00    0,00    0,00    0,00    0,00    0,00    0,00  100,00
21:00:45      10    8,00    0,00    7,00    0,00    0,00    0,00    0,00    0,00    0,00   85,00
21:00:45      11    0,00    0,00    0,00    0,00    0,00    0,00    0,00    0,00    0,00  100,00
21:00:45      12    0,00    0,00    0,00    0,00    0,00    0,00    0,00    0,00    0,00  100,00
21:00:45      13    0,00    0,00    0,00    0,00    0,00    0,00    0,00    0,00    0,00  100,00
21:00:45      14    0,00    0,00    0,00    0,00    0,00  100,00    0,00    0,00    0,00    0,00
21:00:45      15    0,00    0,00    0,00    0,00    0,00    0,00    0,00    0,00    0,00  100,00
21:00:45      16    0,00    0,00    0,00    0,00    0,00  100,00    0,00    0,00    0,00    0,00
21:00:45      17    0,00    0,00    0,00    0,00    0,00    0,00    0,00    0,00    0,00  100,00
21:00:45      18    0,00    0,00    0,00    0,00    0,00    0,00    0,00    0,00    0,00  100,00
21:00:45      19    0,00    0,00    0,00    0,00    0,00    0,00    0,00    0,00    0,00  100,00
21:00:45      20    0,00    0,00    0,99    0,00    0,00    0,00    0,00    0,00    0,00   99,01
21:00:45      21    0,00    0,00    0,00    0,00    0,00  100,00    0,00    0,00    0,00    0,00
21:00:45      22    0,00    0,00    0,00    0,00    0,00    0,00    0,00    0,00    0,00  100,00
21:00:45      23    0,00    0,00    0,00    0,00    0,00    0,00    0,00    0,00    0,00  100,00

21:00:45     CPU    %usr   %nice    %sys %iowait    %irq   %soft  %steal  %guest  %gnice   %idle
21:00:46     all    0,21    0,00    0,29    0,00    0,00   20,80    0,00    0,00    0,00   78,70
21:00:46       0    0,00    0,00    0,00    0,00    0,00    0,00    0,00    0,00    0,00  100,00
21:00:46       1    0,99    0,00    0,99    0,00    0,00   98,02    0,00    0,00    0,00    0,00
21:00:46       2    0,00    0,00    0,00    0,00    0,00    0,00    0,00    0,00    0,00  100,00
21:00:46       3    0,00    0,00    0,00    0,00    0,00  100,00    0,00    0,00    0,00    0,00
21:00:46       4    0,99    0,00    0,00    0,00    0,00    0,00    0,00    0,00    0,00   99,01
21:00:46       5    0,00    0,00    0,00    0,00    0,00    0,00    0,00    0,00    0,00  100,00
21:00:46       6    1,00    0,00    0,00    0,00    0,00    0,00    0,00    0,00    0,00   99,00
21:00:46       7    0,00    0,00    0,00    0,00    0,00    0,00    0,00    0,00    0,00  100,00
21:00:46       8    0,00    0,00    0,00    0,00    0,00    0,00    0,00    0,00    0,00  100,00
21:00:46       9    0,00    0,00    0,00    0,00    0,00    0,00    0,00    0,00    0,00  100,00
21:00:46      10    0,00    0,00    0,00    0,00    0,00    0,00    0,00    0,00    0,00  100,00
21:00:46      11    0,00    0,00    0,99    0,00    0,00    0,00    0,00    0,00    0,00   99,01
21:00:46      12    0,00    0,00    0,00    0,00    0,00    0,00    0,00    0,00    0,00  100,00
21:00:46      13    0,00    0,00    0,00    0,00    0,00    0,00    0,00    0,00    0,00  100,00
21:00:46      14    0,00    0,00    0,00    0,00    0,00  100,00    0,00    0,00    0,00    0,00
21:00:46      15    0,00    0,00    0,00    0,00    0,00    0,00    0,00    0,00    0,00  100,00
21:00:46      16    0,00    0,00    0,00    0,00    0,00  100,00    0,00    0,00    0,00    0,00
21:00:46      17    0,00    0,00    0,00    0,00    0,00    0,00    0,00    0,00    0,00  100,00
21:00:46      18    0,99    0,00    0,99    0,00    0,00    0,00    0,00    0,00    0,00   98,02
21:00:46      19    0,00    0,00    1,00    0,00    0,00    0,00    0,00    0,00    0,00   99,00
21:00:46      20    1,00    0,00    1,00    0,00    0,00    0,00    0,00    0,00    0,00   98,00
21:00:46      21    0,00    0,00    0,00    0,00    0,00  100,00    0,00    0,00    0,00    0,00
21:00:46      22    0,00    0,00    1,00    0,00    0,00    0,00    0,00    0,00    0,00   99,00
21:00:46      23    0,00    0,00    1,00    0,00    0,00    0,00    0,00    0,00    0,00   99,00

21:00:46     CPU    %usr   %nice    %sys %iowait    %irq   %soft  %steal  %guest  %gnice   %idle
21:00:47     all    0,17    0,00    0,08    0,17    0,00   20,80    0,00    0,00    0,00   78,78
21:00:47       0    0,00    0,00    0,00    0,00    0,00    1,00    0,00    0,00    0,00   99,00
21:00:47       1    2,00    0,00    0,00    0,00    0,00   98,00    0,00    0,00    0,00    0,00
21:00:47       2    0,00    0,00    0,00    0,00    0,00    0,00    0,00    0,00    0,00  100,00
21:00:47       3    0,00    0,00    0,00    0,00    0,00  100,00    0,00    0,00    0,00    0,00
21:00:47       4    0,00    0,00    0,00    0,00    0,00    0,00    0,00    0,00    0,00  100,00
21:00:47       5    0,00    0,00    0,00    0,00    0,00    0,00    0,00    0,00    0,00  100,00
21:00:47       6    0,00    0,00    0,00    0,00    0,00    0,00    0,00    0,00    0,00  100,00
21:00:47       7    0,00    0,00    0,00    0,00    0,00    0,00    0,00    0,00    0,00  100,00
21:00:47       8    0,00    0,00    0,00    2,00    0,00    0,00    0,00    0,00    0,00   98,00
21:00:47       9    0,00    0,00    0,00    0,00    0,00    0,00    0,00    0,00    0,00  100,00
21:00:47      10    0,00    0,00    0,00    0,00    0,00    0,00    0,00    0,00    0,00  100,00
21:00:47      11    0,00    0,00    0,00    0,00    0,00    0,00    0,00    0,00    0,00  100,00
21:00:47      12    0,00    0,00    0,00    0,00    0,00    0,00    0,00    0,00    0,00  100,00
21:00:47      13    0,00    0,00    0,00    0,00    0,00    0,00    0,00    0,00    0,00  100,00
21:00:47      14    0,00    0,00    0,00    0,00    0,00  100,00    0,00    0,00    0,00    0,00
21:00:47      15    0,00    0,00    0,00    0,00    0,00    0,00    0,00    0,00    0,00  100,00
21:00:47      16    0,00    0,00    0,00    0,00    0,00  100,00    0,00    0,00    0,00    0,00
21:00:47      17    0,00    0,00    1,00    0,00    0,00    0,00    0,00    0,00    0,00   99,00
21:00:47      18    0,00    0,00    1,00    0,00    0,00    0,00    0,00    0,00    0,00   99,00
21:00:47      19    0,99    0,00    0,00    0,99    0,00    0,00    0,00    0,00    0,00   98,02
21:00:47      20    0,00    0,00    0,00    1,00    0,00    0,00    0,00    0,00    0,00   99,00
21:00:47      21    0,00    0,00    0,00    0,00    0,00  100,00    0,00    0,00    0,00    0,00
21:00:47      22    1,00    0,00    0,00    0,00    0,00    0,00    0,00    0,00    0,00   99,00
21:00:47      23    0,00    0,00    0,00    0,00    0,00    0,00    0,00    0,00    0,00  100,00

21:00:47     CPU    %usr   %nice    %sys %iowait    %irq   %soft  %steal  %guest  %gnice   %idle
21:00:48     all    1,67    0,00    0,96    0,04    0,00   20,85    0,00    0,00    0,00   76,48
21:00:48       0    0,00    0,00    0,98    0,00    0,00    0,98    0,00    0,00    0,00   98,04
21:00:48       1    0,00    0,00    0,00    0,00    0,00  100,00    0,00    0,00    0,00    0,00
21:00:48       2    0,00    0,00    0,00    0,00    0,00    0,00    0,00    0,00    0,00  100,00
21:00:48       3    0,00    0,00    0,00    0,00    0,00  100,00    0,00    0,00    0,00    0,00
21:00:48       4    1,02    0,00    1,02    0,00    0,00    0,00    0,00    0,00    0,00   97,96
21:00:48       5    0,00    0,00    0,00    0,00    0,00    0,00    0,00    0,00    0,00  100,00
21:00:48       6    1,00    0,00    1,00    0,00    0,00    0,00    0,00    0,00    0,00   98,00
21:00:48       7    0,00    0,00    0,00    0,00    0,00    0,00    0,00    0,00    0,00  100,00
21:00:48       8    0,00    0,00    1,00    0,00    0,00    0,00    0,00    0,00    0,00   99,00
21:00:48       9    0,00    0,00    0,00    0,00    0,00    0,00    0,00    0,00    0,00  100,00
21:00:48      10    0,99    0,00    0,99    0,00    0,00    0,00    0,00    0,00    0,00   98,02
21:00:48      11    1,01    0,00    0,00    0,00    0,00    0,00    0,00    0,00    0,00   98,99
21:00:48      12    0,00    0,00    1,00    0,00    0,00    0,00    0,00    0,00    0,00   99,00
21:00:48      13    0,00    0,00    0,00    0,00    0,00    0,00    0,00    0,00    0,00  100,00
21:00:48      14    0,00    0,00    0,00    0,00    0,00  100,00    0,00    0,00    0,00    0,00
21:00:48      15    0,00    0,00    0,00    0,00    0,00    0,00    0,00    0,00    0,00  100,00
21:00:48      16    0,00    0,00    0,00    0,00    0,00  100,00    0,00    0,00    0,00    0,00
21:00:48      17    5,00    0,00    3,00    0,00    0,00    0,00    0,00    0,00    0,00   92,00
21:00:48      18    4,00    0,00    3,00    0,00    0,00    0,00    0,00    0,00    0,00   93,00
21:00:48      19   21,21    0,00    3,03    1,01    0,00    0,00    0,00    0,00    0,00   74,75
21:00:48      20    2,97    0,00    2,97    0,00    0,00    0,00    0,00    0,00    0,00   94,06
21:00:48      21    0,00    0,00    0,00    0,00    0,00  100,00    0,00    0,00    0,00    0,00
21:00:48      22    2,00    0,00    3,00    0,00    0,00    0,00    0,00    0,00    0,00   95,00
21:00:48      23    0,99    0,00    1,98    0,00    0,00    0,00    0,00    0,00    0,00   97,03
