Linux 6.8.0-110-generic (testbed-node1) 	31/05/26 	_x86_64_	(24 CPU)

11:00:30     CPU    %usr   %nice    %sys %iowait    %irq   %soft  %steal  %guest  %gnice   %idle
11:00:31     all   54,19    0,00    0,08    0,00    0,00    0,00    0,00    0,00    0,00   45,73
11:00:31       0  100,00    0,00    0,00    0,00    0,00    0,00    0,00    0,00    0,00    0,00
11:00:31       1  100,00    0,00    0,00    0,00    0,00    0,00    0,00    0,00    0,00    0,00
11:00:31       2  100,00    0,00    0,00    0,00    0,00    0,00    0,00    0,00    0,00    0,00
11:00:31       3  100,00    0,00    0,00    0,00    0,00    0,00    0,00    0,00    0,00    0,00
11:00:31       4  100,00    0,00    0,00    0,00    0,00    0,00    0,00    0,00    0,00    0,00
11:00:31       5  100,00    0,00    0,00    0,00    0,00    0,00    0,00    0,00    0,00    0,00
11:00:31       6  100,00    0,00    0,00    0,00    0,00    0,00    0,00    0,00    0,00    0,00
11:00:31       7  100,00    0,00    0,00    0,00    0,00    0,00    0,00    0,00    0,00    0,00
11:00:31       8  100,00    0,00    0,00    0,00    0,00    0,00    0,00    0,00    0,00    0,00
11:00:31       9  100,00    0,00    0,00    0,00    0,00    0,00    0,00    0,00    0,00    0,00
11:00:31      10  100,00    0,00    0,00    0,00    0,00    0,00    0,00    0,00    0,00    0,00
11:00:31      11  100,00    0,00    0,00    0,00    0,00    0,00    0,00    0,00    0,00    0,00
11:00:31      12  100,00    0,00    0,00    0,00    0,00    0,00    0,00    0,00    0,00    0,00
11:00:31      13    0,00    0,00    0,00    0,00    0,00    0,00    0,00    0,00    0,00  100,00
11:00:31      14    0,00    0,00    0,00    0,00    0,00    0,00    0,00    0,00    0,00  100,00
11:00:31      15    0,00    0,00    0,00    0,00    0,00    0,00    0,00    0,00    0,00  100,00
11:00:31      16    0,00    0,00    0,00    0,00    0,00    0,00    0,00    0,00    0,00  100,00
11:00:31      17    0,00    0,00    0,00    0,00    0,00    0,00    0,00    0,00    0,00  100,00
11:00:31      18    0,00    0,00    0,00    0,00    0,00    0,00    0,00    0,00    0,00  100,00
11:00:31      19    0,00    0,00    0,00    0,00    0,00    0,00    0,00    0,00    0,00  100,00
11:00:31      20    0,00    0,00    0,00    0,00    0,00    0,00    0,00    0,00    0,00  100,00
11:00:31      21    0,00    0,00    0,99    0,00    0,00    0,00    0,00    0,00    0,00   99,01
11:00:31      22    0,00    0,00    1,00    0,00    0,00    0,00    0,00    0,00    0,00   99,00
11:00:31      23    0,00    0,00    0,00    0,00    0,00    0,00    0,00    0,00    0,00  100,00

11:00:31     CPU    %usr   %nice    %sys %iowait    %irq   %soft  %steal  %guest  %gnice   %idle
11:00:32     all   54,19    0,00    0,00    0,00    0,00    0,00    0,00    0,00    0,00   45,81
11:00:32       0  100,00    0,00    0,00    0,00    0,00    0,00    0,00    0,00    0,00    0,00
11:00:32       1  100,00    0,00    0,00    0,00    0,00    0,00    0,00    0,00    0,00    0,00
11:00:32       2  100,00    0,00    0,00    0,00    0,00    0,00    0,00    0,00    0,00    0,00
11:00:32       3  100,00    0,00    0,00    0,00    0,00    0,00    0,00    0,00    0,00    0,00
11:00:32       4  100,00    0,00    0,00    0,00    0,00    0,00    0,00    0,00    0,00    0,00
11:00:32       5  100,00    0,00    0,00    0,00    0,00    0,00    0,00    0,00    0,00    0,00
11:00:32       6  100,00    0,00    0,00    0,00    0,00    0,00    0,00    0,00    0,00    0,00
11:00:32       7  100,00    0,00    0,00    0,00    0,00    0,00    0,00    0,00    0,00    0,00
11:00:32       8  100,00    0,00    0,00    0,00    0,00    0,00    0,00    0,00    0,00    0,00
11:00:32       9  100,00    0,00    0,00    0,00    0,00    0,00    0,00    0,00    0,00    0,00
11:00:32      10  100,00    0,00    0,00    0,00    0,00    0,00    0,00    0,00    0,00    0,00
11:00:32      11  100,00    0,00    0,00    0,00    0,00    0,00    0,00    0,00    0,00    0,00
11:00:32      12  100,00    0,00    0,00    0,00    0,00    0,00    0,00    0,00    0,00    0,00
11:00:32      13    0,00    0,00    0,00    0,00    0,00    0,00    0,00    0,00    0,00  100,00
11:00:32      14    0,00    0,00    0,00    0,00    0,00    0,00    0,00    0,00    0,00  100,00
11:00:32      15    0,00    0,00    0,00    0,00    0,00    0,00    0,00    0,00    0,00  100,00
11:00:32      16    0,99    0,00    0,00    0,00    0,00    0,00    0,00    0,00    0,00   99,01
11:00:32      17    0,00    0,00    0,00    0,00    0,00    0,00    0,00    0,00    0,00  100,00
11:00:32      18    0,00    0,00    0,00    0,00    0,00    0,00    0,00    0,00    0,00  100,00
11:00:32      19    0,00    0,00    0,00    0,00    0,00    0,00    0,00    0,00    0,00  100,00
11:00:32      20    0,00    0,00    0,00    0,00    0,00    0,00    0,00    0,00    0,00  100,00
11:00:32      21    0,00    0,00    0,00    0,00    0,00    0,00    0,00    0,00    0,00  100,00
11:00:32      22    0,00    0,00    0,00    0,00    0,00    0,00    0,00    0,00    0,00  100,00
11:00:32      23    0,00    0,00    0,00    0,00    0,00    0,00    0,00    0,00    0,00  100,00

11:00:32     CPU    %usr   %nice    %sys %iowait    %irq   %soft  %steal  %guest  %gnice   %idle
11:00:33     all   54,56    0,00    0,13    0,08    0,00    0,00    0,00    0,00    0,00   45,23
11:00:33       0  100,00    0,00    0,00    0,00    0,00    0,00    0,00    0,00    0,00    0,00
11:00:33       1  100,00    0,00    0,00    0,00    0,00    0,00    0,00    0,00    0,00    0,00
11:00:33       2  100,00    0,00    0,00    0,00    0,00    0,00    0,00    0,00    0,00    0,00
11:00:33       3  100,00    0,00    0,00    0,00    0,00    0,00    0,00    0,00    0,00    0,00
11:00:33       4  100,00    0,00    0,00    0,00    0,00    0,00    0,00    0,00    0,00    0,00
11:00:33       5  100,00    0,00    0,00    0,00    0,00    0,00    0,00    0,00    0,00    0,00
11:00:33       6  100,00    0,00    0,00    0,00    0,00    0,00    0,00    0,00    0,00    0,00
11:00:33       7  100,00    0,00    0,00    0,00    0,00    0,00    0,00    0,00    0,00    0,00
11:00:33       8  100,00    0,00    0,00    0,00    0,00    0,00    0,00    0,00    0,00    0,00
11:00:33       9  100,00    0,00    0,00    0,00    0,00    0,00    0,00    0,00    0,00    0,00
11:00:33      10  100,00    0,00    0,00    0,00    0,00    0,00    0,00    0,00    0,00    0,00
11:00:33      11  100,00    0,00    0,00    0,00    0,00    0,00    0,00    0,00    0,00    0,00
11:00:33      12  100,00    0,00    0,00    0,00    0,00    0,00    0,00    0,00    0,00    0,00
11:00:33      13    0,00    0,00    0,00    0,00    0,00    0,00    0,00    0,00    0,00  100,00
11:00:33      14    3,96    0,00    0,00    0,00    0,00    0,00    0,00    0,00    0,00   96,04
11:00:33      15    0,00    0,00    0,00    0,00    0,00    0,00    0,00    0,00    0,00  100,00
11:00:33      16    0,00    0,00    0,00    0,00    0,00    0,00    0,00    0,00    0,00  100,00
11:00:33      17    0,00    0,00    0,00    0,00    0,00    0,00    0,00    0,00    0,00  100,00
11:00:33      18    4,00    0,00    1,00    0,00    0,00    0,00    0,00    0,00    0,00   95,00
11:00:33      19    0,00    0,00    0,99    0,00    0,00    0,00    0,00    0,00    0,00   99,01
11:00:33      20    0,00    0,00    1,01    1,01    0,00    0,00    0,00    0,00    0,00   97,98
11:00:33      21    0,00    0,00    0,00    0,00    0,00    0,00    0,00    0,00    0,00  100,00
11:00:33      22    1,00    0,00    0,00    1,00    0,00    0,00    0,00    0,00    0,00   98,00
11:00:33      23    0,00    0,00    0,00    0,00    0,00    0,00    0,00    0,00    0,00  100,00

11:00:33     CPU    %usr   %nice    %sys %iowait    %irq   %soft  %steal  %guest  %gnice   %idle
11:00:34     all   54,19    0,00    0,00    0,00    0,00    0,00    0,00    0,00    0,00   45,81
11:00:34       0  100,00    0,00    0,00    0,00    0,00    0,00    0,00    0,00    0,00    0,00
11:00:34       1  100,00    0,00    0,00    0,00    0,00    0,00    0,00    0,00    0,00    0,00
11:00:34       2  100,00    0,00    0,00    0,00    0,00    0,00    0,00    0,00    0,00    0,00
11:00:34       3  100,00    0,00    0,00    0,00    0,00    0,00    0,00    0,00    0,00    0,00
11:00:34       4  100,00    0,00    0,00    0,00    0,00    0,00    0,00    0,00    0,00    0,00
11:00:34       5  100,00    0,00    0,00    0,00    0,00    0,00    0,00    0,00    0,00    0,00
11:00:34       6  100,00    0,00    0,00    0,00    0,00    0,00    0,00    0,00    0,00    0,00
11:00:34       7  100,00    0,00    0,00    0,00    0,00    0,00    0,00    0,00    0,00    0,00
11:00:34       8  100,00    0,00    0,00    0,00    0,00    0,00    0,00    0,00    0,00    0,00
11:00:34       9  100,00    0,00    0,00    0,00    0,00    0,00    0,00    0,00    0,00    0,00
11:00:34      10  100,00    0,00    0,00    0,00    0,00    0,00    0,00    0,00    0,00    0,00
11:00:34      11  100,00    0,00    0,00    0,00    0,00    0,00    0,00    0,00    0,00    0,00
11:00:34      12  100,00    0,00    0,00    0,00    0,00    0,00    0,00    0,00    0,00    0,00
11:00:34      13    0,00    0,00    0,00    0,00    0,00    0,00    0,00    0,00    0,00  100,00
11:00:34      14    0,00    0,00    0,00    0,00    0,00    0,00    0,00    0,00    0,00  100,00
11:00:34      15    0,00    0,00    0,00    0,00    0,00    0,00    0,00    0,00    0,00  100,00
11:00:34      16    0,00    0,00    0,00    0,00    0,00    0,00    0,00    0,00    0,00  100,00
11:00:34      17    0,00    0,00    0,00    0,00    0,00    0,00    0,00    0,00    0,00  100,00
11:00:34      18    0,00    0,00    0,00    0,00    0,00    0,00    0,00    0,00    0,00  100,00
11:00:34      19    0,00    0,00    0,00    0,00    0,00    0,00    0,00    0,00    0,00  100,00
11:00:34      20    0,00    0,00    0,00    0,00    0,00    0,00    0,00    0,00    0,00  100,00
11:00:34      21    0,00    0,00    0,00    0,00    0,00    0,00    0,00    0,00    0,00  100,00
11:00:34      22    0,00    0,00    0,00    0,00    0,00    0,00    0,00    0,00    0,00  100,00
11:00:34      23    0,00    0,00    0,00    0,00    0,00    0,00    0,00    0,00    0,00  100,00

11:00:34     CPU    %usr   %nice    %sys %iowait    %irq   %soft  %steal  %guest  %gnice   %idle
11:00:35     all   54,19    0,00    0,00    0,00    0,00    0,00    0,00    0,00    0,00   45,81
11:00:35       0  100,00    0,00    0,00    0,00    0,00    0,00    0,00    0,00    0,00    0,00
11:00:35       1  100,00    0,00    0,00    0,00    0,00    0,00    0,00    0,00    0,00    0,00
11:00:35       2  100,00    0,00    0,00    0,00    0,00    0,00    0,00    0,00    0,00    0,00
11:00:35       3  100,00    0,00    0,00    0,00    0,00    0,00    0,00    0,00    0,00    0,00
11:00:35       4  100,00    0,00    0,00    0,00    0,00    0,00    0,00    0,00    0,00    0,00
11:00:35       5  100,00    0,00    0,00    0,00    0,00    0,00    0,00    0,00    0,00    0,00
11:00:35       6  100,00    0,00    0,00    0,00    0,00    0,00    0,00    0,00    0,00    0,00
11:00:35       7  100,00    0,00    0,00    0,00    0,00    0,00    0,00    0,00    0,00    0,00
11:00:35       8  100,00    0,00    0,00    0,00    0,00    0,00    0,00    0,00    0,00    0,00
11:00:35       9  100,00    0,00    0,00    0,00    0,00    0,00    0,00    0,00    0,00    0,00
11:00:35      10  100,00    0,00    0,00    0,00    0,00    0,00    0,00    0,00    0,00    0,00
11:00:35      11  100,00    0,00    0,00    0,00    0,00    0,00    0,00    0,00    0,00    0,00
11:00:35      12  100,00    0,00    0,00    0,00    0,00    0,00    0,00    0,00    0,00    0,00
11:00:35      13    0,00    0,00    0,00    0,00    0,00    0,00    0,00    0,00    0,00  100,00
11:00:35      14    0,00    0,00    0,00    0,00    0,00    0,00    0,00    0,00    0,00  100,00
11:00:35      15    0,00    0,00    0,00    0,00    0,00    0,00    0,00    0,00    0,00  100,00
11:00:35      16    0,00    0,00    0,00    0,00    0,00    0,00    0,00    0,00    0,00  100,00
11:00:35      17    0,00    0,00    0,00    0,00    0,00    0,00    0,00    0,00    0,00  100,00
11:00:35      18    0,00    0,00    0,00    0,00    0,00    0,00    0,00    0,00    0,00  100,00
11:00:35      19    0,00    0,00    0,00    0,00    0,00    0,00    0,00    0,00    0,00  100,00
11:00:35      20    0,00    0,00    0,00    0,00    0,00    0,00    0,00    0,00    0,00  100,00
11:00:35      21    0,00    0,00    0,00    0,00    0,00    0,00    0,00    0,00    0,00  100,00
11:00:35      22    0,00    0,00    0,00    0,00    0,00    0,00    0,00    0,00    0,00  100,00
11:00:35      23    0,00    0,00    0,00    0,00    0,00    0,00    0,00    0,00    0,00  100,00

11:00:35     CPU    %usr   %nice    %sys %iowait    %irq   %soft  %steal  %guest  %gnice   %idle
11:00:36     all   54,23    0,00    0,00    0,00    0,00    0,00    0,00    0,00    0,00   45,77
11:00:36       0  100,00    0,00    0,00    0,00    0,00    0,00    0,00    0,00    0,00    0,00
11:00:36       1  100,00    0,00    0,00    0,00    0,00    0,00    0,00    0,00    0,00    0,00
11:00:36       2  100,00    0,00    0,00    0,00    0,00    0,00    0,00    0,00    0,00    0,00
11:00:36       3  100,00    0,00    0,00    0,00    0,00    0,00    0,00    0,00    0,00    0,00
11:00:36       4  100,00    0,00    0,00    0,00    0,00    0,00    0,00    0,00    0,00    0,00
11:00:36       5  100,00    0,00    0,00    0,00    0,00    0,00    0,00    0,00    0,00    0,00
11:00:36       6  100,00    0,00    0,00    0,00    0,00    0,00    0,00    0,00    0,00    0,00
11:00:36       7  100,00    0,00    0,00    0,00    0,00    0,00    0,00    0,00    0,00    0,00
11:00:36       8  100,00    0,00    0,00    0,00    0,00    0,00    0,00    0,00    0,00    0,00
11:00:36       9  100,00    0,00    0,00    0,00    0,00    0,00    0,00    0,00    0,00    0,00
11:00:36      10  100,00    0,00    0,00    0,00    0,00    0,00    0,00    0,00    0,00    0,00
11:00:36      11  100,00    0,00    0,00    0,00    0,00    0,00    0,00    0,00    0,00    0,00
11:00:36      12  100,00    0,00    0,00    0,00    0,00    0,00    0,00    0,00    0,00    0,00
11:00:36      13    0,00    0,00    0,00    0,00    0,00    0,00    0,00    0,00    0,00  100,00
11:00:36      14    0,00    0,00    0,00    0,00    0,00    0,00    0,00    0,00    0,00  100,00
11:00:36      15    0,00    0,00    0,00    0,00    0,00    0,00    0,00    0,00    0,00  100,00
11:00:36      16    0,00    0,00    0,00    0,00    0,00    0,00    0,00    0,00    0,00  100,00
11:00:36      17    1,00    0,00    0,00    0,00    0,00    0,00    0,00    0,00    0,00   99,00
11:00:36      18    0,99    0,00    0,00    0,00    0,00    0,00    0,00    0,00    0,00   99,01
11:00:36      19    0,00    0,00    0,00    0,00    0,00    0,00    0,00    0,00    0,00  100,00
11:00:36      20    0,00    0,00    0,00    0,00    0,00    0,00    0,00    0,00    0,00  100,00
11:00:36      21    0,00    0,00    0,00    0,00    0,00    0,00    0,00    0,00    0,00  100,00
11:00:36      22    0,00    0,00    0,00    0,00    0,00    0,00    0,00    0,00    0,00  100,00
11:00:36      23    0,00    0,00    0,00    0,00    0,00    0,00    0,00    0,00    0,00  100,00

11:00:36     CPU    %usr   %nice    %sys %iowait    %irq   %soft  %steal  %guest  %gnice   %idle
11:00:37     all   54,19    0,00    0,00    0,00    0,00    0,00    0,00    0,00    0,00   45,81
11:00:37       0  100,00    0,00    0,00    0,00    0,00    0,00    0,00    0,00    0,00    0,00
11:00:37       1  100,00    0,00    0,00    0,00    0,00    0,00    0,00    0,00    0,00    0,00
11:00:37       2  100,00    0,00    0,00    0,00    0,00    0,00    0,00    0,00    0,00    0,00
11:00:37       3  100,00    0,00    0,00    0,00    0,00    0,00    0,00    0,00    0,00    0,00
11:00:37       4  100,00    0,00    0,00    0,00    0,00    0,00    0,00    0,00    0,00    0,00
11:00:37       5  100,00    0,00    0,00    0,00    0,00    0,00    0,00    0,00    0,00    0,00
11:00:37       6  100,00    0,00    0,00    0,00    0,00    0,00    0,00    0,00    0,00    0,00
11:00:37       7  100,00    0,00    0,00    0,00    0,00    0,00    0,00    0,00    0,00    0,00
11:00:37       8  100,00    0,00    0,00    0,00    0,00    0,00    0,00    0,00    0,00    0,00
11:00:37       9  100,00    0,00    0,00    0,00    0,00    0,00    0,00    0,00    0,00    0,00
11:00:37      10  100,00    0,00    0,00    0,00    0,00    0,00    0,00    0,00    0,00    0,00
11:00:37      11  100,00    0,00    0,00    0,00    0,00    0,00    0,00    0,00    0,00    0,00
11:00:37      12  100,00    0,00    0,00    0,00    0,00    0,00    0,00    0,00    0,00    0,00
11:00:37      13    0,00    0,00    0,00    0,00    0,00    0,00    0,00    0,00    0,00  100,00
11:00:37      14    0,00    0,00    0,00    0,00    0,00    0,00    0,00    0,00    0,00  100,00
11:00:37      15    0,00    0,00    0,00    0,00    0,00    0,00    0,00    0,00    0,00  100,00
11:00:37      16    0,00    0,00    0,00    0,00    0,00    0,00    0,00    0,00    0,00  100,00
11:00:37      17    0,00    0,00    0,00    0,00    0,00    0,00    0,00    0,00    0,00  100,00
11:00:37      18    0,00    0,00    0,00    0,00    0,00    0,00    0,00    0,00    0,00  100,00
11:00:37      19    0,00    0,00    0,00    0,00    0,00    0,00    0,00    0,00    0,00  100,00
11:00:37      20    0,00    0,00    0,00    0,00    0,00    0,00    0,00    0,00    0,00  100,00
11:00:37      21    0,00    0,00    0,00    0,00    0,00    0,00    0,00    0,00    0,00  100,00
11:00:37      22    0,00    0,00    0,00    0,00    0,00    0,00    0,00    0,00    0,00  100,00
11:00:37      23    0,00    0,00    0,00    0,00    0,00    0,00    0,00    0,00    0,00  100,00

11:00:37     CPU    %usr   %nice    %sys %iowait    %irq   %soft  %steal  %guest  %gnice   %idle
11:00:38     all   54,14    0,00    0,00    0,08    0,00    0,00    0,00    0,00    0,00   45,77
11:00:38       0  100,00    0,00    0,00    0,00    0,00    0,00    0,00    0,00    0,00    0,00
11:00:38       1  100,00    0,00    0,00    0,00    0,00    0,00    0,00    0,00    0,00    0,00
11:00:38       2  100,00    0,00    0,00    0,00    0,00    0,00    0,00    0,00    0,00    0,00
11:00:38       3  100,00    0,00    0,00    0,00    0,00    0,00    0,00    0,00    0,00    0,00
11:00:38       4  100,00    0,00    0,00    0,00    0,00    0,00    0,00    0,00    0,00    0,00
11:00:38       5  100,00    0,00    0,00    0,00    0,00    0,00    0,00    0,00    0,00    0,00
11:00:38       6  100,00    0,00    0,00    0,00    0,00    0,00    0,00    0,00    0,00    0,00
11:00:38       7  100,00    0,00    0,00    0,00    0,00    0,00    0,00    0,00    0,00    0,00
11:00:38       8  100,00    0,00    0,00    0,00    0,00    0,00    0,00    0,00    0,00    0,00
11:00:38       9  100,00    0,00    0,00    0,00    0,00    0,00    0,00    0,00    0,00    0,00
11:00:38      10  100,00    0,00    0,00    0,00    0,00    0,00    0,00    0,00    0,00    0,00
11:00:38      11  100,00    0,00    0,00    0,00    0,00    0,00    0,00    0,00    0,00    0,00
11:00:38      12  100,00    0,00    0,00    0,00    0,00    0,00    0,00    0,00    0,00    0,00
11:00:38      13    0,00    0,00    0,00    0,00    0,00    0,00    0,00    0,00    0,00  100,00
11:00:38      14    0,00    0,00    0,00    0,00    0,00    0,00    0,00    0,00    0,00  100,00
11:00:38      15    0,00    0,00    0,00    0,00    0,00    0,00    0,00    0,00    0,00  100,00
11:00:38      16    0,00    0,00    0,00    0,00    0,00    0,00    0,00    0,00    0,00  100,00
11:00:38      17    0,00    0,00    0,00    0,00    0,00    0,00    0,00    0,00    0,00  100,00
11:00:38      18    0,00    0,00    0,00    0,00    0,00    0,00    0,00    0,00    0,00  100,00
11:00:38      19    0,00    0,00    0,00    0,00    0,00    0,00    0,00    0,00    0,00  100,00
11:00:38      20    0,00    0,00    0,00    1,98    0,00    0,00    0,00    0,00    0,00   98,02
11:00:38      21    0,00    0,00    0,00    0,00    0,00    0,00    0,00    0,00    0,00  100,00
11:00:38      22    0,00    0,00    0,00    0,00    0,00    0,00    0,00    0,00    0,00  100,00
11:00:38      23    0,00    0,00    0,00    0,00    0,00    0,00    0,00    0,00    0,00  100,00

11:00:38     CPU    %usr   %nice    %sys %iowait    %irq   %soft  %steal  %guest  %gnice   %idle
11:00:39     all   54,19    0,00    0,00    0,00    0,00    0,00    0,00    0,00    0,00   45,81
11:00:39       0  100,00    0,00    0,00    0,00    0,00    0,00    0,00    0,00    0,00    0,00
11:00:39       1  100,00    0,00    0,00    0,00    0,00    0,00    0,00    0,00    0,00    0,00
11:00:39       2  100,00    0,00    0,00    0,00    0,00    0,00    0,00    0,00    0,00    0,00
11:00:39       3  100,00    0,00    0,00    0,00    0,00    0,00    0,00    0,00    0,00    0,00
11:00:39       4  100,00    0,00    0,00    0,00    0,00    0,00    0,00    0,00    0,00    0,00
11:00:39       5  100,00    0,00    0,00    0,00    0,00    0,00    0,00    0,00    0,00    0,00
11:00:39       6  100,00    0,00    0,00    0,00    0,00    0,00    0,00    0,00    0,00    0,00
11:00:39       7  100,00    0,00    0,00    0,00    0,00    0,00    0,00    0,00    0,00    0,00
11:00:39       8  100,00    0,00    0,00    0,00    0,00    0,00    0,00    0,00    0,00    0,00
11:00:39       9  100,00    0,00    0,00    0,00    0,00    0,00    0,00    0,00    0,00    0,00
11:00:39      10  100,00    0,00    0,00    0,00    0,00    0,00    0,00    0,00    0,00    0,00
11:00:39      11  100,00    0,00    0,00    0,00    0,00    0,00    0,00    0,00    0,00    0,00
11:00:39      12  100,00    0,00    0,00    0,00    0,00    0,00    0,00    0,00    0,00    0,00
11:00:39      13    0,00    0,00    0,00    0,00    0,00    0,00    0,00    0,00    0,00  100,00
11:00:39      14    0,00    0,00    0,00    0,00    0,00    0,00    0,00    0,00    0,00  100,00
11:00:39      15    0,00    0,00    0,00    0,00    0,00    0,00    0,00    0,00    0,00  100,00
11:00:39      16    0,00    0,00    0,00    0,00    0,00    0,00    0,00    0,00    0,00  100,00
11:00:39      17    0,00    0,00    0,00    0,00    0,00    0,00    0,00    0,00    0,00  100,00
11:00:39      18    0,00    0,00    0,00    0,00    0,00    0,00    0,00    0,00    0,00  100,00
11:00:39      19    0,00    0,00    0,00    0,00    0,00    0,00    0,00    0,00    0,00  100,00
11:00:39      20    0,00    0,00    0,00    0,00    0,00    0,00    0,00    0,00    0,00  100,00
11:00:39      21    0,00    0,00    0,00    0,00    0,00    0,00    0,00    0,00    0,00  100,00
11:00:39      22    0,00    0,00    0,00    0,00    0,00    0,00    0,00    0,00    0,00  100,00
11:00:39      23    0,00    0,00    0,00    0,00    0,00    0,00    0,00    0,00    0,00  100,00

11:00:39     CPU    %usr   %nice    %sys %iowait    %irq   %soft  %steal  %guest  %gnice   %idle
11:00:40     all   55,09    0,00    0,67    0,00    0,00    0,00    0,00    0,00    0,00   44,24
11:00:40       0  100,00    0,00    0,00    0,00    0,00    0,00    0,00    0,00    0,00    0,00
11:00:40       1  100,00    0,00    0,00    0,00    0,00    0,00    0,00    0,00    0,00    0,00
11:00:40       2  100,00    0,00    0,00    0,00    0,00    0,00    0,00    0,00    0,00    0,00
11:00:40       3  100,00    0,00    0,00    0,00    0,00    0,00    0,00    0,00    0,00    0,00
11:00:40       4  100,00    0,00    0,00    0,00    0,00    0,00    0,00    0,00    0,00    0,00
11:00:40       5  100,00    0,00    0,00    0,00    0,00    0,00    0,00    0,00    0,00    0,00
11:00:40       6  100,00    0,00    0,00    0,00    0,00    0,00    0,00    0,00    0,00    0,00
11:00:40       7  100,00    0,00    0,00    0,00    0,00    0,00    0,00    0,00    0,00    0,00
11:00:40       8  100,00    0,00    0,00    0,00    0,00    0,00    0,00    0,00    0,00    0,00
11:00:40       9  100,00    0,00    0,00    0,00    0,00    0,00    0,00    0,00    0,00    0,00
11:00:40      10  100,00    0,00    0,00    0,00    0,00    0,00    0,00    0,00    0,00    0,00
11:00:40      11  100,00    0,00    0,00    0,00    0,00    0,00    0,00    0,00    0,00    0,00
11:00:40      12  100,00    0,00    0,00    0,00    0,00    0,00    0,00    0,00    0,00    0,00
11:00:40      13    0,00    0,00    0,00    0,00    0,00    0,00    0,00    0,00    0,00  100,00
11:00:40      14   13,13    0,00    7,07    0,00    0,00    0,00    0,00    0,00    0,00   79,80
11:00:40      15    0,00    0,00    0,00    0,00    0,00    0,00    0,00    0,00    0,00  100,00
11:00:40      16    0,00    0,00    0,00    0,00    0,00    0,00    0,00    0,00    0,00  100,00
11:00:40      17    7,07    0,00    9,09    0,00    0,00    0,00    0,00    0,00    0,00   83,84
11:00:40      18    0,00    0,00    0,00    0,00    0,00    0,00    0,00    0,00    0,00  100,00
11:00:40      19    0,00    0,00    0,00    0,00    0,00    0,00    0,00    0,00    0,00  100,00
11:00:40      20    0,00    0,00    0,00    0,00    0,00    0,00    0,00    0,00    0,00  100,00
11:00:40      21    0,00    0,00    0,00    0,00    0,00    0,00    0,00    0,00    0,00  100,00
11:00:40      22    0,00    0,00    0,00    0,00    0,00    0,00    0,00    0,00    0,00  100,00
11:00:40      23    0,00    0,00    0,00    0,00    0,00    0,00    0,00    0,00    0,00  100,00

11:00:40     CPU    %usr   %nice    %sys %iowait    %irq   %soft  %steal  %guest  %gnice   %idle
11:00:41     all   54,19    0,00    0,00    0,00    0,00    0,00    0,00    0,00    0,00   45,81
11:00:41       0  100,00    0,00    0,00    0,00    0,00    0,00    0,00    0,00    0,00    0,00
11:00:41       1  100,00    0,00    0,00    0,00    0,00    0,00    0,00    0,00    0,00    0,00
11:00:41       2  100,00    0,00    0,00    0,00    0,00    0,00    0,00    0,00    0,00    0,00
11:00:41       3  100,00    0,00    0,00    0,00    0,00    0,00    0,00    0,00    0,00    0,00
11:00:41       4  100,00    0,00    0,00    0,00    0,00    0,00    0,00    0,00    0,00    0,00
11:00:41       5  100,00    0,00    0,00    0,00    0,00    0,00    0,00    0,00    0,00    0,00
11:00:41       6  100,00    0,00    0,00    0,00    0,00    0,00    0,00    0,00    0,00    0,00
11:00:41       7  100,00    0,00    0,00    0,00    0,00    0,00    0,00    0,00    0,00    0,00
11:00:41       8  100,00    0,00    0,00    0,00    0,00    0,00    0,00    0,00    0,00    0,00
11:00:41       9  100,00    0,00    0,00    0,00    0,00    0,00    0,00    0,00    0,00    0,00
11:00:41      10  100,00    0,00    0,00    0,00    0,00    0,00    0,00    0,00    0,00    0,00
11:00:41      11  100,00    0,00    0,00    0,00    0,00    0,00    0,00    0,00    0,00    0,00
11:00:41      12  100,00    0,00    0,00    0,00    0,00    0,00    0,00    0,00    0,00    0,00
11:00:41      13    0,00    0,00    0,00    0,00    0,00    0,00    0,00    0,00    0,00  100,00
11:00:41      14    0,00    0,00    0,00    0,00    0,00    0,00    0,00    0,00    0,00  100,00
11:00:41      15    0,00    0,00    0,00    0,00    0,00    0,00    0,00    0,00    0,00  100,00
11:00:41      16    0,00    0,00    0,00    0,00    0,00    0,00    0,00    0,00    0,00  100,00
11:00:41      17    0,00    0,00    0,00    0,00    0,00    0,00    0,00    0,00    0,00  100,00
11:00:41      18    0,00    0,00    0,00    0,00    0,00    0,00    0,00    0,00    0,00  100,00
11:00:41      19    0,00    0,00    0,00    0,00    0,00    0,00    0,00    0,00    0,00  100,00
11:00:41      20    0,00    0,00    0,00    0,00    0,00    0,00    0,00    0,00    0,00  100,00
11:00:41      21    0,00    0,00    0,00    0,00    0,00    0,00    0,00    0,00    0,00  100,00
11:00:41      22    0,00    0,00    0,00    0,00    0,00    0,00    0,00    0,00    0,00  100,00
11:00:41      23    0,00    0,00    0,00    0,00    0,00    0,00    0,00    0,00    0,00  100,00

11:00:41     CPU    %usr   %nice    %sys %iowait    %irq   %soft  %steal  %guest  %gnice   %idle
11:00:42     all   54,19    0,00    0,00    0,00    0,00    0,00    0,00    0,00    0,00   45,81
11:00:42       0  100,00    0,00    0,00    0,00    0,00    0,00    0,00    0,00    0,00    0,00
11:00:42       1  100,00    0,00    0,00    0,00    0,00    0,00    0,00    0,00    0,00    0,00
11:00:42       2  100,00    0,00    0,00    0,00    0,00    0,00    0,00    0,00    0,00    0,00
11:00:42       3  100,00    0,00    0,00    0,00    0,00    0,00    0,00    0,00    0,00    0,00
11:00:42       4  100,00    0,00    0,00    0,00    0,00    0,00    0,00    0,00    0,00    0,00
11:00:42       5  100,00    0,00    0,00    0,00    0,00    0,00    0,00    0,00    0,00    0,00
11:00:42       6  100,00    0,00    0,00    0,00    0,00    0,00    0,00    0,00    0,00    0,00
11:00:42       7  100,00    0,00    0,00    0,00    0,00    0,00    0,00    0,00    0,00    0,00
11:00:42       8  100,00    0,00    0,00    0,00    0,00    0,00    0,00    0,00    0,00    0,00
11:00:42       9  100,00    0,00    0,00    0,00    0,00    0,00    0,00    0,00    0,00    0,00
11:00:42      10  100,00    0,00    0,00    0,00    0,00    0,00    0,00    0,00    0,00    0,00
11:00:42      11  100,00    0,00    0,00    0,00    0,00    0,00    0,00    0,00    0,00    0,00
11:00:42      12  100,00    0,00    0,00    0,00    0,00    0,00    0,00    0,00    0,00    0,00
11:00:42      13    0,00    0,00    0,00    0,00    0,00    0,00    0,00    0,00    0,00  100,00
11:00:42      14    0,00    0,00    0,00    0,00    0,00    0,00    0,00    0,00    0,00  100,00
11:00:42      15    0,00    0,00    0,00    0,00    0,00    0,00    0,00    0,00    0,00  100,00
11:00:42      16    0,00    0,00    0,00    0,00    0,00    0,00    0,00    0,00    0,00  100,00
11:00:42      17    0,00    0,00    0,00    0,00    0,00    0,00    0,00    0,00    0,00  100,00
11:00:42      18    0,00    0,00    0,00    0,00    0,00    0,00    0,00    0,00    0,00  100,00
11:00:42      19    0,00    0,00    0,00    0,00    0,00    0,00    0,00    0,00    0,00  100,00
11:00:42      20    0,00    0,00    0,00    0,00    0,00    0,00    0,00    0,00    0,00  100,00
11:00:42      21    0,00    0,00    0,00    0,00    0,00    0,00    0,00    0,00    0,00  100,00
11:00:42      22    0,00    0,00    0,00    0,00    0,00    0,00    0,00    0,00    0,00  100,00
11:00:42      23    0,00    0,00    0,00    0,00    0,00    0,00    0,00    0,00    0,00  100,00

11:00:42     CPU    %usr   %nice    %sys %iowait    %irq   %soft  %steal  %guest  %gnice   %idle
11:00:43     all   54,70    0,00    0,21    0,08    0,00    0,00    0,00    0,00    0,00   45,00
11:00:43       0  100,00    0,00    0,00    0,00    0,00    0,00    0,00    0,00    0,00    0,00
11:00:43       1  100,00    0,00    0,00    0,00    0,00    0,00    0,00    0,00    0,00    0,00
11:00:43       2  100,00    0,00    0,00    0,00    0,00    0,00    0,00    0,00    0,00    0,00
11:00:43       3  100,00    0,00    0,00    0,00    0,00    0,00    0,00    0,00    0,00    0,00
11:00:43       4  100,00    0,00    0,00    0,00    0,00    0,00    0,00    0,00    0,00    0,00
11:00:43       5  100,00    0,00    0,00    0,00    0,00    0,00    0,00    0,00    0,00    0,00
11:00:43       6  100,00    0,00    0,00    0,00    0,00    0,00    0,00    0,00    0,00    0,00
11:00:43       7  100,00    0,00    0,00    0,00    0,00    0,00    0,00    0,00    0,00    0,00
11:00:43       8  100,00    0,00    0,00    0,00    0,00    0,00    0,00    0,00    0,00    0,00
11:00:43       9  100,00    0,00    0,00    0,00    0,00    0,00    0,00    0,00    0,00    0,00
11:00:43      10  100,00    0,00    0,00    0,00    0,00    0,00    0,00    0,00    0,00    0,00
11:00:43      11  100,00    0,00    0,00    0,00    0,00    0,00    0,00    0,00    0,00    0,00
11:00:43      12  100,00    0,00    0,00    0,00    0,00    0,00    0,00    0,00    0,00    0,00
11:00:43      13    0,00    0,00    0,00    0,00    0,00    0,00    0,00    0,00    0,00  100,00
11:00:43      14    0,00    0,00    0,00    0,00    0,00    0,00    0,00    0,00    0,00  100,00
11:00:43      15    0,00    0,00    0,00    0,00    0,00    0,00    0,00    0,00    0,00  100,00
11:00:43      16    0,00    0,00    0,00    0,00    0,00    0,00    0,00    0,00    0,00  100,00
11:00:43      17    0,99    0,00    0,99    0,00    0,00    0,00    0,00    0,00    0,00   98,02
11:00:43      18    0,00    0,00    0,00    0,00    0,00    0,00    0,00    0,00    0,00  100,00
11:00:43      19    0,00    0,00    0,00    0,00    0,00    0,00    0,00    0,00    0,00  100,00
11:00:43      20    0,00    0,00    0,00    1,00    0,00    0,00    0,00    0,00    0,00   99,00
11:00:43      21   12,87    0,00    2,97    0,99    0,00    0,00    0,00    0,00    0,00   83,17
11:00:43      22    0,00    0,00    0,99    0,00    0,00    0,00    0,00    0,00    0,00   99,01
11:00:43      23    0,00    0,00    0,00    0,00    0,00    0,00    0,00    0,00    0,00  100,00
