Linux 6.8.0-111-generic (testbed-node5) 	21/05/26 	_x86_64_	(24 CPU)

07:34:02     CPU    %usr   %nice    %sys %iowait    %irq   %soft  %steal  %guest  %gnice   %idle
07:34:03     all   29,21    0,00    0,00    0,04    0,00    0,00    0,00    0,00    0,00   70,75
07:34:03       0  100,00    0,00    0,00    0,00    0,00    0,00    0,00    0,00    0,00    0,00
07:34:03       1  100,00    0,00    0,00    0,00    0,00    0,00    0,00    0,00    0,00    0,00
07:34:03       2  100,00    0,00    0,00    0,00    0,00    0,00    0,00    0,00    0,00    0,00
07:34:03       3  100,00    0,00    0,00    0,00    0,00    0,00    0,00    0,00    0,00    0,00
07:34:03       4  100,00    0,00    0,00    0,00    0,00    0,00    0,00    0,00    0,00    0,00
07:34:03       5  100,00    0,00    0,00    0,00    0,00    0,00    0,00    0,00    0,00    0,00
07:34:03       6  100,00    0,00    0,00    0,00    0,00    0,00    0,00    0,00    0,00    0,00
07:34:03       7    0,00    0,00    0,00    0,00    0,00    0,00    0,00    0,00    0,00  100,00
07:34:03       8    0,00    0,00    0,00    0,00    0,00    0,00    0,00    0,00    0,00  100,00
07:34:03       9    0,00    0,00    0,00    0,00    0,00    0,00    0,00    0,00    0,00  100,00
07:34:03      10    0,00    0,00    0,00    0,00    0,00    0,00    0,00    0,00    0,00  100,00
07:34:03      11    0,00    0,00    0,00    0,00    0,00    0,00    0,00    0,00    0,00  100,00
07:34:03      12    0,00    0,00    0,00    1,00    0,00    0,00    0,00    0,00    0,00   99,00
07:34:03      13    0,00    0,00    0,00    0,00    0,00    0,00    0,00    0,00    0,00  100,00
07:34:03      14    1,00    0,00    0,00    0,00    0,00    0,00    0,00    0,00    0,00   99,00
07:34:03      15    0,00    0,00    0,00    0,00    0,00    0,00    0,00    0,00    0,00  100,00
07:34:03      16    0,00    0,00    0,00    0,00    0,00    0,00    0,00    0,00    0,00  100,00
07:34:03      17    0,00    0,00    0,00    0,00    0,00    0,00    0,00    0,00    0,00  100,00
07:34:03      18    0,00    0,00    0,00    0,00    0,00    0,00    0,00    0,00    0,00  100,00
07:34:03      19    0,00    0,00    0,00    0,00    0,00    0,00    0,00    0,00    0,00  100,00
07:34:03      20    0,00    0,00    0,00    0,00    0,00    0,00    0,00    0,00    0,00  100,00
07:34:03      21    0,00    0,00    0,00    0,00    0,00    0,00    0,00    0,00    0,00  100,00
07:34:03      22    0,00    0,00    0,00    0,00    0,00    0,00    0,00    0,00    0,00  100,00
07:34:03      23    0,00    0,00    0,00    0,00    0,00    0,00    0,00    0,00    0,00  100,00

07:34:03     CPU    %usr   %nice    %sys %iowait    %irq   %soft  %steal  %guest  %gnice   %idle
07:34:04     all   29,17    0,00    0,00    0,00    0,00    0,00    0,00    0,00    0,00   70,83
07:34:04       0  100,00    0,00    0,00    0,00    0,00    0,00    0,00    0,00    0,00    0,00
07:34:04       1  100,00    0,00    0,00    0,00    0,00    0,00    0,00    0,00    0,00    0,00
07:34:04       2  100,00    0,00    0,00    0,00    0,00    0,00    0,00    0,00    0,00    0,00
07:34:04       3  100,00    0,00    0,00    0,00    0,00    0,00    0,00    0,00    0,00    0,00
07:34:04       4  100,00    0,00    0,00    0,00    0,00    0,00    0,00    0,00    0,00    0,00
07:34:04       5  100,00    0,00    0,00    0,00    0,00    0,00    0,00    0,00    0,00    0,00
07:34:04       6  100,00    0,00    0,00    0,00    0,00    0,00    0,00    0,00    0,00    0,00
07:34:04       7    0,00    0,00    0,00    0,00    0,00    0,00    0,00    0,00    0,00  100,00
07:34:04       8    0,00    0,00    0,00    0,00    0,00    0,00    0,00    0,00    0,00  100,00
07:34:04       9    0,00    0,00    0,00    0,00    0,00    0,00    0,00    0,00    0,00  100,00
07:34:04      10    0,00    0,00    0,00    0,00    0,00    0,00    0,00    0,00    0,00  100,00
07:34:04      11    0,00    0,00    0,00    0,00    0,00    0,00    0,00    0,00    0,00  100,00
07:34:04      12    0,00    0,00    0,00    0,00    0,00    0,00    0,00    0,00    0,00  100,00
07:34:04      13    0,00    0,00    0,00    0,00    0,00    0,00    0,00    0,00    0,00  100,00
07:34:04      14    0,00    0,00    0,00    0,00    0,00    0,00    0,00    0,00    0,00  100,00
07:34:04      15    0,00    0,00    0,00    0,00    0,00    0,00    0,00    0,00    0,00  100,00
07:34:04      16    0,00    0,00    0,00    0,00    0,00    0,00    0,00    0,00    0,00  100,00
07:34:04      17    0,00    0,00    0,00    0,00    0,00    0,00    0,00    0,00    0,00  100,00
07:34:04      18    0,00    0,00    0,00    0,00    0,00    0,00    0,00    0,00    0,00  100,00
07:34:04      19    0,00    0,00    0,00    0,00    0,00    0,00    0,00    0,00    0,00  100,00
07:34:04      20    0,00    0,00    0,00    0,00    0,00    0,00    0,00    0,00    0,00  100,00
07:34:04      21    0,00    0,00    0,00    0,00    0,00    0,00    0,00    0,00    0,00  100,00
07:34:04      22    0,00    0,00    0,00    0,00    0,00    0,00    0,00    0,00    0,00  100,00
07:34:04      23    0,00    0,00    0,00    0,00    0,00    0,00    0,00    0,00    0,00  100,00

07:34:04     CPU    %usr   %nice    %sys %iowait    %irq   %soft  %steal  %guest  %gnice   %idle
07:34:05     all   29,57    0,00    0,13    0,13    0,00    0,00    0,00    0,00    0,00   70,18
07:34:05       0  100,00    0,00    0,00    0,00    0,00    0,00    0,00    0,00    0,00    0,00
07:34:05       1  100,00    0,00    0,00    0,00    0,00    0,00    0,00    0,00    0,00    0,00
07:34:05       2  100,00    0,00    0,00    0,00    0,00    0,00    0,00    0,00    0,00    0,00
07:34:05       3  100,00    0,00    0,00    0,00    0,00    0,00    0,00    0,00    0,00    0,00
07:34:05       4  100,00    0,00    0,00    0,00    0,00    0,00    0,00    0,00    0,00    0,00
07:34:05       5  100,00    0,00    0,00    0,00    0,00    0,00    0,00    0,00    0,00    0,00
07:34:05       6  100,00    0,00    0,00    0,00    0,00    0,00    0,00    0,00    0,00    0,00
07:34:05       7    0,00    0,00    0,00    0,00    0,00    0,00    0,00    0,00    0,00  100,00
07:34:05       8    0,00    0,00    0,00    1,00    0,00    0,00    0,00    0,00    0,00   99,00
07:34:05       9    0,00    0,00    0,00    0,00    0,00    0,00    0,00    0,00    0,00  100,00
07:34:05      10    0,00    0,00    0,00    0,00    0,00    0,00    0,00    0,00    0,00  100,00
07:34:05      11    0,00    0,00    0,00    0,00    0,00    0,00    0,00    0,00    0,00  100,00
07:34:05      12    5,94    0,00    0,99    0,00    0,00    0,00    0,00    0,00    0,00   93,07
07:34:05      13    0,00    0,00    0,00    0,00    0,00    0,00    0,00    0,00    0,00  100,00
07:34:05      14    0,00    0,00    0,00    0,00    0,00    0,00    0,00    0,00    0,00  100,00
07:34:05      15    0,00    0,00    0,00    1,00    0,00    0,00    0,00    0,00    0,00   99,00
07:34:05      16    0,00    0,00    0,00    0,00    0,00    0,00    0,00    0,00    0,00  100,00
07:34:05      17    0,00    0,00    1,00    0,00    0,00    0,00    0,00    0,00    0,00   99,00
07:34:05      18    2,00    0,00    0,00    0,00    0,00    0,00    0,00    0,00    0,00   98,00
07:34:05      19    0,00    0,00    0,00    1,00    0,00    0,00    0,00    0,00    0,00   99,00
07:34:05      20    0,99    0,00    0,99    0,00    0,00    0,00    0,00    0,00    0,00   98,02
07:34:05      21    0,00    0,00    0,00    0,00    0,00    0,00    0,00    0,00    0,00  100,00
07:34:05      22    0,00    0,00    0,00    0,00    0,00    0,00    0,00    0,00    0,00  100,00
07:34:05      23    0,00    0,00    0,00    0,00    0,00    0,00    0,00    0,00    0,00  100,00

07:34:05     CPU    %usr   %nice    %sys %iowait    %irq   %soft  %steal  %guest  %gnice   %idle
07:34:06     all   29,17    0,00    0,00    0,00    0,00    0,00    0,00    0,00    0,00   70,83
07:34:06       0  100,00    0,00    0,00    0,00    0,00    0,00    0,00    0,00    0,00    0,00
07:34:06       1  100,00    0,00    0,00    0,00    0,00    0,00    0,00    0,00    0,00    0,00
07:34:06       2  100,00    0,00    0,00    0,00    0,00    0,00    0,00    0,00    0,00    0,00
07:34:06       3  100,00    0,00    0,00    0,00    0,00    0,00    0,00    0,00    0,00    0,00
07:34:06       4  100,00    0,00    0,00    0,00    0,00    0,00    0,00    0,00    0,00    0,00
07:34:06       5  100,00    0,00    0,00    0,00    0,00    0,00    0,00    0,00    0,00    0,00
07:34:06       6  100,00    0,00    0,00    0,00    0,00    0,00    0,00    0,00    0,00    0,00
07:34:06       7    0,00    0,00    0,00    0,00    0,00    0,00    0,00    0,00    0,00  100,00
07:34:06       8    0,00    0,00    0,00    0,00    0,00    0,00    0,00    0,00    0,00  100,00
07:34:06       9    0,00    0,00    0,00    0,00    0,00    0,00    0,00    0,00    0,00  100,00
07:34:06      10    0,00    0,00    0,00    0,00    0,00    0,00    0,00    0,00    0,00  100,00
07:34:06      11    0,00    0,00    0,00    0,00    0,00    0,00    0,00    0,00    0,00  100,00
07:34:06      12    0,00    0,00    0,00    0,00    0,00    0,00    0,00    0,00    0,00  100,00
07:34:06      13    0,00    0,00    0,00    0,00    0,00    0,00    0,00    0,00    0,00  100,00
07:34:06      14    0,00    0,00    0,00    0,00    0,00    0,00    0,00    0,00    0,00  100,00
07:34:06      15    0,00    0,00    0,00    0,00    0,00    0,00    0,00    0,00    0,00  100,00
07:34:06      16    0,00    0,00    0,00    0,00    0,00    0,00    0,00    0,00    0,00  100,00
07:34:06      17    0,00    0,00    0,00    0,00    0,00    0,00    0,00    0,00    0,00  100,00
07:34:06      18    0,00    0,00    0,00    0,00    0,00    0,00    0,00    0,00    0,00  100,00
07:34:06      19    0,00    0,00    0,00    0,00    0,00    0,00    0,00    0,00    0,00  100,00
07:34:06      20    0,00    0,00    0,00    0,00    0,00    0,00    0,00    0,00    0,00  100,00
07:34:06      21    0,00    0,00    0,00    0,00    0,00    0,00    0,00    0,00    0,00  100,00
07:34:06      22    0,00    0,00    0,00    0,00    0,00    0,00    0,00    0,00    0,00  100,00
07:34:06      23    0,00    0,00    0,00    0,00    0,00    0,00    0,00    0,00    0,00  100,00

07:34:06     CPU    %usr   %nice    %sys %iowait    %irq   %soft  %steal  %guest  %gnice   %idle
07:34:07     all   29,17    0,00    0,00    0,00    0,00    0,00    0,00    0,00    0,00   70,83
07:34:07       0  100,00    0,00    0,00    0,00    0,00    0,00    0,00    0,00    0,00    0,00
07:34:07       1  100,00    0,00    0,00    0,00    0,00    0,00    0,00    0,00    0,00    0,00
07:34:07       2  100,00    0,00    0,00    0,00    0,00    0,00    0,00    0,00    0,00    0,00
07:34:07       3  100,00    0,00    0,00    0,00    0,00    0,00    0,00    0,00    0,00    0,00
07:34:07       4  100,00    0,00    0,00    0,00    0,00    0,00    0,00    0,00    0,00    0,00
07:34:07       5  100,00    0,00    0,00    0,00    0,00    0,00    0,00    0,00    0,00    0,00
07:34:07       6  100,00    0,00    0,00    0,00    0,00    0,00    0,00    0,00    0,00    0,00
07:34:07       7    0,00    0,00    0,00    0,00    0,00    0,00    0,00    0,00    0,00  100,00
07:34:07       8    0,00    0,00    0,00    0,00    0,00    0,00    0,00    0,00    0,00  100,00
07:34:07       9    0,00    0,00    0,00    0,00    0,00    0,00    0,00    0,00    0,00  100,00
07:34:07      10    0,00    0,00    0,00    0,00    0,00    0,00    0,00    0,00    0,00  100,00
07:34:07      11    0,00    0,00    0,00    0,00    0,00    0,00    0,00    0,00    0,00  100,00
07:34:07      12    0,00    0,00    0,00    0,00    0,00    0,00    0,00    0,00    0,00  100,00
07:34:07      13    0,00    0,00    0,00    0,00    0,00    0,00    0,00    0,00    0,00  100,00
07:34:07      14    0,00    0,00    0,00    0,00    0,00    0,00    0,00    0,00    0,00  100,00
07:34:07      15    0,00    0,00    0,00    0,00    0,00    0,00    0,00    0,00    0,00  100,00
07:34:07      16    0,00    0,00    0,00    0,00    0,00    0,00    0,00    0,00    0,00  100,00
07:34:07      17    0,00    0,00    0,00    0,00    0,00    0,00    0,00    0,00    0,00  100,00
07:34:07      18    0,00    0,00    0,00    0,00    0,00    0,00    0,00    0,00    0,00  100,00
07:34:07      19    0,00    0,00    0,00    0,00    0,00    0,00    0,00    0,00    0,00  100,00
07:34:07      20    0,00    0,00    0,00    0,00    0,00    0,00    0,00    0,00    0,00  100,00
07:34:07      21    0,00    0,00    0,00    0,00    0,00    0,00    0,00    0,00    0,00  100,00
07:34:07      22    0,00    0,00    0,00    0,00    0,00    0,00    0,00    0,00    0,00  100,00
07:34:07      23    0,00    0,00    0,00    0,00    0,00    0,00    0,00    0,00    0,00  100,00

07:34:07     CPU    %usr   %nice    %sys %iowait    %irq   %soft  %steal  %guest  %gnice   %idle
07:34:08     all   29,18    0,00    0,00    0,08    0,00    0,00    0,00    0,00    0,00   70,74
07:34:08       0  100,00    0,00    0,00    0,00    0,00    0,00    0,00    0,00    0,00    0,00
07:34:08       1  100,00    0,00    0,00    0,00    0,00    0,00    0,00    0,00    0,00    0,00
07:34:08       2  100,00    0,00    0,00    0,00    0,00    0,00    0,00    0,00    0,00    0,00
07:34:08       3  100,00    0,00    0,00    0,00    0,00    0,00    0,00    0,00    0,00    0,00
07:34:08       4  100,00    0,00    0,00    0,00    0,00    0,00    0,00    0,00    0,00    0,00
07:34:08       5  100,00    0,00    0,00    0,00    0,00    0,00    0,00    0,00    0,00    0,00
07:34:08       6  100,00    0,00    0,00    0,00    0,00    0,00    0,00    0,00    0,00    0,00
07:34:08       7    0,00    0,00    0,00    0,00    0,00    0,00    0,00    0,00    0,00  100,00
07:34:08       8    0,00    0,00    0,00    0,00    0,00    0,00    0,00    0,00    0,00  100,00
07:34:08       9    0,00    0,00    0,00    0,00    0,00    0,00    0,00    0,00    0,00  100,00
07:34:08      10    0,00    0,00    0,00    0,00    0,00    0,00    0,00    0,00    0,00  100,00
07:34:08      11    0,00    0,00    0,00    0,00    0,00    0,00    0,00    0,00    0,00  100,00
07:34:08      12    0,00    0,00    0,00    2,00    0,00    0,00    0,00    0,00    0,00   98,00
07:34:08      13    0,00    0,00    0,00    0,00    0,00    0,00    0,00    0,00    0,00  100,00
07:34:08      14    0,00    0,00    0,00    0,00    0,00    0,00    0,00    0,00    0,00  100,00
07:34:08      15    0,00    0,00    0,00    0,00    0,00    0,00    0,00    0,00    0,00  100,00
07:34:08      16    0,00    0,00    0,00    0,00    0,00    0,00    0,00    0,00    0,00  100,00
07:34:08      17    0,00    0,00    0,00    0,00    0,00    0,00    0,00    0,00    0,00  100,00
07:34:08      18    0,00    0,00    0,00    0,00    0,00    0,00    0,00    0,00    0,00  100,00
07:34:08      19    0,00    0,00    0,00    0,00    0,00    0,00    0,00    0,00    0,00  100,00
07:34:08      20    0,00    0,00    0,00    0,00    0,00    0,00    0,00    0,00    0,00  100,00
07:34:08      21    0,00    0,00    0,00    0,00    0,00    0,00    0,00    0,00    0,00  100,00
07:34:08      22    0,00    0,00    0,00    0,00    0,00    0,00    0,00    0,00    0,00  100,00
07:34:08      23    0,00    0,00    0,00    0,00    0,00    0,00    0,00    0,00    0,00  100,00

07:34:08     CPU    %usr   %nice    %sys %iowait    %irq   %soft  %steal  %guest  %gnice   %idle
07:34:09     all   29,17    0,00    0,00    0,00    0,00    0,00    0,00    0,00    0,00   70,83
07:34:09       0  100,00    0,00    0,00    0,00    0,00    0,00    0,00    0,00    0,00    0,00
07:34:09       1  100,00    0,00    0,00    0,00    0,00    0,00    0,00    0,00    0,00    0,00
07:34:09       2  100,00    0,00    0,00    0,00    0,00    0,00    0,00    0,00    0,00    0,00
07:34:09       3  100,00    0,00    0,00    0,00    0,00    0,00    0,00    0,00    0,00    0,00
07:34:09       4  100,00    0,00    0,00    0,00    0,00    0,00    0,00    0,00    0,00    0,00
07:34:09       5  100,00    0,00    0,00    0,00    0,00    0,00    0,00    0,00    0,00    0,00
07:34:09       6  100,00    0,00    0,00    0,00    0,00    0,00    0,00    0,00    0,00    0,00
07:34:09       7    0,00    0,00    0,00    0,00    0,00    0,00    0,00    0,00    0,00  100,00
07:34:09       8    0,00    0,00    0,00    0,00    0,00    0,00    0,00    0,00    0,00  100,00
07:34:09       9    0,00    0,00    0,00    0,00    0,00    0,00    0,00    0,00    0,00  100,00
07:34:09      10    0,00    0,00    0,00    0,00    0,00    0,00    0,00    0,00    0,00  100,00
07:34:09      11    0,00    0,00    0,00    0,00    0,00    0,00    0,00    0,00    0,00  100,00
07:34:09      12    0,00    0,00    0,00    0,00    0,00    0,00    0,00    0,00    0,00  100,00
07:34:09      13    0,00    0,00    0,00    0,00    0,00    0,00    0,00    0,00    0,00  100,00
07:34:09      14    0,00    0,00    0,00    0,00    0,00    0,00    0,00    0,00    0,00  100,00
07:34:09      15    0,00    0,00    0,00    0,00    0,00    0,00    0,00    0,00    0,00  100,00
07:34:09      16    0,00    0,00    0,00    0,00    0,00    0,00    0,00    0,00    0,00  100,00
07:34:09      17    0,00    0,00    0,00    0,00    0,00    0,00    0,00    0,00    0,00  100,00
07:34:09      18    0,00    0,00    0,00    0,00    0,00    0,00    0,00    0,00    0,00  100,00
07:34:09      19    0,00    0,00    0,00    0,00    0,00    0,00    0,00    0,00    0,00  100,00
07:34:09      20    0,00    0,00    0,00    0,00    0,00    0,00    0,00    0,00    0,00  100,00
07:34:09      21    0,00    0,00    0,00    0,00    0,00    0,00    0,00    0,00    0,00  100,00
07:34:09      22    0,00    0,00    0,00    0,00    0,00    0,00    0,00    0,00    0,00  100,00
07:34:09      23    0,00    0,00    0,00    0,00    0,00    0,00    0,00    0,00    0,00  100,00

07:34:09     CPU    %usr   %nice    %sys %iowait    %irq   %soft  %steal  %guest  %gnice   %idle
07:34:10     all   29,72    0,00    0,46    0,00    0,00    0,00    0,00    0,00    0,00   69,82
07:34:10       0  100,00    0,00    0,00    0,00    0,00    0,00    0,00    0,00    0,00    0,00
07:34:10       1  100,00    0,00    0,00    0,00    0,00    0,00    0,00    0,00    0,00    0,00
07:34:10       2  100,00    0,00    0,00    0,00    0,00    0,00    0,00    0,00    0,00    0,00
07:34:10       3  100,00    0,00    0,00    0,00    0,00    0,00    0,00    0,00    0,00    0,00
07:34:10       4  100,00    0,00    0,00    0,00    0,00    0,00    0,00    0,00    0,00    0,00
07:34:10       5  100,00    0,00    0,00    0,00    0,00    0,00    0,00    0,00    0,00    0,00
07:34:10       6  100,00    0,00    0,00    0,00    0,00    0,00    0,00    0,00    0,00    0,00
07:34:10       7    0,00    0,00    0,00    0,00    0,00    0,00    0,00    0,00    0,00  100,00
07:34:10       8    0,00    0,00    0,00    0,00    0,00    0,00    0,00    0,00    0,00  100,00
07:34:10       9    0,00    0,00    0,00    0,00    0,00    0,00    0,00    0,00    0,00  100,00
07:34:10      10    0,00    0,00    0,00    0,00    0,00    0,00    0,00    0,00    0,00  100,00
07:34:10      11    0,00    0,00    0,00    0,00    0,00    0,00    0,00    0,00    0,00  100,00
07:34:10      12   13,13    0,00   11,11    0,00    0,00    0,00    0,00    0,00    0,00   75,76
07:34:10      13    0,00    0,00    0,00    0,00    0,00    0,00    0,00    0,00    0,00  100,00
07:34:10      14    0,00    0,00    0,00    0,00    0,00    0,00    0,00    0,00    0,00  100,00
07:34:10      15    0,00    0,00    0,00    0,00    0,00    0,00    0,00    0,00    0,00  100,00
07:34:10      16    0,00    0,00    0,00    0,00    0,00    0,00    0,00    0,00    0,00  100,00
07:34:10      17    0,00    0,00    0,00    0,00    0,00    0,00    0,00    0,00    0,00  100,00
07:34:10      18    0,00    0,00    0,00    0,00    0,00    0,00    0,00    0,00    0,00  100,00
07:34:10      19    0,00    0,00    0,00    0,00    0,00    0,00    0,00    0,00    0,00  100,00
07:34:10      20    0,00    0,00    0,00    0,00    0,00    0,00    0,00    0,00    0,00  100,00
07:34:10      21    0,00    0,00    0,00    0,00    0,00    0,00    0,00    0,00    0,00  100,00
07:34:10      22    0,00    0,00    0,00    0,00    0,00    0,00    0,00    0,00    0,00  100,00
07:34:10      23    0,00    0,00    0,00    0,00    0,00    0,00    0,00    0,00    0,00  100,00

07:34:10     CPU    %usr   %nice    %sys %iowait    %irq   %soft  %steal  %guest  %gnice   %idle
07:34:11     all   29,21    0,00    0,08    0,00    0,00    0,00    0,00    0,00    0,00   70,70
07:34:11       0  100,00    0,00    0,00    0,00    0,00    0,00    0,00    0,00    0,00    0,00
07:34:11       1  100,00    0,00    0,00    0,00    0,00    0,00    0,00    0,00    0,00    0,00
07:34:11       2  100,00    0,00    0,00    0,00    0,00    0,00    0,00    0,00    0,00    0,00
07:34:11       3  100,00    0,00    0,00    0,00    0,00    0,00    0,00    0,00    0,00    0,00
07:34:11       4  100,00    0,00    0,00    0,00    0,00    0,00    0,00    0,00    0,00    0,00
07:34:11       5  100,00    0,00    0,00    0,00    0,00    0,00    0,00    0,00    0,00    0,00
07:34:11       6  100,00    0,00    0,00    0,00    0,00    0,00    0,00    0,00    0,00    0,00
07:34:11       7    0,00    0,00    0,00    0,00    0,00    0,00    0,00    0,00    0,00  100,00
07:34:11       8    0,00    0,00    0,00    0,00    0,00    0,00    0,00    0,00    0,00  100,00
07:34:11       9    0,00    0,00    0,00    0,00    0,00    0,00    0,00    0,00    0,00  100,00
07:34:11      10    0,00    0,00    0,00    0,00    0,00    0,00    0,00    0,00    0,00  100,00
07:34:11      11    0,00    0,00    0,00    0,00    0,00    0,00    0,00    0,00    0,00  100,00
07:34:11      12    1,00    0,00    0,00    0,00    0,00    0,00    0,00    0,00    0,00   99,00
07:34:11      13    0,00    0,00    0,00    0,00    0,00    0,00    0,00    0,00    0,00  100,00
07:34:11      14    0,00    0,00    0,00    0,00    0,00    0,00    0,00    0,00    0,00  100,00
07:34:11      15    0,00    0,00    0,00    0,00    0,00    0,00    0,00    0,00    0,00  100,00
07:34:11      16    0,00    0,00    0,00    0,00    0,00    0,00    0,00    0,00    0,00  100,00
07:34:11      17    0,99    0,00    0,00    0,00    0,00    0,00    0,00    0,00    0,00   99,01
07:34:11      18    0,00    0,00    0,00    0,00    0,00    0,00    0,00    0,00    0,00  100,00
07:34:11      19    0,00    0,00    0,00    0,00    0,00    0,00    0,00    0,00    0,00  100,00
07:34:11      20    0,00    0,00    0,00    0,00    0,00    0,00    0,00    0,00    0,00  100,00
07:34:11      21    0,00    0,00    0,99    0,00    0,00    0,00    0,00    0,00    0,00   99,01
07:34:11      22    0,00    0,00    0,99    0,00    0,00    0,00    0,00    0,00    0,00   99,01
07:34:11      23    0,00    0,00    0,00    0,00    0,00    0,00    0,00    0,00    0,00  100,00
