Linux 6.8.0-111-generic (testbed-node6) 	19/05/26 	_x86_64_	(24 CPU)

14:18:36     CPU    %usr   %nice    %sys %iowait    %irq   %soft  %steal  %guest  %gnice   %idle
14:18:37     all    1,08    0,00    0,21    0,04    0,00   16,64    0,00    0,00    0,00   82,03
14:18:37       0    0,00    0,00    0,00    0,00    0,00  100,00    0,00    0,00    0,00    0,00
14:18:37       1    0,00    0,00    0,00    0,00    0,00  100,00    0,00    0,00    0,00    0,00
14:18:37       2    0,00    0,00    0,00    0,00    0,00  100,00    0,00    0,00    0,00    0,00
14:18:37       3    0,00    0,00    0,00    0,00    0,00  100,00    0,00    0,00    0,00    0,00
14:18:37       4    0,00    0,00    0,00    0,00    0,00    0,00    0,00    0,00    0,00  100,00
14:18:37       5    0,00    0,00    0,00    0,00    0,00    0,00    0,00    0,00    0,00  100,00
14:18:37       6    4,95    0,00    0,00    0,00    0,00    0,00    0,00    0,00    0,00   95,05
14:18:37       7    0,00    0,00    0,00    0,00    0,00    0,00    0,00    0,00    0,00  100,00
14:18:37       8    2,04    0,00    0,00    0,00    0,00    0,00    0,00    0,00    0,00   97,96
14:18:37       9    0,00    0,00    0,00    0,00    0,00    0,00    0,00    0,00    0,00  100,00
14:18:37      10    6,00    0,00    1,00    1,00    0,00    0,00    0,00    0,00    0,00   92,00
14:18:37      11    0,00    0,00    0,00    0,00    0,00    0,00    0,00    0,00    0,00  100,00
14:18:37      12    1,00    0,00    1,00    0,00    0,00    0,00    0,00    0,00    0,00   98,00
14:18:37      13    0,00    0,00    0,00    0,00    0,00    0,00    0,00    0,00    0,00  100,00
14:18:37      14    0,00    0,00    0,00    0,00    0,00    0,00    0,00    0,00    0,00  100,00
14:18:37      15    0,00    0,00    0,00    0,00    0,00    0,00    0,00    0,00    0,00  100,00
14:18:37      16    0,99    0,00    0,00    0,00    0,00    0,00    0,00    0,00    0,00   99,01
14:18:37      17    2,00    0,00    0,00    0,00    0,00    0,00    0,00    0,00    0,00   98,00
14:18:37      18    5,94    0,00    0,00    0,00    0,00    0,00    0,00    0,00    0,00   94,06
14:18:37      19    0,00    0,00    1,00    0,00    0,00    0,00    0,00    0,00    0,00   99,00
14:18:37      20    0,99    0,00    0,99    0,00    0,00    0,00    0,00    0,00    0,00   98,02
14:18:37      21    0,99    0,00    0,00    0,00    0,00    0,00    0,00    0,00    0,00   99,01
14:18:37      22    1,00    0,00    0,00    0,00    0,00    0,00    0,00    0,00    0,00   99,00
14:18:37      23    0,00    0,00    1,00    0,00    0,00    0,00    0,00    0,00    0,00   99,00

14:18:37     CPU    %usr   %nice    %sys %iowait    %irq   %soft  %steal  %guest  %gnice   %idle
14:18:38     all    0,62    0,00    0,04    0,00    0,00   16,67    0,00    0,00    0,00   82,67
14:18:38       0    0,00    0,00    0,00    0,00    0,00  100,00    0,00    0,00    0,00    0,00
14:18:38       1    0,00    0,00    0,00    0,00    0,00  100,00    0,00    0,00    0,00    0,00
14:18:38       2    0,00    0,00    0,00    0,00    0,00  100,00    0,00    0,00    0,00    0,00
14:18:38       3    0,00    0,00    0,00    0,00    0,00  100,00    0,00    0,00    0,00    0,00
14:18:38       4    0,00    0,00    0,00    0,00    0,00    0,00    0,00    0,00    0,00  100,00
14:18:38       5    0,00    0,00    0,00    0,00    0,00    0,00    0,00    0,00    0,00  100,00
14:18:38       6    0,00    0,00    0,00    0,00    0,00    0,00    0,00    0,00    0,00  100,00
14:18:38       7    0,00    0,00    0,00    0,00    0,00    0,00    0,00    0,00    0,00  100,00
14:18:38       8    0,00    0,00    0,00    0,00    0,00    0,00    0,00    0,00    0,00  100,00
14:18:38       9    0,00    0,00    0,00    0,00    0,00    0,00    0,00    0,00    0,00  100,00
14:18:38      10    0,00    0,00    0,00    0,00    0,00    0,00    0,00    0,00    0,00  100,00
14:18:38      11    0,00    0,00    0,00    0,00    0,00    0,00    0,00    0,00    0,00  100,00
14:18:38      12    0,00    0,00    0,00    0,00    0,00    0,00    0,00    0,00    0,00  100,00
14:18:38      13    0,00    0,00    0,00    0,00    0,00    0,00    0,00    0,00    0,00  100,00
14:18:38      14    0,00    0,00    0,00    0,00    0,00    0,00    0,00    0,00    0,00  100,00
14:18:38      15    0,00    0,00    0,00    0,00    0,00    0,00    0,00    0,00    0,00  100,00
14:18:38      16    0,00    0,00    0,00    0,00    0,00    0,00    0,00    0,00    0,00  100,00
14:18:38      17    1,01    0,00    0,00    0,00    0,00    0,00    0,00    0,00    0,00   98,99
14:18:38      18   13,86    0,00    0,99    0,00    0,00    0,00    0,00    0,00    0,00   85,15
14:18:38      19    0,00    0,00    0,00    0,00    0,00    0,00    0,00    0,00    0,00  100,00
14:18:38      20    0,00    0,00    0,00    0,00    0,00    0,00    0,00    0,00    0,00  100,00
14:18:38      21    0,00    0,00    0,00    0,00    0,00    0,00    0,00    0,00    0,00  100,00
14:18:38      22    0,00    0,00    0,00    0,00    0,00    0,00    0,00    0,00    0,00  100,00
14:18:38      23    0,00    0,00    0,00    0,00    0,00    0,00    0,00    0,00    0,00  100,00

14:18:38     CPU    %usr   %nice    %sys %iowait    %irq   %soft  %steal  %guest  %gnice   %idle
14:18:39     all    1,33    0,00    0,54    0,00    0,00   16,75    0,00    0,00    0,00   81,38
14:18:39       0    0,00    0,00    0,00    0,00    0,00  100,00    0,00    0,00    0,00    0,00
14:18:39       1    0,00    0,00    0,00    0,00    0,00  100,00    0,00    0,00    0,00    0,00
14:18:39       2    0,00    0,00    0,00    0,00    0,00  100,00    0,00    0,00    0,00    0,00
14:18:39       3    0,00    0,00    0,00    0,00    0,00  100,00    0,00    0,00    0,00    0,00
14:18:39       4    5,05    0,00    0,00    0,00    0,00    0,00    0,00    0,00    0,00   94,95
14:18:39       5    0,00    0,00    0,00    0,00    0,00    0,00    0,00    0,00    0,00  100,00
14:18:39       6    7,07    0,00    0,00    0,00    0,00    0,00    0,00    0,00    0,00   92,93
14:18:39       7    0,00    0,00    0,00    0,00    0,00    0,00    0,00    0,00    0,00  100,00
14:18:39       8    3,96    0,00    1,98    0,00    0,00    0,00    0,00    0,00    0,00   94,06
14:18:39       9    0,00    0,00    0,00    0,00    0,00    0,00    0,00    0,00    0,00  100,00
14:18:39      10    1,00    0,00    0,00    0,00    0,00    0,00    0,00    0,00    0,00   99,00
14:18:39      11    0,00    0,00    0,00    0,00    0,00    0,00    0,00    0,00    0,00  100,00
14:18:39      12    0,00    0,00    0,00    0,00    0,00    0,00    0,00    0,00    0,00  100,00
14:18:39      13    0,00    0,00    0,00    0,00    0,00    0,00    0,00    0,00    0,00  100,00
14:18:39      14    0,00    0,00    0,00    0,00    0,00    0,00    0,00    0,00    0,00  100,00
14:18:39      15    0,00    0,00    0,00    0,00    0,00    0,00    0,00    0,00    0,00  100,00
14:18:39      16    3,00    0,00    2,00    0,00    0,00    0,00    0,00    0,00    0,00   95,00
14:18:39      17    1,98    0,00    0,99    0,00    0,00    0,99    0,00    0,00    0,00   96,04
14:18:39      18    2,02    0,00    0,00    0,00    0,00    0,00    0,00    0,00    0,00   97,98
14:18:39      19    3,00    0,00    3,00    0,00    0,00    0,00    0,00    0,00    0,00   94,00
14:18:39      20    1,00    0,00    0,00    0,00    0,00    0,00    0,00    0,00    0,00   99,00
14:18:39      21    0,00    0,00    1,01    0,00    0,00    0,00    0,00    0,00    0,00   98,99
14:18:39      22    1,98    0,00    2,97    0,00    0,00    0,00    0,00    0,00    0,00   95,05
14:18:39      23    2,00    0,00    1,00    0,00    0,00    0,00    0,00    0,00    0,00   97,00

14:18:39     CPU    %usr   %nice    %sys %iowait    %irq   %soft  %steal  %guest  %gnice   %idle
14:18:40     all    0,63    0,00    0,04    0,00    0,00   16,68    0,00    0,00    0,00   82,65
14:18:40       0    0,00    0,00    0,00    0,00    0,00  100,00    0,00    0,00    0,00    0,00
14:18:40       1    0,00    0,00    0,00    0,00    0,00  100,00    0,00    0,00    0,00    0,00
14:18:40       2    0,00    0,00    0,00    0,00    0,00  100,00    0,00    0,00    0,00    0,00
14:18:40       3    0,00    0,00    0,00    0,00    0,00  100,00    0,00    0,00    0,00    0,00
14:18:40       4    0,00    0,00    0,00    0,00    0,00    0,00    0,00    0,00    0,00  100,00
14:18:40       5    0,00    0,00    0,00    0,00    0,00    0,00    0,00    0,00    0,00  100,00
14:18:40       6    0,00    0,00    0,00    0,00    0,00    0,00    0,00    0,00    0,00  100,00
14:18:40       7    0,00    0,00    0,00    0,00    0,00    0,00    0,00    0,00    0,00  100,00
14:18:40       8    0,00    0,00    0,00    0,00    0,00    0,00    0,00    0,00    0,00  100,00
14:18:40       9    0,00    0,00    0,00    0,00    0,00    0,00    0,00    0,00    0,00  100,00
14:18:40      10    1,01    0,00    0,00    0,00    0,00    0,00    0,00    0,00    0,00   98,99
14:18:40      11    0,00    0,00    0,00    0,00    0,00    0,00    0,00    0,00    0,00  100,00
14:18:40      12    0,00    0,00    0,00    0,00    0,00    0,00    0,00    0,00    0,00  100,00
14:18:40      13    0,00    0,00    0,00    0,00    0,00    0,00    0,00    0,00    0,00  100,00
14:18:40      14    5,00    0,00    0,00    0,00    0,00    0,00    0,00    0,00    0,00   95,00
14:18:40      15    0,00    0,00    0,00    0,00    0,00    0,00    0,00    0,00    0,00  100,00
14:18:40      16    1,00    0,00    0,00    0,00    0,00    0,00    0,00    0,00    0,00   99,00
14:18:40      17    2,00    0,00    0,00    0,00    0,00    0,00    0,00    0,00    0,00   98,00
14:18:40      18    6,00    0,00    0,00    0,00    0,00    0,00    0,00    0,00    0,00   94,00
14:18:40      19    0,00    0,00    0,00    0,00    0,00    0,00    0,00    0,00    0,00  100,00
14:18:40      20    0,00    0,00    0,00    0,00    0,00    0,00    0,00    0,00    0,00  100,00
14:18:40      21    0,00    0,00    0,99    0,00    0,00    0,00    0,00    0,00    0,00   99,01
14:18:40      22    0,00    0,00    0,00    0,00    0,00    0,00    0,00    0,00    0,00  100,00
14:18:40      23    0,00    0,00    0,00    0,00    0,00    0,00    0,00    0,00    0,00  100,00

14:18:40     CPU    %usr   %nice    %sys %iowait    %irq   %soft  %steal  %guest  %gnice   %idle
14:18:41     all    0,63    0,00    0,00    0,00    0,00   16,69    0,00    0,00    0,00   82,69
14:18:41       0    0,00    0,00    0,00    0,00    0,00  100,00    0,00    0,00    0,00    0,00
14:18:41       1    0,00    0,00    0,00    0,00    0,00  100,00    0,00    0,00    0,00    0,00
14:18:41       2    0,00    0,00    0,00    0,00    0,00  100,00    0,00    0,00    0,00    0,00
14:18:41       3    0,00    0,00    0,00    0,00    0,00  100,00    0,00    0,00    0,00    0,00
14:18:41       4    0,00    0,00    0,00    0,00    0,00    0,00    0,00    0,00    0,00  100,00
14:18:41       5    0,00    0,00    0,00    0,00    0,00    0,00    0,00    0,00    0,00  100,00
14:18:41       6    0,00    0,00    0,00    0,00    0,00    0,00    0,00    0,00    0,00  100,00
14:18:41       7    0,00    0,00    0,00    0,00    0,00    0,00    0,00    0,00    0,00  100,00
14:18:41       8    0,00    0,00    0,00    0,00    0,00    0,00    0,00    0,00    0,00  100,00
14:18:41       9    0,00    0,00    0,00    0,00    0,00    0,00    0,00    0,00    0,00  100,00
14:18:41      10    0,99    0,00    0,00    0,00    0,00    0,00    0,00    0,00    0,00   99,01
14:18:41      11    0,00    0,00    0,00    0,00    0,00    0,00    0,00    0,00    0,00  100,00
14:18:41      12    0,00    0,00    0,00    0,00    0,00    0,00    0,00    0,00    0,00  100,00
14:18:41      13    0,00    0,00    0,00    0,00    0,00    0,00    0,00    0,00    0,00  100,00
14:18:41      14    0,00    0,00    0,00    0,00    0,00    0,00    0,00    0,00    0,00  100,00
14:18:41      15    0,00    0,00    0,00    0,00    0,00    0,00    0,00    0,00    0,00  100,00
14:18:41      16    1,01    0,00    0,00    0,00    0,00    0,00    0,00    0,00    0,00   98,99
14:18:41      17   13,13    0,00    0,00    0,00    0,00    0,00    0,00    0,00    0,00   86,87
14:18:41      18    0,00    0,00    0,00    0,00    0,00    0,00    0,00    0,00    0,00  100,00
14:18:41      19    0,00    0,00    0,00    0,00    0,00    0,00    0,00    0,00    0,00  100,00
14:18:41      20    0,00    0,00    0,00    0,00    0,00    0,00    0,00    0,00    0,00  100,00
14:18:41      21    0,00    0,00    0,00    0,00    0,00    0,00    0,00    0,00    0,00  100,00
14:18:41      22    0,00    0,00    0,00    0,00    0,00    0,00    0,00    0,00    0,00  100,00
14:18:41      23    0,00    0,00    0,00    0,00    0,00    0,00    0,00    0,00    0,00  100,00

14:18:41     CPU    %usr   %nice    %sys %iowait    %irq   %soft  %steal  %guest  %gnice   %idle
14:18:42     all    0,29    0,00    0,00    0,08    0,00   16,67    0,00    0,00    0,00   82,95
14:18:42       0    0,00    0,00    0,00    0,00    0,00  100,00    0,00    0,00    0,00    0,00
14:18:42       1    0,00    0,00    0,00    0,00    0,00  100,00    0,00    0,00    0,00    0,00
14:18:42       2    0,00    0,00    0,00    0,00    0,00  100,00    0,00    0,00    0,00    0,00
14:18:42       3    0,00    0,00    0,00    0,00    0,00  100,00    0,00    0,00    0,00    0,00
14:18:42       4    0,00    0,00    0,00    0,00    0,00    0,00    0,00    0,00    0,00  100,00
14:18:42       5    0,00    0,00    0,00    0,00    0,00    0,00    0,00    0,00    0,00  100,00
14:18:42       6    1,00    0,00    0,00    0,00    0,00    0,00    0,00    0,00    0,00   99,00
14:18:42       7    0,00    0,00    0,00    0,00    0,00    0,00    0,00    0,00    0,00  100,00
14:18:42       8    5,00    0,00    0,00    0,00    0,00    0,00    0,00    0,00    0,00   95,00
14:18:42       9    0,00    0,00    0,00    0,00    0,00    0,00    0,00    0,00    0,00  100,00
14:18:42      10    0,00    0,00    0,00    1,00    0,00    0,00    0,00    0,00    0,00   99,00
14:18:42      11    0,00    0,00    0,00    0,00    0,00    0,00    0,00    0,00    0,00  100,00
14:18:42      12    0,00    0,00    0,00    1,00    0,00    0,00    0,00    0,00    0,00   99,00
14:18:42      13    0,00    0,00    0,00    0,00    0,00    0,00    0,00    0,00    0,00  100,00
14:18:42      14    0,00    0,00    0,00    0,00    0,00    0,00    0,00    0,00    0,00  100,00
14:18:42      15    0,00    0,00    0,00    0,00    0,00    0,00    0,00    0,00    0,00  100,00
14:18:42      16    0,99    0,00    0,00    0,00    0,00    0,00    0,00    0,00    0,00   99,01
14:18:42      17    0,00    0,00    0,00    0,00    0,00    0,00    0,00    0,00    0,00  100,00
14:18:42      18    0,00    0,00    0,00    0,00    0,00    0,00    0,00    0,00    0,00  100,00
14:18:42      19    0,00    0,00    0,00    0,00    0,00    0,00    0,00    0,00    0,00  100,00
14:18:42      20    0,00    0,00    0,00    0,00    0,00    0,00    0,00    0,00    0,00  100,00
14:18:42      21    0,00    0,00    0,00    0,00    0,00    0,00    0,00    0,00    0,00  100,00
14:18:42      22    0,00    0,00    0,00    0,00    0,00    0,00    0,00    0,00    0,00  100,00
14:18:42      23    0,00    0,00    0,00    0,00    0,00    0,00    0,00    0,00    0,00  100,00

14:18:42     CPU    %usr   %nice    %sys %iowait    %irq   %soft  %steal  %guest  %gnice   %idle
14:18:43     all    0,63    0,00    0,00    0,00    0,00   16,67    0,00    0,00    0,00   82,70
14:18:43       0    0,00    0,00    0,00    0,00    0,00  100,00    0,00    0,00    0,00    0,00
14:18:43       1    0,00    0,00    0,00    0,00    0,00  100,00    0,00    0,00    0,00    0,00
14:18:43       2    0,00    0,00    0,00    0,00    0,00  100,00    0,00    0,00    0,00    0,00
14:18:43       3    0,00    0,00    0,00    0,00    0,00  100,00    0,00    0,00    0,00    0,00
14:18:43       4    0,00    0,00    0,00    0,00    0,00    0,00    0,00    0,00    0,00  100,00
14:18:43       5    0,00    0,00    0,00    0,00    0,00    0,00    0,00    0,00    0,00  100,00
14:18:43       6    0,00    0,00    0,00    0,00    0,00    0,00    0,00    0,00    0,00  100,00
14:18:43       7    0,00    0,00    0,00    0,00    0,00    0,00    0,00    0,00    0,00  100,00
14:18:43       8    0,00    0,00    0,00    0,00    0,00    0,00    0,00    0,00    0,00  100,00
14:18:43       9    0,00    0,00    0,00    0,00    0,00    0,00    0,00    0,00    0,00  100,00
14:18:43      10    0,00    0,00    0,00    0,00    0,00    0,00    0,00    0,00    0,00  100,00
14:18:43      11    0,00    0,00    0,00    0,00    0,00    0,00    0,00    0,00    0,00  100,00
14:18:43      12    0,00    0,00    0,00    0,00    0,00    0,00    0,00    0,00    0,00  100,00
14:18:43      13    0,00    0,00    0,00    0,00    0,00    0,00    0,00    0,00    0,00  100,00
14:18:43      14    0,00    0,00    0,00    0,00    0,00    0,00    0,00    0,00    0,00  100,00
14:18:43      15    0,00    0,00    0,00    0,00    0,00    0,00    0,00    0,00    0,00  100,00
14:18:43      16    1,01    0,00    0,00    0,00    0,00    0,00    0,00    0,00    0,00   98,99
14:18:43      17   13,86    0,00    0,00    0,00    0,00    0,00    0,00    0,00    0,00   86,14
14:18:43      18    0,00    0,00    0,00    0,00    0,00    0,00    0,00    0,00    0,00  100,00
14:18:43      19    0,00    0,00    0,00    0,00    0,00    0,00    0,00    0,00    0,00  100,00
14:18:43      20    0,00    0,00    0,00    0,00    0,00    0,00    0,00    0,00    0,00  100,00
14:18:43      21    0,00    0,00    0,00    0,00    0,00    0,00    0,00    0,00    0,00  100,00
14:18:43      22    0,00    0,00    0,00    0,00    0,00    0,00    0,00    0,00    0,00  100,00
14:18:43      23    0,00    0,00    0,00    0,00    0,00    0,00    0,00    0,00    0,00  100,00

14:18:43     CPU    %usr   %nice    %sys %iowait    %irq   %soft  %steal  %guest  %gnice   %idle
14:18:44     all    0,67    0,00    0,04    0,00    0,00   16,68    0,00    0,00    0,00   82,61
14:18:44       0    0,00    0,00    0,00    0,00    0,00  100,00    0,00    0,00    0,00    0,00
14:18:44       1    0,00    0,00    0,00    0,00    0,00  100,00    0,00    0,00    0,00    0,00
14:18:44       2    0,00    0,00    0,00    0,00    0,00  100,00    0,00    0,00    0,00    0,00
14:18:44       3    0,00    0,00    0,00    0,00    0,00  100,00    0,00    0,00    0,00    0,00
14:18:44       4    0,00    0,00    0,00    0,00    0,00    0,00    0,00    0,00    0,00  100,00
14:18:44       5    0,00    0,00    0,00    0,00    0,00    0,00    0,00    0,00    0,00  100,00
14:18:44       6    0,00    0,00    0,00    0,00    0,00    0,00    0,00    0,00    0,00  100,00
14:18:44       7    0,00    0,00    0,00    0,00    0,00    0,00    0,00    0,00    0,00  100,00
14:18:44       8    1,01    0,00    0,00    0,00    0,00    0,00    0,00    0,00    0,00   98,99
14:18:44       9    0,00    0,00    0,00    0,00    0,00    0,00    0,00    0,00    0,00  100,00
14:18:44      10    0,00    0,00    0,00    0,00    0,00    0,00    0,00    0,00    0,00  100,00
14:18:44      11    0,00    0,00    0,00    0,00    0,00    0,00    0,00    0,00    0,00  100,00
14:18:44      12    0,00    0,00    0,00    0,00    0,00    0,00    0,00    0,00    0,00  100,00
14:18:44      13    0,00    0,00    0,00    0,00    0,00    0,00    0,00    0,00    0,00  100,00
14:18:44      14    0,99    0,00    0,00    0,00    0,00    0,00    0,00    0,00    0,00   99,01
14:18:44      15    0,00    0,00    0,00    0,00    0,00    0,00    0,00    0,00    0,00  100,00
14:18:44      16    2,00    0,00    0,00    0,00    0,00    0,00    0,00    0,00    0,00   98,00
14:18:44      17   12,00    0,00    1,00    0,00    0,00    0,00    0,00    0,00    0,00   87,00
14:18:44      18    0,00    0,00    0,00    0,00    0,00    0,00    0,00    0,00    0,00  100,00
14:18:44      19    0,00    0,00    0,00    0,00    0,00    0,00    0,00    0,00    0,00  100,00
14:18:44      20    0,00    0,00    0,00    0,00    0,00    0,00    0,00    0,00    0,00  100,00
14:18:44      21    0,00    0,00    0,00    0,00    0,00    0,00    0,00    0,00    0,00  100,00
14:18:44      22    0,00    0,00    0,00    0,00    0,00    0,00    0,00    0,00    0,00  100,00
14:18:44      23    0,00    0,00    0,00    0,00    0,00    0,00    0,00    0,00    0,00  100,00

14:18:44     CPU    %usr   %nice    %sys %iowait    %irq   %soft  %steal  %guest  %gnice   %idle
14:18:45     all    0,00    0,00    0,17    0,00    0,00   16,65    0,00    0,00    0,00   83,19
14:18:45       0    0,00    0,00    0,00    0,00    0,00  100,00    0,00    0,00    0,00    0,00
14:18:45       1    0,00    0,00    0,00    0,00    0,00  100,00    0,00    0,00    0,00    0,00
14:18:45       2    0,00    0,00    0,00    0,00    0,00  100,00    0,00    0,00    0,00    0,00
14:18:45       3    0,00    0,00    0,00    0,00    0,00  100,00    0,00    0,00    0,00    0,00
14:18:45       4    0,00    0,00    0,00    0,00    0,00    0,00    0,00    0,00    0,00  100,00
14:18:45       5    0,00    0,00    0,00    0,00    0,00    0,00    0,00    0,00    0,00  100,00
14:18:45       6    0,00    0,00    0,99    0,00    0,00    0,00    0,00    0,00    0,00   99,01
14:18:45       7    0,00    0,00    0,00    0,00    0,00    0,00    0,00    0,00    0,00  100,00
14:18:45       8    0,00    0,00    0,00    0,00    0,00    0,00    0,00    0,00    0,00  100,00
14:18:45       9    0,00    0,00    0,00    0,00    0,00    0,00    0,00    0,00    0,00  100,00
14:18:45      10    0,00    0,00    0,00    0,00    0,00    0,00    0,00    0,00    0,00  100,00
14:18:45      11    0,00    0,00    0,99    0,00    0,00    0,00    0,00    0,00    0,00   99,01
14:18:45      12    0,00    0,00    0,00    0,00    0,00    0,00    0,00    0,00    0,00  100,00
14:18:45      13    0,00    0,00    0,00    0,00    0,00    0,00    0,00    0,00    0,00  100,00
14:18:45      14    0,00    0,00    0,00    0,00    0,00    0,00    0,00    0,00    0,00  100,00
14:18:45      15    0,00    0,00    0,00    0,00    0,00    0,00    0,00    0,00    0,00  100,00
14:18:45      16    0,00    0,00    0,00    0,00    0,00    0,00    0,00    0,00    0,00  100,00
14:18:45      17    0,00    0,00    0,00    0,00    0,00    0,00    0,00    0,00    0,00  100,00
14:18:45      18    0,00    0,00    0,99    0,00    0,00    0,00    0,00    0,00    0,00   99,01
14:18:45      19    0,00    0,00    0,00    0,00    0,00    0,00    0,00    0,00    0,00  100,00
14:18:45      20    0,00    0,00    0,00    0,00    0,00    0,00    0,00    0,00    0,00  100,00
14:18:45      21    0,00    0,00    0,00    0,00    0,00    0,00    0,00    0,00    0,00  100,00
14:18:45      22    0,00    0,00    0,00    0,00    0,00    0,00    0,00    0,00    0,00  100,00
14:18:45      23    0,00    0,00    0,99    0,00    0,00    0,00    0,00    0,00    0,00   99,01

14:18:45     CPU    %usr   %nice    %sys %iowait    %irq   %soft  %steal  %guest  %gnice   %idle
14:18:46     all    0,00    0,00    0,00    0,00    0,00   16,68    0,00    0,00    0,00   83,32
14:18:46       0    0,00    0,00    0,00    0,00    0,00  100,00    0,00    0,00    0,00    0,00
14:18:46       1    0,00    0,00    0,00    0,00    0,00  100,00    0,00    0,00    0,00    0,00
14:18:46       2    0,00    0,00    0,00    0,00    0,00  100,00    0,00    0,00    0,00    0,00
14:18:46       3    0,00    0,00    0,00    0,00    0,00  100,00    0,00    0,00    0,00    0,00
14:18:46       4    0,00    0,00    0,00    0,00    0,00    0,00    0,00    0,00    0,00  100,00
14:18:46       5    0,00    0,00    0,00    0,00    0,00    0,00    0,00    0,00    0,00  100,00
14:18:46       6    0,00    0,00    0,00    0,00    0,00    0,00    0,00    0,00    0,00  100,00
14:18:46       7    0,00    0,00    0,00    0,00    0,00    0,00    0,00    0,00    0,00  100,00
14:18:46       8    0,00    0,00    0,00    0,00    0,00    0,00    0,00    0,00    0,00  100,00
14:18:46       9    0,00    0,00    0,00    0,00    0,00    0,00    0,00    0,00    0,00  100,00
14:18:46      10    0,00    0,00    0,00    0,00    0,00    0,00    0,00    0,00    0,00  100,00
14:18:46      11    0,00    0,00    0,00    0,00    0,00    0,00    0,00    0,00    0,00  100,00
14:18:46      12    0,00    0,00    0,00    0,00    0,00    0,00    0,00    0,00    0,00  100,00
14:18:46      13    0,00    0,00    0,00    0,00    0,00    0,00    0,00    0,00    0,00  100,00
14:18:46      14    0,00    0,00    0,00    0,00    0,00    0,00    0,00    0,00    0,00  100,00
14:18:46      15    0,00    0,00    0,00    0,00    0,00    0,00    0,00    0,00    0,00  100,00
14:18:46      16    0,00    0,00    0,00    0,00    0,00    0,00    0,00    0,00    0,00  100,00
14:18:46      17    0,00    0,00    0,00    0,00    0,00    0,00    0,00    0,00    0,00  100,00
14:18:46      18    0,00    0,00    0,00    0,00    0,00    0,00    0,00    0,00    0,00  100,00
14:18:46      19    0,00    0,00    0,00    0,00    0,00    0,00    0,00    0,00    0,00  100,00
14:18:46      20    0,00    0,00    0,00    0,00    0,00    0,00    0,00    0,00    0,00  100,00
14:18:46      21    0,00    0,00    0,00    0,00    0,00    0,00    0,00    0,00    0,00  100,00
14:18:46      22    0,00    0,00    0,00    0,00    0,00    0,00    0,00    0,00    0,00  100,00
14:18:46      23    0,00    0,00    0,00    0,00    0,00    0,00    0,00    0,00    0,00  100,00

14:18:46     CPU    %usr   %nice    %sys %iowait    %irq   %soft  %steal  %guest  %gnice   %idle
14:18:47     all    0,54    0,00    0,33    0,12    0,00   16,67    0,00    0,00    0,00   82,33
14:18:47       0    0,00    0,00    0,00    0,00    0,00  100,00    0,00    0,00    0,00    0,00
14:18:47       1    0,00    0,00    0,00    0,00    0,00  100,00    0,00    0,00    0,00    0,00
14:18:47       2    0,00    0,00    0,00    0,00    0,00  100,00    0,00    0,00    0,00    0,00
14:18:47       3    0,00    0,00    0,00    0,00    0,00  100,00    0,00    0,00    0,00    0,00
14:18:47       4    0,00    0,00    0,00    0,00    0,00    0,00    0,00    0,00    0,00  100,00
14:18:47       5    0,00    0,00    0,00    0,00    0,00    0,00    0,00    0,00    0,00  100,00
14:18:47       6    0,00    0,00    0,00    0,00    0,00    0,00    0,00    0,00    0,00  100,00
14:18:47       7    3,00    0,00    7,00    0,00    0,00    0,00    0,00    0,00    0,00   90,00
14:18:47       8    9,00    0,00    1,00    0,00    0,00    0,00    0,00    0,00    0,00   90,00
14:18:47       9    0,00    0,00    0,00    0,00    0,00    0,00    0,00    0,00    0,00  100,00
14:18:47      10    0,00    0,00    0,00    1,98    0,00    0,00    0,00    0,00    0,00   98,02
14:18:47      11    0,00    0,00    0,00    0,00    0,00    0,00    0,00    0,00    0,00  100,00
14:18:47      12    0,99    0,00    0,00    0,99    0,00    0,00    0,00    0,00    0,00   98,02
14:18:47      13    0,00    0,00    0,00    0,00    0,00    0,00    0,00    0,00    0,00  100,00
14:18:47      14    0,00    0,00    0,00    0,00    0,00    0,00    0,00    0,00    0,00  100,00
14:18:47      15    0,00    0,00    0,00    0,00    0,00    0,00    0,00    0,00    0,00  100,00
14:18:47      16    0,00    0,00    0,00    0,00    0,00    0,00    0,00    0,00    0,00  100,00
14:18:47      17    0,00    0,00    0,00    0,00    0,00    0,00    0,00    0,00    0,00  100,00
14:18:47      18    0,00    0,00    0,00    0,00    0,00    0,00    0,00    0,00    0,00  100,00
14:18:47      19    0,00    0,00    0,00    0,00    0,00    0,00    0,00    0,00    0,00  100,00
14:18:47      20    0,00    0,00    0,00    0,00    0,00    0,00    0,00    0,00    0,00  100,00
14:18:47      21    0,00    0,00    0,00    0,00    0,00    0,00    0,00    0,00    0,00  100,00
14:18:47      22    0,00    0,00    0,00    0,00    0,00    0,00    0,00    0,00    0,00  100,00
14:18:47      23    0,00    0,00    0,00    0,00    0,00    0,00    0,00    0,00    0,00  100,00

14:18:47     CPU    %usr   %nice    %sys %iowait    %irq   %soft  %steal  %guest  %gnice   %idle
14:18:48     all    0,00    0,00    0,00    0,00    0,00   16,67    0,00    0,00    0,00   83,33
14:18:48       0    0,00    0,00    0,00    0,00    0,00  100,00    0,00    0,00    0,00    0,00
14:18:48       1    0,00    0,00    0,00    0,00    0,00  100,00    0,00    0,00    0,00    0,00
14:18:48       2    0,00    0,00    0,00    0,00    0,00  100,00    0,00    0,00    0,00    0,00
14:18:48       3    0,00    0,00    0,00    0,00    0,00  100,00    0,00    0,00    0,00    0,00
14:18:48       4    0,00    0,00    0,00    0,00    0,00    0,00    0,00    0,00    0,00  100,00
14:18:48       5    0,00    0,00    0,00    0,00    0,00    0,00    0,00    0,00    0,00  100,00
14:18:48       6    0,00    0,00    0,00    0,00    0,00    0,00    0,00    0,00    0,00  100,00
14:18:48       7    0,00    0,00    0,00    0,00    0,00    0,00    0,00    0,00    0,00  100,00
14:18:48       8    0,00    0,00    0,00    0,00    0,00    0,00    0,00    0,00    0,00  100,00
14:18:48       9    0,00    0,00    0,00    0,00    0,00    0,00    0,00    0,00    0,00  100,00
14:18:48      10    0,00    0,00    0,00    0,00    0,00    0,00    0,00    0,00    0,00  100,00
14:18:48      11    0,00    0,00    0,00    0,00    0,00    0,00    0,00    0,00    0,00  100,00
14:18:48      12    0,00    0,00    0,00    0,00    0,00    0,00    0,00    0,00    0,00  100,00
14:18:48      13    0,00    0,00    0,00    0,00    0,00    0,00    0,00    0,00    0,00  100,00
14:18:48      14    0,00    0,00    0,00    0,00    0,00    0,00    0,00    0,00    0,00  100,00
14:18:48      15    0,00    0,00    0,00    0,00    0,00    0,00    0,00    0,00    0,00  100,00
14:18:48      16    0,00    0,00    0,00    0,00    0,00    0,00    0,00    0,00    0,00  100,00
14:18:48      17    0,00    0,00    0,00    0,00    0,00    0,00    0,00    0,00    0,00  100,00
14:18:48      18    0,00    0,00    0,00    0,00    0,00    0,00    0,00    0,00    0,00  100,00
14:18:48      19    0,00    0,00    0,00    0,00    0,00    0,00    0,00    0,00    0,00  100,00
14:18:48      20    0,00    0,00    0,00    0,00    0,00    0,00    0,00    0,00    0,00  100,00
14:18:48      21    0,00    0,00    0,00    0,00    0,00    0,00    0,00    0,00    0,00  100,00
14:18:48      22    0,00    0,00    0,00    0,00    0,00    0,00    0,00    0,00    0,00  100,00
14:18:48      23    0,00    0,00    0,00    0,00    0,00    0,00    0,00    0,00    0,00  100,00

14:18:48     CPU    %usr   %nice    %sys %iowait    %irq   %soft  %steal  %guest  %gnice   %idle
14:18:49     all    1,54    0,00    0,54    0,00    0,00   16,70    0,00    0,00    0,00   81,21
14:18:49       0    0,00    0,00    0,00    0,00    0,00  100,00    0,00    0,00    0,00    0,00
14:18:49       1    0,00    0,00    0,00    0,00    0,00  100,00    0,00    0,00    0,00    0,00
14:18:49       2    0,00    0,00    0,00    0,00    0,00  100,00    0,00    0,00    0,00    0,00
14:18:49       3    0,00    0,00    0,00    0,00    0,00  100,00    0,00    0,00    0,00    0,00
14:18:49       4    0,00    0,00    0,00    0,00    0,00    0,00    0,00    0,00    0,00  100,00
14:18:49       5    0,00    0,00    0,00    0,00    0,00    0,00    0,00    0,00    0,00  100,00
14:18:49       6    1,00    0,00    0,00    0,00    0,00    0,00    0,00    0,00    0,00   99,00
14:18:49       7    0,00    0,00    0,00    0,00    0,00    0,00    0,00    0,00    0,00  100,00
14:18:49       8    3,00    0,00    0,00    0,00    0,00    0,00    0,00    0,00    0,00   97,00
14:18:49       9    0,00    0,00    0,00    0,00    0,00    0,00    0,00    0,00    0,00  100,00
14:18:49      10    0,00    0,00    1,00    0,00    0,00    0,00    0,00    0,00    0,00   99,00
14:18:49      11    0,00    0,00    0,00    0,00    0,00    0,00    0,00    0,00    0,00  100,00
14:18:49      12    0,00    0,00    0,00    0,00    0,00    0,00    0,00    0,00    0,00  100,00
14:18:49      13    0,00    0,00    0,00    0,00    0,00    0,00    0,00    0,00    0,00  100,00
14:18:49      14   15,15    0,00    2,02    0,00    0,00    0,00    0,00    0,00    0,00   82,83
14:18:49      15    0,00    0,00    0,00    0,00    0,00    0,00    0,00    0,00    0,00  100,00
14:18:49      16    4,95    0,00    2,97    0,00    0,00    0,00    0,00    0,00    0,00   92,08
14:18:49      17    5,05    0,00    1,01    0,00    0,00    0,00    0,00    0,00    0,00   93,94
14:18:49      18    1,02    0,00    0,00    0,00    0,00    0,00    0,00    0,00    0,00   98,98
14:18:49      19    2,00    0,00    1,00    0,00    0,00    0,00    0,00    0,00    0,00   97,00
14:18:49      20    1,01    0,00    1,01    0,00    0,00    0,00    0,00    0,00    0,00   97,98
14:18:49      21    1,00    0,00    1,00    0,00    0,00    0,00    0,00    0,00    0,00   98,00
14:18:49      22    1,00    0,00    1,00    0,00    0,00    0,00    0,00    0,00    0,00   98,00
14:18:49      23    2,00    0,00    2,00    0,00    0,00    0,00    0,00    0,00    0,00   96,00
