Linux 6.8.0-111-generic (testbed-node6) 	12/05/26 	_x86_64_	(24 CPU)

19:44:33     CPU    %usr   %nice    %sys %iowait    %irq   %soft  %steal  %guest  %gnice   %idle
19:44:34     all    0,87    0,00    0,42    0,08    0,00    4,16    0,00    0,00    0,00   94,46
19:44:34       0    0,00    0,00    0,99    0,00    0,00    0,00    0,00    0,00    0,00   99,01
19:44:34       1    1,00    0,00    0,00    0,00    0,00    0,00    0,00    0,00    0,00   99,00
19:44:34       2    0,00    0,00    0,00    0,00    0,00  100,00    0,00    0,00    0,00    0,00
19:44:34       3    0,00    0,00    0,00    0,00    0,00    0,00    0,00    0,00    0,00  100,00
19:44:34       4    0,00    0,00    0,99    0,99    0,00    0,00    0,00    0,00    0,00   98,02
19:44:34       5    0,00    0,00    0,00    0,00    0,00    0,00    0,00    0,00    0,00  100,00
19:44:34       6    0,00    0,00    0,00    0,00    0,00    0,00    0,00    0,00    0,00  100,00
19:44:34       7    0,00    0,00    0,00    0,00    0,00    0,00    0,00    0,00    0,00  100,00
19:44:34       8    0,00    0,00    1,00    1,00    0,00    0,00    0,00    0,00    0,00   98,00
19:44:34       9   10,00    0,00    0,00    0,00    0,00    0,00    0,00    0,00    0,00   90,00
19:44:34      10    0,00    0,00    0,00    0,00    0,00    0,00    0,00    0,00    0,00  100,00
19:44:34      11    6,06    0,00    0,00    0,00    0,00    0,00    0,00    0,00    0,00   93,94
19:44:34      12    0,00    0,00    0,00    0,00    0,00    0,00    0,00    0,00    0,00  100,00
19:44:34      13    0,00    0,00    0,00    0,00    0,00    0,00    0,00    0,00    0,00  100,00
19:44:34      14    0,00    0,00    0,99    0,00    0,00    0,00    0,00    0,00    0,00   99,01
19:44:34      15    1,00    0,00    0,00    0,00    0,00    0,00    0,00    0,00    0,00   99,00
19:44:34      16    0,00    0,00    0,99    0,00    0,00    0,00    0,00    0,00    0,00   99,01
19:44:34      17    0,00    0,00    0,00    0,00    0,00    0,00    0,00    0,00    0,00  100,00
19:44:34      18    1,00    0,00    1,00    0,00    0,00    0,00    0,00    0,00    0,00   98,00
19:44:34      19    1,00    0,00    1,00    0,00    0,00    0,00    0,00    0,00    0,00   98,00
19:44:34      20    0,00    0,00    0,00    0,00    0,00    0,00    0,00    0,00    0,00  100,00
19:44:34      21    1,00    0,00    1,00    0,00    0,00    0,00    0,00    0,00    0,00   98,00
19:44:34      22    0,00    0,00    1,00    0,00    0,00    0,00    0,00    0,00    0,00   99,00
19:44:34      23    0,00    0,00    0,99    0,00    0,00    0,00    0,00    0,00    0,00   99,01

19:44:34     CPU    %usr   %nice    %sys %iowait    %irq   %soft  %steal  %guest  %gnice   %idle
19:44:35     all    0,08    0,00    0,13    0,00    0,00    4,17    0,00    0,00    0,00   95,62
19:44:35       0    0,00    0,00    0,00    0,00    0,00    0,00    0,00    0,00    0,00  100,00
19:44:35       1    0,00    0,00    0,00    0,00    0,00    0,00    0,00    0,00    0,00  100,00
19:44:35       2    0,00    0,00    0,00    0,00    0,00  100,00    0,00    0,00    0,00    0,00
19:44:35       3    0,00    0,00    0,00    0,00    0,00    0,00    0,00    0,00    0,00  100,00
19:44:35       4    0,00    0,00    0,00    0,00    0,00    0,00    0,00    0,00    0,00  100,00
19:44:35       5    0,00    0,00    0,00    0,00    0,00    0,00    0,00    0,00    0,00  100,00
19:44:35       6    0,00    0,00    0,00    0,00    0,00    0,00    0,00    0,00    0,00  100,00
19:44:35       7    0,00    0,00    0,00    0,00    0,00    0,00    0,00    0,00    0,00  100,00
19:44:35       8    0,00    0,00    0,00    0,00    0,00    0,00    0,00    0,00    0,00  100,00
19:44:35       9    0,00    0,00    0,00    0,00    0,00    0,00    0,00    0,00    0,00  100,00
19:44:35      10    1,00    0,00    0,00    0,00    0,00    0,00    0,00    0,00    0,00   99,00
19:44:35      11    0,00    0,00    0,00    0,00    0,00    0,00    0,00    0,00    0,00  100,00
19:44:35      12    0,00    0,00    0,00    0,00    0,00    0,00    0,00    0,00    0,00  100,00
19:44:35      13    0,00    0,00    0,00    0,00    0,00    0,00    0,00    0,00    0,00  100,00
19:44:35      14    0,00    0,00    0,00    0,00    0,00    0,00    0,00    0,00    0,00  100,00
19:44:35      15    0,98    0,00    0,98    0,00    0,00    0,00    0,00    0,00    0,00   98,04
19:44:35      16    0,00    0,00    0,00    0,00    0,00    0,00    0,00    0,00    0,00  100,00
19:44:35      17    0,00    0,00    1,00    0,00    0,00    0,00    0,00    0,00    0,00   99,00
19:44:35      18    0,00    0,00    1,00    0,00    0,00    0,00    0,00    0,00    0,00   99,00
19:44:35      19    0,00    0,00    0,00    0,00    0,00    0,00    0,00    0,00    0,00  100,00
19:44:35      20    0,00    0,00    0,00    0,00    0,00    0,00    0,00    0,00    0,00  100,00
19:44:35      21    0,00    0,00    0,00    0,00    0,00    0,00    0,00    0,00    0,00  100,00
19:44:35      22    0,00    0,00    0,00    0,00    0,00    0,00    0,00    0,00    0,00  100,00
19:44:35      23    0,00    0,00    0,00    0,00    0,00    0,00    0,00    0,00    0,00  100,00

19:44:35     CPU    %usr   %nice    %sys %iowait    %irq   %soft  %steal  %guest  %gnice   %idle
19:44:36     all    1,67    0,00    0,63    0,08    0,00    4,17    0,00    0,00    0,00   93,46
19:44:36       0    2,02    0,00    0,00    0,00    0,00    0,00    0,00    0,00    0,00   97,98
19:44:36       1    0,00    0,00    0,00    0,00    0,00    0,00    0,00    0,00    0,00  100,00
19:44:36       2    0,00    0,00    0,00    0,00    0,00  100,00    0,00    0,00    0,00    0,00
19:44:36       3    0,00    0,00    0,00    0,00    0,00    0,00    0,00    0,00    0,00  100,00
19:44:36       4    0,00    0,00    0,00    0,00    0,00    0,00    0,00    0,00    0,00  100,00
19:44:36       5    0,00    0,00    0,00    0,00    0,00    0,00    0,00    0,00    0,00  100,00
19:44:36       6    1,98    0,00    0,99    0,00    0,00    0,00    0,00    0,00    0,00   97,03
19:44:36       7    0,00    0,00    0,00    0,00    0,00    0,00    0,00    0,00    0,00  100,00
19:44:36       8    1,00    0,00    0,00    1,00    0,00    0,00    0,00    0,00    0,00   98,00
19:44:36       9   11,00    0,00    0,00    0,00    0,00    0,00    0,00    0,00    0,00   89,00
19:44:36      10    0,99    0,00    0,99    0,00    0,00    0,00    0,00    0,00    0,00   98,02
19:44:36      11    0,98    0,00    0,98    0,00    0,00    0,00    0,00    0,00    0,00   98,04
19:44:36      12    7,00    0,00    1,00    0,00    0,00    0,00    0,00    0,00    0,00   92,00
19:44:36      13    0,00    0,00    0,00    0,00    0,00    0,00    0,00    0,00    0,00  100,00
19:44:36      14    0,00    0,00    0,00    0,00    0,00    0,00    0,00    0,00    0,00  100,00
19:44:36      15    4,04    0,00    2,02    0,00    0,00    0,00    0,00    0,00    0,00   93,94
19:44:36      16    1,00    0,00    1,00    1,00    0,00    0,00    0,00    0,00    0,00   97,00
19:44:36      17    1,01    0,00    1,01    0,00    0,00    0,00    0,00    0,00    0,00   97,98
19:44:36      18    3,00    0,00    1,00    0,00    0,00    0,00    0,00    0,00    0,00   96,00
19:44:36      19    1,01    0,00    1,01    0,00    0,00    0,00    0,00    0,00    0,00   97,98
19:44:36      20    0,98    0,00    0,98    0,00    0,00    0,00    0,00    0,00    0,00   98,04
19:44:36      21    1,01    0,00    1,01    0,00    0,00    0,00    0,00    0,00    0,00   97,98
19:44:36      22    2,00    0,00    2,00    0,00    0,00    0,00    0,00    0,00    0,00   96,00
19:44:36      23    1,01    0,00    1,01    0,00    0,00    0,00    0,00    0,00    0,00   97,98

19:44:36     CPU    %usr   %nice    %sys %iowait    %irq   %soft  %steal  %guest  %gnice   %idle
19:44:37     all    0,08    0,00    0,00    0,00    0,00    4,17    0,00    0,00    0,00   95,74
19:44:37       0    0,00    0,00    0,00    0,00    0,00    0,00    0,00    0,00    0,00  100,00
19:44:37       1    0,00    0,00    0,00    0,00    0,00    0,00    0,00    0,00    0,00  100,00
19:44:37       2    0,00    0,00    0,00    0,00    0,00  100,00    0,00    0,00    0,00    0,00
19:44:37       3    0,00    0,00    0,00    0,00    0,00    0,00    0,00    0,00    0,00  100,00
19:44:37       4    0,00    0,00    0,00    0,00    0,00    0,00    0,00    0,00    0,00  100,00
19:44:37       5    0,00    0,00    0,00    0,00    0,00    0,00    0,00    0,00    0,00  100,00
19:44:37       6    0,00    0,00    0,00    0,00    0,00    0,00    0,00    0,00    0,00  100,00
19:44:37       7    0,00    0,00    0,00    0,00    0,00    0,00    0,00    0,00    0,00  100,00
19:44:37       8    0,00    0,00    0,00    0,00    0,00    0,00    0,00    0,00    0,00  100,00
19:44:37       9    0,00    0,00    0,00    0,00    0,00    0,00    0,00    0,00    0,00  100,00
19:44:37      10    0,99    0,00    0,00    0,00    0,00    0,00    0,00    0,00    0,00   99,01
19:44:37      11    0,00    0,00    0,00    0,00    0,00    0,00    0,00    0,00    0,00  100,00
19:44:37      12    0,00    0,00    0,00    0,00    0,00    0,00    0,00    0,00    0,00  100,00
19:44:37      13    0,00    0,00    0,00    0,00    0,00    0,00    0,00    0,00    0,00  100,00
19:44:37      14    0,00    0,00    0,00    0,00    0,00    0,00    0,00    0,00    0,00  100,00
19:44:37      15    0,00    0,00    0,00    0,00    0,00    0,00    0,00    0,00    0,00  100,00
19:44:37      16    0,00    0,00    0,00    0,00    0,00    0,00    0,00    0,00    0,00  100,00
19:44:37      17    0,00    0,00    0,00    0,00    0,00    0,00    0,00    0,00    0,00  100,00
19:44:37      18    0,00    0,00    0,00    0,00    0,00    0,00    0,00    0,00    0,00  100,00
19:44:37      19    0,00    0,00    0,00    0,00    0,00    0,00    0,00    0,00    0,00  100,00
19:44:37      20    0,00    0,00    0,00    0,00    0,00    0,00    0,00    0,00    0,00  100,00
19:44:37      21    0,00    0,00    0,00    0,00    0,00    0,00    0,00    0,00    0,00  100,00
19:44:37      22    0,00    0,00    0,00    0,00    0,00    0,00    0,00    0,00    0,00  100,00
19:44:37      23    0,99    0,00    0,00    0,00    0,00    0,00    0,00    0,00    0,00   99,01

19:44:37     CPU    %usr   %nice    %sys %iowait    %irq   %soft  %steal  %guest  %gnice   %idle
19:44:38     all    0,17    0,00    0,17    0,00    0,00    4,16    0,00    0,00    0,00   95,50
19:44:38       0    0,00    0,00    0,00    0,00    0,00    0,00    0,00    0,00    0,00  100,00
19:44:38       1    0,00    0,00    0,00    0,00    0,00    0,00    0,00    0,00    0,00  100,00
19:44:38       2    0,00    0,00    0,00    0,00    0,00  100,00    0,00    0,00    0,00    0,00
19:44:38       3    0,00    0,00    0,00    0,00    0,00    0,00    0,00    0,00    0,00  100,00
19:44:38       4    0,00    0,00    0,00    0,00    0,00    0,00    0,00    0,00    0,00  100,00
19:44:38       5    0,00    0,00    0,00    0,00    0,00    0,00    0,00    0,00    0,00  100,00
19:44:38       6    0,00    0,00    0,00    0,00    0,00    0,00    0,00    0,00    0,00  100,00
19:44:38       7    0,00    0,00    0,00    0,00    0,00    0,00    0,00    0,00    0,00  100,00
19:44:38       8    0,00    0,00    0,00    0,00    0,00    0,00    0,00    0,00    0,00  100,00
19:44:38       9    0,00    0,00    0,00    0,00    0,00    0,00    0,00    0,00    0,00  100,00
19:44:38      10    0,00    0,00    0,00    0,00    0,00    0,00    0,00    0,00    0,00  100,00
19:44:38      11    0,00    0,00    0,00    0,00    0,00    0,00    0,00    0,00    0,00  100,00
19:44:38      12    0,99    0,00    0,99    0,00    0,00    0,00    0,00    0,00    0,00   98,02
19:44:38      13    0,00    0,00    0,00    0,00    0,00    0,00    0,00    0,00    0,00  100,00
19:44:38      14    0,00    0,00    0,00    0,00    0,00    0,00    0,00    0,00    0,00  100,00
19:44:38      15    1,00    0,00    0,00    0,00    0,00    0,00    0,00    0,00    0,00   99,00
19:44:38      16    0,00    0,00    0,00    0,00    0,00    0,00    0,00    0,00    0,00  100,00
19:44:38      17    1,00    0,00    0,00    0,00    0,00    0,00    0,00    0,00    0,00   99,00
19:44:38      18    0,00    0,00    0,00    0,00    0,00    0,00    0,00    0,00    0,00  100,00
19:44:38      19    0,00    0,00    0,99    0,00    0,00    0,00    0,00    0,00    0,00   99,01
19:44:38      20    0,00    0,00    0,00    0,00    0,00    0,00    0,00    0,00    0,00  100,00
19:44:38      21    0,98    0,00    1,96    0,00    0,00    0,00    0,00    0,00    0,00   97,06
19:44:38      22    0,00    0,00    0,00    0,00    0,00    0,00    0,00    0,00    0,00  100,00
19:44:38      23    0,00    0,00    0,00    0,00    0,00    0,00    0,00    0,00    0,00  100,00

19:44:38     CPU    %usr   %nice    %sys %iowait    %irq   %soft  %steal  %guest  %gnice   %idle
19:44:39     all    0,29    0,00    0,17    0,00    0,00    4,17    0,00    0,00    0,00   95,37
19:44:39       0    0,00    0,00    0,00    0,00    0,00    0,00    0,00    0,00    0,00  100,00
19:44:39       1    0,00    0,00    0,00    0,00    0,00    0,00    0,00    0,00    0,00  100,00
19:44:39       2    0,00    0,00    0,00    0,00    0,00  100,00    0,00    0,00    0,00    0,00
19:44:39       3    0,00    0,00    0,00    0,00    0,00    0,00    0,00    0,00    0,00  100,00
19:44:39       4    0,00    0,00    0,00    0,00    0,00    0,00    0,00    0,00    0,00  100,00
19:44:39       5    0,00    0,00    0,00    0,00    0,00    0,00    0,00    0,00    0,00  100,00
19:44:39       6    0,00    0,00    0,00    0,00    0,00    0,00    0,00    0,00    0,00  100,00
19:44:39       7    0,00    0,00    0,00    0,00    0,00    0,00    0,00    0,00    0,00  100,00
19:44:39       8    1,00    0,00    0,00    0,00    0,00    0,00    0,00    0,00    0,00   99,00
19:44:39       9    0,00    0,00    0,00    0,00    0,00    0,00    0,00    0,00    0,00  100,00
19:44:39      10    1,00    0,00    0,00    0,00    0,00    0,00    0,00    0,00    0,00   99,00
19:44:39      11    0,00    0,00    0,00    0,00    0,00    0,00    0,00    0,00    0,00  100,00
19:44:39      12    0,00    0,00    0,00    0,00    0,00    0,00    0,00    0,00    0,00  100,00
19:44:39      13    0,00    0,00    0,00    0,00    0,00    0,00    0,00    0,00    0,00  100,00
19:44:39      14    1,00    0,00    0,00    0,00    0,00    0,00    0,00    0,00    0,00   99,00
19:44:39      15    0,00    0,00    0,00    0,00    0,00    0,00    0,00    0,00    0,00  100,00
19:44:39      16    1,00    0,00    0,00    0,00    0,00    0,00    0,00    0,00    0,00   99,00
19:44:39      17    0,00    0,00    1,00    0,00    0,00    0,00    0,00    0,00    0,00   99,00
19:44:39      18    0,99    0,00    0,99    0,00    0,00    0,00    0,00    0,00    0,00   98,02
19:44:39      19    1,00    0,00    0,00    0,00    0,00    0,00    0,00    0,00    0,00   99,00
19:44:39      20    1,00    0,00    0,00    0,00    0,00    0,00    0,00    0,00    0,00   99,00
19:44:39      21    0,00    0,00    0,00    0,00    0,00    0,00    0,00    0,00    0,00  100,00
19:44:39      22    0,00    0,00    1,00    0,00    0,00    0,00    0,00    0,00    0,00   99,00
19:44:39      23    0,00    0,00    1,00    0,00    0,00    0,00    0,00    0,00    0,00   99,00

19:44:39     CPU    %usr   %nice    %sys %iowait    %irq   %soft  %steal  %guest  %gnice   %idle
19:44:40     all    0,25    0,00    0,25    0,00    0,00    4,17    0,00    0,00    0,00   95,33
19:44:40       0    2,00    0,00    0,00    0,00    0,00    0,00    0,00    0,00    0,00   98,00
19:44:40       1    0,00    0,00    0,00    0,00    0,00    0,00    0,00    0,00    0,00  100,00
19:44:40       2    0,00    0,00    0,00    0,00    0,00  100,00    0,00    0,00    0,00    0,00
19:44:40       3    0,00    0,00    0,00    0,00    0,00    0,00    0,00    0,00    0,00  100,00
19:44:40       4    0,00    0,00    0,00    0,00    0,00    0,00    0,00    0,00    0,00  100,00
19:44:40       5    0,00    0,00    0,00    0,00    0,00    0,00    0,00    0,00    0,00  100,00
19:44:40       6    0,00    0,00    0,00    0,00    0,00    0,00    0,00    0,00    0,00  100,00
19:44:40       7    0,00    0,00    0,00    0,00    0,00    0,00    0,00    0,00    0,00  100,00
19:44:40       8    0,99    0,00    0,00    0,00    0,00    0,00    0,00    0,00    0,00   99,01
19:44:40       9    0,00    0,00    0,00    0,00    0,00    0,00    0,00    0,00    0,00  100,00
19:44:40      10    0,00    0,00    0,00    0,00    0,00    0,00    0,00    0,00    0,00  100,00
19:44:40      11    0,00    0,00    1,00    0,00    0,00    0,00    0,00    0,00    0,00   99,00
19:44:40      12    0,00    0,00    0,00    0,00    0,00    0,00    0,00    0,00    0,00  100,00
19:44:40      13    0,00    0,00    0,00    0,00    0,00    0,00    0,00    0,00    0,00  100,00
19:44:40      14    0,00    0,00    0,00    0,00    0,00    0,00    0,00    0,00    0,00  100,00
19:44:40      15    0,99    0,00    0,00    0,00    0,00    0,00    0,00    0,00    0,00   99,01
19:44:40      16    0,00    0,00    1,01    0,00    0,00    0,00    0,00    0,00    0,00   98,99
19:44:40      17    1,00    0,00    1,00    0,00    0,00    0,00    0,00    0,00    0,00   98,00
19:44:40      18    0,00    0,00    1,00    0,00    0,00    0,00    0,00    0,00    0,00   99,00
19:44:40      19    0,00    0,00    0,00    0,00    0,00    0,00    0,00    0,00    0,00  100,00
19:44:40      20    0,00    0,00    0,99    0,00    0,00    0,00    0,00    0,00    0,00   99,01
19:44:40      21    0,00    0,00    0,00    0,00    0,00    0,00    0,00    0,00    0,00  100,00
19:44:40      22    0,99    0,00    0,00    0,00    0,00    0,00    0,00    0,00    0,00   99,01
19:44:40      23    0,00    0,00    1,00    0,00    0,00    0,00    0,00    0,00    0,00   99,00

19:44:40     CPU    %usr   %nice    %sys %iowait    %irq   %soft  %steal  %guest  %gnice   %idle
19:44:41     all    0,21    0,00    0,00    0,13    0,00    4,17    0,00    0,00    0,00   95,49
19:44:41       0    0,00    0,00    0,00    0,00    0,00    0,00    0,00    0,00    0,00  100,00
19:44:41       1    0,00    0,00    0,00    1,00    0,00    0,00    0,00    0,00    0,00   99,00
19:44:41       2    0,00    0,00    0,00    0,00    0,00  100,00    0,00    0,00    0,00    0,00
19:44:41       3    1,00    0,00    0,00    0,00    0,00    0,00    0,00    0,00    0,00   99,00
19:44:41       4    0,00    0,00    0,00    0,00    0,00    0,00    0,00    0,00    0,00  100,00
19:44:41       5    0,00    0,00    0,00    0,00    0,00    0,00    0,00    0,00    0,00  100,00
19:44:41       6    0,00    0,00    0,00    0,00    0,00    0,00    0,00    0,00    0,00  100,00
19:44:41       7    0,00    0,00    0,00    0,00    0,00    0,00    0,00    0,00    0,00  100,00
19:44:41       8    0,00    0,00    0,00    1,01    0,00    0,00    0,00    0,00    0,00   98,99
19:44:41       9    0,00    0,00    0,00    0,00    0,00    0,00    0,00    0,00    0,00  100,00
19:44:41      10    1,00    0,00    0,00    0,00    0,00    0,00    0,00    0,00    0,00   99,00
19:44:41      11    0,00    0,00    0,00    0,00    0,00    0,00    0,00    0,00    0,00  100,00
19:44:41      12    0,99    0,00    0,00    0,00    0,00    0,00    0,00    0,00    0,00   99,01
19:44:41      13    0,00    0,00    0,00    0,00    0,00    0,00    0,00    0,00    0,00  100,00
19:44:41      14    0,99    0,00    0,00    0,00    0,00    0,00    0,00    0,00    0,00   99,01
19:44:41      15    0,00    0,00    0,00    0,00    0,00    0,00    0,00    0,00    0,00  100,00
19:44:41      16    1,00    0,00    0,00    0,00    0,00    0,00    0,00    0,00    0,00   99,00
19:44:41      17    0,00    0,00    0,00    0,00    0,00    0,00    0,00    0,00    0,00  100,00
19:44:41      18    0,00    0,00    0,00    0,00    0,00    0,00    0,00    0,00    0,00  100,00
19:44:41      19    0,00    0,00    0,00    0,00    0,00    0,00    0,00    0,00    0,00  100,00
19:44:41      20    0,00    0,00    0,00    0,00    0,00    0,00    0,00    0,00    0,00  100,00
19:44:41      21    0,00    0,00    0,00    0,00    0,00    0,00    0,00    0,00    0,00  100,00
19:44:41      22    0,00    0,00    0,00    1,00    0,00    0,00    0,00    0,00    0,00   99,00
19:44:41      23    0,00    0,00    0,00    0,00    0,00    0,00    0,00    0,00    0,00  100,00

19:44:41     CPU    %usr   %nice    %sys %iowait    %irq   %soft  %steal  %guest  %gnice   %idle
19:44:42     all    0,08    0,00    0,00    0,00    0,00    4,17    0,00    0,00    0,00   95,74
19:44:42       0    0,00    0,00    0,00    0,00    0,00    0,00    0,00    0,00    0,00  100,00
19:44:42       1    0,00    0,00    0,00    0,00    0,00    0,00    0,00    0,00    0,00  100,00
19:44:42       2    0,00    0,00    0,00    0,00    0,00  100,00    0,00    0,00    0,00    0,00
19:44:42       3    0,00    0,00    0,00    0,00    0,00    0,00    0,00    0,00    0,00  100,00
19:44:42       4    0,00    0,00    0,00    0,00    0,00    0,00    0,00    0,00    0,00  100,00
19:44:42       5    0,00    0,00    0,00    0,00    0,00    0,00    0,00    0,00    0,00  100,00
19:44:42       6    0,99    0,00    0,00    0,00    0,00    0,00    0,00    0,00    0,00   99,01
19:44:42       7    0,00    0,00    0,00    0,00    0,00    0,00    0,00    0,00    0,00  100,00
19:44:42       8    0,00    0,00    0,00    0,00    0,00    0,00    0,00    0,00    0,00  100,00
19:44:42       9    0,00    0,00    0,00    0,00    0,00    0,00    0,00    0,00    0,00  100,00
19:44:42      10    0,00    0,00    0,00    0,00    0,00    0,00    0,00    0,00    0,00  100,00
19:44:42      11    0,00    0,00    0,00    0,00    0,00    0,00    0,00    0,00    0,00  100,00
19:44:42      12    0,00    0,00    0,00    0,00    0,00    0,00    0,00    0,00    0,00  100,00
19:44:42      13    0,00    0,00    0,00    0,00    0,00    0,00    0,00    0,00    0,00  100,00
19:44:42      14    0,00    0,00    0,00    0,00    0,00    0,00    0,00    0,00    0,00  100,00
19:44:42      15    0,00    0,00    0,00    0,00    0,00    0,00    0,00    0,00    0,00  100,00
19:44:42      16    0,00    0,00    0,00    0,00    0,00    0,00    0,00    0,00    0,00  100,00
19:44:42      17    0,99    0,00    0,00    0,00    0,00    0,00    0,00    0,00    0,00   99,01
19:44:42      18    0,00    0,00    0,00    0,00    0,00    0,00    0,00    0,00    0,00  100,00
19:44:42      19    0,00    0,00    0,00    0,00    0,00    0,00    0,00    0,00    0,00  100,00
19:44:42      20    0,00    0,00    0,00    0,00    0,00    0,00    0,00    0,00    0,00  100,00
19:44:42      21    0,00    0,00    0,00    0,00    0,00    0,00    0,00    0,00    0,00  100,00
19:44:42      22    0,00    0,00    0,00    0,00    0,00    0,00    0,00    0,00    0,00  100,00
19:44:42      23    0,00    0,00    0,00    0,00    0,00    0,00    0,00    0,00    0,00  100,00

19:44:42     CPU    %usr   %nice    %sys %iowait    %irq   %soft  %steal  %guest  %gnice   %idle
19:44:43     all    0,25    0,00    0,46    0,00    0,00    4,16    0,00    0,00    0,00   95,13
19:44:43       0    0,00    0,00    1,01    0,00    0,00    0,00    0,00    0,00    0,00   98,99
19:44:43       1    0,00    0,00    0,00    0,00    0,00    0,00    0,00    0,00    0,00  100,00
19:44:43       2    0,00    0,00    0,00    0,00    0,00  100,00    0,00    0,00    0,00    0,00
19:44:43       3    0,00    0,00    0,00    0,00    0,00    0,00    0,00    0,00    0,00  100,00
19:44:43       4    1,00    0,00    0,00    0,00    0,00    0,00    0,00    0,00    0,00   99,00
19:44:43       5    0,00    0,00    0,00    0,00    0,00    0,00    0,00    0,00    0,00  100,00
19:44:43       6    0,00    0,00    1,00    0,00    0,00    0,00    0,00    0,00    0,00   99,00
19:44:43       7    0,00    0,00    0,00    0,00    0,00    0,00    0,00    0,00    0,00  100,00
19:44:43       8    0,99    0,00    0,00    0,00    0,00    0,00    0,00    0,00    0,00   99,01
19:44:43       9    0,00    0,00    0,00    0,00    0,00    0,00    0,00    0,00    0,00  100,00
19:44:43      10    0,00    0,00    0,00    0,00    0,00    0,00    0,00    0,00    0,00  100,00
19:44:43      11    0,99    0,00    0,00    0,00    0,00    0,00    0,00    0,00    0,00   99,01
19:44:43      12    1,00    0,00    4,00    0,00    0,00    0,00    0,00    0,00    0,00   95,00
19:44:43      13    0,00    0,00    0,00    0,00    0,00    0,00    0,00    0,00    0,00  100,00
19:44:43      14    0,00    0,00    0,00    0,00    0,00    0,00    0,00    0,00    0,00  100,00
19:44:43      15    0,98    0,00    0,98    0,00    0,00    0,00    0,00    0,00    0,00   98,04
19:44:43      16    0,00    0,00    0,00    0,00    0,00    0,00    0,00    0,00    0,00  100,00
19:44:43      17    0,00    0,00    2,00    0,00    0,00    0,00    0,00    0,00    0,00   98,00
19:44:43      18    0,00    0,00    0,00    0,00    0,00    0,00    0,00    0,00    0,00  100,00
19:44:43      19    0,99    0,00    0,99    0,00    0,00    0,00    0,00    0,00    0,00   98,02
19:44:43      20    0,00    0,00    0,00    0,00    0,00    0,00    0,00    0,00    0,00  100,00
19:44:43      21    0,00    0,00    0,00    0,00    0,00    0,00    0,00    0,00    0,00  100,00
19:44:43      22    0,00    0,00    0,00    0,00    0,00    0,00    0,00    0,00    0,00  100,00
19:44:43      23    0,00    0,00    1,00    0,00    0,00    0,00    0,00    0,00    0,00   99,00
