Linux 6.8.0-111-generic (testbed-node6) 	18/05/26 	_x86_64_	(24 CPU)

13:24:52     CPU    %usr   %nice    %sys %iowait    %irq   %soft  %steal  %guest  %gnice   %idle
13:24:53     all    0,37    0,00    0,29    0,04    0,00    3,41    0,00    0,00    0,00   95,88
13:24:53       0    0,00    0,00    0,00    0,00    0,00    0,00    0,00    0,00    0,00  100,00
13:24:53       1    0,00    0,00    0,00    0,00    0,00    0,00    0,00    0,00    0,00  100,00
13:24:53       2    0,00    0,00    0,99    0,00    0,00   81,19    0,00    0,00    0,00   17,82
13:24:53       3    0,00    0,00    0,00    1,00    0,00    0,00    0,00    0,00    0,00   99,00
13:24:53       4    0,00    0,00    0,00    0,00    0,00    0,00    0,00    0,00    0,00  100,00
13:24:53       5    0,00    0,00    0,00    0,00    0,00    0,00    0,00    0,00    0,00  100,00
13:24:53       6    0,00    0,00    0,00    0,00    0,00    0,00    0,00    0,00    0,00  100,00
13:24:53       7    0,00    0,00    0,00    0,00    0,00    0,00    0,00    0,00    0,00  100,00
13:24:53       8    1,00    0,00    1,00    0,00    0,00    0,00    0,00    0,00    0,00   98,00
13:24:53       9    0,00    0,00    0,00    0,00    0,00    0,00    0,00    0,00    0,00  100,00
13:24:53      10    5,05    0,00    1,01    0,00    0,00    0,00    0,00    0,00    0,00   93,94
13:24:53      11    0,00    0,00    0,00    0,00    0,00    0,00    0,00    0,00    0,00  100,00
13:24:53      12    0,00    0,00    0,99    0,00    0,00    0,00    0,00    0,00    0,00   99,01
13:24:53      13    0,00    0,00    0,00    0,00    0,00    0,00    0,00    0,00    0,00  100,00
13:24:53      14    0,00    0,00    0,00    0,00    0,00    0,00    0,00    0,00    0,00  100,00
13:24:53      15    0,00    0,00    0,00    0,00    0,00    0,00    0,00    0,00    0,00  100,00
13:24:53      16    0,00    0,00    0,00    0,00    0,00    0,00    0,00    0,00    0,00  100,00
13:24:53      17    0,00    0,00    0,00    0,00    0,00    0,00    0,00    0,00    0,00  100,00
13:24:53      18    0,00    0,00    0,00    0,00    0,00    0,00    0,00    0,00    0,00  100,00
13:24:53      19    1,00    0,00    1,00    0,00    0,00    0,00    0,00    0,00    0,00   98,00
13:24:53      20    0,00    0,00    0,00    0,00    0,00    0,00    0,00    0,00    0,00  100,00
13:24:53      21    0,00    0,00    0,00    0,00    0,00    0,00    0,00    0,00    0,00  100,00
13:24:53      22    0,98    0,00    0,98    0,00    0,00    0,00    0,00    0,00    0,00   98,04
13:24:53      23    0,99    0,00    0,99    0,00    0,00    0,00    0,00    0,00    0,00   98,02

13:24:53     CPU    %usr   %nice    %sys %iowait    %irq   %soft  %steal  %guest  %gnice   %idle
13:24:54     all    0,12    0,00    0,00    0,04    0,00    4,12    0,00    0,00    0,00   95,71
13:24:54       0    0,00    0,00    0,00    0,00    0,00    0,00    0,00    0,00    0,00  100,00
13:24:54       1    0,00    0,00    0,00    0,00    0,00    0,00    0,00    0,00    0,00  100,00
13:24:54       2    0,00    0,00    0,00    0,00    0,00  100,00    0,00    0,00    0,00    0,00
13:24:54       3    0,00    0,00    0,00    0,99    0,00    0,00    0,00    0,00    0,00   99,01
13:24:54       4    0,00    0,00    0,00    0,00    0,00    0,00    0,00    0,00    0,00  100,00
13:24:54       5    0,00    0,00    0,00    0,00    0,00    0,00    0,00    0,00    0,00  100,00
13:24:54       6    0,00    0,00    0,00    0,00    0,00    0,00    0,00    0,00    0,00  100,00
13:24:54       7    0,00    0,00    0,00    0,00    0,00    0,00    0,00    0,00    0,00  100,00
13:24:54       8    0,00    0,00    0,00    0,00    0,00    0,00    0,00    0,00    0,00  100,00
13:24:54       9    0,00    0,00    0,00    0,00    0,00    0,00    0,00    0,00    0,00  100,00
13:24:54      10    1,00    0,00    0,00    0,00    0,00    0,00    0,00    0,00    0,00   99,00
13:24:54      11    0,00    0,00    0,00    0,00    0,00    0,00    0,00    0,00    0,00  100,00
13:24:54      12    0,99    0,00    0,00    0,00    0,00    0,00    0,00    0,00    0,00   99,01
13:24:54      13    0,00    0,00    0,00    0,00    0,00    0,00    0,00    0,00    0,00  100,00
13:24:54      14    0,00    0,00    0,00    0,00    0,00    0,00    0,00    0,00    0,00  100,00
13:24:54      15    0,00    0,00    0,00    0,00    0,00    0,00    0,00    0,00    0,00  100,00
13:24:54      16    0,00    0,00    0,00    0,00    0,00    0,00    0,00    0,00    0,00  100,00
13:24:54      17    0,00    0,00    0,00    0,00    0,00    0,00    0,00    0,00    0,00  100,00
13:24:54      18    0,00    0,00    0,00    0,00    0,00    0,00    0,00    0,00    0,00  100,00
13:24:54      19    0,00    0,00    0,00    0,00    0,00    0,00    0,00    0,00    0,00  100,00
13:24:54      20    0,00    0,00    0,00    0,00    0,00    0,00    0,00    0,00    0,00  100,00
13:24:54      21    1,00    0,00    0,00    0,00    0,00    0,00    0,00    0,00    0,00   99,00
13:24:54      22    0,00    0,00    0,00    0,00    0,00    0,00    0,00    0,00    0,00  100,00
13:24:54      23    0,00    0,00    0,00    0,00    0,00    0,00    0,00    0,00    0,00  100,00

13:24:54     CPU    %usr   %nice    %sys %iowait    %irq   %soft  %steal  %guest  %gnice   %idle
13:24:55     all    1,00    0,00    0,42    0,00    0,00    4,18    0,00    0,00    0,00   94,41
13:24:55       0    1,01    0,00    0,00    0,00    0,00    0,00    0,00    0,00    0,00   98,99
13:24:55       1    0,00    0,00    0,00    0,00    0,00    0,00    0,00    0,00    0,00  100,00
13:24:55       2    0,00    0,00    0,00    0,00    0,00  100,00    0,00    0,00    0,00    0,00
13:24:55       3    0,00    0,00    0,00    0,00    0,00    0,00    0,00    0,00    0,00  100,00
13:24:55       4    0,00    0,00    1,00    0,00    0,00    0,00    0,00    0,00    0,00   99,00
13:24:55       5    0,00    0,00    0,00    0,00    0,00    0,00    0,00    0,00    0,00  100,00
13:24:55       6    4,04    0,00    0,00    0,00    0,00    0,00    0,00    0,00    0,00   95,96
13:24:55       7    0,00    0,00    0,00    0,00    0,00    0,00    0,00    0,00    0,00  100,00
13:24:55       8    8,00    0,00    2,00    0,00    0,00    0,00    0,00    0,00    0,00   90,00
13:24:55       9    0,00    0,00    0,00    0,00    0,00    0,00    0,00    0,00    0,00  100,00
13:24:55      10    0,00    0,00    0,00    0,00    0,00    0,00    0,00    0,00    0,00  100,00
13:24:55      11    0,00    0,00    0,00    0,00    0,00    0,00    0,00    0,00    0,00  100,00
13:24:55      12    2,04    0,00    0,00    0,00    0,00    0,00    0,00    0,00    0,00   97,96
13:24:55      13    0,00    0,00    0,00    0,00    0,00    0,00    0,00    0,00    0,00  100,00
13:24:55      14    0,99    0,00    0,00    0,00    0,00    0,00    0,00    0,00    0,00   99,01
13:24:55      15    0,00    0,00    0,00    0,00    0,00    0,00    0,00    0,00    0,00  100,00
13:24:55      16    1,00    0,00    1,00    0,00    0,00    0,00    0,00    0,00    0,00   98,00
13:24:55      17    1,00    0,00    1,00    0,00    0,00    0,00    0,00    0,00    0,00   98,00
13:24:55      18    1,00    0,00    0,00    0,00    0,00    0,00    0,00    0,00    0,00   99,00
13:24:55      19    2,00    0,00    1,00    0,00    0,00    0,00    0,00    0,00    0,00   97,00
13:24:55      20    1,00    0,00    2,00    0,00    0,00    0,00    0,00    0,00    0,00   97,00
13:24:55      21    0,00    0,00    1,00    0,00    0,00    0,00    0,00    0,00    0,00   99,00
13:24:55      22    1,01    0,00    0,00    0,00    0,00    0,00    0,00    0,00    0,00   98,99
13:24:55      23    1,00    0,00    1,00    0,00    0,00    0,00    0,00    0,00    0,00   98,00

13:24:55     CPU    %usr   %nice    %sys %iowait    %irq   %soft  %steal  %guest  %gnice   %idle
13:24:56     all    0,04    0,00    0,00    0,00    0,00    4,17    0,00    0,00    0,00   95,79
13:24:56       0    0,00    0,00    0,00    0,00    0,00    0,00    0,00    0,00    0,00  100,00
13:24:56       1    0,00    0,00    0,00    0,00    0,00    0,00    0,00    0,00    0,00  100,00
13:24:56       2    0,00    0,00    0,00    0,00    0,00  100,00    0,00    0,00    0,00    0,00
13:24:56       3    0,00    0,00    0,00    0,00    0,00    0,00    0,00    0,00    0,00  100,00
13:24:56       4    0,00    0,00    0,00    0,00    0,00    0,00    0,00    0,00    0,00  100,00
13:24:56       5    0,00    0,00    0,00    0,00    0,00    0,00    0,00    0,00    0,00  100,00
13:24:56       6    0,00    0,00    0,00    0,00    0,00    0,00    0,00    0,00    0,00  100,00
13:24:56       7    0,00    0,00    0,00    0,00    0,00    0,00    0,00    0,00    0,00  100,00
13:24:56       8    0,00    0,00    0,00    0,00    0,00    0,00    0,00    0,00    0,00  100,00
13:24:56       9    0,00    0,00    0,00    0,00    0,00    0,00    0,00    0,00    0,00  100,00
13:24:56      10    0,00    0,00    0,00    0,00    0,00    0,00    0,00    0,00    0,00  100,00
13:24:56      11    0,00    0,00    0,00    0,00    0,00    0,00    0,00    0,00    0,00  100,00
13:24:56      12    0,00    0,00    0,00    0,00    0,00    0,00    0,00    0,00    0,00  100,00
13:24:56      13    0,00    0,00    0,00    0,00    0,00    0,00    0,00    0,00    0,00  100,00
13:24:56      14    0,00    0,00    0,00    0,00    0,00    0,00    0,00    0,00    0,00  100,00
13:24:56      15    0,00    0,00    0,00    0,00    0,00    0,00    0,00    0,00    0,00  100,00
13:24:56      16    0,00    0,00    0,00    0,00    0,00    0,00    0,00    0,00    0,00  100,00
13:24:56      17    0,00    0,00    0,00    0,00    0,00    0,00    0,00    0,00    0,00  100,00
13:24:56      18    0,00    0,00    0,00    0,00    0,00    0,00    0,00    0,00    0,00  100,00
13:24:56      19    0,00    0,00    0,00    0,00    0,00    0,00    0,00    0,00    0,00  100,00
13:24:56      20    1,00    0,00    0,00    0,00    0,00    0,00    0,00    0,00    0,00   99,00
13:24:56      21    0,00    0,00    0,00    0,00    0,00    0,00    0,00    0,00    0,00  100,00
13:24:56      22    0,00    0,00    0,00    0,00    0,00    0,00    0,00    0,00    0,00  100,00
13:24:56      23    0,00    0,00    0,00    0,00    0,00    0,00    0,00    0,00    0,00  100,00

13:24:56     CPU    %usr   %nice    %sys %iowait    %irq   %soft  %steal  %guest  %gnice   %idle
13:24:57     all    0,08    0,00    0,00    0,17    0,00    4,16    0,00    0,00    0,00   95,59
13:24:57       0    0,00    0,00    0,00    0,00    0,00    0,00    0,00    0,00    0,00  100,00
13:24:57       1    0,00    0,00    0,00    0,00    0,00    0,00    0,00    0,00    0,00  100,00
13:24:57       2    0,00    0,00    0,00    0,00    0,00  100,00    0,00    0,00    0,00    0,00
13:24:57       3    0,00    0,00    0,00    0,00    0,00    0,00    0,00    0,00    0,00  100,00
13:24:57       4    0,99    0,00    0,00    0,99    0,00    0,00    0,00    0,00    0,00   98,02
13:24:57       5    0,00    0,00    0,00    0,00    0,00    0,00    0,00    0,00    0,00  100,00
13:24:57       6    0,00    0,00    0,00    1,98    0,00    0,00    0,00    0,00    0,00   98,02
13:24:57       7    0,00    0,00    0,00    0,00    0,00    0,00    0,00    0,00    0,00  100,00
13:24:57       8    0,00    0,00    0,00    0,00    0,00    0,00    0,00    0,00    0,00  100,00
13:24:57       9    0,00    0,00    0,00    0,00    0,00    0,00    0,00    0,00    0,00  100,00
13:24:57      10    0,99    0,00    0,00    0,00    0,00    0,00    0,00    0,00    0,00   99,01
13:24:57      11    0,00    0,00    0,00    0,00    0,00    0,00    0,00    0,00    0,00  100,00
13:24:57      12    0,00    0,00    0,00    0,00    0,00    0,00    0,00    0,00    0,00  100,00
13:24:57      13    0,00    0,00    0,00    0,00    0,00    0,00    0,00    0,00    0,00  100,00
13:24:57      14    0,00    0,00    0,00    0,00    0,00    0,00    0,00    0,00    0,00  100,00
13:24:57      15    0,00    0,00    0,00    0,00    0,00    0,00    0,00    0,00    0,00  100,00
13:24:57      16    0,00    0,00    0,00    0,00    0,00    0,00    0,00    0,00    0,00  100,00
13:24:57      17    0,00    0,00    0,00    1,00    0,00    0,00    0,00    0,00    0,00   99,00
13:24:57      18    0,00    0,00    0,00    0,00    0,00    0,00    0,00    0,00    0,00  100,00
13:24:57      19    0,00    0,00    0,00    0,00    0,00    0,00    0,00    0,00    0,00  100,00
13:24:57      20    0,00    0,00    0,00    0,00    0,00    0,00    0,00    0,00    0,00  100,00
13:24:57      21    0,00    0,00    0,00    0,00    0,00    0,00    0,00    0,00    0,00  100,00
13:24:57      22    0,00    0,00    0,00    0,00    0,00    0,00    0,00    0,00    0,00  100,00
13:24:57      23    0,00    0,00    0,00    0,00    0,00    0,00    0,00    0,00    0,00  100,00

13:24:57     CPU    %usr   %nice    %sys %iowait    %irq   %soft  %steal  %guest  %gnice   %idle
13:24:58     all    0,00    0,00    0,00    0,00    0,00    4,17    0,00    0,00    0,00   95,83
13:24:58       0    0,00    0,00    0,00    0,00    0,00    0,00    0,00    0,00    0,00  100,00
13:24:58       1    0,00    0,00    0,00    0,00    0,00    0,00    0,00    0,00    0,00  100,00
13:24:58       2    0,00    0,00    0,00    0,00    0,00  100,00    0,00    0,00    0,00    0,00
13:24:58       3    0,00    0,00    0,00    0,00    0,00    0,00    0,00    0,00    0,00  100,00
13:24:58       4    0,00    0,00    0,00    0,00    0,00    0,00    0,00    0,00    0,00  100,00
13:24:58       5    0,00    0,00    0,00    0,00    0,00    0,00    0,00    0,00    0,00  100,00
13:24:58       6    0,00    0,00    0,00    0,00    0,00    0,00    0,00    0,00    0,00  100,00
13:24:58       7    0,00    0,00    0,00    0,00    0,00    0,00    0,00    0,00    0,00  100,00
13:24:58       8    0,00    0,00    0,00    0,00    0,00    0,00    0,00    0,00    0,00  100,00
13:24:58       9    0,00    0,00    0,00    0,00    0,00    0,00    0,00    0,00    0,00  100,00
13:24:58      10    0,00    0,00    0,00    0,00    0,00    0,00    0,00    0,00    0,00  100,00
13:24:58      11    0,00    0,00    0,00    0,00    0,00    0,00    0,00    0,00    0,00  100,00
13:24:58      12    0,00    0,00    0,00    0,00    0,00    0,00    0,00    0,00    0,00  100,00
13:24:58      13    0,00    0,00    0,00    0,00    0,00    0,00    0,00    0,00    0,00  100,00
13:24:58      14    0,00    0,00    0,00    0,00    0,00    0,00    0,00    0,00    0,00  100,00
13:24:58      15    0,00    0,00    0,00    0,00    0,00    0,00    0,00    0,00    0,00  100,00
13:24:58      16    0,00    0,00    0,00    0,00    0,00    0,00    0,00    0,00    0,00  100,00
13:24:58      17    0,00    0,00    0,00    0,00    0,00    0,00    0,00    0,00    0,00  100,00
13:24:58      18    0,00    0,00    0,00    0,00    0,00    0,00    0,00    0,00    0,00  100,00
13:24:58      19    0,00    0,00    0,00    0,00    0,00    0,00    0,00    0,00    0,00  100,00
13:24:58      20    0,00    0,00    0,00    0,00    0,00    0,00    0,00    0,00    0,00  100,00
13:24:58      21    0,00    0,00    0,00    0,00    0,00    0,00    0,00    0,00    0,00  100,00
13:24:58      22    0,00    0,00    0,00    0,00    0,00    0,00    0,00    0,00    0,00  100,00
13:24:58      23    0,00    0,00    0,00    0,00    0,00    0,00    0,00    0,00    0,00  100,00

13:24:58     CPU    %usr   %nice    %sys %iowait    %irq   %soft  %steal  %guest  %gnice   %idle
13:24:59     all    0,08    0,00    0,04    0,00    0,00    4,17    0,00    0,00    0,00   95,71
13:24:59       0    1,00    0,00    0,00    0,00    0,00    0,00    0,00    0,00    0,00   99,00
13:24:59       1    0,00    0,00    0,00    0,00    0,00    0,00    0,00    0,00    0,00  100,00
13:24:59       2    0,00    0,00    0,00    0,00    0,00  100,00    0,00    0,00    0,00    0,00
13:24:59       3    0,00    0,00    0,00    0,00    0,00    0,00    0,00    0,00    0,00  100,00
13:24:59       4    0,00    0,00    0,00    0,00    0,00    0,00    0,00    0,00    0,00  100,00
13:24:59       5    0,00    0,00    0,00    0,00    0,00    0,00    0,00    0,00    0,00  100,00
13:24:59       6    0,00    0,00    0,00    0,00    0,00    0,00    0,00    0,00    0,00  100,00
13:24:59       7    0,00    0,00    0,00    0,00    0,00    0,00    0,00    0,00    0,00  100,00
13:24:59       8    0,00    0,00    0,00    0,00    0,00    0,00    0,00    0,00    0,00  100,00
13:24:59       9    0,00    0,00    0,00    0,00    0,00    0,00    0,00    0,00    0,00  100,00
13:24:59      10    0,00    0,00    0,00    0,00    0,00    0,00    0,00    0,00    0,00  100,00
13:24:59      11    0,00    0,00    0,00    0,00    0,00    0,00    0,00    0,00    0,00  100,00
13:24:59      12    0,00    0,00    0,00    0,00    0,00    0,00    0,00    0,00    0,00  100,00
13:24:59      13    1,00    0,00    0,00    0,00    0,00    0,00    0,00    0,00    0,00   99,00
13:24:59      14    0,00    0,00    0,00    0,00    0,00    0,00    0,00    0,00    0,00  100,00
13:24:59      15    0,00    0,00    0,00    0,00    0,00    0,00    0,00    0,00    0,00  100,00
13:24:59      16    0,00    0,00    0,00    0,00    0,00    0,00    0,00    0,00    0,00  100,00
13:24:59      17    0,00    0,00    0,99    0,00    0,00    0,00    0,00    0,00    0,00   99,01
13:24:59      18    0,00    0,00    0,00    0,00    0,00    0,00    0,00    0,00    0,00  100,00
13:24:59      19    0,00    0,00    0,00    0,00    0,00    0,00    0,00    0,00    0,00  100,00
13:24:59      20    0,00    0,00    0,00    0,00    0,00    0,00    0,00    0,00    0,00  100,00
13:24:59      21    0,00    0,00    0,00    0,00    0,00    0,00    0,00    0,00    0,00  100,00
13:24:59      22    0,00    0,00    0,00    0,00    0,00    0,00    0,00    0,00    0,00  100,00
13:24:59      23    0,00    0,00    0,00    0,00    0,00    0,00    0,00    0,00    0,00  100,00

13:24:59     CPU    %usr   %nice    %sys %iowait    %irq   %soft  %steal  %guest  %gnice   %idle
13:25:00     all    0,08    0,00    0,04    0,00    0,00    4,17    0,00    0,00    0,00   95,71
13:25:00       0    0,00    0,00    0,00    0,00    0,00    0,00    0,00    0,00    0,00  100,00
13:25:00       1    0,00    0,00    0,00    0,00    0,00    0,00    0,00    0,00    0,00  100,00
13:25:00       2    0,00    0,00    0,00    0,00    0,00  100,00    0,00    0,00    0,00    0,00
13:25:00       3    0,00    0,00    0,00    0,00    0,00    0,00    0,00    0,00    0,00  100,00
13:25:00       4    0,00    0,00    0,00    0,00    0,00    0,00    0,00    0,00    0,00  100,00
13:25:00       5    0,00    0,00    0,00    0,00    0,00    0,00    0,00    0,00    0,00  100,00
13:25:00       6    0,00    0,00    0,00    0,00    0,00    0,00    0,00    0,00    0,00  100,00
13:25:00       7    0,00    0,00    0,00    0,00    0,00    0,00    0,00    0,00    0,00  100,00
13:25:00       8    0,00    0,00    0,00    0,00    0,00    0,00    0,00    0,00    0,00  100,00
13:25:00       9    0,00    0,00    0,00    0,00    0,00    0,00    0,00    0,00    0,00  100,00
13:25:00      10    0,00    0,00    1,00    0,00    0,00    0,00    0,00    0,00    0,00   99,00
13:25:00      11    0,00    0,00    0,00    0,00    0,00    0,00    0,00    0,00    0,00  100,00
13:25:00      12    1,98    0,00    0,00    0,00    0,00    0,00    0,00    0,00    0,00   98,02
13:25:00      13    0,00    0,00    0,00    0,00    0,00    0,00    0,00    0,00    0,00  100,00
13:25:00      14    0,00    0,00    0,00    0,00    0,00    0,00    0,00    0,00    0,00  100,00
13:25:00      15    0,00    0,00    0,00    0,00    0,00    0,00    0,00    0,00    0,00  100,00
13:25:00      16    0,00    0,00    0,00    0,00    0,00    0,00    0,00    0,00    0,00  100,00
13:25:00      17    0,00    0,00    0,00    0,00    0,00    0,00    0,00    0,00    0,00  100,00
13:25:00      18    0,00    0,00    0,00    0,00    0,00    0,00    0,00    0,00    0,00  100,00
13:25:00      19    0,00    0,00    0,00    0,00    0,00    0,00    0,00    0,00    0,00  100,00
13:25:00      20    0,00    0,00    0,00    0,00    0,00    0,00    0,00    0,00    0,00  100,00
13:25:00      21    0,00    0,00    0,00    0,00    0,00    0,00    0,00    0,00    0,00  100,00
13:25:00      22    0,00    0,00    0,00    0,00    0,00    0,00    0,00    0,00    0,00  100,00
13:25:00      23    0,00    0,00    0,00    0,00    0,00    0,00    0,00    0,00    0,00  100,00

13:25:00     CPU    %usr   %nice    %sys %iowait    %irq   %soft  %steal  %guest  %gnice   %idle
13:25:01     all    0,12    0,00    0,04    0,00    0,00    4,16    0,00    0,00    0,00   95,67
13:25:01       0    0,00    0,00    0,00    0,00    0,00    0,00    0,00    0,00    0,00  100,00
13:25:01       1    0,00    0,00    0,00    0,00    0,00    0,00    0,00    0,00    0,00  100,00
13:25:01       2    0,00    0,00    0,00    0,00    0,00  100,00    0,00    0,00    0,00    0,00
13:25:01       3    0,00    0,00    0,00    0,00    0,00    0,00    0,00    0,00    0,00  100,00
13:25:01       4    0,99    0,00    0,00    0,00    0,00    0,00    0,00    0,00    0,00   99,01
13:25:01       5    0,00    0,00    0,00    0,00    0,00    0,00    0,00    0,00    0,00  100,00
13:25:01       6    0,00    0,00    0,00    0,00    0,00    0,00    0,00    0,00    0,00  100,00
13:25:01       7    0,00    0,00    0,00    0,00    0,00    0,00    0,00    0,00    0,00  100,00
13:25:01       8    0,99    0,00    0,00    0,00    0,00    0,00    0,00    0,00    0,00   99,01
13:25:01       9    0,00    0,00    0,00    0,00    0,00    0,00    0,00    0,00    0,00  100,00
13:25:01      10    0,00    0,00    0,00    0,00    0,00    0,00    0,00    0,00    0,00  100,00
13:25:01      11    0,00    0,00    0,00    0,00    0,00    0,00    0,00    0,00    0,00  100,00
13:25:01      12    0,00    0,00    0,00    0,00    0,00    0,00    0,00    0,00    0,00  100,00
13:25:01      13    0,00    0,00    0,99    0,00    0,00    0,00    0,00    0,00    0,00   99,01
13:25:01      14    0,00    0,00    0,00    0,00    0,00    0,00    0,00    0,00    0,00  100,00
13:25:01      15    0,00    0,00    0,00    0,00    0,00    0,00    0,00    0,00    0,00  100,00
13:25:01      16    0,00    0,00    0,00    0,00    0,00    0,00    0,00    0,00    0,00  100,00
13:25:01      17    0,00    0,00    0,00    0,00    0,00    0,00    0,00    0,00    0,00  100,00
13:25:01      18    0,99    0,00    0,00    0,00    0,00    0,00    0,00    0,00    0,00   99,01
13:25:01      19    0,00    0,00    0,00    0,00    0,00    0,00    0,00    0,00    0,00  100,00
13:25:01      20    0,00    0,00    0,00    0,00    0,00    0,00    0,00    0,00    0,00  100,00
13:25:01      21    0,00    0,00    0,00    0,00    0,00    0,00    0,00    0,00    0,00  100,00
13:25:01      22    0,00    0,00    0,00    0,00    0,00    0,00    0,00    0,00    0,00  100,00
13:25:01      23    0,00    0,00    0,00    0,00    0,00    0,00    0,00    0,00    0,00  100,00

13:25:01     CPU    %usr   %nice    %sys %iowait    %irq   %soft  %steal  %guest  %gnice   %idle
13:25:02     all    0,04    0,00    0,04    0,04    0,00    4,17    0,00    0,00    0,00   95,71
13:25:02       0    0,00    0,00    0,00    0,00    0,00    0,00    0,00    0,00    0,00  100,00
13:25:02       1    0,00    0,00    0,00    0,00    0,00    0,00    0,00    0,00    0,00  100,00
13:25:02       2    0,00    0,00    0,99    0,00    0,00   99,01    0,00    0,00    0,00    0,00
13:25:02       3    0,00    0,00    0,00    0,00    0,00    0,00    0,00    0,00    0,00  100,00
13:25:02       4    0,00    0,00    0,00    0,00    0,00    0,00    0,00    0,00    0,00  100,00
13:25:02       5    0,00    0,00    0,00    0,00    0,00    0,00    0,00    0,00    0,00  100,00
13:25:02       6    0,00    0,00    0,00    1,01    0,00    0,00    0,00    0,00    0,00   98,99
13:25:02       7    0,00    0,00    0,00    0,00    0,00    0,00    0,00    0,00    0,00  100,00
13:25:02       8    0,00    0,00    0,00    0,00    0,00    0,00    0,00    0,00    0,00  100,00
13:25:02       9    0,00    0,00    0,00    0,00    0,00    0,00    0,00    0,00    0,00  100,00
13:25:02      10    1,00    0,00    0,00    0,00    0,00    0,00    0,00    0,00    0,00   99,00
13:25:02      11    0,00    0,00    0,00    0,00    0,00    0,00    0,00    0,00    0,00  100,00
13:25:02      12    0,00    0,00    0,00    0,00    0,00    0,00    0,00    0,00    0,00  100,00
13:25:02      13    0,00    0,00    0,00    0,00    0,00    0,00    0,00    0,00    0,00  100,00
13:25:02      14    0,00    0,00    0,00    0,00    0,00    0,00    0,00    0,00    0,00  100,00
13:25:02      15    0,00    0,00    0,00    0,00    0,00    0,00    0,00    0,00    0,00  100,00
13:25:02      16    0,00    0,00    0,00    0,00    0,00    0,00    0,00    0,00    0,00  100,00
13:25:02      17    0,00    0,00    0,00    0,00    0,00    0,00    0,00    0,00    0,00  100,00
13:25:02      18    0,00    0,00    0,00    0,00    0,00    0,00    0,00    0,00    0,00  100,00
13:25:02      19    0,00    0,00    0,00    0,00    0,00    0,00    0,00    0,00    0,00  100,00
13:25:02      20    0,00    0,00    0,00    0,00    0,00    0,00    0,00    0,00    0,00  100,00
13:25:02      21    0,00    0,00    0,00    0,00    0,00    0,00    0,00    0,00    0,00  100,00
13:25:02      22    0,00    0,00    0,00    0,00    0,00    0,00    0,00    0,00    0,00  100,00
13:25:02      23    0,00    0,00    0,00    0,00    0,00    0,00    0,00    0,00    0,00  100,00

13:25:02     CPU    %usr   %nice    %sys %iowait    %irq   %soft  %steal  %guest  %gnice   %idle
13:25:03     all    0,50    0,00    0,29    0,00    0,00    4,17    0,00    0,00    0,00   95,04
13:25:03       0    0,00    0,00    0,00    0,00    0,00    0,00    0,00    0,00    0,00  100,00
13:25:03       1    0,00    0,00    0,00    0,00    0,00    0,00    0,00    0,00    0,00  100,00
13:25:03       2    0,00    0,00    0,00    0,00    0,00  100,00    0,00    0,00    0,00    0,00
13:25:03       3    0,00    0,00    0,00    0,00    0,00    0,00    0,00    0,00    0,00  100,00
13:25:03       4    0,00    0,00    0,00    0,00    0,00    0,00    0,00    0,00    0,00  100,00
13:25:03       5    0,00    0,00    0,00    0,00    0,00    0,00    0,00    0,00    0,00  100,00
13:25:03       6    0,00    0,00    0,00    0,00    0,00    0,00    0,00    0,00    0,00  100,00
13:25:03       7    0,00    0,00    0,00    0,00    0,00    0,00    0,00    0,00    0,00  100,00
13:25:03       8   10,10    0,00    7,07    0,00    0,00    0,00    0,00    0,00    0,00   82,83
13:25:03       9    0,00    0,00    0,00    0,00    0,00    0,00    0,00    0,00    0,00  100,00
13:25:03      10    0,00    0,00    0,00    0,00    0,00    0,00    0,00    0,00    0,00  100,00
13:25:03      11    0,00    0,00    0,00    0,00    0,00    0,00    0,00    0,00    0,00  100,00
13:25:03      12    0,00    0,00    0,00    0,00    0,00    0,00    0,00    0,00    0,00  100,00
13:25:03      13    0,00    0,00    0,00    0,00    0,00    0,00    0,00    0,00    0,00  100,00
13:25:03      14    0,00    0,00    0,00    0,00    0,00    0,00    0,00    0,00    0,00  100,00
13:25:03      15    0,00    0,00    0,00    0,00    0,00    0,00    0,00    0,00    0,00  100,00
13:25:03      16    0,99    0,00    0,00    0,00    0,00    0,00    0,00    0,00    0,00   99,01
13:25:03      17    0,00    0,00    0,00    0,00    0,00    0,00    0,00    0,00    0,00  100,00
13:25:03      18    0,00    0,00    0,00    0,00    0,00    0,00    0,00    0,00    0,00  100,00
13:25:03      19    0,00    0,00    0,00    0,00    0,00    0,00    0,00    0,00    0,00  100,00
13:25:03      20    0,00    0,00    0,00    0,00    0,00    0,00    0,00    0,00    0,00  100,00
13:25:03      21    0,99    0,00    0,00    0,00    0,00    0,00    0,00    0,00    0,00   99,01
13:25:03      22    0,00    0,00    0,00    0,00    0,00    0,00    0,00    0,00    0,00  100,00
13:25:03      23    0,00    0,00    0,00    0,00    0,00    0,00    0,00    0,00    0,00  100,00

13:25:03     CPU    %usr   %nice    %sys %iowait    %irq   %soft  %steal  %guest  %gnice   %idle
13:25:04     all    0,00    0,00    0,00    0,00    0,00    4,13    0,00    0,00    0,00   95,87
13:25:04       0    0,00    0,00    0,00    0,00    0,00    0,00    0,00    0,00    0,00  100,00
13:25:04       1    0,00    0,00    0,00    0,00    0,00    0,00    0,00    0,00    0,00  100,00
13:25:04       2    0,00    0,00    0,00    0,00    0,00  100,00    0,00    0,00    0,00    0,00
13:25:04       3    0,00    0,00    0,00    0,00    0,00    0,00    0,00    0,00    0,00  100,00
13:25:04       4    0,00    0,00    0,00    0,00    0,00    0,00    0,00    0,00    0,00  100,00
13:25:04       5    0,00    0,00    0,00    0,00    0,00    0,00    0,00    0,00    0,00  100,00
13:25:04       6    0,00    0,00    0,00    0,00    0,00    0,00    0,00    0,00    0,00  100,00
13:25:04       7    0,00    0,00    0,00    0,00    0,00    0,00    0,00    0,00    0,00  100,00
13:25:04       8    0,00    0,00    0,00    0,00    0,00    0,00    0,00    0,00    0,00  100,00
13:25:04       9    0,00    0,00    0,00    0,00    0,00    0,00    0,00    0,00    0,00  100,00
13:25:04      10    0,00    0,00    0,00    0,00    0,00    0,00    0,00    0,00    0,00  100,00
13:25:04      11    0,00    0,00    0,00    0,00    0,00    0,00    0,00    0,00    0,00  100,00
13:25:04      12    0,00    0,00    0,00    0,00    0,00    0,00    0,00    0,00    0,00  100,00
13:25:04      13    0,00    0,00    0,00    0,00    0,00    0,00    0,00    0,00    0,00  100,00
13:25:04      14    0,00    0,00    0,00    0,00    0,00    0,00    0,00    0,00    0,00  100,00
13:25:04      15    0,00    0,00    0,00    0,00    0,00    0,00    0,00    0,00    0,00  100,00
13:25:04      16    0,00    0,00    0,00    0,00    0,00    0,00    0,00    0,00    0,00  100,00
13:25:04      17    0,00    0,00    0,00    0,00    0,00    0,00    0,00    0,00    0,00  100,00
13:25:04      18    0,00    0,00    0,00    0,00    0,00    0,00    0,00    0,00    0,00  100,00
13:25:04      19    0,00    0,00    0,00    0,00    0,00    0,00    0,00    0,00    0,00  100,00
13:25:04      20    0,00    0,00    0,00    0,00    0,00    0,00    0,00    0,00    0,00  100,00
13:25:04      21    0,00    0,00    0,00    0,00    0,00    0,00    0,00    0,00    0,00  100,00
13:25:04      22    0,00    0,00    0,00    0,00    0,00    0,00    0,00    0,00    0,00  100,00
13:25:04      23    0,00    0,00    0,00    0,00    0,00    0,00    0,00    0,00    0,00  100,00
