Linux 6.8.0-111-generic (testbed-node6) 	07/05/26 	_x86_64_	(24 CPU)

17:31:00     CPU    %usr   %nice    %sys %iowait    %irq   %soft  %steal  %guest  %gnice   %idle
17:31:01     all    0,88    0,00    0,21    0,04    0,00    4,18    0,00    0,00    0,00   94,70
17:31:01       0    1,00    0,00    0,00    0,00    0,00    0,00    0,00    0,00    0,00   99,00
17:31:01       1    0,00    0,00    0,00    0,00    0,00    0,00    0,00    0,00    0,00  100,00
17:31:01       2    6,06    0,00    0,00    0,00    0,00    0,00    0,00    0,00    0,00   93,94
17:31:01       3    0,00    0,00    0,00    0,00    0,00    0,00    0,00    0,00    0,00  100,00
17:31:01       4    0,00    0,00    0,00    0,00    0,00    0,00    0,00    0,00    0,00  100,00
17:31:01       5    0,00    0,00    0,00    0,00    0,00    0,00    0,00    0,00    0,00  100,00
17:31:01       6    0,00    0,00    0,00    0,00    0,00  100,00    0,00    0,00    0,00    0,00
17:31:01       7    0,99    0,00    0,00    0,00    0,00    0,00    0,00    0,00    0,00   99,01
17:31:01       8    3,00    0,00    0,00    0,00    0,00    0,00    0,00    0,00    0,00   97,00
17:31:01       9    0,00    0,00    0,00    0,00    0,00    0,00    0,00    0,00    0,00  100,00
17:31:01      10    4,00    0,00    1,00    1,00    0,00    0,00    0,00    0,00    0,00   94,00
17:31:01      11    0,00    0,00    0,00    0,00    0,00    0,00    0,00    0,00    0,00  100,00
17:31:01      12    1,00    0,00    0,00    0,00    0,00    0,00    0,00    0,00    0,00   99,00
17:31:01      13    0,00    0,00    0,00    0,00    0,00    0,00    0,00    0,00    0,00  100,00
17:31:01      14    2,00    0,00    0,00    0,00    0,00    0,00    0,00    0,00    0,00   98,00
17:31:01      15    0,00    0,00    0,00    0,00    0,00    0,00    0,00    0,00    0,00  100,00
17:31:01      16    1,01    0,00    0,00    0,00    0,00    0,00    0,00    0,00    0,00   98,99
17:31:01      17    1,01    0,00    1,01    0,00    0,00    0,00    0,00    0,00    0,00   97,98
17:31:01      18    0,00    0,00    0,00    0,00    0,00    0,00    0,00    0,00    0,00  100,00
17:31:01      19    0,00    0,00    1,00    0,00    0,00    0,00    0,00    0,00    0,00   99,00
17:31:01      20    0,00    0,00    1,01    0,00    0,00    0,00    0,00    0,00    0,00   98,99
17:31:01      21    0,00    0,00    0,00    0,00    0,00    0,00    0,00    0,00    0,00  100,00
17:31:01      22    0,00    0,00    0,00    0,00    0,00    0,00    0,00    0,00    0,00  100,00
17:31:01      23    1,00    0,00    1,00    0,00    0,00    0,00    0,00    0,00    0,00   98,00

17:31:01     CPU    %usr   %nice    %sys %iowait    %irq   %soft  %steal  %guest  %gnice   %idle
17:31:02     all    0,58    0,00    0,29    0,00    0,00    4,13    0,00    0,00    0,00   94,99
17:31:02       0    0,00    0,00    1,00    0,00    0,00    0,00    0,00    0,00    0,00   99,00
17:31:02       1    0,00    0,00    0,00    0,00    0,00    0,00    0,00    0,00    0,00  100,00
17:31:02       2    2,00    0,00    0,00    0,00    0,00    0,00    0,00    0,00    0,00   98,00
17:31:02       3    0,00    0,00    0,00    0,00    0,00    0,00    0,00    0,00    0,00  100,00
17:31:02       4    1,01    0,00    0,00    0,00    0,00    0,00    0,00    0,00    0,00   98,99
17:31:02       5    0,00    0,00    0,00    0,00    0,00    0,00    0,00    0,00    0,00  100,00
17:31:02       6    0,00    0,00    1,00    0,00    0,00   99,00    0,00    0,00    0,00    0,00
17:31:02       7    0,00    0,00    0,00    0,00    0,00    0,00    0,00    0,00    0,00  100,00
17:31:02       8    0,00    0,00    1,00    0,00    0,00    0,00    0,00    0,00    0,00   99,00
17:31:02       9    0,99    0,00    0,00    0,00    0,00    0,00    0,00    0,00    0,00   99,01
17:31:02      10    5,05    0,00    0,00    0,00    0,00    0,00    0,00    0,00    0,00   94,95
17:31:02      11    0,00    0,00    0,00    0,00    0,00    0,00    0,00    0,00    0,00  100,00
17:31:02      12    0,00    0,00    1,00    0,00    0,00    0,00    0,00    0,00    0,00   99,00
17:31:02      13    0,00    0,00    0,00    0,00    0,00    0,00    0,00    0,00    0,00  100,00
17:31:02      14    0,00    0,00    0,00    0,00    0,00    0,00    0,00    0,00    0,00  100,00
17:31:02      15    0,00    0,00    0,00    0,00    0,00    0,00    0,00    0,00    0,00  100,00
17:31:02      16    0,99    0,00    0,99    0,00    0,00    0,00    0,00    0,00    0,00   98,02
17:31:02      17    1,00    0,00    2,00    0,00    0,00    0,00    0,00    0,00    0,00   97,00
17:31:02      18    0,00    0,00    0,00    0,00    0,00    0,00    0,00    0,00    0,00  100,00
17:31:02      19    1,00    0,00    0,00    0,00    0,00    0,00    0,00    0,00    0,00   99,00
17:31:02      20    0,00    0,00    0,00    0,00    0,00    0,00    0,00    0,00    0,00  100,00
17:31:02      21    0,99    0,00    0,00    0,00    0,00    0,00    0,00    0,00    0,00   99,01
17:31:02      22    0,00    0,00    0,00    0,00    0,00    0,00    0,00    0,00    0,00  100,00
17:31:02      23    1,00    0,00    0,00    0,00    0,00    0,00    0,00    0,00    0,00   99,00

17:31:02     CPU    %usr   %nice    %sys %iowait    %irq   %soft  %steal  %guest  %gnice   %idle
17:31:03     all    1,54    0,00    0,67    0,04    0,00    4,17    0,00    0,00    0,00   93,58
17:31:03       0    8,08    0,00    1,01    0,00    0,00    0,00    0,00    0,00    0,00   90,91
17:31:03       1    0,00    0,00    0,00    1,01    0,00    0,00    0,00    0,00    0,00   98,99
17:31:03       2    1,00    0,00    1,00    0,00    0,00    0,00    0,00    0,00    0,00   98,00
17:31:03       3    0,00    0,00    0,00    0,00    0,00    0,00    0,00    0,00    0,00  100,00
17:31:03       4    7,00    0,00    1,00    0,00    0,00    0,00    0,00    0,00    0,00   92,00
17:31:03       5    0,00    0,00    0,00    0,00    0,00    0,00    0,00    0,00    0,00  100,00
17:31:03       6    0,00    0,00    0,00    0,00    0,00  100,00    0,00    0,00    0,00    0,00
17:31:03       7    1,00    0,00    0,00    0,00    0,00    0,00    0,00    0,00    0,00   99,00
17:31:03       8    5,05    0,00    1,01    0,00    0,00    0,00    0,00    0,00    0,00   93,94
17:31:03       9    0,00    0,00    0,00    0,00    0,00    0,00    0,00    0,00    0,00  100,00
17:31:03      10    2,97    0,00    0,99    0,00    0,00    0,00    0,00    0,00    0,00   96,04
17:31:03      11    0,00    0,00    0,00    0,00    0,00    0,00    0,00    0,00    0,00  100,00
17:31:03      12    1,98    0,00    0,00    0,00    0,00    0,00    0,00    0,00    0,00   98,02
17:31:03      13    0,00    0,00    0,00    0,00    0,00    0,00    0,00    0,00    0,00  100,00
17:31:03      14    2,00    0,00    1,00    0,00    0,00    0,00    0,00    0,00    0,00   97,00
17:31:03      15    0,00    0,00    0,00    0,00    0,00    0,00    0,00    0,00    0,00  100,00
17:31:03      16    2,02    0,00    1,01    0,00    0,00    0,00    0,00    0,00    0,00   96,97
17:31:03      17    1,01    0,00    0,00    0,00    0,00    0,00    0,00    0,00    0,00   98,99
17:31:03      18    1,00    0,00    1,00    0,00    0,00    0,00    0,00    0,00    0,00   98,00
17:31:03      19    1,01    0,00    1,01    0,00    0,00    0,00    0,00    0,00    0,00   97,98
17:31:03      20    1,98    0,00    2,97    0,00    0,00    0,00    0,00    0,00    0,00   95,05
17:31:03      21    0,00    0,00    1,01    0,00    0,00    0,00    0,00    0,00    0,00   98,99
17:31:03      22    0,00    0,00    1,00    0,00    0,00    0,00    0,00    0,00    0,00   99,00
17:31:03      23    0,99    0,00    1,98    0,00    0,00    0,00    0,00    0,00    0,00   97,03

17:31:03     CPU    %usr   %nice    %sys %iowait    %irq   %soft  %steal  %guest  %gnice   %idle
17:31:04     all    0,92    0,00    0,25    0,00    0,00    4,17    0,00    0,00    0,00   94,66
17:31:04       0    0,00    0,00    0,00    0,00    0,00    0,00    0,00    0,00    0,00  100,00
17:31:04       1    0,00    0,00    0,00    0,00    0,00    0,00    0,00    0,00    0,00  100,00
17:31:04       2    2,00    0,00    0,00    0,00    0,00    0,00    0,00    0,00    0,00   98,00
17:31:04       3    0,00    0,00    0,00    0,00    0,00    0,00    0,00    0,00    0,00  100,00
17:31:04       4    4,00    0,00    0,00    0,00    0,00    0,00    0,00    0,00    0,00   96,00
17:31:04       5    0,00    0,00    0,00    0,00    0,00    0,00    0,00    0,00    0,00  100,00
17:31:04       6    0,00    0,00    0,00    0,00    0,00  100,00    0,00    0,00    0,00    0,00
17:31:04       7    1,00    0,00    0,00    0,00    0,00    0,00    0,00    0,00    0,00   99,00
17:31:04       8    0,00    0,00    0,00    0,00    0,00    0,00    0,00    0,00    0,00  100,00
17:31:04       9    1,00    0,00    0,00    0,00    0,00    0,00    0,00    0,00    0,00   99,00
17:31:04      10    3,03    0,00    1,01    0,00    0,00    0,00    0,00    0,00    0,00   95,96
17:31:04      11    0,00    0,00    0,00    0,00    0,00    0,00    0,00    0,00    0,00  100,00
17:31:04      12    2,04    0,00    0,00    0,00    0,00    0,00    0,00    0,00    0,00   97,96
17:31:04      13    0,00    0,00    0,00    0,00    0,00    0,00    0,00    0,00    0,00  100,00
17:31:04      14    1,00    0,00    0,00    0,00    0,00    0,00    0,00    0,00    0,00   99,00
17:31:04      15    0,00    0,00    0,00    0,00    0,00    0,00    0,00    0,00    0,00  100,00
17:31:04      16    1,01    0,00    0,00    0,00    0,00    0,00    0,00    0,00    0,00   98,99
17:31:04      17    1,98    0,00    1,98    0,00    0,00    0,00    0,00    0,00    0,00   96,04
17:31:04      18    0,00    0,00    0,99    0,00    0,00    0,00    0,00    0,00    0,00   99,01
17:31:04      19    1,98    0,00    0,00    0,00    0,00    0,00    0,00    0,00    0,00   98,02
17:31:04      20    1,00    0,00    1,00    0,00    0,00    0,00    0,00    0,00    0,00   98,00
17:31:04      21    0,98    0,00    0,98    0,00    0,00    0,00    0,00    0,00    0,00   98,04
17:31:04      22    1,00    0,00    0,00    0,00    0,00    0,00    0,00    0,00    0,00   99,00
17:31:04      23    0,00    0,00    0,00    0,00    0,00    0,00    0,00    0,00    0,00  100,00

17:31:04     CPU    %usr   %nice    %sys %iowait    %irq   %soft  %steal  %guest  %gnice   %idle
17:31:05     all    0,67    0,00    0,33    0,00    0,00    4,16    0,00    0,00    0,00   94,84
17:31:05       0    1,00    0,00    0,00    0,00    0,00    0,00    0,00    0,00    0,00   99,00
17:31:05       1    0,00    0,00    0,00    0,00    0,00    0,00    0,00    0,00    0,00  100,00
17:31:05       2    1,00    0,00    0,00    0,00    0,00    0,00    0,00    0,00    0,00   99,00
17:31:05       3    0,00    0,00    0,00    0,00    0,00    0,00    0,00    0,00    0,00  100,00
17:31:05       4    4,00    0,00    1,00    0,00    0,00    0,00    0,00    0,00    0,00   95,00
17:31:05       5    0,00    0,00    0,00    0,00    0,00    0,00    0,00    0,00    0,00  100,00
17:31:05       6    0,00    0,00    0,00    0,00    0,00  100,00    0,00    0,00    0,00    0,00
17:31:05       7    0,00    0,00    0,00    0,00    0,00    0,00    0,00    0,00    0,00  100,00
17:31:05       8    1,96    0,00    0,98    0,00    0,00    0,00    0,00    0,00    0,00   97,06
17:31:05       9    0,00    0,00    0,00    0,00    0,00    0,00    0,00    0,00    0,00  100,00
17:31:05      10    1,98    0,00    0,00    0,00    0,00    0,00    0,00    0,00    0,00   98,02
17:31:05      11    0,00    0,00    0,00    0,00    0,00    0,00    0,00    0,00    0,00  100,00
17:31:05      12    0,98    0,00    0,98    0,00    0,00    0,00    0,00    0,00    0,00   98,04
17:31:05      13    0,00    0,00    0,00    0,00    0,00    0,00    0,00    0,00    0,00  100,00
17:31:05      14    0,00    0,00    0,00    0,00    0,00    0,00    0,00    0,00    0,00  100,00
17:31:05      15    0,00    0,00    0,00    0,00    0,00    0,00    0,00    0,00    0,00  100,00
17:31:05      16    0,99    0,00    0,99    0,00    0,00    0,00    0,00    0,00    0,00   98,02
17:31:05      17    1,00    0,00    1,00    0,00    0,00    0,00    0,00    0,00    0,00   98,00
17:31:05      18    0,00    0,00    0,00    0,00    0,00    0,00    0,00    0,00    0,00  100,00
17:31:05      19    1,00    0,00    1,00    0,00    0,00    0,00    0,00    0,00    0,00   98,00
17:31:05      20    0,00    0,00    1,00    0,00    0,00    0,00    0,00    0,00    0,00   99,00
17:31:05      21    0,00    0,00    0,00    0,00    0,00    0,00    0,00    0,00    0,00  100,00
17:31:05      22    0,00    0,00    0,00    0,00    0,00    0,00    0,00    0,00    0,00  100,00
17:31:05      23    2,00    0,00    1,00    0,00    0,00    0,00    0,00    0,00    0,00   97,00

17:31:05     CPU    %usr   %nice    %sys %iowait    %irq   %soft  %steal  %guest  %gnice   %idle
17:31:06     all    0,42    0,00    0,13    0,17    0,00    4,14    0,00    0,00    0,00   95,15
17:31:06       0    1,01    0,00    0,00    0,00    0,00    0,00    0,00    0,00    0,00   98,99
17:31:06       1    0,00    0,00    0,00    0,00    0,00    0,00    0,00    0,00    0,00  100,00
17:31:06       2    1,00    0,00    0,00    0,00    0,00    0,00    0,00    0,00    0,00   99,00
17:31:06       3    0,00    0,00    0,00    0,00    0,00    0,00    0,00    0,00    0,00  100,00
17:31:06       4    2,04    0,00    0,00    0,00    0,00    0,00    0,00    0,00    0,00   97,96
17:31:06       5    0,00    0,00    0,00    0,00    0,00    0,00    0,00    0,00    0,00  100,00
17:31:06       6    0,00    0,00    1,00    0,00    0,00   99,00    0,00    0,00    0,00    0,00
17:31:06       7    0,00    0,00    0,00    0,00    0,00    0,00    0,00    0,00    0,00  100,00
17:31:06       8    0,00    0,00    0,00    0,00    0,00    0,00    0,00    0,00    0,00  100,00
17:31:06       9    0,00    0,00    0,00    0,00    0,00    0,00    0,00    0,00    0,00  100,00
17:31:06      10    0,99    0,00    0,99    1,98    0,00    0,00    0,00    0,00    0,00   96,04
17:31:06      11    0,00    0,00    0,00    0,00    0,00    0,00    0,00    0,00    0,00  100,00
17:31:06      12    0,00    0,00    0,00    0,00    0,00    0,00    0,00    0,00    0,00  100,00
17:31:06      13    0,00    0,00    0,00    0,00    0,00    0,00    0,00    0,00    0,00  100,00
17:31:06      14    0,00    0,00    0,00    0,00    0,00    0,00    0,00    0,00    0,00  100,00
17:31:06      15    0,00    0,00    0,00    0,00    0,00    0,00    0,00    0,00    0,00  100,00
17:31:06      16    1,00    0,00    0,00    0,00    0,00    0,00    0,00    0,00    0,00   99,00
17:31:06      17    1,00    0,00    0,00    1,00    0,00    0,00    0,00    0,00    0,00   98,00
17:31:06      18    0,98    0,00    0,98    0,98    0,00    0,00    0,00    0,00    0,00   97,06
17:31:06      19    1,00    0,00    0,00    0,00    0,00    0,00    0,00    0,00    0,00   99,00
17:31:06      20    1,00    0,00    0,00    0,00    0,00    0,00    0,00    0,00    0,00   99,00
17:31:06      21    0,00    0,00    0,00    0,00    0,00    0,00    0,00    0,00    0,00  100,00
17:31:06      22    0,00    0,00    0,00    0,00    0,00    0,00    0,00    0,00    0,00  100,00
17:31:06      23    0,00    0,00    0,00    0,00    0,00    0,00    0,00    0,00    0,00  100,00

17:31:06     CPU    %usr   %nice    %sys %iowait    %irq   %soft  %steal  %guest  %gnice   %idle
17:31:07     all    0,38    0,00    0,04    0,00    0,00    4,18    0,00    0,00    0,00   95,41
17:31:07       0    1,01    0,00    0,00    0,00    0,00    0,00    0,00    0,00    0,00   98,99
17:31:07       1    0,00    0,00    0,00    0,00    0,00    0,00    0,00    0,00    0,00  100,00
17:31:07       2    0,00    0,00    0,00    0,00    0,00    0,00    0,00    0,00    0,00  100,00
17:31:07       3    0,00    0,00    0,00    0,00    0,00    0,00    0,00    0,00    0,00  100,00
17:31:07       4    3,00    0,00    0,00    0,00    0,00    0,00    0,00    0,00    0,00   97,00
17:31:07       5    0,00    0,00    0,00    0,00    0,00    0,00    0,00    0,00    0,00  100,00
17:31:07       6    0,00    0,00    0,00    0,00    0,00  100,00    0,00    0,00    0,00    0,00
17:31:07       7    0,00    0,00    0,00    0,00    0,00    0,00    0,00    0,00    0,00  100,00
17:31:07       8    0,00    0,00    0,00    0,00    0,00    0,00    0,00    0,00    0,00  100,00
17:31:07       9    0,00    0,00    0,00    0,00    0,00    0,00    0,00    0,00    0,00  100,00
17:31:07      10    0,00    0,00    0,00    0,00    0,00    0,00    0,00    0,00    0,00  100,00
17:31:07      11    0,99    0,00    0,00    0,00    0,00    0,00    0,00    0,00    0,00   99,01
17:31:07      12    1,00    0,00    0,00    0,00    0,00    0,00    0,00    0,00    0,00   99,00
17:31:07      13    0,00    0,00    0,00    0,00    0,00    0,00    0,00    0,00    0,00  100,00
17:31:07      14    0,99    0,00    0,00    0,00    0,00    0,00    0,00    0,00    0,00   99,01
17:31:07      15    0,00    0,00    0,00    0,00    0,00    0,00    0,00    0,00    0,00  100,00
17:31:07      16    1,00    0,00    0,00    0,00    0,00    0,00    0,00    0,00    0,00   99,00
17:31:07      17    1,02    0,00    0,00    0,00    0,00    0,00    0,00    0,00    0,00   98,98
17:31:07      18    0,00    0,00    0,00    0,00    0,00    0,00    0,00    0,00    0,00  100,00
17:31:07      19    0,00    0,00    0,00    0,00    0,00    0,00    0,00    0,00    0,00  100,00
17:31:07      20    0,00    0,00    0,00    0,00    0,00    0,00    0,00    0,00    0,00  100,00
17:31:07      21    0,00    0,00    0,00    0,00    0,00    0,00    0,00    0,00    0,00  100,00
17:31:07      22    0,00    0,00    0,99    0,00    0,00    0,00    0,00    0,00    0,00   99,01
17:31:07      23    0,00    0,00    0,00    0,00    0,00    0,00    0,00    0,00    0,00  100,00

17:31:07     CPU    %usr   %nice    %sys %iowait    %irq   %soft  %steal  %guest  %gnice   %idle
17:31:08     all    0,46    0,00    0,37    0,04    0,00    4,16    0,00    0,00    0,00   94,97
17:31:08       0    0,99    0,00    0,99    0,00    0,00    0,00    0,00    0,00    0,00   98,02
17:31:08       1    0,00    0,00    0,00    0,00    0,00    0,00    0,00    0,00    0,00  100,00
17:31:08       2    1,00    0,00    0,00    0,00    0,00    0,00    0,00    0,00    0,00   99,00
17:31:08       3    0,00    0,00    0,00    1,00    0,00    0,00    0,00    0,00    0,00   99,00
17:31:08       4    1,98    0,00    0,99    0,00    0,00    0,00    0,00    0,00    0,00   97,03
17:31:08       5    0,00    0,00    0,00    0,00    0,00    0,00    0,00    0,00    0,00  100,00
17:31:08       6    0,00    0,00    0,00    0,00    0,00  100,00    0,00    0,00    0,00    0,00
17:31:08       7    0,00    0,00    0,99    0,00    0,00    0,00    0,00    0,00    0,00   99,01
17:31:08       8    1,00    0,00    0,00    0,00    0,00    0,00    0,00    0,00    0,00   99,00
17:31:08       9    0,99    0,00    0,00    0,00    0,00    0,00    0,00    0,00    0,00   99,01
17:31:08      10    0,00    0,00    0,00    0,00    0,00    0,00    0,00    0,00    0,00  100,00
17:31:08      11    0,00    0,00    0,00    0,00    0,00    0,00    0,00    0,00    0,00  100,00
17:31:08      12    0,00    0,00    1,00    0,00    0,00    0,00    0,00    0,00    0,00   99,00
17:31:08      13    0,00    0,00    0,00    0,00    0,00    0,00    0,00    0,00    0,00  100,00
17:31:08      14    0,00    0,00    1,00    0,00    0,00    0,00    0,00    0,00    0,00   99,00
17:31:08      15    0,00    0,00    0,00    0,00    0,00    0,00    0,00    0,00    0,00  100,00
17:31:08      16    0,99    0,00    0,99    0,00    0,00    0,00    0,00    0,00    0,00   98,02
17:31:08      17    0,00    0,00    1,00    0,00    0,00    0,00    0,00    0,00    0,00   99,00
17:31:08      18    1,00    0,00    0,00    0,00    0,00    0,00    0,00    0,00    0,00   99,00
17:31:08      19    1,98    0,00    0,99    0,00    0,00    0,00    0,00    0,00    0,00   97,03
17:31:08      20    0,00    0,00    0,99    0,00    0,00    0,00    0,00    0,00    0,00   99,01
17:31:08      21    1,00    0,00    0,00    0,00    0,00    0,00    0,00    0,00    0,00   99,00
17:31:08      22    0,00    0,00    0,00    0,00    0,00    0,00    0,00    0,00    0,00  100,00
17:31:08      23    0,00    0,00    0,00    0,00    0,00    0,00    0,00    0,00    0,00  100,00

17:31:08     CPU    %usr   %nice    %sys %iowait    %irq   %soft  %steal  %guest  %gnice   %idle
17:31:09     all    0,42    0,00    0,29    0,00    0,00    4,21    0,00    0,00    0,00   95,08
17:31:09       0    0,00    0,00    0,00    0,00    0,00    0,00    0,00    0,00    0,00  100,00
17:31:09       1    0,00    0,00    0,00    0,00    0,00    0,00    0,00    0,00    0,00  100,00
17:31:09       2    0,00    0,00    1,01    0,00    0,00    0,00    0,00    0,00    0,00   98,99
17:31:09       3    0,00    0,00    0,00    0,00    0,00    0,00    0,00    0,00    0,00  100,00
17:31:09       4    3,00    0,00    0,00    0,00    0,00    0,00    0,00    0,00    0,00   97,00
17:31:09       5    0,99    0,00    0,00    0,00    0,00    0,00    0,00    0,00    0,00   99,01
17:31:09       6    0,00    0,00    0,99    0,00    0,00   99,01    0,00    0,00    0,00    0,00
17:31:09       7    0,99    0,00    0,00    0,00    0,00    0,00    0,00    0,00    0,00   99,01
17:31:09       8    0,99    0,00    0,00    0,00    0,00    0,00    0,00    0,00    0,00   99,01
17:31:09       9    0,00    0,00    0,00    0,00    0,00    0,00    0,00    0,00    0,00  100,00
17:31:09      10    0,00    0,00    0,00    0,00    0,00    0,00    0,00    0,00    0,00  100,00
17:31:09      11    0,00    0,00    0,00    0,00    0,00    0,00    0,00    0,00    0,00  100,00
17:31:09      12    0,00    0,00    0,00    0,00    0,00    0,00    0,00    0,00    0,00  100,00
17:31:09      13    0,00    0,00    0,00    0,00    0,00    0,00    0,00    0,00    0,00  100,00
17:31:09      14    1,01    0,00    0,00    0,00    0,00    0,00    0,00    0,00    0,00   98,99
17:31:09      15    0,00    0,00    0,00    0,00    0,00    0,00    0,00    0,00    0,00  100,00
17:31:09      16    1,01    0,00    0,00    0,00    0,00    0,00    0,00    0,00    0,00   98,99
17:31:09      17    1,00    0,00    0,00    0,00    0,00    0,00    0,00    0,00    0,00   99,00
17:31:09      18    1,00    0,00    1,00    0,00    0,00    0,00    0,00    0,00    0,00   98,00
17:31:09      19    0,00    0,00    0,99    0,00    0,00    0,99    0,00    0,00    0,00   98,02
17:31:09      20    0,00    0,00    0,00    0,00    0,00    0,00    0,00    0,00    0,00  100,00
17:31:09      21    0,00    0,00    1,00    0,00    0,00    0,00    0,00    0,00    0,00   99,00
17:31:09      22    0,00    0,00    1,00    0,00    0,00    0,00    0,00    0,00    0,00   99,00
17:31:09      23    0,00    0,00    1,00    0,00    0,00    0,00    0,00    0,00    0,00   99,00

17:31:09     CPU    %usr   %nice    %sys %iowait    %irq   %soft  %steal  %guest  %gnice   %idle
17:31:10     all    0,67    0,00    0,33    0,00    0,00    4,20    0,00    0,00    0,00   94,80
17:31:10       0    0,00    0,00    0,00    0,00    0,00    0,00    0,00    0,00    0,00  100,00
17:31:10       1    0,00    0,00    0,00    0,00    0,00    0,00    0,00    0,00    0,00  100,00
17:31:10       2    0,99    0,00    0,99    0,00    0,00    0,00    0,00    0,00    0,00   98,02
17:31:10       3    0,00    0,00    0,00    0,00    0,00    0,00    0,00    0,00    0,00  100,00
17:31:10       4    3,03    0,00    0,00    0,00    0,00    0,00    0,00    0,00    0,00   96,97
17:31:10       5    0,00    0,00    0,00    0,00    0,00    0,00    0,00    0,00    0,00  100,00
17:31:10       6    0,00    0,00    0,00    0,00    0,00  100,00    0,00    0,00    0,00    0,00
17:31:10       7    0,00    0,00    0,00    0,00    0,00    0,00    0,00    0,00    0,00  100,00
17:31:10       8    3,00    0,00    3,00    0,00    0,00    0,00    0,00    0,00    0,00   94,00
17:31:10       9    0,00    0,00    0,00    0,00    0,00    0,00    0,00    0,00    0,00  100,00
17:31:10      10    0,99    0,00    0,99    0,00    0,00    0,00    0,00    0,00    0,00   98,02
17:31:10      11    0,00    0,00    0,00    0,00    0,00    0,00    0,00    0,00    0,00  100,00
17:31:10      12    1,00    0,00    0,00    0,00    0,00    0,00    0,00    0,00    0,00   99,00
17:31:10      13    0,00    0,00    0,00    0,00    0,00    0,00    0,00    0,00    0,00  100,00
17:31:10      14    0,99    0,00    0,00    0,00    0,00    0,00    0,00    0,00    0,00   99,01
17:31:10      15    0,00    0,00    0,99    0,00    0,00    0,00    0,00    0,00    0,00   99,01
17:31:10      16    0,00    0,00    1,00    0,00    0,00    0,00    0,00    0,00    0,00   99,00
17:31:10      17    0,00    0,00    0,00    0,00    0,00    0,00    0,00    0,00    0,00  100,00
17:31:10      18    1,98    0,00    0,00    0,00    0,00    0,00    0,00    0,00    0,00   98,02
17:31:10      19    1,00    0,00    0,00    0,00    0,00    0,00    0,00    0,00    0,00   99,00
17:31:10      20    0,98    0,00    0,00    0,00    0,00    0,98    0,00    0,00    0,00   98,04
17:31:10      21    0,00    0,00    1,00    0,00    0,00    0,00    0,00    0,00    0,00   99,00
17:31:10      22    1,00    0,00    0,00    0,00    0,00    0,00    0,00    0,00    0,00   99,00
17:31:10      23    0,99    0,00    0,00    0,00    0,00    0,00    0,00    0,00    0,00   99,01

17:31:10     CPU    %usr   %nice    %sys %iowait    %irq   %soft  %steal  %guest  %gnice   %idle
17:31:11     all    0,46    0,00    0,08    0,13    0,00    4,18    0,00    0,00    0,00   95,16
17:31:11       0    1,00    0,00    0,00    0,00    0,00    0,00    0,00    0,00    0,00   99,00
17:31:11       1    0,00    0,00    0,00    0,00    0,00    0,00    0,00    0,00    0,00  100,00
17:31:11       2    0,00    0,00    0,00    0,00    0,00    0,00    0,00    0,00    0,00  100,00
17:31:11       3    0,00    0,00    0,00    1,00    0,00    0,00    0,00    0,00    0,00   99,00
17:31:11       4    2,97    0,00    0,99    0,00    0,00    0,00    0,00    0,00    0,00   96,04
17:31:11       5    0,00    0,00    0,00    0,00    0,00    0,00    0,00    0,00    0,00  100,00
17:31:11       6    0,00    0,00    0,00    0,00    0,00  100,00    0,00    0,00    0,00    0,00
17:31:11       7    0,99    0,00    0,00    0,00    0,00    0,00    0,00    0,00    0,00   99,01
17:31:11       8    0,00    0,00    0,00    0,00    0,00    0,00    0,00    0,00    0,00  100,00
17:31:11       9    0,99    0,00    0,00    0,00    0,00    0,00    0,00    0,00    0,00   99,01
17:31:11      10    1,00    0,00    0,00    2,00    0,00    0,00    0,00    0,00    0,00   97,00
17:31:11      11    0,00    0,00    0,00    0,00    0,00    0,00    0,00    0,00    0,00  100,00
17:31:11      12    2,00    0,00    0,00    0,00    0,00    0,00    0,00    0,00    0,00   98,00
17:31:11      13    0,00    0,00    0,00    0,00    0,00    0,00    0,00    0,00    0,00  100,00
17:31:11      14    0,00    0,00    0,00    0,00    0,00    0,00    0,00    0,00    0,00  100,00
17:31:11      15    0,00    0,00    0,00    0,00    0,00    0,00    0,00    0,00    0,00  100,00
17:31:11      16    0,00    0,00    0,00    0,00    0,00    0,00    0,00    0,00    0,00  100,00
17:31:11      17    0,00    0,00    0,00    0,00    0,00    1,00    0,00    0,00    0,00   99,00
17:31:11      18    0,00    0,00    1,00    0,00    0,00    0,00    0,00    0,00    0,00   99,00
17:31:11      19    1,00    0,00    0,00    0,00    0,00    0,00    0,00    0,00    0,00   99,00
17:31:11      20    0,00    0,00    0,00    0,00    0,00    0,00    0,00    0,00    0,00  100,00
17:31:11      21    0,00    0,00    0,00    0,00    0,00    0,00    0,00    0,00    0,00  100,00
17:31:11      22    1,00    0,00    0,00    0,00    0,00    0,00    0,00    0,00    0,00   99,00
17:31:11      23    0,00    0,00    0,00    0,00    0,00    0,00    0,00    0,00    0,00  100,00

17:31:11     CPU    %usr   %nice    %sys %iowait    %irq   %soft  %steal  %guest  %gnice   %idle
17:31:12     all    0,46    0,00    0,25    0,04    0,00    4,17    0,00    0,00    0,00   95,08
17:31:12       0    0,00    0,00    0,00    0,00    0,00    0,00    0,00    0,00    0,00  100,00
17:31:12       1    0,00    0,00    0,00    0,00    0,00    0,00    0,00    0,00    0,00  100,00
17:31:12       2    0,00    0,00    0,00    0,00    0,00    0,00    0,00    0,00    0,00  100,00
17:31:12       3    0,00    0,00    0,00    0,00    0,00    0,00    0,00    0,00    0,00  100,00
17:31:12       4    4,04    0,00    0,00    0,00    0,00    0,00    0,00    0,00    0,00   95,96
17:31:12       5    0,00    0,00    0,00    0,00    0,00    0,00    0,00    0,00    0,00  100,00
17:31:12       6    0,00    0,00    0,00    0,00    0,00  100,00    0,00    0,00    0,00    0,00
17:31:12       7    0,00    0,00    0,00    0,00    0,00    0,00    0,00    0,00    0,00  100,00
17:31:12       8    1,00    0,00    0,00    0,00    0,00    0,00    0,00    0,00    0,00   99,00
17:31:12       9    0,00    0,00    0,00    0,00    0,00    0,00    0,00    0,00    0,00  100,00
17:31:12      10    1,01    0,00    0,00    1,01    0,00    0,00    0,00    0,00    0,00   97,98
17:31:12      11    0,00    0,00    0,00    0,00    0,00    0,00    0,00    0,00    0,00  100,00
17:31:12      12    0,00    0,00    0,99    0,00    0,00    0,00    0,00    0,00    0,00   99,01
17:31:12      13    0,00    0,00    0,00    0,00    0,00    0,00    0,00    0,00    0,00  100,00
17:31:12      14    0,00    0,00    0,00    0,00    0,00    0,00    0,00    0,00    0,00  100,00
17:31:12      15    0,00    0,00    0,00    0,00    0,00    0,00    0,00    0,00    0,00  100,00
17:31:12      16    0,00    0,00    0,00    0,00    0,00    0,00    0,00    0,00    0,00  100,00
17:31:12      17    0,99    0,00    0,99    0,00    0,00    0,00    0,00    0,00    0,00   98,02
17:31:12      18    0,99    0,00    0,00    0,00    0,00    0,00    0,00    0,00    0,00   99,01
17:31:12      19    0,00    0,00    1,00    0,00    0,00    0,00    0,00    0,00    0,00   99,00
17:31:12      20    0,00    0,00    1,00    0,00    0,00    0,00    0,00    0,00    0,00   99,00
17:31:12      21    1,00    0,00    0,00    0,00    0,00    0,00    0,00    0,00    0,00   99,00
17:31:12      22    1,00    0,00    1,00    0,00    0,00    0,00    0,00    0,00    0,00   98,00
17:31:12      23    1,00    0,00    1,00    0,00    0,00    0,00    0,00    0,00    0,00   98,00

17:31:12     CPU    %usr   %nice    %sys %iowait    %irq   %soft  %steal  %guest  %gnice   %idle
17:31:13     all    0,42    0,00    0,08    0,00    0,00    4,17    0,00    0,00    0,00   95,33
17:31:13       0    2,02    0,00    0,00    0,00    0,00    0,00    0,00    0,00    0,00   97,98
17:31:13       1    0,00    0,00    0,00    0,00    0,00    0,00    0,00    0,00    0,00  100,00
17:31:13       2    0,00    0,00    0,00    0,00    0,00    0,00    0,00    0,00    0,00  100,00
17:31:13       3    0,00    0,00    0,00    0,00    0,00    0,00    0,00    0,00    0,00  100,00
17:31:13       4    0,00    0,00    0,00    0,00    0,00    0,00    0,00    0,00    0,00  100,00
17:31:13       5    0,00    0,00    0,00    0,00    0,00    0,00    0,00    0,00    0,00  100,00
17:31:13       6    0,00    0,00    0,00    0,00    0,00  100,00    0,00    0,00    0,00    0,00
17:31:13       7    0,00    0,00    0,00    0,00    0,00    0,00    0,00    0,00    0,00  100,00
17:31:13       8    2,00    0,00    0,00    0,00    0,00    0,00    0,00    0,00    0,00   98,00
17:31:13       9    0,00    0,00    0,00    0,00    0,00    0,00    0,00    0,00    0,00  100,00
17:31:13      10    1,00    0,00    0,00    0,00    0,00    0,00    0,00    0,00    0,00   99,00
17:31:13      11    0,00    0,00    0,00    0,00    0,00    0,00    0,00    0,00    0,00  100,00
17:31:13      12    0,00    0,00    0,00    0,00    0,00    0,00    0,00    0,00    0,00  100,00
17:31:13      13    0,00    0,00    0,00    0,00    0,00    0,00    0,00    0,00    0,00  100,00
17:31:13      14    0,98    0,00    0,98    0,00    0,00    0,00    0,00    0,00    0,00   98,04
17:31:13      15    0,00    0,00    0,00    0,00    0,00    0,00    0,00    0,00    0,00  100,00
17:31:13      16    1,00    0,00    0,00    0,00    0,00    0,00    0,00    0,00    0,00   99,00
17:31:13      17    0,00    0,00    0,00    0,00    0,00    0,00    0,00    0,00    0,00  100,00
17:31:13      18    0,00    0,00    0,00    0,00    0,00    0,00    0,00    0,00    0,00  100,00
17:31:13      19    0,00    0,00    0,00    0,00    0,00    0,00    0,00    0,00    0,00  100,00
17:31:13      20    1,00    0,00    0,00    0,00    0,00    0,00    0,00    0,00    0,00   99,00
17:31:13      21    0,99    0,00    0,99    0,00    0,00    0,00    0,00    0,00    0,00   98,02
17:31:13      22    0,00    0,00    0,00    0,00    0,00    0,00    0,00    0,00    0,00  100,00
17:31:13      23    1,00    0,00    0,00    0,00    0,00    0,00    0,00    0,00    0,00   99,00

17:31:13     CPU    %usr   %nice    %sys %iowait    %irq   %soft  %steal  %guest  %gnice   %idle
17:31:14     all    0,42    0,00    0,25    0,00    0,00    4,18    0,00    0,00    0,00   95,15
17:31:14       0    0,00    0,00    1,00    0,00    0,00    0,00    0,00    0,00    0,00   99,00
17:31:14       1    0,00    0,00    0,00    0,00    0,00    0,00    0,00    0,00    0,00  100,00
17:31:14       2    2,00    0,00    0,00    0,00    0,00    0,00    0,00    0,00    0,00   98,00
17:31:14       3    0,00    0,00    0,00    0,00    0,00    0,00    0,00    0,00    0,00  100,00
17:31:14       4    3,03    0,00    0,00    0,00    0,00    0,00    0,00    0,00    0,00   96,97
17:31:14       5    0,00    0,00    0,00    0,00    0,00    0,00    0,00    0,00    0,00  100,00
17:31:14       6    0,00    0,00    0,99    0,00    0,00   99,01    0,00    0,00    0,00    0,00
17:31:14       7    0,00    0,00    0,00    0,00    0,00    0,00    0,00    0,00    0,00  100,00
17:31:14       8    0,00    0,00    0,99    0,00    0,00    0,00    0,00    0,00    0,00   99,01
17:31:14       9    0,00    0,00    0,00    0,00    0,00    0,00    0,00    0,00    0,00  100,00
17:31:14      10    2,02    0,00    0,00    0,00    0,00    0,00    0,00    0,00    0,00   97,98
17:31:14      11    0,00    0,00    0,00    0,00    0,00    0,00    0,00    0,00    0,00  100,00
17:31:14      12    0,00    0,00    0,00    0,00    0,00    0,00    0,00    0,00    0,00  100,00
17:31:14      13    0,00    0,00    0,00    0,00    0,00    0,00    0,00    0,00    0,00  100,00
17:31:14      14    0,00    0,00    0,00    0,00    0,00    0,00    0,00    0,00    0,00  100,00
17:31:14      15    0,00    0,00    0,00    0,00    0,00    0,00    0,00    0,00    0,00  100,00
17:31:14      16    0,00    0,00    0,00    0,00    0,00    0,00    0,00    0,00    0,00  100,00
17:31:14      17    1,00    0,00    0,00    0,00    0,00    0,00    0,00    0,00    0,00   99,00
17:31:14      18    0,00    0,00    0,00    0,00    0,00    0,00    0,00    0,00    0,00  100,00
17:31:14      19    0,00    0,00    0,00    0,00    0,00    0,00    0,00    0,00    0,00  100,00
17:31:14      20    1,00    0,00    1,00    0,00    0,00    0,00    0,00    0,00    0,00   98,00
17:31:14      21    0,00    0,00    0,00    0,00    0,00    0,00    0,00    0,00    0,00  100,00
17:31:14      22    1,00    0,00    1,00    0,00    0,00    0,00    0,00    0,00    0,00   98,00
17:31:14      23    0,00    0,00    1,00    0,00    0,00    0,00    0,00    0,00    0,00   99,00

17:31:14     CPU    %usr   %nice    %sys %iowait    %irq   %soft  %steal  %guest  %gnice   %idle
17:31:15     all    0,50    0,00    0,21    0,00    0,00    4,12    0,00    0,00    0,00   95,17
17:31:15       0    2,00    0,00    1,00    0,00    0,00    0,00    0,00    0,00    0,00   97,00
17:31:15       1    0,00    0,00    0,00    0,00    0,00    0,00    0,00    0,00    0,00  100,00
17:31:15       2    0,00    0,00    0,00    0,00    0,00    0,00    0,00    0,00    0,00  100,00
17:31:15       3    0,00    0,00    0,00    0,00    0,00    0,00    0,00    0,00    0,00  100,00
17:31:15       4    2,02    0,00    0,00    0,00    0,00    0,00    0,00    0,00    0,00   97,98
17:31:15       5    0,00    0,00    0,00    0,00    0,00    0,00    0,00    0,00    0,00  100,00
17:31:15       6    0,00    0,00    0,00    0,00    0,00  100,00    0,00    0,00    0,00    0,00
17:31:15       7    0,99    0,00    0,00    0,00    0,00    0,00    0,00    0,00    0,00   99,01
17:31:15       8    0,00    0,00    0,00    0,00    0,00    0,00    0,00    0,00    0,00  100,00
17:31:15       9    0,99    0,00    0,00    0,00    0,00    0,00    0,00    0,00    0,00   99,01
17:31:15      10    0,99    0,00    0,00    0,00    0,00    0,00    0,00    0,00    0,00   99,01
17:31:15      11    0,00    0,00    0,00    0,00    0,00    0,00    0,00    0,00    0,00  100,00
17:31:15      12    1,00    0,00    0,00    0,00    0,00    0,00    0,00    0,00    0,00   99,00
17:31:15      13    0,00    0,00    0,00    0,00    0,00    0,00    0,00    0,00    0,00  100,00
17:31:15      14    0,00    0,00    0,00    0,00    0,00    0,00    0,00    0,00    0,00  100,00
17:31:15      15    0,00    0,00    0,00    0,00    0,00    0,00    0,00    0,00    0,00  100,00
17:31:15      16    0,99    0,00    0,99    0,00    0,00    0,00    0,00    0,00    0,00   98,02
17:31:15      17    0,00    0,00    0,00    0,00    0,00    0,00    0,00    0,00    0,00  100,00
17:31:15      18    0,00    0,00    1,00    0,00    0,00    0,00    0,00    0,00    0,00   99,00
17:31:15      19    0,98    0,00    0,98    0,00    0,00    0,00    0,00    0,00    0,00   98,04
17:31:15      20    0,00    0,00    0,00    0,00    0,00    0,00    0,00    0,00    0,00  100,00
17:31:15      21    0,00    0,00    1,00    0,00    0,00    0,00    0,00    0,00    0,00   99,00
17:31:15      22    0,99    0,00    0,00    0,00    0,00    0,00    0,00    0,00    0,00   99,01
17:31:15      23    1,01    0,00    0,00    0,00    0,00    0,00    0,00    0,00    0,00   98,99

17:31:15     CPU    %usr   %nice    %sys %iowait    %irq   %soft  %steal  %guest  %gnice   %idle
17:31:16     all    0,33    0,00    0,12    0,17    0,00    4,17    0,00    0,00    0,00   95,21
17:31:16       0    0,00    0,00    0,00    0,00    0,00    0,00    0,00    0,00    0,00  100,00
17:31:16       1    0,00    0,00    0,00    0,00    0,00    0,00    0,00    0,00    0,00  100,00
17:31:16       2    1,00    0,00    0,00    0,00    0,00    0,00    0,00    0,00    0,00   99,00
17:31:16       3    0,00    0,00    0,00    0,00    0,00    0,00    0,00    0,00    0,00  100,00
17:31:16       4    1,00    0,00    0,00    0,00    0,00    0,00    0,00    0,00    0,00   99,00
17:31:16       5    0,00    0,00    0,00    0,00    0,00    0,00    0,00    0,00    0,00  100,00
17:31:16       6    0,00    0,00    0,00    0,00    0,00  100,00    0,00    0,00    0,00    0,00
17:31:16       7    0,00    0,00    0,00    0,00    0,00    0,00    0,00    0,00    0,00  100,00
17:31:16       8    2,00    0,00    0,00    0,00    0,00    0,00    0,00    0,00    0,00   98,00
17:31:16       9    0,00    0,00    0,00    0,00    0,00    0,00    0,00    0,00    0,00  100,00
17:31:16      10    0,00    0,00    0,00    2,00    0,00    0,00    0,00    0,00    0,00   98,00
17:31:16      11    0,99    0,00    0,00    0,00    0,00    0,00    0,00    0,00    0,00   99,01
17:31:16      12    0,00    0,00    0,99    0,00    0,00    0,00    0,00    0,00    0,00   99,01
17:31:16      13    0,00    0,00    0,00    0,00    0,00    0,00    0,00    0,00    0,00  100,00
17:31:16      14    1,00    0,00    0,00    0,00    0,00    0,00    0,00    0,00    0,00   99,00
17:31:16      15    0,00    0,00    0,00    0,00    0,00    0,00    0,00    0,00    0,00  100,00
17:31:16      16    0,00    0,00    0,00    0,00    0,00    0,00    0,00    0,00    0,00  100,00
17:31:16      17    0,00    0,00    1,00    1,00    0,00    0,00    0,00    0,00    0,00   98,00
17:31:16      18    0,00    0,00    0,00    0,00    0,00    0,00    0,00    0,00    0,00  100,00
17:31:16      19    0,00    0,00    0,00    0,00    0,00    0,00    0,00    0,00    0,00  100,00
17:31:16      20    0,98    0,00    0,98    0,00    0,00    0,00    0,00    0,00    0,00   98,04
17:31:16      21    1,00    0,00    0,00    0,00    0,00    0,00    0,00    0,00    0,00   99,00
17:31:16      22    0,00    0,00    0,00    0,00    0,00    0,00    0,00    0,00    0,00  100,00
17:31:16      23    0,00    0,00    0,00    1,01    0,00    0,00    0,00    0,00    0,00   98,99

17:31:16     CPU    %usr   %nice    %sys %iowait    %irq   %soft  %steal  %guest  %gnice   %idle
17:31:17     all    0,38    0,00    0,25    0,00    0,00    4,17    0,00    0,00    0,00   95,21
17:31:17       0    0,00    0,00    0,00    0,00    0,00    0,00    0,00    0,00    0,00  100,00
17:31:17       1    0,00    0,00    0,00    0,00    0,00    0,00    0,00    0,00    0,00  100,00
17:31:17       2    0,00    0,00    0,00    0,00    0,00    0,00    0,00    0,00    0,00  100,00
17:31:17       3    0,00    0,00    0,00    0,00    0,00    0,00    0,00    0,00    0,00  100,00
17:31:17       4    1,96    0,00    0,98    0,00    0,00    0,00    0,00    0,00    0,00   97,06
17:31:17       5    0,00    0,00    0,00    0,00    0,00    0,00    0,00    0,00    0,00  100,00
17:31:17       6    0,00    0,00    0,00    0,00    0,00  100,00    0,00    0,00    0,00    0,00
17:31:17       7    0,00    0,00    0,00    0,00    0,00    0,00    0,00    0,00    0,00  100,00
17:31:17       8    1,00    0,00    0,00    0,00    0,00    0,00    0,00    0,00    0,00   99,00
17:31:17       9    0,00    0,00    0,00    0,00    0,00    0,00    0,00    0,00    0,00  100,00
17:31:17      10    0,99    0,00    0,99    0,00    0,00    0,00    0,00    0,00    0,00   98,02
17:31:17      11    0,00    0,00    0,00    0,00    0,00    0,00    0,00    0,00    0,00  100,00
17:31:17      12    1,01    0,00    0,00    0,00    0,00    0,00    0,00    0,00    0,00   98,99
17:31:17      13    0,00    0,00    0,00    0,00    0,00    0,00    0,00    0,00    0,00  100,00
17:31:17      14    0,00    0,00    1,00    0,00    0,00    0,00    0,00    0,00    0,00   99,00
17:31:17      15    0,00    0,00    0,00    0,00    0,00    0,00    0,00    0,00    0,00  100,00
17:31:17      16    0,98    0,00    0,98    0,00    0,00    0,00    0,00    0,00    0,00   98,04
17:31:17      17    0,00    0,00    0,00    0,00    0,00    0,00    0,00    0,00    0,00  100,00
17:31:17      18    0,99    0,00    0,00    0,00    0,00    0,00    0,00    0,00    0,00   99,01
17:31:17      19    0,00    0,00    0,00    0,00    0,00    0,00    0,00    0,00    0,00  100,00
17:31:17      20    1,01    0,00    0,00    0,00    0,00    0,00    0,00    0,00    0,00   98,99
17:31:17      21    0,00    0,00    0,00    0,00    0,00    0,00    0,00    0,00    0,00  100,00
17:31:17      22    1,00    0,00    1,00    0,00    0,00    0,00    0,00    0,00    0,00   98,00
17:31:17      23    0,00    0,00    0,99    0,00    0,00    0,00    0,00    0,00    0,00   99,01

17:31:17     CPU    %usr   %nice    %sys %iowait    %irq   %soft  %steal  %guest  %gnice   %idle
17:31:18     all    0,29    0,00    0,08    0,00    0,00    4,17    0,00    0,00    0,00   95,45
17:31:18       0    0,00    0,00    0,00    0,00    0,00    0,00    0,00    0,00    0,00  100,00
17:31:18       1    0,00    0,00    0,00    0,00    0,00    0,00    0,00    0,00    0,00  100,00
17:31:18       2    0,00    0,00    0,00    0,00    0,00    0,00    0,00    0,00    0,00  100,00
17:31:18       3    0,00    0,00    0,00    0,00    0,00    0,00    0,00    0,00    0,00  100,00
17:31:18       4    2,02    0,00    0,00    0,00    0,00    0,00    0,00    0,00    0,00   97,98
17:31:18       5    0,00    0,00    0,00    0,00    0,00    0,00    0,00    0,00    0,00  100,00
17:31:18       6    0,00    0,00    0,99    0,00    0,00   99,01    0,00    0,00    0,00    0,00
17:31:18       7    0,00    0,00    0,00    0,00    0,00    0,00    0,00    0,00    0,00  100,00
17:31:18       8    0,00    0,00    0,00    0,00    0,00    0,00    0,00    0,00    0,00  100,00
17:31:18       9    0,00    0,00    0,00    0,00    0,00    0,00    0,00    0,00    0,00  100,00
17:31:18      10    2,00    0,00    0,00    0,00    0,00    0,00    0,00    0,00    0,00   98,00
17:31:18      11    0,00    0,00    0,00    0,00    0,00    0,00    0,00    0,00    0,00  100,00
17:31:18      12    0,99    0,00    0,00    0,00    0,00    0,00    0,00    0,00    0,00   99,01
17:31:18      13    0,00    0,00    0,00    0,00    0,00    0,00    0,00    0,00    0,00  100,00
17:31:18      14    0,00    0,00    0,00    0,00    0,00    0,00    0,00    0,00    0,00  100,00
17:31:18      15    0,00    0,00    0,00    0,00    0,00    0,00    0,00    0,00    0,00  100,00
17:31:18      16    0,00    0,00    0,00    0,00    0,00    0,00    0,00    0,00    0,00  100,00
17:31:18      17    0,00    0,00    1,00    0,00    0,00    0,00    0,00    0,00    0,00   99,00
17:31:18      18    0,00    0,00    0,00    0,00    0,00    0,00    0,00    0,00    0,00  100,00
17:31:18      19    0,00    0,00    0,00    0,00    0,00    0,00    0,00    0,00    0,00  100,00
17:31:18      20    0,00    0,00    0,00    0,00    0,00    0,00    0,00    0,00    0,00  100,00
17:31:18      21    1,00    0,00    0,00    0,00    0,00    0,00    0,00    0,00    0,00   99,00
17:31:18      22    0,00    0,00    0,00    0,00    0,00    0,00    0,00    0,00    0,00  100,00
17:31:18      23    1,00    0,00    0,00    0,00    0,00    0,00    0,00    0,00    0,00   99,00

17:31:18     CPU    %usr   %nice    %sys %iowait    %irq   %soft  %steal  %guest  %gnice   %idle
17:31:19     all    0,38    0,00    0,42    0,00    0,00    4,13    0,00    0,00    0,00   95,08
17:31:19       0    0,99    0,00    0,99    0,00    0,00    0,00    0,00    0,00    0,00   98,02
17:31:19       1    0,00    0,00    0,00    0,00    0,00    0,00    0,00    0,00    0,00  100,00
17:31:19       2    1,98    0,00    0,99    0,00    0,00    0,00    0,00    0,00    0,00   97,03
17:31:19       3    0,00    0,00    0,00    0,00    0,00    0,00    0,00    0,00    0,00  100,00
17:31:19       4    1,00    0,00    0,00    0,00    0,00    0,00    0,00    0,00    0,00   99,00
17:31:19       5    0,00    0,00    0,00    0,00    0,00    0,00    0,00    0,00    0,00  100,00
17:31:19       6    0,00    0,00    0,00    0,00    0,00  100,00    0,00    0,00    0,00    0,00
17:31:19       7    0,00    0,00    1,00    0,00    0,00    0,00    0,00    0,00    0,00   99,00
17:31:19       8    2,97    0,00    0,99    0,00    0,00    0,00    0,00    0,00    0,00   96,04
17:31:19       9    0,00    0,00    0,00    0,00    0,00    0,00    0,00    0,00    0,00  100,00
17:31:19      10    0,00    0,00    0,00    0,00    0,00    0,00    0,00    0,00    0,00  100,00
17:31:19      11    0,00    0,00    0,00    0,00    0,00    0,00    0,00    0,00    0,00  100,00
17:31:19      12    0,00    0,00    1,01    0,00    0,00    0,00    0,00    0,00    0,00   98,99
17:31:19      13    0,00    0,00    0,00    0,00    0,00    0,00    0,00    0,00    0,00  100,00
17:31:19      14    0,00    0,00    0,00    0,00    0,00    0,00    0,00    0,00    0,00  100,00
17:31:19      15    0,00    0,00    0,00    0,00    0,00    0,00    0,00    0,00    0,00  100,00
17:31:19      16    0,00    0,00    1,00    0,00    0,00    0,00    0,00    0,00    0,00   99,00
17:31:19      17    1,00    0,00    0,00    0,00    0,00    0,00    0,00    0,00    0,00   99,00
17:31:19      18    0,00    0,00    0,00    0,00    0,00    0,00    0,00    0,00    0,00  100,00
17:31:19      19    0,99    0,00    0,99    0,00    0,00    0,00    0,00    0,00    0,00   98,02
17:31:19      20    0,00    0,00    0,99    0,00    0,00    0,00    0,00    0,00    0,00   99,01
17:31:19      21    0,00    0,00    1,00    0,00    0,00    0,00    0,00    0,00    0,00   99,00
17:31:19      22    0,00    0,00    0,00    0,00    0,00    0,00    0,00    0,00    0,00  100,00
17:31:19      23    0,00    0,00    1,01    0,00    0,00    0,00    0,00    0,00    0,00   98,99

17:31:19     CPU    %usr   %nice    %sys %iowait    %irq   %soft  %steal  %guest  %gnice   %idle
17:31:20     all    0,42    0,00    0,04    0,00    0,00    4,18    0,00    0,00    0,00   95,36
17:31:20       0    0,00    0,00    0,00    0,00    0,00    0,00    0,00    0,00    0,00  100,00
17:31:20       1    0,00    0,00    0,00    0,00    0,00    0,00    0,00    0,00    0,00  100,00
17:31:20       2    0,00    0,00    0,00    0,00    0,00    0,00    0,00    0,00    0,00  100,00
17:31:20       3    0,00    0,00    0,00    0,00    0,00    0,00    0,00    0,00    0,00  100,00
17:31:20       4    0,00    0,00    0,00    0,00    0,00    0,00    0,00    0,00    0,00  100,00
17:31:20       5    0,00    0,00    0,00    0,00    0,00    0,00    0,00    0,00    0,00  100,00
17:31:20       6    0,00    0,00    0,00    0,00    0,00  100,00    0,00    0,00    0,00    0,00
17:31:20       7    0,99    0,00    0,00    0,00    0,00    0,00    0,00    0,00    0,00   99,01
17:31:20       8    3,00    0,00    0,00    0,00    0,00    0,00    0,00    0,00    0,00   97,00
17:31:20       9    0,00    0,00    0,00    0,00    0,00    0,00    0,00    0,00    0,00  100,00
17:31:20      10    1,01    0,00    0,00    0,00    0,00    0,00    0,00    0,00    0,00   98,99
17:31:20      11    0,00    0,00    0,00    0,00    0,00    0,00    0,00    0,00    0,00  100,00
17:31:20      12    1,00    0,00    0,00    0,00    0,00    0,00    0,00    0,00    0,00   99,00
17:31:20      13    0,00    0,00    0,00    0,00    0,00    0,00    0,00    0,00    0,00  100,00
17:31:20      14    0,00    0,00    0,00    0,00    0,00    0,00    0,00    0,00    0,00  100,00
17:31:20      15    0,00    0,00    0,00    0,00    0,00    0,00    0,00    0,00    0,00  100,00
17:31:20      16    1,01    0,00    0,00    0,00    0,00    0,00    0,00    0,00    0,00   98,99
17:31:20      17    0,00    0,00    0,00    0,00    0,00    0,00    0,00    0,00    0,00  100,00
17:31:20      18    1,98    0,00    0,99    0,00    0,00    0,00    0,00    0,00    0,00   97,03
17:31:20      19    0,00    0,00    0,00    0,00    0,00    0,00    0,00    0,00    0,00  100,00
17:31:20      20    0,00    0,00    0,00    0,00    0,00    0,00    0,00    0,00    0,00  100,00
17:31:20      21    0,00    0,00    0,00    0,00    0,00    0,00    0,00    0,00    0,00  100,00
17:31:20      22    0,00    0,00    0,00    0,00    0,00    0,00    0,00    0,00    0,00  100,00
17:31:20      23    1,00    0,00    0,00    0,00    0,00    0,00    0,00    0,00    0,00   99,00

17:31:20     CPU    %usr   %nice    %sys %iowait    %irq   %soft  %steal  %guest  %gnice   %idle
17:31:21     all    0,42    0,00    0,04    0,04    0,00    4,17    0,00    0,00    0,00   95,33
17:31:21       0    2,00    0,00    0,00    0,00    0,00    0,00    0,00    0,00    0,00   98,00
17:31:21       1    0,00    0,00    0,00    0,00    0,00    0,00    0,00    0,00    0,00  100,00
17:31:21       2    0,00    0,00    0,00    0,00    0,00    0,00    0,00    0,00    0,00  100,00
17:31:21       3    0,00    0,00    0,00    0,00    0,00    0,00    0,00    0,00    0,00  100,00
17:31:21       4    0,00    0,00    0,00    0,00    0,00    0,00    0,00    0,00    0,00  100,00
17:31:21       5    0,99    0,00    0,00    0,00    0,00    0,00    0,00    0,00    0,00   99,01
17:31:21       6    0,00    0,00    0,00    0,00    0,00  100,00    0,00    0,00    0,00    0,00
17:31:21       7    0,00    0,00    0,00    0,00    0,00    0,00    0,00    0,00    0,00  100,00
17:31:21       8    3,03    0,00    0,00    1,01    0,00    0,00    0,00    0,00    0,00   95,96
17:31:21       9    0,00    0,00    0,00    0,00    0,00    0,00    0,00    0,00    0,00  100,00
17:31:21      10    0,99    0,00    0,99    0,00    0,00    0,00    0,00    0,00    0,00   98,02
17:31:21      11    0,00    0,00    0,00    0,00    0,00    0,00    0,00    0,00    0,00  100,00
17:31:21      12    0,00    0,00    0,00    0,00    0,00    0,00    0,00    0,00    0,00  100,00
17:31:21      13    0,00    0,00    0,00    0,00    0,00    0,00    0,00    0,00    0,00  100,00
17:31:21      14    0,00    0,00    0,00    0,00    0,00    0,00    0,00    0,00    0,00  100,00
17:31:21      15    0,00    0,00    0,00    0,00    0,00    0,00    0,00    0,00    0,00  100,00
17:31:21      16    1,00    0,00    0,00    0,00    0,00    0,00    0,00    0,00    0,00   99,00
17:31:21      17    1,00    0,00    0,00    0,00    0,00    0,00    0,00    0,00    0,00   99,00
17:31:21      18    0,00    0,00    0,00    0,00    0,00    0,00    0,00    0,00    0,00  100,00
17:31:21      19    1,00    0,00    0,00    0,00    0,00    0,00    0,00    0,00    0,00   99,00
17:31:21      20    0,00    0,00    0,00    0,00    0,00    0,00    0,00    0,00    0,00  100,00
17:31:21      21    0,00    0,00    0,00    0,00    0,00    0,00    0,00    0,00    0,00  100,00
17:31:21      22    0,00    0,00    0,00    0,00    0,00    0,00    0,00    0,00    0,00  100,00
17:31:21      23    0,00    0,00    0,00    0,00    0,00    0,00    0,00    0,00    0,00  100,00

17:31:21     CPU    %usr   %nice    %sys %iowait    %irq   %soft  %steal  %guest  %gnice   %idle
17:31:22     all    0,58    0,00    0,21    0,00    0,00    4,16    0,00    0,00    0,00   95,05
17:31:22       0    0,00    0,00    0,00    0,00    0,00    0,00    0,00    0,00    0,00  100,00
17:31:22       1    0,00    0,00    0,00    0,00    0,00    0,00    0,00    0,00    0,00  100,00
17:31:22       2    1,00    0,00    0,00    0,00    0,00    0,00    0,00    0,00    0,00   99,00
17:31:22       3    0,00    0,00    0,00    0,00    0,00    0,00    0,00    0,00    0,00  100,00
17:31:22       4    1,00    0,00    0,00    0,00    0,00    0,00    0,00    0,00    0,00   99,00
17:31:22       5    0,00    0,00    0,00    0,00    0,00    0,00    0,00    0,00    0,00  100,00
17:31:22       6    0,00    0,00    0,00    0,00    0,00  100,00    0,00    0,00    0,00    0,00
17:31:22       7    0,00    0,00    0,00    0,00    0,00    0,00    0,00    0,00    0,00  100,00
17:31:22       8    3,00    0,00    0,00    0,00    0,00    0,00    0,00    0,00    0,00   97,00
17:31:22       9    0,99    0,00    0,00    0,00    0,00    0,00    0,00    0,00    0,00   99,01
17:31:22      10    0,00    0,00    0,00    0,00    0,00    0,00    0,00    0,00    0,00  100,00
17:31:22      11    0,00    0,00    0,00    0,00    0,00    0,00    0,00    0,00    0,00  100,00
17:31:22      12    0,00    0,00    0,00    0,00    0,00    0,00    0,00    0,00    0,00  100,00
17:31:22      13    0,00    0,00    0,00    0,00    0,00    0,00    0,00    0,00    0,00  100,00
17:31:22      14    0,98    0,00    0,98    0,00    0,00    0,00    0,00    0,00    0,00   98,04
17:31:22      15    0,00    0,00    0,00    0,00    0,00    0,00    0,00    0,00    0,00  100,00
17:31:22      16    0,99    0,00    0,99    0,00    0,00    0,00    0,00    0,00    0,00   98,02
17:31:22      17    1,00    0,00    0,00    0,00    0,00    0,00    0,00    0,00    0,00   99,00
17:31:22      18    0,99    0,00    0,00    0,00    0,00    0,00    0,00    0,00    0,00   99,01
17:31:22      19    0,99    0,00    0,00    0,00    0,00    0,00    0,00    0,00    0,00   99,01
17:31:22      20    0,99    0,00    0,00    0,00    0,00    0,00    0,00    0,00    0,00   99,01
17:31:22      21    0,99    0,00    0,99    0,00    0,00    0,00    0,00    0,00    0,00   98,02
17:31:22      22    0,00    0,00    1,00    0,00    0,00    0,00    0,00    0,00    0,00   99,00
17:31:22      23    0,99    0,00    0,99    0,00    0,00    0,00    0,00    0,00    0,00   98,02

17:31:22     CPU    %usr   %nice    %sys %iowait    %irq   %soft  %steal  %guest  %gnice   %idle
17:31:23     all    0,25    0,00    0,21    0,00    0,00    4,17    0,00    0,00    0,00   95,37
17:31:23       0    0,00    0,00    1,00    0,00    0,00    0,00    0,00    0,00    0,00   99,00
17:31:23       1    0,00    0,00    0,00    0,00    0,00    0,00    0,00    0,00    0,00  100,00
17:31:23       2    0,00    0,00    0,00    0,00    0,00    0,00    0,00    0,00    0,00  100,00
17:31:23       3    0,00    0,00    0,00    0,00    0,00    0,00    0,00    0,00    0,00  100,00
17:31:23       4    1,01    0,00    0,00    0,00    0,00    0,00    0,00    0,00    0,00   98,99
17:31:23       5    0,00    0,00    0,00    0,00    0,00    0,00    0,00    0,00    0,00  100,00
17:31:23       6    0,00    0,00    0,00    0,00    0,00  100,00    0,00    0,00    0,00    0,00
17:31:23       7    0,00    0,00    0,00    0,00    0,00    0,00    0,00    0,00    0,00  100,00
17:31:23       8    2,00    0,00    0,00    0,00    0,00    0,00    0,00    0,00    0,00   98,00
17:31:23       9    0,00    0,00    0,00    0,00    0,00    0,00    0,00    0,00    0,00  100,00
17:31:23      10    1,00    0,00    0,00    0,00    0,00    0,00    0,00    0,00    0,00   99,00
17:31:23      11    0,00    0,00    0,00    0,00    0,00    0,00    0,00    0,00    0,00  100,00
17:31:23      12    0,00    0,00    0,00    0,00    0,00    0,00    0,00    0,00    0,00  100,00
17:31:23      13    0,00    0,00    0,00    0,00    0,00    0,00    0,00    0,00    0,00  100,00
17:31:23      14    0,00    0,00    0,00    0,00    0,00    0,00    0,00    0,00    0,00  100,00
17:31:23      15    0,00    0,00    0,00    0,00    0,00    0,00    0,00    0,00    0,00  100,00
17:31:23      16    1,01    0,00    0,00    0,00    0,00    0,00    0,00    0,00    0,00   98,99
17:31:23      17    0,00    0,00    1,00    0,00    0,00    0,00    0,00    0,00    0,00   99,00
17:31:23      18    0,00    0,00    1,00    0,00    0,00    0,00    0,00    0,00    0,00   99,00
17:31:23      19    0,00    0,00    1,00    0,00    0,00    0,00    0,00    0,00    0,00   99,00
17:31:23      20    0,00    0,00    0,99    0,00    0,00    0,00    0,00    0,00    0,00   99,01
17:31:23      21    0,00    0,00    0,00    0,00    0,00    0,00    0,00    0,00    0,00  100,00
17:31:23      22    0,99    0,00    0,00    0,00    0,00    0,00    0,00    0,00    0,00   99,01
17:31:23      23    0,00    0,00    0,00    0,00    0,00    0,00    0,00    0,00    0,00  100,00

17:31:23     CPU    %usr   %nice    %sys %iowait    %irq   %soft  %steal  %guest  %gnice   %idle
17:31:24     all    0,42    0,00    0,08    0,04    0,00    4,18    0,00    0,00    0,00   95,27
17:31:24       0    0,00    0,00    0,00    0,00    0,00    0,00    0,00    0,00    0,00  100,00
17:31:24       1    0,00    0,00    0,00    0,00    0,00    0,00    0,00    0,00    0,00  100,00
17:31:24       2    2,00    0,00    0,00    0,00    0,00    0,00    0,00    0,00    0,00   98,00
17:31:24       3    0,00    0,00    0,00    0,00    0,00    0,00    0,00    0,00    0,00  100,00
17:31:24       4    1,98    0,00    0,99    0,00    0,00    0,00    0,00    0,00    0,00   97,03
17:31:24       5    0,00    0,00    0,00    0,00    0,00    0,00    0,00    0,00    0,00  100,00
17:31:24       6    0,00    0,00    0,00    0,00    0,00  100,00    0,00    0,00    0,00    0,00
17:31:24       7    0,00    0,00    0,00    0,00    0,00    0,00    0,00    0,00    0,00  100,00
17:31:24       8    0,00    0,00    0,00    1,01    0,00    0,00    0,00    0,00    0,00   98,99
17:31:24       9    0,00    0,00    0,00    0,00    0,00    0,00    0,00    0,00    0,00  100,00
17:31:24      10    0,00    0,00    0,00    0,00    0,00    0,00    0,00    0,00    0,00  100,00
17:31:24      11    0,00    0,00    0,00    0,00    0,00    0,00    0,00    0,00    0,00  100,00
17:31:24      12    0,00    0,00    0,00    0,00    0,00    0,00    0,00    0,00    0,00  100,00
17:31:24      13    0,00    0,00    0,00    0,00    0,00    0,00    0,00    0,00    0,00  100,00
17:31:24      14    1,00    0,00    1,00    0,00    0,00    0,00    0,00    0,00    0,00   98,00
17:31:24      15    0,00    0,00    0,00    0,00    0,00    0,00    0,00    0,00    0,00  100,00
17:31:24      16    1,01    0,00    0,00    0,00    0,00    0,00    0,00    0,00    0,00   98,99
17:31:24      17    1,01    0,00    0,00    0,00    0,00    0,00    0,00    0,00    0,00   98,99
17:31:24      18    1,01    0,00    0,00    0,00    0,00    0,00    0,00    0,00    0,00   98,99
17:31:24      19    1,00    0,00    0,00    0,00    0,00    0,00    0,00    0,00    0,00   99,00
17:31:24      20    0,00    0,00    0,00    0,00    0,00    0,00    0,00    0,00    0,00  100,00
17:31:24      21    0,00    0,00    0,00    0,00    0,00    0,00    0,00    0,00    0,00  100,00
17:31:24      22    1,00    0,00    0,00    0,00    0,00    0,00    0,00    0,00    0,00   99,00
17:31:24      23    0,00    0,00    0,00    0,00    0,00    0,00    0,00    0,00    0,00  100,00

17:31:24     CPU    %usr   %nice    %sys %iowait    %irq   %soft  %steal  %guest  %gnice   %idle
17:31:25     all    0,42    0,00    0,25    0,00    0,00    4,13    0,00    0,00    0,00   95,20
17:31:25       0    1,00    0,00    0,00    0,00    0,00    0,00    0,00    0,00    0,00   99,00
17:31:25       1    0,00    0,00    0,00    0,00    0,00    0,00    0,00    0,00    0,00  100,00
17:31:25       2    1,00    0,00    0,00    0,00    0,00    0,00    0,00    0,00    0,00   99,00
17:31:25       3    0,00    0,00    0,00    0,00    0,00    0,00    0,00    0,00    0,00  100,00
17:31:25       4    1,01    0,00    0,00    0,00    0,00    0,00    0,00    0,00    0,00   98,99
17:31:25       5    0,00    0,00    0,00    0,00    0,00    0,00    0,00    0,00    0,00  100,00
17:31:25       6    0,00    0,00    1,00    0,00    0,00   99,00    0,00    0,00    0,00    0,00
17:31:25       7    0,99    0,00    0,00    0,00    0,00    0,00    0,00    0,00    0,00   99,01
17:31:25       8    2,00    0,00    0,00    0,00    0,00    0,00    0,00    0,00    0,00   98,00
17:31:25       9    0,00    0,00    0,00    0,00    0,00    0,00    0,00    0,00    0,00  100,00
17:31:25      10    0,00    0,00    0,00    0,00    0,00    0,00    0,00    0,00    0,00  100,00
17:31:25      11    1,00    0,00    0,00    0,00    0,00    0,00    0,00    0,00    0,00   99,00
17:31:25      12    0,00    0,00    0,00    0,00    0,00    0,00    0,00    0,00    0,00  100,00
17:31:25      13    0,00    0,00    0,00    0,00    0,00    0,00    0,00    0,00    0,00  100,00
17:31:25      14    0,00    0,00    0,00    0,00    0,00    0,00    0,00    0,00    0,00  100,00
17:31:25      15    0,00    0,00    0,00    0,00    0,00    0,00    0,00    0,00    0,00  100,00
17:31:25      16    1,00    0,00    1,00    0,00    0,00    0,00    0,00    0,00    0,00   98,00
17:31:25      17    0,00    0,00    1,00    0,00    0,00    0,00    0,00    0,00    0,00   99,00
17:31:25      18    0,99    0,00    0,99    0,00    0,00    0,00    0,00    0,00    0,00   98,02
17:31:25      19    1,01    0,00    0,00    0,00    0,00    0,00    0,00    0,00    0,00   98,99
17:31:25      20    0,00    0,00    0,00    0,00    0,00    0,00    0,00    0,00    0,00  100,00
17:31:25      21    0,00    0,00    1,00    0,00    0,00    0,00    0,00    0,00    0,00   99,00
17:31:25      22    0,00    0,00    1,01    0,00    0,00    0,00    0,00    0,00    0,00   98,99
17:31:25      23    0,00    0,00    0,00    0,00    0,00    0,00    0,00    0,00    0,00  100,00

17:31:25     CPU    %usr   %nice    %sys %iowait    %irq   %soft  %steal  %guest  %gnice   %idle
17:31:26     all    0,33    0,00    0,12    0,00    0,00    4,16    0,00    0,00    0,00   95,38
17:31:26       0    0,00    0,00    0,00    0,00    0,00    0,00    0,00    0,00    0,00  100,00
17:31:26       1    0,00    0,00    0,00    0,00    0,00    0,00    0,00    0,00    0,00  100,00
17:31:26       2    0,00    0,00    0,99    0,00    0,00    0,00    0,00    0,00    0,00   99,01
17:31:26       3    0,00    0,00    0,00    0,00    0,00    0,00    0,00    0,00    0,00  100,00
17:31:26       4    1,00    0,00    0,00    0,00    0,00    0,00    0,00    0,00    0,00   99,00
17:31:26       5    0,00    0,00    0,00    0,00    0,00    0,00    0,00    0,00    0,00  100,00
17:31:26       6    0,00    0,00    0,00    0,00    0,00  100,00    0,00    0,00    0,00    0,00
17:31:26       7    0,00    0,00    0,00    0,00    0,00    0,00    0,00    0,00    0,00  100,00
17:31:26       8    1,01    0,00    0,00    0,00    0,00    0,00    0,00    0,00    0,00   98,99
17:31:26       9    0,00    0,00    0,99    0,00    0,00    0,00    0,00    0,00    0,00   99,01
17:31:26      10    1,00    0,00    0,00    0,00    0,00    0,00    0,00    0,00    0,00   99,00
17:31:26      11    0,00    0,00    0,00    0,00    0,00    0,00    0,00    0,00    0,00  100,00
17:31:26      12    1,00    0,00    0,00    0,00    0,00    0,00    0,00    0,00    0,00   99,00
17:31:26      13    0,00    0,00    0,00    0,00    0,00    0,00    0,00    0,00    0,00  100,00
17:31:26      14    0,00    0,00    0,00    0,00    0,00    0,00    0,00    0,00    0,00  100,00
17:31:26      15    0,00    0,00    0,00    0,00    0,00    0,00    0,00    0,00    0,00  100,00
17:31:26      16    1,00    0,00    0,00    0,00    0,00    0,00    0,00    0,00    0,00   99,00
17:31:26      17    1,01    0,00    0,00    0,00    0,00    0,00    0,00    0,00    0,00   98,99
17:31:26      18    0,00    0,00    0,00    0,00    0,00    0,00    0,00    0,00    0,00  100,00
17:31:26      19    1,98    0,00    0,99    0,00    0,00    0,00    0,00    0,00    0,00   97,03
17:31:26      20    0,00    0,00    0,00    0,00    0,00    0,00    0,00    0,00    0,00  100,00
17:31:26      21    0,00    0,00    0,00    0,00    0,00    0,00    0,00    0,00    0,00  100,00
17:31:26      22    0,00    0,00    0,00    0,00    0,00    0,00    0,00    0,00    0,00  100,00
17:31:26      23    0,00    0,00    0,00    0,00    0,00    0,00    0,00    0,00    0,00  100,00

17:31:26     CPU    %usr   %nice    %sys %iowait    %irq   %soft  %steal  %guest  %gnice   %idle
17:31:27     all    0,38    0,00    0,29    0,13    0,00    4,17    0,00    0,00    0,00   95,04
17:31:27       0    0,00    0,00    1,00    1,00    0,00    0,00    0,00    0,00    0,00   98,00
17:31:27       1    0,00    0,00    0,00    1,00    0,00    0,00    0,00    0,00    0,00   99,00
17:31:27       2    0,00    0,00    0,00    0,00    0,00    0,00    0,00    0,00    0,00  100,00
17:31:27       3    0,00    0,00    0,00    0,99    0,00    0,00    0,00    0,00    0,00   99,01
17:31:27       4    1,00    0,00    0,00    0,00    0,00    0,00    0,00    0,00    0,00   99,00
17:31:27       5    0,00    0,00    0,00    0,00    0,00    0,00    0,00    0,00    0,00  100,00
17:31:27       6    0,00    0,00    0,00    0,00    0,00  100,00    0,00    0,00    0,00    0,00
17:31:27       7    0,00    0,00    0,00    0,00    0,00    0,00    0,00    0,00    0,00  100,00
17:31:27       8    2,97    0,00    0,99    0,00    0,00    0,00    0,00    0,00    0,00   96,04
17:31:27       9    0,00    0,00    0,00    0,00    0,00    0,00    0,00    0,00    0,00  100,00
17:31:27      10    0,00    0,00    0,00    0,00    0,00    0,00    0,00    0,00    0,00  100,00
17:31:27      11    0,00    0,00    0,00    0,00    0,00    0,00    0,00    0,00    0,00  100,00
17:31:27      12    0,00    0,00    0,00    0,00    0,00    0,00    0,00    0,00    0,00  100,00
17:31:27      13    0,00    0,00    0,00    0,00    0,00    0,00    0,00    0,00    0,00  100,00
17:31:27      14    0,00    0,00    1,00    0,00    0,00    0,00    0,00    0,00    0,00   99,00
17:31:27      15    0,00    0,00    0,00    0,00    0,00    0,00    0,00    0,00    0,00  100,00
17:31:27      16    0,99    0,00    0,99    0,00    0,00    0,00    0,00    0,00    0,00   98,02
17:31:27      17    3,00    0,00    1,00    0,00    0,00    0,00    0,00    0,00    0,00   96,00
17:31:27      18    0,00    0,00    0,00    0,00    0,00    0,00    0,00    0,00    0,00  100,00
17:31:27      19    0,00    0,00    0,00    0,00    0,00    0,00    0,00    0,00    0,00  100,00
17:31:27      20    0,00    0,00    0,00    0,00    0,00    0,00    0,00    0,00    0,00  100,00
17:31:27      21    1,00    0,00    1,00    0,00    0,00    0,00    0,00    0,00    0,00   98,00
17:31:27      22    0,00    0,00    0,99    0,00    0,00    0,00    0,00    0,00    0,00   99,01
17:31:27      23    0,00    0,00    0,00    0,00    0,00    0,00    0,00    0,00    0,00  100,00
