Linux 6.8.0-111-generic (testbed-node6) 	13/05/26 	_x86_64_	(24 CPU)

21:24:23     CPU    %usr   %nice    %sys %iowait    %irq   %soft  %steal  %guest  %gnice   %idle
21:24:24     all    0,75    0,00    0,33    0,12    0,00   54,08    0,00    0,00    0,00   44,72
21:24:24       0    0,00    0,00    1,01    0,00    0,00    0,00    0,00    0,00    0,00   98,99
21:24:24       1    2,00    0,00    0,00    0,00    0,00   98,00    0,00    0,00    0,00    0,00
21:24:24       2    0,00    0,00    0,00    0,00    0,00    0,99    0,00    0,00    0,00   99,01
21:24:24       3    0,00    0,00    0,00    0,00    0,00  100,00    0,00    0,00    0,00    0,00
21:24:24       4    0,00    0,00    0,00    0,00    0,00  100,00    0,00    0,00    0,00    0,00
21:24:24       5    0,00    0,00    0,00    1,00    0,00    0,00    0,00    0,00    0,00   99,00
21:24:24       6    0,00    0,00    0,00    1,01    0,00    0,00    0,00    0,00    0,00   98,99
21:24:24       7    0,00    0,00    0,00    0,00    0,00  100,00    0,00    0,00    0,00    0,00
21:24:24       8    8,00    0,00    2,00    1,00    0,00    0,00    0,00    0,00    0,00   89,00
21:24:24       9    0,00    0,00    0,00    0,00    0,00    0,00    0,00    0,00    0,00  100,00
21:24:24      10    0,00    0,00    0,00    0,00    0,00  100,00    0,00    0,00    0,00    0,00
21:24:24      11    0,99    0,00    0,00    0,00    0,00    0,00    0,00    0,00    0,00   99,01
21:24:24      12    0,00    0,00    0,00    0,00    0,00  100,00    0,00    0,00    0,00    0,00
21:24:24      13    0,00    0,00    0,00    0,00    0,00  100,00    0,00    0,00    0,00    0,00
21:24:24      14    0,00    0,00    0,00    0,00    0,00  100,00    0,00    0,00    0,00    0,00
21:24:24      15    0,00    0,00    0,00    0,00    0,00  100,00    0,00    0,00    0,00    0,00
21:24:24      16    0,00    0,00    0,00    0,00    0,00  100,00    0,00    0,00    0,00    0,00
21:24:24      17    0,00    0,00    0,00    0,00    0,00  100,00    0,00    0,00    0,00    0,00
21:24:24      18    1,98    0,00    0,99    0,00    0,00    0,00    0,00    0,00    0,00   97,03
21:24:24      19    1,98    0,00    0,99    0,00    0,00    0,00    0,00    0,00    0,00   97,03
21:24:24      20    1,96    0,00    1,96    0,00    0,00    0,98    0,00    0,00    0,00   95,10
21:24:24      21    0,00    0,00    0,00    0,00    0,00  100,00    0,00    0,00    0,00    0,00
21:24:24      22    0,00    0,00    0,00    0,00    0,00  100,00    0,00    0,00    0,00    0,00
21:24:24      23    0,99    0,00    0,99    0,00    0,00    0,00    0,00    0,00    0,00   98,02

21:24:24     CPU    %usr   %nice    %sys %iowait    %irq   %soft  %steal  %guest  %gnice   %idle
21:24:25     all    0,00    0,00    0,08    0,13    0,00   54,19    0,00    0,00    0,00   45,60
21:24:25       0    0,00    0,00    0,00    0,00    0,00    0,00    0,00    0,00    0,00  100,00
21:24:25       1    0,00    0,00    0,99    0,00    0,00   99,01    0,00    0,00    0,00    0,00
21:24:25       2    0,00    0,00    0,00    0,00    0,00    0,00    0,00    0,00    0,00  100,00
21:24:25       3    0,00    0,00    0,00    0,00    0,00  100,00    0,00    0,00    0,00    0,00
21:24:25       4    0,00    0,00    0,00    0,00    0,00  100,00    0,00    0,00    0,00    0,00
21:24:25       5    0,00    0,00    0,00    0,00    0,00    0,00    0,00    0,00    0,00  100,00
21:24:25       6    0,00    0,00    0,00    0,00    0,00    0,00    0,00    0,00    0,00  100,00
21:24:25       7    0,00    0,00    0,00    0,00    0,00  100,00    0,00    0,00    0,00    0,00
21:24:25       8    0,00    0,00    0,00    0,00    0,00    0,00    0,00    0,00    0,00  100,00
21:24:25       9    0,00    0,00    0,00    0,00    0,00    0,00    0,00    0,00    0,00  100,00
21:24:25      10    0,00    0,00    0,00    0,00    0,00  100,00    0,00    0,00    0,00    0,00
21:24:25      11    0,00    0,00    0,00    0,00    0,00    0,00    0,00    0,00    0,00  100,00
21:24:25      12    0,00    0,00    0,00    0,00    0,00  100,00    0,00    0,00    0,00    0,00
21:24:25      13    0,00    0,00    0,00    0,00    0,00  100,00    0,00    0,00    0,00    0,00
21:24:25      14    0,00    0,00    0,00    0,00    0,00  100,00    0,00    0,00    0,00    0,00
21:24:25      15    0,00    0,00    0,00    0,00    0,00  100,00    0,00    0,00    0,00    0,00
21:24:25      16    0,00    0,00    0,00    0,00    0,00  100,00    0,00    0,00    0,00    0,00
21:24:25      17    0,00    0,00    0,00    0,00    0,00  100,00    0,00    0,00    0,00    0,00
21:24:25      18    0,00    0,00    1,00    0,00    0,00    0,00    0,00    0,00    0,00   99,00
21:24:25      19    0,00    0,00    0,00    0,00    0,00    0,00    0,00    0,00    0,00  100,00
21:24:25      20    0,00    0,00    0,00    1,00    0,00    0,00    0,00    0,00    0,00   99,00
21:24:25      21    0,00    0,00    0,00    0,00    0,00  100,00    0,00    0,00    0,00    0,00
21:24:25      22    0,00    0,00    0,00    0,00    0,00  100,00    0,00    0,00    0,00    0,00
21:24:25      23    0,00    0,00    0,00    1,98    0,00    0,00    0,00    0,00    0,00   98,02

21:24:25     CPU    %usr   %nice    %sys %iowait    %irq   %soft  %steal  %guest  %gnice   %idle
21:24:26     all    1,25    0,00    0,63    0,00    0,00   54,19    0,00    0,00    0,00   43,93
21:24:26       0    7,07    0,00    2,02    0,00    0,00    0,00    0,00    0,00    0,00   90,91
21:24:26       1    1,00    0,00    0,00    0,00    0,00   99,00    0,00    0,00    0,00    0,00
21:24:26       2    0,00    0,00    0,00    0,00    0,00    0,99    0,00    0,00    0,00   99,01
21:24:26       3    0,00    0,00    0,99    0,00    0,00   99,01    0,00    0,00    0,00    0,00
21:24:26       4    0,00    0,00    0,00    0,00    0,00  100,00    0,00    0,00    0,00    0,00
21:24:26       5    0,00    0,00    0,00    0,00    0,00    0,00    0,00    0,00    0,00  100,00
21:24:26       6    0,00    0,00    0,00    0,00    0,00    0,00    0,00    0,00    0,00  100,00
21:24:26       7    0,00    0,00    0,00    0,00    0,00  100,00    0,00    0,00    0,00    0,00
21:24:26       8   14,00    0,00    5,00    0,00    0,00    0,00    0,00    0,00    0,00   81,00
21:24:26       9    0,00    0,00    0,00    0,00    0,00    0,00    0,00    0,00    0,00  100,00
21:24:26      10    0,00    0,00    0,00    0,00    0,00  100,00    0,00    0,00    0,00    0,00
21:24:26      11    0,00    0,00    0,00    0,00    0,00    0,00    0,00    0,00    0,00  100,00
21:24:26      12    0,00    0,00    0,00    0,00    0,00  100,00    0,00    0,00    0,00    0,00
21:24:26      13    0,00    0,00    0,00    0,00    0,00  100,00    0,00    0,00    0,00    0,00
21:24:26      14    0,00    0,00    0,00    0,00    0,00  100,00    0,00    0,00    0,00    0,00
21:24:26      15    0,00    0,00    0,00    0,00    0,00  100,00    0,00    0,00    0,00    0,00
21:24:26      16    0,00    0,00    0,00    0,00    0,00  100,00    0,00    0,00    0,00    0,00
21:24:26      17    0,00    0,00    0,99    0,00    0,00   99,01    0,00    0,00    0,00    0,00
21:24:26      18    2,02    0,00    1,01    0,00    0,00    0,00    0,00    0,00    0,00   96,97
21:24:26      19    3,00    0,00    2,00    0,00    0,00    0,00    0,00    0,00    0,00   95,00
21:24:26      20    1,00    0,00    1,00    0,00    0,00    0,00    0,00    0,00    0,00   98,00
21:24:26      21    0,00    0,00    0,00    0,00    0,00  100,00    0,00    0,00    0,00    0,00
21:24:26      22    0,00    0,00    0,00    0,00    0,00  100,00    0,00    0,00    0,00    0,00
21:24:26      23    2,04    0,00    2,04    0,00    0,00    0,00    0,00    0,00    0,00   95,92

21:24:26     CPU    %usr   %nice    %sys %iowait    %irq   %soft  %steal  %guest  %gnice   %idle
21:24:27     all    0,04    0,00    0,04    0,00    0,00   54,13    0,00    0,00    0,00   45,79
21:24:27       0    0,00    0,00    0,00    0,00    0,00    0,00    0,00    0,00    0,00  100,00
21:24:27       1    1,01    0,00    0,00    0,00    0,00   98,99    0,00    0,00    0,00    0,00
21:24:27       2    0,00    0,00    0,00    0,00    0,00    0,00    0,00    0,00    0,00  100,00
21:24:27       3    0,00    0,00    0,00    0,00    0,00  100,00    0,00    0,00    0,00    0,00
21:24:27       4    0,00    0,00    0,00    0,00    0,00  100,00    0,00    0,00    0,00    0,00
21:24:27       5    0,00    0,00    0,00    0,00    0,00    0,00    0,00    0,00    0,00  100,00
21:24:27       6    0,00    0,00    0,00    0,00    0,00    0,00    0,00    0,00    0,00  100,00
21:24:27       7    0,00    0,00    0,00    0,00    0,00  100,00    0,00    0,00    0,00    0,00
21:24:27       8    0,00    0,00    0,00    0,00    0,00    0,00    0,00    0,00    0,00  100,00
21:24:27       9    0,00    0,00    0,00    0,00    0,00    0,00    0,00    0,00    0,00  100,00
21:24:27      10    0,00    0,00    0,00    0,00    0,00  100,00    0,00    0,00    0,00    0,00
21:24:27      11    0,00    0,00    0,00    0,00    0,00    0,00    0,00    0,00    0,00  100,00
21:24:27      12    0,00    0,00    0,00    0,00    0,00  100,00    0,00    0,00    0,00    0,00
21:24:27      13    0,00    0,00    0,00    0,00    0,00  100,00    0,00    0,00    0,00    0,00
21:24:27      14    0,00    0,00    0,00    0,00    0,00  100,00    0,00    0,00    0,00    0,00
21:24:27      15    0,00    0,00    0,00    0,00    0,00  100,00    0,00    0,00    0,00    0,00
21:24:27      16    0,00    0,00    0,00    0,00    0,00  100,00    0,00    0,00    0,00    0,00
21:24:27      17    0,00    0,00    0,00    0,00    0,00  100,00    0,00    0,00    0,00    0,00
21:24:27      18    0,00    0,00    0,00    0,00    0,00    0,00    0,00    0,00    0,00  100,00
21:24:27      19    0,00    0,00    0,00    0,00    0,00    0,00    0,00    0,00    0,00  100,00
21:24:27      20    0,00    0,00    0,00    0,00    0,00    0,00    0,00    0,00    0,00  100,00
21:24:27      21    0,00    0,00    0,00    0,00    0,00  100,00    0,00    0,00    0,00    0,00
21:24:27      22    0,00    0,00    0,00    0,00    0,00  100,00    0,00    0,00    0,00    0,00
21:24:27      23    0,00    0,00    0,99    0,00    0,00    0,00    0,00    0,00    0,00   99,01

21:24:27     CPU    %usr   %nice    %sys %iowait    %irq   %soft  %steal  %guest  %gnice   %idle
21:24:28     all    0,08    0,00    0,04    0,00    0,00   54,12    0,00    0,00    0,00   45,75
21:24:28       0    0,00    0,00    0,00    0,00    0,00    0,00    0,00    0,00    0,00  100,00
21:24:28       1    0,00    0,00    0,99    0,00    0,00   99,01    0,00    0,00    0,00    0,00
21:24:28       2    0,00    0,00    0,00    0,00    0,00    0,00    0,00    0,00    0,00  100,00
21:24:28       3    0,00    0,00    0,00    0,00    0,00  100,00    0,00    0,00    0,00    0,00
21:24:28       4    0,00    0,00    0,00    0,00    0,00  100,00    0,00    0,00    0,00    0,00
21:24:28       5    0,00    0,00    0,00    0,00    0,00    0,00    0,00    0,00    0,00  100,00
21:24:28       6    0,00    0,00    0,00    0,00    0,00    0,00    0,00    0,00    0,00  100,00
21:24:28       7    0,00    0,00    0,00    0,00    0,00  100,00    0,00    0,00    0,00    0,00
21:24:28       8    0,00    0,00    0,00    0,00    0,00    0,00    0,00    0,00    0,00  100,00
21:24:28       9    0,00    0,00    0,00    0,00    0,00    0,00    0,00    0,00    0,00  100,00
21:24:28      10    0,00    0,00    0,00    0,00    0,00  100,00    0,00    0,00    0,00    0,00
21:24:28      11    0,00    0,00    0,00    0,00    0,00    0,00    0,00    0,00    0,00  100,00
21:24:28      12    0,00    0,00    0,00    0,00    0,00  100,00    0,00    0,00    0,00    0,00
21:24:28      13    0,00    0,00    0,00    0,00    0,00  100,00    0,00    0,00    0,00    0,00
21:24:28      14    0,00    0,00    0,00    0,00    0,00  100,00    0,00    0,00    0,00    0,00
21:24:28      15    0,00    0,00    0,00    0,00    0,00  100,00    0,00    0,00    0,00    0,00
21:24:28      16    0,00    0,00    0,00    0,00    0,00  100,00    0,00    0,00    0,00    0,00
21:24:28      17    0,00    0,00    0,00    0,00    0,00  100,00    0,00    0,00    0,00    0,00
21:24:28      18    0,99    0,00    0,00    0,00    0,00    0,00    0,00    0,00    0,00   99,01
21:24:28      19    0,99    0,00    0,00    0,00    0,00    0,00    0,00    0,00    0,00   99,01
21:24:28      20    0,00    0,00    0,00    0,00    0,00    0,00    0,00    0,00    0,00  100,00
21:24:28      21    0,00    0,00    0,00    0,00    0,00  100,00    0,00    0,00    0,00    0,00
21:24:28      22    0,00    0,00    0,00    0,00    0,00  100,00    0,00    0,00    0,00    0,00
21:24:28      23    0,00    0,00    0,00    0,00    0,00    0,00    0,00    0,00    0,00  100,00

21:24:28     CPU    %usr   %nice    %sys %iowait    %irq   %soft  %steal  %guest  %gnice   %idle
21:24:29     all    0,08    0,00    0,00    0,00    0,00   54,22    0,00    0,00    0,00   45,70
21:24:29       0    0,00    0,00    0,00    0,00    0,00    0,00    0,00    0,00    0,00  100,00
21:24:29       1    1,00    0,00    0,00    0,00    0,00   99,00    0,00    0,00    0,00    0,00
21:24:29       2    0,00    0,00    0,00    0,00    0,00    0,00    0,00    0,00    0,00  100,00
21:24:29       3    0,00    0,00    0,00    0,00    0,00  100,00    0,00    0,00    0,00    0,00
21:24:29       4    0,00    0,00    0,00    0,00    0,00  100,00    0,00    0,00    0,00    0,00
21:24:29       5    0,00    0,00    0,00    0,00    0,00    0,00    0,00    0,00    0,00  100,00
21:24:29       6    0,99    0,00    0,00    0,00    0,00    0,00    0,00    0,00    0,00   99,01
21:24:29       7    0,00    0,00    0,00    0,00    0,00  100,00    0,00    0,00    0,00    0,00
21:24:29       8    0,00    0,00    0,00    0,00    0,00    0,00    0,00    0,00    0,00  100,00
21:24:29       9    0,00    0,00    0,00    0,00    0,00    0,00    0,00    0,00    0,00  100,00
21:24:29      10    0,00    0,00    0,00    0,00    0,00  100,00    0,00    0,00    0,00    0,00
21:24:29      11    0,00    0,00    0,00    0,00    0,00    0,00    0,00    0,00    0,00  100,00
21:24:29      12    0,00    0,00    0,00    0,00    0,00  100,00    0,00    0,00    0,00    0,00
21:24:29      13    0,00    0,00    0,00    0,00    0,00  100,00    0,00    0,00    0,00    0,00
21:24:29      14    0,00    0,00    0,00    0,00    0,00  100,00    0,00    0,00    0,00    0,00
21:24:29      15    0,00    0,00    0,00    0,00    0,00  100,00    0,00    0,00    0,00    0,00
21:24:29      16    0,00    0,00    0,00    0,00    0,00  100,00    0,00    0,00    0,00    0,00
21:24:29      17    0,00    0,00    0,00    0,00    0,00  100,00    0,00    0,00    0,00    0,00
21:24:29      18    0,00    0,00    0,00    0,00    0,00    0,00    0,00    0,00    0,00  100,00
21:24:29      19    0,00    0,00    0,00    0,00    0,00    0,00    0,00    0,00    0,00  100,00
21:24:29      20    0,00    0,00    0,00    0,00    0,00    0,00    0,00    0,00    0,00  100,00
21:24:29      21    0,00    0,00    0,00    0,00    0,00  100,00    0,00    0,00    0,00    0,00
21:24:29      22    0,00    0,00    0,00    0,00    0,00  100,00    0,00    0,00    0,00    0,00
21:24:29      23    0,00    0,00    0,00    0,00    0,00    0,00    0,00    0,00    0,00  100,00

21:24:29     CPU    %usr   %nice    %sys %iowait    %irq   %soft  %steal  %guest  %gnice   %idle
21:24:30     all    0,12    0,00    0,12    0,12    0,00   54,12    0,00    0,00    0,00   45,50
21:24:30       0    0,00    0,00    0,00    0,00    0,00    1,00    0,00    0,00    0,00   99,00
21:24:30       1    1,00    0,00    1,00    0,00    0,00   98,00    0,00    0,00    0,00    0,00
21:24:30       2    0,00    0,00    0,00    0,00    0,00    0,00    0,00    0,00    0,00  100,00
21:24:30       3    0,00    0,00    0,00    0,00    0,00  100,00    0,00    0,00    0,00    0,00
21:24:30       4    0,00    0,00    0,00    0,00    0,00  100,00    0,00    0,00    0,00    0,00
21:24:30       5    0,00    0,00    0,00    0,00    0,00    0,00    0,00    0,00    0,00  100,00
21:24:30       6    0,00    0,00    0,00    0,00    0,00    0,00    0,00    0,00    0,00  100,00
21:24:30       7    0,00    0,00    0,00    0,00    0,00  100,00    0,00    0,00    0,00    0,00
21:24:30       8    0,99    0,00    0,99    0,00    0,00    0,00    0,00    0,00    0,00   98,02
21:24:30       9    0,00    0,00    0,00    0,00    0,00    0,00    0,00    0,00    0,00  100,00
21:24:30      10    0,00    0,00    0,00    0,00    0,00  100,00    0,00    0,00    0,00    0,00
21:24:30      11    0,00    0,00    0,00    0,00    0,00    0,00    0,00    0,00    0,00  100,00
21:24:30      12    0,00    0,00    0,00    0,00    0,00  100,00    0,00    0,00    0,00    0,00
21:24:30      13    0,00    0,00    0,00    0,00    0,00  100,00    0,00    0,00    0,00    0,00
21:24:30      14    0,00    0,00    0,99    0,00    0,00   99,01    0,00    0,00    0,00    0,00
21:24:30      15    0,00    0,00    0,00    0,00    0,00  100,00    0,00    0,00    0,00    0,00
21:24:30      16    0,00    0,00    0,00    0,00    0,00  100,00    0,00    0,00    0,00    0,00
21:24:30      17    0,00    0,00    0,00    0,00    0,00  100,00    0,00    0,00    0,00    0,00
21:24:30      18    0,00    0,00    0,00    1,00    0,00    0,00    0,00    0,00    0,00   99,00
21:24:30      19    0,00    0,00    0,00    0,00    0,00    0,00    0,00    0,00    0,00  100,00
21:24:30      20    0,00    0,00    0,00    1,00    0,00    0,00    0,00    0,00    0,00   99,00
21:24:30      21    0,00    0,00    0,00    0,00    0,00  100,00    0,00    0,00    0,00    0,00
21:24:30      22    0,00    0,00    0,00    0,00    0,00  100,00    0,00    0,00    0,00    0,00
21:24:30      23    1,01    0,00    0,00    1,01    0,00    0,00    0,00    0,00    0,00   97,98

21:24:30     CPU    %usr   %nice    %sys %iowait    %irq   %soft  %steal  %guest  %gnice   %idle
21:24:31     all    0,13    0,00    0,04    0,00    0,00   54,11    0,00    0,00    0,00   45,73
21:24:31       0    0,00    0,00    0,00    0,00    0,00    0,00    0,00    0,00    0,00  100,00
21:24:31       1    1,01    0,00    0,00    0,00    0,00   98,99    0,00    0,00    0,00    0,00
21:24:31       2    0,00    0,00    0,00    0,00    0,00    0,00    0,00    0,00    0,00  100,00
21:24:31       3    0,00    0,00    0,00    0,00    0,00  100,00    0,00    0,00    0,00    0,00
21:24:31       4    0,00    0,00    0,00    0,00    0,00  100,00    0,00    0,00    0,00    0,00
21:24:31       5    0,00    0,00    0,00    0,00    0,00    0,00    0,00    0,00    0,00  100,00
21:24:31       6    0,00    0,00    0,00    0,00    0,00    0,00    0,00    0,00    0,00  100,00
21:24:31       7    0,00    0,00    0,00    0,00    0,00  100,00    0,00    0,00    0,00    0,00
21:24:31       8    1,01    0,00    0,00    0,00    0,00    0,00    0,00    0,00    0,00   98,99
21:24:31       9    0,00    0,00    0,00    0,00    0,00    0,00    0,00    0,00    0,00  100,00
21:24:31      10    0,00    0,00    0,00    0,00    0,00  100,00    0,00    0,00    0,00    0,00
21:24:31      11    0,00    0,00    0,00    0,00    0,00    0,00    0,00    0,00    0,00  100,00
21:24:31      12    0,00    0,00    0,00    0,00    0,00  100,00    0,00    0,00    0,00    0,00
21:24:31      13    0,00    0,00    0,00    0,00    0,00  100,00    0,00    0,00    0,00    0,00
21:24:31      14    0,00    0,00    0,00    0,00    0,00  100,00    0,00    0,00    0,00    0,00
21:24:31      15    0,00    0,00    0,00    0,00    0,00  100,00    0,00    0,00    0,00    0,00
21:24:31      16    0,00    0,00    0,00    0,00    0,00  100,00    0,00    0,00    0,00    0,00
21:24:31      17    0,00    0,00    0,00    0,00    0,00  100,00    0,00    0,00    0,00    0,00
21:24:31      18    0,00    0,00    0,00    0,00    0,00    0,00    0,00    0,00    0,00  100,00
21:24:31      19    0,00    0,00    0,00    0,00    0,00    0,00    0,00    0,00    0,00  100,00
21:24:31      20    0,00    0,00    0,00    0,00    0,00    0,00    0,00    0,00    0,00  100,00
21:24:31      21    0,00    0,00    0,00    0,00    0,00  100,00    0,00    0,00    0,00    0,00
21:24:31      22    0,00    0,00    0,00    0,00    0,00  100,00    0,00    0,00    0,00    0,00
21:24:31      23    0,99    0,00    0,99    0,00    0,00    0,00    0,00    0,00    0,00   98,02

21:24:31     CPU    %usr   %nice    %sys %iowait    %irq   %soft  %steal  %guest  %gnice   %idle
21:24:32     all    0,08    0,00    0,04    0,00    0,00   54,14    0,00    0,00    0,00   45,73
21:24:32       0    0,00    0,00    0,00    0,00    0,00    1,98    0,00    0,00    0,00   98,02
21:24:32       1    1,00    0,00    0,00    0,00    0,00   99,00    0,00    0,00    0,00    0,00
21:24:32       2    0,99    0,00    0,00    0,00    0,00    0,00    0,00    0,00    0,00   99,01
21:24:32       3    0,00    0,00    0,00    0,00    0,00  100,00    0,00    0,00    0,00    0,00
21:24:32       4    0,00    0,00    0,00    0,00    0,00  100,00    0,00    0,00    0,00    0,00
21:24:32       5    0,00    0,00    0,00    0,00    0,00    0,00    0,00    0,00    0,00  100,00
21:24:32       6    0,00    0,00    0,00    0,00    0,00    0,00    0,00    0,00    0,00  100,00
21:24:32       7    0,00    0,00    0,00    0,00    0,00  100,00    0,00    0,00    0,00    0,00
21:24:32       8    0,00    0,00    0,99    0,00    0,00    0,00    0,00    0,00    0,00   99,01
21:24:32       9    0,00    0,00    0,00    0,00    0,00    0,00    0,00    0,00    0,00  100,00
21:24:32      10    0,00    0,00    0,00    0,00    0,00  100,00    0,00    0,00    0,00    0,00
21:24:32      11    0,00    0,00    0,00    0,00    0,00    0,00    0,00    0,00    0,00  100,00
21:24:32      12    0,00    0,00    0,00    0,00    0,00  100,00    0,00    0,00    0,00    0,00
21:24:32      13    0,00    0,00    0,00    0,00    0,00  100,00    0,00    0,00    0,00    0,00
21:24:32      14    0,00    0,00    0,00    0,00    0,00  100,00    0,00    0,00    0,00    0,00
21:24:32      15    0,00    0,00    0,00    0,00    0,00  100,00    0,00    0,00    0,00    0,00
21:24:32      16    0,00    0,00    0,00    0,00    0,00  100,00    0,00    0,00    0,00    0,00
21:24:32      17    0,00    0,00    0,00    0,00    0,00  100,00    0,00    0,00    0,00    0,00
21:24:32      18    0,00    0,00    0,00    0,00    0,00    0,00    0,00    0,00    0,00  100,00
21:24:32      19    0,00    0,00    0,00    0,00    0,00    0,00    0,00    0,00    0,00  100,00
21:24:32      20    0,00    0,00    0,00    0,00    0,00    0,00    0,00    0,00    0,00  100,00
21:24:32      21    0,00    0,00    0,00    0,00    0,00  100,00    0,00    0,00    0,00    0,00
21:24:32      22    0,00    0,00    0,00    0,00    0,00  100,00    0,00    0,00    0,00    0,00
21:24:32      23    0,00    0,00    0,00    0,00    0,00    0,00    0,00    0,00    0,00  100,00

21:24:32     CPU    %usr   %nice    %sys %iowait    %irq   %soft  %steal  %guest  %gnice   %idle
21:24:33     all    0,00    0,00    0,04    0,00    0,00   54,19    0,00    0,00    0,00   45,77
21:24:33       0    0,00    0,00    0,00    0,00    0,00    0,00    0,00    0,00    0,00  100,00
21:24:33       1    0,00    0,00    1,00    0,00    0,00   99,00    0,00    0,00    0,00    0,00
21:24:33       2    0,00    0,00    0,00    0,00    0,00    0,00    0,00    0,00    0,00  100,00
21:24:33       3    0,00    0,00    0,00    0,00    0,00  100,00    0,00    0,00    0,00    0,00
21:24:33       4    0,00    0,00    0,00    0,00    0,00  100,00    0,00    0,00    0,00    0,00
21:24:33       5    0,00    0,00    0,00    0,00    0,00    0,00    0,00    0,00    0,00  100,00
21:24:33       6    0,00    0,00    0,00    0,00    0,00    0,00    0,00    0,00    0,00  100,00
21:24:33       7    0,00    0,00    0,00    0,00    0,00  100,00    0,00    0,00    0,00    0,00
21:24:33       8    0,00    0,00    0,00    0,00    0,00    0,00    0,00    0,00    0,00  100,00
21:24:33       9    0,00    0,00    0,00    0,00    0,00    0,00    0,00    0,00    0,00  100,00
21:24:33      10    0,00    0,00    0,00    0,00    0,00  100,00    0,00    0,00    0,00    0,00
21:24:33      11    0,00    0,00    0,00    0,00    0,00    0,00    0,00    0,00    0,00  100,00
21:24:33      12    0,00    0,00    0,00    0,00    0,00  100,00    0,00    0,00    0,00    0,00
21:24:33      13    0,00    0,00    0,00    0,00    0,00  100,00    0,00    0,00    0,00    0,00
21:24:33      14    0,00    0,00    0,00    0,00    0,00  100,00    0,00    0,00    0,00    0,00
21:24:33      15    0,00    0,00    0,00    0,00    0,00  100,00    0,00    0,00    0,00    0,00
21:24:33      16    0,00    0,00    0,00    0,00    0,00  100,00    0,00    0,00    0,00    0,00
21:24:33      17    0,00    0,00    0,00    0,00    0,00  100,00    0,00    0,00    0,00    0,00
21:24:33      18    0,00    0,00    0,00    0,00    0,00    0,00    0,00    0,00    0,00  100,00
21:24:33      19    0,00    0,00    0,00    0,00    0,00    0,00    0,00    0,00    0,00  100,00
21:24:33      20    0,00    0,00    0,00    0,00    0,00    0,00    0,00    0,00    0,00  100,00
21:24:33      21    0,00    0,00    0,00    0,00    0,00  100,00    0,00    0,00    0,00    0,00
21:24:33      22    0,00    0,00    0,00    0,00    0,00  100,00    0,00    0,00    0,00    0,00
21:24:33      23    0,00    0,00    0,00    0,00    0,00    0,00    0,00    0,00    0,00  100,00

21:24:33     CPU    %usr   %nice    %sys %iowait    %irq   %soft  %steal  %guest  %gnice   %idle
21:24:34     all    0,46    0,00    0,33    0,00    0,00   54,29    0,00    0,00    0,00   44,92
21:24:34       0    0,00    0,00    0,00    0,00    0,00    2,91    0,00    0,00    0,00   97,09
21:24:34       1    1,00    0,00    0,00    0,00    0,00   99,00    0,00    0,00    0,00    0,00
21:24:34       2    0,00    0,00    0,00    0,00    0,00    0,00    0,00    0,00    0,00  100,00
21:24:34       3    0,00    0,00    0,00    0,00    0,00  100,00    0,00    0,00    0,00    0,00
21:24:34       4    0,00    0,00    0,00    0,00    0,00  100,00    0,00    0,00    0,00    0,00
21:24:34       5    0,00    0,00    0,00    0,00    0,00    0,00    0,00    0,00    0,00  100,00
21:24:34       6    0,00    0,00    0,00    0,00    0,00    0,00    0,00    0,00    0,00  100,00
21:24:34       7    0,00    0,00    0,00    0,00    0,00  100,00    0,00    0,00    0,00    0,00
21:24:34       8    0,00    0,00    0,00    0,00    0,00    0,00    0,00    0,00    0,00  100,00
21:24:34       9    9,00    0,00    8,00    0,00    0,00    0,00    0,00    0,00    0,00   83,00
21:24:34      10    0,00    0,00    0,00    0,00    0,00  100,00    0,00    0,00    0,00    0,00
21:24:34      11    0,00    0,00    0,00    0,00    0,00    0,00    0,00    0,00    0,00  100,00
21:24:34      12    0,00    0,00    0,00    0,00    0,00  100,00    0,00    0,00    0,00    0,00
21:24:34      13    0,00    0,00    0,00    0,00    0,00  100,00    0,00    0,00    0,00    0,00
21:24:34      14    0,00    0,00    0,00    0,00    0,00  100,00    0,00    0,00    0,00    0,00
21:24:34      15    0,00    0,00    0,00    0,00    0,00  100,00    0,00    0,00    0,00    0,00
21:24:34      16    0,00    0,00    0,00    0,00    0,00  100,00    0,00    0,00    0,00    0,00
21:24:34      17    0,00    0,00    0,00    0,00    0,00  100,00    0,00    0,00    0,00    0,00
21:24:34      18    1,00    0,00    0,00    0,00    0,00    0,00    0,00    0,00    0,00   99,00
21:24:34      19    0,00    0,00    0,00    0,00    0,00    0,00    0,00    0,00    0,00  100,00
21:24:34      20    0,00    0,00    0,00    0,00    0,00    0,00    0,00    0,00    0,00  100,00
21:24:34      21    0,00    0,00    0,00    0,00    0,00  100,00    0,00    0,00    0,00    0,00
21:24:34      22    0,00    0,00    0,00    0,00    0,00  100,00    0,00    0,00    0,00    0,00
21:24:34      23    0,00    0,00    0,00    0,00    0,00    0,00    0,00    0,00    0,00  100,00

21:24:34     CPU    %usr   %nice    %sys %iowait    %irq   %soft  %steal  %guest  %gnice   %idle
21:24:35     all    0,08    0,00    0,00    0,04    0,00   54,22    0,00    0,00    0,00   45,66
21:24:35       0    0,00    0,00    0,00    0,00    0,00    0,00    0,00    0,00    0,00  100,00
21:24:35       1    1,00    0,00    0,00    0,00    0,00   99,00    0,00    0,00    0,00    0,00
21:24:35       2    0,00    0,00    0,00    0,00    0,00    0,00    0,00    0,00    0,00  100,00
21:24:35       3    0,00    0,00    0,00    0,00    0,00  100,00    0,00    0,00    0,00    0,00
21:24:35       4    0,00    0,00    0,00    0,00    0,00  100,00    0,00    0,00    0,00    0,00
21:24:35       5    0,00    0,00    0,00    0,00    0,00    0,00    0,00    0,00    0,00  100,00
21:24:35       6    0,00    0,00    0,00    0,00    0,00    0,00    0,00    0,00    0,00  100,00
21:24:35       7    0,00    0,00    0,00    0,00    0,00  100,00    0,00    0,00    0,00    0,00
21:24:35       8    0,00    0,00    0,00    0,00    0,00    0,00    0,00    0,00    0,00  100,00
21:24:35       9    0,00    0,00    0,00    0,00    0,00    0,00    0,00    0,00    0,00  100,00
21:24:35      10    0,00    0,00    0,00    0,00    0,00  100,00    0,00    0,00    0,00    0,00
21:24:35      11    0,00    0,00    0,00    0,00    0,00    0,00    0,00    0,00    0,00  100,00
21:24:35      12    0,00    0,00    0,00    0,00    0,00  100,00    0,00    0,00    0,00    0,00
21:24:35      13    0,00    0,00    0,00    0,00    0,00  100,00    0,00    0,00    0,00    0,00
21:24:35      14    0,00    0,00    0,00    0,00    0,00  100,00    0,00    0,00    0,00    0,00
21:24:35      15    0,00    0,00    0,00    0,00    0,00  100,00    0,00    0,00    0,00    0,00
21:24:35      16    0,00    0,00    0,00    0,00    0,00  100,00    0,00    0,00    0,00    0,00
21:24:35      17    0,00    0,00    0,00    0,00    0,00  100,00    0,00    0,00    0,00    0,00
21:24:35      18    1,01    0,00    0,00    0,00    0,00    0,00    0,00    0,00    0,00   98,99
21:24:35      19    0,00    0,00    0,00    0,00    0,00    0,00    0,00    0,00    0,00  100,00
21:24:35      20    0,00    0,00    0,00    0,00    0,00    0,00    0,00    0,00    0,00  100,00
21:24:35      21    0,00    0,00    0,00    0,00    0,00  100,00    0,00    0,00    0,00    0,00
21:24:35      22    0,00    0,00    0,00    0,00    0,00  100,00    0,00    0,00    0,00    0,00
21:24:35      23    0,00    0,00    0,00    0,99    0,00    0,00    0,00    0,00    0,00   99,01

21:24:35     CPU    %usr   %nice    %sys %iowait    %irq   %soft  %steal  %guest  %gnice   %idle
21:24:36     all    1,46    0,00    0,83    0,00    0,00   54,12    0,00    0,00    0,00   43,59
21:24:36       0    0,00    0,00    0,99    0,00    0,00    1,98    0,00    0,00    0,00   97,03
21:24:36       1    1,00    0,00    1,00    0,00    0,00   98,00    0,00    0,00    0,00    0,00
21:24:36       2    0,00    0,00    0,00    0,00    0,00    0,00    0,00    0,00    0,00  100,00
21:24:36       3    0,00    0,00    0,00    0,00    0,00  100,00    0,00    0,00    0,00    0,00
21:24:36       4    0,00    0,00    0,00    0,00    0,00  100,00    0,00    0,00    0,00    0,00
21:24:36       5    0,00    0,00    0,00    0,00    0,00    0,00    0,00    0,00    0,00  100,00
21:24:36       6    0,00    0,00    0,00    0,00    0,00    0,00    0,00    0,00    0,00  100,00
21:24:36       7    0,00    0,00    0,00    0,00    0,00  100,00    0,00    0,00    0,00    0,00
21:24:36       8   15,00    0,00    4,00    0,00    0,00    0,00    0,00    0,00    0,00   81,00
21:24:36       9    0,99    0,00    0,99    0,00    0,00    0,00    0,00    0,00    0,00   98,02
21:24:36      10    0,00    0,00    0,00    0,00    0,00  100,00    0,00    0,00    0,00    0,00
21:24:36      11    0,00    0,00    0,00    0,00    0,00    0,00    0,00    0,00    0,00  100,00
21:24:36      12    0,00    0,00    0,00    0,00    0,00  100,00    0,00    0,00    0,00    0,00
21:24:36      13    0,00    0,00    0,00    0,00    0,00  100,00    0,00    0,00    0,00    0,00
21:24:36      14    0,00    0,00    0,00    0,00    0,00  100,00    0,00    0,00    0,00    0,00
21:24:36      15    0,00    0,00    0,00    0,00    0,00  100,00    0,00    0,00    0,00    0,00
21:24:36      16    0,00    0,00    0,00    0,00    0,00  100,00    0,00    0,00    0,00    0,00
21:24:36      17    0,00    0,00    0,00    0,00    0,00  100,00    0,00    0,00    0,00    0,00
21:24:36      18    5,88    0,00    3,92    0,00    0,00    0,00    0,00    0,00    0,00   90,20
21:24:36      19    5,94    0,00    2,97    0,00    0,00    0,00    0,00    0,00    0,00   91,09
21:24:36      20    4,00    0,00    4,00    0,00    0,00    0,00    0,00    0,00    0,00   92,00
21:24:36      21    0,00    0,00    0,00    0,00    0,00  100,00    0,00    0,00    0,00    0,00
21:24:36      22    0,00    0,00    0,00    0,00    0,00  100,00    0,00    0,00    0,00    0,00
21:24:36      23    2,04    0,00    2,04    0,00    0,00    0,00    0,00    0,00    0,00   95,92
