Linux 6.8.0-110-generic (testbed-node1) 	13/05/26 	_x86_64_	(24 CPU)

23:48:46     CPU    %usr   %nice    %sys %iowait    %irq   %soft  %steal  %guest  %gnice   %idle
23:48:47     all   59,26    0,00    0,33    0,08    0,00    0,00    0,00    0,00    0,00   40,33
23:48:47       0  100,00    0,00    0,00    0,00    0,00    0,00    0,00    0,00    0,00    0,00
23:48:47       1  100,00    0,00    0,00    0,00    0,00    0,00    0,00    0,00    0,00    0,00
23:48:47       2  100,00    0,00    0,00    0,00    0,00    0,00    0,00    0,00    0,00    0,00
23:48:47       3  100,00    0,00    0,00    0,00    0,00    0,00    0,00    0,00    0,00    0,00
23:48:47       4  100,00    0,00    0,00    0,00    0,00    0,00    0,00    0,00    0,00    0,00
23:48:47       5  100,00    0,00    0,00    0,00    0,00    0,00    0,00    0,00    0,00    0,00
23:48:47       6  100,00    0,00    0,00    0,00    0,00    0,00    0,00    0,00    0,00    0,00
23:48:47       7  100,00    0,00    0,00    0,00    0,00    0,00    0,00    0,00    0,00    0,00
23:48:47       8  100,00    0,00    0,00    0,00    0,00    0,00    0,00    0,00    0,00    0,00
23:48:47       9  100,00    0,00    0,00    0,00    0,00    0,00    0,00    0,00    0,00    0,00
23:48:47      10  100,00    0,00    0,00    0,00    0,00    0,00    0,00    0,00    0,00    0,00
23:48:47      11  100,00    0,00    0,00    0,00    0,00    0,00    0,00    0,00    0,00    0,00
23:48:47      12  100,00    0,00    0,00    0,00    0,00    0,00    0,00    0,00    0,00    0,00
23:48:47      13    0,00    0,00    2,04    0,00    0,00    0,00    0,00    0,00    0,00   97,96
23:48:47      14  100,00    0,00    0,00    0,00    0,00    0,00    0,00    0,00    0,00    0,00
23:48:47      15    0,00    0,00    1,00    1,00    0,00    0,00    0,00    0,00    0,00   98,00
23:48:47      16    2,00    0,00    1,00    1,00    0,00    0,00    0,00    0,00    0,00   96,00
23:48:47      17    2,00    0,00    0,00    0,00    0,00    0,00    0,00    0,00    0,00   98,00
23:48:47      18    0,00    0,00    1,01    0,00    0,00    0,00    0,00    0,00    0,00   98,99
23:48:47      19    2,00    0,00    0,00    0,00    0,00    0,00    0,00    0,00    0,00   98,00
23:48:47      20    2,00    0,00    0,00    0,00    0,00    0,00    0,00    0,00    0,00   98,00
23:48:47      21    7,14    0,00    1,02    0,00    0,00    0,00    0,00    0,00    0,00   91,84
23:48:47      22    2,97    0,00    0,99    0,00    0,00    0,00    0,00    0,00    0,00   96,04
23:48:47      23    1,00    0,00    1,00    0,00    0,00    0,00    0,00    0,00    0,00   98,00

23:48:47     CPU    %usr   %nice    %sys %iowait    %irq   %soft  %steal  %guest  %gnice   %idle
23:48:48     all   58,32    0,00    0,04    0,00    0,00    0,00    0,00    0,00    0,00   41,64
23:48:48       0  100,00    0,00    0,00    0,00    0,00    0,00    0,00    0,00    0,00    0,00
23:48:48       1  100,00    0,00    0,00    0,00    0,00    0,00    0,00    0,00    0,00    0,00
23:48:48       2  100,00    0,00    0,00    0,00    0,00    0,00    0,00    0,00    0,00    0,00
23:48:48       3  100,00    0,00    0,00    0,00    0,00    0,00    0,00    0,00    0,00    0,00
23:48:48       4  100,00    0,00    0,00    0,00    0,00    0,00    0,00    0,00    0,00    0,00
23:48:48       5  100,00    0,00    0,00    0,00    0,00    0,00    0,00    0,00    0,00    0,00
23:48:48       6  100,00    0,00    0,00    0,00    0,00    0,00    0,00    0,00    0,00    0,00
23:48:48       7  100,00    0,00    0,00    0,00    0,00    0,00    0,00    0,00    0,00    0,00
23:48:48       8  100,00    0,00    0,00    0,00    0,00    0,00    0,00    0,00    0,00    0,00
23:48:48       9  100,00    0,00    0,00    0,00    0,00    0,00    0,00    0,00    0,00    0,00
23:48:48      10  100,00    0,00    0,00    0,00    0,00    0,00    0,00    0,00    0,00    0,00
23:48:48      11  100,00    0,00    0,00    0,00    0,00    0,00    0,00    0,00    0,00    0,00
23:48:48      12  100,00    0,00    0,00    0,00    0,00    0,00    0,00    0,00    0,00    0,00
23:48:48      13    0,00    0,00    0,00    0,00    0,00    0,00    0,00    0,00    0,00  100,00
23:48:48      14  100,00    0,00    0,00    0,00    0,00    0,00    0,00    0,00    0,00    0,00
23:48:48      15    0,00    0,00    0,00    0,00    0,00    0,00    0,00    0,00    0,00  100,00
23:48:48      16    0,00    0,00    0,99    0,00    0,00    0,00    0,00    0,00    0,00   99,01
23:48:48      17    0,00    0,00    0,00    0,00    0,00    0,00    0,00    0,00    0,00  100,00
23:48:48      18    0,00    0,00    0,00    0,00    0,00    0,00    0,00    0,00    0,00  100,00
23:48:48      19    0,00    0,00    0,00    0,00    0,00    0,00    0,00    0,00    0,00  100,00
23:48:48      20    0,00    0,00    0,00    0,00    0,00    0,00    0,00    0,00    0,00  100,00
23:48:48      21    0,00    0,00    0,00    0,00    0,00    0,00    0,00    0,00    0,00  100,00
23:48:48      22    0,00    0,00    0,00    0,00    0,00    0,00    0,00    0,00    0,00  100,00
23:48:48      23    0,00    0,00    0,00    0,00    0,00    0,00    0,00    0,00    0,00  100,00

23:48:48     CPU    %usr   %nice    %sys %iowait    %irq   %soft  %steal  %guest  %gnice   %idle
23:48:49     all   59,00    0,00    0,54    0,04    0,00    0,00    0,00    0,00    0,00   40,42
23:48:49       0   99,01    0,00    0,99    0,00    0,00    0,00    0,00    0,00    0,00    0,00
23:48:49       1  100,00    0,00    0,00    0,00    0,00    0,00    0,00    0,00    0,00    0,00
23:48:49       2  100,00    0,00    0,00    0,00    0,00    0,00    0,00    0,00    0,00    0,00
23:48:49       3  100,00    0,00    0,00    0,00    0,00    0,00    0,00    0,00    0,00    0,00
23:48:49       4  100,00    0,00    0,00    0,00    0,00    0,00    0,00    0,00    0,00    0,00
23:48:49       5  100,00    0,00    0,00    0,00    0,00    0,00    0,00    0,00    0,00    0,00
23:48:49       6  100,00    0,00    0,00    0,00    0,00    0,00    0,00    0,00    0,00    0,00
23:48:49       7  100,00    0,00    0,00    0,00    0,00    0,00    0,00    0,00    0,00    0,00
23:48:49       8  100,00    0,00    0,00    0,00    0,00    0,00    0,00    0,00    0,00    0,00
23:48:49       9  100,00    0,00    0,00    0,00    0,00    0,00    0,00    0,00    0,00    0,00
23:48:49      10  100,00    0,00    0,00    0,00    0,00    0,00    0,00    0,00    0,00    0,00
23:48:49      11  100,00    0,00    0,00    0,00    0,00    0,00    0,00    0,00    0,00    0,00
23:48:49      12  100,00    0,00    0,00    0,00    0,00    0,00    0,00    0,00    0,00    0,00
23:48:49      13    0,00    0,00    0,00    1,01    0,00    0,00    0,00    0,00    0,00   98,99
23:48:49      14  100,00    0,00    0,00    0,00    0,00    0,00    0,00    0,00    0,00    0,00
23:48:49      15    0,00    0,00    0,00    0,00    0,00    0,00    0,00    0,00    0,00  100,00
23:48:49      16    1,02    0,00    4,08    0,00    0,00    0,00    0,00    0,00    0,00   94,90
23:48:49      17   10,00    0,00    2,00    0,00    0,00    0,00    0,00    0,00    0,00   88,00
23:48:49      18    1,00    0,00    2,00    0,00    0,00    0,00    0,00    0,00    0,00   97,00
23:48:49      19    0,00    0,00    1,01    0,00    0,00    0,00    0,00    0,00    0,00   98,99
23:48:49      20    0,00    0,00    1,01    0,00    0,00    0,00    0,00    0,00    0,00   98,99
23:48:49      21    0,00    0,00    1,00    0,00    0,00    0,00    0,00    0,00    0,00   99,00
23:48:49      22    0,00    0,00    0,00    0,00    0,00    0,00    0,00    0,00    0,00  100,00
23:48:49      23    1,00    0,00    1,00    0,00    0,00    0,00    0,00    0,00    0,00   98,00

23:48:49     CPU    %usr   %nice    %sys %iowait    %irq   %soft  %steal  %guest  %gnice   %idle
23:48:50     all   58,52    0,00    0,21    0,00    0,00    0,04    0,00    0,00    0,00   41,23
23:48:50       0  100,00    0,00    0,00    0,00    0,00    0,00    0,00    0,00    0,00    0,00
23:48:50       1  100,00    0,00    0,00    0,00    0,00    0,00    0,00    0,00    0,00    0,00
23:48:50       2  100,00    0,00    0,00    0,00    0,00    0,00    0,00    0,00    0,00    0,00
23:48:50       3  100,00    0,00    0,00    0,00    0,00    0,00    0,00    0,00    0,00    0,00
23:48:50       4  100,00    0,00    0,00    0,00    0,00    0,00    0,00    0,00    0,00    0,00
23:48:50       5  100,00    0,00    0,00    0,00    0,00    0,00    0,00    0,00    0,00    0,00
23:48:50       6  100,00    0,00    0,00    0,00    0,00    0,00    0,00    0,00    0,00    0,00
23:48:50       7  100,00    0,00    0,00    0,00    0,00    0,00    0,00    0,00    0,00    0,00
23:48:50       8  100,00    0,00    0,00    0,00    0,00    0,00    0,00    0,00    0,00    0,00
23:48:50       9  100,00    0,00    0,00    0,00    0,00    0,00    0,00    0,00    0,00    0,00
23:48:50      10  100,00    0,00    0,00    0,00    0,00    0,00    0,00    0,00    0,00    0,00
23:48:50      11  100,00    0,00    0,00    0,00    0,00    0,00    0,00    0,00    0,00    0,00
23:48:50      12  100,00    0,00    0,00    0,00    0,00    0,00    0,00    0,00    0,00    0,00
23:48:50      13    0,00    0,00    0,00    0,00    0,00    0,99    0,00    0,00    0,00   99,01
23:48:50      14  100,00    0,00    0,00    0,00    0,00    0,00    0,00    0,00    0,00    0,00
23:48:50      15    0,00    0,00    0,00    0,00    0,00    0,00    0,00    0,00    0,00  100,00
23:48:50      16    0,00    0,00    1,00    0,00    0,00    0,00    0,00    0,00    0,00   99,00
23:48:50      17    1,01    0,00    0,00    0,00    0,00    0,00    0,00    0,00    0,00   98,99
23:48:50      18    0,99    0,00    0,99    0,00    0,00    0,00    0,00    0,00    0,00   98,02
23:48:50      19    0,00    0,00    0,00    0,00    0,00    0,00    0,00    0,00    0,00  100,00
23:48:50      20    0,00    0,00    0,00    0,00    0,00    0,00    0,00    0,00    0,00  100,00
23:48:50      21    0,99    0,00    0,99    0,00    0,00    0,00    0,00    0,00    0,00   98,02
23:48:50      22    0,00    0,00    1,00    0,00    0,00    0,00    0,00    0,00    0,00   99,00
23:48:50      23    1,00    0,00    1,00    0,00    0,00    0,00    0,00    0,00    0,00   98,00

23:48:50     CPU    %usr   %nice    %sys %iowait    %irq   %soft  %steal  %guest  %gnice   %idle
23:48:51     all   61,54    0,00    0,58    0,00    0,00    0,00    0,00    0,00    0,00   37,88
23:48:51       0  100,00    0,00    0,00    0,00    0,00    0,00    0,00    0,00    0,00    0,00
23:48:51       1  100,00    0,00    0,00    0,00    0,00    0,00    0,00    0,00    0,00    0,00
23:48:51       2  100,00    0,00    0,00    0,00    0,00    0,00    0,00    0,00    0,00    0,00
23:48:51       3  100,00    0,00    0,00    0,00    0,00    0,00    0,00    0,00    0,00    0,00
23:48:51       4  100,00    0,00    0,00    0,00    0,00    0,00    0,00    0,00    0,00    0,00
23:48:51       5  100,00    0,00    0,00    0,00    0,00    0,00    0,00    0,00    0,00    0,00
23:48:51       6  100,00    0,00    0,00    0,00    0,00    0,00    0,00    0,00    0,00    0,00
23:48:51       7  100,00    0,00    0,00    0,00    0,00    0,00    0,00    0,00    0,00    0,00
23:48:51       8  100,00    0,00    0,00    0,00    0,00    0,00    0,00    0,00    0,00    0,00
23:48:51       9  100,00    0,00    0,00    0,00    0,00    0,00    0,00    0,00    0,00    0,00
23:48:51      10  100,00    0,00    0,00    0,00    0,00    0,00    0,00    0,00    0,00    0,00
23:48:51      11  100,00    0,00    0,00    0,00    0,00    0,00    0,00    0,00    0,00    0,00
23:48:51      12  100,00    0,00    0,00    0,00    0,00    0,00    0,00    0,00    0,00    0,00
23:48:51      13    0,00    0,00    0,00    0,00    0,00    0,00    0,00    0,00    0,00  100,00
23:48:51      14  100,00    0,00    0,00    0,00    0,00    0,00    0,00    0,00    0,00    0,00
23:48:51      15    1,00    0,00    2,00    0,00    0,00    0,00    0,00    0,00    0,00   97,00
23:48:51      16    4,00    0,00    6,00    0,00    0,00    0,00    0,00    0,00    0,00   90,00
23:48:51      17   12,87    0,00    0,99    0,00    0,00    0,00    0,00    0,00    0,00   86,14
23:48:51      18   11,34    0,00    2,06    0,00    0,00    0,00    0,00    0,00    0,00   86,60
23:48:51      19    0,99    0,00    0,99    0,00    0,00    0,00    0,00    0,00    0,00   98,02
23:48:51      20   12,87    0,00    0,99    0,00    0,00    0,00    0,00    0,00    0,00   86,14
23:48:51      21    6,06    0,00    1,01    0,00    0,00    0,00    0,00    0,00    0,00   92,93
23:48:51      22   14,00    0,00    0,00    0,00    0,00    0,00    0,00    0,00    0,00   86,00
23:48:51      23   12,00    0,00    0,00    0,00    0,00    0,00    0,00    0,00    0,00   88,00

23:48:51     CPU    %usr   %nice    %sys %iowait    %irq   %soft  %steal  %guest  %gnice   %idle
23:48:52     all   58,51    0,00    0,13    0,17    0,00    0,00    0,00    0,00    0,00   41,20
23:48:52       0  100,00    0,00    0,00    0,00    0,00    0,00    0,00    0,00    0,00    0,00
23:48:52       1  100,00    0,00    0,00    0,00    0,00    0,00    0,00    0,00    0,00    0,00
23:48:52       2  100,00    0,00    0,00    0,00    0,00    0,00    0,00    0,00    0,00    0,00
23:48:52       3  100,00    0,00    0,00    0,00    0,00    0,00    0,00    0,00    0,00    0,00
23:48:52       4  100,00    0,00    0,00    0,00    0,00    0,00    0,00    0,00    0,00    0,00
23:48:52       5  100,00    0,00    0,00    0,00    0,00    0,00    0,00    0,00    0,00    0,00
23:48:52       6  100,00    0,00    0,00    0,00    0,00    0,00    0,00    0,00    0,00    0,00
23:48:52       7  100,00    0,00    0,00    0,00    0,00    0,00    0,00    0,00    0,00    0,00
23:48:52       8  100,00    0,00    0,00    0,00    0,00    0,00    0,00    0,00    0,00    0,00
23:48:52       9  100,00    0,00    0,00    0,00    0,00    0,00    0,00    0,00    0,00    0,00
23:48:52      10  100,00    0,00    0,00    0,00    0,00    0,00    0,00    0,00    0,00    0,00
23:48:52      11  100,00    0,00    0,00    0,00    0,00    0,00    0,00    0,00    0,00    0,00
23:48:52      12  100,00    0,00    0,00    0,00    0,00    0,00    0,00    0,00    0,00    0,00
23:48:52      13    0,99    0,00    0,00    0,99    0,00    0,00    0,00    0,00    0,00   98,02
23:48:52      14  100,00    0,00    0,00    0,00    0,00    0,00    0,00    0,00    0,00    0,00
23:48:52      15    0,00    0,00    0,00    1,00    0,00    0,00    0,00    0,00    0,00   99,00
23:48:52      16    0,00    0,00    0,99    1,98    0,00    0,00    0,00    0,00    0,00   97,03
23:48:52      17    0,00    0,00    0,00    0,00    0,00    0,00    0,00    0,00    0,00  100,00
23:48:52      18    0,00    0,00    1,00    0,00    0,00    0,00    0,00    0,00    0,00   99,00
23:48:52      19    0,00    0,00    0,00    0,00    0,00    0,00    0,00    0,00    0,00  100,00
23:48:52      20    0,00    0,00    0,00    0,00    0,00    0,00    0,00    0,00    0,00  100,00
23:48:52      21    1,00    0,00    0,00    0,00    0,00    0,00    0,00    0,00    0,00   99,00
23:48:52      22    1,00    0,00    1,00    0,00    0,00    0,00    0,00    0,00    0,00   98,00
23:48:52      23    0,00    0,00    0,00    0,00    0,00    0,00    0,00    0,00    0,00  100,00

23:48:52     CPU    %usr   %nice    %sys %iowait    %irq   %soft  %steal  %guest  %gnice   %idle
23:48:53     all   58,40    0,00    0,08    0,00    0,00    0,00    0,00    0,00    0,00   41,52
23:48:53       0  100,00    0,00    0,00    0,00    0,00    0,00    0,00    0,00    0,00    0,00
23:48:53       1  100,00    0,00    0,00    0,00    0,00    0,00    0,00    0,00    0,00    0,00
23:48:53       2  100,00    0,00    0,00    0,00    0,00    0,00    0,00    0,00    0,00    0,00
23:48:53       3  100,00    0,00    0,00    0,00    0,00    0,00    0,00    0,00    0,00    0,00
23:48:53       4  100,00    0,00    0,00    0,00    0,00    0,00    0,00    0,00    0,00    0,00
23:48:53       5  100,00    0,00    0,00    0,00    0,00    0,00    0,00    0,00    0,00    0,00
23:48:53       6  100,00    0,00    0,00    0,00    0,00    0,00    0,00    0,00    0,00    0,00
23:48:53       7  100,00    0,00    0,00    0,00    0,00    0,00    0,00    0,00    0,00    0,00
23:48:53       8  100,00    0,00    0,00    0,00    0,00    0,00    0,00    0,00    0,00    0,00
23:48:53       9  100,00    0,00    0,00    0,00    0,00    0,00    0,00    0,00    0,00    0,00
23:48:53      10  100,00    0,00    0,00    0,00    0,00    0,00    0,00    0,00    0,00    0,00
23:48:53      11  100,00    0,00    0,00    0,00    0,00    0,00    0,00    0,00    0,00    0,00
23:48:53      12  100,00    0,00    0,00    0,00    0,00    0,00    0,00    0,00    0,00    0,00
23:48:53      13    0,00    0,00    1,00    0,00    0,00    0,00    0,00    0,00    0,00   99,00
23:48:53      14  100,00    0,00    0,00    0,00    0,00    0,00    0,00    0,00    0,00    0,00
23:48:53      15    0,00    0,00    0,00    0,00    0,00    0,00    0,00    0,00    0,00  100,00
23:48:53      16    0,00    0,00    0,00    0,00    0,00    0,00    0,00    0,00    0,00  100,00
23:48:53      17    0,00    0,00    0,00    0,00    0,00    0,00    0,00    0,00    0,00  100,00
23:48:53      18    0,00    0,00    0,00    0,00    0,00    0,00    0,00    0,00    0,00  100,00
23:48:53      19    0,00    0,00    0,00    0,00    0,00    0,00    0,00    0,00    0,00  100,00
23:48:53      20    1,00    0,00    0,00    0,00    0,00    0,00    0,00    0,00    0,00   99,00
23:48:53      21    0,00    0,00    0,00    0,00    0,00    0,00    0,00    0,00    0,00  100,00
23:48:53      22    0,00    0,00    1,00    0,00    0,00    0,00    0,00    0,00    0,00   99,00
23:48:53      23    0,00    0,00    0,00    0,00    0,00    0,00    0,00    0,00    0,00  100,00

23:48:53     CPU    %usr   %nice    %sys %iowait    %irq   %soft  %steal  %guest  %gnice   %idle
23:48:54     all   58,45    0,00    0,04    0,00    0,00    0,00    0,00    0,00    0,00   41,51
23:48:54       0  100,00    0,00    0,00    0,00    0,00    0,00    0,00    0,00    0,00    0,00
23:48:54       1  100,00    0,00    0,00    0,00    0,00    0,00    0,00    0,00    0,00    0,00
23:48:54       2  100,00    0,00    0,00    0,00    0,00    0,00    0,00    0,00    0,00    0,00
23:48:54       3  100,00    0,00    0,00    0,00    0,00    0,00    0,00    0,00    0,00    0,00
23:48:54       4  100,00    0,00    0,00    0,00    0,00    0,00    0,00    0,00    0,00    0,00
23:48:54       5  100,00    0,00    0,00    0,00    0,00    0,00    0,00    0,00    0,00    0,00
23:48:54       6  100,00    0,00    0,00    0,00    0,00    0,00    0,00    0,00    0,00    0,00
23:48:54       7  100,00    0,00    0,00    0,00    0,00    0,00    0,00    0,00    0,00    0,00
23:48:54       8  100,00    0,00    0,00    0,00    0,00    0,00    0,00    0,00    0,00    0,00
23:48:54       9  100,00    0,00    0,00    0,00    0,00    0,00    0,00    0,00    0,00    0,00
23:48:54      10  100,00    0,00    0,00    0,00    0,00    0,00    0,00    0,00    0,00    0,00
23:48:54      11  100,00    0,00    0,00    0,00    0,00    0,00    0,00    0,00    0,00    0,00
23:48:54      12  100,00    0,00    0,00    0,00    0,00    0,00    0,00    0,00    0,00    0,00
23:48:54      13    0,00    0,00    0,00    0,00    0,00    0,00    0,00    0,00    0,00  100,00
23:48:54      14  100,00    0,00    0,00    0,00    0,00    0,00    0,00    0,00    0,00    0,00
23:48:54      15    0,00    0,00    0,00    0,00    0,00    0,00    0,00    0,00    0,00  100,00
23:48:54      16    0,00    0,00    0,00    0,00    0,00    0,00    0,00    0,00    0,00  100,00
23:48:54      17    0,00    0,00    1,00    0,00    0,00    0,00    0,00    0,00    0,00   99,00
23:48:54      18    1,00    0,00    0,00    0,00    0,00    0,00    0,00    0,00    0,00   99,00
23:48:54      19    0,00    0,00    0,00    0,00    0,00    0,00    0,00    0,00    0,00  100,00
23:48:54      20    0,00    0,00    0,00    0,00    0,00    0,00    0,00    0,00    0,00  100,00
23:48:54      21    0,00    0,00    0,00    0,00    0,00    0,00    0,00    0,00    0,00  100,00
23:48:54      22    0,00    0,00    0,00    0,00    0,00    0,00    0,00    0,00    0,00  100,00
23:48:54      23    0,00    0,00    0,00    0,00    0,00    0,00    0,00    0,00    0,00  100,00

23:48:54     CPU    %usr   %nice    %sys %iowait    %irq   %soft  %steal  %guest  %gnice   %idle
23:48:55     all   59,01    0,00    0,38    0,00    0,00    0,00    0,00    0,00    0,00   40,62
23:48:55       0  100,00    0,00    0,00    0,00    0,00    0,00    0,00    0,00    0,00    0,00
23:48:55       1  100,00    0,00    0,00    0,00    0,00    0,00    0,00    0,00    0,00    0,00
23:48:55       2  100,00    0,00    0,00    0,00    0,00    0,00    0,00    0,00    0,00    0,00
23:48:55       3  100,00    0,00    0,00    0,00    0,00    0,00    0,00    0,00    0,00    0,00
23:48:55       4  100,00    0,00    0,00    0,00    0,00    0,00    0,00    0,00    0,00    0,00
23:48:55       5  100,00    0,00    0,00    0,00    0,00    0,00    0,00    0,00    0,00    0,00
23:48:55       6  100,00    0,00    0,00    0,00    0,00    0,00    0,00    0,00    0,00    0,00
23:48:55       7  100,00    0,00    0,00    0,00    0,00    0,00    0,00    0,00    0,00    0,00
23:48:55       8  100,00    0,00    0,00    0,00    0,00    0,00    0,00    0,00    0,00    0,00
23:48:55       9  100,00    0,00    0,00    0,00    0,00    0,00    0,00    0,00    0,00    0,00
23:48:55      10  100,00    0,00    0,00    0,00    0,00    0,00    0,00    0,00    0,00    0,00
23:48:55      11  100,00    0,00    0,00    0,00    0,00    0,00    0,00    0,00    0,00    0,00
23:48:55      12  100,00    0,00    0,00    0,00    0,00    0,00    0,00    0,00    0,00    0,00
23:48:55      13    0,00    0,00    0,00    0,00    0,00    0,00    0,00    0,00    0,00  100,00
23:48:55      14  100,00    0,00    0,00    0,00    0,00    0,00    0,00    0,00    0,00    0,00
23:48:55      15    1,01    0,00    0,00    0,00    0,00    0,00    0,00    0,00    0,00   98,99
23:48:55      16    4,00    0,00    0,00    0,00    0,00    0,00    0,00    0,00    0,00   96,00
23:48:55      17    0,00    0,00    0,00    0,00    0,00    0,00    0,00    0,00    0,00  100,00
23:48:55      18    0,00    0,00    0,00    0,00    0,00    0,00    0,00    0,00    0,00  100,00
23:48:55      19    0,99    0,00    0,00    0,00    0,00    0,00    0,00    0,00    0,00   99,01
23:48:55      20    0,00    0,00    0,00    0,00    0,00    0,00    0,00    0,00    0,00  100,00
23:48:55      21    0,00    0,00    0,00    0,00    0,00    0,00    0,00    0,00    0,00  100,00
23:48:55      22    9,00    0,00    9,00    0,00    0,00    0,00    0,00    0,00    0,00   82,00
23:48:55      23    0,00    0,00    0,00    0,00    0,00    0,00    0,00    0,00    0,00  100,00

23:48:55     CPU    %usr   %nice    %sys %iowait    %irq   %soft  %steal  %guest  %gnice   %idle
23:48:56     all   62,98    0,00    1,50    0,00    0,00    0,00    0,00    0,00    0,00   35,51
23:48:56       0  100,00    0,00    0,00    0,00    0,00    0,00    0,00    0,00    0,00    0,00
23:48:56       1  100,00    0,00    0,00    0,00    0,00    0,00    0,00    0,00    0,00    0,00
23:48:56       2  100,00    0,00    0,00    0,00    0,00    0,00    0,00    0,00    0,00    0,00
23:48:56       3  100,00    0,00    0,00    0,00    0,00    0,00    0,00    0,00    0,00    0,00
23:48:56       4  100,00    0,00    0,00    0,00    0,00    0,00    0,00    0,00    0,00    0,00
23:48:56       5  100,00    0,00    0,00    0,00    0,00    0,00    0,00    0,00    0,00    0,00
23:48:56       6  100,00    0,00    0,00    0,00    0,00    0,00    0,00    0,00    0,00    0,00
23:48:56       7  100,00    0,00    0,00    0,00    0,00    0,00    0,00    0,00    0,00    0,00
23:48:56       8  100,00    0,00    0,00    0,00    0,00    0,00    0,00    0,00    0,00    0,00
23:48:56       9  100,00    0,00    0,00    0,00    0,00    0,00    0,00    0,00    0,00    0,00
23:48:56      10  100,00    0,00    0,00    0,00    0,00    0,00    0,00    0,00    0,00    0,00
23:48:56      11  100,00    0,00    0,00    0,00    0,00    0,00    0,00    0,00    0,00    0,00
23:48:56      12  100,00    0,00    0,00    0,00    0,00    0,00    0,00    0,00    0,00    0,00
23:48:56      13    0,00    0,00    1,01    0,00    0,00    0,00    0,00    0,00    0,00   98,99
23:48:56      14  100,00    0,00    0,00    0,00    0,00    0,00    0,00    0,00    0,00    0,00
23:48:56      15    1,00    0,00    3,00    0,00    0,00    0,00    0,00    0,00    0,00   96,00
23:48:56      16    0,00    0,00    0,00    0,00    0,00    0,00    0,00    0,00    0,00  100,00
23:48:56      17   14,85    0,00    0,99    0,00    0,00    0,00    0,00    0,00    0,00   84,16
23:48:56      18    9,90    0,00    4,95    0,00    0,00    0,00    0,00    0,00    0,00   85,15
23:48:56      19   13,86    0,00    1,98    0,00    0,00    0,00    0,00    0,00    0,00   84,16
23:48:56      20   20,20    0,00    4,04    0,00    0,00    0,00    0,00    0,00    0,00   75,76
23:48:56      21    8,08    0,00    0,00    0,00    0,00    0,00    0,00    0,00    0,00   91,92
23:48:56      22   40,40    0,00   11,11    0,00    0,00    0,00    0,00    0,00    0,00   48,48
23:48:56      23    2,97    0,00    8,91    0,00    0,00    0,00    0,00    0,00    0,00   88,12

23:48:56     CPU    %usr   %nice    %sys %iowait    %irq   %soft  %steal  %guest  %gnice   %idle
23:48:57     all   59,65    0,00    0,08    0,04    0,00    0,00    0,00    0,00    0,00   40,23
23:48:57       0  100,00    0,00    0,00    0,00    0,00    0,00    0,00    0,00    0,00    0,00
23:48:57       1  100,00    0,00    0,00    0,00    0,00    0,00    0,00    0,00    0,00    0,00
23:48:57       2  100,00    0,00    0,00    0,00    0,00    0,00    0,00    0,00    0,00    0,00
23:48:57       3  100,00    0,00    0,00    0,00    0,00    0,00    0,00    0,00    0,00    0,00
23:48:57       4  100,00    0,00    0,00    0,00    0,00    0,00    0,00    0,00    0,00    0,00
23:48:57       5  100,00    0,00    0,00    0,00    0,00    0,00    0,00    0,00    0,00    0,00
23:48:57       6  100,00    0,00    0,00    0,00    0,00    0,00    0,00    0,00    0,00    0,00
23:48:57       7  100,00    0,00    0,00    0,00    0,00    0,00    0,00    0,00    0,00    0,00
23:48:57       8  100,00    0,00    0,00    0,00    0,00    0,00    0,00    0,00    0,00    0,00
23:48:57       9  100,00    0,00    0,00    0,00    0,00    0,00    0,00    0,00    0,00    0,00
23:48:57      10  100,00    0,00    0,00    0,00    0,00    0,00    0,00    0,00    0,00    0,00
23:48:57      11  100,00    0,00    0,00    0,00    0,00    0,00    0,00    0,00    0,00    0,00
23:48:57      12  100,00    0,00    0,00    0,00    0,00    0,00    0,00    0,00    0,00    0,00
23:48:57      13    0,00    0,00    0,00    0,00    0,00    0,00    0,00    0,00    0,00  100,00
23:48:57      14  100,00    0,00    0,00    0,00    0,00    0,00    0,00    0,00    0,00    0,00
23:48:57      15    0,00    0,00    0,00    0,00    0,00    0,00    0,00    0,00    0,00  100,00
23:48:57      16    1,00    0,00    0,00    1,00    0,00    0,00    0,00    0,00    0,00   98,00
23:48:57      17    6,00    0,00    0,00    0,00    0,00    0,00    0,00    0,00    0,00   94,00
23:48:57      18    0,00    0,00    0,00    0,00    0,00    0,00    0,00    0,00    0,00  100,00
23:48:57      19    6,00    0,00    0,00    0,00    0,00    0,00    0,00    0,00    0,00   94,00
23:48:57      20    6,00    0,00    1,00    0,00    0,00    0,00    0,00    0,00    0,00   93,00
23:48:57      21    5,94    0,00    0,99    0,00    0,00    0,00    0,00    0,00    0,00   93,07
23:48:57      22    6,00    0,00    0,00    0,00    0,00    0,00    0,00    0,00    0,00   94,00
23:48:57      23    0,00    0,00    0,00    0,00    0,00    0,00    0,00    0,00    0,00  100,00

23:48:57     CPU    %usr   %nice    %sys %iowait    %irq   %soft  %steal  %guest  %gnice   %idle
23:48:58     all   58,42    0,00    0,08    0,00    0,00    0,00    0,00    0,00    0,00   41,49
23:48:58       0  100,00    0,00    0,00    0,00    0,00    0,00    0,00    0,00    0,00    0,00
23:48:58       1  100,00    0,00    0,00    0,00    0,00    0,00    0,00    0,00    0,00    0,00
23:48:58       2  100,00    0,00    0,00    0,00    0,00    0,00    0,00    0,00    0,00    0,00
23:48:58       3  100,00    0,00    0,00    0,00    0,00    0,00    0,00    0,00    0,00    0,00
23:48:58       4  100,00    0,00    0,00    0,00    0,00    0,00    0,00    0,00    0,00    0,00
23:48:58       5  100,00    0,00    0,00    0,00    0,00    0,00    0,00    0,00    0,00    0,00
23:48:58       6  100,00    0,00    0,00    0,00    0,00    0,00    0,00    0,00    0,00    0,00
23:48:58       7  100,00    0,00    0,00    0,00    0,00    0,00    0,00    0,00    0,00    0,00
23:48:58       8  100,00    0,00    0,00    0,00    0,00    0,00    0,00    0,00    0,00    0,00
23:48:58       9  100,00    0,00    0,00    0,00    0,00    0,00    0,00    0,00    0,00    0,00
23:48:58      10  100,00    0,00    0,00    0,00    0,00    0,00    0,00    0,00    0,00    0,00
23:48:58      11  100,00    0,00    0,00    0,00    0,00    0,00    0,00    0,00    0,00    0,00
23:48:58      12  100,00    0,00    0,00    0,00    0,00    0,00    0,00    0,00    0,00    0,00
23:48:58      13    0,00    0,00    0,00    0,00    0,00    0,00    0,00    0,00    0,00  100,00
23:48:58      14  100,00    0,00    0,00    0,00    0,00    0,00    0,00    0,00    0,00    0,00
23:48:58      15    0,00    0,00    0,00    0,00    0,00    0,00    0,00    0,00    0,00  100,00
23:48:58      16    0,00    0,00    1,00    0,00    0,00    0,00    0,00    0,00    0,00   99,00
23:48:58      17    0,00    0,00    0,00    0,00    0,00    0,00    0,00    0,00    0,00  100,00
23:48:58      18    1,00    0,00    0,00    0,00    0,00    0,00    0,00    0,00    0,00   99,00
23:48:58      19    0,00    0,00    0,00    0,00    0,00    0,00    0,00    0,00    0,00  100,00
23:48:58      20    0,00    0,00    0,00    0,00    0,00    0,00    0,00    0,00    0,00  100,00
23:48:58      21    0,00    0,00    0,00    0,00    0,00    0,00    0,00    0,00    0,00  100,00
23:48:58      22    0,00    0,00    0,00    0,00    0,00    0,00    0,00    0,00    0,00  100,00
23:48:58      23    0,00    0,00    1,00    0,00    0,00    0,00    0,00    0,00    0,00   99,00

23:48:58     CPU    %usr   %nice    %sys %iowait    %irq   %soft  %steal  %guest  %gnice   %idle
23:48:59     all   59,43    0,00    0,33    0,00    0,00    0,00    0,00    0,00    0,00   40,23
23:48:59       0  100,00    0,00    0,00    0,00    0,00    0,00    0,00    0,00    0,00    0,00
23:48:59       1  100,00    0,00    0,00    0,00    0,00    0,00    0,00    0,00    0,00    0,00
23:48:59       2  100,00    0,00    0,00    0,00    0,00    0,00    0,00    0,00    0,00    0,00
23:48:59       3  100,00    0,00    0,00    0,00    0,00    0,00    0,00    0,00    0,00    0,00
23:48:59       4  100,00    0,00    0,00    0,00    0,00    0,00    0,00    0,00    0,00    0,00
23:48:59       5  100,00    0,00    0,00    0,00    0,00    0,00    0,00    0,00    0,00    0,00
23:48:59       6  100,00    0,00    0,00    0,00    0,00    0,00    0,00    0,00    0,00    0,00
23:48:59       7  100,00    0,00    0,00    0,00    0,00    0,00    0,00    0,00    0,00    0,00
23:48:59       8  100,00    0,00    0,00    0,00    0,00    0,00    0,00    0,00    0,00    0,00
23:48:59       9  100,00    0,00    0,00    0,00    0,00    0,00    0,00    0,00    0,00    0,00
23:48:59      10  100,00    0,00    0,00    0,00    0,00    0,00    0,00    0,00    0,00    0,00
23:48:59      11  100,00    0,00    0,00    0,00    0,00    0,00    0,00    0,00    0,00    0,00
23:48:59      12  100,00    0,00    0,00    0,00    0,00    0,00    0,00    0,00    0,00    0,00
23:48:59      13    0,00    0,00    0,00    0,00    0,00    0,00    0,00    0,00    0,00  100,00
23:48:59      14  100,00    0,00    0,00    0,00    0,00    0,00    0,00    0,00    0,00    0,00
23:48:59      15    0,99    0,00    0,00    0,00    0,00    0,00    0,00    0,00    0,00   99,01
23:48:59      16    0,00    0,00    0,00    0,00    0,00    0,00    0,00    0,00    0,00  100,00
23:48:59      17    0,99    0,00    0,99    0,00    0,00    0,00    0,00    0,00    0,00   98,02
23:48:59      18    0,00    0,00    2,00    0,00    0,00    0,00    0,00    0,00    0,00   98,00
23:48:59      19   14,00    0,00    2,00    0,00    0,00    0,00    0,00    0,00    0,00   84,00
23:48:59      20    0,00    0,00    1,00    0,00    0,00    0,00    0,00    0,00    0,00   99,00
23:48:59      21    2,00    0,00    0,00    0,00    0,00    0,00    0,00    0,00    0,00   98,00
23:48:59      22    8,00    0,00    1,00    0,00    0,00    0,00    0,00    0,00    0,00   91,00
23:48:59      23    0,99    0,00    0,99    0,00    0,00    0,00    0,00    0,00    0,00   98,02
