Linux 6.8.0-111-generic (testbed-node6) 	13/05/26 	_x86_64_	(24 CPU)

21:57:35     CPU    %usr   %nice    %sys %iowait    %irq   %soft  %steal  %guest  %gnice   %idle
21:57:36     all    0,67    0,00    0,29    0,04    0,00   37,58    0,00    0,00    0,00   61,42
21:57:36       0    0,00    0,00    0,00    0,00    0,00    0,00    0,00    0,00    0,00  100,00
21:57:36       1    2,02    0,00    1,01    0,00    0,00    0,00    0,00    0,00    0,00   96,97
21:57:36       2    0,00    0,00    0,00    0,00    0,00    0,00    0,00    0,00    0,00  100,00
21:57:36       3    0,00    0,00    0,00    0,00    0,00  100,00    0,00    0,00    0,00    0,00
21:57:36       4    0,00    0,00    0,00    0,00    0,00  100,00    0,00    0,00    0,00    0,00
21:57:36       5    0,00    0,00    0,00    0,00    0,00    0,00    0,00    0,00    0,00  100,00
21:57:36       6    0,00    0,00    0,00    0,00    0,00  100,00    0,00    0,00    0,00    0,00
21:57:36       7    0,00    0,00    0,00    0,00    0,00    0,00    0,00    0,00    0,00  100,00
21:57:36       8    0,00    0,00    0,00    0,00    0,00  100,00    0,00    0,00    0,00    0,00
21:57:36       9    0,00    0,00    0,00    0,00    0,00    0,00    0,00    0,00    0,00  100,00
21:57:36      10    0,00    0,00    0,00    0,00    0,00  100,00    0,00    0,00    0,00    0,00
21:57:36      11    0,00    0,00    0,00    0,00    0,00    0,00    0,00    0,00    0,00  100,00
21:57:36      12    0,00    0,00    0,00    1,00    0,00    0,00    0,00    0,00    0,00   99,00
21:57:36      13    0,00    0,00    0,00    0,00    0,00  100,00    0,00    0,00    0,00    0,00
21:57:36      14    0,00    0,00    0,00    0,00    0,00    0,00    0,00    0,00    0,00  100,00
21:57:36      15    0,00    0,00    0,00    0,00    0,00  100,00    0,00    0,00    0,00    0,00
21:57:36      16    1,98    0,00    0,99    0,00    0,00    0,00    0,00    0,00    0,00   97,03
21:57:36      17    0,00    0,00    0,00    0,00    0,00  100,00    0,00    0,00    0,00    0,00
21:57:36      18    0,00    0,00    1,00    0,00    0,00    0,00    0,00    0,00    0,00   99,00
21:57:36      19    1,00    0,00    1,00    0,00    0,00    0,00    0,00    0,00    0,00   98,00
21:57:36      20   11,11    0,00    2,02    0,00    0,00    0,00    0,00    0,00    0,00   86,87
21:57:36      21    0,00    0,00    0,00    0,00    0,00    0,00    0,00    0,00    0,00  100,00
21:57:36      22    0,00    0,00    0,00    0,00    0,00  100,00    0,00    0,00    0,00    0,00
21:57:36      23    0,00    0,00    1,01    0,00    0,00    0,00    0,00    0,00    0,00   98,99

21:57:36     CPU    %usr   %nice    %sys %iowait    %irq   %soft  %steal  %guest  %gnice   %idle
21:57:37     all    0,13    0,00    0,00    0,00    0,00   58,69    0,00    0,00    0,00   41,18
21:57:37       0    0,00    0,00    0,00    0,00    0,00    0,00    0,00    0,00    0,00  100,00
21:57:37       1    1,98    0,00    0,00    0,00    0,00   71,29    0,00    0,00    0,00   26,73
21:57:37       2    0,99    0,00    0,00    0,00    0,00    0,00    0,00    0,00    0,00   99,01
21:57:37       3    0,00    0,00    0,00    0,00    0,00  100,00    0,00    0,00    0,00    0,00
21:57:37       4    0,00    0,00    0,00    0,00    0,00  100,00    0,00    0,00    0,00    0,00
21:57:37       5    0,00    0,00    0,00    0,00    0,00    0,00    0,00    0,00    0,00  100,00
21:57:37       6    0,00    0,00    0,00    0,00    0,00  100,00    0,00    0,00    0,00    0,00
21:57:37       7    0,00    0,00    0,00    0,00    0,00   73,00    0,00    0,00    0,00   27,00
21:57:37       8    0,00    0,00    0,00    0,00    0,00  100,00    0,00    0,00    0,00    0,00
21:57:37       9    0,00    0,00    0,00    0,00    0,00   73,00    0,00    0,00    0,00   27,00
21:57:37      10    0,00    0,00    0,00    0,00    0,00  100,00    0,00    0,00    0,00    0,00
21:57:37      11    0,00    0,00    0,00    0,00    0,00    0,00    0,00    0,00    0,00  100,00
21:57:37      12    0,00    0,00    0,00    0,00    0,00   73,00    0,00    0,00    0,00   27,00
21:57:37      13    0,00    0,00    0,00    0,00    0,00  100,00    0,00    0,00    0,00    0,00
21:57:37      14    0,00    0,00    0,00    0,00    0,00   72,00    0,00    0,00    0,00   28,00
21:57:37      15    0,00    0,00    0,00    0,00    0,00  100,00    0,00    0,00    0,00    0,00
21:57:37      16    0,00    0,00    0,00    0,00    0,00   73,00    0,00    0,00    0,00   27,00
21:57:37      17    0,00    0,00    0,00    0,00    0,00  100,00    0,00    0,00    0,00    0,00
21:57:37      18    0,00    0,00    0,00    0,00    0,00    0,00    0,00    0,00    0,00  100,00
21:57:37      19    0,00    0,00    0,00    0,00    0,00    0,00    0,00    0,00    0,00  100,00
21:57:37      20    0,00    0,00    0,00    0,00    0,00    0,00    0,00    0,00    0,00  100,00
21:57:37      21    0,00    0,00    0,00    0,00    0,00   72,00    0,00    0,00    0,00   28,00
21:57:37      22    0,00    0,00    0,00    0,00    0,00  100,00    0,00    0,00    0,00    0,00
21:57:37      23    0,00    0,00    0,00    0,00    0,00    0,00    0,00    0,00    0,00  100,00

21:57:37     CPU    %usr   %nice    %sys %iowait    %irq   %soft  %steal  %guest  %gnice   %idle
21:57:38     all    1,71    0,00    0,67    0,00    0,00   66,61    0,00    0,00    0,00   31,01
21:57:38       0    2,00    0,00    0,00    0,00    0,00    0,00    0,00    0,00    0,00   98,00
21:57:38       1    1,01    0,00    0,00    0,00    0,00   98,99    0,00    0,00    0,00    0,00
21:57:38       2    0,00    0,00    0,00    0,00    0,00    0,00    0,00    0,00    0,00  100,00
21:57:38       3    0,00    0,00    0,00    0,00    0,00  100,00    0,00    0,00    0,00    0,00
21:57:38       4    0,00    0,00    0,00    0,00    0,00  100,00    0,00    0,00    0,00    0,00
21:57:38       5    1,00    0,00    1,00    0,00    0,00    0,00    0,00    0,00    0,00   98,00
21:57:38       6    0,00    0,00    0,00    0,00    0,00  100,00    0,00    0,00    0,00    0,00
21:57:38       7    0,00    0,00    0,00    0,00    0,00  100,00    0,00    0,00    0,00    0,00
21:57:38       8    0,00    0,00    0,00    0,00    0,00  100,00    0,00    0,00    0,00    0,00
21:57:38       9    0,00    0,00    0,00    0,00    0,00  100,00    0,00    0,00    0,00    0,00
21:57:38      10    0,00    0,00    0,00    0,00    0,00  100,00    0,00    0,00    0,00    0,00
21:57:38      11    0,00    0,00    1,00    0,00    0,00    0,00    0,00    0,00    0,00   99,00
21:57:38      12    0,00    0,00    0,00    0,00    0,00  100,00    0,00    0,00    0,00    0,00
21:57:38      13    0,00    0,00    0,00    0,00    0,00  100,00    0,00    0,00    0,00    0,00
21:57:38      14    0,00    0,00    0,00    0,00    0,00  100,00    0,00    0,00    0,00    0,00
21:57:38      15    0,00    0,00    0,00    0,00    0,00  100,00    0,00    0,00    0,00    0,00
21:57:38      16    0,00    0,00    0,00    0,00    0,00  100,00    0,00    0,00    0,00    0,00
21:57:38      17    0,00    0,00    0,00    0,00    0,00  100,00    0,00    0,00    0,00    0,00
21:57:38      18   19,80    0,00    3,96    0,00    0,00    0,00    0,00    0,00    0,00   76,24
21:57:38      19    5,05    0,00    3,03    0,00    0,00    0,00    0,00    0,00    0,00   91,92
21:57:38      20    7,00    0,00    4,00    0,00    0,00    0,00    0,00    0,00    0,00   89,00
21:57:38      21    0,00    0,00    0,00    0,00    0,00  100,00    0,00    0,00    0,00    0,00
21:57:38      22    0,00    0,00    0,00    0,00    0,00  100,00    0,00    0,00    0,00    0,00
21:57:38      23    5,00    0,00    3,00    0,00    0,00    0,00    0,00    0,00    0,00   92,00

21:57:38     CPU    %usr   %nice    %sys %iowait    %irq   %soft  %steal  %guest  %gnice   %idle
21:57:39     all    0,08    0,00    0,04    0,00    0,00   66,67    0,00    0,00    0,00   33,21
21:57:39       0    0,00    0,00    0,00    0,00    0,00    0,00    0,00    0,00    0,00  100,00
21:57:39       1    1,98    0,00    0,99    0,00    0,00   97,03    0,00    0,00    0,00    0,00
21:57:39       2    0,00    0,00    0,00    0,00    0,00    0,00    0,00    0,00    0,00  100,00
21:57:39       3    0,00    0,00    0,00    0,00    0,00  100,00    0,00    0,00    0,00    0,00
21:57:39       4    0,00    0,00    0,00    0,00    0,00  100,00    0,00    0,00    0,00    0,00
21:57:39       5    0,00    0,00    0,00    0,00    0,00    0,00    0,00    0,00    0,00  100,00
21:57:39       6    0,00    0,00    0,00    0,00    0,00  100,00    0,00    0,00    0,00    0,00
21:57:39       7    0,00    0,00    0,00    0,00    0,00  100,00    0,00    0,00    0,00    0,00
21:57:39       8    0,00    0,00    0,00    0,00    0,00  100,00    0,00    0,00    0,00    0,00
21:57:39       9    0,00    0,00    0,00    0,00    0,00  100,00    0,00    0,00    0,00    0,00
21:57:39      10    0,00    0,00    0,00    0,00    0,00  100,00    0,00    0,00    0,00    0,00
21:57:39      11    0,00    0,00    0,00    0,00    0,00    0,00    0,00    0,00    0,00  100,00
21:57:39      12    0,00    0,00    0,00    0,00    0,00  100,00    0,00    0,00    0,00    0,00
21:57:39      13    0,00    0,00    0,00    0,00    0,00  100,00    0,00    0,00    0,00    0,00
21:57:39      14    0,00    0,00    0,00    0,00    0,00  100,00    0,00    0,00    0,00    0,00
21:57:39      15    0,00    0,00    0,00    0,00    0,00  100,00    0,00    0,00    0,00    0,00
21:57:39      16    0,00    0,00    0,00    0,00    0,00  100,00    0,00    0,00    0,00    0,00
21:57:39      17    0,00    0,00    0,00    0,00    0,00  100,00    0,00    0,00    0,00    0,00
21:57:39      18    0,00    0,00    0,00    0,00    0,00    0,00    0,00    0,00    0,00  100,00
21:57:39      19    0,00    0,00    0,00    0,00    0,00    0,00    0,00    0,00    0,00  100,00
21:57:39      20    0,00    0,00    0,00    0,00    0,00    0,00    0,00    0,00    0,00  100,00
21:57:39      21    0,00    0,00    0,00    0,00    0,00  100,00    0,00    0,00    0,00    0,00
21:57:39      22    0,00    0,00    0,00    0,00    0,00  100,00    0,00    0,00    0,00    0,00
21:57:39      23    0,00    0,00    0,00    0,00    0,00    0,00    0,00    0,00    0,00  100,00

21:57:39     CPU    %usr   %nice    %sys %iowait    %irq   %soft  %steal  %guest  %gnice   %idle
21:57:40     all    0,04    0,00    0,04    0,08    0,00   66,67    0,00    0,00    0,00   33,17
21:57:40       0    0,00    0,00    0,00    0,00    0,00    0,00    0,00    0,00    0,00  100,00
21:57:40       1    1,00    0,00    0,00    0,00    0,00   99,00    0,00    0,00    0,00    0,00
21:57:40       2    0,00    0,00    0,00    0,00    0,00    0,00    0,00    0,00    0,00  100,00
21:57:40       3    0,00    0,00    0,00    0,00    0,00  100,00    0,00    0,00    0,00    0,00
21:57:40       4    0,00    0,00    0,00    0,00    0,00  100,00    0,00    0,00    0,00    0,00
21:57:40       5    0,00    0,00    0,00    0,00    0,00    0,00    0,00    0,00    0,00  100,00
21:57:40       6    0,00    0,00    0,00    0,00    0,00  100,00    0,00    0,00    0,00    0,00
21:57:40       7    0,00    0,00    0,00    0,00    0,00  100,00    0,00    0,00    0,00    0,00
21:57:40       8    0,00    0,00    0,00    0,00    0,00  100,00    0,00    0,00    0,00    0,00
21:57:40       9    0,00    0,00    0,00    0,00    0,00  100,00    0,00    0,00    0,00    0,00
21:57:40      10    0,00    0,00    0,00    0,00    0,00  100,00    0,00    0,00    0,00    0,00
21:57:40      11    0,00    0,00    0,00    0,00    0,00    0,00    0,00    0,00    0,00  100,00
21:57:40      12    0,00    0,00    0,00    0,00    0,00  100,00    0,00    0,00    0,00    0,00
21:57:40      13    0,00    0,00    0,00    0,00    0,00  100,00    0,00    0,00    0,00    0,00
21:57:40      14    0,00    0,00    0,00    0,00    0,00  100,00    0,00    0,00    0,00    0,00
21:57:40      15    0,00    0,00    0,00    0,00    0,00  100,00    0,00    0,00    0,00    0,00
21:57:40      16    0,00    0,00    0,00    0,00    0,00  100,00    0,00    0,00    0,00    0,00
21:57:40      17    0,00    0,00    0,00    0,00    0,00  100,00    0,00    0,00    0,00    0,00
21:57:40      18    0,00    0,00    0,00    1,01    0,00    0,00    0,00    0,00    0,00   98,99
21:57:40      19    0,00    0,00    1,00    1,00    0,00    0,00    0,00    0,00    0,00   98,00
21:57:40      20    0,00    0,00    0,00    0,00    0,00    0,00    0,00    0,00    0,00  100,00
21:57:40      21    0,00    0,00    0,00    0,00    0,00  100,00    0,00    0,00    0,00    0,00
21:57:40      22    0,00    0,00    0,00    0,00    0,00  100,00    0,00    0,00    0,00    0,00
21:57:40      23    0,00    0,00    0,00    0,00    0,00    0,00    0,00    0,00    0,00  100,00

21:57:40     CPU    %usr   %nice    %sys %iowait    %irq   %soft  %steal  %guest  %gnice   %idle
21:57:41     all    0,08    0,00    0,13    0,00    0,00   66,65    0,00    0,00    0,00   33,14
21:57:41       0    0,00    0,00    0,00    0,00    0,00    0,00    0,00    0,00    0,00  100,00
21:57:41       1    0,99    0,00    0,99    0,00    0,00   98,02    0,00    0,00    0,00    0,00
21:57:41       2    0,00    0,00    0,00    0,00    0,00    0,00    0,00    0,00    0,00  100,00
21:57:41       3    0,00    0,00    0,00    0,00    0,00  100,00    0,00    0,00    0,00    0,00
21:57:41       4    0,00    0,00    0,00    0,00    0,00  100,00    0,00    0,00    0,00    0,00
21:57:41       5    0,00    0,00    0,00    0,00    0,00    0,00    0,00    0,00    0,00  100,00
21:57:41       6    0,00    0,00    0,00    0,00    0,00  100,00    0,00    0,00    0,00    0,00
21:57:41       7    0,00    0,00    0,00    0,00    0,00  100,00    0,00    0,00    0,00    0,00
21:57:41       8    0,00    0,00    0,00    0,00    0,00  100,00    0,00    0,00    0,00    0,00
21:57:41       9    0,00    0,00    0,00    0,00    0,00  100,00    0,00    0,00    0,00    0,00
21:57:41      10    0,00    0,00    0,00    0,00    0,00  100,00    0,00    0,00    0,00    0,00
21:57:41      11    0,00    0,00    0,00    0,00    0,00    0,00    0,00    0,00    0,00  100,00
21:57:41      12    0,00    0,00    0,00    0,00    0,00  100,00    0,00    0,00    0,00    0,00
21:57:41      13    0,00    0,00    0,00    0,00    0,00  100,00    0,00    0,00    0,00    0,00
21:57:41      14    0,00    0,00    0,00    0,00    0,00  100,00    0,00    0,00    0,00    0,00
21:57:41      15    0,00    0,00    0,00    0,00    0,00  100,00    0,00    0,00    0,00    0,00
21:57:41      16    0,00    0,00    0,00    0,00    0,00  100,00    0,00    0,00    0,00    0,00
21:57:41      17    0,00    0,00    0,00    0,00    0,00  100,00    0,00    0,00    0,00    0,00
21:57:41      18    0,00    0,00    1,01    0,00    0,00    0,00    0,00    0,00    0,00   98,99
21:57:41      19    1,00    0,00    0,00    0,00    0,00    0,00    0,00    0,00    0,00   99,00
21:57:41      20    0,00    0,00    1,00    0,00    0,00    0,00    0,00    0,00    0,00   99,00
21:57:41      21    0,00    0,00    0,00    0,00    0,00  100,00    0,00    0,00    0,00    0,00
21:57:41      22    0,00    0,00    0,00    0,00    0,00  100,00    0,00    0,00    0,00    0,00
21:57:41      23    0,00    0,00    0,00    0,00    0,00    0,00    0,00    0,00    0,00  100,00

21:57:41     CPU    %usr   %nice    %sys %iowait    %irq   %soft  %steal  %guest  %gnice   %idle
21:57:42     all    0,17    0,00    0,08    0,00    0,00   66,69    0,00    0,00    0,00   33,06
21:57:42       0    0,00    0,00    0,00    0,00    0,00    0,00    0,00    0,00    0,00  100,00
21:57:42       1    1,01    0,00    0,00    0,00    0,00   98,99    0,00    0,00    0,00    0,00
21:57:42       2    0,00    0,00    0,00    0,00    0,00    0,00    0,00    0,00    0,00  100,00
21:57:42       3    0,00    0,00    0,00    0,00    0,00  100,00    0,00    0,00    0,00    0,00
21:57:42       4    0,00    0,00    0,00    0,00    0,00  100,00    0,00    0,00    0,00    0,00
21:57:42       5    0,00    0,00    0,00    0,00    0,00    0,00    0,00    0,00    0,00  100,00
21:57:42       6    0,00    0,00    0,00    0,00    0,00  100,00    0,00    0,00    0,00    0,00
21:57:42       7    0,00    0,00    0,00    0,00    0,00  100,00    0,00    0,00    0,00    0,00
21:57:42       8    0,00    0,00    0,00    0,00    0,00  100,00    0,00    0,00    0,00    0,00
21:57:42       9    0,00    0,00    0,00    0,00    0,00  100,00    0,00    0,00    0,00    0,00
21:57:42      10    0,00    0,00    0,00    0,00    0,00  100,00    0,00    0,00    0,00    0,00
21:57:42      11    0,00    0,00    0,00    0,00    0,00    0,00    0,00    0,00    0,00  100,00
21:57:42      12    0,00    0,00    0,00    0,00    0,00  100,00    0,00    0,00    0,00    0,00
21:57:42      13    0,00    0,00    0,00    0,00    0,00  100,00    0,00    0,00    0,00    0,00
21:57:42      14    0,00    0,00    0,00    0,00    0,00  100,00    0,00    0,00    0,00    0,00
21:57:42      15    0,00    0,00    0,00    0,00    0,00  100,00    0,00    0,00    0,00    0,00
21:57:42      16    0,00    0,00    0,00    0,00    0,00  100,00    0,00    0,00    0,00    0,00
21:57:42      17    0,00    0,00    0,00    0,00    0,00  100,00    0,00    0,00    0,00    0,00
21:57:42      18    1,00    0,00    0,00    0,00    0,00    0,00    0,00    0,00    0,00   99,00
21:57:42      19    2,00    0,00    1,00    0,00    0,00    0,00    0,00    0,00    0,00   97,00
21:57:42      20    0,00    0,00    0,00    0,00    0,00    0,00    0,00    0,00    0,00  100,00
21:57:42      21    0,00    0,00    0,00    0,00    0,00  100,00    0,00    0,00    0,00    0,00
21:57:42      22    0,00    0,00    0,00    0,00    0,00  100,00    0,00    0,00    0,00    0,00
21:57:42      23    0,00    0,00    1,01    0,00    0,00    0,00    0,00    0,00    0,00   98,99

21:57:42     CPU    %usr   %nice    %sys %iowait    %irq   %soft  %steal  %guest  %gnice   %idle
21:57:43     all    0,08    0,00    0,08    0,00    0,00   66,64    0,00    0,00    0,00   33,19
21:57:43       0    0,00    0,00    0,00    0,00    0,00    0,00    0,00    0,00    0,00  100,00
21:57:43       1    1,00    0,00    1,00    0,00    0,00   98,00    0,00    0,00    0,00    0,00
21:57:43       2    0,00    0,00    0,00    0,00    0,00    0,00    0,00    0,00    0,00  100,00
21:57:43       3    0,00    0,00    0,00    0,00    0,00  100,00    0,00    0,00    0,00    0,00
21:57:43       4    0,00    0,00    0,00    0,00    0,00  100,00    0,00    0,00    0,00    0,00
21:57:43       5    0,00    0,00    0,00    0,00    0,00    0,00    0,00    0,00    0,00  100,00
21:57:43       6    0,00    0,00    0,00    0,00    0,00  100,00    0,00    0,00    0,00    0,00
21:57:43       7    0,00    0,00    0,00    0,00    0,00  100,00    0,00    0,00    0,00    0,00
21:57:43       8    0,00    0,00    0,00    0,00    0,00  100,00    0,00    0,00    0,00    0,00
21:57:43       9    0,00    0,00    0,00    0,00    0,00  100,00    0,00    0,00    0,00    0,00
21:57:43      10    0,00    0,00    0,00    0,00    0,00  100,00    0,00    0,00    0,00    0,00
21:57:43      11    0,00    0,00    0,00    0,00    0,00    0,00    0,00    0,00    0,00  100,00
21:57:43      12    0,00    0,00    0,00    0,00    0,00  100,00    0,00    0,00    0,00    0,00
21:57:43      13    0,00    0,00    0,00    0,00    0,00  100,00    0,00    0,00    0,00    0,00
21:57:43      14    0,00    0,00    0,00    0,00    0,00  100,00    0,00    0,00    0,00    0,00
21:57:43      15    0,00    0,00    0,00    0,00    0,00  100,00    0,00    0,00    0,00    0,00
21:57:43      16    0,00    0,00    0,00    0,00    0,00  100,00    0,00    0,00    0,00    0,00
21:57:43      17    0,00    0,00    0,00    0,00    0,00  100,00    0,00    0,00    0,00    0,00
21:57:43      18    1,00    0,00    0,00    0,00    0,00    0,00    0,00    0,00    0,00   99,00
21:57:43      19    0,00    0,00    0,00    0,00    0,00    0,00    0,00    0,00    0,00  100,00
21:57:43      20    0,00    0,00    1,00    0,00    0,00    0,00    0,00    0,00    0,00   99,00
21:57:43      21    0,00    0,00    0,00    0,00    0,00  100,00    0,00    0,00    0,00    0,00
21:57:43      22    0,00    0,00    0,00    0,00    0,00  100,00    0,00    0,00    0,00    0,00
21:57:43      23    0,00    0,00    0,00    0,00    0,00    0,00    0,00    0,00    0,00  100,00

21:57:43     CPU    %usr   %nice    %sys %iowait    %irq   %soft  %steal  %guest  %gnice   %idle
21:57:44     all    0,04    0,00    0,00    0,00    0,00   66,65    0,00    0,00    0,00   33,31
21:57:44       0    0,00    0,00    0,00    0,00    0,00    0,00    0,00    0,00    0,00  100,00
21:57:44       1    1,00    0,00    0,00    0,00    0,00   99,00    0,00    0,00    0,00    0,00
21:57:44       2    0,00    0,00    0,00    0,00    0,00    0,00    0,00    0,00    0,00  100,00
21:57:44       3    0,00    0,00    0,00    0,00    0,00  100,00    0,00    0,00    0,00    0,00
21:57:44       4    0,00    0,00    0,00    0,00    0,00  100,00    0,00    0,00    0,00    0,00
21:57:44       5    0,00    0,00    0,00    0,00    0,00    0,00    0,00    0,00    0,00  100,00
21:57:44       6    0,00    0,00    0,00    0,00    0,00  100,00    0,00    0,00    0,00    0,00
21:57:44       7    0,00    0,00    0,00    0,00    0,00  100,00    0,00    0,00    0,00    0,00
21:57:44       8    0,00    0,00    0,00    0,00    0,00  100,00    0,00    0,00    0,00    0,00
21:57:44       9    0,00    0,00    0,00    0,00    0,00  100,00    0,00    0,00    0,00    0,00
21:57:44      10    0,00    0,00    0,00    0,00    0,00  100,00    0,00    0,00    0,00    0,00
21:57:44      11    0,00    0,00    0,00    0,00    0,00    0,00    0,00    0,00    0,00  100,00
21:57:44      12    0,00    0,00    0,00    0,00    0,00  100,00    0,00    0,00    0,00    0,00
21:57:44      13    0,00    0,00    0,00    0,00    0,00  100,00    0,00    0,00    0,00    0,00
21:57:44      14    0,00    0,00    0,00    0,00    0,00  100,00    0,00    0,00    0,00    0,00
21:57:44      15    0,00    0,00    0,00    0,00    0,00  100,00    0,00    0,00    0,00    0,00
21:57:44      16    0,00    0,00    0,00    0,00    0,00  100,00    0,00    0,00    0,00    0,00
21:57:44      17    0,00    0,00    0,00    0,00    0,00  100,00    0,00    0,00    0,00    0,00
21:57:44      18    0,00    0,00    0,00    0,00    0,00    0,00    0,00    0,00    0,00  100,00
21:57:44      19    0,00    0,00    0,00    0,00    0,00    0,00    0,00    0,00    0,00  100,00
21:57:44      20    0,00    0,00    0,00    0,00    0,00    0,00    0,00    0,00    0,00  100,00
21:57:44      21    0,00    0,00    0,00    0,00    0,00  100,00    0,00    0,00    0,00    0,00
21:57:44      22    0,00    0,00    0,00    0,00    0,00  100,00    0,00    0,00    0,00    0,00
21:57:44      23    0,00    0,00    0,00    0,00    0,00    0,00    0,00    0,00    0,00  100,00

21:57:44     CPU    %usr   %nice    %sys %iowait    %irq   %soft  %steal  %guest  %gnice   %idle
21:57:45     all    1,04    0,00    0,58    0,04    0,00   66,60    0,00    0,00    0,00   31,73
21:57:45       0    0,00    0,00    0,00    0,00    0,00    0,00    0,00    0,00    0,00  100,00
21:57:45       1    1,00    0,00    0,00    0,00    0,00   99,00    0,00    0,00    0,00    0,00
21:57:45       2    0,00    0,00    0,00    0,00    0,00    0,00    0,00    0,00    0,00  100,00
21:57:45       3    0,00    0,00    0,00    0,00    0,00  100,00    0,00    0,00    0,00    0,00
21:57:45       4    0,00    0,00    0,00    0,00    0,00  100,00    0,00    0,00    0,00    0,00
21:57:45       5    0,00    0,00    0,00    0,00    0,00    0,00    0,00    0,00    0,00  100,00
21:57:45       6    0,00    0,00    0,99    0,00    0,00   99,01    0,00    0,00    0,00    0,00
21:57:45       7    0,00    0,00    0,00    0,00    0,00  100,00    0,00    0,00    0,00    0,00
21:57:45       8    0,00    0,00    0,00    0,00    0,00  100,00    0,00    0,00    0,00    0,00
21:57:45       9    0,00    0,00    0,00    0,00    0,00  100,00    0,00    0,00    0,00    0,00
21:57:45      10    0,00    0,00    0,00    0,00    0,00  100,00    0,00    0,00    0,00    0,00
21:57:45      11    0,00    0,00    0,00    0,00    0,00    0,00    0,00    0,00    0,00  100,00
21:57:45      12    0,00    0,00    0,00    0,00    0,00  100,00    0,00    0,00    0,00    0,00
21:57:45      13    0,00    0,00    0,00    0,00    0,00  100,00    0,00    0,00    0,00    0,00
21:57:45      14    0,00    0,00    0,00    0,00    0,00  100,00    0,00    0,00    0,00    0,00
21:57:45      15    0,00    0,00    0,00    0,00    0,00  100,00    0,00    0,00    0,00    0,00
21:57:45      16    0,00    0,00    0,00    0,00    0,00  100,00    0,00    0,00    0,00    0,00
21:57:45      17    0,00    0,00    0,00    0,00    0,00  100,00    0,00    0,00    0,00    0,00
21:57:45      18   23,00    0,00   13,00    0,00    0,00    0,00    0,00    0,00    0,00   64,00
21:57:45      19    0,00    0,00    0,00    1,00    0,00    0,00    0,00    0,00    0,00   99,00
21:57:45      20    1,00    0,00    0,00    0,00    0,00    0,00    0,00    0,00    0,00   99,00
21:57:45      21    0,00    0,00    0,00    0,00    0,00  100,00    0,00    0,00    0,00    0,00
21:57:45      22    0,00    0,00    0,00    0,00    0,00  100,00    0,00    0,00    0,00    0,00
21:57:45      23    0,00    0,00    0,00    0,00    0,00    0,00    0,00    0,00    0,00  100,00

21:57:45     CPU    %usr   %nice    %sys %iowait    %irq   %soft  %steal  %guest  %gnice   %idle
21:57:46     all    0,13    0,00    0,08    0,00    0,00   66,68    0,00    0,00    0,00   33,11
21:57:46       0    0,00    0,00    0,00    0,00    0,00    0,00    0,00    0,00    0,00  100,00
21:57:46       1    1,00    0,00    0,00    0,00    0,00   99,00    0,00    0,00    0,00    0,00
21:57:46       2    0,00    0,00    0,00    0,00    0,00    0,00    0,00    0,00    0,00  100,00
21:57:46       3    0,00    0,00    0,00    0,00    0,00  100,00    0,00    0,00    0,00    0,00
21:57:46       4    0,00    0,00    0,00    0,00    0,00  100,00    0,00    0,00    0,00    0,00
21:57:46       5    0,00    0,00    0,00    0,00    0,00    0,00    0,00    0,00    0,00  100,00
21:57:46       6    0,00    0,00    0,00    0,00    0,00  100,00    0,00    0,00    0,00    0,00
21:57:46       7    0,00    0,00    0,00    0,00    0,00  100,00    0,00    0,00    0,00    0,00
21:57:46       8    0,00    0,00    0,00    0,00    0,00  100,00    0,00    0,00    0,00    0,00
21:57:46       9    0,00    0,00    0,00    0,00    0,00  100,00    0,00    0,00    0,00    0,00
21:57:46      10    0,00    0,00    0,00    0,00    0,00  100,00    0,00    0,00    0,00    0,00
21:57:46      11    0,00    0,00    0,00    0,00    0,00    0,00    0,00    0,00    0,00  100,00
21:57:46      12    0,00    0,00    0,00    0,00    0,00  100,00    0,00    0,00    0,00    0,00
21:57:46      13    0,00    0,00    0,00    0,00    0,00  100,00    0,00    0,00    0,00    0,00
21:57:46      14    0,00    0,00    0,00    0,00    0,00  100,00    0,00    0,00    0,00    0,00
21:57:46      15    0,00    0,00    0,00    0,00    0,00  100,00    0,00    0,00    0,00    0,00
21:57:46      16    0,00    0,00    0,00    0,00    0,00  100,00    0,00    0,00    0,00    0,00
21:57:46      17    0,00    0,00    0,00    0,00    0,00  100,00    0,00    0,00    0,00    0,00
21:57:46      18    1,00    0,00    0,00    0,00    0,00    0,00    0,00    0,00    0,00   99,00
21:57:46      19    1,00    0,00    1,00    0,00    0,00    0,00    0,00    0,00    0,00   98,00
21:57:46      20    0,00    0,00    0,00    0,00    0,00    0,00    0,00    0,00    0,00  100,00
21:57:46      21    0,00    0,00    0,00    0,00    0,00  100,00    0,00    0,00    0,00    0,00
21:57:46      22    0,00    0,00    0,00    0,00    0,00  100,00    0,00    0,00    0,00    0,00
21:57:46      23    0,00    0,00    1,00    0,00    0,00    0,00    0,00    0,00    0,00   99,00

21:57:46     CPU    %usr   %nice    %sys %iowait    %irq   %soft  %steal  %guest  %gnice   %idle
21:57:47     all    0,08    0,00    0,08    0,00    0,00   66,64    0,00    0,00    0,00   33,19
21:57:47       0    0,00    0,00    0,00    0,00    0,00    0,00    0,00    0,00    0,00  100,00
21:57:47       1    1,00    0,00    1,00    0,00    0,00   98,00    0,00    0,00    0,00    0,00
21:57:47       2    0,00    0,00    0,00    0,00    0,00    0,00    0,00    0,00    0,00  100,00
21:57:47       3    0,00    0,00    0,00    0,00    0,00  100,00    0,00    0,00    0,00    0,00
21:57:47       4    0,00    0,00    0,00    0,00    0,00  100,00    0,00    0,00    0,00    0,00
21:57:47       5    0,00    0,00    0,00    0,00    0,00    0,00    0,00    0,00    0,00  100,00
21:57:47       6    0,00    0,00    0,00    0,00    0,00  100,00    0,00    0,00    0,00    0,00
21:57:47       7    0,00    0,00    0,00    0,00    0,00  100,00    0,00    0,00    0,00    0,00
21:57:47       8    0,00    0,00    0,00    0,00    0,00  100,00    0,00    0,00    0,00    0,00
21:57:47       9    0,00    0,00    0,00    0,00    0,00  100,00    0,00    0,00    0,00    0,00
21:57:47      10    0,00    0,00    0,00    0,00    0,00  100,00    0,00    0,00    0,00    0,00
21:57:47      11    0,00    0,00    0,00    0,00    0,00    0,00    0,00    0,00    0,00  100,00
21:57:47      12    0,00    0,00    0,00    0,00    0,00  100,00    0,00    0,00    0,00    0,00
21:57:47      13    0,00    0,00    0,00    0,00    0,00  100,00    0,00    0,00    0,00    0,00
21:57:47      14    0,00    0,00    0,00    0,00    0,00  100,00    0,00    0,00    0,00    0,00
21:57:47      15    0,00    0,00    0,00    0,00    0,00  100,00    0,00    0,00    0,00    0,00
21:57:47      16    0,00    0,00    0,00    0,00    0,00  100,00    0,00    0,00    0,00    0,00
21:57:47      17    0,00    0,00    0,00    0,00    0,00  100,00    0,00    0,00    0,00    0,00
21:57:47      18    0,00    0,00    0,00    0,00    0,00    0,00    0,00    0,00    0,00  100,00
21:57:47      19    0,00    0,00    0,00    0,00    0,00    0,00    0,00    0,00    0,00  100,00
21:57:47      20    0,00    0,00    1,00    0,00    0,00    0,00    0,00    0,00    0,00   99,00
21:57:47      21    0,00    0,00    0,00    0,00    0,00  100,00    0,00    0,00    0,00    0,00
21:57:47      22    0,00    0,00    0,00    0,00    0,00  100,00    0,00    0,00    0,00    0,00
21:57:47      23    1,01    0,00    0,00    0,00    0,00    0,00    0,00    0,00    0,00   98,99

21:57:47     CPU    %usr   %nice    %sys %iowait    %irq   %soft  %steal  %guest  %gnice   %idle
21:57:48     all    1,21    0,00    0,50    0,00    0,00   66,57    0,00    0,00    0,00   31,72
21:57:48       0    0,00    0,00    0,99    0,00    0,00    0,00    0,00    0,00    0,00   99,01
21:57:48       1    1,00    0,00    0,00    0,00    0,00   99,00    0,00    0,00    0,00    0,00
21:57:48       2    0,00    0,00    0,00    0,00    0,00    0,00    0,00    0,00    0,00  100,00
21:57:48       3    0,00    0,00    0,00    0,00    0,00  100,00    0,00    0,00    0,00    0,00
21:57:48       4    0,00    0,00    0,00    0,00    0,00  100,00    0,00    0,00    0,00    0,00
21:57:48       5    1,00    0,00    0,00    0,00    0,00    0,00    0,00    0,00    0,00   99,00
21:57:48       6    0,00    0,00    0,00    0,00    0,00  100,00    0,00    0,00    0,00    0,00
21:57:48       7    0,00    0,00    0,99    0,00    0,00   99,01    0,00    0,00    0,00    0,00
21:57:48       8    0,00    0,00    0,00    0,00    0,00  100,00    0,00    0,00    0,00    0,00
21:57:48       9    0,00    0,00    0,00    0,00    0,00  100,00    0,00    0,00    0,00    0,00
21:57:48      10    0,00    0,00    0,00    0,00    0,00  100,00    0,00    0,00    0,00    0,00
21:57:48      11    0,99    0,00    0,00    0,00    0,00    0,00    0,00    0,00    0,00   99,01
21:57:48      12    0,00    0,00    0,00    0,00    0,00  100,00    0,00    0,00    0,00    0,00
21:57:48      13    0,00    0,00    0,00    0,00    0,00  100,00    0,00    0,00    0,00    0,00
21:57:48      14    0,00    0,00    0,00    0,00    0,00  100,00    0,00    0,00    0,00    0,00
21:57:48      15    0,00    0,00    0,00    0,00    0,00  100,00    0,00    0,00    0,00    0,00
21:57:48      16    0,00    0,00    0,00    0,00    0,00  100,00    0,00    0,00    0,00    0,00
21:57:48      17    0,00    0,00    0,00    0,00    0,00  100,00    0,00    0,00    0,00    0,00
21:57:48      18    4,00    0,00    2,00    0,00    0,00    0,00    0,00    0,00    0,00   94,00
21:57:48      19    4,00    0,00    3,00    0,00    0,00    0,00    0,00    0,00    0,00   93,00
21:57:48      20    3,03    0,00    2,02    0,00    0,00    0,00    0,00    0,00    0,00   94,95
21:57:48      21    0,00    0,00    0,00    0,00    0,00  100,00    0,00    0,00    0,00    0,00
21:57:48      22    0,00    0,00    0,00    0,00    0,00  100,00    0,00    0,00    0,00    0,00
21:57:48      23   15,00    0,00    3,00    0,00    0,00    0,00    0,00    0,00    0,00   82,00
