Linux 6.8.0-111-generic (testbed-node4) 	13/05/26 	_x86_64_	(24 CPU)

18:38:05     CPU    %usr   %nice    %sys %iowait    %irq   %soft  %steal  %guest  %gnice   %idle
18:38:06     all   29,28    0,00    0,08    0,00    0,00    0,00    0,00    0,00    0,00   70,64
18:38:06       0  100,00    0,00    0,00    0,00    0,00    0,00    0,00    0,00    0,00    0,00
18:38:06       1  100,00    0,00    0,00    0,00    0,00    0,00    0,00    0,00    0,00    0,00
18:38:06       2  100,00    0,00    0,00    0,00    0,00    0,00    0,00    0,00    0,00    0,00
18:38:06       3  100,00    0,00    0,00    0,00    0,00    0,00    0,00    0,00    0,00    0,00
18:38:06       4  100,00    0,00    0,00    0,00    0,00    0,00    0,00    0,00    0,00    0,00
18:38:06       5  100,00    0,00    0,00    0,00    0,00    0,00    0,00    0,00    0,00    0,00
18:38:06       6  100,00    0,00    0,00    0,00    0,00    0,00    0,00    0,00    0,00    0,00
18:38:06       7    0,00    0,00    0,00    0,00    0,00    0,00    0,00    0,00    0,00  100,00
18:38:06       8    0,00    0,00    0,00    0,00    0,00    0,00    0,00    0,00    0,00  100,00
18:38:06       9    0,00    0,00    0,00    0,00    0,00    0,00    0,00    0,00    0,00  100,00
18:38:06      10    0,00    0,00    0,00    0,00    0,00    0,00    0,00    0,00    0,00  100,00
18:38:06      11    0,00    0,00    0,00    0,00    0,00    0,00    0,00    0,00    0,00  100,00
18:38:06      12    0,00    0,00    0,00    0,00    0,00    0,00    0,00    0,00    0,00  100,00
18:38:06      13    0,00    0,00    0,00    0,00    0,00    0,00    0,00    0,00    0,00  100,00
18:38:06      14    0,00    0,00    0,00    0,00    0,00    0,00    0,00    0,00    0,00  100,00
18:38:06      15    0,00    0,00    0,00    0,00    0,00    0,00    0,00    0,00    0,00  100,00
18:38:06      16    1,00    0,00    0,00    0,00    0,00    0,00    0,00    0,00    0,00   99,00
18:38:06      17    0,00    0,00    1,00    0,00    0,00    0,00    0,00    0,00    0,00   99,00
18:38:06      18    0,00    0,00    0,00    0,00    0,00    0,00    0,00    0,00    0,00  100,00
18:38:06      19    0,00    0,00    0,00    0,00    0,00    0,00    0,00    0,00    0,00  100,00
18:38:06      20    0,99    0,00    0,99    0,00    0,00    0,00    0,00    0,00    0,00   98,02
18:38:06      21    0,00    0,00    0,00    0,00    0,00    0,00    0,00    0,00    0,00  100,00
18:38:06      22    0,00    0,00    0,00    0,00    0,00    0,00    0,00    0,00    0,00  100,00
18:38:06      23    0,99    0,00    0,00    0,00    0,00    0,00    0,00    0,00    0,00   99,01

18:38:06     CPU    %usr   %nice    %sys %iowait    %irq   %soft  %steal  %guest  %gnice   %idle
18:38:07     all   29,17    0,00    0,00    0,00    0,00    0,04    0,00    0,00    0,00   70,79
18:38:07       0  100,00    0,00    0,00    0,00    0,00    0,00    0,00    0,00    0,00    0,00
18:38:07       1  100,00    0,00    0,00    0,00    0,00    0,00    0,00    0,00    0,00    0,00
18:38:07       2  100,00    0,00    0,00    0,00    0,00    0,00    0,00    0,00    0,00    0,00
18:38:07       3   99,01    0,00    0,00    0,00    0,00    0,99    0,00    0,00    0,00    0,00
18:38:07       4  100,00    0,00    0,00    0,00    0,00    0,00    0,00    0,00    0,00    0,00
18:38:07       5  100,00    0,00    0,00    0,00    0,00    0,00    0,00    0,00    0,00    0,00
18:38:07       6  100,00    0,00    0,00    0,00    0,00    0,00    0,00    0,00    0,00    0,00
18:38:07       7    0,00    0,00    0,00    0,00    0,00    0,00    0,00    0,00    0,00  100,00
18:38:07       8    0,00    0,00    0,00    0,00    0,00    0,00    0,00    0,00    0,00  100,00
18:38:07       9    0,00    0,00    0,00    0,00    0,00    0,00    0,00    0,00    0,00  100,00
18:38:07      10    0,00    0,00    0,00    0,00    0,00    0,00    0,00    0,00    0,00  100,00
18:38:07      11    0,00    0,00    0,00    0,00    0,00    0,00    0,00    0,00    0,00  100,00
18:38:07      12    0,00    0,00    0,00    0,00    0,00    0,00    0,00    0,00    0,00  100,00
18:38:07      13    0,00    0,00    0,00    0,00    0,00    0,00    0,00    0,00    0,00  100,00
18:38:07      14    0,00    0,00    0,00    0,00    0,00    0,00    0,00    0,00    0,00  100,00
18:38:07      15    0,00    0,00    0,00    0,00    0,00    0,00    0,00    0,00    0,00  100,00
18:38:07      16    0,00    0,00    0,00    0,00    0,00    0,00    0,00    0,00    0,00  100,00
18:38:07      17    0,00    0,00    0,00    0,00    0,00    0,00    0,00    0,00    0,00  100,00
18:38:07      18    0,00    0,00    0,00    0,00    0,00    0,00    0,00    0,00    0,00  100,00
18:38:07      19    0,00    0,00    0,00    0,00    0,00    0,00    0,00    0,00    0,00  100,00
18:38:07      20    0,00    0,00    0,00    0,00    0,00    0,00    0,00    0,00    0,00  100,00
18:38:07      21    0,00    0,00    0,00    0,00    0,00    0,00    0,00    0,00    0,00  100,00
18:38:07      22    0,00    0,00    0,00    0,00    0,00    0,00    0,00    0,00    0,00  100,00
18:38:07      23    0,00    0,00    0,00    0,00    0,00    0,00    0,00    0,00    0,00  100,00

18:38:07     CPU    %usr   %nice    %sys %iowait    %irq   %soft  %steal  %guest  %gnice   %idle
18:38:08     all   29,61    0,00    0,17    0,04    0,00    0,00    0,00    0,00    0,00   70,18
18:38:08       0  100,00    0,00    0,00    0,00    0,00    0,00    0,00    0,00    0,00    0,00
18:38:08       1  100,00    0,00    0,00    0,00    0,00    0,00    0,00    0,00    0,00    0,00
18:38:08       2  100,00    0,00    0,00    0,00    0,00    0,00    0,00    0,00    0,00    0,00
18:38:08       3  100,00    0,00    0,00    0,00    0,00    0,00    0,00    0,00    0,00    0,00
18:38:08       4  100,00    0,00    0,00    0,00    0,00    0,00    0,00    0,00    0,00    0,00
18:38:08       5  100,00    0,00    0,00    0,00    0,00    0,00    0,00    0,00    0,00    0,00
18:38:08       6  100,00    0,00    0,00    0,00    0,00    0,00    0,00    0,00    0,00    0,00
18:38:08       7    0,00    0,00    0,00    0,00    0,00    0,00    0,00    0,00    0,00  100,00
18:38:08       8    0,00    0,00    0,00    0,00    0,00    0,00    0,00    0,00    0,00  100,00
18:38:08       9    0,00    0,00    0,00    0,00    0,00    0,00    0,00    0,00    0,00  100,00
18:38:08      10    0,00    0,00    0,00    0,00    0,00    0,00    0,00    0,00    0,00  100,00
18:38:08      11    0,00    0,00    0,00    0,00    0,00    0,00    0,00    0,00    0,00  100,00
18:38:08      12    5,05    0,00    0,00    0,00    0,00    0,00    0,00    0,00    0,00   94,95
18:38:08      13    0,00    0,00    0,00    0,00    0,00    0,00    0,00    0,00    0,00  100,00
18:38:08      14    0,00    0,00    0,00    0,00    0,00    0,00    0,00    0,00    0,00  100,00
18:38:08      15    0,00    0,00    0,00    0,00    0,00    0,00    0,00    0,00    0,00  100,00
18:38:08      16    0,00    0,00    1,00    0,00    0,00    0,00    0,00    0,00    0,00   99,00
18:38:08      17    1,00    0,00    0,00    0,00    0,00    0,00    0,00    0,00    0,00   99,00
18:38:08      18    0,00    0,00    0,99    0,00    0,00    0,00    0,00    0,00    0,00   99,01
18:38:08      19    4,00    0,00    1,00    0,00    0,00    0,00    0,00    0,00    0,00   95,00
18:38:08      20    0,00    0,00    0,00    1,00    0,00    0,00    0,00    0,00    0,00   99,00
18:38:08      21    0,00    0,00    1,00    0,00    0,00    0,00    0,00    0,00    0,00   99,00
18:38:08      22    0,00    0,00    0,00    0,00    0,00    0,00    0,00    0,00    0,00  100,00
18:38:08      23    0,00    0,00    0,00    0,00    0,00    0,00    0,00    0,00    0,00  100,00

18:38:08     CPU    %usr   %nice    %sys %iowait    %irq   %soft  %steal  %guest  %gnice   %idle
18:38:09     all   29,17    0,00    0,00    0,00    0,00    0,00    0,00    0,00    0,00   70,83
18:38:09       0  100,00    0,00    0,00    0,00    0,00    0,00    0,00    0,00    0,00    0,00
18:38:09       1  100,00    0,00    0,00    0,00    0,00    0,00    0,00    0,00    0,00    0,00
18:38:09       2  100,00    0,00    0,00    0,00    0,00    0,00    0,00    0,00    0,00    0,00
18:38:09       3  100,00    0,00    0,00    0,00    0,00    0,00    0,00    0,00    0,00    0,00
18:38:09       4  100,00    0,00    0,00    0,00    0,00    0,00    0,00    0,00    0,00    0,00
18:38:09       5  100,00    0,00    0,00    0,00    0,00    0,00    0,00    0,00    0,00    0,00
18:38:09       6  100,00    0,00    0,00    0,00    0,00    0,00    0,00    0,00    0,00    0,00
18:38:09       7    0,00    0,00    0,00    0,00    0,00    0,00    0,00    0,00    0,00  100,00
18:38:09       8    0,00    0,00    0,00    0,00    0,00    0,00    0,00    0,00    0,00  100,00
18:38:09       9    0,00    0,00    0,00    0,00    0,00    0,00    0,00    0,00    0,00  100,00
18:38:09      10    0,00    0,00    0,00    0,00    0,00    0,00    0,00    0,00    0,00  100,00
18:38:09      11    0,00    0,00    0,00    0,00    0,00    0,00    0,00    0,00    0,00  100,00
18:38:09      12    0,00    0,00    0,00    0,00    0,00    0,00    0,00    0,00    0,00  100,00
18:38:09      13    0,00    0,00    0,00    0,00    0,00    0,00    0,00    0,00    0,00  100,00
18:38:09      14    0,00    0,00    0,00    0,00    0,00    0,00    0,00    0,00    0,00  100,00
18:38:09      15    0,00    0,00    0,00    0,00    0,00    0,00    0,00    0,00    0,00  100,00
18:38:09      16    0,00    0,00    0,00    0,00    0,00    0,00    0,00    0,00    0,00  100,00
18:38:09      17    0,00    0,00    0,00    0,00    0,00    0,00    0,00    0,00    0,00  100,00
18:38:09      18    0,00    0,00    0,00    0,00    0,00    0,00    0,00    0,00    0,00  100,00
18:38:09      19    0,00    0,00    0,00    0,00    0,00    0,00    0,00    0,00    0,00  100,00
18:38:09      20    0,00    0,00    0,00    0,00    0,00    0,00    0,00    0,00    0,00  100,00
18:38:09      21    0,00    0,00    0,00    0,00    0,00    0,00    0,00    0,00    0,00  100,00
18:38:09      22    0,00    0,00    0,00    0,00    0,00    0,00    0,00    0,00    0,00  100,00
18:38:09      23    0,00    0,00    0,00    0,00    0,00    0,00    0,00    0,00    0,00  100,00

18:38:09     CPU    %usr   %nice    %sys %iowait    %irq   %soft  %steal  %guest  %gnice   %idle
18:38:10     all   29,17    0,00    0,00    0,00    0,00    0,00    0,00    0,00    0,00   70,83
18:38:10       0  100,00    0,00    0,00    0,00    0,00    0,00    0,00    0,00    0,00    0,00
18:38:10       1  100,00    0,00    0,00    0,00    0,00    0,00    0,00    0,00    0,00    0,00
18:38:10       2  100,00    0,00    0,00    0,00    0,00    0,00    0,00    0,00    0,00    0,00
18:38:10       3  100,00    0,00    0,00    0,00    0,00    0,00    0,00    0,00    0,00    0,00
18:38:10       4  100,00    0,00    0,00    0,00    0,00    0,00    0,00    0,00    0,00    0,00
18:38:10       5  100,00    0,00    0,00    0,00    0,00    0,00    0,00    0,00    0,00    0,00
18:38:10       6  100,00    0,00    0,00    0,00    0,00    0,00    0,00    0,00    0,00    0,00
18:38:10       7    0,00    0,00    0,00    0,00    0,00    0,00    0,00    0,00    0,00  100,00
18:38:10       8    0,00    0,00    0,00    0,00    0,00    0,00    0,00    0,00    0,00  100,00
18:38:10       9    0,00    0,00    0,00    0,00    0,00    0,00    0,00    0,00    0,00  100,00
18:38:10      10    0,00    0,00    0,00    0,00    0,00    0,00    0,00    0,00    0,00  100,00
18:38:10      11    0,00    0,00    0,00    0,00    0,00    0,00    0,00    0,00    0,00  100,00
18:38:10      12    0,00    0,00    0,00    0,00    0,00    0,00    0,00    0,00    0,00  100,00
18:38:10      13    0,00    0,00    0,00    0,00    0,00    0,00    0,00    0,00    0,00  100,00
18:38:10      14    0,00    0,00    0,00    0,00    0,00    0,00    0,00    0,00    0,00  100,00
18:38:10      15    0,00    0,00    0,00    0,00    0,00    0,00    0,00    0,00    0,00  100,00
18:38:10      16    0,00    0,00    0,00    0,00    0,00    0,00    0,00    0,00    0,00  100,00
18:38:10      17    0,00    0,00    0,00    0,00    0,00    0,00    0,00    0,00    0,00  100,00
18:38:10      18    0,00    0,00    0,00    0,00    0,00    0,00    0,00    0,00    0,00  100,00
18:38:10      19    0,00    0,00    0,00    0,00    0,00    0,00    0,00    0,00    0,00  100,00
18:38:10      20    0,00    0,00    0,00    0,00    0,00    0,00    0,00    0,00    0,00  100,00
18:38:10      21    0,00    0,00    0,00    0,00    0,00    0,00    0,00    0,00    0,00  100,00
18:38:10      22    0,00    0,00    0,00    0,00    0,00    0,00    0,00    0,00    0,00  100,00
18:38:10      23    0,00    0,00    0,00    0,00    0,00    0,00    0,00    0,00    0,00  100,00

18:38:10     CPU    %usr   %nice    %sys %iowait    %irq   %soft  %steal  %guest  %gnice   %idle
18:38:11     all   29,15    0,00    0,00    0,08    0,00    0,00    0,00    0,00    0,00   70,76
18:38:11       0  100,00    0,00    0,00    0,00    0,00    0,00    0,00    0,00    0,00    0,00
18:38:11       1  100,00    0,00    0,00    0,00    0,00    0,00    0,00    0,00    0,00    0,00
18:38:11       2  100,00    0,00    0,00    0,00    0,00    0,00    0,00    0,00    0,00    0,00
18:38:11       3  100,00    0,00    0,00    0,00    0,00    0,00    0,00    0,00    0,00    0,00
18:38:11       4  100,00    0,00    0,00    0,00    0,00    0,00    0,00    0,00    0,00    0,00
18:38:11       5  100,00    0,00    0,00    0,00    0,00    0,00    0,00    0,00    0,00    0,00
18:38:11       6  100,00    0,00    0,00    0,00    0,00    0,00    0,00    0,00    0,00    0,00
18:38:11       7    0,00    0,00    0,00    0,00    0,00    0,00    0,00    0,00    0,00  100,00
18:38:11       8    0,00    0,00    0,00    0,00    0,00    0,00    0,00    0,00    0,00  100,00
18:38:11       9    0,00    0,00    0,00    0,00    0,00    0,00    0,00    0,00    0,00  100,00
18:38:11      10    0,00    0,00    0,00    0,00    0,00    0,00    0,00    0,00    0,00  100,00
18:38:11      11    0,00    0,00    0,00    0,00    0,00    0,00    0,00    0,00    0,00  100,00
18:38:11      12    0,00    0,00    0,00    0,00    0,00    0,00    0,00    0,00    0,00  100,00
18:38:11      13    0,00    0,00    0,00    0,00    0,00    0,00    0,00    0,00    0,00  100,00
18:38:11      14    0,00    0,00    0,00    0,00    0,00    0,00    0,00    0,00    0,00  100,00
18:38:11      15    0,00    0,00    0,00    0,00    0,00    0,00    0,00    0,00    0,00  100,00
18:38:11      16    0,00    0,00    0,00    0,00    0,00    0,00    0,00    0,00    0,00  100,00
18:38:11      17    0,00    0,00    0,00    0,00    0,00    0,00    0,00    0,00    0,00  100,00
18:38:11      18    0,00    0,00    0,00    0,00    0,00    0,00    0,00    0,00    0,00  100,00
18:38:11      19    0,00    0,00    0,00    0,00    0,00    0,00    0,00    0,00    0,00  100,00
18:38:11      20    0,00    0,00    0,00    0,00    0,00    0,00    0,00    0,00    0,00  100,00
18:38:11      21    0,00    0,00    0,00    0,00    0,00    0,00    0,00    0,00    0,00  100,00
18:38:11      22    0,00    0,00    0,00    1,98    0,00    0,00    0,00    0,00    0,00   98,02
18:38:11      23    0,00    0,00    0,00    0,00    0,00    0,00    0,00    0,00    0,00  100,00

18:38:11     CPU    %usr   %nice    %sys %iowait    %irq   %soft  %steal  %guest  %gnice   %idle
18:38:12     all   29,17    0,00    0,00    0,00    0,00    0,00    0,00    0,00    0,00   70,83
18:38:12       0  100,00    0,00    0,00    0,00    0,00    0,00    0,00    0,00    0,00    0,00
18:38:12       1  100,00    0,00    0,00    0,00    0,00    0,00    0,00    0,00    0,00    0,00
18:38:12       2  100,00    0,00    0,00    0,00    0,00    0,00    0,00    0,00    0,00    0,00
18:38:12       3  100,00    0,00    0,00    0,00    0,00    0,00    0,00    0,00    0,00    0,00
18:38:12       4  100,00    0,00    0,00    0,00    0,00    0,00    0,00    0,00    0,00    0,00
18:38:12       5  100,00    0,00    0,00    0,00    0,00    0,00    0,00    0,00    0,00    0,00
18:38:12       6  100,00    0,00    0,00    0,00    0,00    0,00    0,00    0,00    0,00    0,00
18:38:12       7    0,00    0,00    0,00    0,00    0,00    0,00    0,00    0,00    0,00  100,00
18:38:12       8    0,00    0,00    0,00    0,00    0,00    0,00    0,00    0,00    0,00  100,00
18:38:12       9    0,00    0,00    0,00    0,00    0,00    0,00    0,00    0,00    0,00  100,00
18:38:12      10    0,00    0,00    0,00    0,00    0,00    0,00    0,00    0,00    0,00  100,00
18:38:12      11    0,00    0,00    0,00    0,00    0,00    0,00    0,00    0,00    0,00  100,00
18:38:12      12    0,00    0,00    0,00    0,00    0,00    0,00    0,00    0,00    0,00  100,00
18:38:12      13    0,00    0,00    0,00    0,00    0,00    0,00    0,00    0,00    0,00  100,00
18:38:12      14    0,00    0,00    0,00    0,00    0,00    0,00    0,00    0,00    0,00  100,00
18:38:12      15    0,00    0,00    0,00    0,00    0,00    0,00    0,00    0,00    0,00  100,00
18:38:12      16    0,00    0,00    0,00    0,00    0,00    0,00    0,00    0,00    0,00  100,00
18:38:12      17    0,00    0,00    0,00    0,00    0,00    0,00    0,00    0,00    0,00  100,00
18:38:12      18    0,00    0,00    0,00    0,00    0,00    0,00    0,00    0,00    0,00  100,00
18:38:12      19    0,00    0,00    0,00    0,00    0,00    0,00    0,00    0,00    0,00  100,00
18:38:12      20    0,00    0,00    0,00    0,00    0,00    0,00    0,00    0,00    0,00  100,00
18:38:12      21    0,00    0,00    0,00    0,00    0,00    0,00    0,00    0,00    0,00  100,00
18:38:12      22    0,00    0,00    0,00    0,00    0,00    0,00    0,00    0,00    0,00  100,00
18:38:12      23    0,00    0,00    0,00    0,00    0,00    0,00    0,00    0,00    0,00  100,00

18:38:12     CPU    %usr   %nice    %sys %iowait    %irq   %soft  %steal  %guest  %gnice   %idle
18:38:13     all   29,60    0,00    0,42    0,00    0,00    0,00    0,00    0,00    0,00   69,99
18:38:13       0  100,00    0,00    0,00    0,00    0,00    0,00    0,00    0,00    0,00    0,00
18:38:13       1  100,00    0,00    0,00    0,00    0,00    0,00    0,00    0,00    0,00    0,00
18:38:13       2  100,00    0,00    0,00    0,00    0,00    0,00    0,00    0,00    0,00    0,00
18:38:13       3  100,00    0,00    0,00    0,00    0,00    0,00    0,00    0,00    0,00    0,00
18:38:13       4  100,00    0,00    0,00    0,00    0,00    0,00    0,00    0,00    0,00    0,00
18:38:13       5  100,00    0,00    0,00    0,00    0,00    0,00    0,00    0,00    0,00    0,00
18:38:13       6  100,00    0,00    0,00    0,00    0,00    0,00    0,00    0,00    0,00    0,00
18:38:13       7    0,00    0,00    0,00    0,00    0,00    0,00    0,00    0,00    0,00  100,00
18:38:13       8    0,00    0,00    0,00    0,00    0,00    0,00    0,00    0,00    0,00  100,00
18:38:13       9    0,00    0,00    0,00    0,00    0,00    0,00    0,00    0,00    0,00  100,00
18:38:13      10   10,00    0,00    9,00    0,00    0,00    0,00    0,00    0,00    0,00   81,00
18:38:13      11    0,00    0,00    0,00    0,00    0,00    0,00    0,00    0,00    0,00  100,00
18:38:13      12    0,00    0,00    0,00    0,00    0,00    0,00    0,00    0,00    0,00  100,00
18:38:13      13    0,00    0,00    0,00    0,00    0,00    0,00    0,00    0,00    0,00  100,00
18:38:13      14    0,00    0,00    0,00    0,00    0,00    0,00    0,00    0,00    0,00  100,00
18:38:13      15    0,00    0,00    0,00    0,00    0,00    0,00    0,00    0,00    0,00  100,00
18:38:13      16    0,00    0,00    0,00    0,00    0,00    0,00    0,00    0,00    0,00  100,00
18:38:13      17    0,00    0,00    0,00    0,00    0,00    0,00    0,00    0,00    0,00  100,00
18:38:13      18    0,00    0,00    0,00    0,00    0,00    0,00    0,00    0,00    0,00  100,00
18:38:13      19    0,00    0,00    0,00    0,00    0,00    0,00    0,00    0,00    0,00  100,00
18:38:13      20    0,00    0,00    0,00    0,00    0,00    0,00    0,00    0,00    0,00  100,00
18:38:13      21    0,00    0,00    0,00    0,00    0,00    0,00    0,00    0,00    0,00  100,00
18:38:13      22    0,00    0,00    0,99    0,00    0,00    0,00    0,00    0,00    0,00   99,01
18:38:13      23    0,00    0,00    0,00    0,00    0,00    0,00    0,00    0,00    0,00  100,00

18:38:13     CPU    %usr   %nice    %sys %iowait    %irq   %soft  %steal  %guest  %gnice   %idle
18:38:14     all   29,15    0,00    0,00    0,04    0,00    0,00    0,00    0,00    0,00   70,80
18:38:14       0  100,00    0,00    0,00    0,00    0,00    0,00    0,00    0,00    0,00    0,00
18:38:14       1  100,00    0,00    0,00    0,00    0,00    0,00    0,00    0,00    0,00    0,00
18:38:14       2  100,00    0,00    0,00    0,00    0,00    0,00    0,00    0,00    0,00    0,00
18:38:14       3  100,00    0,00    0,00    0,00    0,00    0,00    0,00    0,00    0,00    0,00
18:38:14       4  100,00    0,00    0,00    0,00    0,00    0,00    0,00    0,00    0,00    0,00
18:38:14       5  100,00    0,00    0,00    0,00    0,00    0,00    0,00    0,00    0,00    0,00
18:38:14       6  100,00    0,00    0,00    0,00    0,00    0,00    0,00    0,00    0,00    0,00
18:38:14       7    0,00    0,00    0,00    0,00    0,00    0,00    0,00    0,00    0,00  100,00
18:38:14       8    0,00    0,00    0,00    0,00    0,00    0,00    0,00    0,00    0,00  100,00
18:38:14       9    0,00    0,00    0,00    0,00    0,00    0,00    0,00    0,00    0,00  100,00
18:38:14      10    0,00    0,00    0,00    0,00    0,00    0,00    0,00    0,00    0,00  100,00
18:38:14      11    0,00    0,00    0,00    0,00    0,00    0,00    0,00    0,00    0,00  100,00
18:38:14      12    0,00    0,00    0,00    0,00    0,00    0,00    0,00    0,00    0,00  100,00
18:38:14      13    0,00    0,00    0,00    0,00    0,00    0,00    0,00    0,00    0,00  100,00
18:38:14      14    0,00    0,00    0,00    0,00    0,00    0,00    0,00    0,00    0,00  100,00
18:38:14      15    0,00    0,00    0,00    0,00    0,00    0,00    0,00    0,00    0,00  100,00
18:38:14      16    0,00    0,00    0,00    0,00    0,00    0,00    0,00    0,00    0,00  100,00
18:38:14      17    0,00    0,00    0,00    0,00    0,00    0,00    0,00    0,00    0,00  100,00
18:38:14      18    0,00    0,00    0,00    0,99    0,00    0,00    0,00    0,00    0,00   99,01
18:38:14      19    0,00    0,00    0,00    0,00    0,00    0,00    0,00    0,00    0,00  100,00
18:38:14      20    0,00    0,00    0,00    0,00    0,00    0,00    0,00    0,00    0,00  100,00
18:38:14      21    0,00    0,00    0,00    0,00    0,00    0,00    0,00    0,00    0,00  100,00
18:38:14      22    0,00    0,00    0,00    0,00    0,00    0,00    0,00    0,00    0,00  100,00
18:38:14      23    0,00    0,00    0,00    0,00    0,00    0,00    0,00    0,00    0,00  100,00

18:38:14     CPU    %usr   %nice    %sys %iowait    %irq   %soft  %steal  %guest  %gnice   %idle
18:38:15     all   29,17    0,00    0,00    0,04    0,00    0,00    0,00    0,00    0,00   70,79
18:38:15       0  100,00    0,00    0,00    0,00    0,00    0,00    0,00    0,00    0,00    0,00
18:38:15       1  100,00    0,00    0,00    0,00    0,00    0,00    0,00    0,00    0,00    0,00
18:38:15       2  100,00    0,00    0,00    0,00    0,00    0,00    0,00    0,00    0,00    0,00
18:38:15       3  100,00    0,00    0,00    0,00    0,00    0,00    0,00    0,00    0,00    0,00
18:38:15       4  100,00    0,00    0,00    0,00    0,00    0,00    0,00    0,00    0,00    0,00
18:38:15       5  100,00    0,00    0,00    0,00    0,00    0,00    0,00    0,00    0,00    0,00
18:38:15       6  100,00    0,00    0,00    0,00    0,00    0,00    0,00    0,00    0,00    0,00
18:38:15       7    0,00    0,00    0,00    0,00    0,00    0,00    0,00    0,00    0,00  100,00
18:38:15       8    0,00    0,00    0,00    0,00    0,00    0,00    0,00    0,00    0,00  100,00
18:38:15       9    0,00    0,00    0,00    0,00    0,00    0,00    0,00    0,00    0,00  100,00
18:38:15      10    0,00    0,00    0,00    0,00    0,00    0,00    0,00    0,00    0,00  100,00
18:38:15      11    0,00    0,00    0,00    0,00    0,00    0,00    0,00    0,00    0,00  100,00
18:38:15      12    0,00    0,00    0,00    0,00    0,00    0,00    0,00    0,00    0,00  100,00
18:38:15      13    0,00    0,00    0,00    0,00    0,00    0,00    0,00    0,00    0,00  100,00
18:38:15      14    0,00    0,00    0,00    0,00    0,00    0,00    0,00    0,00    0,00  100,00
18:38:15      15    0,00    0,00    0,00    0,00    0,00    0,00    0,00    0,00    0,00  100,00
18:38:15      16    0,00    0,00    0,00    0,00    0,00    0,00    0,00    0,00    0,00  100,00
18:38:15      17    0,00    0,00    0,00    0,00    0,00    0,00    0,00    0,00    0,00  100,00
18:38:15      18    0,00    0,00    0,00    1,00    0,00    0,00    0,00    0,00    0,00   99,00
18:38:15      19    0,00    0,00    0,00    0,00    0,00    0,00    0,00    0,00    0,00  100,00
18:38:15      20    0,00    0,00    0,00    0,00    0,00    0,00    0,00    0,00    0,00  100,00
18:38:15      21    0,00    0,00    0,00    0,00    0,00    0,00    0,00    0,00    0,00  100,00
18:38:15      22    0,00    0,00    0,00    0,00    0,00    0,00    0,00    0,00    0,00  100,00
18:38:15      23    0,00    0,00    0,00    0,00    0,00    0,00    0,00    0,00    0,00  100,00

18:38:15     CPU    %usr   %nice    %sys %iowait    %irq   %soft  %steal  %guest  %gnice   %idle
18:38:16     all   29,17    0,00    0,04    0,04    0,00    0,00    0,00    0,00    0,00   70,75
18:38:16       0  100,00    0,00    0,00    0,00    0,00    0,00    0,00    0,00    0,00    0,00
18:38:16       1  100,00    0,00    0,00    0,00    0,00    0,00    0,00    0,00    0,00    0,00
18:38:16       2  100,00    0,00    0,00    0,00    0,00    0,00    0,00    0,00    0,00    0,00
18:38:16       3  100,00    0,00    0,00    0,00    0,00    0,00    0,00    0,00    0,00    0,00
18:38:16       4  100,00    0,00    0,00    0,00    0,00    0,00    0,00    0,00    0,00    0,00
18:38:16       5  100,00    0,00    0,00    0,00    0,00    0,00    0,00    0,00    0,00    0,00
18:38:16       6  100,00    0,00    0,00    0,00    0,00    0,00    0,00    0,00    0,00    0,00
18:38:16       7    0,00    0,00    0,00    0,00    0,00    0,00    0,00    0,00    0,00  100,00
18:38:16       8    0,00    0,00    0,00    0,00    0,00    0,00    0,00    0,00    0,00  100,00
18:38:16       9    0,00    0,00    0,00    0,00    0,00    0,00    0,00    0,00    0,00  100,00
18:38:16      10    0,00    0,00    0,00    0,00    0,00    0,00    0,00    0,00    0,00  100,00
18:38:16      11    0,00    0,00    0,00    0,00    0,00    0,00    0,00    0,00    0,00  100,00
18:38:16      12    0,00    0,00    0,00    0,00    0,00    0,00    0,00    0,00    0,00  100,00
18:38:16      13    0,00    0,00    0,00    0,00    0,00    0,00    0,00    0,00    0,00  100,00
18:38:16      14    0,00    0,00    0,00    0,00    0,00    0,00    0,00    0,00    0,00  100,00
18:38:16      15    0,00    0,00    0,00    0,00    0,00    0,00    0,00    0,00    0,00  100,00
18:38:16      16    0,00    0,00    0,00    0,00    0,00    0,00    0,00    0,00    0,00  100,00
18:38:16      17    0,00    0,00    0,00    0,00    0,00    0,00    0,00    0,00    0,00  100,00
18:38:16      18    0,00    0,00    0,00    0,00    0,00    0,00    0,00    0,00    0,00  100,00
18:38:16      19    0,00    0,00    0,99    0,00    0,00    0,00    0,00    0,00    0,00   99,01
18:38:16      20    0,00    0,00    0,00    0,00    0,00    0,00    0,00    0,00    0,00  100,00
18:38:16      21    0,00    0,00    0,00    0,00    0,00    0,00    0,00    0,00    0,00  100,00
18:38:16      22    0,00    0,00    0,00    1,01    0,00    0,00    0,00    0,00    0,00   98,99
18:38:16      23    0,00    0,00    0,00    0,00    0,00    0,00    0,00    0,00    0,00  100,00

18:38:16     CPU    %usr   %nice    %sys %iowait    %irq   %soft  %steal  %guest  %gnice   %idle
18:38:17     all   29,14    0,00    0,00    0,00    0,00    0,00    0,00    0,00    0,00   70,86
18:38:17       0  100,00    0,00    0,00    0,00    0,00    0,00    0,00    0,00    0,00    0,00
18:38:17       1  100,00    0,00    0,00    0,00    0,00    0,00    0,00    0,00    0,00    0,00
18:38:17       2  100,00    0,00    0,00    0,00    0,00    0,00    0,00    0,00    0,00    0,00
18:38:17       3  100,00    0,00    0,00    0,00    0,00    0,00    0,00    0,00    0,00    0,00
18:38:17       4  100,00    0,00    0,00    0,00    0,00    0,00    0,00    0,00    0,00    0,00
18:38:17       5  100,00    0,00    0,00    0,00    0,00    0,00    0,00    0,00    0,00    0,00
18:38:17       6  100,00    0,00    0,00    0,00    0,00    0,00    0,00    0,00    0,00    0,00
18:38:17       7    0,00    0,00    0,00    0,00    0,00    0,00    0,00    0,00    0,00  100,00
18:38:17       8    0,00    0,00    0,00    0,00    0,00    0,00    0,00    0,00    0,00  100,00
18:38:17       9    0,00    0,00    0,00    0,00    0,00    0,00    0,00    0,00    0,00  100,00
18:38:17      10    0,00    0,00    0,00    0,00    0,00    0,00    0,00    0,00    0,00  100,00
18:38:17      11    0,00    0,00    0,00    0,00    0,00    0,00    0,00    0,00    0,00  100,00
18:38:17      12    0,00    0,00    0,00    0,00    0,00    0,00    0,00    0,00    0,00  100,00
18:38:17      13    0,00    0,00    0,00    0,00    0,00    0,00    0,00    0,00    0,00  100,00
18:38:17      14    0,00    0,00    0,00    0,00    0,00    0,00    0,00    0,00    0,00  100,00
18:38:17      15    0,00    0,00    0,00    0,00    0,00    0,00    0,00    0,00    0,00  100,00
18:38:17      16    0,00    0,00    0,00    0,00    0,00    0,00    0,00    0,00    0,00  100,00
18:38:17      17    0,00    0,00    0,00    0,00    0,00    0,00    0,00    0,00    0,00  100,00
18:38:17      18    0,00    0,00    0,00    0,00    0,00    0,00    0,00    0,00    0,00  100,00
18:38:17      19    0,00    0,00    0,00    0,00    0,00    0,00    0,00    0,00    0,00  100,00
18:38:17      20    0,00    0,00    0,00    0,00    0,00    0,00    0,00    0,00    0,00  100,00
18:38:17      21    0,00    0,00    0,00    0,00    0,00    0,00    0,00    0,00    0,00  100,00
18:38:17      22    0,00    0,00    0,00    0,00    0,00    0,00    0,00    0,00    0,00  100,00
18:38:17      23    0,00    0,00    0,00    0,00    0,00    0,00    0,00    0,00    0,00  100,00
