Linux 6.8.0-111-generic (testbed-node6) 	12/05/26 	_x86_64_	(24 CPU)

17:21:21     CPU    %usr   %nice    %sys %iowait    %irq   %soft  %steal  %guest  %gnice   %idle
17:21:22     all    0,58    0,00    0,29    0,00    0,00    0,00    0,00    0,00    0,00   99,13
17:21:22       0    0,00    0,00    0,00    0,00    0,00    0,00    0,00    0,00    0,00  100,00
17:21:22       1    0,00    0,00    0,00    0,00    0,00    0,00    0,00    0,00    0,00  100,00
17:21:22       2    0,00    0,00    0,00    0,00    0,00    0,00    0,00    0,00    0,00  100,00
17:21:22       3    0,00    0,00    0,00    0,00    0,00    0,00    0,00    0,00    0,00  100,00
17:21:22       4    0,00    0,00    0,00    0,00    0,00    0,00    0,00    0,00    0,00  100,00
17:21:22       5    0,00    0,00    0,00    0,00    0,00    0,00    0,00    0,00    0,00  100,00
17:21:22       6    0,00    0,00    0,00    0,00    0,00    0,00    0,00    0,00    0,00  100,00
17:21:22       7    0,00    0,00    0,00    0,00    0,00    0,00    0,00    0,00    0,00  100,00
17:21:22       8    6,86    0,00    1,96    0,00    0,00    0,00    0,00    0,00    0,00   91,18
17:21:22       9    0,00    0,00    0,00    0,00    0,00    0,00    0,00    0,00    0,00  100,00
17:21:22      10    1,00    0,00    0,00    0,00    0,00    0,00    0,00    0,00    0,00   99,00
17:21:22      11    0,00    0,00    0,00    0,00    0,00    0,00    0,00    0,00    0,00  100,00
17:21:22      12    1,98    0,00    0,99    0,00    0,00    0,00    0,00    0,00    0,00   97,03
17:21:22      13    0,00    0,00    0,00    0,00    0,00    0,00    0,00    0,00    0,00  100,00
17:21:22      14    0,00    0,00    0,00    0,00    0,00    0,00    0,00    0,00    0,00  100,00
17:21:22      15    0,00    0,00    0,00    0,00    0,00    0,00    0,00    0,00    0,00  100,00
17:21:22      16    0,00    0,00    1,00    0,00    0,00    0,00    0,00    0,00    0,00   99,00
17:21:22      17    0,99    0,00    0,99    0,00    0,00    0,00    0,00    0,00    0,00   98,02
17:21:22      18    0,00    0,00    0,00    0,00    0,00    0,00    0,00    0,00    0,00  100,00
17:21:22      19    1,00    0,00    0,00    0,00    0,00    0,00    0,00    0,00    0,00   99,00
17:21:22      20    0,00    0,00    1,00    0,00    0,00    0,00    0,00    0,00    0,00   99,00
17:21:22      21    0,00    0,00    0,00    0,00    0,00    0,00    0,00    0,00    0,00  100,00
17:21:22      22    2,00    0,00    1,00    0,00    0,00    0,00    0,00    0,00    0,00   97,00
17:21:22      23    0,00    0,00    0,00    0,00    0,00    0,00    0,00    0,00    0,00  100,00

17:21:22     CPU    %usr   %nice    %sys %iowait    %irq   %soft  %steal  %guest  %gnice   %idle
17:21:23     all    0,50    0,00    0,17    0,00    0,00    0,00    0,00    0,00    0,00   99,33
17:21:23       0    0,00    0,00    0,99    0,00    0,00    0,00    0,00    0,00    0,00   99,01
17:21:23       1    0,00    0,00    0,00    0,00    0,00    0,00    0,00    0,00    0,00  100,00
17:21:23       2    1,00    0,00    0,00    0,00    0,00    0,00    0,00    0,00    0,00   99,00
17:21:23       3    0,00    0,00    0,00    0,00    0,00    0,00    0,00    0,00    0,00  100,00
17:21:23       4    0,00    0,00    0,00    0,00    0,00    0,00    0,00    0,00    0,00  100,00
17:21:23       5    0,00    0,00    0,00    0,00    0,00    0,00    0,00    0,00    0,00  100,00
17:21:23       6    1,00    0,00    0,00    0,00    0,00    0,00    0,00    0,00    0,00   99,00
17:21:23       7    0,00    0,00    0,00    0,00    0,00    0,00    0,00    0,00    0,00  100,00
17:21:23       8    7,07    0,00    0,00    0,00    0,00    0,00    0,00    0,00    0,00   92,93
17:21:23       9    0,00    0,00    0,00    0,00    0,00    0,00    0,00    0,00    0,00  100,00
17:21:23      10    0,99    0,00    0,99    0,00    0,00    0,00    0,00    0,00    0,00   98,02
17:21:23      11    0,00    0,00    0,00    0,00    0,00    0,00    0,00    0,00    0,00  100,00
17:21:23      12    0,00    0,00    0,00    0,00    0,00    0,00    0,00    0,00    0,00  100,00
17:21:23      13    0,00    0,00    0,00    0,00    0,00    0,00    0,00    0,00    0,00  100,00
17:21:23      14    0,00    0,00    0,00    0,00    0,00    0,00    0,00    0,00    0,00  100,00
17:21:23      15    0,00    0,00    0,00    0,00    0,00    0,00    0,00    0,00    0,00  100,00
17:21:23      16    0,00    0,00    0,00    0,00    0,00    0,00    0,00    0,00    0,00  100,00
17:21:23      17    0,00    0,00    0,00    0,00    0,00    0,00    0,00    0,00    0,00  100,00
17:21:23      18    0,99    0,00    0,99    0,00    0,00    0,00    0,00    0,00    0,00   98,02
17:21:23      19    0,00    0,00    0,99    0,00    0,00    0,00    0,00    0,00    0,00   99,01
17:21:23      20    0,00    0,00    0,00    0,00    0,00    0,00    0,00    0,00    0,00  100,00
17:21:23      21    0,00    0,00    0,00    0,00    0,00    0,00    0,00    0,00    0,00  100,00
17:21:23      22    0,00    0,00    0,00    0,00    0,00    0,00    0,00    0,00    0,00  100,00
17:21:23      23    1,01    0,00    0,00    0,00    0,00    0,00    0,00    0,00    0,00   98,99

17:21:23     CPU    %usr   %nice    %sys %iowait    %irq   %soft  %steal  %guest  %gnice   %idle
17:21:24     all    0,33    0,00    0,08    0,12    0,00    0,00    0,00    0,00    0,00   99,46
17:21:24       0    0,00    0,00    0,00    0,00    0,00    0,00    0,00    0,00    0,00  100,00
17:21:24       1    0,00    0,00    0,00    2,00    0,00    0,00    0,00    0,00    0,00   98,00
17:21:24       2    0,00    0,00    0,00    0,00    0,00    0,00    0,00    0,00    0,00  100,00
17:21:24       3    0,00    0,00    0,00    0,00    0,00    0,00    0,00    0,00    0,00  100,00
17:21:24       4    1,00    0,00    0,00    0,00    0,00    0,00    0,00    0,00    0,00   99,00
17:21:24       5    0,00    0,00    0,00    0,00    0,00    0,00    0,00    0,00    0,00  100,00
17:21:24       6    0,00    0,00    0,00    0,00    0,00    0,00    0,00    0,00    0,00  100,00
17:21:24       7    0,00    0,00    0,00    0,00    0,00    0,00    0,00    0,00    0,00  100,00
17:21:24       8    0,00    0,00    0,00    0,00    0,00    0,00    0,00    0,00    0,00  100,00
17:21:24       9    0,00    0,00    0,00    0,00    0,00    0,00    0,00    0,00    0,00  100,00
17:21:24      10    2,00    0,00    0,00    0,00    0,00    0,00    0,00    0,00    0,00   98,00
17:21:24      11    0,00    0,00    0,00    0,00    0,00    0,00    0,00    0,00    0,00  100,00
17:21:24      12    1,00    0,00    0,00    0,00    0,00    0,00    0,00    0,00    0,00   99,00
17:21:24      13    0,00    0,00    0,00    0,00    0,00    0,00    0,00    0,00    0,00  100,00
17:21:24      14    0,00    0,00    0,00    0,00    0,00    0,00    0,00    0,00    0,00  100,00
17:21:24      15    0,00    0,00    0,00    0,00    0,00    0,00    0,00    0,00    0,00  100,00
17:21:24      16    0,99    0,00    0,00    0,99    0,00    0,00    0,00    0,00    0,00   98,02
17:21:24      17    2,00    0,00    0,00    0,00    0,00    0,00    0,00    0,00    0,00   98,00
17:21:24      18    0,99    0,00    0,99    0,00    0,00    0,00    0,00    0,00    0,00   98,02
17:21:24      19    0,00    0,00    0,00    0,00    0,00    0,00    0,00    0,00    0,00  100,00
17:21:24      20    0,00    0,00    0,00    0,00    0,00    0,00    0,00    0,00    0,00  100,00
17:21:24      21    0,00    0,00    0,00    0,00    0,00    0,00    0,00    0,00    0,00  100,00
17:21:24      22    0,00    0,00    0,99    0,00    0,00    0,00    0,00    0,00    0,00   99,01
17:21:24      23    0,00    0,00    0,00    0,00    0,00    0,00    0,00    0,00    0,00  100,00

17:21:24     CPU    %usr   %nice    %sys %iowait    %irq   %soft  %steal  %guest  %gnice   %idle
17:21:25     all    2,17    0,00    1,12    0,04    0,00    0,00    0,00    0,00    0,00   96,67
17:21:25       0    0,00    0,00    0,00    0,00    0,00    0,00    0,00    0,00    0,00  100,00
17:21:25       1    0,00    0,00    0,00    1,00    0,00    0,00    0,00    0,00    0,00   99,00
17:21:25       2    1,98    0,00    0,99    0,00    0,00    0,00    0,00    0,00    0,00   97,03
17:21:25       3    0,00    0,00    0,00    0,00    0,00    0,00    0,00    0,00    0,00  100,00
17:21:25       4    3,00    0,00    2,00    0,00    0,00    0,00    0,00    0,00    0,00   95,00
17:21:25       5    0,00    0,00    0,00    0,00    0,00    0,00    0,00    0,00    0,00  100,00
17:21:25       6    8,08    0,00    3,03    0,00    0,00    0,00    0,00    0,00    0,00   88,89
17:21:25       7    0,00    0,00    0,00    0,00    0,00    0,00    0,00    0,00    0,00  100,00
17:21:25       8    1,01    0,00    0,00    0,00    0,00    0,00    0,00    0,00    0,00   98,99
17:21:25       9    0,00    0,00    0,00    0,00    0,00    0,00    0,00    0,00    0,00  100,00
17:21:25      10   13,13    0,00    2,02    0,00    0,00    0,00    0,00    0,00    0,00   84,85
17:21:25      11    0,00    0,00    0,00    0,00    0,00    0,00    0,00    0,00    0,00  100,00
17:21:25      12    2,00    0,00    1,00    0,00    0,00    0,00    0,00    0,00    0,00   97,00
17:21:25      13    0,00    0,00    0,00    0,00    0,00    0,00    0,00    0,00    0,00  100,00
17:21:25      14    0,00    0,00    0,00    0,00    0,00    0,00    0,00    0,00    0,00  100,00
17:21:25      15    0,00    0,00    0,00    0,00    0,00    0,00    0,00    0,00    0,00  100,00
17:21:25      16    4,00    0,00    3,00    0,00    0,00    0,00    0,00    0,00    0,00   93,00
17:21:25      17    4,00    0,00    2,00    0,00    0,00    0,00    0,00    0,00    0,00   94,00
17:21:25      18    5,00    0,00    1,00    0,00    0,00    0,00    0,00    0,00    0,00   94,00
17:21:25      19    2,00    0,00    1,00    0,00    0,00    0,00    0,00    0,00    0,00   97,00
17:21:25      20    2,97    0,00    1,98    0,00    0,00    0,00    0,00    0,00    0,00   95,05
17:21:25      21    0,99    0,00    1,98    0,00    0,00    0,00    0,00    0,00    0,00   97,03
17:21:25      22    2,00    0,00    3,00    0,00    0,00    0,00    0,00    0,00    0,00   95,00
17:21:25      23    1,96    0,00    3,92    0,00    0,00    0,00    0,00    0,00    0,00   94,12
