Linux 6.8.0-110-generic (testbed-node1) 	13/05/26 	_x86_64_	(24 CPU)

21:55:10     CPU    %usr   %nice    %sys %iowait    %irq   %soft  %steal  %guest  %gnice   %idle
21:55:11     all   60,61    0,00    0,75    0,00    0,00    0,00    0,00    0,00    0,00   38,64
21:55:11       0  100,00    0,00    0,00    0,00    0,00    0,00    0,00    0,00    0,00    0,00
21:55:11       1  100,00    0,00    0,00    0,00    0,00    0,00    0,00    0,00    0,00    0,00
21:55:11       2  100,00    0,00    0,00    0,00    0,00    0,00    0,00    0,00    0,00    0,00
21:55:11       3  100,00    0,00    0,00    0,00    0,00    0,00    0,00    0,00    0,00    0,00
21:55:11       4  100,00    0,00    0,00    0,00    0,00    0,00    0,00    0,00    0,00    0,00
21:55:11       5  100,00    0,00    0,00    0,00    0,00    0,00    0,00    0,00    0,00    0,00
21:55:11       6  100,00    0,00    0,00    0,00    0,00    0,00    0,00    0,00    0,00    0,00
21:55:11       7  100,00    0,00    0,00    0,00    0,00    0,00    0,00    0,00    0,00    0,00
21:55:11       8  100,00    0,00    0,00    0,00    0,00    0,00    0,00    0,00    0,00    0,00
21:55:11       9  100,00    0,00    0,00    0,00    0,00    0,00    0,00    0,00    0,00    0,00
21:55:11      10  100,00    0,00    0,00    0,00    0,00    0,00    0,00    0,00    0,00    0,00
21:55:11      11  100,00    0,00    0,00    0,00    0,00    0,00    0,00    0,00    0,00    0,00
21:55:11      12  100,00    0,00    0,00    0,00    0,00    0,00    0,00    0,00    0,00    0,00
21:55:11      13    0,00    0,00    1,00    0,00    0,00    0,00    0,00    0,00    0,00   99,00
21:55:11      14  100,00    0,00    0,00    0,00    0,00    0,00    0,00    0,00    0,00    0,00
21:55:11      15    0,00    0,00    0,00    0,00    0,00    0,00    0,00    0,00    0,00  100,00
21:55:11      16    8,08    0,00    0,00    0,00    0,00    0,00    0,00    0,00    0,00   91,92
21:55:11      17    7,00    0,00    1,00    0,00    0,00    0,00    0,00    0,00    0,00   92,00
21:55:11      18    7,00    0,00    1,00    0,00    0,00    0,00    0,00    0,00    0,00   92,00
21:55:11      19    8,16    0,00    0,00    0,00    0,00    0,00    0,00    0,00    0,00   91,84
21:55:11      20    4,04    0,00    8,08    0,00    0,00    0,00    0,00    0,00    0,00   87,88
21:55:11      21    2,00    0,00    3,00    0,00    0,00    0,00    0,00    0,00    0,00   95,00
21:55:11      22    3,03    0,00    2,02    0,00    0,00    0,00    0,00    0,00    0,00   94,95
21:55:11      23   12,12    0,00    2,02    0,00    0,00    0,00    0,00    0,00    0,00   85,86

21:55:11     CPU    %usr   %nice    %sys %iowait    %irq   %soft  %steal  %guest  %gnice   %idle
21:55:12     all   59,93    0,00    0,17    0,00    0,00    0,00    0,00    0,00    0,00   39,90
21:55:12       0  100,00    0,00    0,00    0,00    0,00    0,00    0,00    0,00    0,00    0,00
21:55:12       1  100,00    0,00    0,00    0,00    0,00    0,00    0,00    0,00    0,00    0,00
21:55:12       2  100,00    0,00    0,00    0,00    0,00    0,00    0,00    0,00    0,00    0,00
21:55:12       3  100,00    0,00    0,00    0,00    0,00    0,00    0,00    0,00    0,00    0,00
21:55:12       4  100,00    0,00    0,00    0,00    0,00    0,00    0,00    0,00    0,00    0,00
21:55:12       5  100,00    0,00    0,00    0,00    0,00    0,00    0,00    0,00    0,00    0,00
21:55:12       6  100,00    0,00    0,00    0,00    0,00    0,00    0,00    0,00    0,00    0,00
21:55:12       7  100,00    0,00    0,00    0,00    0,00    0,00    0,00    0,00    0,00    0,00
21:55:12       8  100,00    0,00    0,00    0,00    0,00    0,00    0,00    0,00    0,00    0,00
21:55:12       9  100,00    0,00    0,00    0,00    0,00    0,00    0,00    0,00    0,00    0,00
21:55:12      10  100,00    0,00    0,00    0,00    0,00    0,00    0,00    0,00    0,00    0,00
21:55:12      11  100,00    0,00    0,00    0,00    0,00    0,00    0,00    0,00    0,00    0,00
21:55:12      12  100,00    0,00    0,00    0,00    0,00    0,00    0,00    0,00    0,00    0,00
21:55:12      13    0,00    0,00    0,00    0,00    0,00    0,00    0,00    0,00    0,00  100,00
21:55:12      14  100,00    0,00    0,00    0,00    0,00    0,00    0,00    0,00    0,00    0,00
21:55:12      15    0,00    0,00    0,00    0,00    0,00    0,00    0,00    0,00    0,00  100,00
21:55:12      16    7,00    0,00    1,00    0,00    0,00    0,00    0,00    0,00    0,00   92,00
21:55:12      17    7,07    0,00    0,00    0,00    0,00    0,00    0,00    0,00    0,00   92,93
21:55:12      18    7,07    0,00    0,00    0,00    0,00    0,00    0,00    0,00    0,00   92,93
21:55:12      19    7,00    0,00    0,00    0,00    0,00    0,00    0,00    0,00    0,00   93,00
21:55:12      20    1,00    0,00    0,00    0,00    0,00    0,00    0,00    0,00    0,00   99,00
21:55:12      21    0,00    0,00    1,01    0,00    0,00    0,00    0,00    0,00    0,00   98,99
21:55:12      22    7,07    0,00    1,01    0,00    0,00    0,00    0,00    0,00    0,00   91,92
21:55:12      23    0,00    0,00    1,00    0,00    0,00    0,00    0,00    0,00    0,00   99,00

21:55:12     CPU    %usr   %nice    %sys %iowait    %irq   %soft  %steal  %guest  %gnice   %idle
21:55:13     all   59,04    0,00    0,25    0,17    0,00    0,00    0,00    0,00    0,00   40,54
21:55:13       0  100,00    0,00    0,00    0,00    0,00    0,00    0,00    0,00    0,00    0,00
21:55:13       1  100,00    0,00    0,00    0,00    0,00    0,00    0,00    0,00    0,00    0,00
21:55:13       2  100,00    0,00    0,00    0,00    0,00    0,00    0,00    0,00    0,00    0,00
21:55:13       3  100,00    0,00    0,00    0,00    0,00    0,00    0,00    0,00    0,00    0,00
21:55:13       4  100,00    0,00    0,00    0,00    0,00    0,00    0,00    0,00    0,00    0,00
21:55:13       5  100,00    0,00    0,00    0,00    0,00    0,00    0,00    0,00    0,00    0,00
21:55:13       6  100,00    0,00    0,00    0,00    0,00    0,00    0,00    0,00    0,00    0,00
21:55:13       7  100,00    0,00    0,00    0,00    0,00    0,00    0,00    0,00    0,00    0,00
21:55:13       8  100,00    0,00    0,00    0,00    0,00    0,00    0,00    0,00    0,00    0,00
21:55:13       9  100,00    0,00    0,00    0,00    0,00    0,00    0,00    0,00    0,00    0,00
21:55:13      10  100,00    0,00    0,00    0,00    0,00    0,00    0,00    0,00    0,00    0,00
21:55:13      11  100,00    0,00    0,00    0,00    0,00    0,00    0,00    0,00    0,00    0,00
21:55:13      12  100,00    0,00    0,00    0,00    0,00    0,00    0,00    0,00    0,00    0,00
21:55:13      13    0,00    0,00    0,00    0,00    0,00    0,00    0,00    0,00    0,00  100,00
21:55:13      14  100,00    0,00    0,00    0,00    0,00    0,00    0,00    0,00    0,00    0,00
21:55:13      15    0,00    0,00    0,00    0,00    0,00    0,00    0,00    0,00    0,00  100,00
21:55:13      16    2,00    0,00    1,00    0,00    0,00    0,00    0,00    0,00    0,00   97,00
21:55:13      17    0,00    0,00    1,00    0,00    0,00    0,00    0,00    0,00    0,00   99,00
21:55:13      18   12,00    0,00    2,00    0,00    0,00    0,00    0,00    0,00    0,00   86,00
21:55:13      19    1,00    0,00    0,00    0,00    0,00    0,00    0,00    0,00    0,00   99,00
21:55:13      20    0,00    0,00    1,00    1,00    0,00    0,00    0,00    0,00    0,00   98,00
21:55:13      21    1,00    0,00    0,00    1,00    0,00    0,00    0,00    0,00    0,00   98,00
21:55:13      22    0,98    0,00    0,98    1,96    0,00    0,00    0,00    0,00    0,00   96,08
21:55:13      23    0,00    0,00    0,00    0,00    0,00    0,00    0,00    0,00    0,00  100,00

21:55:13     CPU    %usr   %nice    %sys %iowait    %irq   %soft  %steal  %guest  %gnice   %idle
21:55:14     all   60,75    0,00    0,21    0,00    0,00    0,00    0,00    0,00    0,00   39,04
21:55:14       0  100,00    0,00    0,00    0,00    0,00    0,00    0,00    0,00    0,00    0,00
21:55:14       1  100,00    0,00    0,00    0,00    0,00    0,00    0,00    0,00    0,00    0,00
21:55:14       2  100,00    0,00    0,00    0,00    0,00    0,00    0,00    0,00    0,00    0,00
21:55:14       3  100,00    0,00    0,00    0,00    0,00    0,00    0,00    0,00    0,00    0,00
21:55:14       4  100,00    0,00    0,00    0,00    0,00    0,00    0,00    0,00    0,00    0,00
21:55:14       5  100,00    0,00    0,00    0,00    0,00    0,00    0,00    0,00    0,00    0,00
21:55:14       6  100,00    0,00    0,00    0,00    0,00    0,00    0,00    0,00    0,00    0,00
21:55:14       7  100,00    0,00    0,00    0,00    0,00    0,00    0,00    0,00    0,00    0,00
21:55:14       8  100,00    0,00    0,00    0,00    0,00    0,00    0,00    0,00    0,00    0,00
21:55:14       9  100,00    0,00    0,00    0,00    0,00    0,00    0,00    0,00    0,00    0,00
21:55:14      10  100,00    0,00    0,00    0,00    0,00    0,00    0,00    0,00    0,00    0,00
21:55:14      11  100,00    0,00    0,00    0,00    0,00    0,00    0,00    0,00    0,00    0,00
21:55:14      12  100,00    0,00    0,00    0,00    0,00    0,00    0,00    0,00    0,00    0,00
21:55:14      13    0,00    0,00    0,00    0,00    0,00    0,00    0,00    0,00    0,00  100,00
21:55:14      14  100,00    0,00    0,00    0,00    0,00    0,00    0,00    0,00    0,00    0,00
21:55:14      15    0,00    0,00    1,00    0,00    0,00    0,00    0,00    0,00    0,00   99,00
21:55:14      16    3,00    0,00    0,00    0,00    0,00    0,00    0,00    0,00    0,00   97,00
21:55:14      17   11,00    0,00    0,00    0,00    0,00    0,00    0,00    0,00    0,00   89,00
21:55:14      18    0,00    0,00    0,00    0,00    0,00    0,00    0,00    0,00    0,00  100,00
21:55:14      19    0,00    0,00    0,99    0,00    0,00    0,00    0,00    0,00    0,00   99,01
21:55:14      20   11,00    0,00    1,00    0,00    0,00    0,00    0,00    0,00    0,00   88,00
21:55:14      21    9,00    0,00    1,00    0,00    0,00    0,00    0,00    0,00    0,00   90,00
21:55:14      22   13,13    0,00    0,00    0,00    0,00    0,00    0,00    0,00    0,00   86,87
21:55:14      23   11,00    0,00    1,00    0,00    0,00    0,00    0,00    0,00    0,00   88,00

21:55:14     CPU    %usr   %nice    %sys %iowait    %irq   %soft  %steal  %guest  %gnice   %idle
21:55:15     all   58,53    0,00    0,04    0,00    0,00    0,00    0,00    0,00    0,00   41,43
21:55:15       0  100,00    0,00    0,00    0,00    0,00    0,00    0,00    0,00    0,00    0,00
21:55:15       1  100,00    0,00    0,00    0,00    0,00    0,00    0,00    0,00    0,00    0,00
21:55:15       2  100,00    0,00    0,00    0,00    0,00    0,00    0,00    0,00    0,00    0,00
21:55:15       3  100,00    0,00    0,00    0,00    0,00    0,00    0,00    0,00    0,00    0,00
21:55:15       4  100,00    0,00    0,00    0,00    0,00    0,00    0,00    0,00    0,00    0,00
21:55:15       5  100,00    0,00    0,00    0,00    0,00    0,00    0,00    0,00    0,00    0,00
21:55:15       6  100,00    0,00    0,00    0,00    0,00    0,00    0,00    0,00    0,00    0,00
21:55:15       7  100,00    0,00    0,00    0,00    0,00    0,00    0,00    0,00    0,00    0,00
21:55:15       8  100,00    0,00    0,00    0,00    0,00    0,00    0,00    0,00    0,00    0,00
21:55:15       9  100,00    0,00    0,00    0,00    0,00    0,00    0,00    0,00    0,00    0,00
21:55:15      10  100,00    0,00    0,00    0,00    0,00    0,00    0,00    0,00    0,00    0,00
21:55:15      11  100,00    0,00    0,00    0,00    0,00    0,00    0,00    0,00    0,00    0,00
21:55:15      12  100,00    0,00    0,00    0,00    0,00    0,00    0,00    0,00    0,00    0,00
21:55:15      13    0,00    0,00    0,00    0,00    0,00    0,00    0,00    0,00    0,00  100,00
21:55:15      14  100,00    0,00    0,00    0,00    0,00    0,00    0,00    0,00    0,00    0,00
21:55:15      15    0,00    0,00    0,00    0,00    0,00    0,00    0,00    0,00    0,00  100,00
21:55:15      16    0,00    0,00    0,00    0,00    0,00    0,00    0,00    0,00    0,00  100,00
21:55:15      17    0,00    0,00    0,00    0,00    0,00    0,00    0,00    0,00    0,00  100,00
21:55:15      18    1,00    0,00    0,00    0,00    0,00    0,00    0,00    0,00    0,00   99,00
21:55:15      19    0,00    0,00    0,00    0,00    0,00    0,00    0,00    0,00    0,00  100,00
21:55:15      20    0,00    0,00    0,00    0,00    0,00    0,00    0,00    0,00    0,00  100,00
21:55:15      21    0,00    0,00    0,00    0,00    0,00    0,00    0,00    0,00    0,00  100,00
21:55:15      22    1,98    0,00    0,99    0,00    0,00    0,00    0,00    0,00    0,00   97,03
21:55:15      23    0,00    0,00    0,00    0,00    0,00    0,00    0,00    0,00    0,00  100,00

21:55:15     CPU    %usr   %nice    %sys %iowait    %irq   %soft  %steal  %guest  %gnice   %idle
21:55:16     all   60,48    0,00    0,71    0,00    0,00    0,00    0,00    0,00    0,00   38,81
21:55:16       0  100,00    0,00    0,00    0,00    0,00    0,00    0,00    0,00    0,00    0,00
21:55:16       1  100,00    0,00    0,00    0,00    0,00    0,00    0,00    0,00    0,00    0,00
21:55:16       2  100,00    0,00    0,00    0,00    0,00    0,00    0,00    0,00    0,00    0,00
21:55:16       3  100,00    0,00    0,00    0,00    0,00    0,00    0,00    0,00    0,00    0,00
21:55:16       4  100,00    0,00    0,00    0,00    0,00    0,00    0,00    0,00    0,00    0,00
21:55:16       5  100,00    0,00    0,00    0,00    0,00    0,00    0,00    0,00    0,00    0,00
21:55:16       6  100,00    0,00    0,00    0,00    0,00    0,00    0,00    0,00    0,00    0,00
21:55:16       7  100,00    0,00    0,00    0,00    0,00    0,00    0,00    0,00    0,00    0,00
21:55:16       8  100,00    0,00    0,00    0,00    0,00    0,00    0,00    0,00    0,00    0,00
21:55:16       9  100,00    0,00    0,00    0,00    0,00    0,00    0,00    0,00    0,00    0,00
21:55:16      10  100,00    0,00    0,00    0,00    0,00    0,00    0,00    0,00    0,00    0,00
21:55:16      11  100,00    0,00    0,00    0,00    0,00    0,00    0,00    0,00    0,00    0,00
21:55:16      12  100,00    0,00    0,00    0,00    0,00    0,00    0,00    0,00    0,00    0,00
21:55:16      13    0,00    0,00    0,00    0,00    0,00    0,00    0,00    0,00    0,00  100,00
21:55:16      14  100,00    0,00    0,00    0,00    0,00    0,00    0,00    0,00    0,00    0,00
21:55:16      15    0,00    0,00    0,00    0,00    0,00    0,00    0,00    0,00    0,00  100,00
21:55:16      16    7,07    0,00    1,01    0,00    0,00    0,00    0,00    0,00    0,00   91,92
21:55:16      17    8,00    0,00    0,00    0,00    0,00    0,00    0,00    0,00    0,00   92,00
21:55:16      18    7,07    0,00    0,00    0,00    0,00    0,00    0,00    0,00    0,00   92,93
21:55:16      19    7,00    0,00    0,00    0,00    0,00    0,00    0,00    0,00    0,00   93,00
21:55:16      20   13,00    0,00    4,00    0,00    0,00    0,00    0,00    0,00    0,00   83,00
21:55:16      21    1,00    0,00    1,00    0,00    0,00    0,00    0,00    0,00    0,00   98,00
21:55:16      22    4,08    0,00    9,18    0,00    0,00    0,00    0,00    0,00    0,00   86,73
21:55:16      23    1,02    0,00    2,04    0,00    0,00    0,00    0,00    0,00    0,00   96,94

21:55:16     CPU    %usr   %nice    %sys %iowait    %irq   %soft  %steal  %guest  %gnice   %idle
21:55:17     all   58,51    0,00    0,12    0,00    0,00    0,00    0,00    0,00    0,00   41,36
21:55:17       0  100,00    0,00    0,00    0,00    0,00    0,00    0,00    0,00    0,00    0,00
21:55:17       1  100,00    0,00    0,00    0,00    0,00    0,00    0,00    0,00    0,00    0,00
21:55:17       2  100,00    0,00    0,00    0,00    0,00    0,00    0,00    0,00    0,00    0,00
21:55:17       3  100,00    0,00    0,00    0,00    0,00    0,00    0,00    0,00    0,00    0,00
21:55:17       4  100,00    0,00    0,00    0,00    0,00    0,00    0,00    0,00    0,00    0,00
21:55:17       5  100,00    0,00    0,00    0,00    0,00    0,00    0,00    0,00    0,00    0,00
21:55:17       6  100,00    0,00    0,00    0,00    0,00    0,00    0,00    0,00    0,00    0,00
21:55:17       7  100,00    0,00    0,00    0,00    0,00    0,00    0,00    0,00    0,00    0,00
21:55:17       8  100,00    0,00    0,00    0,00    0,00    0,00    0,00    0,00    0,00    0,00
21:55:17       9  100,00    0,00    0,00    0,00    0,00    0,00    0,00    0,00    0,00    0,00
21:55:17      10  100,00    0,00    0,00    0,00    0,00    0,00    0,00    0,00    0,00    0,00
21:55:17      11  100,00    0,00    0,00    0,00    0,00    0,00    0,00    0,00    0,00    0,00
21:55:17      12  100,00    0,00    0,00    0,00    0,00    0,00    0,00    0,00    0,00    0,00
21:55:17      13    0,00    0,00    0,00    0,00    0,00    0,00    0,00    0,00    0,00  100,00
21:55:17      14  100,00    0,00    0,00    0,00    0,00    0,00    0,00    0,00    0,00    0,00
21:55:17      15    0,99    0,00    0,00    0,00    0,00    0,00    0,00    0,00    0,00   99,01
21:55:17      16    0,98    0,00    0,98    0,00    0,00    0,00    0,00    0,00    0,00   98,04
21:55:17      17    0,00    0,00    0,00    0,00    0,00    0,00    0,00    0,00    0,00  100,00
21:55:17      18    0,00    0,00    0,00    0,00    0,00    0,00    0,00    0,00    0,00  100,00
21:55:17      19    0,00    0,00    0,00    0,00    0,00    0,00    0,00    0,00    0,00  100,00
21:55:17      20    0,99    0,00    0,00    0,00    0,00    0,00    0,00    0,00    0,00   99,01
21:55:17      21    1,00    0,00    0,00    0,00    0,00    0,00    0,00    0,00    0,00   99,00
21:55:17      22    1,98    0,00    0,99    0,00    0,00    0,00    0,00    0,00    0,00   97,03
21:55:17      23    0,00    0,00    0,99    0,00    0,00    0,00    0,00    0,00    0,00   99,01

21:55:17     CPU    %usr   %nice    %sys %iowait    %irq   %soft  %steal  %guest  %gnice   %idle
21:55:18     all   58,55    0,00    0,17    0,08    0,00    0,00    0,00    0,00    0,00   41,20
21:55:18       0  100,00    0,00    0,00    0,00    0,00    0,00    0,00    0,00    0,00    0,00
21:55:18       1  100,00    0,00    0,00    0,00    0,00    0,00    0,00    0,00    0,00    0,00
21:55:18       2  100,00    0,00    0,00    0,00    0,00    0,00    0,00    0,00    0,00    0,00
21:55:18       3  100,00    0,00    0,00    0,00    0,00    0,00    0,00    0,00    0,00    0,00
21:55:18       4  100,00    0,00    0,00    0,00    0,00    0,00    0,00    0,00    0,00    0,00
21:55:18       5  100,00    0,00    0,00    0,00    0,00    0,00    0,00    0,00    0,00    0,00
21:55:18       6  100,00    0,00    0,00    0,00    0,00    0,00    0,00    0,00    0,00    0,00
21:55:18       7  100,00    0,00    0,00    0,00    0,00    0,00    0,00    0,00    0,00    0,00
21:55:18       8  100,00    0,00    0,00    0,00    0,00    0,00    0,00    0,00    0,00    0,00
21:55:18       9  100,00    0,00    0,00    0,00    0,00    0,00    0,00    0,00    0,00    0,00
21:55:18      10  100,00    0,00    0,00    0,00    0,00    0,00    0,00    0,00    0,00    0,00
21:55:18      11  100,00    0,00    0,00    0,00    0,00    0,00    0,00    0,00    0,00    0,00
21:55:18      12  100,00    0,00    0,00    0,00    0,00    0,00    0,00    0,00    0,00    0,00
21:55:18      13    0,99    0,00    0,00    0,00    0,00    0,00    0,00    0,00    0,00   99,01
21:55:18      14  100,00    0,00    0,00    0,00    0,00    0,00    0,00    0,00    0,00    0,00
21:55:18      15    0,00    0,00    0,00    0,00    0,00    0,00    0,00    0,00    0,00  100,00
21:55:18      16    1,01    0,00    0,00    0,00    0,00    0,00    0,00    0,00    0,00   98,99
21:55:18      17    0,00    0,00    1,00    0,00    0,00    0,00    0,00    0,00    0,00   99,00
21:55:18      18    0,00    0,00    1,01    0,00    0,00    0,00    0,00    0,00    0,00   98,99
21:55:18      19    0,00    0,00    0,99    0,00    0,00    0,00    0,00    0,00    0,00   99,01
21:55:18      20    2,00    0,00    0,00    0,00    0,00    0,00    0,00    0,00    0,00   98,00
21:55:18      21    0,00    0,00    1,00    0,00    0,00    0,00    0,00    0,00    0,00   99,00
21:55:18      22    0,00    0,00    0,00    1,01    0,00    0,00    0,00    0,00    0,00   98,99
21:55:18      23    0,00    0,00    0,00    1,00    0,00    0,00    0,00    0,00    0,00   99,00

21:55:18     CPU    %usr   %nice    %sys %iowait    %irq   %soft  %steal  %guest  %gnice   %idle
21:55:19     all   58,41    0,00    0,17    0,04    0,00    0,00    0,00    0,00    0,00   41,38
21:55:19       0  100,00    0,00    0,00    0,00    0,00    0,00    0,00    0,00    0,00    0,00
21:55:19       1  100,00    0,00    0,00    0,00    0,00    0,00    0,00    0,00    0,00    0,00
21:55:19       2  100,00    0,00    0,00    0,00    0,00    0,00    0,00    0,00    0,00    0,00
21:55:19       3  100,00    0,00    0,00    0,00    0,00    0,00    0,00    0,00    0,00    0,00
21:55:19       4  100,00    0,00    0,00    0,00    0,00    0,00    0,00    0,00    0,00    0,00
21:55:19       5  100,00    0,00    0,00    0,00    0,00    0,00    0,00    0,00    0,00    0,00
21:55:19       6  100,00    0,00    0,00    0,00    0,00    0,00    0,00    0,00    0,00    0,00
21:55:19       7  100,00    0,00    0,00    0,00    0,00    0,00    0,00    0,00    0,00    0,00
21:55:19       8  100,00    0,00    0,00    0,00    0,00    0,00    0,00    0,00    0,00    0,00
21:55:19       9  100,00    0,00    0,00    0,00    0,00    0,00    0,00    0,00    0,00    0,00
21:55:19      10  100,00    0,00    0,00    0,00    0,00    0,00    0,00    0,00    0,00    0,00
21:55:19      11  100,00    0,00    0,00    0,00    0,00    0,00    0,00    0,00    0,00    0,00
21:55:19      12  100,00    0,00    0,00    0,00    0,00    0,00    0,00    0,00    0,00    0,00
21:55:19      13    0,00    0,00    1,00    0,00    0,00    0,00    0,00    0,00    0,00   99,00
21:55:19      14  100,00    0,00    0,00    0,00    0,00    0,00    0,00    0,00    0,00    0,00
21:55:19      15    0,00    0,00    0,00    0,00    0,00    0,00    0,00    0,00    0,00  100,00
21:55:19      16    0,00    0,00    0,99    0,00    0,00    0,00    0,00    0,00    0,00   99,01
21:55:19      17    0,00    0,00    0,99    0,00    0,00    0,00    0,00    0,00    0,00   99,01
21:55:19      18    0,00    0,00    0,99    0,00    0,00    0,00    0,00    0,00    0,00   99,01
21:55:19      19    0,99    0,00    0,00    0,00    0,00    0,00    0,00    0,00    0,00   99,01
21:55:19      20    0,00    0,00    0,00    0,00    0,00    0,00    0,00    0,00    0,00  100,00
21:55:19      21    0,99    0,00    0,00    0,99    0,00    0,00    0,00    0,00    0,00   98,02
21:55:19      22    1,01    0,00    0,00    0,00    0,00    0,00    0,00    0,00    0,00   98,99
21:55:19      23    0,00    0,00    0,00    0,00    0,00    0,00    0,00    0,00    0,00  100,00

21:55:19     CPU    %usr   %nice    %sys %iowait    %irq   %soft  %steal  %guest  %gnice   %idle
21:55:20     all   59,11    0,00    0,71    0,00    0,00    0,00    0,00    0,00    0,00   40,18
21:55:20       0  100,00    0,00    0,00    0,00    0,00    0,00    0,00    0,00    0,00    0,00
21:55:20       1  100,00    0,00    0,00    0,00    0,00    0,00    0,00    0,00    0,00    0,00
21:55:20       2  100,00    0,00    0,00    0,00    0,00    0,00    0,00    0,00    0,00    0,00
21:55:20       3  100,00    0,00    0,00    0,00    0,00    0,00    0,00    0,00    0,00    0,00
21:55:20       4  100,00    0,00    0,00    0,00    0,00    0,00    0,00    0,00    0,00    0,00
21:55:20       5  100,00    0,00    0,00    0,00    0,00    0,00    0,00    0,00    0,00    0,00
21:55:20       6  100,00    0,00    0,00    0,00    0,00    0,00    0,00    0,00    0,00    0,00
21:55:20       7  100,00    0,00    0,00    0,00    0,00    0,00    0,00    0,00    0,00    0,00
21:55:20       8  100,00    0,00    0,00    0,00    0,00    0,00    0,00    0,00    0,00    0,00
21:55:20       9  100,00    0,00    0,00    0,00    0,00    0,00    0,00    0,00    0,00    0,00
21:55:20      10  100,00    0,00    0,00    0,00    0,00    0,00    0,00    0,00    0,00    0,00
21:55:20      11  100,00    0,00    0,00    0,00    0,00    0,00    0,00    0,00    0,00    0,00
21:55:20      12  100,00    0,00    0,00    0,00    0,00    0,00    0,00    0,00    0,00    0,00
21:55:20      13    0,00    0,00    0,00    0,00    0,00    0,00    0,00    0,00    0,00  100,00
21:55:20      14  100,00    0,00    0,00    0,00    0,00    0,00    0,00    0,00    0,00    0,00
21:55:20      15    0,00    0,00    0,00    0,00    0,00    0,00    0,00    0,00    0,00  100,00
21:55:20      16    0,00    0,00    0,00    0,00    0,00    0,00    0,00    0,00    0,00  100,00
21:55:20      17    1,01    0,00    0,00    0,00    0,00    0,00    0,00    0,00    0,00   98,99
21:55:20      18    1,00    0,00    0,00    0,00    0,00    0,00    0,00    0,00    0,00   99,00
21:55:20      19   13,13    0,00   17,17    0,00    0,00    0,00    0,00    0,00    0,00   69,70
21:55:20      20    0,99    0,00    0,00    0,00    0,00    0,00    0,00    0,00    0,00   99,01
21:55:20      21    0,00    0,00    0,00    0,00    0,00    0,00    0,00    0,00    0,00  100,00
21:55:20      22    0,99    0,00    0,00    0,00    0,00    0,00    0,00    0,00    0,00   99,01
21:55:20      23    0,99    0,00    0,00    0,00    0,00    0,00    0,00    0,00    0,00   99,01

21:55:20     CPU    %usr   %nice    %sys %iowait    %irq   %soft  %steal  %guest  %gnice   %idle
21:55:21     all   61,60    0,00    0,67    0,00    0,00    0,00    0,00    0,00    0,00   37,73
21:55:21       0  100,00    0,00    0,00    0,00    0,00    0,00    0,00    0,00    0,00    0,00
21:55:21       1  100,00    0,00    0,00    0,00    0,00    0,00    0,00    0,00    0,00    0,00
21:55:21       2  100,00    0,00    0,00    0,00    0,00    0,00    0,00    0,00    0,00    0,00
21:55:21       3  100,00    0,00    0,00    0,00    0,00    0,00    0,00    0,00    0,00    0,00
21:55:21       4  100,00    0,00    0,00    0,00    0,00    0,00    0,00    0,00    0,00    0,00
21:55:21       5  100,00    0,00    0,00    0,00    0,00    0,00    0,00    0,00    0,00    0,00
21:55:21       6  100,00    0,00    0,00    0,00    0,00    0,00    0,00    0,00    0,00    0,00
21:55:21       7  100,00    0,00    0,00    0,00    0,00    0,00    0,00    0,00    0,00    0,00
21:55:21       8  100,00    0,00    0,00    0,00    0,00    0,00    0,00    0,00    0,00    0,00
21:55:21       9  100,00    0,00    0,00    0,00    0,00    0,00    0,00    0,00    0,00    0,00
21:55:21      10  100,00    0,00    0,00    0,00    0,00    0,00    0,00    0,00    0,00    0,00
21:55:21      11  100,00    0,00    0,00    0,00    0,00    0,00    0,00    0,00    0,00    0,00
21:55:21      12  100,00    0,00    0,00    0,00    0,00    0,00    0,00    0,00    0,00    0,00
21:55:21      13    0,00    0,00    0,00    0,00    0,00    0,00    0,00    0,00    0,00  100,00
21:55:21      14  100,00    0,00    0,00    0,00    0,00    0,00    0,00    0,00    0,00    0,00
21:55:21      15    0,00    0,00    0,00    0,00    0,00    0,00    0,00    0,00    0,00  100,00
21:55:21      16    0,00    0,00    1,01    0,00    0,00    0,00    0,00    0,00    0,00   98,99
21:55:21      17   10,00    0,00    0,00    0,00    0,00    0,00    0,00    0,00    0,00   90,00
21:55:21      18   10,00    0,00    0,00    0,00    0,00    0,00    0,00    0,00    0,00   90,00
21:55:21      19   30,00    0,00    3,00    0,00    0,00    0,00    0,00    0,00    0,00   67,00
21:55:21      20    7,07    0,00    3,03    0,00    0,00    0,00    0,00    0,00    0,00   89,90
21:55:21      21   14,14    0,00    1,01    0,00    0,00    0,00    0,00    0,00    0,00   84,85
21:55:21      22    3,03    0,00    0,00    0,00    0,00    0,00    0,00    0,00    0,00   96,97
21:55:21      23    2,00    0,00    8,00    0,00    0,00    0,00    0,00    0,00    0,00   90,00

21:55:21     CPU    %usr   %nice    %sys %iowait    %irq   %soft  %steal  %guest  %gnice   %idle
21:55:22     all   59,37    0,00    0,50    0,00    0,00    0,00    0,00    0,00    0,00   40,13
21:55:22       0   99,00    0,00    1,00    0,00    0,00    0,00    0,00    0,00    0,00    0,00
21:55:22       1  100,00    0,00    0,00    0,00    0,00    0,00    0,00    0,00    0,00    0,00
21:55:22       2  100,00    0,00    0,00    0,00    0,00    0,00    0,00    0,00    0,00    0,00
21:55:22       3  100,00    0,00    0,00    0,00    0,00    0,00    0,00    0,00    0,00    0,00
21:55:22       4  100,00    0,00    0,00    0,00    0,00    0,00    0,00    0,00    0,00    0,00
21:55:22       5  100,00    0,00    0,00    0,00    0,00    0,00    0,00    0,00    0,00    0,00
21:55:22       6  100,00    0,00    0,00    0,00    0,00    0,00    0,00    0,00    0,00    0,00
21:55:22       7  100,00    0,00    0,00    0,00    0,00    0,00    0,00    0,00    0,00    0,00
21:55:22       8  100,00    0,00    0,00    0,00    0,00    0,00    0,00    0,00    0,00    0,00
21:55:22       9  100,00    0,00    0,00    0,00    0,00    0,00    0,00    0,00    0,00    0,00
21:55:22      10  100,00    0,00    0,00    0,00    0,00    0,00    0,00    0,00    0,00    0,00
21:55:22      11  100,00    0,00    0,00    0,00    0,00    0,00    0,00    0,00    0,00    0,00
21:55:22      12  100,00    0,00    0,00    0,00    0,00    0,00    0,00    0,00    0,00    0,00
21:55:22      13    0,00    0,00    0,00    0,00    0,00    0,00    0,00    0,00    0,00  100,00
21:55:22      14   99,00    0,00    1,00    0,00    0,00    0,00    0,00    0,00    0,00    0,00
21:55:22      15    0,00    0,00    0,99    0,00    0,00    0,00    0,00    0,00    0,00   99,01
21:55:22      16    1,00    0,00    1,00    0,00    0,00    0,00    0,00    0,00    0,00   98,00
21:55:22      17    4,00    0,00    2,00    0,00    0,00    0,00    0,00    0,00    0,00   94,00
21:55:22      18    4,00    0,00    1,00    0,00    0,00    0,00    0,00    0,00    0,00   95,00
21:55:22      19    5,00    0,00    0,00    0,00    0,00    0,00    0,00    0,00    0,00   95,00
21:55:22      20    2,00    0,00    1,00    0,00    0,00    0,00    0,00    0,00    0,00   97,00
21:55:22      21    6,00    0,00    2,00    0,00    0,00    0,00    0,00    0,00    0,00   92,00
21:55:22      22    4,95    0,00    0,99    0,00    0,00    0,00    0,00    0,00    0,00   94,06
21:55:22      23    0,99    0,00    0,99    0,00    0,00    0,00    0,00    0,00    0,00   98,02

21:55:22     CPU    %usr   %nice    %sys %iowait    %irq   %soft  %steal  %guest  %gnice   %idle
21:55:23     all   58,89    0,00    0,13    0,08    0,00    0,00    0,00    0,00    0,00   40,90
21:55:23       0  100,00    0,00    0,00    0,00    0,00    0,00    0,00    0,00    0,00    0,00
21:55:23       1  100,00    0,00    0,00    0,00    0,00    0,00    0,00    0,00    0,00    0,00
21:55:23       2  100,00    0,00    0,00    0,00    0,00    0,00    0,00    0,00    0,00    0,00
21:55:23       3  100,00    0,00    0,00    0,00    0,00    0,00    0,00    0,00    0,00    0,00
21:55:23       4  100,00    0,00    0,00    0,00    0,00    0,00    0,00    0,00    0,00    0,00
21:55:23       5  100,00    0,00    0,00    0,00    0,00    0,00    0,00    0,00    0,00    0,00
21:55:23       6  100,00    0,00    0,00    0,00    0,00    0,00    0,00    0,00    0,00    0,00
21:55:23       7  100,00    0,00    0,00    0,00    0,00    0,00    0,00    0,00    0,00    0,00
21:55:23       8  100,00    0,00    0,00    0,00    0,00    0,00    0,00    0,00    0,00    0,00
21:55:23       9  100,00    0,00    0,00    0,00    0,00    0,00    0,00    0,00    0,00    0,00
21:55:23      10  100,00    0,00    0,00    0,00    0,00    0,00    0,00    0,00    0,00    0,00
21:55:23      11  100,00    0,00    0,00    0,00    0,00    0,00    0,00    0,00    0,00    0,00
21:55:23      12  100,00    0,00    0,00    0,00    0,00    0,00    0,00    0,00    0,00    0,00
21:55:23      13    0,00    0,00    0,00    0,00    0,00    0,00    0,00    0,00    0,00  100,00
21:55:23      14  100,00    0,00    0,00    0,00    0,00    0,00    0,00    0,00    0,00    0,00
21:55:23      15    0,00    0,00    0,00    0,00    0,00    0,00    0,00    0,00    0,00  100,00
21:55:23      16    2,00    0,00    0,00    0,00    0,00    0,00    0,00    0,00    0,00   98,00
21:55:23      17    5,94    0,00    1,98    0,99    0,00    0,00    0,00    0,00    0,00   91,09
21:55:23      18    0,00    0,00    0,00    0,00    0,00    0,00    0,00    0,00    0,00  100,00
21:55:23      19    0,00    0,00    0,00    0,00    0,00    0,00    0,00    0,00    0,00  100,00
21:55:23      20    0,00    0,00    0,00    0,00    0,00    0,00    0,00    0,00    0,00  100,00
21:55:23      21    1,01    0,00    1,01    0,00    0,00    0,00    0,00    0,00    0,00   97,98
21:55:23      22    1,00    0,00    0,00    1,00    0,00    0,00    0,00    0,00    0,00   98,00
21:55:23      23    1,00    0,00    0,00    0,00    0,00    0,00    0,00    0,00    0,00   99,00
