Linux 6.8.0-111-generic (testbed-node6) 	19/05/26 	_x86_64_	(24 CPU)

14:26:13     CPU    %usr   %nice    %sys %iowait    %irq   %soft  %steal  %guest  %gnice   %idle
14:26:14     all    0,46    0,00    0,21    0,00    0,00   16,65    0,00    0,00    0,00   82,69
14:26:14       0    0,00    0,00    0,00    0,00    0,00  100,00    0,00    0,00    0,00    0,00
14:26:14       1    0,00    0,00    0,00    0,00    0,00  100,00    0,00    0,00    0,00    0,00
14:26:14       2    0,00    0,00    0,00    0,00    0,00  100,00    0,00    0,00    0,00    0,00
14:26:14       3    0,00    0,00    0,00    0,00    0,00  100,00    0,00    0,00    0,00    0,00
14:26:14       4    0,00    0,00    0,00    0,00    0,00    0,00    0,00    0,00    0,00  100,00
14:26:14       5    0,00    0,00    0,00    0,00    0,00    0,00    0,00    0,00    0,00  100,00
14:26:14       6    0,99    0,00    0,00    0,00    0,00    0,00    0,00    0,00    0,00   99,01
14:26:14       7    0,00    0,00    0,00    0,00    0,00    0,00    0,00    0,00    0,00  100,00
14:26:14       8    1,00    0,00    0,00    0,00    0,00    0,00    0,00    0,00    0,00   99,00
14:26:14       9    0,00    0,00    0,00    0,00    0,00    0,00    0,00    0,00    0,00  100,00
14:26:14      10    6,06    0,00    0,00    0,00    0,00    0,00    0,00    0,00    0,00   93,94
14:26:14      11    0,00    0,00    0,00    0,00    0,00    0,00    0,00    0,00    0,00  100,00
14:26:14      12    0,00    0,00    0,00    0,00    0,00    0,00    0,00    0,00    0,00  100,00
14:26:14      13    0,00    0,00    0,00    0,00    0,00    0,00    0,00    0,00    0,00  100,00
14:26:14      14    0,00    0,00    0,00    0,00    0,00    0,00    0,00    0,00    0,00  100,00
14:26:14      15    0,00    0,00    0,00    0,00    0,00    0,00    0,00    0,00    0,00  100,00
14:26:14      16    1,00    0,00    1,00    0,00    0,00    0,00    0,00    0,00    0,00   98,00
14:26:14      17    0,00    0,00    0,00    0,00    0,00    0,00    0,00    0,00    0,00  100,00
14:26:14      18    0,00    0,00    0,00    0,00    0,00    0,00    0,00    0,00    0,00  100,00
14:26:14      19    0,99    0,00    0,99    0,00    0,00    0,00    0,00    0,00    0,00   98,02
14:26:14      20    0,00    0,00    1,01    0,00    0,00    0,00    0,00    0,00    0,00   98,99
14:26:14      21    0,00    0,00    0,99    0,00    0,00    0,00    0,00    0,00    0,00   99,01
14:26:14      22    0,99    0,00    0,99    0,00    0,00    0,00    0,00    0,00    0,00   98,02
14:26:14      23    0,00    0,00    0,00    0,00    0,00    0,00    0,00    0,00    0,00  100,00

14:26:14     CPU    %usr   %nice    %sys %iowait    %irq   %soft  %steal  %guest  %gnice   %idle
14:26:15     all    0,00    0,00    0,00    0,13    0,00   16,68    0,00    0,00    0,00   83,19
14:26:15       0    0,00    0,00    0,00    0,00    0,00  100,00    0,00    0,00    0,00    0,00
14:26:15       1    0,00    0,00    0,00    0,00    0,00  100,00    0,00    0,00    0,00    0,00
14:26:15       2    0,00    0,00    0,00    0,00    0,00  100,00    0,00    0,00    0,00    0,00
14:26:15       3    0,00    0,00    0,00    0,00    0,00  100,00    0,00    0,00    0,00    0,00
14:26:15       4    0,00    0,00    0,00    1,00    0,00    0,00    0,00    0,00    0,00   99,00
14:26:15       5    0,00    0,00    0,00    0,00    0,00    0,00    0,00    0,00    0,00  100,00
14:26:15       6    0,00    0,00    0,00    2,02    0,00    0,00    0,00    0,00    0,00   97,98
14:26:15       7    0,00    0,00    0,00    0,00    0,00    0,00    0,00    0,00    0,00  100,00
14:26:15       8    0,00    0,00    0,00    0,00    0,00    0,00    0,00    0,00    0,00  100,00
14:26:15       9    0,00    0,00    0,00    0,00    0,00    0,00    0,00    0,00    0,00  100,00
14:26:15      10    0,00    0,00    0,00    0,00    0,00    0,00    0,00    0,00    0,00  100,00
14:26:15      11    0,00    0,00    0,00    0,00    0,00    0,00    0,00    0,00    0,00  100,00
14:26:15      12    0,00    0,00    0,00    0,00    0,00    0,00    0,00    0,00    0,00  100,00
14:26:15      13    0,00    0,00    0,00    0,00    0,00    0,00    0,00    0,00    0,00  100,00
14:26:15      14    0,00    0,00    0,00    0,00    0,00    0,00    0,00    0,00    0,00  100,00
14:26:15      15    0,00    0,00    0,00    0,00    0,00    0,00    0,00    0,00    0,00  100,00
14:26:15      16    0,00    0,00    0,00    0,00    0,00    0,00    0,00    0,00    0,00  100,00
14:26:15      17    0,00    0,00    0,00    0,00    0,00    0,00    0,00    0,00    0,00  100,00
14:26:15      18    0,00    0,00    0,00    0,00    0,00    0,00    0,00    0,00    0,00  100,00
14:26:15      19    0,00    0,00    0,00    0,00    0,00    0,00    0,00    0,00    0,00  100,00
14:26:15      20    0,00    0,00    0,00    0,00    0,00    0,00    0,00    0,00    0,00  100,00
14:26:15      21    0,00    0,00    0,00    0,00    0,00    0,00    0,00    0,00    0,00  100,00
14:26:15      22    0,00    0,00    0,00    0,00    0,00    0,00    0,00    0,00    0,00  100,00
14:26:15      23    0,00    0,00    0,00    0,00    0,00    0,00    0,00    0,00    0,00  100,00

14:26:15     CPU    %usr   %nice    %sys %iowait    %irq   %soft  %steal  %guest  %gnice   %idle
14:26:16     all    1,13    0,00    0,54    0,00    0,00   16,72    0,00    0,00    0,00   81,61
14:26:16       0    0,00    0,00    0,00    0,00    0,00  100,00    0,00    0,00    0,00    0,00
14:26:16       1    0,00    0,00    0,00    0,00    0,00  100,00    0,00    0,00    0,00    0,00
14:26:16       2    0,00    0,00    0,00    0,00    0,00  100,00    0,00    0,00    0,00    0,00
14:26:16       3    0,00    0,00    0,00    0,00    0,00  100,00    0,00    0,00    0,00    0,00
14:26:16       4    0,00    0,00    0,00    0,00    0,00    0,00    0,00    0,00    0,00  100,00
14:26:16       5    0,00    0,00    0,00    0,00    0,00    0,00    0,00    0,00    0,00  100,00
14:26:16       6    0,00    0,00    0,00    0,00    0,00    0,00    0,00    0,00    0,00  100,00
14:26:16       7    0,00    0,00    0,00    0,00    0,00    0,00    0,00    0,00    0,00  100,00
14:26:16       8    0,00    0,00    0,00    0,00    0,00    0,00    0,00    0,00    0,00  100,00
14:26:16       9    0,00    0,00    0,00    0,00    0,00    0,00    0,00    0,00    0,00  100,00
14:26:16      10    7,00    0,00    1,00    0,00    0,00    0,00    0,00    0,00    0,00   92,00
14:26:16      11    0,00    0,00    0,00    0,00    0,00    0,00    0,00    0,00    0,00  100,00
14:26:16      12    3,03    0,00    2,02    0,00    0,00    0,00    0,00    0,00    0,00   94,95
14:26:16      13    0,00    0,00    0,00    0,00    0,00    0,00    0,00    0,00    0,00  100,00
14:26:16      14    0,99    0,00    0,00    0,00    0,00    0,00    0,00    0,00    0,00   99,01
14:26:16      15    0,00    0,00    0,00    0,00    0,00    0,00    0,00    0,00    0,00  100,00
14:26:16      16    4,04    0,00    2,02    0,00    0,00    0,00    0,00    0,00    0,00   93,94
14:26:16      17    1,00    0,00    1,00    0,00    0,00    1,00    0,00    0,00    0,00   97,00
14:26:16      18    1,98    0,00    0,99    0,00    0,00    0,00    0,00    0,00    0,00   97,03
14:26:16      19    2,00    0,00    1,00    0,00    0,00    0,00    0,00    0,00    0,00   97,00
14:26:16      20    2,00    0,00    1,00    0,00    0,00    0,00    0,00    0,00    0,00   97,00
14:26:16      21    1,01    0,00    1,01    0,00    0,00    0,00    0,00    0,00    0,00   97,98
14:26:16      22    2,02    0,00    1,01    0,00    0,00    0,00    0,00    0,00    0,00   96,97
14:26:16      23    1,98    0,00    1,98    0,00    0,00    0,00    0,00    0,00    0,00   96,04

14:26:16     CPU    %usr   %nice    %sys %iowait    %irq   %soft  %steal  %guest  %gnice   %idle
14:26:17     all    0,00    0,00    0,04    0,00    0,00   16,67    0,00    0,00    0,00   83,29
14:26:17       0    0,00    0,00    0,00    0,00    0,00  100,00    0,00    0,00    0,00    0,00
14:26:17       1    0,00    0,00    0,00    0,00    0,00  100,00    0,00    0,00    0,00    0,00
14:26:17       2    0,00    0,00    0,00    0,00    0,00  100,00    0,00    0,00    0,00    0,00
14:26:17       3    0,00    0,00    0,00    0,00    0,00  100,00    0,00    0,00    0,00    0,00
14:26:17       4    0,00    0,00    0,00    0,00    0,00    0,00    0,00    0,00    0,00  100,00
14:26:17       5    0,00    0,00    0,00    0,00    0,00    0,00    0,00    0,00    0,00  100,00
14:26:17       6    0,00    0,00    0,00    0,00    0,00    0,00    0,00    0,00    0,00  100,00
14:26:17       7    0,00    0,00    0,00    0,00    0,00    0,00    0,00    0,00    0,00  100,00
14:26:17       8    0,00    0,00    0,00    0,00    0,00    0,00    0,00    0,00    0,00  100,00
14:26:17       9    0,00    0,00    0,00    0,00    0,00    0,00    0,00    0,00    0,00  100,00
14:26:17      10    0,00    0,00    0,00    0,00    0,00    0,00    0,00    0,00    0,00  100,00
14:26:17      11    0,00    0,00    0,00    0,00    0,00    0,00    0,00    0,00    0,00  100,00
14:26:17      12    0,00    0,00    0,00    0,00    0,00    0,00    0,00    0,00    0,00  100,00
14:26:17      13    0,00    0,00    0,00    0,00    0,00    0,00    0,00    0,00    0,00  100,00
14:26:17      14    0,00    0,00    0,00    0,00    0,00    0,00    0,00    0,00    0,00  100,00
14:26:17      15    0,00    0,00    0,00    0,00    0,00    0,00    0,00    0,00    0,00  100,00
14:26:17      16    0,00    0,00    0,00    0,00    0,00    0,00    0,00    0,00    0,00  100,00
14:26:17      17    0,00    0,00    0,00    0,00    0,00    0,00    0,00    0,00    0,00  100,00
14:26:17      18    0,00    0,00    0,00    0,00    0,00    0,00    0,00    0,00    0,00  100,00
14:26:17      19    0,00    0,00    0,00    0,00    0,00    0,00    0,00    0,00    0,00  100,00
14:26:17      20    0,00    0,00    0,99    0,00    0,00    0,00    0,00    0,00    0,00   99,01
14:26:17      21    0,00    0,00    0,00    0,00    0,00    0,00    0,00    0,00    0,00  100,00
14:26:17      22    0,00    0,00    0,00    0,00    0,00    0,00    0,00    0,00    0,00  100,00
14:26:17      23    0,00    0,00    0,00    0,00    0,00    0,00    0,00    0,00    0,00  100,00

14:26:17     CPU    %usr   %nice    %sys %iowait    %irq   %soft  %steal  %guest  %gnice   %idle
14:26:18     all    0,00    0,00    0,00    0,00    0,00   16,71    0,00    0,00    0,00   83,29
14:26:18       0    0,00    0,00    0,00    0,00    0,00  100,00    0,00    0,00    0,00    0,00
14:26:18       1    0,00    0,00    0,00    0,00    0,00  100,00    0,00    0,00    0,00    0,00
14:26:18       2    0,00    0,00    0,00    0,00    0,00  100,00    0,00    0,00    0,00    0,00
14:26:18       3    0,00    0,00    0,00    0,00    0,00  100,00    0,00    0,00    0,00    0,00
14:26:18       4    0,00    0,00    0,00    0,00    0,00    0,00    0,00    0,00    0,00  100,00
14:26:18       5    0,00    0,00    0,00    0,00    0,00    0,00    0,00    0,00    0,00  100,00
14:26:18       6    0,00    0,00    0,00    0,00    0,00    0,00    0,00    0,00    0,00  100,00
14:26:18       7    0,00    0,00    0,00    0,00    0,00    0,00    0,00    0,00    0,00  100,00
14:26:18       8    0,00    0,00    0,00    0,00    0,00    0,00    0,00    0,00    0,00  100,00
14:26:18       9    0,00    0,00    0,00    0,00    0,00    0,00    0,00    0,00    0,00  100,00
14:26:18      10    0,00    0,00    0,00    0,00    0,00    0,00    0,00    0,00    0,00  100,00
14:26:18      11    0,00    0,00    0,00    0,00    0,00    0,00    0,00    0,00    0,00  100,00
14:26:18      12    0,00    0,00    0,00    0,00    0,00    0,00    0,00    0,00    0,00  100,00
14:26:18      13    0,00    0,00    0,00    0,00    0,00    0,00    0,00    0,00    0,00  100,00
14:26:18      14    0,00    0,00    0,00    0,00    0,00    0,00    0,00    0,00    0,00  100,00
14:26:18      15    0,00    0,00    0,00    0,00    0,00    0,00    0,00    0,00    0,00  100,00
14:26:18      16    0,00    0,00    0,00    0,00    0,00    0,00    0,00    0,00    0,00  100,00
14:26:18      17    0,00    0,00    0,00    0,00    0,00    0,00    0,00    0,00    0,00  100,00
14:26:18      18    0,00    0,00    0,00    0,00    0,00    0,00    0,00    0,00    0,00  100,00
14:26:18      19    0,00    0,00    0,00    0,00    0,00    0,00    0,00    0,00    0,00  100,00
14:26:18      20    0,00    0,00    0,00    0,00    0,00    0,00    0,00    0,00    0,00  100,00
14:26:18      21    0,00    0,00    0,00    0,00    0,00    0,00    0,00    0,00    0,00  100,00
14:26:18      22    0,00    0,00    0,00    0,00    0,00    0,00    0,00    0,00    0,00  100,00
14:26:18      23    0,00    0,00    0,00    0,00    0,00    0,00    0,00    0,00    0,00  100,00

14:26:18     CPU    %usr   %nice    %sys %iowait    %irq   %soft  %steal  %guest  %gnice   %idle
14:26:19     all    0,00    0,00    0,00    0,00    0,00   16,67    0,00    0,00    0,00   83,33
14:26:19       0    0,00    0,00    0,00    0,00    0,00  100,00    0,00    0,00    0,00    0,00
14:26:19       1    0,00    0,00    0,00    0,00    0,00  100,00    0,00    0,00    0,00    0,00
14:26:19       2    0,00    0,00    0,00    0,00    0,00  100,00    0,00    0,00    0,00    0,00
14:26:19       3    0,00    0,00    0,00    0,00    0,00  100,00    0,00    0,00    0,00    0,00
14:26:19       4    0,00    0,00    0,00    0,00    0,00    0,00    0,00    0,00    0,00  100,00
14:26:19       5    0,00    0,00    0,00    0,00    0,00    0,00    0,00    0,00    0,00  100,00
14:26:19       6    0,00    0,00    0,00    0,00    0,00    0,00    0,00    0,00    0,00  100,00
14:26:19       7    0,00    0,00    0,00    0,00    0,00    0,00    0,00    0,00    0,00  100,00
14:26:19       8    0,00    0,00    0,00    0,00    0,00    0,00    0,00    0,00    0,00  100,00
14:26:19       9    0,00    0,00    0,00    0,00    0,00    0,00    0,00    0,00    0,00  100,00
14:26:19      10    0,00    0,00    0,00    0,00    0,00    0,00    0,00    0,00    0,00  100,00
14:26:19      11    0,00    0,00    0,00    0,00    0,00    0,00    0,00    0,00    0,00  100,00
14:26:19      12    0,00    0,00    0,00    0,00    0,00    0,00    0,00    0,00    0,00  100,00
14:26:19      13    0,00    0,00    0,00    0,00    0,00    0,00    0,00    0,00    0,00  100,00
14:26:19      14    0,00    0,00    0,00    0,00    0,00    0,00    0,00    0,00    0,00  100,00
14:26:19      15    0,00    0,00    0,00    0,00    0,00    0,00    0,00    0,00    0,00  100,00
14:26:19      16    0,00    0,00    0,00    0,00    0,00    0,00    0,00    0,00    0,00  100,00
14:26:19      17    0,00    0,00    0,00    0,00    0,00    0,00    0,00    0,00    0,00  100,00
14:26:19      18    0,00    0,00    0,00    0,00    0,00    0,00    0,00    0,00    0,00  100,00
14:26:19      19    0,00    0,00    0,00    0,00    0,00    0,00    0,00    0,00    0,00  100,00
14:26:19      20    0,00    0,00    0,00    0,00    0,00    0,00    0,00    0,00    0,00  100,00
14:26:19      21    0,00    0,00    0,00    0,00    0,00    0,00    0,00    0,00    0,00  100,00
14:26:19      22    0,00    0,00    0,00    0,00    0,00    0,00    0,00    0,00    0,00  100,00
14:26:19      23    0,00    0,00    0,00    0,00    0,00    0,00    0,00    0,00    0,00  100,00

14:26:19     CPU    %usr   %nice    %sys %iowait    %irq   %soft  %steal  %guest  %gnice   %idle
14:26:20     all    0,13    0,00    0,04    0,17    0,00   16,67    0,00    0,00    0,00   82,99
14:26:20       0    0,00    0,00    0,00    0,00    0,00  100,00    0,00    0,00    0,00    0,00
14:26:20       1    0,00    0,00    0,00    0,00    0,00  100,00    0,00    0,00    0,00    0,00
14:26:20       2    0,00    0,00    0,00    0,00    0,00  100,00    0,00    0,00    0,00    0,00
14:26:20       3    0,00    0,00    0,00    0,00    0,00  100,00    0,00    0,00    0,00    0,00
14:26:20       4    0,00    0,00    0,00    0,00    0,00    0,00    0,00    0,00    0,00  100,00
14:26:20       5    1,00    0,00    0,00    0,00    0,00    0,00    0,00    0,00    0,00   99,00
14:26:20       6    0,00    0,00    0,00    3,00    0,00    0,00    0,00    0,00    0,00   97,00
14:26:20       7    0,00    0,00    0,00    0,00    0,00    0,00    0,00    0,00    0,00  100,00
14:26:20       8    0,00    0,00    0,00    0,00    0,00    0,00    0,00    0,00    0,00  100,00
14:26:20       9    0,00    0,00    0,99    0,00    0,00    0,00    0,00    0,00    0,00   99,01
14:26:20      10    0,00    0,00    0,00    0,00    0,00    0,00    0,00    0,00    0,00  100,00
14:26:20      11    0,00    0,00    0,00    0,00    0,00    0,00    0,00    0,00    0,00  100,00
14:26:20      12    0,00    0,00    0,00    0,00    0,00    0,00    0,00    0,00    0,00  100,00
14:26:20      13    0,00    0,00    0,00    0,00    0,00    0,00    0,00    0,00    0,00  100,00
14:26:20      14    0,00    0,00    0,00    1,00    0,00    0,00    0,00    0,00    0,00   99,00
14:26:20      15    0,00    0,00    0,00    0,00    0,00    0,00    0,00    0,00    0,00  100,00
14:26:20      16    2,00    0,00    0,00    0,00    0,00    0,00    0,00    0,00    0,00   98,00
14:26:20      17    0,00    0,00    0,00    0,00    0,00    0,00    0,00    0,00    0,00  100,00
14:26:20      18    0,00    0,00    0,00    0,00    0,00    0,00    0,00    0,00    0,00  100,00
14:26:20      19    0,00    0,00    0,00    0,00    0,00    0,00    0,00    0,00    0,00  100,00
14:26:20      20    0,00    0,00    0,00    0,00    0,00    0,00    0,00    0,00    0,00  100,00
14:26:20      21    0,00    0,00    0,00    0,00    0,00    0,00    0,00    0,00    0,00  100,00
14:26:20      22    0,00    0,00    0,00    0,00    0,00    0,00    0,00    0,00    0,00  100,00
14:26:20      23    0,00    0,00    0,00    0,00    0,00    0,00    0,00    0,00    0,00  100,00

14:26:20     CPU    %usr   %nice    %sys %iowait    %irq   %soft  %steal  %guest  %gnice   %idle
14:26:21     all    0,00    0,00    0,00    0,00    0,00   16,68    0,00    0,00    0,00   83,32
14:26:21       0    0,00    0,00    0,00    0,00    0,00  100,00    0,00    0,00    0,00    0,00
14:26:21       1    0,00    0,00    0,00    0,00    0,00  100,00    0,00    0,00    0,00    0,00
14:26:21       2    0,00    0,00    0,00    0,00    0,00  100,00    0,00    0,00    0,00    0,00
14:26:21       3    0,00    0,00    0,00    0,00    0,00  100,00    0,00    0,00    0,00    0,00
14:26:21       4    0,00    0,00    0,00    0,00    0,00    0,00    0,00    0,00    0,00  100,00
14:26:21       5    0,00    0,00    0,00    0,00    0,00    0,00    0,00    0,00    0,00  100,00
14:26:21       6    0,00    0,00    0,00    0,00    0,00    0,00    0,00    0,00    0,00  100,00
14:26:21       7    0,00    0,00    0,00    0,00    0,00    0,00    0,00    0,00    0,00  100,00
14:26:21       8    0,00    0,00    0,00    0,00    0,00    0,00    0,00    0,00    0,00  100,00
14:26:21       9    0,00    0,00    0,00    0,00    0,00    0,00    0,00    0,00    0,00  100,00
14:26:21      10    0,00    0,00    0,00    0,00    0,00    0,00    0,00    0,00    0,00  100,00
14:26:21      11    0,00    0,00    0,00    0,00    0,00    0,00    0,00    0,00    0,00  100,00
14:26:21      12    0,00    0,00    0,00    0,00    0,00    0,00    0,00    0,00    0,00  100,00
14:26:21      13    0,00    0,00    0,00    0,00    0,00    0,00    0,00    0,00    0,00  100,00
14:26:21      14    0,00    0,00    0,00    0,00    0,00    0,00    0,00    0,00    0,00  100,00
14:26:21      15    0,00    0,00    0,00    0,00    0,00    0,00    0,00    0,00    0,00  100,00
14:26:21      16    0,00    0,00    0,00    0,00    0,00    0,00    0,00    0,00    0,00  100,00
14:26:21      17    0,00    0,00    0,00    0,00    0,00    0,00    0,00    0,00    0,00  100,00
14:26:21      18    0,00    0,00    0,00    0,00    0,00    0,00    0,00    0,00    0,00  100,00
14:26:21      19    0,00    0,00    0,00    0,00    0,00    0,00    0,00    0,00    0,00  100,00
14:26:21      20    0,00    0,00    0,00    0,00    0,00    0,00    0,00    0,00    0,00  100,00
14:26:21      21    0,00    0,00    0,00    0,00    0,00    0,00    0,00    0,00    0,00  100,00
14:26:21      22    0,00    0,00    0,00    0,00    0,00    0,00    0,00    0,00    0,00  100,00
14:26:21      23    0,00    0,00    0,00    0,00    0,00    0,00    0,00    0,00    0,00  100,00

14:26:21     CPU    %usr   %nice    %sys %iowait    %irq   %soft  %steal  %guest  %gnice   %idle
14:26:22     all    0,00    0,00    0,04    0,04    0,00   16,63    0,00    0,00    0,00   83,28
14:26:22       0    0,00    0,00    0,00    0,00    0,00  100,00    0,00    0,00    0,00    0,00
14:26:22       1    0,00    0,00    0,00    0,00    0,00  100,00    0,00    0,00    0,00    0,00
14:26:22       2    0,00    0,00    0,00    0,00    0,00  100,00    0,00    0,00    0,00    0,00
14:26:22       3    0,00    0,00    0,00    0,00    0,00  100,00    0,00    0,00    0,00    0,00
14:26:22       4    0,00    0,00    0,00    0,00    0,00    0,00    0,00    0,00    0,00  100,00
14:26:22       5    0,00    0,00    0,00    0,00    0,00    0,00    0,00    0,00    0,00  100,00
14:26:22       6    0,00    0,00    0,00    1,00    0,00    0,00    0,00    0,00    0,00   99,00
14:26:22       7    0,00    0,00    0,00    0,00    0,00    0,00    0,00    0,00    0,00  100,00
14:26:22       8    0,00    0,00    0,00    0,00    0,00    0,00    0,00    0,00    0,00  100,00
14:26:22       9    0,00    0,00    0,00    0,00    0,00    0,00    0,00    0,00    0,00  100,00
14:26:22      10    0,00    0,00    0,00    0,00    0,00    0,00    0,00    0,00    0,00  100,00
14:26:22      11    0,00    0,00    0,00    0,00    0,00    0,00    0,00    0,00    0,00  100,00
14:26:22      12    0,00    0,00    0,00    0,00    0,00    0,00    0,00    0,00    0,00  100,00
14:26:22      13    0,00    0,00    0,00    0,00    0,00    0,00    0,00    0,00    0,00  100,00
14:26:22      14    0,00    0,00    1,00    0,00    0,00    0,00    0,00    0,00    0,00   99,00
14:26:22      15    0,00    0,00    0,00    0,00    0,00    0,00    0,00    0,00    0,00  100,00
14:26:22      16    0,00    0,00    0,00    0,00    0,00    0,00    0,00    0,00    0,00  100,00
14:26:22      17    0,00    0,00    0,00    0,00    0,00    0,00    0,00    0,00    0,00  100,00
14:26:22      18    0,00    0,00    0,00    0,00    0,00    0,00    0,00    0,00    0,00  100,00
14:26:22      19    0,00    0,00    0,00    0,00    0,00    0,00    0,00    0,00    0,00  100,00
14:26:22      20    0,00    0,00    0,00    0,00    0,00    0,00    0,00    0,00    0,00  100,00
14:26:22      21    0,00    0,00    0,00    0,00    0,00    0,00    0,00    0,00    0,00  100,00
14:26:22      22    0,00    0,00    0,00    0,00    0,00    0,00    0,00    0,00    0,00  100,00
14:26:22      23    0,00    0,00    0,00    0,00    0,00    0,00    0,00    0,00    0,00  100,00

14:26:22     CPU    %usr   %nice    %sys %iowait    %irq   %soft  %steal  %guest  %gnice   %idle
14:26:23     all    0,00    0,00    0,00    0,00    0,00   16,69    0,00    0,00    0,00   83,31
14:26:23       0    0,00    0,00    0,00    0,00    0,00  100,00    0,00    0,00    0,00    0,00
14:26:23       1    0,00    0,00    0,00    0,00    0,00  100,00    0,00    0,00    0,00    0,00
14:26:23       2    0,00    0,00    0,00    0,00    0,00  100,00    0,00    0,00    0,00    0,00
14:26:23       3    0,00    0,00    0,00    0,00    0,00  100,00    0,00    0,00    0,00    0,00
14:26:23       4    0,00    0,00    0,00    0,00    0,00    0,00    0,00    0,00    0,00  100,00
14:26:23       5    0,00    0,00    0,00    0,00    0,00    0,00    0,00    0,00    0,00  100,00
14:26:23       6    0,00    0,00    0,00    0,00    0,00    0,00    0,00    0,00    0,00  100,00
14:26:23       7    0,00    0,00    0,00    0,00    0,00    0,00    0,00    0,00    0,00  100,00
14:26:23       8    0,00    0,00    0,00    0,00    0,00    0,00    0,00    0,00    0,00  100,00
14:26:23       9    0,00    0,00    0,00    0,00    0,00    0,00    0,00    0,00    0,00  100,00
14:26:23      10    0,00    0,00    0,00    0,00    0,00    0,00    0,00    0,00    0,00  100,00
14:26:23      11    0,00    0,00    0,00    0,00    0,00    0,00    0,00    0,00    0,00  100,00
14:26:23      12    0,00    0,00    0,00    0,00    0,00    0,00    0,00    0,00    0,00  100,00
14:26:23      13    0,00    0,00    0,00    0,00    0,00    0,00    0,00    0,00    0,00  100,00
14:26:23      14    0,00    0,00    0,00    0,00    0,00    0,00    0,00    0,00    0,00  100,00
14:26:23      15    0,00    0,00    0,00    0,00    0,00    0,00    0,00    0,00    0,00  100,00
14:26:23      16    0,00    0,00    0,00    0,00    0,00    0,00    0,00    0,00    0,00  100,00
14:26:23      17    0,00    0,00    0,00    0,00    0,00    0,00    0,00    0,00    0,00  100,00
14:26:23      18    0,00    0,00    0,00    0,00    0,00    0,00    0,00    0,00    0,00  100,00
14:26:23      19    0,00    0,00    0,00    0,00    0,00    0,00    0,00    0,00    0,00  100,00
14:26:23      20    0,00    0,00    0,00    0,00    0,00    0,00    0,00    0,00    0,00  100,00
14:26:23      21    0,00    0,00    0,00    0,00    0,00    0,00    0,00    0,00    0,00  100,00
14:26:23      22    0,00    0,00    0,00    0,00    0,00    0,00    0,00    0,00    0,00  100,00
14:26:23      23    0,00    0,00    0,00    0,00    0,00    0,00    0,00    0,00    0,00  100,00

14:26:23     CPU    %usr   %nice    %sys %iowait    %irq   %soft  %steal  %guest  %gnice   %idle
14:26:24     all    0,62    0,00    0,42    0,00    0,00   16,65    0,00    0,00    0,00   82,31
14:26:24       0    0,00    0,00    0,00    0,00    0,00  100,00    0,00    0,00    0,00    0,00
14:26:24       1    0,00    0,00    0,00    0,00    0,00  100,00    0,00    0,00    0,00    0,00
14:26:24       2    0,00    0,00    0,00    0,00    0,00  100,00    0,00    0,00    0,00    0,00
14:26:24       3    0,00    0,00    0,00    0,00    0,00  100,00    0,00    0,00    0,00    0,00
14:26:24       4    0,00    0,00    0,00    0,00    0,00    0,00    0,00    0,00    0,00  100,00
14:26:24       5    1,00    0,00    0,00    0,00    0,00    0,00    0,00    0,00    0,00   99,00
14:26:24       6    0,00    0,00    0,00    0,00    0,00    0,00    0,00    0,00    0,00  100,00
14:26:24       7    0,00    0,00    0,00    0,00    0,00    0,00    0,00    0,00    0,00  100,00
14:26:24       8    0,00    0,00    0,00    0,00    0,00    0,00    0,00    0,00    0,00  100,00
14:26:24       9    0,00    0,00    0,00    0,00    0,00    0,00    0,00    0,00    0,00  100,00
14:26:24      10   11,88    0,00    7,92    0,00    0,00    0,00    0,00    0,00    0,00   80,20
14:26:24      11    0,00    0,00    0,00    0,00    0,00    0,00    0,00    0,00    0,00  100,00
14:26:24      12    0,99    0,00    0,00    0,00    0,00    0,00    0,00    0,00    0,00   99,01
14:26:24      13    0,00    0,00    0,00    0,00    0,00    0,00    0,00    0,00    0,00  100,00
14:26:24      14    0,00    0,00    0,00    0,00    0,00    0,00    0,00    0,00    0,00  100,00
14:26:24      15    0,00    0,00    0,00    0,00    0,00    0,00    0,00    0,00    0,00  100,00
14:26:24      16    0,99    0,00    1,98    0,00    0,00    0,00    0,00    0,00    0,00   97,03
14:26:24      17    0,00    0,00    0,00    0,00    0,00    0,00    0,00    0,00    0,00  100,00
14:26:24      18    0,00    0,00    0,00    0,00    0,00    0,00    0,00    0,00    0,00  100,00
14:26:24      19    0,00    0,00    0,00    0,00    0,00    0,00    0,00    0,00    0,00  100,00
14:26:24      20    0,00    0,00    0,00    0,00    0,00    0,00    0,00    0,00    0,00  100,00
14:26:24      21    0,00    0,00    0,00    0,00    0,00    0,00    0,00    0,00    0,00  100,00
14:26:24      22    0,00    0,00    0,00    0,00    0,00    0,00    0,00    0,00    0,00  100,00
14:26:24      23    0,00    0,00    0,00    0,00    0,00    0,00    0,00    0,00    0,00  100,00

14:26:24     CPU    %usr   %nice    %sys %iowait    %irq   %soft  %steal  %guest  %gnice   %idle
14:26:25     all    0,00    0,00    0,04    0,08    0,00   16,68    0,00    0,00    0,00   83,19
14:26:25       0    0,00    0,00    0,00    0,00    0,00  100,00    0,00    0,00    0,00    0,00
14:26:25       1    0,00    0,00    0,00    0,00    0,00  100,00    0,00    0,00    0,00    0,00
14:26:25       2    0,00    0,00    0,00    0,00    0,00  100,00    0,00    0,00    0,00    0,00
14:26:25       3    0,00    0,00    0,00    0,00    0,00  100,00    0,00    0,00    0,00    0,00
14:26:25       4    0,00    0,00    0,00    0,00    0,00    0,00    0,00    0,00    0,00  100,00
14:26:25       5    0,00    0,00    0,00    0,00    0,00    0,00    0,00    0,00    0,00  100,00
14:26:25       6    0,00    0,00    0,00    1,01    0,00    0,00    0,00    0,00    0,00   98,99
14:26:25       7    0,00    0,00    0,00    0,00    0,00    0,00    0,00    0,00    0,00  100,00
14:26:25       8    0,00    0,00    0,00    0,00    0,00    0,00    0,00    0,00    0,00  100,00
14:26:25       9    0,00    0,00    0,00    0,00    0,00    0,00    0,00    0,00    0,00  100,00
14:26:25      10    0,00    0,00    0,00    0,00    0,00    0,00    0,00    0,00    0,00  100,00
14:26:25      11    0,00    0,00    0,00    0,00    0,00    0,00    0,00    0,00    0,00  100,00
14:26:25      12    0,00    0,00    0,00    0,00    0,00    0,00    0,00    0,00    0,00  100,00
14:26:25      13    0,00    0,00    0,00    0,00    0,00    0,00    0,00    0,00    0,00  100,00
14:26:25      14    0,00    0,00    0,00    1,00    0,00    0,00    0,00    0,00    0,00   99,00
14:26:25      15    0,00    0,00    0,00    0,00    0,00    0,00    0,00    0,00    0,00  100,00
14:26:25      16    0,00    0,00    0,00    0,00    0,00    0,00    0,00    0,00    0,00  100,00
14:26:25      17    0,00    0,00    1,00    0,00    0,00    0,00    0,00    0,00    0,00   99,00
14:26:25      18    0,00    0,00    0,00    0,00    0,00    0,00    0,00    0,00    0,00  100,00
14:26:25      19    0,00    0,00    0,00    0,00    0,00    0,00    0,00    0,00    0,00  100,00
14:26:25      20    0,00    0,00    0,00    0,00    0,00    0,00    0,00    0,00    0,00  100,00
14:26:25      21    0,00    0,00    0,00    0,00    0,00    0,00    0,00    0,00    0,00  100,00
14:26:25      22    0,00    0,00    0,00    0,00    0,00    0,00    0,00    0,00    0,00  100,00
14:26:25      23    0,00    0,00    0,00    0,00    0,00    0,00    0,00    0,00    0,00  100,00

14:26:25     CPU    %usr   %nice    %sys %iowait    %irq   %soft  %steal  %guest  %gnice   %idle
14:26:26     all    0,79    0,00    0,25    0,00    0,00   16,67    0,00    0,00    0,00   82,28
14:26:26       0    0,00    0,00    0,00    0,00    0,00  100,00    0,00    0,00    0,00    0,00
14:26:26       1    0,00    0,00    0,00    0,00    0,00  100,00    0,00    0,00    0,00    0,00
14:26:26       2    0,00    0,00    0,00    0,00    0,00  100,00    0,00    0,00    0,00    0,00
14:26:26       3    0,00    0,00    0,00    0,00    0,00  100,00    0,00    0,00    0,00    0,00
14:26:26       4    0,00    0,00    0,00    0,00    0,00    0,00    0,00    0,00    0,00  100,00
14:26:26       5    0,00    0,00    0,00    0,00    0,00    0,00    0,00    0,00    0,00  100,00
14:26:26       6    0,00    0,00    0,00    0,00    0,00    0,00    0,00    0,00    0,00  100,00
14:26:26       7    0,00    0,00    0,00    0,00    0,00    0,00    0,00    0,00    0,00  100,00
14:26:26       8    1,01    0,00    1,01    0,00    0,00    0,00    0,00    0,00    0,00   97,98
14:26:26       9    0,00    0,00    0,00    0,00    0,00    0,00    0,00    0,00    0,00  100,00
14:26:26      10    3,00    0,00    1,00    0,00    0,00    0,00    0,00    0,00    0,00   96,00
14:26:26      11    0,00    0,00    0,00    0,00    0,00    0,00    0,00    0,00    0,00  100,00
14:26:26      12    0,00    0,00    0,99    0,00    0,00    0,00    0,00    0,00    0,00   99,01
14:26:26      13    0,00    0,00    0,00    0,00    0,00    0,00    0,00    0,00    0,00  100,00
14:26:26      14    0,00    0,00    0,00    0,00    0,00    0,00    0,00    0,00    0,00  100,00
14:26:26      15    0,00    0,00    0,00    0,00    0,00    0,00    0,00    0,00    0,00  100,00
14:26:26      16    1,00    0,00    0,00    0,00    0,00    0,00    0,00    0,00    0,00   99,00
14:26:26      17    1,00    0,00    0,00    0,00    0,00    0,00    0,00    0,00    0,00   99,00
14:26:26      18    9,00    0,00    1,00    0,00    0,00    0,00    0,00    0,00    0,00   90,00
14:26:26      19    0,00    0,00    0,00    0,00    0,00    0,00    0,00    0,00    0,00  100,00
14:26:26      20    1,00    0,00    0,00    0,00    0,00    0,00    0,00    0,00    0,00   99,00
14:26:26      21    1,00    0,00    1,00    0,00    0,00    0,00    0,00    0,00    0,00   98,00
14:26:26      22    0,99    0,00    0,99    0,00    0,00    0,00    0,00    0,00    0,00   98,02
14:26:26      23    1,00    0,00    0,00    0,00    0,00    0,00    0,00    0,00    0,00   99,00
