Linux 6.8.0-111-generic (testbed-node6) 	07/05/26 	_x86_64_	(24 CPU)

16:22:35     CPU    %usr   %nice    %sys %iowait    %irq   %soft  %steal  %guest  %gnice   %idle
16:22:36     all    0,83    0,00    0,37    0,12    0,00   28,56    0,00    0,00    0,00   70,11
16:22:36       0    0,00    0,00    0,97    0,00    0,00   71,84    0,00    0,00    0,00   27,18
16:22:36       1   14,00    0,00    1,00    0,00    0,00    1,00    0,00    0,00    0,00   84,00
16:22:36       2    1,01    0,00    1,01    0,00    0,00    0,00    0,00    0,00    0,00   97,98
16:22:36       3    0,00    0,00    0,00    0,00    0,00   59,43    0,00    0,00    0,00   40,57
16:22:36       4    0,00    0,00    0,00    0,00    0,00    0,00    0,00    0,00    0,00  100,00
16:22:36       5    0,00    0,00    0,00    0,00    0,00   57,73    0,00    0,00    0,00   42,27
16:22:36       6    1,00    0,00    0,00    0,00    0,00    0,00    0,00    0,00    0,00   99,00
16:22:36       7    0,00    0,00    0,00    1,00    0,00    0,00    0,00    0,00    0,00   99,00
16:22:36       8    0,00    0,00    0,00    1,02    0,00    0,00    0,00    0,00    0,00   98,98
16:22:36       9    0,00    0,00    0,00    0,00    0,00   57,00    0,00    0,00    0,00   43,00
16:22:36      10    0,00    0,00    0,00    0,00    0,00   74,26    0,00    0,00    0,00   25,74
16:22:36      11    0,00    0,00    0,97    0,00    0,00   72,82    0,00    0,00    0,00   26,21
16:22:36      12    0,00    0,00    0,99    0,99    0,00    0,00    0,00    0,00    0,00   98,02
16:22:36      13    0,00    0,00    0,00    0,00    0,00    0,00    0,00    0,00    0,00  100,00
16:22:36      14    0,00    0,00    0,00    0,00    0,00   72,55    0,00    0,00    0,00   27,45
16:22:36      15    0,00    0,00    0,00    0,00    0,00   71,72    0,00    0,00    0,00   28,28
16:22:36      16    1,00    0,00    2,00    0,00    0,00    0,00    0,00    0,00    0,00   97,00
16:22:36      17    1,00    0,00    1,00    0,00    0,00    0,00    0,00    0,00    0,00   98,00
16:22:36      18    0,00    0,00    1,00    0,00    0,00    0,00    0,00    0,00    0,00   99,00
16:22:36      19    1,01    0,00    0,00    0,00    0,00    0,00    0,00    0,00    0,00   98,99
16:22:36      20    0,97    0,00    0,00    0,00    0,00   70,87    0,00    0,00    0,00   28,16
16:22:36      21    0,00    0,00    0,00    0,00    0,00    0,00    0,00    0,00    0,00  100,00
16:22:36      22    0,00    0,00    0,00    0,00    0,00    0,00    0,00    0,00    0,00  100,00
16:22:36      23    0,00    0,00    0,00    0,00    0,00   69,00    0,00    0,00    0,00   31,00

16:22:36     CPU    %usr   %nice    %sys %iowait    %irq   %soft  %steal  %guest  %gnice   %idle
16:22:37     all    0,37    0,00    0,25    0,00    0,00   28,01    0,00    0,00    0,00   71,37
16:22:37       0    0,00    0,00    0,00    0,00    0,00   67,96    0,00    0,00    0,00   32,04
16:22:37       1    0,00    0,00    0,00    0,00    0,00    0,00    0,00    0,00    0,00  100,00
16:22:37       2    0,00    0,00    0,00    0,00    0,00    0,00    0,00    0,00    0,00  100,00
16:22:37       3    0,00    0,00    0,00    0,00    0,00   56,07    0,00    0,00    0,00   43,93
16:22:37       4    1,00    0,00    0,00    0,00    0,00    0,00    0,00    0,00    0,00   99,00
16:22:37       5    0,00    0,00    0,00    0,00    0,00   58,00    0,00    0,00    0,00   42,00
16:22:37       6    2,97    0,00    0,99    0,00    0,00    0,00    0,00    0,00    0,00   96,04
16:22:37       7    0,00    0,00    0,99    0,00    0,00    0,00    0,00    0,00    0,00   99,01
16:22:37       8    0,99    0,00    0,99    0,00    0,00    0,00    0,00    0,00    0,00   98,02
16:22:37       9    0,00    0,00    0,00    0,00    0,00   54,64    0,00    0,00    0,00   45,36
16:22:37      10    0,00    0,00    0,00    0,00    0,00   72,55    0,00    0,00    0,00   27,45
16:22:37      11    0,00    0,00    0,00    0,00    0,00   71,29    0,00    0,00    0,00   28,71
16:22:37      12    0,00    0,00    0,00    0,00    0,00    0,00    0,00    0,00    0,00  100,00
16:22:37      13    0,99    0,00    0,00    0,00    0,00    0,00    0,00    0,00    0,00   99,01
16:22:37      14    0,00    0,00    0,00    0,00    0,00   72,55    0,00    0,00    0,00   27,45
16:22:37      15    0,00    0,00    0,98    0,00    0,00   70,59    0,00    0,00    0,00   28,43
16:22:37      16    1,01    0,00    0,00    0,00    0,00    0,00    0,00    0,00    0,00   98,99
16:22:37      17    0,00    0,00    0,99    0,00    0,00    0,00    0,00    0,00    0,00   99,01
16:22:37      18    0,00    0,00    0,00    0,00    0,00    0,00    0,00    0,00    0,00  100,00
16:22:37      19    1,98    0,00    0,99    0,00    0,00    0,00    0,00    0,00    0,00   97,03
16:22:37      20    0,00    0,00    0,00    0,00    0,00   70,19    0,00    0,00    0,00   29,81
16:22:37      21    0,00    0,00    0,00    0,00    0,00    0,00    0,00    0,00    0,00  100,00
16:22:37      22    0,00    0,00    0,00    0,00    0,00    0,00    0,00    0,00    0,00  100,00
16:22:37      23    0,00    0,00    0,00    0,00    0,00   70,87    0,00    0,00    0,00   29,13

16:22:37     CPU    %usr   %nice    %sys %iowait    %irq   %soft  %steal  %guest  %gnice   %idle
16:22:38     all    2,40    0,00    1,41    0,00    0,00   30,51    0,00    0,00    0,00   65,69
16:22:38       0    0,97    0,00    0,00    0,00    0,00   75,73    0,00    0,00    0,00   23,30
16:22:38       1   11,88    0,00    1,98    0,00    0,00    0,99    0,00    0,00    0,00   85,15
16:22:38       2    2,00    0,00    1,00    0,00    0,00    0,00    0,00    0,00    0,00   97,00
16:22:38       3    0,00    0,00    0,00    0,00    0,00   60,58    0,00    0,00    0,00   39,42
16:22:38       4    0,00    0,00    0,00    0,00    0,00    0,00    0,00    0,00    0,00  100,00
16:22:38       5    0,00    0,00    0,00    0,00    0,00   61,39    0,00    0,00    0,00   38,61
16:22:38       6    1,00    0,00    1,00    0,00    0,00    0,00    0,00    0,00    0,00   98,00
16:22:38       7    0,00    0,00    0,00    0,00    0,00    0,00    0,00    0,00    0,00  100,00
16:22:38       8    2,00    0,00    0,00    0,00    0,00    0,00    0,00    0,00    0,00   98,00
16:22:38       9    0,00    0,00    0,00    0,00    0,00   58,59    0,00    0,00    0,00   41,41
16:22:38      10    0,00    0,00    0,97    0,00    0,00   78,64    0,00    0,00    0,00   20,39
16:22:38      11    0,00    0,00    0,00    0,00    0,00   79,21    0,00    0,00    0,00   20,79
16:22:38      12    2,00    0,00    0,00    0,00    0,00    0,00    0,00    0,00    0,00   98,00
16:22:38      13    0,00    0,00    0,00    0,00    0,00    0,00    0,00    0,00    0,00  100,00
16:22:38      14    0,00    0,00    0,00    0,00    0,00   79,21    0,00    0,00    0,00   20,79
16:22:38      15    0,00    0,00    0,00    0,00    0,00   79,41    0,00    0,00    0,00   20,59
16:22:38      16   10,10    0,00    6,06    0,00    0,00    0,00    0,00    0,00    0,00   83,84
16:22:38      17    6,06    0,00    6,06    0,00    0,00    1,01    0,00    0,00    0,00   86,87
16:22:38      18    4,04    0,00    3,03    0,00    0,00    0,00    0,00    0,00    0,00   92,93
16:22:38      19   11,11    0,00    6,06    0,00    0,00    0,00    0,00    0,00    0,00   82,83
16:22:38      20    0,00    0,00    1,96    0,00    0,00   72,55    0,00    0,00    0,00   25,49
16:22:38      21    2,00    0,00    3,00    0,00    0,00    0,00    0,00    0,00    0,00   95,00
16:22:38      22    3,92    0,00    1,96    0,00    0,00    0,00    0,00    0,00    0,00   94,12
16:22:38      23    0,96    0,00    0,96    0,00    0,00   75,96    0,00    0,00    0,00   22,12

16:22:38     CPU    %usr   %nice    %sys %iowait    %irq   %soft  %steal  %guest  %gnice   %idle
16:22:39     all    0,25    0,00    0,21    0,00    0,00   27,88    0,00    0,00    0,00   71,67
16:22:39       0    0,00    0,00    0,00    0,00    0,00   66,67    0,00    0,00    0,00   33,33
16:22:39       1    0,00    0,00    0,00    0,00    0,00    1,00    0,00    0,00    0,00   99,00
16:22:39       2    0,00    0,00    0,00    0,00    0,00    0,00    0,00    0,00    0,00  100,00
16:22:39       3    0,00    0,00    0,00    0,00    0,00   57,41    0,00    0,00    0,00   42,59
16:22:39       4    0,00    0,00    0,00    0,00    0,00    0,00    0,00    0,00    0,00  100,00
16:22:39       5    0,00    0,00    0,00    0,00    0,00   58,42    0,00    0,00    0,00   41,58
16:22:39       6    0,00    0,00    0,00    0,00    0,00    0,00    0,00    0,00    0,00  100,00
16:22:39       7    0,00    0,00    0,00    0,00    0,00    0,00    0,00    0,00    0,00  100,00
16:22:39       8    1,00    0,00    0,00    0,00    0,00    0,00    0,00    0,00    0,00   99,00
16:22:39       9    0,00    0,00    0,00    0,00    0,00   55,56    0,00    0,00    0,00   44,44
16:22:39      10    0,00    0,00    0,00    0,00    0,00   70,00    0,00    0,00    0,00   30,00
16:22:39      11    0,00    0,00    0,00    0,00    0,00   71,84    0,00    0,00    0,00   28,16
16:22:39      12    0,00    0,00    0,00    0,00    0,00    0,00    0,00    0,00    0,00  100,00
16:22:39      13    0,00    0,00    0,00    0,00    0,00    0,00    0,00    0,00    0,00  100,00
16:22:39      14    0,00    0,00    0,00    0,00    0,00   71,43    0,00    0,00    0,00   28,57
16:22:39      15    0,00    0,00    0,00    0,00    0,00   71,29    0,00    0,00    0,00   28,71
16:22:39      16    0,00    0,00    1,00    0,00    0,00    0,00    0,00    0,00    0,00   99,00
16:22:39      17    1,98    0,00    1,98    0,00    0,00    0,00    0,00    0,00    0,00   96,04
16:22:39      18    1,01    0,00    1,01    0,00    0,00    0,00    0,00    0,00    0,00   97,98
16:22:39      19    1,98    0,00    0,99    0,00    0,00    0,00    0,00    0,00    0,00   97,03
16:22:39      20    0,00    0,00    0,00    0,00    0,00   68,32    0,00    0,00    0,00   31,68
16:22:39      21    0,00    0,00    0,00    0,00    0,00    0,00    0,00    0,00    0,00  100,00
16:22:39      22    0,00    0,00    0,00    0,00    0,00    0,00    0,00    0,00    0,00  100,00
16:22:39      23    0,00    0,00    0,00    0,00    0,00   70,87    0,00    0,00    0,00   29,13

16:22:39     CPU    %usr   %nice    %sys %iowait    %irq   %soft  %steal  %guest  %gnice   %idle
16:22:40     all    0,54    0,00    0,17    0,00    0,00   28,44    0,00    0,00    0,00   70,85
16:22:40       0    0,00    0,00    0,00    0,00    0,00   68,93    0,00    0,00    0,00   31,07
16:22:40       1    0,00    0,00    0,00    0,00    0,00    1,98    0,00    0,00    0,00   98,02
16:22:40       2    0,00    0,00    0,00    0,00    0,00    0,00    0,00    0,00    0,00  100,00
16:22:40       3    0,00    0,00    0,00    0,00    0,00   56,60    0,00    0,00    0,00   43,40
16:22:40       4    0,99    0,00    0,00    0,00    0,00    0,00    0,00    0,00    0,00   99,01
16:22:40       5    0,00    0,00    0,00    0,00    0,00   59,18    0,00    0,00    0,00   40,82
16:22:40       6    0,00    0,00    0,00    0,00    0,00    0,00    0,00    0,00    0,00  100,00
16:22:40       7    0,00    0,00    0,00    0,00    0,00    0,00    0,00    0,00    0,00  100,00
16:22:40       8    0,00    0,00    0,00    0,00    0,00    0,00    0,00    0,00    0,00  100,00
16:22:40       9    0,00    0,00    0,00    0,00    0,00   57,43    0,00    0,00    0,00   42,57
16:22:40      10    0,00    0,00    0,00    0,00    0,00   73,08    0,00    0,00    0,00   26,92
16:22:40      11    0,00    0,00    0,00    0,00    0,00   72,16    0,00    0,00    0,00   27,84
16:22:40      12    0,00    0,00    0,00    0,00    0,00    0,00    0,00    0,00    0,00  100,00
16:22:40      13    0,00    0,00    0,00    0,00    0,00    0,00    0,00    0,00    0,00  100,00
16:22:40      14    0,00    0,00    0,00    0,00    0,00   73,27    0,00    0,00    0,00   26,73
16:22:40      15    0,00    0,00    0,00    0,00    0,00   72,28    0,00    0,00    0,00   27,72
16:22:40      16    1,98    0,00    0,99    0,00    0,00    0,00    0,00    0,00    0,00   97,03
16:22:40      17    0,99    0,00    1,98    0,00    0,00    0,00    0,00    0,00    0,00   97,03
16:22:40      18    1,00    0,00    1,00    0,00    0,00    0,00    0,00    0,00    0,00   98,00
16:22:40      19    7,07    0,00    0,00    0,00    0,00    0,00    0,00    0,00    0,00   92,93
16:22:40      20    0,00    0,00    0,00    0,00    0,00   72,28    0,00    0,00    0,00   27,72
16:22:40      21    1,00    0,00    0,00    0,00    0,00    0,00    0,00    0,00    0,00   99,00
16:22:40      22    0,00    0,00    0,00    0,00    0,00    0,00    0,00    0,00    0,00  100,00
16:22:40      23    0,00    0,00    0,00    0,00    0,00   71,72    0,00    0,00    0,00   28,28

16:22:40     CPU    %usr   %nice    %sys %iowait    %irq   %soft  %steal  %guest  %gnice   %idle
16:22:41     all    0,58    0,00    0,17    0,04    0,00   28,49    0,00    0,00    0,00   70,72
16:22:41       0    0,00    0,00    0,00    0,00    0,00   68,32    0,00    0,00    0,00   31,68
16:22:41       1    0,00    0,00    0,00    0,00    0,00    1,00    0,00    0,00    0,00   99,00
16:22:41       2    0,00    0,00    0,00    0,00    0,00    0,00    0,00    0,00    0,00  100,00
16:22:41       3    0,00    0,00    0,00    0,00    0,00   57,55    0,00    0,00    0,00   42,45
16:22:41       4    0,00    0,00    0,00    0,00    0,00    0,00    0,00    0,00    0,00  100,00
16:22:41       5    0,00    0,00    0,00    0,00    0,00   58,16    0,00    0,00    0,00   41,84
16:22:41       6    0,00    0,00    0,00    0,00    0,00    0,00    0,00    0,00    0,00  100,00
16:22:41       7    0,00    0,00    0,00    0,00    0,00    0,00    0,00    0,00    0,00  100,00
16:22:41       8    0,00    0,00    1,00    1,00    0,00    0,00    0,00    0,00    0,00   98,00
16:22:41       9    0,00    0,00    0,00    0,00    0,00   54,64    0,00    0,00    0,00   45,36
16:22:41      10    0,00    0,00    0,00    0,00    0,00   72,82    0,00    0,00    0,00   27,18
16:22:41      11    0,00    0,00    0,00    0,00    0,00   73,27    0,00    0,00    0,00   26,73
16:22:41      12    0,00    0,00    1,00    0,00    0,00    0,00    0,00    0,00    0,00   99,00
16:22:41      13    0,00    0,00    0,00    0,00    0,00    0,00    0,00    0,00    0,00  100,00
16:22:41      14    0,00    0,00    0,00    0,00    0,00   73,53    0,00    0,00    0,00   26,47
16:22:41      15    0,00    0,00    0,00    0,00    0,00   72,90    0,00    0,00    0,00   27,10
16:22:41      16    1,01    0,00    0,00    0,00    0,00    0,00    0,00    0,00    0,00   98,99
16:22:41      17    0,00    0,00    0,00    0,00    0,00    0,00    0,00    0,00    0,00  100,00
16:22:41      18    1,01    0,00    0,00    0,00    0,00    0,00    0,00    0,00    0,00   98,99
16:22:41      19   11,00    0,00    1,00    0,00    0,00    0,00    0,00    0,00    0,00   88,00
16:22:41      20    0,00    0,00    0,00    0,00    0,00   71,29    0,00    0,00    0,00   28,71
16:22:41      21    1,01    0,00    0,00    0,00    0,00    0,00    0,00    0,00    0,00   98,99
16:22:41      22    0,00    0,00    0,00    0,00    0,00    0,00    0,00    0,00    0,00  100,00
16:22:41      23    0,00    0,00    0,97    0,00    0,00   69,90    0,00    0,00    0,00   29,13

16:22:41     CPU    %usr   %nice    %sys %iowait    %irq   %soft  %steal  %guest  %gnice   %idle
16:22:42     all    0,87    0,00    0,21    0,00    0,00   29,07    0,00    0,00    0,00   69,85
16:22:42       0    0,00    0,00    0,00    0,00    0,00   70,30    0,00    0,00    0,00   29,70
16:22:42       1    1,00    0,00    0,00    0,00    0,00    1,00    0,00    0,00    0,00   98,00
16:22:42       2    1,00    0,00    0,00    0,00    0,00    0,00    0,00    0,00    0,00   99,00
16:22:42       3    0,00    0,00    0,00    0,00    0,00   58,49    0,00    0,00    0,00   41,51
16:22:42       4    0,00    0,00    0,00    0,00    0,00    0,00    0,00    0,00    0,00  100,00
16:22:42       5    0,00    0,00    0,00    0,00    0,00   59,80    0,00    0,00    0,00   40,20
16:22:42       6    0,00    0,00    0,00    0,00    0,00    0,00    0,00    0,00    0,00  100,00
16:22:42       7    0,00    0,00    0,00    0,00    0,00    0,00    0,00    0,00    0,00  100,00
16:22:42       8    0,00    0,00    0,00    0,00    0,00    0,00    0,00    0,00    0,00  100,00
16:22:42       9    0,00    0,00    0,00    0,00    0,00   56,12    0,00    0,00    0,00   43,88
16:22:42      10    0,00    0,00    0,00    0,00    0,00   74,76    0,00    0,00    0,00   25,24
16:22:42      11    0,00    0,00    0,97    0,00    0,00   73,79    0,00    0,00    0,00   25,24
16:22:42      12    0,99    0,00    0,00    0,00    0,00    0,00    0,00    0,00    0,00   99,01
16:22:42      13    0,00    0,00    0,00    0,00    0,00    0,00    0,00    0,00    0,00  100,00
16:22:42      14    0,00    0,00    0,00    0,00    0,00   74,51    0,00    0,00    0,00   25,49
16:22:42      15    0,00    0,00    0,00    0,00    0,00   75,49    0,00    0,00    0,00   24,51
16:22:42      16    1,00    0,00    0,00    0,00    0,00    0,00    0,00    0,00    0,00   99,00
16:22:42      17    6,93    0,00    0,99    0,00    0,00    0,00    0,00    0,00    0,00   92,08
16:22:42      18    1,00    0,00    1,00    0,00    0,00    0,00    0,00    0,00    0,00   98,00
16:22:42      19    6,06    0,00    1,01    0,00    0,00    0,00    0,00    0,00    0,00   92,93
16:22:42      20    0,00    0,00    0,00    0,00    0,00   71,57    0,00    0,00    0,00   28,43
16:22:42      21    1,01    0,00    0,00    0,00    0,00    0,00    0,00    0,00    0,00   98,99
16:22:42      22    1,98    0,00    0,99    0,00    0,00    0,00    0,00    0,00    0,00   97,03
16:22:42      23    0,00    0,00    0,00    0,00    0,00   73,27    0,00    0,00    0,00   26,73

16:22:42     CPU    %usr   %nice    %sys %iowait    %irq   %soft  %steal  %guest  %gnice   %idle
16:22:43     all    0,54    0,00    0,37    0,00    0,00   28,80    0,00    0,00    0,00   70,30
16:22:43       0    0,00    0,00    0,00    0,00    0,00   68,57    0,00    0,00    0,00   31,43
16:22:43       1    0,00    0,00    0,00    0,00    0,00    1,00    0,00    0,00    0,00   99,00
16:22:43       2    0,00    0,00    0,00    0,00    0,00    0,00    0,00    0,00    0,00  100,00
16:22:43       3    0,00    0,00    0,91    0,00    0,00   58,18    0,00    0,00    0,00   40,91
16:22:43       4    1,00    0,00    0,00    0,00    0,00    0,00    0,00    0,00    0,00   99,00
16:22:43       5    0,00    0,00    0,00    0,00    0,00   59,41    0,00    0,00    0,00   40,59
16:22:43       6    0,99    0,00    0,00    0,00    0,00    0,00    0,00    0,00    0,00   99,01
16:22:43       7    0,00    0,00    0,00    0,00    0,00    0,00    0,00    0,00    0,00  100,00
16:22:43       8    0,00    0,00    0,00    0,00    0,00    0,00    0,00    0,00    0,00  100,00
16:22:43       9    0,00    0,00    0,00    0,00    0,00   58,25    0,00    0,00    0,00   41,75
16:22:43      10    0,00    0,00    0,00    0,00    0,00   74,26    0,00    0,00    0,00   25,74
16:22:43      11    0,00    0,00    0,00    0,00    0,00   73,27    0,00    0,00    0,00   26,73
16:22:43      12    0,00    0,00    0,00    0,00    0,00    0,00    0,00    0,00    0,00  100,00
16:22:43      13    0,00    0,00    0,00    0,00    0,00    0,00    0,00    0,00    0,00  100,00
16:22:43      14    0,00    0,00    1,01    0,00    0,00   73,74    0,00    0,00    0,00   25,25
16:22:43      15    0,00    0,00    0,00    0,00    0,00   74,00    0,00    0,00    0,00   26,00
16:22:43      16    5,00    0,00    2,00    0,00    0,00    0,00    0,00    0,00    0,00   93,00
16:22:43      17    4,00    0,00    2,00    0,00    0,00    0,00    0,00    0,00    0,00   94,00
16:22:43      18    0,00    0,00    0,00    0,00    0,00    0,00    0,00    0,00    0,00  100,00
16:22:43      19    0,99    0,00    0,99    0,00    0,00    0,00    0,00    0,00    0,00   98,02
16:22:43      20    0,00    0,00    0,96    0,00    0,00   69,23    0,00    0,00    0,00   29,81
16:22:43      21    1,00    0,00    1,00    0,00    0,00    0,00    0,00    0,00    0,00   98,00
16:22:43      22    0,00    0,00    0,00    0,00    0,00    0,00    0,00    0,00    0,00  100,00
16:22:43      23    0,00    0,00    0,00    0,00    0,00   71,57    0,00    0,00    0,00   28,43

16:22:43     CPU    %usr   %nice    %sys %iowait    %irq   %soft  %steal  %guest  %gnice   %idle
16:22:44     all    0,46    0,00    0,12    0,04    0,00   28,07    0,00    0,00    0,00   71,31
16:22:44       0    0,00    0,00    0,00    0,00    0,00   67,68    0,00    0,00    0,00   32,32
16:22:44       1    0,98    0,00    0,00    0,00    0,00    1,96    0,00    0,00    0,00   97,06
16:22:44       2    0,99    0,00    0,99    0,00    0,00    0,00    0,00    0,00    0,00   98,02
16:22:44       3    0,00    0,00    0,00    0,00    0,00   56,60    0,00    0,00    0,00   43,40
16:22:44       4    0,00    0,00    0,00    0,00    0,00    0,00    0,00    0,00    0,00  100,00
16:22:44       5    0,00    0,00    0,00    0,00    0,00   57,73    0,00    0,00    0,00   42,27
16:22:44       6    0,00    0,00    0,00    0,00    0,00    0,00    0,00    0,00    0,00  100,00
16:22:44       7    0,00    0,00    0,00    0,00    0,00    0,00    0,00    0,00    0,00  100,00
16:22:44       8    1,01    0,00    0,00    0,00    0,00    0,00    0,00    0,00    0,00   98,99
16:22:44       9    0,00    0,00    0,00    0,00    0,00   55,67    0,00    0,00    0,00   44,33
16:22:44      10    0,00    0,00    0,00    0,00    0,00   72,82    0,00    0,00    0,00   27,18
16:22:44      11    0,00    0,00    0,00    0,00    0,00   72,00    0,00    0,00    0,00   28,00
16:22:44      12    0,00    0,00    0,00    0,00    0,00    0,00    0,00    0,00    0,00  100,00
16:22:44      13    0,00    0,00    0,00    0,00    0,00    0,00    0,00    0,00    0,00  100,00
16:22:44      14    0,00    0,00    0,00    0,00    0,00   71,00    0,00    0,00    0,00   29,00
16:22:44      15    0,00    0,00    0,00    0,00    0,00   71,72    0,00    0,00    0,00   28,28
16:22:44      16    5,00    0,00    1,00    0,00    0,00    0,00    0,00    0,00    0,00   94,00
16:22:44      17    1,01    0,00    0,00    0,00    0,00    0,00    0,00    0,00    0,00   98,99
16:22:44      18    0,99    0,00    0,99    0,99    0,00    0,00    0,00    0,00    0,00   97,03
16:22:44      19    1,01    0,00    0,00    0,00    0,00    0,00    0,00    0,00    0,00   98,99
16:22:44      20    0,00    0,00    0,00    0,00    0,00   72,12    0,00    0,00    0,00   27,88
16:22:44      21    0,00    0,00    0,00    0,00    0,00    0,00    0,00    0,00    0,00  100,00
16:22:44      22    0,00    0,00    0,00    0,00    0,00    0,00    0,00    0,00    0,00  100,00
16:22:44      23    0,00    0,00    0,00    0,00    0,00   71,29    0,00    0,00    0,00   28,71

16:22:44     CPU    %usr   %nice    %sys %iowait    %irq   %soft  %steal  %guest  %gnice   %idle
16:22:45     all    0,54    0,00    0,33    0,00    0,00   27,68    0,00    0,00    0,00   71,45
16:22:45       0    0,00    0,00    0,00    0,00    0,00   66,67    0,00    0,00    0,00   33,33
16:22:45       1    0,00    0,00    0,00    0,00    0,00    0,00    0,00    0,00    0,00  100,00
16:22:45       2    0,99    0,00    0,00    0,00    0,00    0,00    0,00    0,00    0,00   99,01
16:22:45       3    0,00    0,00    0,00    0,00    0,00   56,19    0,00    0,00    0,00   43,81
16:22:45       4    0,99    0,00    0,99    0,00    0,00    0,00    0,00    0,00    0,00   98,02
16:22:45       5    0,00    0,00    0,00    0,00    0,00   58,42    0,00    0,00    0,00   41,58
16:22:45       6    0,00    0,00    0,00    0,00    0,00    0,00    0,00    0,00    0,00  100,00
16:22:45       7    0,00    0,00    0,00    0,00    0,00    0,00    0,00    0,00    0,00  100,00
16:22:45       8    2,94    0,00    0,98    0,00    0,00    0,00    0,00    0,00    0,00   96,08
16:22:45       9    4,04    0,00    3,03    0,00    0,00   56,57    0,00    0,00    0,00   36,36
16:22:45      10    0,00    0,00    0,00    0,00    0,00   71,29    0,00    0,00    0,00   28,71
16:22:45      11    0,00    0,00    0,00    0,00    0,00   70,30    0,00    0,00    0,00   29,70
16:22:45      12    1,00    0,00    0,00    0,00    0,00    0,00    0,00    0,00    0,00   99,00
16:22:45      13    0,00    0,00    0,00    0,00    0,00    0,00    0,00    0,00    0,00  100,00
16:22:45      14    0,00    0,00    0,00    0,00    0,00   70,00    0,00    0,00    0,00   30,00
16:22:45      15    0,00    0,00    0,00    0,00    0,00   70,00    0,00    0,00    0,00   30,00
16:22:45      16    1,00    0,00    0,00    0,00    0,00    0,00    0,00    0,00    0,00   99,00
16:22:45      17    0,99    0,00    0,99    0,00    0,00    0,00    0,00    0,00    0,00   98,02
16:22:45      18    0,00    0,00    0,00    0,00    0,00    0,00    0,00    0,00    0,00  100,00
16:22:45      19    0,00    0,00    0,99    0,00    0,00    0,00    0,00    0,00    0,00   99,01
16:22:45      20    0,00    0,00    0,00    0,00    0,00   71,43    0,00    0,00    0,00   28,57
16:22:45      21    0,00    0,00    0,00    0,00    0,00    0,00    0,00    0,00    0,00  100,00
16:22:45      22    0,99    0,00    0,00    0,00    0,00    0,00    0,00    0,00    0,00   99,01
16:22:45      23    0,00    0,00    0,98    0,00    0,00   67,65    0,00    0,00    0,00   31,37

16:22:45     CPU    %usr   %nice    %sys %iowait    %irq   %soft  %steal  %guest  %gnice   %idle
16:22:46     all    0,29    0,00    0,08    0,08    0,00   28,19    0,00    0,00    0,00   71,36
16:22:46       0    0,00    0,00    0,00    0,00    0,00   67,68    0,00    0,00    0,00   32,32
16:22:46       1    0,00    0,00    0,00    0,00    0,00    1,00    0,00    0,00    0,00   99,00
16:22:46       2    0,00    0,00    0,00    0,00    0,00    0,00    0,00    0,00    0,00  100,00
16:22:46       3    0,00    0,00    0,00    0,00    0,00   55,88    0,00    0,00    0,00   44,12
16:22:46       4    0,00    0,00    0,00    0,00    0,00    0,00    0,00    0,00    0,00  100,00
16:22:46       5    0,00    0,00    0,00    0,00    0,00   57,58    0,00    0,00    0,00   42,42
16:22:46       6    1,00    0,00    0,00    0,00    0,00    0,00    0,00    0,00    0,00   99,00
16:22:46       7    0,00    0,00    0,00    0,00    0,00    0,00    0,00    0,00    0,00  100,00
16:22:46       8    1,00    0,00    0,00    1,00    0,00    0,00    0,00    0,00    0,00   98,00
16:22:46       9    0,00    0,00    0,00    0,00    0,00   55,56    0,00    0,00    0,00   44,44
16:22:46      10    0,00    0,00    0,00    0,00    0,00   72,00    0,00    0,00    0,00   28,00
16:22:46      11    0,00    0,00    0,00    0,00    0,00   72,00    0,00    0,00    0,00   28,00
16:22:46      12    0,00    0,00    0,00    1,00    0,00    0,00    0,00    0,00    0,00   99,00
16:22:46      13    0,00    0,00    0,00    0,00    0,00    0,00    0,00    0,00    0,00  100,00
16:22:46      14    0,00    0,00    0,00    0,00    0,00   73,08    0,00    0,00    0,00   26,92
16:22:46      15    0,00    0,00    0,00    0,00    0,00   73,79    0,00    0,00    0,00   26,21
16:22:46      16    1,00    0,00    0,00    0,00    0,00    0,00    0,00    0,00    0,00   99,00
16:22:46      17    1,02    0,00    1,02    0,00    0,00    0,00    0,00    0,00    0,00   97,96
16:22:46      18    0,99    0,00    0,99    0,00    0,00    0,00    0,00    0,00    0,00   98,02
16:22:46      19    1,00    0,00    0,00    0,00    0,00    0,00    0,00    0,00    0,00   99,00
16:22:46      20    0,00    0,00    0,00    0,00    0,00   73,08    0,00    0,00    0,00   26,92
16:22:46      21    0,99    0,00    0,00    0,00    0,00    0,00    0,00    0,00    0,00   99,01
16:22:46      22    0,00    0,00    0,00    0,00    0,00    0,00    0,00    0,00    0,00  100,00
16:22:46      23    0,00    0,00    0,00    0,00    0,00   70,00    0,00    0,00    0,00   30,00

16:22:46     CPU    %usr   %nice    %sys %iowait    %irq   %soft  %steal  %guest  %gnice   %idle
16:22:47     all    0,33    0,00    0,08    0,00    0,00   28,61    0,00    0,00    0,00   70,97
16:22:47       0    0,00    0,00    0,96    0,00    0,00   68,27    0,00    0,00    0,00   30,77
16:22:47       1    0,99    0,00    0,00    0,00    0,00    0,99    0,00    0,00    0,00   98,02
16:22:47       2    0,00    0,00    0,00    0,00    0,00    0,00    0,00    0,00    0,00  100,00
16:22:47       3    0,00    0,00    0,00    0,00    0,00   57,01    0,00    0,00    0,00   42,99
16:22:47       4    2,00    0,00    0,00    0,00    0,00    0,00    0,00    0,00    0,00   98,00
16:22:47       5    0,00    0,00    0,00    0,00    0,00   59,18    0,00    0,00    0,00   40,82
16:22:47       6    0,00    0,00    0,00    0,00    0,00    0,00    0,00    0,00    0,00  100,00
16:22:47       7    0,00    0,00    0,00    0,00    0,00    0,00    0,00    0,00    0,00  100,00
16:22:47       8    0,00    0,00    0,00    0,00    0,00    0,00    0,00    0,00    0,00  100,00
16:22:47       9    0,00    0,00    0,00    0,00    0,00   56,00    0,00    0,00    0,00   44,00
16:22:47      10    0,00    0,00    0,00    0,00    0,00   73,27    0,00    0,00    0,00   26,73
16:22:47      11    0,00    0,00    0,00    0,00    0,00   72,55    0,00    0,00    0,00   27,45
16:22:47      12    0,00    0,00    0,00    0,00    0,00    0,00    0,00    0,00    0,00  100,00
16:22:47      13    0,00    0,00    0,00    0,00    0,00    0,00    0,00    0,00    0,00  100,00
16:22:47      14    0,00    0,00    0,00    0,00    0,00   71,43    0,00    0,00    0,00   28,57
16:22:47      15    0,00    0,00    0,00    0,00    0,00   73,33    0,00    0,00    0,00   26,67
16:22:47      16    1,01    0,00    0,00    0,00    0,00    0,00    0,00    0,00    0,00   98,99
16:22:47      17    0,99    0,00    0,99    0,00    0,00    0,00    0,00    0,00    0,00   98,02
16:22:47      18    1,01    0,00    0,00    0,00    0,00    0,00    0,00    0,00    0,00   98,99
16:22:47      19    2,00    0,00    0,00    0,00    0,00    0,00    0,00    0,00    0,00   98,00
16:22:47      20    0,00    0,00    0,00    0,00    0,00   72,82    0,00    0,00    0,00   27,18
16:22:47      21    0,00    0,00    0,00    0,00    0,00    0,00    0,00    0,00    0,00  100,00
16:22:47      22    0,00    0,00    0,00    0,00    0,00    0,00    0,00    0,00    0,00  100,00
16:22:47      23    0,00    0,00    0,00    0,00    0,00   69,61    0,00    0,00    0,00   30,39

16:22:47     CPU    %usr   %nice    %sys %iowait    %irq   %soft  %steal  %guest  %gnice   %idle
16:22:48     all    0,37    0,00    0,33    0,00    0,00   28,78    0,00    0,00    0,00   70,51
16:22:48       0    0,00    0,00    0,00    0,00    0,00   68,93    0,00    0,00    0,00   31,07
16:22:48       1    0,00    0,00    0,00    0,00    0,00    1,00    0,00    0,00    0,00   99,00
16:22:48       2    0,00    0,00    0,00    0,00    0,00    0,00    0,00    0,00    0,00  100,00
16:22:48       3    0,00    0,00    0,00    0,00    0,00   57,69    0,00    0,00    0,00   42,31
16:22:48       4    1,01    0,00    0,00    0,00    0,00    0,00    0,00    0,00    0,00   98,99
16:22:48       5    0,00    0,00    1,00    0,00    0,00   59,00    0,00    0,00    0,00   40,00
16:22:48       6    0,00    0,00    0,00    0,00    0,00    0,00    0,00    0,00    0,00  100,00
16:22:48       7    0,00    0,00    0,00    0,00    0,00    0,00    0,00    0,00    0,00  100,00
16:22:48       8    1,98    0,00    0,00    0,00    0,00    0,00    0,00    0,00    0,00   98,02
16:22:48       9    0,00    0,00    0,00    0,00    0,00   57,43    0,00    0,00    0,00   42,57
16:22:48      10    0,00    0,00    0,00    0,00    0,00   75,00    0,00    0,00    0,00   25,00
16:22:48      11    0,00    0,00    0,00    0,00    0,00   74,04    0,00    0,00    0,00   25,96
16:22:48      12    1,00    0,00    0,00    0,00    0,00    0,00    0,00    0,00    0,00   99,00
16:22:48      13    0,00    0,00    0,00    0,00    0,00    0,00    0,00    0,00    0,00  100,00
16:22:48      14    0,00    0,00    0,00    0,00    0,00   74,00    0,00    0,00    0,00   26,00
16:22:48      15    0,00    0,00    1,00    0,00    0,00   74,00    0,00    0,00    0,00   25,00
16:22:48      16    1,00    0,00    3,00    0,00    0,00    0,00    0,00    0,00    0,00   96,00
16:22:48      17    2,00    0,00    0,00    0,00    0,00    0,00    0,00    0,00    0,00   98,00
16:22:48      18    1,00    0,00    1,00    0,00    0,00    0,00    0,00    0,00    0,00   98,00
16:22:48      19    0,00    0,00    1,01    0,00    0,00    0,00    0,00    0,00    0,00   98,99
16:22:48      20    0,00    0,00    0,00    0,00    0,00   70,59    0,00    0,00    0,00   29,41
16:22:48      21    1,00    0,00    0,00    0,00    0,00    0,00    0,00    0,00    0,00   99,00
16:22:48      22    0,00    0,00    1,00    0,00    0,00    0,00    0,00    0,00    0,00   99,00
16:22:48      23    0,00    0,00    0,00    0,00    0,00   71,29    0,00    0,00    0,00   28,71

16:22:48     CPU    %usr   %nice    %sys %iowait    %irq   %soft  %steal  %guest  %gnice   %idle
16:22:49     all    0,62    0,00    0,25    0,08    0,00   28,48    0,00    0,00    0,00   70,57
16:22:49       0    0,00    0,00    0,00    0,00    0,00   69,00    0,00    0,00    0,00   31,00
16:22:49       1    0,00    0,00    0,00    0,00    0,00    1,00    0,00    0,00    0,00   99,00
16:22:49       2    0,00    0,00    0,00    0,00    0,00    0,00    0,00    0,00    0,00  100,00
16:22:49       3    0,00    0,00    0,00    0,00    0,00   57,55    0,00    0,00    0,00   42,45
16:22:49       4    3,00    0,00    0,00    0,00    0,00    0,00    0,00    0,00    0,00   97,00
16:22:49       5    0,00    0,00    0,00    0,00    0,00   60,40    0,00    0,00    0,00   39,60
16:22:49       6    1,00    0,00    1,00    0,00    0,00    0,00    0,00    0,00    0,00   98,00
16:22:49       7    0,00    0,00    0,00    0,00    0,00    0,00    0,00    0,00    0,00  100,00
16:22:49       8    0,00    0,00    0,00    0,00    0,00    0,00    0,00    0,00    0,00  100,00
16:22:49       9    0,00    0,00    0,00    0,00    0,00   55,56    0,00    0,00    0,00   44,44
16:22:49      10    0,00    0,00    0,00    0,00    0,00   73,53    0,00    0,00    0,00   26,47
16:22:49      11    0,00    0,00    0,00    0,00    0,00   72,28    0,00    0,00    0,00   27,72
16:22:49      12    0,00    0,00    0,00    1,01    0,00    0,00    0,00    0,00    0,00   98,99
16:22:49      13    1,98    0,00    0,00    0,00    0,00    0,00    0,00    0,00    0,00   98,02
16:22:49      14    0,00    0,00    0,99    0,00    0,00   72,28    0,00    0,00    0,00   26,73
16:22:49      15    0,00    0,00    0,00    0,00    0,00   72,28    0,00    0,00    0,00   27,72
16:22:49      16    1,98    0,00    0,99    0,99    0,00    0,00    0,00    0,00    0,00   96,04
16:22:49      17    2,00    0,00    1,00    0,00    0,00    0,00    0,00    0,00    0,00   97,00
16:22:49      18    1,01    0,00    0,00    0,00    0,00    0,00    0,00    0,00    0,00   98,99
16:22:49      19    2,00    0,00    0,00    0,00    0,00    0,00    0,00    0,00    0,00   98,00
16:22:49      20    0,00    0,00    0,00    0,00    0,00   71,57    0,00    0,00    0,00   28,43
16:22:49      21    0,99    0,00    0,99    0,00    0,00    0,00    0,00    0,00    0,00   98,02
16:22:49      22    1,00    0,00    0,00    0,00    0,00    0,00    0,00    0,00    0,00   99,00
16:22:49      23    0,00    0,00    0,97    0,00    0,00   71,84    0,00    0,00    0,00   27,18

16:22:49     CPU    %usr   %nice    %sys %iowait    %irq   %soft  %steal  %guest  %gnice   %idle
16:22:50     all    0,41    0,00    0,12    0,00    0,00   28,85    0,00    0,00    0,00   70,61
16:22:50       0    0,00    0,00    0,00    0,00    0,00   68,32    0,00    0,00    0,00   31,68
16:22:50       1    0,00    0,00    0,00    0,00    0,00    1,00    0,00    0,00    0,00   99,00
16:22:50       2    0,00    0,00    0,00    0,00    0,00    0,00    0,00    0,00    0,00  100,00
16:22:50       3    0,00    0,00    0,00    0,00    0,00   56,73    0,00    0,00    0,00   43,27
16:22:50       4    0,00    0,00    0,00    0,00    0,00    0,00    0,00    0,00    0,00  100,00
16:22:50       5    0,00    0,00    0,00    0,00    0,00   59,41    0,00    0,00    0,00   40,59
16:22:50       6    0,00    0,00    0,00    0,00    0,00    0,00    0,00    0,00    0,00  100,00
16:22:50       7    0,00    0,00    0,00    0,00    0,00    0,00    0,00    0,00    0,00  100,00
16:22:50       8    1,00    0,00    1,00    0,00    0,00    0,00    0,00    0,00    0,00   98,00
16:22:50       9    0,00    0,00    0,00    0,00    0,00   57,14    0,00    0,00    0,00   42,86
16:22:50      10    0,99    0,00    0,00    0,00    0,00   73,27    0,00    0,00    0,00   25,74
16:22:50      11    0,00    0,00    0,00    0,00    0,00   73,79    0,00    0,00    0,00   26,21
16:22:50      12    4,00    0,00    0,00    0,00    0,00    0,00    0,00    0,00    0,00   96,00
16:22:50      13    1,00    0,00    0,00    0,00    0,00    0,00    0,00    0,00    0,00   99,00
16:22:50      14    0,00    0,00    0,00    0,00    0,00   73,53    0,00    0,00    0,00   26,47
16:22:50      15    0,00    0,00    0,00    0,00    0,00   75,24    0,00    0,00    0,00   24,76
16:22:50      16    1,00    0,00    0,00    0,00    0,00    0,00    0,00    0,00    0,00   99,00
16:22:50      17    0,00    0,00    0,00    0,00    0,00    0,00    0,00    0,00    0,00  100,00
16:22:50      18    1,00    0,00    1,00    0,00    0,00    0,00    0,00    0,00    0,00   98,00
16:22:50      19    0,00    0,00    1,00    0,00    0,00    0,00    0,00    0,00    0,00   99,00
16:22:50      20    0,00    0,00    0,00    0,00    0,00   70,59    0,00    0,00    0,00   29,41
16:22:50      21    0,00    0,00    0,00    0,00    0,00    0,00    0,00    0,00    0,00  100,00
16:22:50      22    0,99    0,00    0,00    0,00    0,00    0,00    0,00    0,00    0,00   99,01
16:22:50      23    0,00    0,00    0,00    0,00    0,00   73,33    0,00    0,00    0,00   26,67

16:22:50     CPU    %usr   %nice    %sys %iowait    %irq   %soft  %steal  %guest  %gnice   %idle
16:22:51     all    0,58    0,00    0,16    0,00    0,00   28,58    0,00    0,00    0,00   70,68
16:22:51       0    0,00    0,00    0,00    0,00    0,00   67,00    0,00    0,00    0,00   33,00
16:22:51       1    0,00    0,00    0,00    0,00    0,00    1,00    0,00    0,00    0,00   99,00
16:22:51       2    0,99    0,00    0,00    0,00    0,00    0,00    0,00    0,00    0,00   99,01
16:22:51       3    0,00    0,00    0,00    0,00    0,00   58,33    0,00    0,00    0,00   41,67
16:22:51       4    0,00    0,00    0,00    0,00    0,00    0,00    0,00    0,00    0,00  100,00
16:22:51       5    0,00    0,00    0,00    0,00    0,00   58,59    0,00    0,00    0,00   41,41
16:22:51       6    0,99    0,00    0,00    0,00    0,00    0,00    0,00    0,00    0,00   99,01
16:22:51       7    0,00    0,00    0,00    0,00    0,00    0,00    0,00    0,00    0,00  100,00
16:22:51       8    1,01    0,00    0,00    0,00    0,00    0,00    0,00    0,00    0,00   98,99
16:22:51       9    0,00    0,00    0,00    0,00    0,00   55,67    0,00    0,00    0,00   44,33
16:22:51      10    0,00    0,00    0,00    0,00    0,00   72,82    0,00    0,00    0,00   27,18
16:22:51      11    0,00    0,00    0,00    0,00    0,00   72,55    0,00    0,00    0,00   27,45
16:22:51      12    1,98    0,00    0,99    0,00    0,00    0,00    0,00    0,00    0,00   97,03
16:22:51      13    0,00    0,00    0,00    0,00    0,00    0,00    0,00    0,00    0,00  100,00
16:22:51      14    0,00    0,00    0,00    0,00    0,00   74,29    0,00    0,00    0,00   25,71
16:22:51      15    0,00    0,00    0,00    0,00    0,00   73,08    0,00    0,00    0,00   26,92
16:22:51      16    6,00    0,00    2,00    0,00    0,00    0,00    0,00    0,00    0,00   92,00
16:22:51      17    0,98    0,00    0,98    0,00    0,00    0,98    0,00    0,00    0,00   97,06
16:22:51      18    1,00    0,00    0,00    0,00    0,00    0,00    0,00    0,00    0,00   99,00
16:22:51      19    0,99    0,00    0,00    0,00    0,00    0,00    0,00    0,00    0,00   99,01
16:22:51      20    0,00    0,00    0,00    0,00    0,00   70,59    0,00    0,00    0,00   29,41
16:22:51      21    0,00    0,00    0,00    0,00    0,00    0,00    0,00    0,00    0,00  100,00
16:22:51      22    0,00    0,00    0,00    0,00    0,00    0,00    0,00    0,00    0,00  100,00
16:22:51      23    0,00    0,00    0,00    0,00    0,00   72,12    0,00    0,00    0,00   27,88

16:22:51     CPU    %usr   %nice    %sys %iowait    %irq   %soft  %steal  %guest  %gnice   %idle
16:22:52     all    0,21    0,00    0,21    0,00    0,00   28,66    0,00    0,00    0,00   70,93
16:22:52       0    0,00    0,00    0,00    0,00    0,00   69,52    0,00    0,00    0,00   30,48
16:22:52       1    0,00    0,00    0,00    0,00    0,00    1,98    0,00    0,00    0,00   98,02
16:22:52       2    0,00    0,00    0,00    0,00    0,00    0,00    0,00    0,00    0,00  100,00
16:22:52       3    0,00    0,00    0,00    0,00    0,00   57,94    0,00    0,00    0,00   42,06
16:22:52       4    0,00    0,00    0,00    0,00    0,00    0,00    0,00    0,00    0,00  100,00
16:22:52       5    0,00    0,00    0,00    0,00    0,00   58,16    0,00    0,00    0,00   41,84
16:22:52       6    0,00    0,00    0,00    0,00    0,00    0,00    0,00    0,00    0,00  100,00
16:22:52       7    0,00    0,00    0,00    0,00    0,00    0,00    0,00    0,00    0,00  100,00
16:22:52       8    1,00    0,00    1,00    0,00    0,00    0,00    0,00    0,00    0,00   98,00
16:22:52       9    0,00    0,00    0,00    0,00    0,00   55,67    0,00    0,00    0,00   44,33
16:22:52      10    0,00    0,00    0,95    0,00    0,00   72,38    0,00    0,00    0,00   26,67
16:22:52      11    0,00    0,00    0,00    0,00    0,00   72,00    0,00    0,00    0,00   28,00
16:22:52      12    0,00    0,00    0,00    0,00    0,00    0,00    0,00    0,00    0,00  100,00
16:22:52      13    0,00    0,00    0,00    0,00    0,00    0,00    0,00    0,00    0,00  100,00
16:22:52      14    0,00    0,00    0,00    0,00    0,00   72,28    0,00    0,00    0,00   27,72
16:22:52      15    0,00    0,00    0,00    0,00    0,00   73,79    0,00    0,00    0,00   26,21
16:22:52      16    3,03    0,00    0,00    0,00    0,00    0,00    0,00    0,00    0,00   96,97
16:22:52      17    0,00    0,00    1,01    0,00    0,00    0,00    0,00    0,00    0,00   98,99
16:22:52      18    0,00    0,00    1,00    0,00    0,00    0,00    0,00    0,00    0,00   99,00
16:22:52      19    0,00    0,00    0,00    0,00    0,00    0,00    0,00    0,00    0,00  100,00
16:22:52      20    0,00    0,00    0,97    0,00    0,00   70,87    0,00    0,00    0,00   28,16
16:22:52      21    1,00    0,00    0,00    0,00    0,00    0,00    0,00    0,00    0,00   99,00
16:22:52      22    0,00    0,00    0,00    0,00    0,00    0,00    0,00    0,00    0,00  100,00
16:22:52      23    0,00    0,00    0,00    0,00    0,00   72,82    0,00    0,00    0,00   27,18

16:22:52     CPU    %usr   %nice    %sys %iowait    %irq   %soft  %steal  %guest  %gnice   %idle
16:22:53     all    0,21    0,00    0,21    0,00    0,00   28,39    0,00    0,00    0,00   71,20
16:22:53       0    0,00    0,00    0,00    0,00    0,00   67,33    0,00    0,00    0,00   32,67
16:22:53       1    0,00    0,00    0,00    0,00    0,00    0,00    0,00    0,00    0,00  100,00
16:22:53       2    0,00    0,00    0,00    0,00    0,00    0,00    0,00    0,00    0,00  100,00
16:22:53       3    0,00    0,00    0,91    0,00    0,00   57,27    0,00    0,00    0,00   41,82
16:22:53       4    0,00    0,00    0,00    0,00    0,00    0,00    0,00    0,00    0,00  100,00
16:22:53       5    0,00    0,00    0,00    0,00    0,00   58,16    0,00    0,00    0,00   41,84
16:22:53       6    0,00    0,00    0,00    0,00    0,00    0,00    0,00    0,00    0,00  100,00
16:22:53       7    0,00    0,00    0,00    0,00    0,00    0,00    0,00    0,00    0,00  100,00
16:22:53       8    0,00    0,00    1,01    0,00    0,00    0,00    0,00    0,00    0,00   98,99
16:22:53       9    0,00    0,00    0,00    0,00    0,00   55,67    0,00    0,00    0,00   44,33
16:22:53      10    0,00    0,00    0,00    0,00    0,00   71,43    0,00    0,00    0,00   28,57
16:22:53      11    0,00    0,00    0,00    0,00    0,00   72,55    0,00    0,00    0,00   27,45
16:22:53      12    0,00    0,00    0,00    0,00    0,00    0,00    0,00    0,00    0,00  100,00
16:22:53      13    0,00    0,00    0,00    0,00    0,00    0,00    0,00    0,00    0,00  100,00
16:22:53      14    0,00    0,00    0,00    0,00    0,00   72,12    0,00    0,00    0,00   27,88
16:22:53      15    0,00    0,00    0,00    0,00    0,00   74,51    0,00    0,00    0,00   25,49
16:22:53      16    1,01    0,00    1,01    0,00    0,00    0,00    0,00    0,00    0,00   97,98
16:22:53      17    1,00    0,00    1,00    0,00    0,00    0,00    0,00    0,00    0,00   98,00
16:22:53      18    1,01    0,00    0,00    0,00    0,00    0,00    0,00    0,00    0,00   98,99
16:22:53      19    0,00    0,00    1,00    0,00    0,00    0,00    0,00    0,00    0,00   99,00
16:22:53      20    0,00    0,00    0,00    0,00    0,00   70,19    0,00    0,00    0,00   29,81
16:22:53      21    1,00    0,00    0,00    0,00    0,00    0,00    0,00    0,00    0,00   99,00
16:22:53      22    0,00    0,00    0,00    0,00    0,00    0,00    0,00    0,00    0,00  100,00
16:22:53      23    0,98    0,00    0,00    0,00    0,00   70,59    0,00    0,00    0,00   28,43

16:22:53     CPU    %usr   %nice    %sys %iowait    %irq   %soft  %steal  %guest  %gnice   %idle
16:22:54     all    0,17    0,00    0,29    0,08    0,00   28,31    0,00    0,00    0,00   71,16
16:22:54       0    0,00    0,00    0,00    0,00    0,00   68,32    0,00    0,00    0,00   31,68
16:22:54       1    0,00    0,00    0,00    0,00    0,00    1,00    0,00    0,00    0,00   99,00
16:22:54       2    0,00    0,00    0,00    0,00    0,00    0,00    0,00    0,00    0,00  100,00
16:22:54       3    0,00    0,00    0,00    0,00    0,00   56,86    0,00    0,00    0,00   43,14
16:22:54       4    0,00    0,00    0,00    0,00    0,00    0,00    0,00    0,00    0,00  100,00
16:22:54       5    0,00    0,00    0,00    0,00    0,00   58,16    0,00    0,00    0,00   41,84
16:22:54       6    0,99    0,00    0,99    0,00    0,00    0,00    0,00    0,00    0,00   98,02
16:22:54       7    0,00    0,00    0,00    0,00    0,00    0,00    0,00    0,00    0,00  100,00
16:22:54       8    0,99    0,00    0,00    0,99    0,00    0,00    0,00    0,00    0,00   98,02
16:22:54       9    0,00    0,00    0,00    0,00    0,00   56,12    0,00    0,00    0,00   43,88
16:22:54      10    0,00    0,00    0,00    0,00    0,00   73,33    0,00    0,00    0,00   26,67
16:22:54      11    0,00    0,00    0,97    0,00    0,00   71,84    0,00    0,00    0,00   27,18
16:22:54      12    1,00    0,00    0,00    1,00    0,00    0,00    0,00    0,00    0,00   98,00
16:22:54      13    0,00    0,00    0,00    0,00    0,00    0,00    0,00    0,00    0,00  100,00
16:22:54      14    0,00    0,00    0,00    0,00    0,00   74,26    0,00    0,00    0,00   25,74
16:22:54      15    0,00    0,00    0,00    0,00    0,00   74,26    0,00    0,00    0,00   25,74
16:22:54      16    0,00    0,00    1,00    0,00    0,00    0,00    0,00    0,00    0,00   99,00
16:22:54      17    0,00    0,00    1,01    0,00    0,00    0,00    0,00    0,00    0,00   98,99
16:22:54      18    0,99    0,00    0,99    0,00    0,00    0,00    0,00    0,00    0,00   98,02
16:22:54      19    0,00    0,00    1,00    0,00    0,00    0,00    0,00    0,00    0,00   99,00
16:22:54      20    0,00    0,00    0,00    0,00    0,00   70,30    0,00    0,00    0,00   29,70
16:22:54      21    0,00    0,00    0,00    0,00    0,00    0,00    0,00    0,00    0,00  100,00
16:22:54      22    0,00    0,00    0,00    0,00    0,00    0,00    0,00    0,00    0,00  100,00
16:22:54      23    0,00    0,00    0,99    0,00    0,00   70,30    0,00    0,00    0,00   28,71

16:22:54     CPU    %usr   %nice    %sys %iowait    %irq   %soft  %steal  %guest  %gnice   %idle
16:22:55     all    0,00    0,00    0,00    0,04    0,00   28,30    0,00    0,00    0,00   71,66
16:22:55       0    0,00    0,00    0,00    0,00    0,00   66,99    0,00    0,00    0,00   33,01
16:22:55       1    0,00    0,00    0,00    0,00    0,00    1,00    0,00    0,00    0,00   99,00
16:22:55       2    0,00    0,00    0,00    0,00    0,00    0,00    0,00    0,00    0,00  100,00
16:22:55       3    0,00    0,00    0,00    0,00    0,00   56,48    0,00    0,00    0,00   43,52
16:22:55       4    0,00    0,00    0,00    0,00    0,00    0,00    0,00    0,00    0,00  100,00
16:22:55       5    0,00    0,00    0,00    0,00    0,00   58,42    0,00    0,00    0,00   41,58
16:22:55       6    0,00    0,00    0,00    0,00    0,00    0,00    0,00    0,00    0,00  100,00
16:22:55       7    0,00    0,00    0,00    0,00    0,00    0,00    0,00    0,00    0,00  100,00
16:22:55       8    0,00    0,00    0,00    0,00    0,00    0,00    0,00    0,00    0,00  100,00
16:22:55       9    0,00    0,00    0,00    0,00    0,00   54,46    0,00    0,00    0,00   45,54
16:22:55      10    0,00    0,00    0,00    0,00    0,00   71,57    0,00    0,00    0,00   28,43
16:22:55      11    0,00    0,00    0,00    0,00    0,00   69,16    0,00    0,00    0,00   30,84
16:22:55      12    0,00    0,00    0,00    0,00    0,00    0,00    0,00    0,00    0,00  100,00
16:22:55      13    0,00    0,00    0,00    0,00    0,00    0,00    0,00    0,00    0,00  100,00
16:22:55      14    0,00    0,00    0,00    0,00    0,00   71,29    0,00    0,00    0,00   28,71
16:22:55      15    0,00    0,00    0,00    0,00    0,00   71,84    0,00    0,00    0,00   28,16
16:22:55      16    0,00    0,00    0,00    0,00    0,00    0,00    0,00    0,00    0,00  100,00
16:22:55      17    0,00    0,00    0,00    0,00    0,00    0,00    0,00    0,00    0,00  100,00
16:22:55      18    0,00    0,00    0,00    0,99    0,00    0,00    0,00    0,00    0,00   99,01
16:22:55      19    0,00    0,00    0,00    0,00    0,00    0,00    0,00    0,00    0,00  100,00
16:22:55      20    0,00    0,00    0,00    0,00    0,00   73,58    0,00    0,00    0,00   26,42
16:22:55      21    0,00    0,00    0,00    0,00    0,00    0,00    0,00    0,00    0,00  100,00
16:22:55      22    0,00    0,00    0,00    0,00    0,00    0,00    0,00    0,00    0,00  100,00
16:22:55      23    0,00    0,00    0,00    0,00    0,00   70,59    0,00    0,00    0,00   29,41

16:22:55     CPU    %usr   %nice    %sys %iowait    %irq   %soft  %steal  %guest  %gnice   %idle
16:22:56     all    0,50    0,00    0,25    0,00    0,00   28,19    0,00    0,00    0,00   71,06
16:22:56       0    0,00    0,00    0,00    0,00    0,00   68,00    0,00    0,00    0,00   32,00
16:22:56       1    0,00    0,00    0,00    0,00    0,00    0,99    0,00    0,00    0,00   99,01
16:22:56       2    0,00    0,00    0,00    0,00    0,00    0,00    0,00    0,00    0,00  100,00
16:22:56       3    0,00    0,00    0,00    0,00    0,00   58,33    0,00    0,00    0,00   41,67
16:22:56       4    0,00    0,00    0,00    0,00    0,00    0,00    0,00    0,00    0,00  100,00
16:22:56       5    0,00    0,00    0,00    0,00    0,00   58,82    0,00    0,00    0,00   41,18
16:22:56       6    0,00    0,00    1,00    0,00    0,00    0,00    0,00    0,00    0,00   99,00
16:22:56       7    0,00    0,00    0,00    0,00    0,00    0,00    0,00    0,00    0,00  100,00
16:22:56       8    1,00    0,00    0,00    0,00    0,00    0,00    0,00    0,00    0,00   99,00
16:22:56       9    0,00    0,00    0,00    0,00    0,00   55,67    0,00    0,00    0,00   44,33
16:22:56      10    0,00    0,00    0,00    0,00    0,00   73,27    0,00    0,00    0,00   26,73
16:22:56      11    0,00    0,00    0,00    0,00    0,00   71,57    0,00    0,00    0,00   28,43
16:22:56      12    1,00    0,00    0,00    0,00    0,00    0,00    0,00    0,00    0,00   99,00
16:22:56      13    0,00    0,00    0,00    0,00    0,00    0,00    0,00    0,00    0,00  100,00
16:22:56      14    0,00    0,00    1,00    0,00    0,00   73,00    0,00    0,00    0,00   26,00
16:22:56      15    0,00    0,00    0,00    0,00    0,00   73,47    0,00    0,00    0,00   26,53
16:22:56      16    3,00    0,00    1,00    0,00    0,00    0,00    0,00    0,00    0,00   96,00
16:22:56      17    1,00    0,00    1,00    0,00    0,00    0,00    0,00    0,00    0,00   98,00
16:22:56      18    1,00    0,00    1,00    0,00    0,00    0,00    0,00    0,00    0,00   98,00
16:22:56      19    0,99    0,00    0,00    0,00    0,00    0,00    0,00    0,00    0,00   99,01
16:22:56      20    0,00    0,00    0,00    0,00    0,00   70,59    0,00    0,00    0,00   29,41
16:22:56      21    0,00    0,00    0,00    0,00    0,00    0,00    0,00    0,00    0,00  100,00
16:22:56      22    3,96    0,00    0,99    0,00    0,00    0,00    0,00    0,00    0,00   95,05
16:22:56      23    0,00    0,00    0,00    0,00    0,00   70,71    0,00    0,00    0,00   29,29

16:22:56     CPU    %usr   %nice    %sys %iowait    %irq   %soft  %steal  %guest  %gnice   %idle
16:22:57     all    0,21    0,00    0,08    0,00    0,00   27,95    0,00    0,00    0,00   71,76
16:22:57       0    0,00    0,00    0,00    0,00    0,00   67,33    0,00    0,00    0,00   32,67
16:22:57       1    0,00    0,00    0,00    0,00    0,00    1,00    0,00    0,00    0,00   99,00
16:22:57       2    0,00    0,00    0,00    0,00    0,00    0,00    0,00    0,00    0,00  100,00
16:22:57       3    0,00    0,00    0,00    0,00    0,00   56,60    0,00    0,00    0,00   43,40
16:22:57       4    0,00    0,00    0,00    0,00    0,00    0,00    0,00    0,00    0,00  100,00
16:22:57       5    0,00    0,00    0,00    0,00    0,00   58,00    0,00    0,00    0,00   42,00
16:22:57       6    0,00    0,00    0,00    0,00    0,00    0,00    0,00    0,00    0,00  100,00
16:22:57       7    0,00    0,00    0,00    0,00    0,00    0,00    0,00    0,00    0,00  100,00
16:22:57       8    0,00    0,00    0,00    0,00    0,00    0,00    0,00    0,00    0,00  100,00
16:22:57       9    0,00    0,00    0,00    0,00    0,00   54,64    0,00    0,00    0,00   45,36
16:22:57      10    0,00    0,00    0,00    0,00    0,00   71,72    0,00    0,00    0,00   28,28
16:22:57      11    0,00    0,00    0,00    0,00    0,00   70,19    0,00    0,00    0,00   29,81
16:22:57      12    0,00    0,00    0,00    0,00    0,00    0,00    0,00    0,00    0,00  100,00
16:22:57      13    0,00    0,00    0,00    0,00    0,00    0,00    0,00    0,00    0,00  100,00
16:22:57      14    0,00    0,00    0,00    0,00    0,00   72,28    0,00    0,00    0,00   27,72
16:22:57      15    0,00    0,00    0,00    0,00    0,00   72,12    0,00    0,00    0,00   27,88
16:22:57      16    2,00    0,00    0,00    0,00    0,00    0,00    0,00    0,00    0,00   98,00
16:22:57      17    0,99    0,00    0,99    0,00    0,00    0,00    0,00    0,00    0,00   98,02
16:22:57      18    1,00    0,00    0,00    0,00    0,00    0,00    0,00    0,00    0,00   99,00
16:22:57      19    0,00    0,00    1,00    0,00    0,00    0,00    0,00    0,00    0,00   99,00
16:22:57      20    0,00    0,00    0,00    0,00    0,00   69,31    0,00    0,00    0,00   30,69
16:22:57      21    0,00    0,00    0,00    0,00    0,00    0,00    0,00    0,00    0,00  100,00
16:22:57      22    1,01    0,00    0,00    0,00    0,00    0,00    0,00    0,00    0,00   98,99
16:22:57      23    0,00    0,00    0,00    0,00    0,00   69,52    0,00    0,00    0,00   30,48

16:22:57     CPU    %usr   %nice    %sys %iowait    %irq   %soft  %steal  %guest  %gnice   %idle
16:22:58     all    0,50    0,00    0,45    0,00    0,00   28,63    0,00    0,00    0,00   70,42
16:22:58       0    0,00    0,00    0,00    0,00    0,00   69,90    0,00    0,00    0,00   30,10
16:22:58       1    0,00    0,00    0,00    0,00    0,00    1,98    0,00    0,00    0,00   98,02
16:22:58       2    0,99    0,00    0,99    0,00    0,00    0,00    0,00    0,00    0,00   98,02
16:22:58       3    0,00    0,00    0,00    0,00    0,00   58,33    0,00    0,00    0,00   41,67
16:22:58       4    0,99    0,00    0,00    0,00    0,00    0,00    0,00    0,00    0,00   99,01
16:22:58       5    0,00    0,00    0,00    0,00    0,00   59,60    0,00    0,00    0,00   40,40
16:22:58       6    2,00    0,00    0,00    0,00    0,00    0,00    0,00    0,00    0,00   98,00
16:22:58       7    0,00    0,00    0,00    0,00    0,00    0,00    0,00    0,00    0,00  100,00
16:22:58       8    0,00    0,00    0,00    0,00    0,00    0,00    0,00    0,00    0,00  100,00
16:22:58       9    0,00    0,00    1,00    0,00    0,00   55,00    0,00    0,00    0,00   44,00
16:22:58      10    0,00    0,00    0,00    0,00    0,00   73,00    0,00    0,00    0,00   27,00
16:22:58      11    0,00    0,00    0,00    0,00    0,00   72,38    0,00    0,00    0,00   27,62
16:22:58      12    0,00    0,00    0,99    0,00    0,00    0,00    0,00    0,00    0,00   99,01
16:22:58      13    0,00    0,00    0,99    0,00    0,00    0,00    0,00    0,00    0,00   99,01
16:22:58      14    0,00    0,00    0,00    0,00    0,00   73,79    0,00    0,00    0,00   26,21
16:22:58      15    0,00    0,00    0,00    0,00    0,00   73,27    0,00    0,00    0,00   26,73
16:22:58      16    1,98    0,00    1,98    0,00    0,00    0,00    0,00    0,00    0,00   96,04
16:22:58      17    1,00    0,00    1,00    0,00    0,00    0,00    0,00    0,00    0,00   98,00
16:22:58      18    3,00    0,00    3,00    0,00    0,00    0,00    0,00    0,00    0,00   94,00
16:22:58      19    1,01    0,00    0,00    0,00    0,00    0,00    0,00    0,00    0,00   98,99
16:22:58      20    0,00    0,00    0,00    0,00    0,00   72,28    0,00    0,00    0,00   27,72
16:22:58      21    0,99    0,00    0,99    0,00    0,00    0,00    0,00    0,00    0,00   98,02
16:22:58      22    0,00    0,00    0,00    0,00    0,00    0,00    0,00    0,00    0,00  100,00
16:22:58      23    0,00    0,00    0,00    0,00    0,00   71,00    0,00    0,00    0,00   29,00

16:22:58     CPU    %usr   %nice    %sys %iowait    %irq   %soft  %steal  %guest  %gnice   %idle
16:22:59     all    0,25    0,00    0,21    0,04    0,00   28,72    0,00    0,00    0,00   70,79
16:22:59       0    0,00    0,00    0,00    0,00    0,00   68,32    0,00    0,00    0,00   31,68
16:22:59       1    0,00    0,00    0,00    0,00    0,00    0,00    0,00    0,00    0,00  100,00
16:22:59       2    0,00    0,00    0,00    0,00    0,00    0,00    0,00    0,00    0,00  100,00
16:22:59       3    0,00    0,00    0,00    0,00    0,00   57,14    0,00    0,00    0,00   42,86
16:22:59       4    0,00    0,00    0,00    0,00    0,00    0,00    0,00    0,00    0,00  100,00
16:22:59       5    0,00    0,00    0,00    0,00    0,00   59,41    0,00    0,00    0,00   40,59
16:22:59       6    2,97    0,00    0,99    0,00    0,00    0,00    0,00    0,00    0,00   96,04
16:22:59       7    0,00    0,00    0,00    0,00    0,00    0,00    0,00    0,00    0,00  100,00
16:22:59       8    0,99    0,00    0,00    0,00    0,00    0,00    0,00    0,00    0,00   99,01
16:22:59       9    0,00    0,00    0,00    0,00    0,00   57,00    0,00    0,00    0,00   43,00
16:22:59      10    0,00    0,00    0,00    0,00    0,00   72,28    0,00    0,00    0,00   27,72
16:22:59      11    0,00    0,00    0,00    0,00    0,00   71,96    0,00    0,00    0,00   28,04
16:22:59      12    0,00    0,00    0,00    1,00    0,00    0,00    0,00    0,00    0,00   99,00
16:22:59      13    0,00    0,00    0,00    0,00    0,00    0,00    0,00    0,00    0,00  100,00
16:22:59      14    0,00    0,00    0,00    0,00    0,00   74,00    0,00    0,00    0,00   26,00
16:22:59      15    0,00    0,00    0,00    0,00    0,00   74,26    0,00    0,00    0,00   25,74
16:22:59      16    1,00    0,00    1,00    0,00    0,00    0,00    0,00    0,00    0,00   98,00
16:22:59      17    0,00    0,00    0,00    0,00    0,00    0,00    0,00    0,00    0,00  100,00
16:22:59      18    1,00    0,00    1,00    0,00    0,00    0,00    0,00    0,00    0,00   98,00
16:22:59      19    0,00    0,00    1,01    0,00    0,00    0,00    0,00    0,00    0,00   98,99
16:22:59      20    0,00    0,00    0,00    0,00    0,00   72,82    0,00    0,00    0,00   27,18
16:22:59      21    0,00    0,00    0,00    0,00    0,00    0,00    0,00    0,00    0,00  100,00
16:22:59      22    0,00    0,00    0,00    0,00    0,00    0,00    0,00    0,00    0,00  100,00
16:22:59      23    0,00    0,00    0,96    0,00    0,00   72,12    0,00    0,00    0,00   26,92

16:22:59     CPU    %usr   %nice    %sys %iowait    %irq   %soft  %steal  %guest  %gnice   %idle
16:23:00     all    0,12    0,00    0,08    0,08    0,00   28,12    0,00    0,00    0,00   71,59
16:23:00       0    0,00    0,00    0,00    0,00    0,00   67,33    0,00    0,00    0,00   32,67
16:23:00       1    0,00    0,00    0,98    0,00    0,00    0,98    0,00    0,00    0,00   98,04
16:23:00       2    0,00    0,00    0,00    0,00    0,00    0,00    0,00    0,00    0,00  100,00
16:23:00       3    0,00    0,00    0,00    0,00    0,00   57,01    0,00    0,00    0,00   42,99
16:23:00       4    0,00    0,00    0,00    0,00    0,00    0,00    0,00    0,00    0,00  100,00
16:23:00       5    0,00    0,00    0,00    0,00    0,00   59,00    0,00    0,00    0,00   41,00
16:23:00       6    0,00    0,00    0,00    0,00    0,00    0,00    0,00    0,00    0,00  100,00
16:23:00       7    0,00    0,00    0,00    0,00    0,00    0,00    0,00    0,00    0,00  100,00
16:23:00       8    0,00    0,00    0,00    1,00    0,00    0,00    0,00    0,00    0,00   99,00
16:23:00       9    1,02    0,00    0,00    0,00    0,00   54,08    0,00    0,00    0,00   44,90
16:23:00      10    0,00    0,00    0,00    0,00    0,00   72,00    0,00    0,00    0,00   28,00
16:23:00      11    0,00    0,00    0,00    0,00    0,00   70,19    0,00    0,00    0,00   29,81
16:23:00      12    0,00    0,00    0,00    1,01    0,00    0,00    0,00    0,00    0,00   98,99
16:23:00      13    0,00    0,00    0,00    0,00    0,00    0,00    0,00    0,00    0,00  100,00
16:23:00      14    0,00    0,00    0,00    0,00    0,00   73,27    0,00    0,00    0,00   26,73
16:23:00      15    0,00    0,00    0,00    0,00    0,00   73,27    0,00    0,00    0,00   26,73
16:23:00      16    0,00    0,00    0,00    0,00    0,00    0,00    0,00    0,00    0,00  100,00
16:23:00      17    1,00    0,00    0,00    0,00    0,00    0,00    0,00    0,00    0,00   99,00
16:23:00      18    0,00    0,00    0,00    0,00    0,00    0,00    0,00    0,00    0,00  100,00
16:23:00      19    1,00    0,00    0,00    0,00    0,00    0,00    0,00    0,00    0,00   99,00
16:23:00      20    0,00    0,00    0,97    0,00    0,00   70,87    0,00    0,00    0,00   28,16
16:23:00      21    0,00    0,00    0,00    0,00    0,00    0,00    0,00    0,00    0,00  100,00
16:23:00      22    0,00    0,00    0,00    0,00    0,00    0,00    0,00    0,00    0,00  100,00
16:23:00      23    0,00    0,00    0,00    0,00    0,00   69,61    0,00    0,00    0,00   30,39

16:23:00     CPU    %usr   %nice    %sys %iowait    %irq   %soft  %steal  %guest  %gnice   %idle
16:23:01     all    0,25    0,00    0,08    0,00    0,00   29,62    0,00    0,00    0,00   70,05
16:23:01       0    0,00    0,00    0,00    0,00    0,00   70,59    0,00    0,00    0,00   29,41
16:23:01       1    0,00    0,00    0,00    0,00    0,00    0,00    0,00    0,00    0,00  100,00
16:23:01       2    0,00    0,00    0,00    0,00    0,00    0,00    0,00    0,00    0,00  100,00
16:23:01       3    0,00    0,00    0,00    0,00    0,00   59,81    0,00    0,00    0,00   40,19
16:23:01       4    0,99    0,00    0,00    0,00    0,00    0,00    0,00    0,00    0,00   99,01
16:23:01       5    0,00    0,00    0,00    0,00    0,00   59,38    0,00    0,00    0,00   40,62
16:23:01       6    1,00    0,00    0,00    0,00    0,00    0,00    0,00    0,00    0,00   99,00
16:23:01       7    0,00    0,00    0,00    0,00    0,00    0,00    0,00    0,00    0,00  100,00
16:23:01       8    0,00    0,00    0,00    0,00    0,00    0,00    0,00    0,00    0,00  100,00
16:23:01       9    0,00    0,00    0,00    0,00    0,00   57,14    0,00    0,00    0,00   42,86
16:23:01      10    0,00    0,00    0,00    0,00    0,00   77,23    0,00    0,00    0,00   22,77
16:23:01      11    0,00    0,00    0,00    0,00    0,00   76,24    0,00    0,00    0,00   23,76
16:23:01      12    0,99    0,00    0,00    0,00    0,00    0,00    0,00    0,00    0,00   99,01
16:23:01      13    0,00    0,00    0,00    0,00    0,00    0,00    0,00    0,00    0,00  100,00
16:23:01      14    0,00    0,00    0,00    0,00    0,00   75,76    0,00    0,00    0,00   24,24
16:23:01      15    0,00    0,00    0,00    0,00    0,00   76,47    0,00    0,00    0,00   23,53
16:23:01      16    1,00    0,00    0,00    0,00    0,00    0,00    0,00    0,00    0,00   99,00
16:23:01      17    0,00    0,00    1,00    0,00    0,00    0,00    0,00    0,00    0,00   99,00
16:23:01      18    1,00    0,00    1,00    0,00    0,00    0,00    0,00    0,00    0,00   98,00
16:23:01      19    1,00    0,00    0,00    0,00    0,00    0,00    0,00    0,00    0,00   99,00
16:23:01      20    0,00    0,00    0,00    0,00    0,00   76,92    0,00    0,00    0,00   23,08
16:23:01      21    0,00    0,00    0,00    0,00    0,00    0,00    0,00    0,00    0,00  100,00
16:23:01      22    0,00    0,00    0,00    0,00    0,00    0,00    0,00    0,00    0,00  100,00
16:23:01      23    0,00    0,00    0,00    0,00    0,00   75,73    0,00    0,00    0,00   24,27

16:23:01     CPU    %usr   %nice    %sys %iowait    %irq   %soft  %steal  %guest  %gnice   %idle
16:23:02     all    0,12    0,00    0,08    0,00    0,00   30,45    0,00    0,00    0,00   69,35
16:23:02       0    0,00    0,00    0,00    0,00    0,00   70,87    0,00    0,00    0,00   29,13
16:23:02       1    0,00    0,00    0,00    0,00    0,00    1,98    0,00    0,00    0,00   98,02
16:23:02       2    0,00    0,00    0,00    0,00    0,00    0,00    0,00    0,00    0,00  100,00
16:23:02       3    0,00    0,00    0,00    0,00    0,00   60,91    0,00    0,00    0,00   39,09
16:23:02       4    0,00    0,00    0,00    0,00    0,00    0,00    0,00    0,00    0,00  100,00
16:23:02       5    0,00    0,00    0,00    0,00    0,00   60,61    0,00    0,00    0,00   39,39
16:23:02       6    1,00    0,00    0,00    0,00    0,00    0,00    0,00    0,00    0,00   99,00
16:23:02       7    0,00    0,00    0,00    0,00    0,00    0,00    0,00    0,00    0,00  100,00
16:23:02       8    0,00    0,00    0,00    0,00    0,00    0,00    0,00    0,00    0,00  100,00
16:23:02       9    0,00    0,00    0,00    0,00    0,00   59,00    0,00    0,00    0,00   41,00
16:23:02      10    0,00    0,00    0,00    0,00    0,00   79,00    0,00    0,00    0,00   21,00
16:23:02      11    0,00    0,00    0,00    0,00    0,00   77,67    0,00    0,00    0,00   22,33
16:23:02      12    0,00    0,00    0,00    0,00    0,00    0,00    0,00    0,00    0,00  100,00
16:23:02      13    0,00    0,00    0,00    0,00    0,00    0,00    0,00    0,00    0,00  100,00
16:23:02      14    0,00    0,00    0,00    0,00    0,00   78,22    0,00    0,00    0,00   21,78
16:23:02      15    0,00    0,00    0,00    0,00    0,00   78,64    0,00    0,00    0,00   21,36
16:23:02      16    0,99    0,00    0,99    0,00    0,00    0,00    0,00    0,00    0,00   98,02
16:23:02      17    0,00    0,00    0,00    0,00    0,00    0,00    0,00    0,00    0,00  100,00
16:23:02      18    0,00    0,00    0,00    0,00    0,00    0,00    0,00    0,00    0,00  100,00
16:23:02      19    1,00    0,00    1,00    0,00    0,00    0,00    0,00    0,00    0,00   98,00
16:23:02      20    0,00    0,00    0,00    0,00    0,00   75,73    0,00    0,00    0,00   24,27
16:23:02      21    0,00    0,00    0,00    0,00    0,00    0,00    0,00    0,00    0,00  100,00
16:23:02      22    0,00    0,00    0,00    0,00    0,00    0,00    0,00    0,00    0,00  100,00
16:23:02      23    0,00    0,00    0,00    0,00    0,00   76,92    0,00    0,00    0,00   23,08

16:23:02     CPU    %usr   %nice    %sys %iowait    %irq   %soft  %steal  %guest  %gnice   %idle
16:23:03     all    0,95    0,00    0,62    0,00    0,00   30,88    0,00    0,00    0,00   67,56
16:23:03       0    0,00    0,00    0,00    0,00    0,00   73,53    0,00    0,00    0,00   26,47
16:23:03       1    2,00    0,00    0,00    0,00    0,00    1,00    0,00    0,00    0,00   97,00
16:23:03       2    0,99    0,00    0,99    0,00    0,00    0,00    0,00    0,00    0,00   98,02
16:23:03       3    0,00    0,00    0,94    0,00    0,00   59,43    0,00    0,00    0,00   39,62
16:23:03       4    0,00    0,00    0,00    0,00    0,00    0,00    0,00    0,00    0,00  100,00
16:23:03       5    0,00    0,00    0,00    0,00    0,00   62,24    0,00    0,00    0,00   37,76
16:23:03       6    2,00    0,00    0,00    0,00    0,00    0,00    0,00    0,00    0,00   98,00
16:23:03       7    0,00    0,00    0,00    0,00    0,00    0,00    0,00    0,00    0,00  100,00
16:23:03       8    0,00    0,00    0,99    0,00    0,00    0,00    0,00    0,00    0,00   99,01
16:23:03       9    0,00    0,00    0,00    0,00    0,00   59,41    0,00    0,00    0,00   40,59
16:23:03      10    0,00    0,00    0,97    0,00    0,00   79,61    0,00    0,00    0,00   19,42
16:23:03      11    0,00    0,00    0,97    0,00    0,00   79,61    0,00    0,00    0,00   19,42
16:23:03      12    0,99    0,00    0,00    0,00    0,00    0,00    0,00    0,00    0,00   99,01
16:23:03      13    0,00    0,00    0,00    0,00    0,00    0,00    0,00    0,00    0,00  100,00
16:23:03      14    0,00    0,00    0,00    0,00    0,00   80,20    0,00    0,00    0,00   19,80
16:23:03      15    0,00    0,00    0,00    0,00    0,00   79,61    0,00    0,00    0,00   20,39
16:23:03      16   10,00    0,00    2,00    0,00    0,00    0,00    0,00    0,00    0,00   88,00
16:23:03      17    1,01    0,00    1,01    0,00    0,00    0,00    0,00    0,00    0,00   97,98
16:23:03      18    1,98    0,00    1,98    0,00    0,00    0,00    0,00    0,00    0,00   96,04
16:23:03      19    3,00    0,00    3,00    0,00    0,00    0,00    0,00    0,00    0,00   94,00
16:23:03      20    0,00    0,00    0,00    0,00    0,00   77,57    0,00    0,00    0,00   22,43
16:23:03      21    0,00    0,00    0,00    0,00    0,00    0,00    0,00    0,00    0,00  100,00
16:23:03      22    0,99    0,00    0,99    0,00    0,00    0,00    0,00    0,00    0,00   98,02
16:23:03      23    0,00    0,00    0,94    0,00    0,00   76,42    0,00    0,00    0,00   22,64
