Linux 6.8.0-111-generic (testbed-node6) 	06/05/26 	_x86_64_	(24 CPU)

02:44:30     CPU    %usr   %nice    %sys %iowait    %irq   %soft  %steal  %guest  %gnice   %idle
02:44:31     all    2,76    0,00    0,42    0,05    0,00   10,09    0,00    0,00    0,00   86,68
02:44:31       0    0,00    0,00    0,00    0,00    0,00   18,84    0,00    0,00    0,00   81,16
02:44:31       1    0,00    0,00    0,00    0,00    0,00   12,05    0,00    0,00    0,00   87,95
02:44:31       2    0,00    0,00    0,00    0,00    0,00   14,77    0,00    0,00    0,00   85,23
02:44:31       3    0,00    0,00    0,00    0,00    0,00    3,85    0,00    0,00    0,00   96,15
02:44:31       4    2,47    0,00    0,00    0,00    0,00    7,41    0,00    0,00    0,00   90,12
02:44:31       5    0,00    0,00    1,30    0,00    0,00    1,30    0,00    0,00    0,00   97,40
02:44:31       6    0,00    0,00    0,00    0,00    0,00   12,79    0,00    0,00    0,00   87,21
02:44:31       7    0,00    0,00    0,00    0,00    0,00    2,56    0,00    0,00    0,00   97,44
02:44:31       8   18,60    0,00    0,00    0,00    0,00   25,58    0,00    0,00    0,00   55,81
02:44:31       9   19,48    0,00    0,00    0,00    0,00   15,58    0,00    0,00    0,00   64,94
02:44:31      10    7,69    0,00    1,28    0,00    0,00   14,10    0,00    0,00    0,00   76,92
02:44:31      11    6,90    0,00    1,15    0,00    0,00   21,84    0,00    0,00    0,00   70,11
02:44:31      12    2,50    0,00    0,00    0,00    0,00   13,75    0,00    0,00    0,00   83,75
02:44:31      13    6,85    0,00    0,00    0,00    0,00    8,22    0,00    0,00    0,00   84,93
02:44:31      14    0,00    0,00    0,00    0,00    0,00    8,11    0,00    0,00    0,00   91,89
02:44:31      15    0,00    0,00    1,20    0,00    0,00   14,46    0,00    0,00    0,00   84,34
02:44:31      16    1,18    0,00    1,18    0,00    0,00    9,41    0,00    0,00    0,00   88,24
02:44:31      17    0,00    0,00    1,22    0,00    0,00    6,10    0,00    0,00    0,00   92,68
02:44:31      18    0,00    0,00    1,25    0,00    0,00    5,00    0,00    0,00    0,00   93,75
02:44:31      19    0,00    0,00    0,00    1,22    0,00    8,54    0,00    0,00    0,00   90,24
02:44:31      20    0,00    0,00    0,00    0,00    0,00    3,80    0,00    0,00    0,00   96,20
02:44:31      21    0,00    0,00    0,00    0,00    0,00    3,85    0,00    0,00    0,00   96,15
02:44:31      22    0,00    0,00    0,00    0,00    0,00    3,85    0,00    0,00    0,00   96,15
02:44:31      23    0,00    0,00    1,25    0,00    0,00    3,75    0,00    0,00    0,00   95,00

02:44:31     CPU    %usr   %nice    %sys %iowait    %irq   %soft  %steal  %guest  %gnice   %idle
02:44:32     all    0,43    0,00    0,05    0,00    0,00    6,04    0,00    0,00    0,00   93,48
02:44:32       0    0,00    0,00    0,00    0,00    0,00   10,77    0,00    0,00    0,00   89,23
02:44:32       1    0,00    0,00    0,00    0,00    0,00    5,06    0,00    0,00    0,00   94,94
02:44:32       2    1,16    0,00    0,00    0,00    0,00   11,63    0,00    0,00    0,00   87,21
02:44:32       3    0,00    0,00    0,00    0,00    0,00    2,60    0,00    0,00    0,00   97,40
02:44:32       4    0,00    0,00    0,00    0,00    0,00    1,30    0,00    0,00    0,00   98,70
02:44:32       5    0,00    0,00    0,00    0,00    0,00    1,28    0,00    0,00    0,00   98,72
02:44:32       6    0,00    0,00    0,00    0,00    0,00    7,23    0,00    0,00    0,00   92,77
02:44:32       7    0,00    0,00    0,00    0,00    0,00    1,32    0,00    0,00    0,00   98,68
02:44:32       8    0,00    0,00    1,05    0,00    0,00   27,37    0,00    0,00    0,00   71,58
02:44:32       9    6,58    0,00    0,00    0,00    0,00    9,21    0,00    0,00    0,00   84,21
02:44:32      10    2,50    0,00    0,00    0,00    0,00   10,00    0,00    0,00    0,00   87,50
02:44:32      11    0,00    0,00    0,00    0,00    0,00    6,58    0,00    0,00    0,00   93,42
02:44:32      12    0,00    0,00    0,00    0,00    0,00   11,54    0,00    0,00    0,00   88,46
02:44:32      13    0,00    0,00    0,00    0,00    0,00    2,82    0,00    0,00    0,00   97,18
02:44:32      14    0,00    0,00    0,00    0,00    0,00    6,76    0,00    0,00    0,00   93,24
02:44:32      15    0,00    0,00    0,00    0,00    0,00   10,26    0,00    0,00    0,00   89,74
02:44:32      16    0,00    0,00    0,00    0,00    0,00    3,75    0,00    0,00    0,00   96,25
02:44:32      17    0,00    0,00    0,00    0,00    0,00    3,75    0,00    0,00    0,00   96,25
02:44:32      18    0,00    0,00    0,00    0,00    0,00    1,30    0,00    0,00    0,00   98,70
02:44:32      19    0,00    0,00    0,00    0,00    0,00    3,75    0,00    0,00    0,00   96,25
02:44:32      20    0,00    0,00    0,00    0,00    0,00    0,00    0,00    0,00    0,00  100,00
02:44:32      21    0,00    0,00    0,00    0,00    0,00    0,00    0,00    0,00    0,00  100,00
02:44:32      22    0,00    0,00    0,00    0,00    0,00    1,30    0,00    0,00    0,00   98,70
02:44:32      23    0,00    0,00    0,00    0,00    0,00    0,00    0,00    0,00    0,00  100,00

02:44:32     CPU    %usr   %nice    %sys %iowait    %irq   %soft  %steal  %guest  %gnice   %idle
02:44:33     all    5,33    0,00    1,41    0,00    0,00   15,63    0,00    0,00    0,00   77,64
02:44:33       0    2,56    0,00    1,28    0,00    0,00   34,62    0,00    0,00    0,00   61,54
02:44:33       1    1,15    0,00    0,00    0,00    0,00   19,54    0,00    0,00    0,00   79,31
02:44:33       2    4,60    0,00    4,60    0,00    0,00   14,94    0,00    0,00    0,00   75,86
02:44:33       3    0,00    0,00    0,00    0,00    0,00    9,88    0,00    0,00    0,00   90,12
02:44:33       4    4,21    0,00    3,16    0,00    0,00   23,16    0,00    0,00    0,00   69,47
02:44:33       5    0,00    0,00    0,00    0,00    0,00    3,95    0,00    0,00    0,00   96,05
02:44:33       6    3,41    0,00    1,14    0,00    0,00   14,77    0,00    0,00    0,00   80,68
02:44:33       7    0,00    0,00    0,00    0,00    0,00    2,63    0,00    0,00    0,00   97,37
02:44:33       8    1,27    0,00    0,00    0,00    0,00   22,78    0,00    0,00    0,00   75,95
02:44:33       9   35,96    0,00    0,00    0,00    0,00   28,09    0,00    0,00    0,00   35,96
02:44:33      10   23,33    0,00    4,44    0,00    0,00   27,78    0,00    0,00    0,00   44,44
02:44:33      11    5,26    0,00    1,32    0,00    0,00   15,79    0,00    0,00    0,00   77,63
02:44:33      12    6,90    0,00    1,15    0,00    0,00   24,14    0,00    0,00    0,00   67,82
02:44:33      13    0,00    0,00    1,41    0,00    0,00    7,04    0,00    0,00    0,00   91,55
02:44:33      14   18,60    0,00    1,16    0,00    0,00   24,42    0,00    0,00    0,00   55,81
02:44:33      15    1,23    0,00    0,00    0,00    0,00   19,75    0,00    0,00    0,00   79,01
02:44:33      16    1,19    0,00    0,00    0,00    0,00   10,71    0,00    0,00    0,00   88,10
02:44:33      17    2,41    0,00    2,41    0,00    0,00    9,64    0,00    0,00    0,00   85,54
02:44:33      18    2,25    0,00    2,25    0,00    0,00   14,61    0,00    0,00    0,00   80,90
02:44:33      19    0,00    0,00    2,47    0,00    0,00    9,88    0,00    0,00    0,00   87,65
02:44:33      20    1,25    0,00    0,00    0,00    0,00    6,25    0,00    0,00    0,00   92,50
02:44:33      21    1,25    0,00    1,25    0,00    0,00    6,25    0,00    0,00    0,00   91,25
02:44:33      22    2,41    0,00    2,41    0,00    0,00    8,43    0,00    0,00    0,00   86,75
02:44:33      23    2,41    0,00    2,41    0,00    0,00    9,64    0,00    0,00    0,00   85,54

02:44:33     CPU    %usr   %nice    %sys %iowait    %irq   %soft  %steal  %guest  %gnice   %idle
02:44:34     all    0,37    0,00    0,05    0,00    0,00    6,28    0,00    0,00    0,00   93,29
02:44:34       0    0,00    0,00    0,00    0,00    0,00    7,69    0,00    0,00    0,00   92,31
02:44:34       1    0,00    0,00    0,00    0,00    0,00    5,00    0,00    0,00    0,00   95,00
02:44:34       2    0,00    0,00    0,00    0,00    0,00   10,71    0,00    0,00    0,00   89,29
02:44:34       3    0,00    0,00    0,00    0,00    0,00    2,60    0,00    0,00    0,00   97,40
02:44:34       4    0,00    0,00    0,00    0,00    0,00    7,41    0,00    0,00    0,00   92,59
02:44:34       5    0,00    0,00    0,00    0,00    0,00    0,00    0,00    0,00    0,00  100,00
02:44:34       6    0,00    0,00    0,00    0,00    0,00    3,75    0,00    0,00    0,00   96,25
02:44:34       7    0,00    0,00    0,00    0,00    0,00    1,30    0,00    0,00    0,00   98,70
02:44:34       8    1,18    0,00    0,00    0,00    0,00   18,82    0,00    0,00    0,00   80,00
02:44:34       9    1,37    0,00    0,00    0,00    0,00    5,48    0,00    0,00    0,00   93,15
02:44:34      10    2,56    0,00    0,00    0,00    0,00    8,97    0,00    0,00    0,00   88,46
02:44:34      11    0,00    0,00    0,00    0,00    0,00    7,79    0,00    0,00    0,00   92,21
02:44:34      12    0,00    0,00    0,00    0,00    0,00   11,54    0,00    0,00    0,00   88,46
02:44:34      13    0,00    0,00    0,00    0,00    0,00    4,17    0,00    0,00    0,00   95,83
02:44:34      14    2,56    0,00    0,00    0,00    0,00   11,54    0,00    0,00    0,00   85,90
02:44:34      15    1,16    0,00    0,00    0,00    0,00   18,60    0,00    0,00    0,00   80,23
02:44:34      16    0,00    0,00    1,20    0,00    0,00    6,02    0,00    0,00    0,00   92,77
02:44:34      17    0,00    0,00    0,00    0,00    0,00    2,53    0,00    0,00    0,00   97,47
02:44:34      18    0,00    0,00    0,00    0,00    0,00    6,17    0,00    0,00    0,00   93,83
02:44:34      19    0,00    0,00    0,00    0,00    0,00    4,94    0,00    0,00    0,00   95,06
02:44:34      20    0,00    0,00    0,00    0,00    0,00    0,00    0,00    0,00    0,00  100,00
02:44:34      21    0,00    0,00    0,00    0,00    0,00    0,00    0,00    0,00    0,00  100,00
02:44:34      22    0,00    0,00    0,00    0,00    0,00    1,28    0,00    0,00    0,00   98,72
02:44:34      23    0,00    0,00    0,00    0,00    0,00    1,30    0,00    0,00    0,00   98,70

02:44:34     CPU    %usr   %nice    %sys %iowait    %irq   %soft  %steal  %guest  %gnice   %idle
02:44:35     all    0,37    0,00    0,11    0,05    0,00    6,30    0,00    0,00    0,00   93,17
02:44:35       0    0,00    0,00    0,00    0,00    0,00   12,12    0,00    0,00    0,00   87,88
02:44:35       1    0,00    0,00    0,00    0,00    0,00    3,90    0,00    0,00    0,00   96,10
02:44:35       2    1,18    0,00    0,00    0,00    0,00    9,41    0,00    0,00    0,00   89,41
02:44:35       3    0,00    0,00    0,00    0,00    0,00    2,56    0,00    0,00    0,00   97,44
02:44:35       4    0,00    0,00    0,00    0,00    0,00    2,56    0,00    0,00    0,00   97,44
02:44:35       5    0,00    0,00    0,00    1,30    0,00    1,30    0,00    0,00    0,00   97,40
02:44:35       6    0,00    0,00    1,27    0,00    0,00    2,53    0,00    0,00    0,00   96,20
02:44:35       7    0,00    0,00    0,00    0,00    0,00    1,32    0,00    0,00    0,00   98,68
02:44:35       8    1,09    0,00    0,00    0,00    0,00   26,09    0,00    0,00    0,00   72,83
02:44:35       9    5,33    0,00    0,00    0,00    0,00    9,33    0,00    0,00    0,00   85,33
02:44:35      10    1,16    0,00    0,00    0,00    0,00   18,60    0,00    0,00    0,00   80,23
02:44:35      11    0,00    0,00    0,00    0,00    0,00    5,33    0,00    0,00    0,00   94,67
02:44:35      12    0,00    0,00    1,28    0,00    0,00    8,97    0,00    0,00    0,00   89,74
02:44:35      13    0,00    0,00    0,00    0,00    0,00    2,78    0,00    0,00    0,00   97,22
02:44:35      14    0,00    0,00    0,00    0,00    0,00    5,48    0,00    0,00    0,00   94,52
02:44:35      15    0,00    0,00    0,00    0,00    0,00   15,66    0,00    0,00    0,00   84,34
02:44:35      16    0,00    0,00    0,00    0,00    0,00    4,94    0,00    0,00    0,00   95,06
02:44:35      17    0,00    0,00    0,00    0,00    0,00    0,00    0,00    0,00    0,00  100,00
02:44:35      18    0,00    0,00    0,00    0,00    0,00    3,80    0,00    0,00    0,00   96,20
02:44:35      19    0,00    0,00    0,00    0,00    0,00    5,00    0,00    0,00    0,00   95,00
02:44:35      20    0,00    0,00    0,00    0,00    0,00    0,00    0,00    0,00    0,00  100,00
02:44:35      21    0,00    0,00    0,00    0,00    0,00    1,30    0,00    0,00    0,00   98,70
02:44:35      22    0,00    0,00    0,00    0,00    0,00    1,28    0,00    0,00    0,00   98,72
02:44:35      23    0,00    0,00    0,00    0,00    0,00    1,30    0,00    0,00    0,00   98,70

02:44:35     CPU    %usr   %nice    %sys %iowait    %irq   %soft  %steal  %guest  %gnice   %idle
02:44:36     all    0,32    0,00    0,11    0,11    0,00    6,17    0,00    0,00    0,00   93,30
02:44:36       0    0,00    0,00    0,00    0,00    0,00    7,94    0,00    0,00    0,00   92,06
02:44:36       1    0,00    0,00    0,00    0,00    0,00    3,85    0,00    0,00    0,00   96,15
02:44:36       2    0,00    0,00    1,20    0,00    0,00    8,43    0,00    0,00    0,00   90,36
02:44:36       3    0,00    0,00    0,00    0,00    0,00    1,32    0,00    0,00    0,00   98,68
02:44:36       4    0,00    0,00    0,00    0,00    0,00    3,85    0,00    0,00    0,00   96,15
02:44:36       5    0,00    0,00    0,00    0,00    0,00    1,32    0,00    0,00    0,00   98,68
02:44:36       6    0,00    0,00    0,00    0,00    0,00    4,94    0,00    0,00    0,00   95,06
02:44:36       7    0,00    0,00    0,00    0,00    0,00    1,30    0,00    0,00    0,00   98,70
02:44:36       8    1,06    0,00    1,06    0,00    0,00   24,47    0,00    0,00    0,00   73,40
02:44:36       9    2,70    0,00    0,00    0,00    0,00    8,11    0,00    0,00    0,00   89,19
02:44:36      10    1,25    0,00    0,00    0,00    0,00   11,25    0,00    0,00    0,00   87,50
02:44:36      11    1,18    0,00    0,00    0,00    0,00   16,47    0,00    0,00    0,00   82,35
02:44:36      12    1,25    0,00    0,00    0,00    0,00   11,25    0,00    0,00    0,00   87,50
02:44:36      13    0,00    0,00    0,00    0,00    0,00    2,82    0,00    0,00    0,00   97,18
02:44:36      14    0,00    0,00    0,00    0,00    0,00    4,11    0,00    0,00    0,00   95,89
02:44:36      15    0,00    0,00    0,00    0,00    0,00   10,13    0,00    0,00    0,00   89,87
02:44:36      16    0,00    0,00    0,00    0,00    0,00    8,33    0,00    0,00    0,00   91,67
02:44:36      17    0,00    0,00    0,00    1,27    0,00    1,27    0,00    0,00    0,00   97,47
02:44:36      18    0,00    0,00    0,00    0,00    0,00    3,75    0,00    0,00    0,00   96,25
02:44:36      19    0,00    0,00    0,00    1,25    0,00    3,75    0,00    0,00    0,00   95,00
02:44:36      20    0,00    0,00    0,00    0,00    0,00    1,28    0,00    0,00    0,00   98,72
02:44:36      21    0,00    0,00    0,00    0,00    0,00    0,00    0,00    0,00    0,00  100,00
02:44:36      22    0,00    0,00    0,00    0,00    0,00    1,28    0,00    0,00    0,00   98,72
02:44:36      23    0,00    0,00    0,00    0,00    0,00    1,30    0,00    0,00    0,00   98,70

02:44:36     CPU    %usr   %nice    %sys %iowait    %irq   %soft  %steal  %guest  %gnice   %idle
02:44:37     all    0,48    0,00    0,05    0,00    0,00    6,12    0,00    0,00    0,00   93,35
02:44:37       0    0,00    0,00    0,00    0,00    0,00    6,35    0,00    0,00    0,00   93,65
02:44:37       1    0,00    0,00    1,25    0,00    0,00    3,75    0,00    0,00    0,00   95,00
02:44:37       2    0,00    0,00    0,00    0,00    0,00    9,52    0,00    0,00    0,00   90,48
02:44:37       3    0,00    0,00    0,00    0,00    0,00    2,56    0,00    0,00    0,00   97,44
02:44:37       4    0,00    0,00    0,00    0,00    0,00    1,30    0,00    0,00    0,00   98,70
02:44:37       5    0,00    0,00    0,00    0,00    0,00    1,30    0,00    0,00    0,00   98,70
02:44:37       6    0,00    0,00    0,00    0,00    0,00    4,94    0,00    0,00    0,00   95,06
02:44:37       7    0,00    0,00    0,00    0,00    0,00    1,30    0,00    0,00    0,00   98,70
02:44:37       8    0,00    0,00    0,00    0,00    0,00   12,66    0,00    0,00    0,00   87,34
02:44:37       9    7,89    0,00    0,00    0,00    0,00    7,89    0,00    0,00    0,00   84,21
02:44:37      10    1,25    0,00    0,00    0,00    0,00   11,25    0,00    0,00    0,00   87,50
02:44:37      11    1,04    0,00    0,00    0,00    0,00   27,08    0,00    0,00    0,00   71,88
02:44:37      12    0,00    0,00    0,00    0,00    0,00   10,26    0,00    0,00    0,00   89,74
02:44:37      13    0,00    0,00    0,00    0,00    0,00    4,11    0,00    0,00    0,00   95,89
02:44:37      14    1,33    0,00    0,00    0,00    0,00    6,67    0,00    0,00    0,00   92,00
02:44:37      15    0,00    0,00    0,00    0,00    0,00   11,39    0,00    0,00    0,00   88,61
02:44:37      16    0,00    0,00    0,00    0,00    0,00    7,32    0,00    0,00    0,00   92,68
02:44:37      17    0,00    0,00    0,00    0,00    0,00    1,28    0,00    0,00    0,00   98,72
02:44:37      18    0,00    0,00    0,00    0,00    0,00    3,75    0,00    0,00    0,00   96,25
02:44:37      19    0,00    0,00    0,00    0,00    0,00    3,80    0,00    0,00    0,00   96,20
02:44:37      20    0,00    0,00    0,00    0,00    0,00    0,00    0,00    0,00    0,00  100,00
02:44:37      21    0,00    0,00    0,00    0,00    0,00    1,30    0,00    0,00    0,00   98,70
02:44:37      22    0,00    0,00    0,00    0,00    0,00    1,28    0,00    0,00    0,00   98,72
02:44:37      23    0,00    0,00    0,00    0,00    0,00    0,00    0,00    0,00    0,00  100,00

02:44:37     CPU    %usr   %nice    %sys %iowait    %irq   %soft  %steal  %guest  %gnice   %idle
02:44:38     all    0,37    0,00    0,00    0,00    0,00    6,24    0,00    0,00    0,00   93,38
02:44:38       0    1,49    0,00    0,00    0,00    0,00   11,94    0,00    0,00    0,00   86,57
02:44:38       1    0,00    0,00    0,00    0,00    0,00    3,85    0,00    0,00    0,00   96,15
02:44:38       2    0,00    0,00    0,00    0,00    0,00   10,71    0,00    0,00    0,00   89,29
02:44:38       3    0,00    0,00    0,00    0,00    0,00    1,30    0,00    0,00    0,00   98,70
02:44:38       4    0,00    0,00    0,00    0,00    0,00    2,60    0,00    0,00    0,00   97,40
02:44:38       5    0,00    0,00    0,00    0,00    0,00    1,30    0,00    0,00    0,00   98,70
02:44:38       6    0,00    0,00    0,00    0,00    0,00    4,94    0,00    0,00    0,00   95,06
02:44:38       7    0,00    0,00    0,00    0,00    0,00    1,32    0,00    0,00    0,00   98,68
02:44:38       8    0,00    0,00    0,00    0,00    0,00    9,33    0,00    0,00    0,00   90,67
02:44:38       9    6,76    0,00    0,00    0,00    0,00    6,76    0,00    0,00    0,00   86,49
02:44:38      10    0,00    0,00    0,00    0,00    0,00   12,66    0,00    0,00    0,00   87,34
02:44:38      11    0,99    0,00    0,00    0,00    0,00   29,70    0,00    0,00    0,00   69,31
02:44:38      12    0,00    0,00    0,00    0,00    0,00    9,21    0,00    0,00    0,00   90,79
02:44:38      13    0,00    0,00    0,00    0,00    0,00    4,17    0,00    0,00    0,00   95,83
02:44:38      14    0,00    0,00    0,00    0,00    0,00   10,39    0,00    0,00    0,00   89,61
02:44:38      15    0,00    0,00    0,00    0,00    0,00    7,79    0,00    0,00    0,00   92,21
02:44:38      16    0,00    0,00    0,00    0,00    0,00    8,33    0,00    0,00    0,00   91,67
02:44:38      17    0,00    0,00    0,00    0,00    0,00    1,28    0,00    0,00    0,00   98,72
02:44:38      18    0,00    0,00    0,00    0,00    0,00    1,30    0,00    0,00    0,00   98,70
02:44:38      19    0,00    0,00    0,00    0,00    0,00    1,28    0,00    0,00    0,00   98,72
02:44:38      20    0,00    0,00    0,00    0,00    0,00    1,28    0,00    0,00    0,00   98,72
02:44:38      21    0,00    0,00    0,00    0,00    0,00    0,00    0,00    0,00    0,00  100,00
02:44:38      22    0,00    0,00    0,00    0,00    0,00    1,28    0,00    0,00    0,00   98,72
02:44:38      23    0,00    0,00    0,00    0,00    0,00    0,00    0,00    0,00    0,00  100,00

02:44:38     CPU    %usr   %nice    %sys %iowait    %irq   %soft  %steal  %guest  %gnice   %idle
02:44:39     all    0,27    0,00    0,11    0,00    0,00    6,31    0,00    0,00    0,00   93,32
02:44:39       0    0,00    0,00    0,00    0,00    0,00    9,23    0,00    0,00    0,00   90,77
02:44:39       1    0,00    0,00    0,00    0,00    0,00    5,06    0,00    0,00    0,00   94,94
02:44:39       2    0,00    0,00    0,00    0,00    0,00   11,63    0,00    0,00    0,00   88,37
02:44:39       3    0,00    0,00    0,00    0,00    0,00    1,30    0,00    0,00    0,00   98,70
02:44:39       4    0,00    0,00    0,00    0,00    0,00   11,63    0,00    0,00    0,00   88,37
02:44:39       5    0,00    0,00    0,00    0,00    0,00    1,28    0,00    0,00    0,00   98,72
02:44:39       6    0,00    0,00    0,00    0,00    0,00    3,75    0,00    0,00    0,00   96,25
02:44:39       7    0,00    0,00    1,30    0,00    0,00    0,00    0,00    0,00    0,00   98,70
02:44:39       8    0,00    0,00    0,00    0,00    0,00   16,87    0,00    0,00    0,00   83,13
02:44:39       9    5,41    0,00    0,00    0,00    0,00    4,05    0,00    0,00    0,00   90,54
02:44:39      10    1,16    0,00    0,00    0,00    0,00   17,44    0,00    0,00    0,00   81,40
02:44:39      11    0,00    0,00    1,23    0,00    0,00   12,35    0,00    0,00    0,00   86,42
02:44:39      12    0,00    0,00    0,00    0,00    0,00    9,09    0,00    0,00    0,00   90,91
02:44:39      13    0,00    0,00    0,00    0,00    0,00    4,17    0,00    0,00    0,00   95,83
02:44:39      14    0,00    0,00    0,00    0,00    0,00    8,00    0,00    0,00    0,00   92,00
02:44:39      15    0,00    0,00    0,00    0,00    0,00   12,35    0,00    0,00    0,00   87,65
02:44:39      16    0,00    0,00    0,00    0,00    0,00    4,94    0,00    0,00    0,00   95,06
02:44:39      17    0,00    0,00    0,00    0,00    0,00    1,28    0,00    0,00    0,00   98,72
02:44:39      18    0,00    0,00    0,00    0,00    0,00    2,53    0,00    0,00    0,00   97,47
02:44:39      19    0,00    0,00    0,00    0,00    0,00    5,00    0,00    0,00    0,00   95,00
02:44:39      20    0,00    0,00    0,00    0,00    0,00    2,56    0,00    0,00    0,00   97,44
02:44:39      21    0,00    0,00    0,00    0,00    0,00    0,00    0,00    0,00    0,00  100,00
02:44:39      22    0,00    0,00    0,00    0,00    0,00    2,53    0,00    0,00    0,00   97,47
02:44:39      23    0,00    0,00    0,00    0,00    0,00    1,30    0,00    0,00    0,00   98,70

02:44:39     CPU    %usr   %nice    %sys %iowait    %irq   %soft  %steal  %guest  %gnice   %idle
02:44:40     all    0,32    0,00    0,00    0,00    0,00    6,17    0,00    0,00    0,00   93,51
02:44:40       0    0,00    0,00    0,00    0,00    0,00   10,61    0,00    0,00    0,00   89,39
02:44:40       1    0,00    0,00    0,00    0,00    0,00    3,85    0,00    0,00    0,00   96,15
02:44:40       2    0,00    0,00    0,00    0,00    0,00   12,64    0,00    0,00    0,00   87,36
02:44:40       3    0,00    0,00    0,00    0,00    0,00    2,60    0,00    0,00    0,00   97,40
02:44:40       4    0,00    0,00    0,00    0,00    0,00    1,32    0,00    0,00    0,00   98,68
02:44:40       5    0,00    0,00    0,00    0,00    0,00    1,30    0,00    0,00    0,00   98,70
02:44:40       6    0,00    0,00    0,00    0,00    0,00    1,28    0,00    0,00    0,00   98,72
02:44:40       7    0,00    0,00    0,00    0,00    0,00    2,56    0,00    0,00    0,00   97,44
02:44:40       8    0,00    0,00    0,00    0,00    0,00   17,86    0,00    0,00    0,00   82,14
02:44:40       9    6,67    0,00    0,00    0,00    0,00    8,00    0,00    0,00    0,00   85,33
02:44:40      10    1,12    0,00    0,00    0,00    0,00   21,35    0,00    0,00    0,00   77,53
02:44:40      11    0,00    0,00    0,00    0,00    0,00    6,58    0,00    0,00    0,00   93,42
02:44:40      12    0,00    0,00    0,00    0,00    0,00   13,75    0,00    0,00    0,00   86,25
02:44:40      13    0,00    0,00    0,00    0,00    0,00    2,78    0,00    0,00    0,00   97,22
02:44:40      14    0,00    0,00    0,00    0,00    0,00   12,50    0,00    0,00    0,00   87,50
02:44:40      15    0,00    0,00    0,00    0,00    0,00   10,13    0,00    0,00    0,00   89,87
02:44:40      16    0,00    0,00    0,00    0,00    0,00    2,53    0,00    0,00    0,00   97,47
02:44:40      17    0,00    0,00    0,00    0,00    0,00    1,27    0,00    0,00    0,00   98,73
02:44:40      18    0,00    0,00    0,00    0,00    0,00    2,53    0,00    0,00    0,00   97,47
02:44:40      19    0,00    0,00    0,00    0,00    0,00    3,75    0,00    0,00    0,00   96,25
02:44:40      20    0,00    0,00    0,00    0,00    0,00    0,00    0,00    0,00    0,00  100,00
02:44:40      21    0,00    0,00    0,00    0,00    0,00    1,28    0,00    0,00    0,00   98,72
02:44:40      22    0,00    0,00    0,00    0,00    0,00    2,53    0,00    0,00    0,00   97,47
02:44:40      23    0,00    0,00    0,00    0,00    0,00    1,30    0,00    0,00    0,00   98,70

02:44:40     CPU    %usr   %nice    %sys %iowait    %irq   %soft  %steal  %guest  %gnice   %idle
02:44:41     all    0,53    0,00    0,11    0,05    0,00    5,80    0,00    0,00    0,00   93,51
02:44:41       0    0,00    0,00    0,00    0,00    0,00    7,81    0,00    0,00    0,00   92,19
02:44:41       1    0,00    0,00    0,00    0,00    0,00    3,85    0,00    0,00    0,00   96,15
02:44:41       2    2,35    0,00    1,18    0,00    0,00    9,41    0,00    0,00    0,00   87,06
02:44:41       3    1,27    0,00    0,00    0,00    0,00    2,53    0,00    0,00    0,00   96,20
02:44:41       4    1,28    0,00    0,00    0,00    0,00    1,28    0,00    0,00    0,00   97,44
02:44:41       5    0,00    0,00    0,00    0,00    0,00    2,60    0,00    0,00    0,00   97,40
02:44:41       6    0,00    0,00    0,00    0,00    0,00    8,43    0,00    0,00    0,00   91,57
02:44:41       7    0,00    0,00    0,00    0,00    0,00    1,30    0,00    0,00    0,00   98,70
02:44:41       8    1,18    0,00    0,00    0,00    0,00   17,65    0,00    0,00    0,00   81,18
02:44:41       9    2,70    0,00    0,00    0,00    0,00    6,76    0,00    0,00    0,00   90,54
02:44:41      10    1,12    0,00    1,12    0,00    0,00   19,10    0,00    0,00    0,00   78,65
02:44:41      11    0,00    0,00    0,00    0,00    0,00    6,58    0,00    0,00    0,00   93,42
02:44:41      12    1,25    0,00    0,00    0,00    0,00   11,25    0,00    0,00    0,00   87,50
02:44:41      13    0,00    0,00    0,00    0,00    0,00    4,17    0,00    0,00    0,00   95,83
02:44:41      14    0,00    0,00    0,00    0,00    0,00   10,39    0,00    0,00    0,00   89,61
02:44:41      15    0,00    0,00    0,00    0,00    0,00   11,39    0,00    0,00    0,00   88,61
02:44:41      16    0,00    0,00    0,00    0,00    0,00    2,53    0,00    0,00    0,00   97,47
02:44:41      17    0,00    0,00    0,00    0,00    0,00    0,00    0,00    0,00    0,00  100,00
02:44:41      18    1,25    0,00    0,00    0,00    0,00    2,50    0,00    0,00    0,00   96,25
02:44:41      19    0,00    0,00    0,00    1,23    0,00    4,94    0,00    0,00    0,00   93,83
02:44:41      20    0,00    0,00    0,00    0,00    0,00    0,00    0,00    0,00    0,00  100,00
02:44:41      21    0,00    0,00    0,00    0,00    0,00    0,00    0,00    0,00    0,00  100,00
02:44:41      22    0,00    0,00    0,00    0,00    0,00    1,27    0,00    0,00    0,00   98,73
02:44:41      23    0,00    0,00    0,00    0,00    0,00    0,00    0,00    0,00    0,00  100,00

02:44:41     CPU    %usr   %nice    %sys %iowait    %irq   %soft  %steal  %guest  %gnice   %idle
02:44:42     all    0,11    0,00    0,11    0,00    0,00    5,80    0,00    0,00    0,00   93,98
02:44:42       0    0,00    0,00    0,00    0,00    0,00    9,38    0,00    0,00    0,00   90,62
02:44:42       1    0,00    0,00    0,00    0,00    0,00    3,85    0,00    0,00    0,00   96,15
02:44:42       2    0,00    0,00    0,00    0,00    0,00    8,43    0,00    0,00    0,00   91,57
02:44:42       3    0,00    0,00    0,00    0,00    0,00    1,30    0,00    0,00    0,00   98,70
02:44:42       4    0,00    0,00    0,00    0,00    0,00    2,60    0,00    0,00    0,00   97,40
02:44:42       5    0,00    0,00    0,00    0,00    0,00    0,00    0,00    0,00    0,00  100,00
02:44:42       6    0,00    0,00    0,00    0,00    0,00    3,75    0,00    0,00    0,00   96,25
02:44:42       7    0,00    0,00    0,00    0,00    0,00    1,30    0,00    0,00    0,00   98,70
02:44:42       8    1,06    0,00    0,00    0,00    0,00   25,53    0,00    0,00    0,00   73,40
02:44:42       9    0,00    0,00    0,00    0,00    0,00    4,05    0,00    0,00    0,00   95,95
02:44:42      10    1,18    0,00    0,00    0,00    0,00   17,65    0,00    0,00    0,00   81,18
02:44:42      11    0,00    0,00    0,00    0,00    0,00    7,79    0,00    0,00    0,00   92,21
02:44:42      12    0,00    0,00    0,00    0,00    0,00   11,39    0,00    0,00    0,00   88,61
02:44:42      13    0,00    0,00    0,00    0,00    0,00    1,41    0,00    0,00    0,00   98,59
02:44:42      14    0,00    0,00    0,00    0,00    0,00    9,21    0,00    0,00    0,00   90,79
02:44:42      15    0,00    0,00    0,00    0,00    0,00   10,13    0,00    0,00    0,00   89,87
02:44:42      16    0,00    0,00    0,00    0,00    0,00    3,75    0,00    0,00    0,00   96,25
02:44:42      17    0,00    0,00    0,00    0,00    0,00    1,28    0,00    0,00    0,00   98,72
02:44:42      18    0,00    0,00    0,00    0,00    0,00    2,53    0,00    0,00    0,00   97,47
02:44:42      19    0,00    0,00    1,23    0,00    0,00    3,70    0,00    0,00    0,00   95,06
02:44:42      20    0,00    0,00    0,00    0,00    0,00    1,28    0,00    0,00    0,00   98,72
02:44:42      21    0,00    0,00    0,00    0,00    0,00    0,00    0,00    0,00    0,00  100,00
02:44:42      22    0,00    0,00    1,27    0,00    0,00    2,53    0,00    0,00    0,00   96,20
02:44:42      23    0,00    0,00    0,00    0,00    0,00    1,28    0,00    0,00    0,00   98,72

02:44:42     CPU    %usr   %nice    %sys %iowait    %irq   %soft  %steal  %guest  %gnice   %idle
02:44:43     all    0,05    0,00    0,00    0,00    0,00    6,01    0,00    0,00    0,00   93,93
02:44:43       0    0,00    0,00    0,00    0,00    0,00    6,35    0,00    0,00    0,00   93,65
02:44:43       1    0,00    0,00    0,00    0,00    0,00    7,41    0,00    0,00    0,00   92,59
02:44:43       2    0,00    0,00    0,00    0,00    0,00    7,32    0,00    0,00    0,00   92,68
02:44:43       3    0,00    0,00    0,00    0,00    0,00    1,30    0,00    0,00    0,00   98,70
02:44:43       4    0,00    0,00    0,00    0,00    0,00    3,80    0,00    0,00    0,00   96,20
02:44:43       5    0,00    0,00    0,00    0,00    0,00    2,56    0,00    0,00    0,00   97,44
02:44:43       6    0,00    0,00    0,00    0,00    0,00    2,53    0,00    0,00    0,00   97,47
02:44:43       7    0,00    0,00    0,00    0,00    0,00    2,56    0,00    0,00    0,00   97,44
02:44:43       8    1,05    0,00    0,00    0,00    0,00   27,37    0,00    0,00    0,00   71,58
02:44:43       9    0,00    0,00    0,00    0,00    0,00   12,66    0,00    0,00    0,00   87,34
02:44:43      10    0,00    0,00    0,00    0,00    0,00    8,97    0,00    0,00    0,00   91,03
02:44:43      11    0,00    0,00    0,00    0,00    0,00    7,79    0,00    0,00    0,00   92,21
02:44:43      12    0,00    0,00    0,00    0,00    0,00   11,54    0,00    0,00    0,00   88,46
02:44:43      13    0,00    0,00    0,00    0,00    0,00    5,48    0,00    0,00    0,00   94,52
02:44:43      14    0,00    0,00    0,00    0,00    0,00    8,00    0,00    0,00    0,00   92,00
02:44:43      15    0,00    0,00    0,00    0,00    0,00   10,13    0,00    0,00    0,00   89,87
02:44:43      16    0,00    0,00    0,00    0,00    0,00    4,88    0,00    0,00    0,00   95,12
02:44:43      17    0,00    0,00    0,00    0,00    0,00    0,00    0,00    0,00    0,00  100,00
02:44:43      18    0,00    0,00    0,00    0,00    0,00    2,53    0,00    0,00    0,00   97,47
02:44:43      19    0,00    0,00    0,00    0,00    0,00    3,75    0,00    0,00    0,00   96,25
02:44:43      20    0,00    0,00    0,00    0,00    0,00    0,00    0,00    0,00    0,00  100,00
02:44:43      21    0,00    0,00    0,00    0,00    0,00    1,28    0,00    0,00    0,00   98,72
02:44:43      22    0,00    0,00    0,00    0,00    0,00    1,28    0,00    0,00    0,00   98,72
02:44:43      23    0,00    0,00    0,00    0,00    0,00    0,00    0,00    0,00    0,00  100,00

02:44:43     CPU    %usr   %nice    %sys %iowait    %irq   %soft  %steal  %guest  %gnice   %idle
02:44:44     all    0,05    0,00    0,05    0,00    0,00    5,69    0,00    0,00    0,00   94,20
02:44:44       0    0,00    0,00    0,00    0,00    0,00    6,35    0,00    0,00    0,00   93,65
02:44:44       1    0,00    0,00    0,00    0,00    0,00    2,56    0,00    0,00    0,00   97,44
02:44:44       2    0,00    0,00    0,00    0,00    0,00    7,32    0,00    0,00    0,00   92,68
02:44:44       3    0,00    0,00    0,00    0,00    0,00    0,00    0,00    0,00    0,00  100,00
02:44:44       4    0,00    0,00    0,00    0,00    0,00    7,32    0,00    0,00    0,00   92,68
02:44:44       5    0,00    0,00    0,00    0,00    0,00    0,00    0,00    0,00    0,00  100,00
02:44:44       6    0,00    0,00    0,00    0,00    0,00    2,53    0,00    0,00    0,00   97,47
02:44:44       7    0,00    0,00    0,00    0,00    0,00    2,56    0,00    0,00    0,00   97,44
02:44:44       8    0,97    0,00    0,97    0,00    0,00   31,07    0,00    0,00    0,00   66,99
02:44:44       9    0,00    0,00    0,00    0,00    0,00    5,41    0,00    0,00    0,00   94,59
02:44:44      10    0,00    0,00    0,00    0,00    0,00    9,09    0,00    0,00    0,00   90,91
02:44:44      11    0,00    0,00    0,00    0,00    0,00    7,69    0,00    0,00    0,00   92,31
02:44:44      12    0,00    0,00    0,00    0,00    0,00    9,09    0,00    0,00    0,00   90,91
02:44:44      13    0,00    0,00    0,00    0,00    0,00    2,82    0,00    0,00    0,00   97,18
02:44:44      14    0,00    0,00    0,00    0,00    0,00    9,09    0,00    0,00    0,00   90,91
02:44:44      15    0,00    0,00    0,00    0,00    0,00   11,25    0,00    0,00    0,00   88,75
02:44:44      16    0,00    0,00    0,00    0,00    0,00    3,75    0,00    0,00    0,00   96,25
02:44:44      17    0,00    0,00    0,00    0,00    0,00    1,27    0,00    0,00    0,00   98,73
02:44:44      18    0,00    0,00    0,00    0,00    0,00    2,56    0,00    0,00    0,00   97,44
02:44:44      19    0,00    0,00    0,00    0,00    0,00    3,75    0,00    0,00    0,00   96,25
02:44:44      20    0,00    0,00    0,00    0,00    0,00    0,00    0,00    0,00    0,00  100,00
02:44:44      21    0,00    0,00    0,00    0,00    0,00    0,00    0,00    0,00    0,00  100,00
02:44:44      22    0,00    0,00    0,00    0,00    0,00    1,28    0,00    0,00    0,00   98,72
02:44:44      23    0,00    0,00    0,00    0,00    0,00    1,27    0,00    0,00    0,00   98,73

02:44:44     CPU    %usr   %nice    %sys %iowait    %irq   %soft  %steal  %guest  %gnice   %idle
02:44:45     all    0,05    0,00    0,00    0,00    0,00    5,80    0,00    0,00    0,00   94,14
02:44:45       0    0,00    0,00    0,00    0,00    0,00    4,84    0,00    0,00    0,00   95,16
02:44:45       1    0,00    0,00    0,00    0,00    0,00    5,06    0,00    0,00    0,00   94,94
02:44:45       2    0,00    0,00    0,00    0,00    0,00   10,59    0,00    0,00    0,00   89,41
02:44:45       3    0,00    0,00    0,00    0,00    0,00    1,30    0,00    0,00    0,00   98,70
02:44:45       4    0,00    0,00    0,00    0,00    0,00    5,00    0,00    0,00    0,00   95,00
02:44:45       5    0,00    0,00    0,00    0,00    0,00    1,30    0,00    0,00    0,00   98,70
02:44:45       6    0,00    0,00    0,00    0,00    0,00    2,53    0,00    0,00    0,00   97,47
02:44:45       7    0,00    0,00    0,00    0,00    0,00    2,56    0,00    0,00    0,00   97,44
02:44:45       8    0,00    0,00    0,00    0,00    0,00   28,42    0,00    0,00    0,00   71,58
02:44:45       9    0,00    0,00    0,00    0,00    0,00    2,78    0,00    0,00    0,00   97,22
02:44:45      10    0,00    0,00    0,00    0,00    0,00   10,13    0,00    0,00    0,00   89,87
02:44:45      11    0,00    0,00    0,00    0,00    0,00    6,58    0,00    0,00    0,00   93,42
02:44:45      12    1,16    0,00    0,00    0,00    0,00   18,60    0,00    0,00    0,00   80,23
02:44:45      13    0,00    0,00    0,00    0,00    0,00    2,82    0,00    0,00    0,00   97,18
02:44:45      14    0,00    0,00    0,00    0,00    0,00    8,00    0,00    0,00    0,00   92,00
02:44:45      15    0,00    0,00    0,00    0,00    0,00    8,97    0,00    0,00    0,00   91,03
02:44:45      16    0,00    0,00    0,00    0,00    0,00    3,70    0,00    0,00    0,00   96,30
02:44:45      17    0,00    0,00    0,00    0,00    0,00    0,00    0,00    0,00    0,00  100,00
02:44:45      18    0,00    0,00    0,00    0,00    0,00    1,27    0,00    0,00    0,00   98,73
02:44:45      19    0,00    0,00    0,00    0,00    0,00    2,50    0,00    0,00    0,00   97,50
02:44:45      20    0,00    0,00    0,00    0,00    0,00    1,28    0,00    0,00    0,00   98,72
02:44:45      21    0,00    0,00    0,00    0,00    0,00    1,28    0,00    0,00    0,00   98,72
02:44:45      22    0,00    0,00    0,00    0,00    0,00    2,56    0,00    0,00    0,00   97,44
02:44:45      23    0,00    0,00    0,00    0,00    0,00    0,00    0,00    0,00    0,00  100,00

02:44:45     CPU    %usr   %nice    %sys %iowait    %irq   %soft  %steal  %guest  %gnice   %idle
02:44:46     all    0,21    0,00    0,05    0,11    0,00    5,69    0,00    0,00    0,00   93,93
02:44:46       0    0,00    0,00    0,00    0,00    0,00    7,81    0,00    0,00    0,00   92,19
02:44:46       1    0,00    0,00    0,00    0,00    0,00    5,06    0,00    0,00    0,00   94,94
02:44:46       2    0,00    0,00    0,00    0,00    0,00   10,59    0,00    0,00    0,00   89,41
02:44:46       3    0,00    0,00    0,00    0,00    0,00    1,30    0,00    0,00    0,00   98,70
02:44:46       4    0,00    0,00    0,00    0,00    0,00    2,60    0,00    0,00    0,00   97,40
02:44:46       5    0,00    0,00    0,00    0,00    0,00    1,30    0,00    0,00    0,00   98,70
02:44:46       6    0,00    0,00    0,00    0,00    0,00    4,88    0,00    0,00    0,00   95,12
02:44:46       7    0,00    0,00    0,00    0,00    0,00    1,30    0,00    0,00    0,00   98,70
02:44:46       8    2,13    0,00    0,00    0,00    0,00   24,47    0,00    0,00    0,00   73,40
02:44:46       9    0,00    0,00    0,00    0,00    0,00    5,41    0,00    0,00    0,00   94,59
02:44:46      10    1,19    0,00    1,19    0,00    0,00   14,29    0,00    0,00    0,00   83,33
02:44:46      11    0,00    0,00    0,00    0,00    0,00    5,33    0,00    0,00    0,00   94,67
02:44:46      12    0,00    0,00    0,00    0,00    0,00    7,89    0,00    0,00    0,00   92,11
02:44:46      13    0,00    0,00    0,00    0,00    0,00    4,11    0,00    0,00    0,00   95,89
02:44:46      14    0,00    0,00    0,00    0,00    0,00    4,11    0,00    0,00    0,00   95,89
02:44:46      15    0,00    0,00    0,00    0,00    0,00   10,13    0,00    0,00    0,00   89,87
02:44:46      16    0,00    0,00    0,00    0,00    0,00    3,75    0,00    0,00    0,00   96,25
02:44:46      17    1,22    0,00    0,00    1,22    0,00    4,88    0,00    0,00    0,00   92,68
02:44:46      18    0,00    0,00    0,00    0,00    0,00    2,56    0,00    0,00    0,00   97,44
02:44:46      19    0,00    0,00    0,00    1,23    0,00    4,94    0,00    0,00    0,00   93,83
02:44:46      20    0,00    0,00    0,00    0,00    0,00    1,28    0,00    0,00    0,00   98,72
02:44:46      21    0,00    0,00    0,00    0,00    0,00    1,28    0,00    0,00    0,00   98,72
02:44:46      22    0,00    0,00    0,00    0,00    0,00    1,28    0,00    0,00    0,00   98,72
02:44:46      23    0,00    0,00    0,00    0,00    0,00    1,28    0,00    0,00    0,00   98,72

02:44:46     CPU    %usr   %nice    %sys %iowait    %irq   %soft  %steal  %guest  %gnice   %idle
02:44:47     all    0,05    0,00    0,00    0,00    0,00    6,01    0,00    0,00    0,00   93,93
02:44:47       0    0,00    0,00    0,00    0,00    0,00    6,25    0,00    0,00    0,00   93,75
02:44:47       1    0,00    0,00    0,00    0,00    0,00    3,80    0,00    0,00    0,00   96,20
02:44:47       2    0,00    0,00    0,00    0,00    0,00   10,59    0,00    0,00    0,00   89,41
02:44:47       3    0,00    0,00    0,00    0,00    0,00    0,00    0,00    0,00    0,00  100,00
02:44:47       4    0,00    0,00    0,00    0,00    0,00    6,25    0,00    0,00    0,00   93,75
02:44:47       5    0,00    0,00    0,00    0,00    0,00    0,00    0,00    0,00    0,00  100,00
02:44:47       6    0,00    0,00    0,00    0,00    0,00    4,94    0,00    0,00    0,00   95,06
02:44:47       7    0,00    0,00    0,00    0,00    0,00    2,56    0,00    0,00    0,00   97,44
02:44:47       8    0,00    0,00    0,00    0,00    0,00   17,86    0,00    0,00    0,00   82,14
02:44:47       9    0,00    0,00    0,00    0,00    0,00    5,41    0,00    0,00    0,00   94,59
02:44:47      10    1,04    0,00    0,00    0,00    0,00   27,08    0,00    0,00    0,00   71,88
02:44:47      11    0,00    0,00    0,00    0,00    0,00    7,79    0,00    0,00    0,00   92,21
02:44:47      12    0,00    0,00    0,00    0,00    0,00   13,58    0,00    0,00    0,00   86,42
02:44:47      13    0,00    0,00    0,00    0,00    0,00    4,17    0,00    0,00    0,00   95,83
02:44:47      14    0,00    0,00    0,00    0,00    0,00    6,76    0,00    0,00    0,00   93,24
02:44:47      15    0,00    0,00    0,00    0,00    0,00    7,79    0,00    0,00    0,00   92,21
02:44:47      16    0,00    0,00    0,00    0,00    0,00    3,75    0,00    0,00    0,00   96,25
02:44:47      17    0,00    0,00    0,00    0,00    0,00    0,00    0,00    0,00    0,00  100,00
02:44:47      18    0,00    0,00    0,00    0,00    0,00    2,53    0,00    0,00    0,00   97,47
02:44:47      19    0,00    0,00    0,00    0,00    0,00    2,50    0,00    0,00    0,00   97,50
02:44:47      20    0,00    0,00    0,00    0,00    0,00    0,00    0,00    0,00    0,00  100,00
02:44:47      21    0,00    0,00    0,00    0,00    0,00    1,30    0,00    0,00    0,00   98,70
02:44:47      22    0,00    0,00    0,00    0,00    0,00    1,27    0,00    0,00    0,00   98,73
02:44:47      23    0,00    0,00    0,00    0,00    0,00    1,28    0,00    0,00    0,00   98,72

02:44:47     CPU    %usr   %nice    %sys %iowait    %irq   %soft  %steal  %guest  %gnice   %idle
02:44:48     all    0,11    0,00    0,05    0,00    0,00    5,95    0,00    0,00    0,00   93,89
02:44:48       0    0,00    0,00    0,00    0,00    0,00    6,45    0,00    0,00    0,00   93,55
02:44:48       1    0,00    0,00    0,00    0,00    0,00    5,13    0,00    0,00    0,00   94,87
02:44:48       2    0,00    0,00    0,00    0,00    0,00    8,43    0,00    0,00    0,00   91,57
02:44:48       3    0,00    0,00    0,00    0,00    0,00    1,30    0,00    0,00    0,00   98,70
02:44:48       4    0,00    0,00    0,00    0,00    0,00    3,80    0,00    0,00    0,00   96,20
02:44:48       5    0,00    0,00    0,00    0,00    0,00    1,30    0,00    0,00    0,00   98,70
02:44:48       6    0,00    0,00    0,00    0,00    0,00    3,75    0,00    0,00    0,00   96,25
02:44:48       7    0,00    0,00    0,00    0,00    0,00    1,30    0,00    0,00    0,00   98,70
02:44:48       8    1,14    0,00    0,00    0,00    0,00   19,32    0,00    0,00    0,00   79,55
02:44:48       9    1,06    0,00    1,06    0,00    0,00   25,53    0,00    0,00    0,00   72,34
02:44:48      10    0,00    0,00    0,00    0,00    0,00   12,35    0,00    0,00    0,00   87,65
02:44:48      11    0,00    0,00    0,00    0,00    0,00    6,58    0,00    0,00    0,00   93,42
02:44:48      12    0,00    0,00    0,00    0,00    0,00   10,26    0,00    0,00    0,00   89,74
02:44:48      13    0,00    0,00    0,00    0,00    0,00    4,11    0,00    0,00    0,00   95,89
02:44:48      14    0,00    0,00    0,00    0,00    0,00    5,41    0,00    0,00    0,00   94,59
02:44:48      15    0,00    0,00    0,00    0,00    0,00    8,97    0,00    0,00    0,00   91,03
02:44:48      16    0,00    0,00    0,00    0,00    0,00    3,75    0,00    0,00    0,00   96,25
02:44:48      17    0,00    0,00    0,00    0,00    0,00    1,27    0,00    0,00    0,00   98,73
02:44:48      18    0,00    0,00    0,00    0,00    0,00    1,28    0,00    0,00    0,00   98,72
02:44:48      19    0,00    0,00    0,00    0,00    0,00    3,75    0,00    0,00    0,00   96,25
02:44:48      20    0,00    0,00    0,00    0,00    0,00    0,00    0,00    0,00    0,00  100,00
02:44:48      21    0,00    0,00    0,00    0,00    0,00    1,28    0,00    0,00    0,00   98,72
02:44:48      22    0,00    0,00    0,00    0,00    0,00    1,28    0,00    0,00    0,00   98,72
02:44:48      23    0,00    0,00    0,00    0,00    0,00    0,00    0,00    0,00    0,00  100,00

02:44:48     CPU    %usr   %nice    %sys %iowait    %irq   %soft  %steal  %guest  %gnice   %idle
02:44:49     all    0,05    0,00    0,05    0,00    0,00    5,81    0,00    0,00    0,00   94,08
02:44:49       0    0,00    0,00    0,00    0,00    0,00    6,35    0,00    0,00    0,00   93,65
02:44:49       1    0,00    0,00    0,00    0,00    0,00    6,25    0,00    0,00    0,00   93,75
02:44:49       2    0,00    0,00    0,00    0,00    0,00    3,80    0,00    0,00    0,00   96,20
02:44:49       3    0,00    0,00    0,00    0,00    0,00    3,80    0,00    0,00    0,00   96,20
02:44:49       4    0,00    0,00    0,00    0,00    0,00    3,85    0,00    0,00    0,00   96,15
02:44:49       5    0,00    0,00    0,00    0,00    0,00    0,00    0,00    0,00    0,00  100,00
02:44:49       6    1,25    0,00    0,00    0,00    0,00    2,50    0,00    0,00    0,00   96,25
02:44:49       7    0,00    0,00    0,00    0,00    0,00    2,56    0,00    0,00    0,00   97,44
02:44:49       8    0,00    0,00    0,00    0,00    0,00   16,87    0,00    0,00    0,00   83,13
02:44:49       9    0,00    0,00    0,00    0,00    0,00   13,75    0,00    0,00    0,00   86,25
02:44:49      10    0,00    0,00    0,00    0,00    0,00   18,60    0,00    0,00    0,00   81,40
02:44:49      11    0,00    0,00    0,00    0,00    0,00   16,47    0,00    0,00    0,00   83,53
02:44:49      12    0,00    0,00    0,00    0,00    0,00    8,00    0,00    0,00    0,00   92,00
02:44:49      13    0,00    0,00    0,00    0,00    0,00    6,76    0,00    0,00    0,00   93,24
02:44:49      14    0,00    0,00    1,33    0,00    0,00    6,67    0,00    0,00    0,00   92,00
02:44:49      15    0,00    0,00    0,00    0,00    0,00    8,97    0,00    0,00    0,00   91,03
02:44:49      16    0,00    0,00    0,00    0,00    0,00    2,53    0,00    0,00    0,00   97,47
02:44:49      17    0,00    0,00    0,00    0,00    0,00    0,00    0,00    0,00    0,00  100,00
02:44:49      18    0,00    0,00    0,00    0,00    0,00    2,53    0,00    0,00    0,00   97,47
02:44:49      19    0,00    0,00    0,00    0,00    0,00    2,53    0,00    0,00    0,00   97,47
02:44:49      20    0,00    0,00    0,00    0,00    0,00    1,28    0,00    0,00    0,00   98,72
02:44:49      21    0,00    0,00    0,00    0,00    0,00    0,00    0,00    0,00    0,00  100,00
02:44:49      22    0,00    0,00    0,00    0,00    0,00    2,53    0,00    0,00    0,00   97,47
02:44:49      23    0,00    0,00    0,00    0,00    0,00    0,00    0,00    0,00    0,00  100,00

02:44:49     CPU    %usr   %nice    %sys %iowait    %irq   %soft  %steal  %guest  %gnice   %idle
02:44:50     all    0,11    0,00    0,00    0,00    0,00    5,66    0,00    0,00    0,00   94,24
02:44:50       0    0,00    0,00    0,00    0,00    0,00    9,23    0,00    0,00    0,00   90,77
02:44:50       1    0,00    0,00    0,00    0,00    0,00    5,06    0,00    0,00    0,00   94,94
02:44:50       2    0,00    0,00    0,00    0,00    0,00    5,00    0,00    0,00    0,00   95,00
02:44:50       3    0,00    0,00    0,00    0,00    0,00    1,30    0,00    0,00    0,00   98,70
02:44:50       4    0,00    0,00    0,00    0,00    0,00    1,30    0,00    0,00    0,00   98,70
02:44:50       5    0,00    0,00    0,00    0,00    0,00    1,30    0,00    0,00    0,00   98,70
02:44:50       6    0,00    0,00    0,00    0,00    0,00    1,28    0,00    0,00    0,00   98,72
02:44:50       7    0,00    0,00    0,00    0,00    0,00    1,30    0,00    0,00    0,00   98,70
02:44:50       8    0,00    0,00    0,00    0,00    0,00   17,86    0,00    0,00    0,00   82,14
02:44:50       9    0,00    0,00    0,00    0,00    0,00    4,11    0,00    0,00    0,00   95,89
02:44:50      10    1,27    0,00    0,00    0,00    0,00   10,13    0,00    0,00    0,00   88,61
02:44:50      11    1,02    0,00    0,00    0,00    0,00   28,57    0,00    0,00    0,00   70,41
02:44:50      12    0,00    0,00    0,00    0,00    0,00    6,67    0,00    0,00    0,00   93,33
02:44:50      13    0,00    0,00    0,00    0,00    0,00    4,11    0,00    0,00    0,00   95,89
02:44:50      14    0,00    0,00    0,00    0,00    0,00    8,00    0,00    0,00    0,00   92,00
02:44:50      15    0,00    0,00    0,00    0,00    0,00   12,50    0,00    0,00    0,00   87,50
02:44:50      16    0,00    0,00    0,00    0,00    0,00    3,75    0,00    0,00    0,00   96,25
02:44:50      17    0,00    0,00    0,00    0,00    0,00    0,00    0,00    0,00    0,00  100,00
02:44:50      18    0,00    0,00    0,00    0,00    0,00    1,28    0,00    0,00    0,00   98,72
02:44:50      19    0,00    0,00    0,00    0,00    0,00    3,70    0,00    0,00    0,00   96,30
02:44:50      20    0,00    0,00    0,00    0,00    0,00    0,00    0,00    0,00    0,00  100,00
02:44:50      21    0,00    0,00    0,00    0,00    0,00    0,00    0,00    0,00    0,00  100,00
02:44:50      22    0,00    0,00    0,00    0,00    0,00    1,28    0,00    0,00    0,00   98,72
02:44:50      23    0,00    0,00    0,00    0,00    0,00    1,28    0,00    0,00    0,00   98,72

02:44:50     CPU    %usr   %nice    %sys %iowait    %irq   %soft  %steal  %guest  %gnice   %idle
02:44:51     all    0,00    0,00    0,11    0,05    0,00    5,92    0,00    0,00    0,00   93,92
02:44:51       0    0,00    0,00    0,00    0,00    0,00    4,84    0,00    0,00    0,00   95,16
02:44:51       1    0,00    0,00    0,00    0,00    0,00    5,06    0,00    0,00    0,00   94,94
02:44:51       2    0,00    0,00    0,00    0,00    0,00    5,00    0,00    0,00    0,00   95,00
02:44:51       3    0,00    0,00    0,00    0,00    0,00    6,17    0,00    0,00    0,00   93,83
02:44:51       4    0,00    0,00    0,00    0,00    0,00    1,32    0,00    0,00    0,00   98,68
02:44:51       5    0,00    0,00    0,00    0,00    0,00    1,32    0,00    0,00    0,00   98,68
02:44:51       6    0,00    0,00    0,00    0,00    0,00    5,00    0,00    0,00    0,00   95,00
02:44:51       7    0,00    0,00    0,00    0,00    0,00    1,32    0,00    0,00    0,00   98,68
02:44:51       8    0,00    0,00    1,06    0,00    0,00   25,53    0,00    0,00    0,00   73,40
02:44:51       9    0,00    0,00    0,00    0,00    0,00    4,11    0,00    0,00    0,00   95,89
02:44:51      10    0,00    0,00    1,16    0,00    0,00   17,44    0,00    0,00    0,00   81,40
02:44:51      11    0,00    0,00    0,00    0,00    0,00   12,35    0,00    0,00    0,00   87,65
02:44:51      12    0,00    0,00    0,00    0,00    0,00   11,39    0,00    0,00    0,00   88,61
02:44:51      13    0,00    0,00    0,00    0,00    0,00    4,17    0,00    0,00    0,00   95,83
02:44:51      14    0,00    0,00    0,00    0,00    0,00    6,67    0,00    0,00    0,00   93,33
02:44:51      15    0,00    0,00    0,00    0,00    0,00   11,25    0,00    0,00    0,00   88,75
02:44:51      16    0,00    0,00    0,00    0,00    0,00    1,27    0,00    0,00    0,00   98,73
02:44:51      17    0,00    0,00    0,00    0,00    0,00    1,28    0,00    0,00    0,00   98,72
02:44:51      18    0,00    0,00    0,00    0,00    0,00    2,53    0,00    0,00    0,00   97,47
02:44:51      19    0,00    0,00    0,00    1,25    0,00    3,75    0,00    0,00    0,00   95,00
02:44:51      20    0,00    0,00    0,00    0,00    0,00    0,00    0,00    0,00    0,00  100,00
02:44:51      21    0,00    0,00    0,00    0,00    0,00    1,30    0,00    0,00    0,00   98,70
02:44:51      22    0,00    0,00    0,00    0,00    0,00    1,28    0,00    0,00    0,00   98,72
02:44:51      23    0,00    0,00    0,00    0,00    0,00    1,28    0,00    0,00    0,00   98,72

02:44:51     CPU    %usr   %nice    %sys %iowait    %irq   %soft  %steal  %guest  %gnice   %idle
02:44:52     all    0,16    0,00    0,00    0,00    0,00    5,65    0,00    0,00    0,00   94,19
02:44:52       0    0,00    0,00    0,00    0,00    0,00    7,81    0,00    0,00    0,00   92,19
02:44:52       1    0,00    0,00    0,00    0,00    0,00    3,80    0,00    0,00    0,00   96,20
02:44:52       2    0,00    0,00    0,00    0,00    0,00    7,32    0,00    0,00    0,00   92,68
02:44:52       3    0,00    0,00    0,00    0,00    0,00    2,56    0,00    0,00    0,00   97,44
02:44:52       4    0,00    0,00    0,00    0,00    0,00    2,60    0,00    0,00    0,00   97,40
02:44:52       5    0,00    0,00    0,00    0,00    0,00    0,00    0,00    0,00    0,00  100,00
02:44:52       6    0,00    0,00    0,00    0,00    0,00    6,10    0,00    0,00    0,00   93,90
02:44:52       7    0,00    0,00    0,00    0,00    0,00    0,00    0,00    0,00    0,00  100,00
02:44:52       8    1,10    0,00    0,00    0,00    0,00   23,08    0,00    0,00    0,00   75,82
02:44:52       9    0,00    0,00    0,00    0,00    0,00    4,11    0,00    0,00    0,00   95,89
02:44:52      10    0,00    0,00    0,00    0,00    0,00   22,22    0,00    0,00    0,00   77,78
02:44:52      11    0,00    0,00    0,00    0,00    0,00    8,97    0,00    0,00    0,00   91,03
02:44:52      12    1,27    0,00    0,00    0,00    0,00   10,13    0,00    0,00    0,00   88,61
02:44:52      13    0,00    0,00    0,00    0,00    0,00    2,78    0,00    0,00    0,00   97,22
02:44:52      14    0,00    0,00    0,00    0,00    0,00    5,48    0,00    0,00    0,00   94,52
02:44:52      15    1,22    0,00    0,00    0,00    0,00   12,20    0,00    0,00    0,00   86,59
02:44:52      16    0,00    0,00    0,00    0,00    0,00    2,56    0,00    0,00    0,00   97,44
02:44:52      17    0,00    0,00    0,00    0,00    0,00    0,00    0,00    0,00    0,00  100,00
02:44:52      18    0,00    0,00    0,00    0,00    0,00    2,50    0,00    0,00    0,00   97,50
02:44:52      19    0,00    0,00    0,00    0,00    0,00    3,70    0,00    0,00    0,00   96,30
02:44:52      20    0,00    0,00    0,00    0,00    0,00    0,00    0,00    0,00    0,00  100,00
02:44:52      21    0,00    0,00    0,00    0,00    0,00    0,00    0,00    0,00    0,00  100,00
02:44:52      22    0,00    0,00    0,00    0,00    0,00    1,28    0,00    0,00    0,00   98,72
02:44:52      23    0,00    0,00    0,00    0,00    0,00    0,00    0,00    0,00    0,00  100,00

02:44:52     CPU    %usr   %nice    %sys %iowait    %irq   %soft  %steal  %guest  %gnice   %idle
02:44:53     all    0,11    0,00    0,21    0,00    0,00    6,50    0,00    0,00    0,00   93,18
02:44:53       0    0,00    0,00    0,00    0,00    0,00    6,35    0,00    0,00    0,00   93,65
02:44:53       1    0,00    0,00    0,00    0,00    0,00    7,41    0,00    0,00    0,00   92,59
02:44:53       2    0,00    0,00    0,00    0,00    0,00    5,00    0,00    0,00    0,00   95,00
02:44:53       3    0,00    0,00    0,00    0,00    0,00    3,80    0,00    0,00    0,00   96,20
02:44:53       4    0,00    0,00    0,00    0,00    0,00    2,56    0,00    0,00    0,00   97,44
02:44:53       5    0,00    0,00    0,00    0,00    0,00    3,80    0,00    0,00    0,00   96,20
02:44:53       6    0,00    0,00    0,00    0,00    0,00    2,53    0,00    0,00    0,00   97,47
02:44:53       7    0,00    0,00    0,00    0,00    0,00    1,30    0,00    0,00    0,00   98,70
02:44:53       8    0,00    0,00    0,00    0,00    0,00   15,66    0,00    0,00    0,00   84,34
02:44:53       9    0,98    0,00    0,98    0,00    0,00   31,37    0,00    0,00    0,00   66,67
02:44:53      10    0,00    0,00    1,18    0,00    0,00   16,47    0,00    0,00    0,00   82,35
02:44:53      11    0,00    0,00    0,00    0,00    0,00    7,79    0,00    0,00    0,00   92,21
02:44:53      12    0,00    0,00    1,27    0,00    0,00   10,13    0,00    0,00    0,00   88,61
02:44:53      13    0,00    0,00    0,00    0,00    0,00    1,43    0,00    0,00    0,00   98,57
02:44:53      14    1,33    0,00    0,00    0,00    0,00    5,33    0,00    0,00    0,00   93,33
02:44:53      15    0,00    0,00    0,00    0,00    0,00    7,79    0,00    0,00    0,00   92,21
02:44:53      16    0,00    0,00    0,00    0,00    0,00    3,75    0,00    0,00    0,00   96,25
02:44:53      17    0,00    0,00    0,00    0,00    0,00    1,28    0,00    0,00    0,00   98,72
02:44:53      18    0,00    0,00    0,00    0,00    0,00    2,56    0,00    0,00    0,00   97,44
02:44:53      19    0,00    0,00    1,23    0,00    0,00    4,94    0,00    0,00    0,00   93,83
02:44:53      20    0,00    0,00    0,00    0,00    0,00    1,28    0,00    0,00    0,00   98,72
02:44:53      21    0,00    0,00    0,00    0,00    0,00    1,30    0,00    0,00    0,00   98,70
02:44:53      22    0,00    0,00    0,00    0,00    0,00    2,56    0,00    0,00    0,00   97,44
02:44:53      23    0,00    0,00    0,00    0,00    0,00    0,00    0,00    0,00    0,00  100,00

02:44:53     CPU    %usr   %nice    %sys %iowait    %irq   %soft  %steal  %guest  %gnice   %idle
02:44:54     all    0,05    0,00    0,05    0,00    0,00    5,96    0,00    0,00    0,00   93,94
02:44:54       0    0,00    0,00    0,00    0,00    0,00    7,81    0,00    0,00    0,00   92,19
02:44:54       1    0,00    0,00    0,00    0,00    0,00    3,85    0,00    0,00    0,00   96,15
02:44:54       2    0,00    0,00    0,00    0,00    0,00    5,00    0,00    0,00    0,00   95,00
02:44:54       3    0,00    0,00    0,00    0,00    0,00    2,56    0,00    0,00    0,00   97,44
02:44:54       4    0,00    0,00    0,00    0,00    0,00    3,80    0,00    0,00    0,00   96,20
02:44:54       5    0,00    0,00    0,00    0,00    0,00    2,56    0,00    0,00    0,00   97,44
02:44:54       6    0,00    0,00    0,00    0,00    0,00    3,70    0,00    0,00    0,00   96,30
02:44:54       7    0,00    0,00    0,00    0,00    0,00    1,30    0,00    0,00    0,00   98,70
02:44:54       8    0,00    0,00    0,00    0,00    0,00   12,66    0,00    0,00    0,00   87,34
02:44:54       9    0,00    0,00    0,00    0,00    0,00    9,09    0,00    0,00    0,00   90,91
02:44:54      10    0,00    0,00    0,00    0,00    0,00   15,48    0,00    0,00    0,00   84,52
02:44:54      11    1,02    0,00    1,02    0,00    0,00   26,53    0,00    0,00    0,00   71,43
02:44:54      12    0,00    0,00    0,00    0,00    0,00   11,39    0,00    0,00    0,00   88,61
02:44:54      13    0,00    0,00    0,00    0,00    0,00    2,78    0,00    0,00    0,00   97,22
02:44:54      14    0,00    0,00    0,00    0,00    0,00    5,41    0,00    0,00    0,00   94,59
02:44:54      15    0,00    0,00    0,00    0,00    0,00   10,13    0,00    0,00    0,00   89,87
02:44:54      16    0,00    0,00    0,00    0,00    0,00    3,75    0,00    0,00    0,00   96,25
02:44:54      17    0,00    0,00    0,00    0,00    0,00    0,00    0,00    0,00    0,00  100,00
02:44:54      18    0,00    0,00    0,00    0,00    0,00    2,53    0,00    0,00    0,00   97,47
02:44:54      19    0,00    0,00    0,00    0,00    0,00    2,53    0,00    0,00    0,00   97,47
02:44:54      20    0,00    0,00    0,00    0,00    0,00    0,00    0,00    0,00    0,00  100,00
02:44:54      21    0,00    0,00    0,00    0,00    0,00    0,00    0,00    0,00    0,00  100,00
02:44:54      22    0,00    0,00    0,00    0,00    0,00    2,53    0,00    0,00    0,00   97,47
02:44:54      23    0,00    0,00    0,00    0,00    0,00    1,30    0,00    0,00    0,00   98,70

02:44:54     CPU    %usr   %nice    %sys %iowait    %irq   %soft  %steal  %guest  %gnice   %idle
02:44:55     all    0,21    0,00    0,05    0,00    0,00    5,74    0,00    0,00    0,00   93,99
02:44:55       0    0,00    0,00    0,00    0,00    0,00    4,76    0,00    0,00    0,00   95,24
02:44:55       1    0,00    0,00    0,00    0,00    0,00    5,06    0,00    0,00    0,00   94,94
02:44:55       2    0,00    0,00    0,00    0,00    0,00    5,00    0,00    0,00    0,00   95,00
02:44:55       3    0,00    0,00    0,00    0,00    0,00    3,85    0,00    0,00    0,00   96,15
02:44:55       4    0,00    0,00    0,00    0,00    0,00    3,85    0,00    0,00    0,00   96,15
02:44:55       5    0,00    0,00    0,00    0,00    0,00    1,30    0,00    0,00    0,00   98,70
02:44:55       6    0,00    0,00    0,00    0,00    0,00    2,53    0,00    0,00    0,00   97,47
02:44:55       7    0,00    0,00    0,00    0,00    0,00    1,28    0,00    0,00    0,00   98,72
02:44:55       8    1,16    0,00    0,00    0,00    0,00   18,60    0,00    0,00    0,00   80,23
02:44:55       9    0,00    0,00    0,00    0,00    0,00    5,41    0,00    0,00    0,00   94,59
02:44:55      10    1,10    0,00    0,00    0,00    0,00   21,98    0,00    0,00    0,00   76,92
02:44:55      11    1,22    0,00    0,00    0,00    0,00   13,41    0,00    0,00    0,00   85,37
02:44:55      12    0,00    0,00    0,00    0,00    0,00   11,39    0,00    0,00    0,00   88,61
02:44:55      13    1,35    0,00    0,00    0,00    0,00    4,05    0,00    0,00    0,00   94,59
02:44:55      14    0,00    0,00    0,00    0,00    0,00    5,48    0,00    0,00    0,00   94,52
02:44:55      15    0,00    0,00    0,00    0,00    0,00    8,97    0,00    0,00    0,00   91,03
02:44:55      16    0,00    0,00    0,00    0,00    0,00    3,70    0,00    0,00    0,00   96,30
02:44:55      17    0,00    0,00    1,25    0,00    0,00    1,25    0,00    0,00    0,00   97,50
02:44:55      18    0,00    0,00    0,00    0,00    0,00    1,28    0,00    0,00    0,00   98,72
02:44:55      19    0,00    0,00    0,00    0,00    0,00    3,70    0,00    0,00    0,00   96,30
02:44:55      20    0,00    0,00    0,00    0,00    0,00    1,28    0,00    0,00    0,00   98,72
02:44:55      21    0,00    0,00    0,00    0,00    0,00    1,30    0,00    0,00    0,00   98,70
02:44:55      22    0,00    0,00    0,00    0,00    0,00    2,53    0,00    0,00    0,00   97,47
02:44:55      23    0,00    0,00    0,00    0,00    0,00    1,28    0,00    0,00    0,00   98,72

02:44:55     CPU    %usr   %nice    %sys %iowait    %irq   %soft  %steal  %guest  %gnice   %idle
02:44:56     all    0,00    0,00    0,00    0,11    0,00    5,97    0,00    0,00    0,00   93,92
02:44:56       0    0,00    0,00    0,00    0,00    0,00    6,25    0,00    0,00    0,00   93,75
02:44:56       1    0,00    0,00    0,00    0,00    0,00    3,80    0,00    0,00    0,00   96,20
02:44:56       2    0,00    0,00    0,00    0,00    0,00    3,80    0,00    0,00    0,00   96,20
02:44:56       3    0,00    0,00    0,00    0,00    0,00    3,80    0,00    0,00    0,00   96,20
02:44:56       4    0,00    0,00    0,00    0,00    0,00    1,30    0,00    0,00    0,00   98,70
02:44:56       5    0,00    0,00    0,00    0,00    0,00    0,00    0,00    0,00    0,00  100,00
02:44:56       6    0,00    0,00    0,00    0,00    0,00    3,75    0,00    0,00    0,00   96,25
02:44:56       7    0,00    0,00    0,00    0,00    0,00    1,32    0,00    0,00    0,00   98,68
02:44:56       8    0,00    0,00    0,00    0,00    0,00   21,59    0,00    0,00    0,00   78,41
02:44:56       9    0,00    0,00    0,00    0,00    0,00    4,11    0,00    0,00    0,00   95,89
02:44:56      10    0,00    0,00    0,00    0,00    0,00   11,39    0,00    0,00    0,00   88,61
02:44:56      11    0,00    0,00    0,00    0,00    0,00   23,08    0,00    0,00    0,00   76,92
02:44:56      12    0,00    0,00    0,00    0,00    0,00   13,58    0,00    0,00    0,00   86,42
02:44:56      13    0,00    0,00    0,00    0,00    0,00    2,82    0,00    0,00    0,00   97,18
02:44:56      14    0,00    0,00    0,00    0,00    0,00    5,48    0,00    0,00    0,00   94,52
02:44:56      15    0,00    0,00    0,00    0,00    0,00   12,50    0,00    0,00    0,00   87,50
02:44:56      16    0,00    0,00    0,00    0,00    0,00    5,00    0,00    0,00    0,00   95,00
02:44:56      17    0,00    0,00    0,00    1,27    0,00    1,27    0,00    0,00    0,00   97,47
02:44:56      18    0,00    0,00    0,00    0,00    0,00    2,53    0,00    0,00    0,00   97,47
02:44:56      19    0,00    0,00    0,00    1,22    0,00    6,10    0,00    0,00    0,00   92,68
02:44:56      20    0,00    0,00    0,00    0,00    0,00    0,00    0,00    0,00    0,00  100,00
02:44:56      21    0,00    0,00    0,00    0,00    0,00    1,28    0,00    0,00    0,00   98,72
02:44:56      22    0,00    0,00    0,00    0,00    0,00    1,28    0,00    0,00    0,00   98,72
02:44:56      23    0,00    0,00    0,00    0,00    0,00    1,30    0,00    0,00    0,00   98,70

02:44:56     CPU    %usr   %nice    %sys %iowait    %irq   %soft  %steal  %guest  %gnice   %idle
02:44:57     all    0,11    0,00    0,05    0,00    0,00    5,92    0,00    0,00    0,00   93,92
02:44:57       0    0,00    0,00    0,00    0,00    0,00    4,84    0,00    0,00    0,00   95,16
02:44:57       1    0,00    0,00    0,00    0,00    0,00    3,85    0,00    0,00    0,00   96,15
02:44:57       2    1,15    0,00    0,00    0,00    0,00   11,49    0,00    0,00    0,00   87,36
02:44:57       3    0,00    0,00    0,00    0,00    0,00    2,56    0,00    0,00    0,00   97,44
02:44:57       4    0,00    0,00    0,00    0,00    0,00    2,63    0,00    0,00    0,00   97,37
02:44:57       5    0,00    0,00    0,00    0,00    0,00    1,32    0,00    0,00    0,00   98,68
02:44:57       6    0,00    0,00    0,00    0,00    0,00    4,94    0,00    0,00    0,00   95,06
02:44:57       7    0,00    0,00    0,00    0,00    0,00    0,00    0,00    0,00    0,00  100,00
02:44:57       8    0,00    0,00    1,15    0,00    0,00   19,54    0,00    0,00    0,00   79,31
02:44:57       9    0,00    0,00    0,00    0,00    0,00    5,48    0,00    0,00    0,00   94,52
02:44:57      10    0,00    0,00    0,00    0,00    0,00   10,26    0,00    0,00    0,00   89,74
02:44:57      11    1,04    0,00    0,00    0,00    0,00   26,04    0,00    0,00    0,00   72,92
02:44:57      12    0,00    0,00    0,00    0,00    0,00   12,66    0,00    0,00    0,00   87,34
02:44:57      13    0,00    0,00    0,00    0,00    0,00    4,17    0,00    0,00    0,00   95,83
02:44:57      14    0,00    0,00    0,00    0,00    0,00    4,11    0,00    0,00    0,00   95,89
02:44:57      15    0,00    0,00    0,00    0,00    0,00    8,97    0,00    0,00    0,00   91,03
02:44:57      16    0,00    0,00    0,00    0,00    0,00    2,53    0,00    0,00    0,00   97,47
02:44:57      17    0,00    0,00    0,00    0,00    0,00    0,00    0,00    0,00    0,00  100,00
02:44:57      18    0,00    0,00    0,00    0,00    0,00    2,53    0,00    0,00    0,00   97,47
02:44:57      19    0,00    0,00    0,00    0,00    0,00    2,50    0,00    0,00    0,00   97,50
02:44:57      20    0,00    0,00    0,00    0,00    0,00    0,00    0,00    0,00    0,00  100,00
02:44:57      21    0,00    0,00    0,00    0,00    0,00    1,28    0,00    0,00    0,00   98,72
02:44:57      22    0,00    0,00    0,00    0,00    0,00    1,28    0,00    0,00    0,00   98,72
02:44:57      23    0,00    0,00    0,00    0,00    0,00    1,28    0,00    0,00    0,00   98,72

02:44:57     CPU    %usr   %nice    %sys %iowait    %irq   %soft  %steal  %guest  %gnice   %idle
02:44:58     all    0,00    0,00    0,11    0,00    0,00    5,56    0,00    0,00    0,00   94,33
02:44:58       0    0,00    0,00    0,00    0,00    0,00    6,35    0,00    0,00    0,00   93,65
02:44:58       1    0,00    0,00    0,00    0,00    0,00    2,60    0,00    0,00    0,00   97,40
02:44:58       2    0,00    0,00    1,11    0,00    0,00   15,56    0,00    0,00    0,00   83,33
02:44:58       3    0,00    0,00    0,00    0,00    0,00    1,32    0,00    0,00    0,00   98,68
02:44:58       4    0,00    0,00    1,25    0,00    0,00    3,75    0,00    0,00    0,00   95,00
02:44:58       5    0,00    0,00    0,00    0,00    0,00    1,30    0,00    0,00    0,00   98,70
02:44:58       6    0,00    0,00    0,00    0,00    0,00    4,94    0,00    0,00    0,00   95,06
02:44:58       7    0,00    0,00    0,00    0,00    0,00    1,30    0,00    0,00    0,00   98,70
02:44:58       8    0,00    0,00    0,00    0,00    0,00   13,75    0,00    0,00    0,00   86,25
02:44:58       9    0,00    0,00    0,00    0,00    0,00   18,82    0,00    0,00    0,00   81,18
02:44:58      10    0,00    0,00    0,00    0,00    0,00   10,13    0,00    0,00    0,00   89,87
02:44:58      11    0,00    0,00    0,00    0,00    0,00    6,58    0,00    0,00    0,00   93,42
02:44:58      12    0,00    0,00    0,00    0,00    0,00    8,97    0,00    0,00    0,00   91,03
02:44:58      13    0,00    0,00    0,00    0,00    0,00    2,78    0,00    0,00    0,00   97,22
02:44:58      14    0,00    0,00    0,00    0,00    0,00    5,48    0,00    0,00    0,00   94,52
02:44:58      15    0,00    0,00    0,00    0,00    0,00   11,25    0,00    0,00    0,00   88,75
02:44:58      16    0,00    0,00    0,00    0,00    0,00    3,75    0,00    0,00    0,00   96,25
02:44:58      17    0,00    0,00    0,00    0,00    0,00    1,27    0,00    0,00    0,00   98,73
02:44:58      18    0,00    0,00    0,00    0,00    0,00    1,30    0,00    0,00    0,00   98,70
02:44:58      19    0,00    0,00    0,00    0,00    0,00    4,94    0,00    0,00    0,00   95,06
02:44:58      20    0,00    0,00    0,00    0,00    0,00    0,00    0,00    0,00    0,00  100,00
02:44:58      21    0,00    0,00    0,00    0,00    0,00    0,00    0,00    0,00    0,00  100,00
02:44:58      22    0,00    0,00    0,00    0,00    0,00    2,53    0,00    0,00    0,00   97,47
02:44:58      23    0,00    0,00    0,00    0,00    0,00    1,28    0,00    0,00    0,00   98,72

02:44:58     CPU    %usr   %nice    %sys %iowait    %irq   %soft  %steal  %guest  %gnice   %idle
02:44:59     all    0,05    0,00    0,00    0,00    0,00    6,00    0,00    0,00    0,00   93,95
02:44:59       0    0,00    0,00    0,00    0,00    0,00    6,35    0,00    0,00    0,00   93,65
02:44:59       1    0,00    0,00    0,00    0,00    0,00    5,00    0,00    0,00    0,00   95,00
02:44:59       2    0,00    0,00    0,00    0,00    0,00   11,63    0,00    0,00    0,00   88,37
02:44:59       3    0,00    0,00    0,00    0,00    0,00    3,80    0,00    0,00    0,00   96,20
02:44:59       4    0,00    0,00    0,00    0,00    0,00    3,80    0,00    0,00    0,00   96,20
02:44:59       5    0,00    0,00    0,00    0,00    0,00    1,28    0,00    0,00    0,00   98,72
02:44:59       6    0,00    0,00    0,00    0,00    0,00    4,94    0,00    0,00    0,00   95,06
02:44:59       7    0,00    0,00    0,00    0,00    0,00    1,30    0,00    0,00    0,00   98,70
02:44:59       8    1,18    0,00    0,00    0,00    0,00   17,65    0,00    0,00    0,00   81,18
02:44:59       9    0,00    0,00    0,00    0,00    0,00   13,58    0,00    0,00    0,00   86,42
02:44:59      10    0,00    0,00    0,00    0,00    0,00   15,66    0,00    0,00    0,00   84,34
02:44:59      11    0,00    0,00    0,00    0,00    0,00    6,58    0,00    0,00    0,00   93,42
02:44:59      12    0,00    0,00    0,00    0,00    0,00    9,21    0,00    0,00    0,00   90,79
02:44:59      13    0,00    0,00    0,00    0,00    0,00    5,48    0,00    0,00    0,00   94,52
02:44:59      14    0,00    0,00    0,00    0,00    0,00   13,75    0,00    0,00    0,00   86,25
02:44:59      15    0,00    0,00    0,00    0,00    0,00    9,09    0,00    0,00    0,00   90,91
02:44:59      16    0,00    0,00    0,00    0,00    0,00    3,70    0,00    0,00    0,00   96,30
02:44:59      17    0,00    0,00    0,00    0,00    0,00    1,27    0,00    0,00    0,00   98,73
02:44:59      18    0,00    0,00    0,00    0,00    0,00    2,50    0,00    0,00    0,00   97,50
02:44:59      19    0,00    0,00    0,00    0,00    0,00    2,50    0,00    0,00    0,00   97,50
02:44:59      20    0,00    0,00    0,00    0,00    0,00    1,28    0,00    0,00    0,00   98,72
02:44:59      21    0,00    0,00    0,00    0,00    0,00    1,28    0,00    0,00    0,00   98,72
02:44:59      22    0,00    0,00    0,00    0,00    0,00    0,00    0,00    0,00    0,00  100,00
02:44:59      23    0,00    0,00    0,00    0,00    0,00    0,00    0,00    0,00    0,00  100,00

02:44:59     CPU    %usr   %nice    %sys %iowait    %irq   %soft  %steal  %guest  %gnice   %idle
02:45:00     all    0,21    0,00    0,05    0,00    0,00    6,33    0,00    0,00    0,00   93,41
02:45:00       0    0,00    0,00    0,00    0,00    0,00   10,77    0,00    0,00    0,00   89,23
02:45:00       1    0,00    0,00    0,00    0,00    0,00    3,90    0,00    0,00    0,00   96,10
02:45:00       2    0,00    0,00    0,00    0,00    0,00    3,80    0,00    0,00    0,00   96,20
02:45:00       3    0,00    0,00    0,00    0,00    0,00    3,80    0,00    0,00    0,00   96,20
02:45:00       4    0,00    0,00    0,00    0,00    0,00    1,32    0,00    0,00    0,00   98,68
02:45:00       5    0,00    0,00    0,00    0,00    0,00    2,56    0,00    0,00    0,00   97,44
02:45:00       6    0,00    0,00    0,00    0,00    0,00    6,10    0,00    0,00    0,00   93,90
02:45:00       7    0,00    0,00    0,00    0,00    0,00    0,00    0,00    0,00    0,00  100,00
02:45:00       8    0,00    0,00    0,00    0,00    0,00   18,82    0,00    0,00    0,00   81,18
02:45:00       9    4,05    0,00    0,00    0,00    0,00    6,76    0,00    0,00    0,00   89,19
02:45:00      10    1,10    0,00    1,10    0,00    0,00   21,98    0,00    0,00    0,00   75,82
02:45:00      11    0,00    0,00    0,00    0,00    0,00    8,97    0,00    0,00    0,00   91,03
02:45:00      12    0,00    0,00    0,00    0,00    0,00   10,26    0,00    0,00    0,00   89,74
02:45:00      13    0,00    0,00    0,00    0,00    0,00    5,48    0,00    0,00    0,00   94,52
02:45:00      14    0,00    0,00    0,00    0,00    0,00   20,00    0,00    0,00    0,00   80,00
02:45:00      15    0,00    0,00    0,00    0,00    0,00   10,13    0,00    0,00    0,00   89,87
02:45:00      16    0,00    0,00    0,00    0,00    0,00    3,75    0,00    0,00    0,00   96,25
02:45:00      17    0,00    0,00    0,00    0,00    0,00    1,28    0,00    0,00    0,00   98,72
02:45:00      18    0,00    0,00    0,00    0,00    0,00    1,28    0,00    0,00    0,00   98,72
02:45:00      19    0,00    0,00    0,00    0,00    0,00    3,75    0,00    0,00    0,00   96,25
02:45:00      20    0,00    0,00    0,00    0,00    0,00    0,00    0,00    0,00    0,00  100,00
02:45:00      21    0,00    0,00    0,00    0,00    0,00    0,00    0,00    0,00    0,00  100,00
02:45:00      22    0,00    0,00    0,00    0,00    0,00    2,53    0,00    0,00    0,00   97,47
02:45:00      23    0,00    0,00    0,00    0,00    0,00    0,00    0,00    0,00    0,00  100,00

02:45:00     CPU    %usr   %nice    %sys %iowait    %irq   %soft  %steal  %guest  %gnice   %idle
02:45:01     all    0,05    0,00    0,00    0,05    0,00    5,91    0,00    0,00    0,00   93,99
02:45:01       0    0,00    0,00    0,00    0,00    0,00    6,35    0,00    0,00    0,00   93,65
02:45:01       1    0,00    0,00    0,00    0,00    0,00    6,17    0,00    0,00    0,00   93,83
02:45:01       2    0,00    0,00    0,00    0,00    0,00    3,80    0,00    0,00    0,00   96,20
02:45:01       3    0,00    0,00    0,00    0,00    0,00    2,56    0,00    0,00    0,00   97,44
02:45:01       4    0,00    0,00    0,00    0,00    0,00    5,00    0,00    0,00    0,00   95,00
02:45:01       5    0,00    0,00    0,00    0,00    0,00    0,00    0,00    0,00    0,00  100,00
02:45:01       6    0,00    0,00    0,00    0,00    0,00   15,73    0,00    0,00    0,00   84,27
02:45:01       7    0,00    0,00    0,00    0,00    0,00    1,30    0,00    0,00    0,00   98,70
02:45:01       8    0,00    0,00    0,00    0,00    0,00   20,69    0,00    0,00    0,00   79,31
02:45:01       9    0,00    0,00    0,00    0,00    0,00    4,11    0,00    0,00    0,00   95,89
02:45:01      10    1,19    0,00    0,00    0,00    0,00   15,48    0,00    0,00    0,00   83,33
02:45:01      11    0,00    0,00    0,00    0,00    0,00    4,05    0,00    0,00    0,00   95,95
02:45:01      12    0,00    0,00    0,00    0,00    0,00   14,63    0,00    0,00    0,00   85,37
02:45:01      13    0,00    0,00    0,00    0,00    0,00    5,41    0,00    0,00    0,00   94,59
02:45:01      14    0,00    0,00    0,00    0,00    0,00    5,41    0,00    0,00    0,00   94,59
02:45:01      15    0,00    0,00    0,00    0,00    0,00   10,13    0,00    0,00    0,00   89,87
02:45:01      16    0,00    0,00    0,00    0,00    0,00    3,70    0,00    0,00    0,00   96,30
02:45:01      17    0,00    0,00    0,00    0,00    0,00    1,27    0,00    0,00    0,00   98,73
02:45:01      18    0,00    0,00    0,00    0,00    0,00    2,53    0,00    0,00    0,00   97,47
02:45:01      19    0,00    0,00    0,00    1,25    0,00    2,50    0,00    0,00    0,00   96,25
02:45:01      20    0,00    0,00    0,00    0,00    0,00    1,30    0,00    0,00    0,00   98,70
02:45:01      21    0,00    0,00    0,00    0,00    0,00    1,28    0,00    0,00    0,00   98,72
02:45:01      22    0,00    0,00    0,00    0,00    0,00    1,28    0,00    0,00    0,00   98,72
02:45:01      23    0,00    0,00    0,00    0,00    0,00    2,56    0,00    0,00    0,00   97,44

02:45:01     CPU    %usr   %nice    %sys %iowait    %irq   %soft  %steal  %guest  %gnice   %idle
02:45:02     all    0,11    0,00    0,05    0,00    0,00    5,35    0,00    0,00    0,00   94,49
02:45:02       0    0,00    0,00    0,00    0,00    0,00    6,35    0,00    0,00    0,00   93,65
02:45:02       1    0,00    0,00    0,00    0,00    0,00    2,63    0,00    0,00    0,00   97,37
02:45:02       2    0,00    0,00    0,00    0,00    0,00    5,00    0,00    0,00    0,00   95,00
02:45:02       3    0,00    0,00    0,00    0,00    0,00    2,56    0,00    0,00    0,00   97,44
02:45:02       4    0,00    0,00    0,00    0,00    0,00    2,56    0,00    0,00    0,00   97,44
02:45:02       5    0,00    0,00    0,00    0,00    0,00    1,30    0,00    0,00    0,00   98,70
02:45:02       6    0,00    0,00    0,00    0,00    0,00    1,28    0,00    0,00    0,00   98,72
02:45:02       7    0,00    0,00    0,00    0,00    0,00    0,00    0,00    0,00    0,00  100,00
02:45:02       8    1,14    0,00    1,14    0,00    0,00   18,18    0,00    0,00    0,00   79,55
02:45:02       9    0,00    0,00    0,00    0,00    0,00    4,11    0,00    0,00    0,00   95,89
02:45:02      10    0,00    0,00    0,00    0,00    0,00   13,58    0,00    0,00    0,00   86,42
02:45:02      11    1,10    0,00    0,00    0,00    0,00   21,98    0,00    0,00    0,00   76,92
02:45:02      12    0,00    0,00    0,00    0,00    0,00    7,89    0,00    0,00    0,00   92,11
02:45:02      13    0,00    0,00    0,00    0,00    0,00    8,00    0,00    0,00    0,00   92,00
02:45:02      14    0,00    0,00    0,00    0,00    0,00    5,48    0,00    0,00    0,00   94,52
02:45:02      15    0,00    0,00    0,00    0,00    0,00    7,79    0,00    0,00    0,00   92,21
02:45:02      16    0,00    0,00    0,00    0,00    0,00    3,75    0,00    0,00    0,00   96,25
02:45:02      17    0,00    0,00    0,00    0,00    0,00    0,00    0,00    0,00    0,00  100,00
02:45:02      18    0,00    0,00    0,00    0,00    0,00    2,53    0,00    0,00    0,00   97,47
02:45:02      19    0,00    0,00    0,00    0,00    0,00    4,94    0,00    0,00    0,00   95,06
02:45:02      20    0,00    0,00    0,00    0,00    0,00    0,00    0,00    0,00    0,00  100,00
02:45:02      21    0,00    0,00    0,00    0,00    0,00    0,00    0,00    0,00    0,00  100,00
02:45:02      22    0,00    0,00    0,00    0,00    0,00    1,28    0,00    0,00    0,00   98,72
02:45:02      23    0,00    0,00    0,00    0,00    0,00    2,53    0,00    0,00    0,00   97,47

02:45:02     CPU    %usr   %nice    %sys %iowait    %irq   %soft  %steal  %guest  %gnice   %idle
02:45:03     all    0,05    0,00    0,00    0,00    0,00    6,00    0,00    0,00    0,00   93,95
02:45:03       0    0,00    0,00    0,00    0,00    0,00   10,61    0,00    0,00    0,00   89,39
02:45:03       1    0,00    0,00    0,00    0,00    0,00    5,00    0,00    0,00    0,00   95,00
02:45:03       2    0,00    0,00    0,00    0,00    0,00    5,00    0,00    0,00    0,00   95,00
02:45:03       3    0,00    0,00    0,00    0,00    0,00    3,80    0,00    0,00    0,00   96,20
02:45:03       4    0,00    0,00    0,00    0,00    0,00    2,60    0,00    0,00    0,00   97,40
02:45:03       5    0,00    0,00    0,00    0,00    0,00    1,28    0,00    0,00    0,00   98,72
02:45:03       6    0,00    0,00    0,00    0,00    0,00    6,10    0,00    0,00    0,00   93,90
02:45:03       7    0,00    0,00    0,00    0,00    0,00    1,32    0,00    0,00    0,00   98,68
02:45:03       8    0,00    0,00    0,00    0,00    0,00   21,59    0,00    0,00    0,00   78,41
02:45:03       9    0,00    0,00    0,00    0,00    0,00    5,41    0,00    0,00    0,00   94,59
02:45:03      10    0,00    0,00    0,00    0,00    0,00    5,33    0,00    0,00    0,00   94,67
02:45:03      11    1,11    0,00    0,00    0,00    0,00   20,00    0,00    0,00    0,00   78,89
02:45:03      12    0,00    0,00    0,00    0,00    0,00   11,39    0,00    0,00    0,00   88,61
02:45:03      13    0,00    0,00    0,00    0,00    0,00   10,26    0,00    0,00    0,00   89,74
02:45:03      14    0,00    0,00    0,00    0,00    0,00    5,41    0,00    0,00    0,00   94,59
02:45:03      15    0,00    0,00    0,00    0,00    0,00   10,13    0,00    0,00    0,00   89,87
02:45:03      16    0,00    0,00    0,00    0,00    0,00    2,50    0,00    0,00    0,00   97,50
02:45:03      17    0,00    0,00    0,00    0,00    0,00    1,28    0,00    0,00    0,00   98,72
02:45:03      18    0,00    0,00    0,00    0,00    0,00    2,53    0,00    0,00    0,00   97,47
02:45:03      19    0,00    0,00    0,00    0,00    0,00    2,50    0,00    0,00    0,00   97,50
02:45:03      20    0,00    0,00    0,00    0,00    0,00    3,80    0,00    0,00    0,00   96,20
02:45:03      21    0,00    0,00    0,00    0,00    0,00    0,00    0,00    0,00    0,00  100,00
02:45:03      22    0,00    0,00    0,00    0,00    0,00    1,28    0,00    0,00    0,00   98,72
02:45:03      23    0,00    0,00    0,00    0,00    0,00    1,30    0,00    0,00    0,00   98,70

02:45:03     CPU    %usr   %nice    %sys %iowait    %irq   %soft  %steal  %guest  %gnice   %idle
02:45:04     all    0,16    0,00    0,00    0,00    0,00    5,76    0,00    0,00    0,00   94,08
02:45:04       0    0,00    0,00    0,00    0,00    0,00    7,81    0,00    0,00    0,00   92,19
02:45:04       1    0,00    0,00    0,00    0,00    0,00    3,85    0,00    0,00    0,00   96,15
02:45:04       2    0,00    0,00    0,00    0,00    0,00    5,00    0,00    0,00    0,00   95,00
02:45:04       3    0,00    0,00    0,00    0,00    0,00    2,56    0,00    0,00    0,00   97,44
02:45:04       4    1,08    0,00    0,00    0,00    0,00   18,28    0,00    0,00    0,00   80,65
02:45:04       5    0,00    0,00    0,00    0,00    0,00    1,30    0,00    0,00    0,00   98,70
02:45:04       6    0,00    0,00    0,00    0,00    0,00    3,80    0,00    0,00    0,00   96,20
02:45:04       7    1,20    0,00    0,00    0,00    0,00    7,23    0,00    0,00    0,00   91,57
02:45:04       8    0,00    0,00    0,00    0,00    0,00   14,81    0,00    0,00    0,00   85,19
02:45:04       9    0,00    0,00    0,00    0,00    0,00    5,41    0,00    0,00    0,00   94,59
02:45:04      10    0,00    0,00    0,00    0,00    0,00    8,97    0,00    0,00    0,00   91,03
02:45:04      11    0,00    0,00    0,00    0,00    0,00   11,25    0,00    0,00    0,00   88,75
02:45:04      12    0,00    0,00    0,00    0,00    0,00    8,00    0,00    0,00    0,00   92,00
02:45:04      13    0,00    0,00    0,00    0,00    0,00    9,21    0,00    0,00    0,00   90,79
02:45:04      14    0,00    0,00    0,00    0,00    0,00    4,17    0,00    0,00    0,00   95,83
02:45:04      15    0,00    0,00    0,00    0,00    0,00   10,26    0,00    0,00    0,00   89,74
02:45:04      16    1,20    0,00    0,00    0,00    0,00    6,02    0,00    0,00    0,00   92,77
02:45:04      17    0,00    0,00    0,00    0,00    0,00    0,00    0,00    0,00    0,00  100,00
02:45:04      18    0,00    0,00    0,00    0,00    0,00    2,53    0,00    0,00    0,00   97,47
02:45:04      19    0,00    0,00    0,00    0,00    0,00    2,53    0,00    0,00    0,00   97,47
02:45:04      20    0,00    0,00    0,00    0,00    0,00    1,28    0,00    0,00    0,00   98,72
02:45:04      21    0,00    0,00    0,00    0,00    0,00    0,00    0,00    0,00    0,00  100,00
02:45:04      22    0,00    0,00    0,00    0,00    0,00    1,28    0,00    0,00    0,00   98,72
02:45:04      23    0,00    0,00    0,00    0,00    0,00    0,00    0,00    0,00    0,00  100,00

02:45:04     CPU    %usr   %nice    %sys %iowait    %irq   %soft  %steal  %guest  %gnice   %idle
02:45:05     all    0,00    0,00    0,05    0,00    0,00    5,39    0,00    0,00    0,00   94,56
02:45:05       0    0,00    0,00    0,00    0,00    0,00    6,35    0,00    0,00    0,00   93,65
02:45:05       1    0,00    0,00    0,00    0,00    0,00    3,80    0,00    0,00    0,00   96,20
02:45:05       2    0,00    0,00    0,00    0,00    0,00    4,94    0,00    0,00    0,00   95,06
02:45:05       3    0,00    0,00    0,00    0,00    0,00    2,56    0,00    0,00    0,00   97,44
02:45:05       4    0,00    0,00    0,00    0,00    0,00    9,64    0,00    0,00    0,00   90,36
02:45:05       5    0,00    0,00    0,00    0,00    0,00    2,60    0,00    0,00    0,00   97,40
02:45:05       6    0,00    0,00    0,00    0,00    0,00    1,28    0,00    0,00    0,00   98,72
02:45:05       7    0,00    0,00    0,00    0,00    0,00    0,00    0,00    0,00    0,00  100,00
02:45:05       8    0,00    0,00    0,00    0,00    0,00   18,60    0,00    0,00    0,00   81,40
02:45:05       9    0,00    0,00    0,00    0,00    0,00    2,78    0,00    0,00    0,00   97,22
02:45:05      10    0,00    0,00    1,09    0,00    0,00   22,83    0,00    0,00    0,00   76,09
02:45:05      11    0,00    0,00    0,00    0,00    0,00    6,58    0,00    0,00    0,00   93,42
02:45:05      12    0,00    0,00    0,00    0,00    0,00    9,09    0,00    0,00    0,00   90,91
02:45:05      13    0,00    0,00    0,00    0,00    0,00    4,11    0,00    0,00    0,00   95,89
02:45:05      14    0,00    0,00    0,00    0,00    0,00    5,41    0,00    0,00    0,00   94,59
02:45:05      15    0,00    0,00    0,00    0,00    0,00   10,13    0,00    0,00    0,00   89,87
02:45:05      16    0,00    0,00    0,00    0,00    0,00    4,94    0,00    0,00    0,00   95,06
02:45:05      17    0,00    0,00    0,00    0,00    0,00    0,00    0,00    0,00    0,00  100,00
02:45:05      18    0,00    0,00    0,00    0,00    0,00    1,28    0,00    0,00    0,00   98,72
02:45:05      19    0,00    0,00    0,00    0,00    0,00    3,70    0,00    0,00    0,00   96,30
02:45:05      20    0,00    0,00    0,00    0,00    0,00    0,00    0,00    0,00    0,00  100,00
02:45:05      21    0,00    0,00    0,00    0,00    0,00    1,27    0,00    0,00    0,00   98,73
02:45:05      22    0,00    0,00    0,00    0,00    0,00    1,27    0,00    0,00    0,00   98,73
02:45:05      23    0,00    0,00    0,00    0,00    0,00    1,28    0,00    0,00    0,00   98,72

02:45:05     CPU    %usr   %nice    %sys %iowait    %irq   %soft  %steal  %guest  %gnice   %idle
02:45:06     all    0,11    0,00    0,05    0,11    0,00    5,68    0,00    0,00    0,00   94,05
02:45:06       0    0,00    0,00    0,00    0,00    0,00    7,94    0,00    0,00    0,00   92,06
02:45:06       1    0,00    0,00    0,00    0,00    0,00    3,85    0,00    0,00    0,00   96,15
02:45:06       2    0,00    0,00    0,00    0,00    0,00    5,06    0,00    0,00    0,00   94,94
02:45:06       3    0,00    0,00    0,00    0,00    0,00    5,06    0,00    0,00    0,00   94,94
02:45:06       4    0,00    0,00    0,00    0,00    0,00    2,56    0,00    0,00    0,00   97,44
02:45:06       5    0,00    0,00    0,00    0,00    0,00    1,30    0,00    0,00    0,00   98,70
02:45:06       6    0,00    0,00    0,00    0,00    0,00    2,53    0,00    0,00    0,00   97,47
02:45:06       7    0,00    0,00    0,00    0,00    0,00    1,32    0,00    0,00    0,00   98,68
02:45:06       8    1,16    0,00    1,16    0,00    0,00   17,44    0,00    0,00    0,00   80,23
02:45:06       9    0,00    0,00    0,00    0,00    0,00    5,41    0,00    0,00    0,00   94,59
02:45:06      10    1,15    0,00    0,00    0,00    0,00   18,39    0,00    0,00    0,00   80,46
02:45:06      11    0,00    0,00    0,00    0,00    0,00   12,35    0,00    0,00    0,00   87,65
02:45:06      12    0,00    0,00    0,00    0,00    0,00    7,89    0,00    0,00    0,00   92,11
02:45:06      13    0,00    0,00    0,00    0,00    0,00    6,76    0,00    0,00    0,00   93,24
02:45:06      14    0,00    0,00    0,00    0,00    0,00   13,92    0,00    0,00    0,00   86,08
02:45:06      15    0,00    0,00    0,00    0,00    0,00    8,97    0,00    0,00    0,00   91,03
02:45:06      16    0,00    0,00    0,00    0,00    0,00    3,75    0,00    0,00    0,00   96,25
02:45:06      17    0,00    0,00    0,00    1,28    0,00    1,28    0,00    0,00    0,00   97,44
02:45:06      18    0,00    0,00    0,00    0,00    0,00    1,28    0,00    0,00    0,00   98,72
02:45:06      19    0,00    0,00    0,00    1,25    0,00    3,75    0,00    0,00    0,00   95,00
02:45:06      20    0,00    0,00    0,00    0,00    0,00    0,00    0,00    0,00    0,00  100,00
02:45:06      21    0,00    0,00    0,00    0,00    0,00    0,00    0,00    0,00    0,00  100,00
02:45:06      22    0,00    0,00    0,00    0,00    0,00    2,56    0,00    0,00    0,00   97,44
02:45:06      23    0,00    0,00    0,00    0,00    0,00    0,00    0,00    0,00    0,00  100,00

02:45:06     CPU    %usr   %nice    %sys %iowait    %irq   %soft  %steal  %guest  %gnice   %idle
02:45:07     all    0,05    0,00    0,11    0,05    0,00    5,66    0,00    0,00    0,00   94,13
02:45:07       0    0,00    0,00    0,00    0,00    0,00    6,56    0,00    0,00    0,00   93,44
02:45:07       1    0,00    0,00    0,00    0,00    0,00    2,63    0,00    0,00    0,00   97,37
02:45:07       2    0,00    0,00    0,00    0,00    0,00    6,17    0,00    0,00    0,00   93,83
02:45:07       3    0,00    0,00    0,00    0,00    0,00    3,80    0,00    0,00    0,00   96,20
02:45:07       4    0,00    0,00    0,00    1,30    0,00    2,60    0,00    0,00    0,00   96,10
02:45:07       5    0,00    0,00    0,00    0,00    0,00    0,00    0,00    0,00    0,00  100,00
02:45:07       6    0,00    0,00    0,00    0,00    0,00    2,56    0,00    0,00    0,00   97,44
02:45:07       7    0,00    0,00    0,00    0,00    0,00    1,30    0,00    0,00    0,00   98,70
02:45:07       8    0,00    0,00    0,00    0,00    0,00   18,82    0,00    0,00    0,00   81,18
02:45:07       9    0,00    0,00    0,00    0,00    0,00    2,78    0,00    0,00    0,00   97,22
02:45:07      10    0,00    0,00    0,00    0,00    0,00   23,91    0,00    0,00    0,00   76,09
02:45:07      11    0,00    0,00    0,00    0,00    0,00    6,49    0,00    0,00    0,00   93,51
02:45:07      12    1,18    0,00    1,18    0,00    0,00   16,47    0,00    0,00    0,00   81,18
02:45:07      13    0,00    0,00    0,00    0,00    0,00    8,00    0,00    0,00    0,00   92,00
02:45:07      14    0,00    0,00    0,00    0,00    0,00    2,78    0,00    0,00    0,00   97,22
02:45:07      15    0,00    0,00    0,00    0,00    0,00    7,89    0,00    0,00    0,00   92,11
02:45:07      16    0,00    0,00    1,27    0,00    0,00    3,80    0,00    0,00    0,00   94,94
02:45:07      17    0,00    0,00    0,00    0,00    0,00    1,30    0,00    0,00    0,00   98,70
02:45:07      18    0,00    0,00    0,00    0,00    0,00    3,85    0,00    0,00    0,00   96,15
02:45:07      19    0,00    0,00    0,00    0,00    0,00    3,80    0,00    0,00    0,00   96,20
02:45:07      20    0,00    0,00    0,00    0,00    0,00    1,30    0,00    0,00    0,00   98,70
02:45:07      21    0,00    0,00    0,00    0,00    0,00    0,00    0,00    0,00    0,00  100,00
02:45:07      22    0,00    0,00    0,00    0,00    0,00    1,32    0,00    0,00    0,00   98,68
02:45:07      23    0,00    0,00    0,00    0,00    0,00    1,32    0,00    0,00    0,00   98,68

02:45:07     CPU    %usr   %nice    %sys %iowait    %irq   %soft  %steal  %guest  %gnice   %idle
02:45:08     all    0,11    0,00    0,00    0,00    0,00    5,46    0,00    0,00    0,00   94,43
02:45:08       0    0,00    0,00    0,00    0,00    0,00    8,20    0,00    0,00    0,00   91,80
02:45:08       1    0,00    0,00    0,00    0,00    0,00    5,19    0,00    0,00    0,00   94,81
02:45:08       2    0,00    0,00    0,00    0,00    0,00    8,54    0,00    0,00    0,00   91,46
02:45:08       3    0,00    0,00    0,00    0,00    0,00    1,32    0,00    0,00    0,00   98,68
02:45:08       4    1,18    0,00    0,00    0,00    0,00   10,59    0,00    0,00    0,00   88,24
02:45:08       5    0,00    0,00    0,00    0,00    0,00    1,30    0,00    0,00    0,00   98,70
02:45:08       6    0,00    0,00    0,00    0,00    0,00    1,28    0,00    0,00    0,00   98,72
02:45:08       7    0,00    0,00    0,00    0,00    0,00    1,32    0,00    0,00    0,00   98,68
02:45:08       8    0,00    0,00    0,00    0,00    0,00   18,82    0,00    0,00    0,00   81,18
02:45:08       9    0,00    0,00    0,00    0,00    0,00    2,78    0,00    0,00    0,00   97,22
02:45:08      10    1,18    0,00    0,00    0,00    0,00   16,47    0,00    0,00    0,00   82,35
02:45:08      11    0,00    0,00    0,00    0,00    0,00    5,33    0,00    0,00    0,00   94,67
02:45:08      12    0,00    0,00    0,00    0,00    0,00   10,39    0,00    0,00    0,00   89,61
02:45:08      13    0,00    0,00    0,00    0,00    0,00   10,39    0,00    0,00    0,00   89,61
02:45:08      14    0,00    0,00    0,00    0,00    0,00    4,17    0,00    0,00    0,00   95,83
02:45:08      15    0,00    0,00    0,00    0,00    0,00    7,79    0,00    0,00    0,00   92,21
02:45:08      16    0,00    0,00    0,00    0,00    0,00    5,00    0,00    0,00    0,00   95,00
02:45:08      17    0,00    0,00    0,00    0,00    0,00    1,30    0,00    0,00    0,00   98,70
02:45:08      18    0,00    0,00    0,00    0,00    0,00    1,30    0,00    0,00    0,00   98,70
02:45:08      19    0,00    0,00    0,00    0,00    0,00    3,80    0,00    0,00    0,00   96,20
02:45:08      20    0,00    0,00    0,00    0,00    0,00    0,00    0,00    0,00    0,00  100,00
02:45:08      21    0,00    0,00    0,00    0,00    0,00    1,30    0,00    0,00    0,00   98,70
02:45:08      22    0,00    0,00    0,00    0,00    0,00    1,30    0,00    0,00    0,00   98,70
02:45:08      23    0,00    0,00    0,00    0,00    0,00    0,00    0,00    0,00    0,00  100,00

02:45:08     CPU    %usr   %nice    %sys %iowait    %irq   %soft  %steal  %guest  %gnice   %idle
02:45:09     all    6,18    0,00    1,91    0,00    0,00   18,28    0,00    0,00    0,00   73,63
02:45:09       0    0,00    0,00    0,00    0,00    0,00   35,62    0,00    0,00    0,00   64,38
02:45:09       1    3,70    0,00    1,23    0,00    0,00   13,58    0,00    0,00    0,00   81,48
02:45:09       2    1,16    0,00    1,16    0,00    0,00   15,12    0,00    0,00    0,00   82,56
02:45:09       3    0,00    0,00    0,00    0,00    0,00    7,59    0,00    0,00    0,00   92,41
02:45:09       4    3,12    0,00    4,17    0,00    0,00   26,04    0,00    0,00    0,00   66,67
02:45:09       5    1,28    0,00    0,00    0,00    0,00    7,69    0,00    0,00    0,00   91,03
02:45:09       6    4,44    0,00    2,22    0,00    0,00   18,89    0,00    0,00    0,00   74,44
02:45:09       7    0,00    0,00    1,33    0,00    0,00    5,33    0,00    0,00    0,00   93,33
02:45:09       8   28,89    0,00    3,33    0,00    0,00   35,56    0,00    0,00    0,00   32,22
02:45:09       9   26,67    0,00    0,00    0,00    0,00   22,67    0,00    0,00    0,00   50,67
02:45:09      10   10,71    0,00    2,38    0,00    0,00   26,19    0,00    0,00    0,00   60,71
02:45:09      11   29,76    0,00    0,00    0,00    0,00   25,00    0,00    0,00    0,00   45,24
02:45:09      12    4,40    0,00    1,10    0,00    0,00   29,67    0,00    0,00    0,00   64,84
02:45:09      13    4,11    0,00    0,00    0,00    0,00   15,07    0,00    0,00    0,00   80,82
02:45:09      14    5,49    0,00    3,30    0,00    0,00   29,67    0,00    0,00    0,00   61,54
02:45:09      15    1,28    0,00    0,00    0,00    0,00   19,23    0,00    0,00    0,00   79,49
02:45:09      16    2,30    0,00    2,30    0,00    0,00   17,24    0,00    0,00    0,00   78,16
02:45:09      17    4,76    0,00    2,38    0,00    0,00   11,90    0,00    0,00    0,00   80,95
02:45:09      18    3,66    0,00    2,44    0,00    0,00   12,20    0,00    0,00    0,00   81,71
02:45:09      19    2,47    0,00    1,23    0,00    0,00    9,88    0,00    0,00    0,00   86,42
02:45:09      20    1,19    0,00    2,38    0,00    0,00   13,10    0,00    0,00    0,00   83,33
02:45:09      21    1,28    0,00    1,28    0,00    0,00    8,97    0,00    0,00    0,00   88,46
02:45:09      22    2,38    0,00    5,95    0,00    0,00   13,10    0,00    0,00    0,00   78,57
02:45:09      23    3,45    0,00    5,75    0,00    0,00   13,79    0,00    0,00    0,00   77,01
