Linux 6.8.0-111-generic (testbed-node6) 	13/05/26 	_x86_64_	(24 CPU)

23:32:30     CPU    %usr   %nice    %sys %iowait    %irq   %soft  %steal  %guest  %gnice   %idle
23:32:31     all    4,59    0,00    0,21    0,00    0,00    0,00    0,00    0,00    0,00   95,21
23:32:31       0    0,00    0,00    0,00    0,00    0,00    0,00    0,00    0,00    0,00  100,00
23:32:31       1  100,00    0,00    0,00    0,00    0,00    0,00    0,00    0,00    0,00    0,00
23:32:31       2    0,00    0,00    0,00    0,00    0,00    0,00    0,00    0,00    0,00  100,00
23:32:31       3    0,00    0,00    0,00    0,00    0,00    0,00    0,00    0,00    0,00  100,00
23:32:31       4    0,00    0,00    0,00    0,00    0,00    0,00    0,00    0,00    0,00  100,00
23:32:31       5    0,00    0,00    0,00    0,00    0,00    0,00    0,00    0,00    0,00  100,00
23:32:31       6    1,00    0,00    0,00    0,00    0,00    0,00    0,00    0,00    0,00   99,00
23:32:31       7    0,00    0,00    0,00    0,00    0,00    0,00    0,00    0,00    0,00  100,00
23:32:31       8    0,00    0,00    0,00    0,00    0,00    0,00    0,00    0,00    0,00  100,00
23:32:31       9    0,00    0,00    0,00    0,00    0,00    0,00    0,00    0,00    0,00  100,00
23:32:31      10    0,00    0,00    1,00    0,00    0,00    0,00    0,00    0,00    0,00   99,00
23:32:31      11    0,00    0,00    0,00    0,00    0,00    0,00    0,00    0,00    0,00  100,00
23:32:31      12    7,07    0,00    0,00    0,00    0,00    0,00    0,00    0,00    0,00   92,93
23:32:31      13    0,00    0,00    0,00    0,00    0,00    0,00    0,00    0,00    0,00  100,00
23:32:31      14    0,00    0,00    0,00    0,00    0,00    0,00    0,00    0,00    0,00  100,00
23:32:31      15    0,00    0,00    0,00    0,00    0,00    0,00    0,00    0,00    0,00  100,00
23:32:31      16    0,00    0,00    0,00    0,00    0,00    0,00    0,00    0,00    0,00  100,00
23:32:31      17    0,00    0,00    1,00    0,00    0,00    0,00    0,00    0,00    0,00   99,00
23:32:31      18    0,00    0,00    0,00    0,00    0,00    0,00    0,00    0,00    0,00  100,00
23:32:31      19    1,00    0,00    0,00    0,00    0,00    0,00    0,00    0,00    0,00   99,00
23:32:31      20    0,00    0,00    1,01    0,00    0,00    0,00    0,00    0,00    0,00   98,99
23:32:31      21    0,99    0,00    0,99    0,00    0,00    0,00    0,00    0,00    0,00   98,02
23:32:31      22    0,00    0,00    0,00    0,00    0,00    0,00    0,00    0,00    0,00  100,00
23:32:31      23    0,00    0,00    0,99    0,00    0,00    0,00    0,00    0,00    0,00   99,01

23:32:31     CPU    %usr   %nice    %sys %iowait    %irq   %soft  %steal  %guest  %gnice   %idle
23:32:32     all    4,25    0,00    0,04    0,17    0,00    0,00    0,00    0,00    0,00   95,55
23:32:32       0    0,00    0,00    0,00    0,00    0,00    0,00    0,00    0,00    0,00  100,00
23:32:32       1  100,00    0,00    0,00    0,00    0,00    0,00    0,00    0,00    0,00    0,00
23:32:32       2    0,00    0,00    0,00    0,00    0,00    0,00    0,00    0,00    0,00  100,00
23:32:32       3    0,00    0,00    0,00    0,00    0,00    0,00    0,00    0,00    0,00  100,00
23:32:32       4    0,00    0,00    0,00    0,00    0,00    0,00    0,00    0,00    0,00  100,00
23:32:32       5    0,00    0,00    0,00    0,00    0,00    0,00    0,00    0,00    0,00  100,00
23:32:32       6    0,00    0,00    0,00    0,00    0,00    0,00    0,00    0,00    0,00  100,00
23:32:32       7    0,00    0,00    0,00    0,00    0,00    0,00    0,00    0,00    0,00  100,00
23:32:32       8    0,00    0,00    0,00    0,00    0,00    0,00    0,00    0,00    0,00  100,00
23:32:32       9    0,00    0,00    0,00    0,00    0,00    0,00    0,00    0,00    0,00  100,00
23:32:32      10    0,98    0,00    0,98    0,00    0,00    0,00    0,00    0,00    0,00   98,04
23:32:32      11    0,00    0,00    0,00    0,00    0,00    0,00    0,00    0,00    0,00  100,00
23:32:32      12    0,00    0,00    0,00    0,00    0,00    0,00    0,00    0,00    0,00  100,00
23:32:32      13    0,00    0,00    0,00    0,00    0,00    0,00    0,00    0,00    0,00  100,00
23:32:32      14    0,00    0,00    0,00    2,00    0,00    0,00    0,00    0,00    0,00   98,00
23:32:32      15    0,00    0,00    0,00    0,00    0,00    0,00    0,00    0,00    0,00  100,00
23:32:32      16    0,00    0,00    0,00    0,00    0,00    0,00    0,00    0,00    0,00  100,00
23:32:32      17    0,99    0,00    0,00    0,99    0,00    0,00    0,00    0,00    0,00   98,02
23:32:32      18    0,00    0,00    0,00    0,00    0,00    0,00    0,00    0,00    0,00  100,00
23:32:32      19    0,00    0,00    0,00    1,00    0,00    0,00    0,00    0,00    0,00   99,00
23:32:32      20    0,00    0,00    0,00    0,00    0,00    0,00    0,00    0,00    0,00  100,00
23:32:32      21    0,00    0,00    0,00    0,00    0,00    0,00    0,00    0,00    0,00  100,00
23:32:32      22    0,00    0,00    0,00    0,00    0,00    0,00    0,00    0,00    0,00  100,00
23:32:32      23    0,00    0,00    0,00    0,00    0,00    0,00    0,00    0,00    0,00  100,00

23:32:32     CPU    %usr   %nice    %sys %iowait    %irq   %soft  %steal  %guest  %gnice   %idle
23:32:33     all    5,13    0,00    0,50    0,00    0,00    0,00    0,00    0,00    0,00   94,37
23:32:33       0    0,00    0,00    0,00    0,00    0,00    0,00    0,00    0,00    0,00  100,00
23:32:33       1  100,00    0,00    0,00    0,00    0,00    0,00    0,00    0,00    0,00    0,00
23:32:33       2    1,01    0,00    0,00    0,00    0,00    0,00    0,00    0,00    0,00   98,99
23:32:33       3    0,00    0,00    0,00    0,00    0,00    0,00    0,00    0,00    0,00  100,00
23:32:33       4    0,00    0,00    0,00    0,00    0,00    0,00    0,00    0,00    0,00  100,00
23:32:33       5    0,00    0,00    0,00    0,00    0,00    0,00    0,00    0,00    0,00  100,00
23:32:33       6    0,00    0,00    0,00    0,00    0,00    0,00    0,00    0,00    0,00  100,00
23:32:33       7    0,00    0,00    0,00    0,00    0,00    0,00    0,00    0,00    0,00  100,00
23:32:33       8    0,00    0,00    1,00    0,00    0,00    0,00    0,00    0,00    0,00   99,00
23:32:33       9    0,00    0,00    0,00    0,00    0,00    0,00    0,00    0,00    0,00  100,00
23:32:33      10    1,00    0,00    1,00    0,00    0,00    0,00    0,00    0,00    0,00   98,00
23:32:33      11    0,00    0,00    0,00    0,00    0,00    0,00    0,00    0,00    0,00  100,00
23:32:33      12    3,03    0,00    1,01    0,00    0,00    0,00    0,00    0,00    0,00   95,96
23:32:33      13    0,00    0,00    0,00    0,00    0,00    0,00    0,00    0,00    0,00  100,00
23:32:33      14    8,08    0,00    0,00    0,00    0,00    0,00    0,00    0,00    0,00   91,92
23:32:33      15    0,00    0,00    0,99    0,00    0,00    0,00    0,00    0,00    0,00   99,01
23:32:33      16    2,00    0,00    1,00    0,00    0,00    0,00    0,00    0,00    0,00   97,00
23:32:33      17    0,00    0,00    0,00    0,00    0,00    0,00    0,00    0,00    0,00  100,00
23:32:33      18    1,00    0,00    0,00    0,00    0,00    0,00    0,00    0,00    0,00   99,00
23:32:33      19    1,98    0,00    2,97    0,00    0,00    0,00    0,00    0,00    0,00   95,05
23:32:33      20    0,99    0,00    0,99    0,00    0,00    0,00    0,00    0,00    0,00   98,02
23:32:33      21    2,00    0,00    2,00    0,00    0,00    0,00    0,00    0,00    0,00   96,00
23:32:33      22    1,00    0,00    1,00    0,00    0,00    0,00    0,00    0,00    0,00   98,00
23:32:33      23    1,00    0,00    0,00    0,00    0,00    0,00    0,00    0,00    0,00   99,00

23:32:33     CPU    %usr   %nice    %sys %iowait    %irq   %soft  %steal  %guest  %gnice   %idle
23:32:34     all    4,21    0,00    0,00    0,00    0,00    0,00    0,00    0,00    0,00   95,79
23:32:34       0    0,00    0,00    0,00    0,00    0,00    0,00    0,00    0,00    0,00  100,00
23:32:34       1  100,00    0,00    0,00    0,00    0,00    0,00    0,00    0,00    0,00    0,00
23:32:34       2    0,00    0,00    0,00    0,00    0,00    0,00    0,00    0,00    0,00  100,00
23:32:34       3    0,00    0,00    0,00    0,00    0,00    0,00    0,00    0,00    0,00  100,00
23:32:34       4    0,00    0,00    0,00    0,00    0,00    0,00    0,00    0,00    0,00  100,00
23:32:34       5    0,00    0,00    0,00    0,00    0,00    0,00    0,00    0,00    0,00  100,00
23:32:34       6    0,00    0,00    0,00    0,00    0,00    0,00    0,00    0,00    0,00  100,00
23:32:34       7    0,00    0,00    0,00    0,00    0,00    0,00    0,00    0,00    0,00  100,00
23:32:34       8    0,00    0,00    0,00    0,00    0,00    0,00    0,00    0,00    0,00  100,00
23:32:34       9    0,00    0,00    0,00    0,00    0,00    0,00    0,00    0,00    0,00  100,00
23:32:34      10    0,00    0,00    0,00    0,00    0,00    0,00    0,00    0,00    0,00  100,00
23:32:34      11    0,00    0,00    0,00    0,00    0,00    0,00    0,00    0,00    0,00  100,00
23:32:34      12    0,99    0,00    0,00    0,00    0,00    0,00    0,00    0,00    0,00   99,01
23:32:34      13    0,00    0,00    0,00    0,00    0,00    0,00    0,00    0,00    0,00  100,00
23:32:34      14    0,00    0,00    0,00    0,00    0,00    0,00    0,00    0,00    0,00  100,00
23:32:34      15    0,00    0,00    0,00    0,00    0,00    0,00    0,00    0,00    0,00  100,00
23:32:34      16    0,00    0,00    0,00    0,00    0,00    0,00    0,00    0,00    0,00  100,00
23:32:34      17    0,00    0,00    0,00    0,00    0,00    0,00    0,00    0,00    0,00  100,00
23:32:34      18    0,00    0,00    0,00    0,00    0,00    0,00    0,00    0,00    0,00  100,00
23:32:34      19    0,00    0,00    0,00    0,00    0,00    0,00    0,00    0,00    0,00  100,00
23:32:34      20    0,00    0,00    0,00    0,00    0,00    0,00    0,00    0,00    0,00  100,00
23:32:34      21    0,00    0,00    0,00    0,00    0,00    0,00    0,00    0,00    0,00  100,00
23:32:34      22    0,00    0,00    0,00    0,00    0,00    0,00    0,00    0,00    0,00  100,00
23:32:34      23    0,00    0,00    0,00    0,00    0,00    0,00    0,00    0,00    0,00  100,00

23:32:34     CPU    %usr   %nice    %sys %iowait    %irq   %soft  %steal  %guest  %gnice   %idle
23:32:35     all    4,25    0,00    0,00    0,00    0,00    0,00    0,00    0,00    0,00   95,75
23:32:35       0    0,00    0,00    0,00    0,00    0,00    0,00    0,00    0,00    0,00  100,00
23:32:35       1  100,00    0,00    0,00    0,00    0,00    0,00    0,00    0,00    0,00    0,00
23:32:35       2    0,00    0,00    0,00    0,00    0,00    0,00    0,00    0,00    0,00  100,00
23:32:35       3    0,00    0,00    0,00    0,00    0,00    0,00    0,00    0,00    0,00  100,00
23:32:35       4    0,00    0,00    0,00    0,00    0,00    0,00    0,00    0,00    0,00  100,00
23:32:35       5    0,00    0,00    0,00    0,00    0,00    0,00    0,00    0,00    0,00  100,00
23:32:35       6    0,00    0,00    0,00    0,00    0,00    0,00    0,00    0,00    0,00  100,00
23:32:35       7    0,00    0,00    0,00    0,00    0,00    0,00    0,00    0,00    0,00  100,00
23:32:35       8    0,00    0,00    0,00    0,00    0,00    0,00    0,00    0,00    0,00  100,00
23:32:35       9    0,00    0,00    0,00    0,00    0,00    0,00    0,00    0,00    0,00  100,00
23:32:35      10    0,00    0,00    0,00    0,00    0,00    0,00    0,00    0,00    0,00  100,00
23:32:35      11    0,00    0,00    0,00    0,00    0,00    0,00    0,00    0,00    0,00  100,00
23:32:35      12    1,98    0,00    0,00    0,00    0,00    0,00    0,00    0,00    0,00   98,02
23:32:35      13    0,00    0,00    0,00    0,00    0,00    0,00    0,00    0,00    0,00  100,00
23:32:35      14    0,00    0,00    0,00    0,00    0,00    0,00    0,00    0,00    0,00  100,00
23:32:35      15    0,00    0,00    0,00    0,00    0,00    0,00    0,00    0,00    0,00  100,00
23:32:35      16    0,00    0,00    0,00    0,00    0,00    0,00    0,00    0,00    0,00  100,00
23:32:35      17    0,00    0,00    0,00    0,00    0,00    0,00    0,00    0,00    0,00  100,00
23:32:35      18    0,00    0,00    0,00    0,00    0,00    0,00    0,00    0,00    0,00  100,00
23:32:35      19    0,00    0,00    0,00    0,00    0,00    0,00    0,00    0,00    0,00  100,00
23:32:35      20    0,00    0,00    0,00    0,00    0,00    0,00    0,00    0,00    0,00  100,00
23:32:35      21    0,00    0,00    0,00    0,00    0,00    0,00    0,00    0,00    0,00  100,00
23:32:35      22    0,00    0,00    0,00    0,00    0,00    0,00    0,00    0,00    0,00  100,00
23:32:35      23    0,00    0,00    0,00    0,00    0,00    0,00    0,00    0,00    0,00  100,00

23:32:35     CPU    %usr   %nice    %sys %iowait    %irq   %soft  %steal  %guest  %gnice   %idle
23:32:36     all    4,25    0,00    0,00    0,00    0,00    0,00    0,00    0,00    0,00   95,75
23:32:36       0    0,00    0,00    0,00    0,00    0,00    0,00    0,00    0,00    0,00  100,00
23:32:36       1  100,00    0,00    0,00    0,00    0,00    0,00    0,00    0,00    0,00    0,00
23:32:36       2    0,00    0,00    0,00    0,00    0,00    0,00    0,00    0,00    0,00  100,00
23:32:36       3    0,00    0,00    0,00    0,00    0,00    0,00    0,00    0,00    0,00  100,00
23:32:36       4    0,00    0,00    0,00    0,00    0,00    0,00    0,00    0,00    0,00  100,00
23:32:36       5    0,00    0,00    0,00    0,00    0,00    0,00    0,00    0,00    0,00  100,00
23:32:36       6    0,00    0,00    0,00    0,00    0,00    0,00    0,00    0,00    0,00  100,00
23:32:36       7    0,00    0,00    0,00    0,00    0,00    0,00    0,00    0,00    0,00  100,00
23:32:36       8    0,00    0,00    0,00    0,00    0,00    0,00    0,00    0,00    0,00  100,00
23:32:36       9    0,00    0,00    0,00    0,00    0,00    0,00    0,00    0,00    0,00  100,00
23:32:36      10    0,00    0,00    0,00    0,00    0,00    0,00    0,00    0,00    0,00  100,00
23:32:36      11    0,00    0,00    0,00    0,00    0,00    0,00    0,00    0,00    0,00  100,00
23:32:36      12    0,99    0,00    0,00    0,00    0,00    0,00    0,00    0,00    0,00   99,01
23:32:36      13    0,00    0,00    0,00    0,00    0,00    0,00    0,00    0,00    0,00  100,00
23:32:36      14    0,00    0,00    0,00    0,00    0,00    0,00    0,00    0,00    0,00  100,00
23:32:36      15    0,00    0,00    0,00    0,00    0,00    0,00    0,00    0,00    0,00  100,00
23:32:36      16    0,00    0,00    0,00    0,00    0,00    0,00    0,00    0,00    0,00  100,00
23:32:36      17    0,99    0,00    0,00    0,00    0,00    0,00    0,00    0,00    0,00   99,01
23:32:36      18    0,00    0,00    0,00    0,00    0,00    0,00    0,00    0,00    0,00  100,00
23:32:36      19    0,00    0,00    0,00    0,00    0,00    0,00    0,00    0,00    0,00  100,00
23:32:36      20    0,00    0,00    0,00    0,00    0,00    0,00    0,00    0,00    0,00  100,00
23:32:36      21    0,00    0,00    0,00    0,00    0,00    0,00    0,00    0,00    0,00  100,00
23:32:36      22    0,00    0,00    0,00    0,00    0,00    0,00    0,00    0,00    0,00  100,00
23:32:36      23    0,00    0,00    0,00    0,00    0,00    0,00    0,00    0,00    0,00  100,00

23:32:36     CPU    %usr   %nice    %sys %iowait    %irq   %soft  %steal  %guest  %gnice   %idle
23:32:37     all    4,33    0,00    0,12    0,12    0,00    0,00    0,00    0,00    0,00   95,42
23:32:37       0    0,00    0,00    0,00    0,00    0,00    0,00    0,00    0,00    0,00  100,00
23:32:37       1  100,00    0,00    0,00    0,00    0,00    0,00    0,00    0,00    0,00    0,00
23:32:37       2    0,00    0,00    0,00    0,00    0,00    0,00    0,00    0,00    0,00  100,00
23:32:37       3    0,00    0,00    0,00    0,00    0,00    0,00    0,00    0,00    0,00  100,00
23:32:37       4    0,99    0,00    0,00    0,00    0,00    0,00    0,00    0,00    0,00   99,01
23:32:37       5    0,00    0,00    0,00    0,00    0,00    0,00    0,00    0,00    0,00  100,00
23:32:37       6    0,00    0,00    0,00    0,00    0,00    0,00    0,00    0,00    0,00  100,00
23:32:37       7    0,00    0,00    0,00    0,00    0,00    0,00    0,00    0,00    0,00  100,00
23:32:37       8    0,00    0,00    0,00    0,00    0,00    0,00    0,00    0,00    0,00  100,00
23:32:37       9    0,00    0,00    0,00    0,00    0,00    0,00    0,00    0,00    0,00  100,00
23:32:37      10    0,98    0,00    0,00    0,98    0,00    0,00    0,00    0,00    0,00   98,04
23:32:37      11    0,99    0,00    0,00    0,00    0,00    0,00    0,00    0,00    0,00   99,01
23:32:37      12    0,00    0,00    0,00    0,00    0,00    0,00    0,00    0,00    0,00  100,00
23:32:37      13    0,00    0,00    0,00    0,00    0,00    0,00    0,00    0,00    0,00  100,00
23:32:37      14    0,00    0,00    1,00    2,00    0,00    0,00    0,00    0,00    0,00   97,00
23:32:37      15    0,00    0,00    0,00    0,00    0,00    0,00    0,00    0,00    0,00  100,00
23:32:37      16    0,00    0,00    1,00    0,00    0,00    0,00    0,00    0,00    0,00   99,00
23:32:37      17    0,00    0,00    0,00    0,00    0,00    0,00    0,00    0,00    0,00  100,00
23:32:37      18    0,00    0,00    0,00    0,00    0,00    0,00    0,00    0,00    0,00  100,00
23:32:37      19    0,00    0,00    0,00    0,00    0,00    0,00    0,00    0,00    0,00  100,00
23:32:37      20    0,00    0,00    0,00    0,00    0,00    0,00    0,00    0,00    0,00  100,00
23:32:37      21    0,00    0,00    0,00    0,00    0,00    0,00    0,00    0,00    0,00  100,00
23:32:37      22    1,00    0,00    0,00    0,00    0,00    0,00    0,00    0,00    0,00   99,00
23:32:37      23    0,00    0,00    1,00    0,00    0,00    0,00    0,00    0,00    0,00   99,00

23:32:37     CPU    %usr   %nice    %sys %iowait    %irq   %soft  %steal  %guest  %gnice   %idle
23:32:38     all    4,29    0,00    0,12    0,04    0,00    0,00    0,00    0,00    0,00   95,54
23:32:38       0    0,00    0,00    0,00    0,00    0,00    0,00    0,00    0,00    0,00  100,00
23:32:38       1  100,00    0,00    0,00    0,00    0,00    0,00    0,00    0,00    0,00    0,00
23:32:38       2    0,00    0,00    0,00    0,00    0,00    0,00    0,00    0,00    0,00  100,00
23:32:38       3    0,00    0,00    0,00    0,00    0,00    0,00    0,00    0,00    0,00  100,00
23:32:38       4    0,00    0,00    0,00    0,00    0,00    0,00    0,00    0,00    0,00  100,00
23:32:38       5    0,00    0,00    0,00    0,00    0,00    0,00    0,00    0,00    0,00  100,00
23:32:38       6    0,00    0,00    0,00    1,00    0,00    0,00    0,00    0,00    0,00   99,00
23:32:38       7    0,00    0,00    0,00    0,00    0,00    0,00    0,00    0,00    0,00  100,00
23:32:38       8    0,00    0,00    0,00    0,00    0,00    0,00    0,00    0,00    0,00  100,00
23:32:38       9    0,00    0,00    0,00    0,00    0,00    0,00    0,00    0,00    0,00  100,00
23:32:38      10    0,00    0,00    0,00    0,00    0,00    0,00    0,00    0,00    0,00  100,00
23:32:38      11    1,00    0,00    0,00    0,00    0,00    0,00    0,00    0,00    0,00   99,00
23:32:38      12    0,00    0,00    0,00    0,00    0,00    0,00    0,00    0,00    0,00  100,00
23:32:38      13    0,00    0,00    0,00    0,00    0,00    0,00    0,00    0,00    0,00  100,00
23:32:38      14    1,00    0,00    0,00    0,00    0,00    0,00    0,00    0,00    0,00   99,00
23:32:38      15    0,00    0,00    0,00    0,00    0,00    0,00    0,00    0,00    0,00  100,00
23:32:38      16    0,00    0,00    0,00    0,00    0,00    0,00    0,00    0,00    0,00  100,00
23:32:38      17    0,00    0,00    0,00    0,00    0,00    0,00    0,00    0,00    0,00  100,00
23:32:38      18    0,00    0,00    0,99    0,00    0,00    0,00    0,00    0,00    0,00   99,01
23:32:38      19    1,00    0,00    0,00    0,00    0,00    0,00    0,00    0,00    0,00   99,00
23:32:38      20    0,00    0,00    0,99    0,00    0,00    0,00    0,00    0,00    0,00   99,01
23:32:38      21    0,00    0,00    0,00    0,00    0,00    0,00    0,00    0,00    0,00  100,00
23:32:38      22    0,00    0,00    0,99    0,00    0,00    0,00    0,00    0,00    0,00   99,01
23:32:38      23    0,00    0,00    0,00    0,00    0,00    0,00    0,00    0,00    0,00  100,00

23:32:38     CPU    %usr   %nice    %sys %iowait    %irq   %soft  %steal  %guest  %gnice   %idle
23:32:39     all    4,37    0,00    0,00    0,00    0,00    0,00    0,00    0,00    0,00   95,63
23:32:39       0    0,00    0,00    0,00    0,00    0,00    0,00    0,00    0,00    0,00  100,00
23:32:39       1  100,00    0,00    0,00    0,00    0,00    0,00    0,00    0,00    0,00    0,00
23:32:39       2    0,00    0,00    0,00    0,00    0,00    0,00    0,00    0,00    0,00  100,00
23:32:39       3    0,00    0,00    0,00    0,00    0,00    0,00    0,00    0,00    0,00  100,00
23:32:39       4    0,00    0,00    0,00    0,00    0,00    0,00    0,00    0,00    0,00  100,00
23:32:39       5    0,00    0,00    0,00    0,00    0,00    0,00    0,00    0,00    0,00  100,00
23:32:39       6    0,00    0,00    0,00    0,00    0,00    0,00    0,00    0,00    0,00  100,00
23:32:39       7    0,00    0,00    0,00    0,00    0,00    0,00    0,00    0,00    0,00  100,00
23:32:39       8    0,00    0,00    0,00    0,00    0,00    0,00    0,00    0,00    0,00  100,00
23:32:39       9    0,00    0,00    0,00    0,00    0,00    0,00    0,00    0,00    0,00  100,00
23:32:39      10    0,00    0,00    0,00    0,00    0,00    0,00    0,00    0,00    0,00  100,00
23:32:39      11    2,91    0,00    0,00    0,00    0,00    0,00    0,00    0,00    0,00   97,09
23:32:39      12    0,99    0,00    0,00    0,00    0,00    0,00    0,00    0,00    0,00   99,01
23:32:39      13    0,00    0,00    0,00    0,00    0,00    0,00    0,00    0,00    0,00  100,00
23:32:39      14    0,00    0,00    0,00    0,00    0,00    0,00    0,00    0,00    0,00  100,00
23:32:39      15    0,00    0,00    0,00    0,00    0,00    0,00    0,00    0,00    0,00  100,00
23:32:39      16    0,00    0,00    0,00    0,00    0,00    0,00    0,00    0,00    0,00  100,00
23:32:39      17    0,00    0,00    0,00    0,00    0,00    0,00    0,00    0,00    0,00  100,00
23:32:39      18    0,00    0,00    0,00    0,00    0,00    0,00    0,00    0,00    0,00  100,00
23:32:39      19    0,00    0,00    0,00    0,00    0,00    0,00    0,00    0,00    0,00  100,00
23:32:39      20    0,99    0,00    0,00    0,00    0,00    0,00    0,00    0,00    0,00   99,01
23:32:39      21    0,00    0,00    0,00    0,00    0,00    0,00    0,00    0,00    0,00  100,00
23:32:39      22    0,00    0,00    0,00    0,00    0,00    0,00    0,00    0,00    0,00  100,00
23:32:39      23    0,00    0,00    0,00    0,00    0,00    0,00    0,00    0,00    0,00  100,00

23:32:39     CPU    %usr   %nice    %sys %iowait    %irq   %soft  %steal  %guest  %gnice   %idle
23:32:40     all    4,25    0,00    0,04    0,00    0,00    0,00    0,00    0,00    0,00   95,71
23:32:40       0    0,00    0,00    0,00    0,00    0,00    0,00    0,00    0,00    0,00  100,00
23:32:40       1  100,00    0,00    0,00    0,00    0,00    0,00    0,00    0,00    0,00    0,00
23:32:40       2    0,00    0,00    0,00    0,00    0,00    0,00    0,00    0,00    0,00  100,00
23:32:40       3    0,00    0,00    0,00    0,00    0,00    0,00    0,00    0,00    0,00  100,00
23:32:40       4    0,00    0,00    0,00    0,00    0,00    0,00    0,00    0,00    0,00  100,00
23:32:40       5    0,00    0,00    0,00    0,00    0,00    0,00    0,00    0,00    0,00  100,00
23:32:40       6    0,00    0,00    0,00    0,00    0,00    0,00    0,00    0,00    0,00  100,00
23:32:40       7    0,00    0,00    0,00    0,00    0,00    0,00    0,00    0,00    0,00  100,00
23:32:40       8    0,00    0,00    0,00    0,00    0,00    0,00    0,00    0,00    0,00  100,00
23:32:40       9    0,00    0,00    0,00    0,00    0,00    0,00    0,00    0,00    0,00  100,00
23:32:40      10    0,00    0,00    0,00    0,00    0,00    0,00    0,00    0,00    0,00  100,00
23:32:40      11    1,96    0,00    0,00    0,00    0,00    0,00    0,00    0,00    0,00   98,04
23:32:40      12    0,00    0,00    0,00    0,00    0,00    0,00    0,00    0,00    0,00  100,00
23:32:40      13    0,00    0,00    0,00    0,00    0,00    0,00    0,00    0,00    0,00  100,00
23:32:40      14    0,00    0,00    0,00    0,00    0,00    0,00    0,00    0,00    0,00  100,00
23:32:40      15    0,00    0,00    0,00    0,00    0,00    0,00    0,00    0,00    0,00  100,00
23:32:40      16    0,00    0,00    0,00    0,00    0,00    0,00    0,00    0,00    0,00  100,00
23:32:40      17    0,00    0,00    1,00    0,00    0,00    0,00    0,00    0,00    0,00   99,00
23:32:40      18    0,00    0,00    0,00    0,00    0,00    0,00    0,00    0,00    0,00  100,00
23:32:40      19    0,00    0,00    0,00    0,00    0,00    0,00    0,00    0,00    0,00  100,00
23:32:40      20    0,00    0,00    0,00    0,00    0,00    0,00    0,00    0,00    0,00  100,00
23:32:40      21    0,00    0,00    0,00    0,00    0,00    0,00    0,00    0,00    0,00  100,00
23:32:40      22    0,00    0,00    0,00    0,00    0,00    0,00    0,00    0,00    0,00  100,00
23:32:40      23    0,00    0,00    0,00    0,00    0,00    0,00    0,00    0,00    0,00  100,00

23:32:40     CPU    %usr   %nice    %sys %iowait    %irq   %soft  %steal  %guest  %gnice   %idle
23:32:41     all    4,67    0,00    0,29    0,08    0,00    0,00    0,00    0,00    0,00   94,95
23:32:41       0    0,00    0,00    0,00    2,00    0,00    0,00    0,00    0,00    0,00   98,00
23:32:41       1  100,00    0,00    0,00    0,00    0,00    0,00    0,00    0,00    0,00    0,00
23:32:41       2    0,00    0,00    0,00    0,00    0,00    0,00    0,00    0,00    0,00  100,00
23:32:41       3    0,00    0,00    0,00    0,00    0,00    0,00    0,00    0,00    0,00  100,00
23:32:41       4    0,00    0,00    0,00    0,00    0,00    0,00    0,00    0,00    0,00  100,00
23:32:41       5    0,00    0,00    0,00    0,00    0,00    0,00    0,00    0,00    0,00  100,00
23:32:41       6    0,00    0,00    0,00    0,00    0,00    0,00    0,00    0,00    0,00  100,00
23:32:41       7    0,00    0,00    0,00    0,00    0,00    0,00    0,00    0,00    0,00  100,00
23:32:41       8    0,00    0,00    0,00    0,00    0,00    0,00    0,00    0,00    0,00  100,00
23:32:41       9    0,00    0,00    0,00    0,00    0,00    0,00    0,00    0,00    0,00  100,00
23:32:41      10    0,00    0,00    0,00    0,00    0,00    0,00    0,00    0,00    0,00  100,00
23:32:41      11    1,00    0,00    0,00    0,00    0,00    0,00    0,00    0,00    0,00   99,00
23:32:41      12    9,09    0,00    7,07    0,00    0,00    0,00    0,00    0,00    0,00   83,84
23:32:41      13    0,00    0,00    0,00    0,00    0,00    0,00    0,00    0,00    0,00  100,00
23:32:41      14    0,00    0,00    0,00    0,00    0,00    0,00    0,00    0,00    0,00  100,00
23:32:41      15    0,00    0,00    0,00    0,00    0,00    0,00    0,00    0,00    0,00  100,00
23:32:41      16    0,99    0,00    0,00    0,00    0,00    0,00    0,00    0,00    0,00   99,01
23:32:41      17    0,99    0,00    0,00    0,00    0,00    0,00    0,00    0,00    0,00   99,01
23:32:41      18    0,00    0,00    0,00    0,00    0,00    0,00    0,00    0,00    0,00  100,00
23:32:41      19    0,00    0,00    0,00    0,00    0,00    0,00    0,00    0,00    0,00  100,00
23:32:41      20    0,00    0,00    0,00    0,00    0,00    0,00    0,00    0,00    0,00  100,00
23:32:41      21    0,00    0,00    0,00    0,00    0,00    0,00    0,00    0,00    0,00  100,00
23:32:41      22    0,00    0,00    0,00    0,00    0,00    0,00    0,00    0,00    0,00  100,00
23:32:41      23    0,00    0,00    0,00    0,00    0,00    0,00    0,00    0,00    0,00  100,00

23:32:41     CPU    %usr   %nice    %sys %iowait    %irq   %soft  %steal  %guest  %gnice   %idle
23:32:42     all    4,29    0,00    0,00    0,04    0,00    0,00    0,00    0,00    0,00   95,67
23:32:42       0    0,00    0,00    0,00    0,00    0,00    0,00    0,00    0,00    0,00  100,00
23:32:42       1  100,00    0,00    0,00    0,00    0,00    0,00    0,00    0,00    0,00    0,00
23:32:42       2    0,00    0,00    0,00    0,00    0,00    0,00    0,00    0,00    0,00  100,00
23:32:42       3    0,00    0,00    0,00    0,00    0,00    0,00    0,00    0,00    0,00  100,00
23:32:42       4    0,00    0,00    0,00    0,00    0,00    0,00    0,00    0,00    0,00  100,00
23:32:42       5    0,00    0,00    0,00    0,00    0,00    0,00    0,00    0,00    0,00  100,00
23:32:42       6    0,00    0,00    0,00    0,00    0,00    0,00    0,00    0,00    0,00  100,00
23:32:42       7    0,00    0,00    0,00    0,00    0,00    0,00    0,00    0,00    0,00  100,00
23:32:42       8    0,00    0,00    0,00    0,00    0,00    0,00    0,00    0,00    0,00  100,00
23:32:42       9    0,00    0,00    0,00    0,00    0,00    0,00    0,00    0,00    0,00  100,00
23:32:42      10    0,00    0,00    0,00    0,00    0,00    0,00    0,00    0,00    0,00  100,00
23:32:42      11    2,91    0,00    0,00    0,00    0,00    0,00    0,00    0,00    0,00   97,09
23:32:42      12    0,00    0,00    0,00    0,00    0,00    0,00    0,00    0,00    0,00  100,00
23:32:42      13    0,00    0,00    0,00    0,00    0,00    0,00    0,00    0,00    0,00  100,00
23:32:42      14    0,00    0,00    0,00    1,00    0,00    0,00    0,00    0,00    0,00   99,00
23:32:42      15    0,00    0,00    0,00    0,00    0,00    0,00    0,00    0,00    0,00  100,00
23:32:42      16    0,00    0,00    0,00    0,00    0,00    0,00    0,00    0,00    0,00  100,00
23:32:42      17    0,00    0,00    0,00    0,00    0,00    0,00    0,00    0,00    0,00  100,00
23:32:42      18    0,00    0,00    0,00    0,00    0,00    0,00    0,00    0,00    0,00  100,00
23:32:42      19    0,00    0,00    0,00    0,00    0,00    0,00    0,00    0,00    0,00  100,00
23:32:42      20    0,00    0,00    0,00    0,00    0,00    0,00    0,00    0,00    0,00  100,00
23:32:42      21    0,00    0,00    0,00    0,00    0,00    0,00    0,00    0,00    0,00  100,00
23:32:42      22    0,00    0,00    0,00    0,00    0,00    0,00    0,00    0,00    0,00  100,00
23:32:42      23    0,00    0,00    0,00    0,00    0,00    0,00    0,00    0,00    0,00  100,00

23:32:42     CPU    %usr   %nice    %sys %iowait    %irq   %soft  %steal  %guest  %gnice   %idle
23:32:43     all    4,80    0,00    0,25    0,00    0,00    0,00    0,00    0,00    0,00   94,95
23:32:43       0    0,00    0,00    0,00    0,00    0,00    0,00    0,00    0,00    0,00  100,00
23:32:43       1  100,00    0,00    0,00    0,00    0,00    0,00    0,00    0,00    0,00    0,00
23:32:43       2    0,00    0,00    0,00    0,00    0,00    0,00    0,00    0,00    0,00  100,00
23:32:43       3    0,00    0,00    0,00    0,00    0,00    0,00    0,00    0,00    0,00  100,00
23:32:43       4    8,00    0,00    1,00    0,00    0,00    0,00    0,00    0,00    0,00   91,00
23:32:43       5    0,00    0,00    0,00    0,00    0,00    0,00    0,00    0,00    0,00  100,00
23:32:43       6    0,00    0,00    1,00    0,00    0,00    0,00    0,00    0,00    0,00   99,00
23:32:43       7    0,00    0,00    0,00    0,00    0,00    0,00    0,00    0,00    0,00  100,00
23:32:43       8    0,00    0,00    0,00    0,00    0,00    0,00    0,00    0,00    0,00  100,00
23:32:43       9    0,00    0,00    0,00    0,00    0,00    0,00    0,00    0,00    0,00  100,00
23:32:43      10    0,00    0,00    0,00    0,00    0,00    0,00    0,00    0,00    0,00  100,00
23:32:43      11    3,92    0,00    0,98    0,00    0,00    0,00    0,00    0,00    0,00   95,10
23:32:43      12    0,00    0,00    0,00    0,00    0,00    0,00    0,00    0,00    0,00  100,00
23:32:43      13    0,00    0,00    0,00    0,00    0,00    0,00    0,00    0,00    0,00  100,00
23:32:43      14    1,00    0,00    0,00    0,00    0,00    0,00    0,00    0,00    0,00   99,00
23:32:43      15    0,00    0,00    0,00    0,00    0,00    0,00    0,00    0,00    0,00  100,00
23:32:43      16    0,00    0,00    0,00    0,00    0,00    0,00    0,00    0,00    0,00  100,00
23:32:43      17    0,00    0,00    1,01    0,00    0,00    0,00    0,00    0,00    0,00   98,99
23:32:43      18    0,99    0,00    0,99    0,00    0,00    0,00    0,00    0,00    0,00   98,02
23:32:43      19    0,00    0,00    0,00    0,00    0,00    0,00    0,00    0,00    0,00  100,00
23:32:43      20    0,00    0,00    1,00    0,00    0,00    0,00    0,00    0,00    0,00   99,00
23:32:43      21    0,00    0,00    0,00    0,00    0,00    0,00    0,00    0,00    0,00  100,00
23:32:43      22    0,00    0,00    0,00    0,00    0,00    0,00    0,00    0,00    0,00  100,00
23:32:43      23    1,00    0,00    0,00    0,00    0,00    0,00    0,00    0,00    0,00   99,00
