Linux 6.8.0-111-generic (testbed-node4) 	31/05/26 	_x86_64_	(24 CPU)

11:26:38     CPU    %usr   %nice    %sys %iowait    %irq   %soft  %steal  %guest  %gnice   %idle
11:26:39     all   29,18    0,00    0,00    0,00    0,00    0,00    0,00    0,00    0,00   70,82
11:26:39       0  100,00    0,00    0,00    0,00    0,00    0,00    0,00    0,00    0,00    0,00
11:26:39       1  100,00    0,00    0,00    0,00    0,00    0,00    0,00    0,00    0,00    0,00
11:26:39       2  100,00    0,00    0,00    0,00    0,00    0,00    0,00    0,00    0,00    0,00
11:26:39       3  100,00    0,00    0,00    0,00    0,00    0,00    0,00    0,00    0,00    0,00
11:26:39       4  100,00    0,00    0,00    0,00    0,00    0,00    0,00    0,00    0,00    0,00
11:26:39       5  100,00    0,00    0,00    0,00    0,00    0,00    0,00    0,00    0,00    0,00
11:26:39       6  100,00    0,00    0,00    0,00    0,00    0,00    0,00    0,00    0,00    0,00
11:26:39       7    0,00    0,00    0,00    0,00    0,00    0,00    0,00    0,00    0,00  100,00
11:26:39       8    0,00    0,00    0,00    0,00    0,00    0,00    0,00    0,00    0,00  100,00
11:26:39       9    0,00    0,00    0,00    0,00    0,00    0,00    0,00    0,00    0,00  100,00
11:26:39      10    0,00    0,00    0,00    0,00    0,00    0,00    0,00    0,00    0,00  100,00
11:26:39      11    0,00    0,00    0,00    0,00    0,00    0,00    0,00    0,00    0,00  100,00
11:26:39      12    0,00    0,00    0,00    0,00    0,00    0,00    0,00    0,00    0,00  100,00
11:26:39      13    0,00    0,00    0,00    0,00    0,00    0,00    0,00    0,00    0,00  100,00
11:26:39      14    0,00    0,00    0,00    0,00    0,00    0,00    0,00    0,00    0,00  100,00
11:26:39      15    0,00    0,00    0,00    0,00    0,00    0,00    0,00    0,00    0,00  100,00
11:26:39      16    0,00    0,00    0,00    0,00    0,00    0,00    0,00    0,00    0,00  100,00
11:26:39      17    0,00    0,00    0,00    0,00    0,00    0,00    0,00    0,00    0,00  100,00
11:26:39      18    0,00    0,00    0,00    0,00    0,00    0,00    0,00    0,00    0,00  100,00
11:26:39      19    0,00    0,00    0,00    0,00    0,00    0,00    0,00    0,00    0,00  100,00
11:26:39      20    0,00    0,00    0,00    0,00    0,00    0,00    0,00    0,00    0,00  100,00
11:26:39      21    0,00    0,00    0,00    0,00    0,00    0,00    0,00    0,00    0,00  100,00
11:26:39      22    0,00    0,00    0,00    0,00    0,00    0,00    0,00    0,00    0,00  100,00
11:26:39      23    0,00    0,00    0,00    0,00    0,00    0,00    0,00    0,00    0,00  100,00

11:26:39     CPU    %usr   %nice    %sys %iowait    %irq   %soft  %steal  %guest  %gnice   %idle
11:26:40     all   29,18    0,00    0,00    0,00    0,00    0,00    0,00    0,00    0,00   70,82
11:26:40       0  100,00    0,00    0,00    0,00    0,00    0,00    0,00    0,00    0,00    0,00
11:26:40       1  100,00    0,00    0,00    0,00    0,00    0,00    0,00    0,00    0,00    0,00
11:26:40       2  100,00    0,00    0,00    0,00    0,00    0,00    0,00    0,00    0,00    0,00
11:26:40       3  100,00    0,00    0,00    0,00    0,00    0,00    0,00    0,00    0,00    0,00
11:26:40       4  100,00    0,00    0,00    0,00    0,00    0,00    0,00    0,00    0,00    0,00
11:26:40       5  100,00    0,00    0,00    0,00    0,00    0,00    0,00    0,00    0,00    0,00
11:26:40       6  100,00    0,00    0,00    0,00    0,00    0,00    0,00    0,00    0,00    0,00
11:26:40       7    0,00    0,00    0,00    0,00    0,00    0,00    0,00    0,00    0,00  100,00
11:26:40       8    0,00    0,00    0,00    0,00    0,00    0,00    0,00    0,00    0,00  100,00
11:26:40       9    0,00    0,00    0,00    0,00    0,00    0,00    0,00    0,00    0,00  100,00
11:26:40      10    0,00    0,00    0,00    0,00    0,00    0,00    0,00    0,00    0,00  100,00
11:26:40      11    0,00    0,00    0,00    0,00    0,00    0,00    0,00    0,00    0,00  100,00
11:26:40      12    0,00    0,00    0,00    0,00    0,00    0,00    0,00    0,00    0,00  100,00
11:26:40      13    0,00    0,00    0,00    0,00    0,00    0,00    0,00    0,00    0,00  100,00
11:26:40      14    0,00    0,00    0,00    0,00    0,00    0,00    0,00    0,00    0,00  100,00
11:26:40      15    0,00    0,00    0,00    0,00    0,00    0,00    0,00    0,00    0,00  100,00
11:26:40      16    0,00    0,00    0,00    0,00    0,00    0,00    0,00    0,00    0,00  100,00
11:26:40      17    0,00    0,00    0,00    0,00    0,00    0,00    0,00    0,00    0,00  100,00
11:26:40      18    0,00    0,00    0,00    0,00    0,00    0,00    0,00    0,00    0,00  100,00
11:26:40      19    0,00    0,00    0,00    0,00    0,00    0,00    0,00    0,00    0,00  100,00
11:26:40      20    0,00    0,00    0,00    0,00    0,00    0,00    0,00    0,00    0,00  100,00
11:26:40      21    0,00    0,00    0,00    0,00    0,00    0,00    0,00    0,00    0,00  100,00
11:26:40      22    0,00    0,00    0,00    0,00    0,00    0,00    0,00    0,00    0,00  100,00
11:26:40      23    0,00    0,00    0,00    0,00    0,00    0,00    0,00    0,00    0,00  100,00

11:26:40     CPU    %usr   %nice    %sys %iowait    %irq   %soft  %steal  %guest  %gnice   %idle
11:26:41     all   29,17    0,00    0,00    0,17    0,00    0,00    0,00    0,00    0,00   70,67
11:26:41       0  100,00    0,00    0,00    0,00    0,00    0,00    0,00    0,00    0,00    0,00
11:26:41       1  100,00    0,00    0,00    0,00    0,00    0,00    0,00    0,00    0,00    0,00
11:26:41       2  100,00    0,00    0,00    0,00    0,00    0,00    0,00    0,00    0,00    0,00
11:26:41       3  100,00    0,00    0,00    0,00    0,00    0,00    0,00    0,00    0,00    0,00
11:26:41       4  100,00    0,00    0,00    0,00    0,00    0,00    0,00    0,00    0,00    0,00
11:26:41       5  100,00    0,00    0,00    0,00    0,00    0,00    0,00    0,00    0,00    0,00
11:26:41       6  100,00    0,00    0,00    0,00    0,00    0,00    0,00    0,00    0,00    0,00
11:26:41       7    0,00    0,00    0,00    0,00    0,00    0,00    0,00    0,00    0,00  100,00
11:26:41       8    0,00    0,00    0,00    1,00    0,00    0,00    0,00    0,00    0,00   99,00
11:26:41       9    0,00    0,00    0,00    0,00    0,00    0,00    0,00    0,00    0,00  100,00
11:26:41      10    0,00    0,00    0,00    0,00    0,00    0,00    0,00    0,00    0,00  100,00
11:26:41      11    0,00    0,00    0,00    0,00    0,00    0,00    0,00    0,00    0,00  100,00
11:26:41      12    0,00    0,00    0,00    0,00    0,00    0,00    0,00    0,00    0,00  100,00
11:26:41      13    0,00    0,00    0,00    0,00    0,00    0,00    0,00    0,00    0,00  100,00
11:26:41      14    0,00    0,00    0,00    1,00    0,00    0,00    0,00    0,00    0,00   99,00
11:26:41      15    0,00    0,00    0,00    0,00    0,00    0,00    0,00    0,00    0,00  100,00
11:26:41      16    0,00    0,00    0,00    0,00    0,00    0,00    0,00    0,00    0,00  100,00
11:26:41      17    0,00    0,00    0,00    0,00    0,00    0,00    0,00    0,00    0,00  100,00
11:26:41      18    0,00    0,00    0,00    2,00    0,00    0,00    0,00    0,00    0,00   98,00
11:26:41      19    0,00    0,00    0,00    0,00    0,00    0,00    0,00    0,00    0,00  100,00
11:26:41      20    0,00    0,00    0,00    0,00    0,00    0,00    0,00    0,00    0,00  100,00
11:26:41      21    0,00    0,00    0,00    0,00    0,00    0,00    0,00    0,00    0,00  100,00
11:26:41      22    0,00    0,00    0,00    0,00    0,00    0,00    0,00    0,00    0,00  100,00
11:26:41      23    0,00    0,00    0,00    0,00    0,00    0,00    0,00    0,00    0,00  100,00

11:26:41     CPU    %usr   %nice    %sys %iowait    %irq   %soft  %steal  %guest  %gnice   %idle
11:26:42     all   29,69    0,00    0,17    0,00    0,00    0,00    0,00    0,00    0,00   70,14
11:26:42       0  100,00    0,00    0,00    0,00    0,00    0,00    0,00    0,00    0,00    0,00
11:26:42       1  100,00    0,00    0,00    0,00    0,00    0,00    0,00    0,00    0,00    0,00
11:26:42       2  100,00    0,00    0,00    0,00    0,00    0,00    0,00    0,00    0,00    0,00
11:26:42       3  100,00    0,00    0,00    0,00    0,00    0,00    0,00    0,00    0,00    0,00
11:26:42       4  100,00    0,00    0,00    0,00    0,00    0,00    0,00    0,00    0,00    0,00
11:26:42       5  100,00    0,00    0,00    0,00    0,00    0,00    0,00    0,00    0,00    0,00
11:26:42       6  100,00    0,00    0,00    0,00    0,00    0,00    0,00    0,00    0,00    0,00
11:26:42       7    0,00    0,00    0,00    0,00    0,00    0,00    0,00    0,00    0,00  100,00
11:26:42       8    0,00    0,00    0,00    0,00    0,00    0,00    0,00    0,00    0,00  100,00
11:26:42       9    0,00    0,00    0,00    0,00    0,00    0,00    0,00    0,00    0,00  100,00
11:26:42      10    0,00    0,00    0,00    0,00    0,00    0,00    0,00    0,00    0,00  100,00
11:26:42      11    0,00    0,00    0,00    0,00    0,00    0,00    0,00    0,00    0,00  100,00
11:26:42      12    0,00    0,00    0,00    0,00    0,00    0,00    0,00    0,00    0,00  100,00
11:26:42      13    0,00    0,00    0,00    0,00    0,00    0,00    0,00    0,00    0,00  100,00
11:26:42      14    0,00    0,00    0,99    0,00    0,00    0,00    0,00    0,00    0,00   99,01
11:26:42      15    0,00    0,00    0,00    0,00    0,00    0,00    0,00    0,00    0,00  100,00
11:26:42      16    0,00    0,00    1,00    0,00    0,00    0,00    0,00    0,00    0,00   99,00
11:26:42      17    0,00    0,00    0,00    0,00    0,00    0,00    0,00    0,00    0,00  100,00
11:26:42      18    0,00    0,00    0,00    0,00    0,00    0,00    0,00    0,00    0,00  100,00
11:26:42      19    0,99    0,00    0,00    0,00    0,00    0,00    0,00    0,00    0,00   99,01
11:26:42      20    0,00    0,00    0,99    0,00    0,00    0,00    0,00    0,00    0,00   99,01
11:26:42      21    1,01    0,00    0,00    0,00    0,00    0,00    0,00    0,00    0,00   98,99
11:26:42      22    0,00    0,00    0,00    0,00    0,00    0,00    0,00    0,00    0,00  100,00
11:26:42      23   10,20    0,00    1,02    0,00    0,00    0,00    0,00    0,00    0,00   88,78

11:26:42     CPU    %usr   %nice    %sys %iowait    %irq   %soft  %steal  %guest  %gnice   %idle
11:26:43     all   29,17    0,00    0,00    0,00    0,00    0,00    0,00    0,00    0,00   70,83
11:26:43       0  100,00    0,00    0,00    0,00    0,00    0,00    0,00    0,00    0,00    0,00
11:26:43       1  100,00    0,00    0,00    0,00    0,00    0,00    0,00    0,00    0,00    0,00
11:26:43       2  100,00    0,00    0,00    0,00    0,00    0,00    0,00    0,00    0,00    0,00
11:26:43       3  100,00    0,00    0,00    0,00    0,00    0,00    0,00    0,00    0,00    0,00
11:26:43       4  100,00    0,00    0,00    0,00    0,00    0,00    0,00    0,00    0,00    0,00
11:26:43       5  100,00    0,00    0,00    0,00    0,00    0,00    0,00    0,00    0,00    0,00
11:26:43       6  100,00    0,00    0,00    0,00    0,00    0,00    0,00    0,00    0,00    0,00
11:26:43       7    0,00    0,00    0,00    0,00    0,00    0,00    0,00    0,00    0,00  100,00
11:26:43       8    0,00    0,00    0,00    0,00    0,00    0,00    0,00    0,00    0,00  100,00
11:26:43       9    0,00    0,00    0,00    0,00    0,00    0,00    0,00    0,00    0,00  100,00
11:26:43      10    0,00    0,00    0,00    0,00    0,00    0,00    0,00    0,00    0,00  100,00
11:26:43      11    0,00    0,00    0,00    0,00    0,00    0,00    0,00    0,00    0,00  100,00
11:26:43      12    0,00    0,00    0,00    0,00    0,00    0,00    0,00    0,00    0,00  100,00
11:26:43      13    0,00    0,00    0,00    0,00    0,00    0,00    0,00    0,00    0,00  100,00
11:26:43      14    0,00    0,00    0,00    0,00    0,00    0,00    0,00    0,00    0,00  100,00
11:26:43      15    0,00    0,00    0,00    0,00    0,00    0,00    0,00    0,00    0,00  100,00
11:26:43      16    0,00    0,00    0,00    0,00    0,00    0,00    0,00    0,00    0,00  100,00
11:26:43      17    0,00    0,00    0,00    0,00    0,00    0,00    0,00    0,00    0,00  100,00
11:26:43      18    0,00    0,00    0,00    0,00    0,00    0,00    0,00    0,00    0,00  100,00
11:26:43      19    0,00    0,00    0,00    0,00    0,00    0,00    0,00    0,00    0,00  100,00
11:26:43      20    0,00    0,00    0,00    0,00    0,00    0,00    0,00    0,00    0,00  100,00
11:26:43      21    0,00    0,00    0,00    0,00    0,00    0,00    0,00    0,00    0,00  100,00
11:26:43      22    0,00    0,00    0,00    0,00    0,00    0,00    0,00    0,00    0,00  100,00
11:26:43      23    0,00    0,00    0,00    0,00    0,00    0,00    0,00    0,00    0,00  100,00

11:26:43     CPU    %usr   %nice    %sys %iowait    %irq   %soft  %steal  %guest  %gnice   %idle
11:26:44     all   29,17    0,00    0,00    0,00    0,00    0,00    0,00    0,00    0,00   70,83
11:26:44       0  100,00    0,00    0,00    0,00    0,00    0,00    0,00    0,00    0,00    0,00
11:26:44       1  100,00    0,00    0,00    0,00    0,00    0,00    0,00    0,00    0,00    0,00
11:26:44       2  100,00    0,00    0,00    0,00    0,00    0,00    0,00    0,00    0,00    0,00
11:26:44       3  100,00    0,00    0,00    0,00    0,00    0,00    0,00    0,00    0,00    0,00
11:26:44       4  100,00    0,00    0,00    0,00    0,00    0,00    0,00    0,00    0,00    0,00
11:26:44       5  100,00    0,00    0,00    0,00    0,00    0,00    0,00    0,00    0,00    0,00
11:26:44       6  100,00    0,00    0,00    0,00    0,00    0,00    0,00    0,00    0,00    0,00
11:26:44       7    0,00    0,00    0,00    0,00    0,00    0,00    0,00    0,00    0,00  100,00
11:26:44       8    0,00    0,00    0,00    0,00    0,00    0,00    0,00    0,00    0,00  100,00
11:26:44       9    0,00    0,00    0,00    0,00    0,00    0,00    0,00    0,00    0,00  100,00
11:26:44      10    0,00    0,00    0,00    0,00    0,00    0,00    0,00    0,00    0,00  100,00
11:26:44      11    0,00    0,00    0,00    0,00    0,00    0,00    0,00    0,00    0,00  100,00
11:26:44      12    0,00    0,00    0,00    0,00    0,00    0,00    0,00    0,00    0,00  100,00
11:26:44      13    0,00    0,00    0,00    0,00    0,00    0,00    0,00    0,00    0,00  100,00
11:26:44      14    0,00    0,00    0,00    0,00    0,00    0,00    0,00    0,00    0,00  100,00
11:26:44      15    0,00    0,00    0,00    0,00    0,00    0,00    0,00    0,00    0,00  100,00
11:26:44      16    0,00    0,00    0,00    0,00    0,00    0,00    0,00    0,00    0,00  100,00
11:26:44      17    0,00    0,00    0,00    0,00    0,00    0,00    0,00    0,00    0,00  100,00
11:26:44      18    0,00    0,00    0,00    0,00    0,00    0,00    0,00    0,00    0,00  100,00
11:26:44      19    0,00    0,00    0,00    0,00    0,00    0,00    0,00    0,00    0,00  100,00
11:26:44      20    0,00    0,00    0,00    0,00    0,00    0,00    0,00    0,00    0,00  100,00
11:26:44      21    0,00    0,00    0,00    0,00    0,00    0,00    0,00    0,00    0,00  100,00
11:26:44      22    0,00    0,00    0,00    0,00    0,00    0,00    0,00    0,00    0,00  100,00
11:26:44      23    0,00    0,00    0,00    0,00    0,00    0,00    0,00    0,00    0,00  100,00

11:26:44     CPU    %usr   %nice    %sys %iowait    %irq   %soft  %steal  %guest  %gnice   %idle
11:26:45     all   29,17    0,00    0,00    0,00    0,00    0,00    0,00    0,00    0,00   70,83
11:26:45       0  100,00    0,00    0,00    0,00    0,00    0,00    0,00    0,00    0,00    0,00
11:26:45       1  100,00    0,00    0,00    0,00    0,00    0,00    0,00    0,00    0,00    0,00
11:26:45       2  100,00    0,00    0,00    0,00    0,00    0,00    0,00    0,00    0,00    0,00
11:26:45       3  100,00    0,00    0,00    0,00    0,00    0,00    0,00    0,00    0,00    0,00
11:26:45       4  100,00    0,00    0,00    0,00    0,00    0,00    0,00    0,00    0,00    0,00
11:26:45       5  100,00    0,00    0,00    0,00    0,00    0,00    0,00    0,00    0,00    0,00
11:26:45       6  100,00    0,00    0,00    0,00    0,00    0,00    0,00    0,00    0,00    0,00
11:26:45       7    0,00    0,00    0,00    0,00    0,00    0,00    0,00    0,00    0,00  100,00
11:26:45       8    0,00    0,00    0,00    0,00    0,00    0,00    0,00    0,00    0,00  100,00
11:26:45       9    0,00    0,00    0,00    0,00    0,00    0,00    0,00    0,00    0,00  100,00
11:26:45      10    0,00    0,00    0,00    0,00    0,00    0,00    0,00    0,00    0,00  100,00
11:26:45      11    0,00    0,00    0,00    0,00    0,00    0,00    0,00    0,00    0,00  100,00
11:26:45      12    0,00    0,00    0,00    0,00    0,00    0,00    0,00    0,00    0,00  100,00
11:26:45      13    0,00    0,00    0,00    0,00    0,00    0,00    0,00    0,00    0,00  100,00
11:26:45      14    0,00    0,00    0,00    0,00    0,00    0,00    0,00    0,00    0,00  100,00
11:26:45      15    0,00    0,00    0,00    0,00    0,00    0,00    0,00    0,00    0,00  100,00
11:26:45      16    0,00    0,00    0,00    0,00    0,00    0,00    0,00    0,00    0,00  100,00
11:26:45      17    0,00    0,00    0,00    0,00    0,00    0,00    0,00    0,00    0,00  100,00
11:26:45      18    0,00    0,00    0,00    0,00    0,00    0,00    0,00    0,00    0,00  100,00
11:26:45      19    0,00    0,00    0,00    0,00    0,00    0,00    0,00    0,00    0,00  100,00
11:26:45      20    0,00    0,00    0,00    0,00    0,00    0,00    0,00    0,00    0,00  100,00
11:26:45      21    0,00    0,00    0,00    0,00    0,00    0,00    0,00    0,00    0,00  100,00
11:26:45      22    0,00    0,00    0,00    0,00    0,00    0,00    0,00    0,00    0,00  100,00
11:26:45      23    0,00    0,00    0,00    0,00    0,00    0,00    0,00    0,00    0,00  100,00

11:26:45     CPU    %usr   %nice    %sys %iowait    %irq   %soft  %steal  %guest  %gnice   %idle
11:26:46     all   29,18    0,00    0,00    0,08    0,00    0,00    0,00    0,00    0,00   70,74
11:26:46       0  100,00    0,00    0,00    0,00    0,00    0,00    0,00    0,00    0,00    0,00
11:26:46       1  100,00    0,00    0,00    0,00    0,00    0,00    0,00    0,00    0,00    0,00
11:26:46       2  100,00    0,00    0,00    0,00    0,00    0,00    0,00    0,00    0,00    0,00
11:26:46       3  100,00    0,00    0,00    0,00    0,00    0,00    0,00    0,00    0,00    0,00
11:26:46       4  100,00    0,00    0,00    0,00    0,00    0,00    0,00    0,00    0,00    0,00
11:26:46       5  100,00    0,00    0,00    0,00    0,00    0,00    0,00    0,00    0,00    0,00
11:26:46       6  100,00    0,00    0,00    0,00    0,00    0,00    0,00    0,00    0,00    0,00
11:26:46       7    0,00    0,00    0,00    0,00    0,00    0,00    0,00    0,00    0,00  100,00
11:26:46       8    0,00    0,00    0,00    0,00    0,00    0,00    0,00    0,00    0,00  100,00
11:26:46       9    0,00    0,00    0,00    0,00    0,00    0,00    0,00    0,00    0,00  100,00
11:26:46      10    0,00    0,00    0,00    0,00    0,00    0,00    0,00    0,00    0,00  100,00
11:26:46      11    0,00    0,00    0,00    0,00    0,00    0,00    0,00    0,00    0,00  100,00
11:26:46      12    0,00    0,00    0,00    1,00    0,00    0,00    0,00    0,00    0,00   99,00
11:26:46      13    0,00    0,00    0,00    0,00    0,00    0,00    0,00    0,00    0,00  100,00
11:26:46      14    0,00    0,00    0,00    0,00    0,00    0,00    0,00    0,00    0,00  100,00
11:26:46      15    0,00    0,00    0,00    0,00    0,00    0,00    0,00    0,00    0,00  100,00
11:26:46      16    0,00    0,00    0,00    0,00    0,00    0,00    0,00    0,00    0,00  100,00
11:26:46      17    0,00    0,00    0,00    0,00    0,00    0,00    0,00    0,00    0,00  100,00
11:26:46      18    0,00    0,00    0,00    1,00    0,00    0,00    0,00    0,00    0,00   99,00
11:26:46      19    0,00    0,00    0,00    0,00    0,00    0,00    0,00    0,00    0,00  100,00
11:26:46      20    0,00    0,00    0,00    0,00    0,00    0,00    0,00    0,00    0,00  100,00
11:26:46      21    0,00    0,00    0,00    0,00    0,00    0,00    0,00    0,00    0,00  100,00
11:26:46      22    0,00    0,00    0,00    0,00    0,00    0,00    0,00    0,00    0,00  100,00
11:26:46      23    0,00    0,00    0,00    0,00    0,00    0,00    0,00    0,00    0,00  100,00

11:26:46     CPU    %usr   %nice    %sys %iowait    %irq   %soft  %steal  %guest  %gnice   %idle
11:26:47     all   29,21    0,00    0,00    0,04    0,00    0,00    0,00    0,00    0,00   70,75
11:26:47       0  100,00    0,00    0,00    0,00    0,00    0,00    0,00    0,00    0,00    0,00
11:26:47       1  100,00    0,00    0,00    0,00    0,00    0,00    0,00    0,00    0,00    0,00
11:26:47       2  100,00    0,00    0,00    0,00    0,00    0,00    0,00    0,00    0,00    0,00
11:26:47       3  100,00    0,00    0,00    0,00    0,00    0,00    0,00    0,00    0,00    0,00
11:26:47       4  100,00    0,00    0,00    0,00    0,00    0,00    0,00    0,00    0,00    0,00
11:26:47       5  100,00    0,00    0,00    0,00    0,00    0,00    0,00    0,00    0,00    0,00
11:26:47       6  100,00    0,00    0,00    0,00    0,00    0,00    0,00    0,00    0,00    0,00
11:26:47       7    0,00    0,00    0,00    0,00    0,00    0,00    0,00    0,00    0,00  100,00
11:26:47       8    0,00    0,00    0,00    1,00    0,00    0,00    0,00    0,00    0,00   99,00
11:26:47       9    0,00    0,00    0,00    0,00    0,00    0,00    0,00    0,00    0,00  100,00
11:26:47      10    0,00    0,00    0,00    0,00    0,00    0,00    0,00    0,00    0,00  100,00
11:26:47      11    0,00    0,00    0,00    0,00    0,00    0,00    0,00    0,00    0,00  100,00
11:26:47      12    0,00    0,00    0,00    0,00    0,00    0,00    0,00    0,00    0,00  100,00
11:26:47      13    0,00    0,00    0,00    0,00    0,00    0,00    0,00    0,00    0,00  100,00
11:26:47      14    0,00    0,00    0,00    0,00    0,00    0,00    0,00    0,00    0,00  100,00
11:26:47      15    0,00    0,00    0,00    0,00    0,00    0,00    0,00    0,00    0,00  100,00
11:26:47      16    0,00    0,00    0,00    0,00    0,00    0,00    0,00    0,00    0,00  100,00
11:26:47      17    0,00    0,00    0,00    0,00    0,00    0,00    0,00    0,00    0,00  100,00
11:26:47      18    0,00    0,00    0,00    0,00    0,00    0,00    0,00    0,00    0,00  100,00
11:26:47      19    0,00    0,00    0,00    0,00    0,00    0,00    0,00    0,00    0,00  100,00
11:26:47      20    0,00    0,00    0,00    0,00    0,00    0,00    0,00    0,00    0,00  100,00
11:26:47      21    0,00    0,00    0,00    0,00    0,00    0,00    0,00    0,00    0,00  100,00
11:26:47      22    0,00    0,00    0,00    0,00    0,00    0,00    0,00    0,00    0,00  100,00
11:26:47      23    0,00    0,00    0,00    0,00    0,00    0,00    0,00    0,00    0,00  100,00

11:26:47     CPU    %usr   %nice    %sys %iowait    %irq   %soft  %steal  %guest  %gnice   %idle
11:26:48     all   29,17    0,00    0,00    0,00    0,00    0,00    0,00    0,00    0,00   70,83
11:26:48       0  100,00    0,00    0,00    0,00    0,00    0,00    0,00    0,00    0,00    0,00
11:26:48       1  100,00    0,00    0,00    0,00    0,00    0,00    0,00    0,00    0,00    0,00
11:26:48       2  100,00    0,00    0,00    0,00    0,00    0,00    0,00    0,00    0,00    0,00
11:26:48       3  100,00    0,00    0,00    0,00    0,00    0,00    0,00    0,00    0,00    0,00
11:26:48       4  100,00    0,00    0,00    0,00    0,00    0,00    0,00    0,00    0,00    0,00
11:26:48       5  100,00    0,00    0,00    0,00    0,00    0,00    0,00    0,00    0,00    0,00
11:26:48       6  100,00    0,00    0,00    0,00    0,00    0,00    0,00    0,00    0,00    0,00
11:26:48       7    0,00    0,00    0,00    0,00    0,00    0,00    0,00    0,00    0,00  100,00
11:26:48       8    0,00    0,00    0,00    0,00    0,00    0,00    0,00    0,00    0,00  100,00
11:26:48       9    0,00    0,00    0,00    0,00    0,00    0,00    0,00    0,00    0,00  100,00
11:26:48      10    0,00    0,00    0,00    0,00    0,00    0,00    0,00    0,00    0,00  100,00
11:26:48      11    0,00    0,00    0,00    0,00    0,00    0,00    0,00    0,00    0,00  100,00
11:26:48      12    0,00    0,00    0,00    0,00    0,00    0,00    0,00    0,00    0,00  100,00
11:26:48      13    0,00    0,00    0,00    0,00    0,00    0,00    0,00    0,00    0,00  100,00
11:26:48      14    0,00    0,00    0,00    0,00    0,00    0,00    0,00    0,00    0,00  100,00
11:26:48      15    0,00    0,00    0,00    0,00    0,00    0,00    0,00    0,00    0,00  100,00
11:26:48      16    0,00    0,00    0,00    0,00    0,00    0,00    0,00    0,00    0,00  100,00
11:26:48      17    0,00    0,00    0,00    0,00    0,00    0,00    0,00    0,00    0,00  100,00
11:26:48      18    0,00    0,00    0,00    0,00    0,00    0,00    0,00    0,00    0,00  100,00
11:26:48      19    0,00    0,00    0,00    0,00    0,00    0,00    0,00    0,00    0,00  100,00
11:26:48      20    0,00    0,00    0,00    0,00    0,00    0,00    0,00    0,00    0,00  100,00
11:26:48      21    0,00    0,00    0,00    0,00    0,00    0,00    0,00    0,00    0,00  100,00
11:26:48      22    0,00    0,00    0,00    0,00    0,00    0,00    0,00    0,00    0,00  100,00
11:26:48      23    0,00    0,00    0,00    0,00    0,00    0,00    0,00    0,00    0,00  100,00

11:26:48     CPU    %usr   %nice    %sys %iowait    %irq   %soft  %steal  %guest  %gnice   %idle
11:26:49     all   29,73    0,00    0,50    0,00    0,00    0,00    0,00    0,00    0,00   69,77
11:26:49       0  100,00    0,00    0,00    0,00    0,00    0,00    0,00    0,00    0,00    0,00
11:26:49       1  100,00    0,00    0,00    0,00    0,00    0,00    0,00    0,00    0,00    0,00
11:26:49       2  100,00    0,00    0,00    0,00    0,00    0,00    0,00    0,00    0,00    0,00
11:26:49       3  100,00    0,00    0,00    0,00    0,00    0,00    0,00    0,00    0,00    0,00
11:26:49       4  100,00    0,00    0,00    0,00    0,00    0,00    0,00    0,00    0,00    0,00
11:26:49       5  100,00    0,00    0,00    0,00    0,00    0,00    0,00    0,00    0,00    0,00
11:26:49       6  100,00    0,00    0,00    0,00    0,00    0,00    0,00    0,00    0,00    0,00
11:26:49       7    0,00    0,00    0,00    0,00    0,00    0,00    0,00    0,00    0,00  100,00
11:26:49       8    0,00    0,00    0,00    0,00    0,00    0,00    0,00    0,00    0,00  100,00
11:26:49       9    0,00    0,00    0,00    0,00    0,00    0,00    0,00    0,00    0,00  100,00
11:26:49      10    0,00    0,00    0,00    0,00    0,00    0,00    0,00    0,00    0,00  100,00
11:26:49      11    0,00    0,00    0,00    0,00    0,00    0,00    0,00    0,00    0,00  100,00
11:26:49      12    0,00    0,00    0,00    0,00    0,00    0,00    0,00    0,00    0,00  100,00
11:26:49      13    0,00    0,00    0,00    0,00    0,00    0,00    0,00    0,00    0,00  100,00
11:26:49      14   13,13    0,00   12,12    0,00    0,00    0,00    0,00    0,00    0,00   74,75
11:26:49      15    0,00    0,00    0,00    0,00    0,00    0,00    0,00    0,00    0,00  100,00
11:26:49      16    0,00    0,00    0,00    0,00    0,00    0,00    0,00    0,00    0,00  100,00
11:26:49      17    0,00    0,00    0,00    0,00    0,00    0,00    0,00    0,00    0,00  100,00
11:26:49      18    0,00    0,00    0,00    0,00    0,00    0,00    0,00    0,00    0,00  100,00
11:26:49      19    0,00    0,00    0,00    0,00    0,00    0,00    0,00    0,00    0,00  100,00
11:26:49      20    0,00    0,00    0,00    0,00    0,00    0,00    0,00    0,00    0,00  100,00
11:26:49      21    0,00    0,00    0,00    0,00    0,00    0,00    0,00    0,00    0,00  100,00
11:26:49      22    0,00    0,00    0,00    0,00    0,00    0,00    0,00    0,00    0,00  100,00
11:26:49      23    0,00    0,00    0,00    0,00    0,00    0,00    0,00    0,00    0,00  100,00

11:26:49     CPU    %usr   %nice    %sys %iowait    %irq   %soft  %steal  %guest  %gnice   %idle
11:26:50     all   29,17    0,00    0,00    0,00    0,00    0,00    0,00    0,00    0,00   70,83
11:26:50       0  100,00    0,00    0,00    0,00    0,00    0,00    0,00    0,00    0,00    0,00
11:26:50       1  100,00    0,00    0,00    0,00    0,00    0,00    0,00    0,00    0,00    0,00
11:26:50       2  100,00    0,00    0,00    0,00    0,00    0,00    0,00    0,00    0,00    0,00
11:26:50       3  100,00    0,00    0,00    0,00    0,00    0,00    0,00    0,00    0,00    0,00
11:26:50       4  100,00    0,00    0,00    0,00    0,00    0,00    0,00    0,00    0,00    0,00
11:26:50       5  100,00    0,00    0,00    0,00    0,00    0,00    0,00    0,00    0,00    0,00
11:26:50       6  100,00    0,00    0,00    0,00    0,00    0,00    0,00    0,00    0,00    0,00
11:26:50       7    0,00    0,00    0,00    0,00    0,00    0,00    0,00    0,00    0,00  100,00
11:26:50       8    0,00    0,00    0,00    0,00    0,00    0,00    0,00    0,00    0,00  100,00
11:26:50       9    0,00    0,00    0,00    0,00    0,00    0,00    0,00    0,00    0,00  100,00
11:26:50      10    0,00    0,00    0,00    0,00    0,00    0,00    0,00    0,00    0,00  100,00
11:26:50      11    0,00    0,00    0,00    0,00    0,00    0,00    0,00    0,00    0,00  100,00
11:26:50      12    0,00    0,00    0,00    0,00    0,00    0,00    0,00    0,00    0,00  100,00
11:26:50      13    0,00    0,00    0,00    0,00    0,00    0,00    0,00    0,00    0,00  100,00
11:26:50      14    0,00    0,00    0,00    0,00    0,00    0,00    0,00    0,00    0,00  100,00
11:26:50      15    0,00    0,00    0,00    0,00    0,00    0,00    0,00    0,00    0,00  100,00
11:26:50      16    0,00    0,00    0,00    0,00    0,00    0,00    0,00    0,00    0,00  100,00
11:26:50      17    0,00    0,00    0,00    0,00    0,00    0,00    0,00    0,00    0,00  100,00
11:26:50      18    0,00    0,00    0,00    0,00    0,00    0,00    0,00    0,00    0,00  100,00
11:26:50      19    0,00    0,00    0,00    0,00    0,00    0,00    0,00    0,00    0,00  100,00
11:26:50      20    0,00    0,00    0,00    0,00    0,00    0,00    0,00    0,00    0,00  100,00
11:26:50      21    0,00    0,00    0,00    0,00    0,00    0,00    0,00    0,00    0,00  100,00
11:26:50      22    0,00    0,00    0,00    0,00    0,00    0,00    0,00    0,00    0,00  100,00
11:26:50      23    0,00    0,00    0,00    0,00    0,00    0,00    0,00    0,00    0,00  100,00
