Linux 6.8.0-111-generic (testbed-node4) 	13/05/26 	_x86_64_	(24 CPU)

15:15:03     CPU    %usr   %nice    %sys %iowait    %irq   %soft  %steal  %guest  %gnice   %idle
15:15:04     all   29,17    0,00    0,04    0,00    0,00    0,00    0,00    0,00    0,00   70,79
15:15:04       0  100,00    0,00    0,00    0,00    0,00    0,00    0,00    0,00    0,00    0,00
15:15:04       1  100,00    0,00    0,00    0,00    0,00    0,00    0,00    0,00    0,00    0,00
15:15:04       2  100,00    0,00    0,00    0,00    0,00    0,00    0,00    0,00    0,00    0,00
15:15:04       3  100,00    0,00    0,00    0,00    0,00    0,00    0,00    0,00    0,00    0,00
15:15:04       4  100,00    0,00    0,00    0,00    0,00    0,00    0,00    0,00    0,00    0,00
15:15:04       5  100,00    0,00    0,00    0,00    0,00    0,00    0,00    0,00    0,00    0,00
15:15:04       6  100,00    0,00    0,00    0,00    0,00    0,00    0,00    0,00    0,00    0,00
15:15:04       7    0,00    0,00    0,00    0,00    0,00    0,00    0,00    0,00    0,00  100,00
15:15:04       8    0,00    0,00    0,00    0,00    0,00    0,00    0,00    0,00    0,00  100,00
15:15:04       9    0,00    0,00    0,00    0,00    0,00    0,00    0,00    0,00    0,00  100,00
15:15:04      10    0,00    0,00    0,00    0,00    0,00    0,00    0,00    0,00    0,00  100,00
15:15:04      11    0,00    0,00    0,00    0,00    0,00    0,00    0,00    0,00    0,00  100,00
15:15:04      12    1,00    0,00    0,00    0,00    0,00    0,00    0,00    0,00    0,00   99,00
15:15:04      13    0,00    0,00    0,00    0,00    0,00    0,00    0,00    0,00    0,00  100,00
15:15:04      14    0,00    0,00    0,00    0,00    0,00    0,00    0,00    0,00    0,00  100,00
15:15:04      15    0,00    0,00    0,00    0,00    0,00    0,00    0,00    0,00    0,00  100,00
15:15:04      16    0,00    0,00    0,00    0,00    0,00    0,00    0,00    0,00    0,00  100,00
15:15:04      17    0,00    0,00    0,00    0,00    0,00    0,00    0,00    0,00    0,00  100,00
15:15:04      18    0,00    0,00    0,00    0,00    0,00    0,00    0,00    0,00    0,00  100,00
15:15:04      19    0,00    0,00    0,00    0,00    0,00    0,00    0,00    0,00    0,00  100,00
15:15:04      20    0,00    0,00    0,00    0,00    0,00    0,00    0,00    0,00    0,00  100,00
15:15:04      21    0,00    0,00    0,99    0,00    0,00    0,00    0,00    0,00    0,00   99,01
15:15:04      22    0,00    0,00    0,00    0,00    0,00    0,00    0,00    0,00    0,00  100,00
15:15:04      23    0,00    0,00    0,00    0,00    0,00    0,00    0,00    0,00    0,00  100,00

15:15:04     CPU    %usr   %nice    %sys %iowait    %irq   %soft  %steal  %guest  %gnice   %idle
15:15:05     all   29,18    0,00    0,00    0,00    0,00    0,00    0,00    0,00    0,00   70,82
15:15:05       0  100,00    0,00    0,00    0,00    0,00    0,00    0,00    0,00    0,00    0,00
15:15:05       1  100,00    0,00    0,00    0,00    0,00    0,00    0,00    0,00    0,00    0,00
15:15:05       2  100,00    0,00    0,00    0,00    0,00    0,00    0,00    0,00    0,00    0,00
15:15:05       3  100,00    0,00    0,00    0,00    0,00    0,00    0,00    0,00    0,00    0,00
15:15:05       4  100,00    0,00    0,00    0,00    0,00    0,00    0,00    0,00    0,00    0,00
15:15:05       5  100,00    0,00    0,00    0,00    0,00    0,00    0,00    0,00    0,00    0,00
15:15:05       6  100,00    0,00    0,00    0,00    0,00    0,00    0,00    0,00    0,00    0,00
15:15:05       7    0,00    0,00    0,00    0,00    0,00    0,00    0,00    0,00    0,00  100,00
15:15:05       8    0,00    0,00    0,00    0,00    0,00    0,00    0,00    0,00    0,00  100,00
15:15:05       9    0,00    0,00    0,00    0,00    0,00    0,00    0,00    0,00    0,00  100,00
15:15:05      10    0,00    0,00    0,00    0,00    0,00    0,00    0,00    0,00    0,00  100,00
15:15:05      11    0,00    0,00    0,00    0,00    0,00    0,00    0,00    0,00    0,00  100,00
15:15:05      12    0,00    0,00    0,00    0,00    0,00    0,00    0,00    0,00    0,00  100,00
15:15:05      13    0,00    0,00    0,00    0,00    0,00    0,00    0,00    0,00    0,00  100,00
15:15:05      14    0,00    0,00    0,00    0,00    0,00    0,00    0,00    0,00    0,00  100,00
15:15:05      15    0,00    0,00    0,00    0,00    0,00    0,00    0,00    0,00    0,00  100,00
15:15:05      16    0,00    0,00    0,00    0,00    0,00    0,00    0,00    0,00    0,00  100,00
15:15:05      17    0,00    0,00    0,00    0,00    0,00    0,00    0,00    0,00    0,00  100,00
15:15:05      18    0,00    0,00    0,00    0,00    0,00    0,00    0,00    0,00    0,00  100,00
15:15:05      19    0,00    0,00    0,00    0,00    0,00    0,00    0,00    0,00    0,00  100,00
15:15:05      20    0,00    0,00    0,00    0,00    0,00    0,00    0,00    0,00    0,00  100,00
15:15:05      21    0,00    0,00    0,00    0,00    0,00    0,00    0,00    0,00    0,00  100,00
15:15:05      22    0,00    0,00    0,00    0,00    0,00    0,00    0,00    0,00    0,00  100,00
15:15:05      23    0,00    0,00    0,00    0,00    0,00    0,00    0,00    0,00    0,00  100,00

15:15:05     CPU    %usr   %nice    %sys %iowait    %irq   %soft  %steal  %guest  %gnice   %idle
15:15:06     all   29,54    0,00    0,12    0,08    0,00    0,00    0,00    0,00    0,00   70,25
15:15:06       0  100,00    0,00    0,00    0,00    0,00    0,00    0,00    0,00    0,00    0,00
15:15:06       1  100,00    0,00    0,00    0,00    0,00    0,00    0,00    0,00    0,00    0,00
15:15:06       2  100,00    0,00    0,00    0,00    0,00    0,00    0,00    0,00    0,00    0,00
15:15:06       3  100,00    0,00    0,00    0,00    0,00    0,00    0,00    0,00    0,00    0,00
15:15:06       4  100,00    0,00    0,00    0,00    0,00    0,00    0,00    0,00    0,00    0,00
15:15:06       5  100,00    0,00    0,00    0,00    0,00    0,00    0,00    0,00    0,00    0,00
15:15:06       6  100,00    0,00    0,00    0,00    0,00    0,00    0,00    0,00    0,00    0,00
15:15:06       7    0,00    0,00    0,00    0,00    0,00    0,00    0,00    0,00    0,00  100,00
15:15:06       8    0,00    0,00    0,00    0,00    0,00    0,00    0,00    0,00    0,00  100,00
15:15:06       9    0,00    0,00    0,00    0,00    0,00    0,00    0,00    0,00    0,00  100,00
15:15:06      10    0,00    0,00    0,00    0,00    0,00    0,00    0,00    0,00    0,00  100,00
15:15:06      11    0,00    0,00    0,00    0,00    0,00    0,00    0,00    0,00    0,00  100,00
15:15:06      12    6,06    0,00    0,00    0,00    0,00    0,00    0,00    0,00    0,00   93,94
15:15:06      13    0,00    0,00    0,00    0,00    0,00    0,00    0,00    0,00    0,00  100,00
15:15:06      14    0,00    0,00    0,00    1,00    0,00    0,00    0,00    0,00    0,00   99,00
15:15:06      15    0,00    0,00    0,00    0,00    0,00    0,00    0,00    0,00    0,00  100,00
15:15:06      16    0,00    0,00    0,00    0,00    0,00    0,00    0,00    0,00    0,00  100,00
15:15:06      17    0,00    0,00    0,00    0,00    0,00    0,00    0,00    0,00    0,00  100,00
15:15:06      18    0,00    0,00    0,00    0,00    0,00    0,00    0,00    0,00    0,00  100,00
15:15:06      19    0,00    0,00    1,00    1,00    0,00    0,00    0,00    0,00    0,00   98,00
15:15:06      20    0,98    0,00    0,98    0,00    0,00    0,00    0,00    0,00    0,00   98,04
15:15:06      21    0,00    0,00    0,00    0,00    0,00    0,00    0,00    0,00    0,00  100,00
15:15:06      22    1,98    0,00    0,99    0,00    0,00    0,00    0,00    0,00    0,00   97,03
15:15:06      23    0,00    0,00    0,00    0,00    0,00    0,00    0,00    0,00    0,00  100,00

15:15:06     CPU    %usr   %nice    %sys %iowait    %irq   %soft  %steal  %guest  %gnice   %idle
15:15:07     all   29,26    0,00    0,00    0,00    0,00    0,00    0,00    0,00    0,00   70,74
15:15:07       0  100,00    0,00    0,00    0,00    0,00    0,00    0,00    0,00    0,00    0,00
15:15:07       1  100,00    0,00    0,00    0,00    0,00    0,00    0,00    0,00    0,00    0,00
15:15:07       2  100,00    0,00    0,00    0,00    0,00    0,00    0,00    0,00    0,00    0,00
15:15:07       3  100,00    0,00    0,00    0,00    0,00    0,00    0,00    0,00    0,00    0,00
15:15:07       4  100,00    0,00    0,00    0,00    0,00    0,00    0,00    0,00    0,00    0,00
15:15:07       5  100,00    0,00    0,00    0,00    0,00    0,00    0,00    0,00    0,00    0,00
15:15:07       6  100,00    0,00    0,00    0,00    0,00    0,00    0,00    0,00    0,00    0,00
15:15:07       7    0,00    0,00    0,00    0,00    0,00    0,00    0,00    0,00    0,00  100,00
15:15:07       8    0,00    0,00    0,00    0,00    0,00    0,00    0,00    0,00    0,00  100,00
15:15:07       9    0,00    0,00    0,00    0,00    0,00    0,00    0,00    0,00    0,00  100,00
15:15:07      10    0,00    0,00    0,00    0,00    0,00    0,00    0,00    0,00    0,00  100,00
15:15:07      11    0,00    0,00    0,00    0,00    0,00    0,00    0,00    0,00    0,00  100,00
15:15:07      12    0,00    0,00    0,00    0,00    0,00    0,00    0,00    0,00    0,00  100,00
15:15:07      13    0,00    0,00    0,00    0,00    0,00    0,00    0,00    0,00    0,00  100,00
15:15:07      14    0,00    0,00    0,00    0,00    0,00    0,00    0,00    0,00    0,00  100,00
15:15:07      15    0,00    0,00    0,00    0,00    0,00    0,00    0,00    0,00    0,00  100,00
15:15:07      16    1,01    0,00    0,00    0,00    0,00    0,00    0,00    0,00    0,00   98,99
15:15:07      17    0,00    0,00    0,00    0,00    0,00    0,00    0,00    0,00    0,00  100,00
15:15:07      18    0,00    0,00    0,00    0,00    0,00    0,00    0,00    0,00    0,00  100,00
15:15:07      19    0,00    0,00    0,00    0,00    0,00    0,00    0,00    0,00    0,00  100,00
15:15:07      20    0,00    0,00    0,00    0,00    0,00    0,00    0,00    0,00    0,00  100,00
15:15:07      21    0,00    0,00    0,00    0,00    0,00    0,00    0,00    0,00    0,00  100,00
15:15:07      22    0,00    0,00    0,00    0,00    0,00    0,00    0,00    0,00    0,00  100,00
15:15:07      23    0,00    0,00    0,00    0,00    0,00    0,00    0,00    0,00    0,00  100,00

15:15:07     CPU    %usr   %nice    %sys %iowait    %irq   %soft  %steal  %guest  %gnice   %idle
15:15:08     all   29,17    0,00    0,00    0,08    0,00    0,00    0,00    0,00    0,00   70,75
15:15:08       0  100,00    0,00    0,00    0,00    0,00    0,00    0,00    0,00    0,00    0,00
15:15:08       1  100,00    0,00    0,00    0,00    0,00    0,00    0,00    0,00    0,00    0,00
15:15:08       2  100,00    0,00    0,00    0,00    0,00    0,00    0,00    0,00    0,00    0,00
15:15:08       3  100,00    0,00    0,00    0,00    0,00    0,00    0,00    0,00    0,00    0,00
15:15:08       4  100,00    0,00    0,00    0,00    0,00    0,00    0,00    0,00    0,00    0,00
15:15:08       5  100,00    0,00    0,00    0,00    0,00    0,00    0,00    0,00    0,00    0,00
15:15:08       6  100,00    0,00    0,00    0,00    0,00    0,00    0,00    0,00    0,00    0,00
15:15:08       7    0,00    0,00    0,00    0,00    0,00    0,00    0,00    0,00    0,00  100,00
15:15:08       8    0,00    0,00    0,00    0,00    0,00    0,00    0,00    0,00    0,00  100,00
15:15:08       9    0,00    0,00    0,00    0,00    0,00    0,00    0,00    0,00    0,00  100,00
15:15:08      10    0,00    0,00    0,00    2,00    0,00    0,00    0,00    0,00    0,00   98,00
15:15:08      11    0,00    0,00    0,00    0,00    0,00    0,00    0,00    0,00    0,00  100,00
15:15:08      12    0,00    0,00    0,00    0,00    0,00    0,00    0,00    0,00    0,00  100,00
15:15:08      13    0,00    0,00    0,00    0,00    0,00    0,00    0,00    0,00    0,00  100,00
15:15:08      14    0,00    0,00    0,00    0,00    0,00    0,00    0,00    0,00    0,00  100,00
15:15:08      15    0,00    0,00    0,00    0,00    0,00    0,00    0,00    0,00    0,00  100,00
15:15:08      16    0,00    0,00    0,00    0,00    0,00    0,00    0,00    0,00    0,00  100,00
15:15:08      17    0,00    0,00    0,00    0,00    0,00    0,00    0,00    0,00    0,00  100,00
15:15:08      18    0,00    0,00    0,00    0,00    0,00    0,00    0,00    0,00    0,00  100,00
15:15:08      19    0,00    0,00    0,00    0,00    0,00    0,00    0,00    0,00    0,00  100,00
15:15:08      20    0,00    0,00    0,00    0,00    0,00    0,00    0,00    0,00    0,00  100,00
15:15:08      21    0,00    0,00    0,00    0,00    0,00    0,00    0,00    0,00    0,00  100,00
15:15:08      22    0,00    0,00    0,00    0,00    0,00    0,00    0,00    0,00    0,00  100,00
15:15:08      23    0,00    0,00    0,00    0,00    0,00    0,00    0,00    0,00    0,00  100,00

15:15:08     CPU    %usr   %nice    %sys %iowait    %irq   %soft  %steal  %guest  %gnice   %idle
15:15:09     all   29,18    0,00    0,04    0,00    0,00    0,00    0,00    0,00    0,00   70,78
15:15:09       0   99,01    0,00    0,99    0,00    0,00    0,00    0,00    0,00    0,00    0,00
15:15:09       1  100,00    0,00    0,00    0,00    0,00    0,00    0,00    0,00    0,00    0,00
15:15:09       2  100,00    0,00    0,00    0,00    0,00    0,00    0,00    0,00    0,00    0,00
15:15:09       3  100,00    0,00    0,00    0,00    0,00    0,00    0,00    0,00    0,00    0,00
15:15:09       4  100,00    0,00    0,00    0,00    0,00    0,00    0,00    0,00    0,00    0,00
15:15:09       5  100,00    0,00    0,00    0,00    0,00    0,00    0,00    0,00    0,00    0,00
15:15:09       6  100,00    0,00    0,00    0,00    0,00    0,00    0,00    0,00    0,00    0,00
15:15:09       7    0,00    0,00    0,00    0,00    0,00    0,00    0,00    0,00    0,00  100,00
15:15:09       8    0,00    0,00    0,00    0,00    0,00    0,00    0,00    0,00    0,00  100,00
15:15:09       9    0,00    0,00    0,00    0,00    0,00    0,00    0,00    0,00    0,00  100,00
15:15:09      10    0,00    0,00    0,00    0,00    0,00    0,00    0,00    0,00    0,00  100,00
15:15:09      11    0,00    0,00    0,00    0,00    0,00    0,00    0,00    0,00    0,00  100,00
15:15:09      12    0,00    0,00    0,00    0,00    0,00    0,00    0,00    0,00    0,00  100,00
15:15:09      13    0,00    0,00    0,00    0,00    0,00    0,00    0,00    0,00    0,00  100,00
15:15:09      14    0,00    0,00    0,00    0,00    0,00    0,00    0,00    0,00    0,00  100,00
15:15:09      15    0,00    0,00    0,00    0,00    0,00    0,00    0,00    0,00    0,00  100,00
15:15:09      16    0,00    0,00    0,00    0,00    0,00    0,00    0,00    0,00    0,00  100,00
15:15:09      17    0,00    0,00    0,00    0,00    0,00    0,00    0,00    0,00    0,00  100,00
15:15:09      18    0,00    0,00    0,00    0,00    0,00    0,00    0,00    0,00    0,00  100,00
15:15:09      19    0,00    0,00    0,00    0,00    0,00    0,00    0,00    0,00    0,00  100,00
15:15:09      20    0,00    0,00    0,00    0,00    0,00    0,00    0,00    0,00    0,00  100,00
15:15:09      21    0,00    0,00    0,00    0,00    0,00    0,00    0,00    0,00    0,00  100,00
15:15:09      22    0,00    0,00    0,00    0,00    0,00    0,00    0,00    0,00    0,00  100,00
15:15:09      23    0,00    0,00    0,00    0,00    0,00    0,00    0,00    0,00    0,00  100,00

15:15:09     CPU    %usr   %nice    %sys %iowait    %irq   %soft  %steal  %guest  %gnice   %idle
15:15:10     all   29,17    0,00    0,00    0,00    0,00    0,00    0,00    0,00    0,00   70,83
15:15:10       0  100,00    0,00    0,00    0,00    0,00    0,00    0,00    0,00    0,00    0,00
15:15:10       1  100,00    0,00    0,00    0,00    0,00    0,00    0,00    0,00    0,00    0,00
15:15:10       2  100,00    0,00    0,00    0,00    0,00    0,00    0,00    0,00    0,00    0,00
15:15:10       3  100,00    0,00    0,00    0,00    0,00    0,00    0,00    0,00    0,00    0,00
15:15:10       4  100,00    0,00    0,00    0,00    0,00    0,00    0,00    0,00    0,00    0,00
15:15:10       5  100,00    0,00    0,00    0,00    0,00    0,00    0,00    0,00    0,00    0,00
15:15:10       6  100,00    0,00    0,00    0,00    0,00    0,00    0,00    0,00    0,00    0,00
15:15:10       7    0,00    0,00    0,00    0,00    0,00    0,00    0,00    0,00    0,00  100,00
15:15:10       8    0,00    0,00    0,00    0,00    0,00    0,00    0,00    0,00    0,00  100,00
15:15:10       9    0,00    0,00    0,00    0,00    0,00    0,00    0,00    0,00    0,00  100,00
15:15:10      10    0,00    0,00    0,00    0,00    0,00    0,00    0,00    0,00    0,00  100,00
15:15:10      11    0,00    0,00    0,00    0,00    0,00    0,00    0,00    0,00    0,00  100,00
15:15:10      12    0,00    0,00    0,00    0,00    0,00    0,00    0,00    0,00    0,00  100,00
15:15:10      13    0,00    0,00    0,00    0,00    0,00    0,00    0,00    0,00    0,00  100,00
15:15:10      14    0,00    0,00    0,00    0,00    0,00    0,00    0,00    0,00    0,00  100,00
15:15:10      15    0,00    0,00    0,00    0,00    0,00    0,00    0,00    0,00    0,00  100,00
15:15:10      16    0,00    0,00    0,00    0,00    0,00    0,00    0,00    0,00    0,00  100,00
15:15:10      17    0,00    0,00    0,00    0,00    0,00    0,00    0,00    0,00    0,00  100,00
15:15:10      18    0,00    0,00    0,00    0,00    0,00    0,00    0,00    0,00    0,00  100,00
15:15:10      19    0,00    0,00    0,00    0,00    0,00    0,00    0,00    0,00    0,00  100,00
15:15:10      20    0,00    0,00    0,00    0,00    0,00    0,00    0,00    0,00    0,00  100,00
15:15:10      21    0,00    0,00    0,00    0,00    0,00    0,00    0,00    0,00    0,00  100,00
15:15:10      22    0,00    0,00    0,00    0,00    0,00    0,00    0,00    0,00    0,00  100,00
15:15:10      23    0,00    0,00    0,00    0,00    0,00    0,00    0,00    0,00    0,00  100,00

15:15:10     CPU    %usr   %nice    %sys %iowait    %irq   %soft  %steal  %guest  %gnice   %idle
15:15:11     all   29,57    0,00    0,33    0,00    0,00    0,00    0,00    0,00    0,00   70,10
15:15:11       0  100,00    0,00    0,00    0,00    0,00    0,00    0,00    0,00    0,00    0,00
15:15:11       1  100,00    0,00    0,00    0,00    0,00    0,00    0,00    0,00    0,00    0,00
15:15:11       2  100,00    0,00    0,00    0,00    0,00    0,00    0,00    0,00    0,00    0,00
15:15:11       3  100,00    0,00    0,00    0,00    0,00    0,00    0,00    0,00    0,00    0,00
15:15:11       4  100,00    0,00    0,00    0,00    0,00    0,00    0,00    0,00    0,00    0,00
15:15:11       5  100,00    0,00    0,00    0,00    0,00    0,00    0,00    0,00    0,00    0,00
15:15:11       6  100,00    0,00    0,00    0,00    0,00    0,00    0,00    0,00    0,00    0,00
15:15:11       7    0,00    0,00    0,00    0,00    0,00    0,00    0,00    0,00    0,00  100,00
15:15:11       8    0,00    0,00    0,00    0,00    0,00    0,00    0,00    0,00    0,00  100,00
15:15:11       9    0,00    0,00    0,00    0,00    0,00    0,00    0,00    0,00    0,00  100,00
15:15:11      10    0,00    0,00    0,00    0,00    0,00    0,00    0,00    0,00    0,00  100,00
15:15:11      11    0,00    0,00    0,00    0,00    0,00    0,00    0,00    0,00    0,00  100,00
15:15:11      12    9,90    0,00    7,92    0,00    0,00    0,00    0,00    0,00    0,00   82,18
15:15:11      13    0,00    0,00    0,00    0,00    0,00    0,00    0,00    0,00    0,00  100,00
15:15:11      14    0,00    0,00    0,00    0,00    0,00    0,00    0,00    0,00    0,00  100,00
15:15:11      15    0,00    0,00    0,00    0,00    0,00    0,00    0,00    0,00    0,00  100,00
15:15:11      16    0,00    0,00    0,00    0,00    0,00    0,00    0,00    0,00    0,00  100,00
15:15:11      17    0,00    0,00    0,00    0,00    0,00    0,00    0,00    0,00    0,00  100,00
15:15:11      18    0,00    0,00    0,00    0,00    0,00    0,00    0,00    0,00    0,00  100,00
15:15:11      19    0,00    0,00    0,00    0,00    0,00    0,00    0,00    0,00    0,00  100,00
15:15:11      20    0,00    0,00    0,00    0,00    0,00    0,00    0,00    0,00    0,00  100,00
15:15:11      21    0,00    0,00    0,00    0,00    0,00    0,00    0,00    0,00    0,00  100,00
15:15:11      22    0,00    0,00    0,00    0,00    0,00    0,00    0,00    0,00    0,00  100,00
15:15:11      23    0,00    0,00    0,00    0,00    0,00    0,00    0,00    0,00    0,00  100,00

15:15:11     CPU    %usr   %nice    %sys %iowait    %irq   %soft  %steal  %guest  %gnice   %idle
15:15:12     all   29,17    0,00    0,00    0,00    0,00    0,00    0,00    0,00    0,00   70,83
15:15:12       0  100,00    0,00    0,00    0,00    0,00    0,00    0,00    0,00    0,00    0,00
15:15:12       1  100,00    0,00    0,00    0,00    0,00    0,00    0,00    0,00    0,00    0,00
15:15:12       2  100,00    0,00    0,00    0,00    0,00    0,00    0,00    0,00    0,00    0,00
15:15:12       3  100,00    0,00    0,00    0,00    0,00    0,00    0,00    0,00    0,00    0,00
15:15:12       4  100,00    0,00    0,00    0,00    0,00    0,00    0,00    0,00    0,00    0,00
15:15:12       5  100,00    0,00    0,00    0,00    0,00    0,00    0,00    0,00    0,00    0,00
15:15:12       6  100,00    0,00    0,00    0,00    0,00    0,00    0,00    0,00    0,00    0,00
15:15:12       7    0,00    0,00    0,00    0,00    0,00    0,00    0,00    0,00    0,00  100,00
15:15:12       8    0,00    0,00    0,00    0,00    0,00    0,00    0,00    0,00    0,00  100,00
15:15:12       9    0,00    0,00    0,00    0,00    0,00    0,00    0,00    0,00    0,00  100,00
15:15:12      10    0,00    0,00    0,00    0,00    0,00    0,00    0,00    0,00    0,00  100,00
15:15:12      11    0,00    0,00    0,00    0,00    0,00    0,00    0,00    0,00    0,00  100,00
15:15:12      12    0,00    0,00    0,00    0,00    0,00    0,00    0,00    0,00    0,00  100,00
15:15:12      13    0,00    0,00    0,00    0,00    0,00    0,00    0,00    0,00    0,00  100,00
15:15:12      14    0,00    0,00    0,00    0,00    0,00    0,00    0,00    0,00    0,00  100,00
15:15:12      15    0,00    0,00    0,00    0,00    0,00    0,00    0,00    0,00    0,00  100,00
15:15:12      16    0,00    0,00    0,00    0,00    0,00    0,00    0,00    0,00    0,00  100,00
15:15:12      17    0,00    0,00    0,00    0,00    0,00    0,00    0,00    0,00    0,00  100,00
15:15:12      18    0,00    0,00    0,00    0,00    0,00    0,00    0,00    0,00    0,00  100,00
15:15:12      19    0,00    0,00    0,00    0,00    0,00    0,00    0,00    0,00    0,00  100,00
15:15:12      20    0,00    0,00    0,00    0,00    0,00    0,00    0,00    0,00    0,00  100,00
15:15:12      21    0,00    0,00    0,00    0,00    0,00    0,00    0,00    0,00    0,00  100,00
15:15:12      22    0,00    0,00    0,00    0,00    0,00    0,00    0,00    0,00    0,00  100,00
15:15:12      23    0,00    0,00    0,00    0,00    0,00    0,00    0,00    0,00    0,00  100,00

15:15:12     CPU    %usr   %nice    %sys %iowait    %irq   %soft  %steal  %guest  %gnice   %idle
15:15:13     all   29,15    0,00    0,04    0,04    0,00    0,00    0,00    0,00    0,00   70,76
15:15:13       0  100,00    0,00    0,00    0,00    0,00    0,00    0,00    0,00    0,00    0,00
15:15:13       1  100,00    0,00    0,00    0,00    0,00    0,00    0,00    0,00    0,00    0,00
15:15:13       2  100,00    0,00    0,00    0,00    0,00    0,00    0,00    0,00    0,00    0,00
15:15:13       3  100,00    0,00    0,00    0,00    0,00    0,00    0,00    0,00    0,00    0,00
15:15:13       4  100,00    0,00    0,00    0,00    0,00    0,00    0,00    0,00    0,00    0,00
15:15:13       5  100,00    0,00    0,00    0,00    0,00    0,00    0,00    0,00    0,00    0,00
15:15:13       6  100,00    0,00    0,00    0,00    0,00    0,00    0,00    0,00    0,00    0,00
15:15:13       7    0,00    0,00    0,00    0,00    0,00    0,00    0,00    0,00    0,00  100,00
15:15:13       8    0,00    0,00    0,00    0,00    0,00    0,00    0,00    0,00    0,00  100,00
15:15:13       9    0,00    0,00    0,00    0,00    0,00    0,00    0,00    0,00    0,00  100,00
15:15:13      10    0,00    0,00    0,00    0,00    0,00    0,00    0,00    0,00    0,00  100,00
15:15:13      11    0,00    0,00    0,99    0,00    0,00    0,00    0,00    0,00    0,00   99,01
15:15:13      12    0,00    0,00    0,00    0,00    0,00    0,00    0,00    0,00    0,00  100,00
15:15:13      13    0,00    0,00    0,00    0,00    0,00    0,00    0,00    0,00    0,00  100,00
15:15:13      14    0,00    0,00    0,00    0,00    0,00    0,00    0,00    0,00    0,00  100,00
15:15:13      15    0,00    0,00    0,00    0,00    0,00    0,00    0,00    0,00    0,00  100,00
15:15:13      16    0,00    0,00    0,00    1,00    0,00    0,00    0,00    0,00    0,00   99,00
15:15:13      17    0,00    0,00    0,00    0,00    0,00    0,00    0,00    0,00    0,00  100,00
15:15:13      18    0,00    0,00    0,00    0,00    0,00    0,00    0,00    0,00    0,00  100,00
15:15:13      19    0,00    0,00    0,00    0,00    0,00    0,00    0,00    0,00    0,00  100,00
15:15:13      20    0,00    0,00    0,00    0,00    0,00    0,00    0,00    0,00    0,00  100,00
15:15:13      21    0,00    0,00    0,00    0,00    0,00    0,00    0,00    0,00    0,00  100,00
15:15:13      22    0,00    0,00    0,00    0,00    0,00    0,00    0,00    0,00    0,00  100,00
15:15:13      23    0,00    0,00    0,00    0,00    0,00    0,00    0,00    0,00    0,00  100,00

15:15:13     CPU    %usr   %nice    %sys %iowait    %irq   %soft  %steal  %guest  %gnice   %idle
15:15:14     all   29,18    0,00    0,00    0,04    0,00    0,00    0,00    0,00    0,00   70,78
15:15:14       0  100,00    0,00    0,00    0,00    0,00    0,00    0,00    0,00    0,00    0,00
15:15:14       1  100,00    0,00    0,00    0,00    0,00    0,00    0,00    0,00    0,00    0,00
15:15:14       2  100,00    0,00    0,00    0,00    0,00    0,00    0,00    0,00    0,00    0,00
15:15:14       3  100,00    0,00    0,00    0,00    0,00    0,00    0,00    0,00    0,00    0,00
15:15:14       4  100,00    0,00    0,00    0,00    0,00    0,00    0,00    0,00    0,00    0,00
15:15:14       5  100,00    0,00    0,00    0,00    0,00    0,00    0,00    0,00    0,00    0,00
15:15:14       6  100,00    0,00    0,00    0,00    0,00    0,00    0,00    0,00    0,00    0,00
15:15:14       7    0,00    0,00    0,00    0,00    0,00    0,00    0,00    0,00    0,00  100,00
15:15:14       8    0,00    0,00    0,00    0,00    0,00    0,00    0,00    0,00    0,00  100,00
15:15:14       9    0,00    0,00    0,00    0,00    0,00    0,00    0,00    0,00    0,00  100,00
15:15:14      10    0,00    0,00    0,00    1,00    0,00    0,00    0,00    0,00    0,00   99,00
15:15:14      11    0,00    0,00    0,00    0,00    0,00    0,00    0,00    0,00    0,00  100,00
15:15:14      12    0,00    0,00    0,00    0,00    0,00    0,00    0,00    0,00    0,00  100,00
15:15:14      13    0,00    0,00    0,00    0,00    0,00    0,00    0,00    0,00    0,00  100,00
15:15:14      14    0,00    0,00    0,00    0,00    0,00    0,00    0,00    0,00    0,00  100,00
15:15:14      15    0,00    0,00    0,00    0,00    0,00    0,00    0,00    0,00    0,00  100,00
15:15:14      16    0,00    0,00    0,00    0,00    0,00    0,00    0,00    0,00    0,00  100,00
15:15:14      17    0,00    0,00    0,00    0,00    0,00    0,00    0,00    0,00    0,00  100,00
15:15:14      18    0,00    0,00    0,00    0,00    0,00    0,00    0,00    0,00    0,00  100,00
15:15:14      19    0,00    0,00    0,00    0,00    0,00    0,00    0,00    0,00    0,00  100,00
15:15:14      20    0,00    0,00    0,00    0,00    0,00    0,00    0,00    0,00    0,00  100,00
15:15:14      21    0,00    0,00    0,00    0,00    0,00    0,00    0,00    0,00    0,00  100,00
15:15:14      22    0,00    0,00    0,00    0,00    0,00    0,00    0,00    0,00    0,00  100,00
15:15:14      23    0,00    0,00    0,00    0,00    0,00    0,00    0,00    0,00    0,00  100,00

15:15:14     CPU    %usr   %nice    %sys %iowait    %irq   %soft  %steal  %guest  %gnice   %idle
15:15:15     all   29,17    0,00    0,00    0,00    0,00    0,00    0,00    0,00    0,00   70,83
15:15:15       0  100,00    0,00    0,00    0,00    0,00    0,00    0,00    0,00    0,00    0,00
15:15:15       1  100,00    0,00    0,00    0,00    0,00    0,00    0,00    0,00    0,00    0,00
15:15:15       2  100,00    0,00    0,00    0,00    0,00    0,00    0,00    0,00    0,00    0,00
15:15:15       3  100,00    0,00    0,00    0,00    0,00    0,00    0,00    0,00    0,00    0,00
15:15:15       4  100,00    0,00    0,00    0,00    0,00    0,00    0,00    0,00    0,00    0,00
15:15:15       5  100,00    0,00    0,00    0,00    0,00    0,00    0,00    0,00    0,00    0,00
15:15:15       6  100,00    0,00    0,00    0,00    0,00    0,00    0,00    0,00    0,00    0,00
15:15:15       7    0,00    0,00    0,00    0,00    0,00    0,00    0,00    0,00    0,00  100,00
15:15:15       8    0,00    0,00    0,00    0,00    0,00    0,00    0,00    0,00    0,00  100,00
15:15:15       9    0,00    0,00    0,00    0,00    0,00    0,00    0,00    0,00    0,00  100,00
15:15:15      10    0,00    0,00    0,00    0,00    0,00    0,00    0,00    0,00    0,00  100,00
15:15:15      11    0,00    0,00    0,00    0,00    0,00    0,00    0,00    0,00    0,00  100,00
15:15:15      12    0,00    0,00    0,00    0,00    0,00    0,00    0,00    0,00    0,00  100,00
15:15:15      13    0,00    0,00    0,00    0,00    0,00    0,00    0,00    0,00    0,00  100,00
15:15:15      14    0,00    0,00    0,00    0,00    0,00    0,00    0,00    0,00    0,00  100,00
15:15:15      15    0,00    0,00    0,00    0,00    0,00    0,00    0,00    0,00    0,00  100,00
15:15:15      16    0,00    0,00    0,00    0,00    0,00    0,00    0,00    0,00    0,00  100,00
15:15:15      17    0,00    0,00    0,00    0,00    0,00    0,00    0,00    0,00    0,00  100,00
15:15:15      18    0,00    0,00    0,00    0,00    0,00    0,00    0,00    0,00    0,00  100,00
15:15:15      19    0,00    0,00    0,00    0,00    0,00    0,00    0,00    0,00    0,00  100,00
15:15:15      20    0,00    0,00    0,00    0,00    0,00    0,00    0,00    0,00    0,00  100,00
15:15:15      21    0,00    0,00    0,00    0,00    0,00    0,00    0,00    0,00    0,00  100,00
15:15:15      22    0,00    0,00    0,00    0,00    0,00    0,00    0,00    0,00    0,00  100,00
15:15:15      23    0,00    0,00    0,00    0,00    0,00    0,00    0,00    0,00    0,00  100,00

15:15:15     CPU    %usr   %nice    %sys %iowait    %irq   %soft  %steal  %guest  %gnice   %idle
15:15:16     all   29,15    0,00    0,04    0,00    0,00    0,00    0,00    0,00    0,00   70,80
15:15:16       0  100,00    0,00    0,00    0,00    0,00    0,00    0,00    0,00    0,00    0,00
15:15:16       1  100,00    0,00    0,00    0,00    0,00    0,00    0,00    0,00    0,00    0,00
15:15:16       2   99,01    0,00    0,99    0,00    0,00    0,00    0,00    0,00    0,00    0,00
15:15:16       3  100,00    0,00    0,00    0,00    0,00    0,00    0,00    0,00    0,00    0,00
15:15:16       4  100,00    0,00    0,00    0,00    0,00    0,00    0,00    0,00    0,00    0,00
15:15:16       5  100,00    0,00    0,00    0,00    0,00    0,00    0,00    0,00    0,00    0,00
15:15:16       6  100,00    0,00    0,00    0,00    0,00    0,00    0,00    0,00    0,00    0,00
15:15:16       7    0,00    0,00    0,00    0,00    0,00    0,00    0,00    0,00    0,00  100,00
15:15:16       8    0,00    0,00    0,00    0,00    0,00    0,00    0,00    0,00    0,00  100,00
15:15:16       9    0,00    0,00    0,00    0,00    0,00    0,00    0,00    0,00    0,00  100,00
15:15:16      10    0,00    0,00    0,00    0,00    0,00    0,00    0,00    0,00    0,00  100,00
15:15:16      11    0,00    0,00    0,00    0,00    0,00    0,00    0,00    0,00    0,00  100,00
15:15:16      12    0,00    0,00    0,00    0,00    0,00    0,00    0,00    0,00    0,00  100,00
15:15:16      13    0,00    0,00    0,00    0,00    0,00    0,00    0,00    0,00    0,00  100,00
15:15:16      14    0,00    0,00    0,00    0,00    0,00    0,00    0,00    0,00    0,00  100,00
15:15:16      15    0,00    0,00    0,00    0,00    0,00    0,00    0,00    0,00    0,00  100,00
15:15:16      16    0,00    0,00    0,00    0,00    0,00    0,00    0,00    0,00    0,00  100,00
15:15:16      17    0,00    0,00    0,00    0,00    0,00    0,00    0,00    0,00    0,00  100,00
15:15:16      18    0,00    0,00    0,00    0,00    0,00    0,00    0,00    0,00    0,00  100,00
15:15:16      19    0,00    0,00    0,00    0,00    0,00    0,00    0,00    0,00    0,00  100,00
15:15:16      20    0,00    0,00    0,00    0,00    0,00    0,00    0,00    0,00    0,00  100,00
15:15:16      21    0,00    0,00    0,00    0,00    0,00    0,00    0,00    0,00    0,00  100,00
15:15:16      22    0,00    0,00    0,00    0,00    0,00    0,00    0,00    0,00    0,00  100,00
15:15:16      23    0,00    0,00    0,00    0,00    0,00    0,00    0,00    0,00    0,00  100,00
