Linux 6.8.0-107-generic (testbed-node6) 	23/04/26 	_x86_64_	(24 CPU)

20:52:37     CPU    %usr   %nice    %sys %iowait    %irq   %soft  %steal  %guest  %gnice   %idle
20:52:38     all    0,79    0,00    0,46    0,00    0,00    4,17    0,00    0,00    0,00   94,57
20:52:38       0    0,00    0,00    1,00    0,00    0,00    0,00    0,00    0,00    0,00   99,00
20:52:38       1    0,00    0,00    0,00    0,00    0,00    0,00    0,00    0,00    0,00  100,00
20:52:38       2    3,03    0,00    2,02    0,00    0,00    0,00    0,00    0,00    0,00   94,95
20:52:38       3    0,00    0,00    0,00    0,00    0,00    0,00    0,00    0,00    0,00  100,00
20:52:38       4    0,00    0,00    0,00    0,00    0,00    0,00    0,00    0,00    0,00  100,00
20:52:38       5    0,00    0,00    0,00    0,00    0,00    0,00    0,00    0,00    0,00  100,00
20:52:38       6    3,03    0,00    0,00    0,00    0,00    0,00    0,00    0,00    0,00   96,97
20:52:38       7    0,00    0,00    0,00    0,00    0,00    0,00    0,00    0,00    0,00  100,00
20:52:38       8    6,93    0,00    1,98    0,00    0,00    0,00    0,00    0,00    0,00   91,09
20:52:38       9    0,99    0,00    0,00    0,00    0,00    0,00    0,00    0,00    0,00   99,01
20:52:38      10    1,01    0,00    1,01    0,00    0,00    0,00    0,00    0,00    0,00   97,98
20:52:38      11    0,00    0,00    0,00    0,00    0,00    0,00    0,00    0,00    0,00  100,00
20:52:38      12    0,99    0,00    0,99    0,00    0,00    0,00    0,00    0,00    0,00   98,02
20:52:38      13    0,00    0,00    0,00    0,00    0,00    0,00    0,00    0,00    0,00  100,00
20:52:38      14    1,00    0,00    1,00    0,00    0,00    0,00    0,00    0,00    0,00   98,00
20:52:38      15    0,00    0,00    0,00    0,00    0,00    0,00    0,00    0,00    0,00  100,00
20:52:38      16    0,00    0,00    0,00    0,00    0,00    0,00    0,00    0,00    0,00  100,00
20:52:38      17    0,00    0,00    0,00    0,00    0,00  100,00    0,00    0,00    0,00    0,00
20:52:38      18    0,00    0,00    0,00    0,00    0,00    0,00    0,00    0,00    0,00  100,00
20:52:38      19    0,00    0,00    0,00    0,00    0,00    0,00    0,00    0,00    0,00  100,00
20:52:38      20    0,99    0,00    0,00    0,00    0,00    0,00    0,00    0,00    0,00   99,01
20:52:38      21    0,00    0,00    0,00    0,00    0,00    0,00    0,00    0,00    0,00  100,00
20:52:38      22    0,00    0,00    2,00    0,00    0,00    0,00    0,00    0,00    0,00   98,00
20:52:38      23    1,01    0,00    1,01    0,00    0,00    0,00    0,00    0,00    0,00   97,98

20:52:38     CPU    %usr   %nice    %sys %iowait    %irq   %soft  %steal  %guest  %gnice   %idle
20:52:39     all    0,58    0,00    0,33    0,08    0,00    4,17    0,00    0,00    0,00   94,83
20:52:39       0    0,00    0,00    0,00    0,00    0,00    0,00    0,00    0,00    0,00  100,00
20:52:39       1    0,00    0,00    0,00    0,00    0,00    0,00    0,00    0,00    0,00  100,00
20:52:39       2    2,00    0,00    0,00    0,00    0,00    0,00    0,00    0,00    0,00   98,00
20:52:39       3    0,00    0,00    0,00    0,00    0,00    0,00    0,00    0,00    0,00  100,00
20:52:39       4    0,00    0,00    0,99    0,00    0,00    0,00    0,00    0,00    0,00   99,01
20:52:39       5    0,00    0,00    0,00    0,00    0,00    0,00    0,00    0,00    0,00  100,00
20:52:39       6    0,00    0,00    0,00    0,00    0,00    0,00    0,00    0,00    0,00  100,00
20:52:39       7    0,00    0,00    0,00    0,00    0,00    0,00    0,00    0,00    0,00  100,00
20:52:39       8    2,00    0,00    2,00    0,00    0,00    0,00    0,00    0,00    0,00   96,00
20:52:39       9    0,00    0,00    0,00    0,00    0,00    0,00    0,00    0,00    0,00  100,00
20:52:39      10    1,00    0,00    1,00    1,00    0,00    0,00    0,00    0,00    0,00   97,00
20:52:39      11    0,00    0,00    0,00    0,00    0,00    0,00    0,00    0,00    0,00  100,00
20:52:39      12    8,08    0,00    1,01    0,00    0,00    0,00    0,00    0,00    0,00   90,91
20:52:39      13    0,00    0,00    0,00    0,00    0,00    0,00    0,00    0,00    0,00  100,00
20:52:39      14    0,00    0,00    0,00    0,00    0,00    0,00    0,00    0,00    0,00  100,00
20:52:39      15    0,00    0,00    0,00    0,00    0,00    0,00    0,00    0,00    0,00  100,00
20:52:39      16    0,00    0,00    0,00    1,00    0,00    0,00    0,00    0,00    0,00   99,00
20:52:39      17    0,00    0,00    0,00    0,00    0,00  100,00    0,00    0,00    0,00    0,00
20:52:39      18    0,00    0,00    0,00    0,00    0,00    0,00    0,00    0,00    0,00  100,00
20:52:39      19    0,00    0,00    0,00    0,00    0,00    0,00    0,00    0,00    0,00  100,00
20:52:39      20    1,00    0,00    1,00    0,00    0,00    0,00    0,00    0,00    0,00   98,00
20:52:39      21    0,00    0,00    0,99    0,00    0,00    0,00    0,00    0,00    0,00   99,01
20:52:39      22    0,00    0,00    0,00    0,00    0,00    0,00    0,00    0,00    0,00  100,00
20:52:39      23    0,00    0,00    1,00    0,00    0,00    0,00    0,00    0,00    0,00   99,00

20:52:39     CPU    %usr   %nice    %sys %iowait    %irq   %soft  %steal  %guest  %gnice   %idle
20:52:40     all    0,54    0,00    0,08    0,00    0,00    4,16    0,00    0,00    0,00   95,21
20:52:40       0    0,00    0,00    0,00    0,00    0,00    0,00    0,00    0,00    0,00  100,00
20:52:40       1    0,00    0,00    0,00    0,00    0,00    0,00    0,00    0,00    0,00  100,00
20:52:40       2    0,00    0,00    0,00    0,00    0,00    0,00    0,00    0,00    0,00  100,00
20:52:40       3    0,99    0,00    0,00    0,00    0,00    0,00    0,00    0,00    0,00   99,01
20:52:40       4    1,00    0,00    0,00    0,00    0,00    0,00    0,00    0,00    0,00   99,00
20:52:40       5    0,00    0,00    0,00    0,00    0,00    0,00    0,00    0,00    0,00  100,00
20:52:40       6    3,00    0,00    1,00    0,00    0,00    0,00    0,00    0,00    0,00   96,00
20:52:40       7    0,00    0,00    0,00    0,00    0,00    0,00    0,00    0,00    0,00  100,00
20:52:40       8    2,97    0,00    0,99    0,00    0,00    0,00    0,00    0,00    0,00   96,04
20:52:40       9    0,00    0,00    0,00    0,00    0,00    0,00    0,00    0,00    0,00  100,00
20:52:40      10    2,02    0,00    0,00    0,00    0,00    0,00    0,00    0,00    0,00   97,98
20:52:40      11    0,00    0,00    0,00    0,00    0,00    0,00    0,00    0,00    0,00  100,00
20:52:40      12    0,99    0,00    0,00    0,00    0,00    0,00    0,00    0,00    0,00   99,01
20:52:40      13    0,00    0,00    0,00    0,00    0,00    0,00    0,00    0,00    0,00  100,00
20:52:40      14    1,00    0,00    0,00    0,00    0,00    0,00    0,00    0,00    0,00   99,00
20:52:40      15    0,00    0,00    0,00    0,00    0,00    0,00    0,00    0,00    0,00  100,00
20:52:40      16    0,00    0,00    0,00    0,00    0,00    0,00    0,00    0,00    0,00  100,00
20:52:40      17    0,00    0,00    0,00    0,00    0,00  100,00    0,00    0,00    0,00    0,00
20:52:40      18    0,00    0,00    0,00    0,00    0,00    0,00    0,00    0,00    0,00  100,00
20:52:40      19    0,00    0,00    0,00    0,00    0,00    0,00    0,00    0,00    0,00  100,00
20:52:40      20    0,00    0,00    0,00    0,00    0,00    0,00    0,00    0,00    0,00  100,00
20:52:40      21    0,00    0,00    0,00    0,00    0,00    0,00    0,00    0,00    0,00  100,00
20:52:40      22    0,00    0,00    0,00    0,00    0,00    0,00    0,00    0,00    0,00  100,00
20:52:40      23    0,99    0,00    0,00    0,00    0,00    0,00    0,00    0,00    0,00   99,01

20:52:40     CPU    %usr   %nice    %sys %iowait    %irq   %soft  %steal  %guest  %gnice   %idle
20:52:41     all    2,13    0,00    0,67    0,04    0,00    4,13    0,00    0,00    0,00   93,03
20:52:41       0    0,00    0,00    0,00    0,00    0,00    0,00    0,00    0,00    0,00  100,00
20:52:41       1    0,00    0,00    0,00    0,00    0,00    0,00    0,00    0,00    0,00  100,00
20:52:41       2    1,00    0,00    1,00    1,00    0,00    0,00    0,00    0,00    0,00   97,00
20:52:41       3    0,00    0,00    0,00    0,00    0,00    0,00    0,00    0,00    0,00  100,00
20:52:41       4    1,01    0,00    0,00    0,00    0,00    0,00    0,00    0,00    0,00   98,99
20:52:41       5    0,00    0,00    0,00    0,00    0,00    0,00    0,00    0,00    0,00  100,00
20:52:41       6    9,00    0,00    1,00    0,00    0,00    0,00    0,00    0,00    0,00   90,00
20:52:41       7    0,00    0,00    0,00    0,00    0,00    0,00    0,00    0,00    0,00  100,00
20:52:41       8    5,00    0,00    2,00    0,00    0,00    0,00    0,00    0,00    0,00   93,00
20:52:41       9   12,00    0,00    1,00    0,00    0,00    0,00    0,00    0,00    0,00   87,00
20:52:41      10    3,96    0,00    0,99    0,00    0,00    0,00    0,00    0,00    0,00   95,05
20:52:41      11    0,00    0,00    0,00    0,00    0,00    0,00    0,00    0,00    0,00  100,00
20:52:41      12    0,00    0,00    0,00    0,00    0,00    0,00    0,00    0,00    0,00  100,00
20:52:41      13    0,00    0,00    0,00    0,00    0,00    0,00    0,00    0,00    0,00  100,00
20:52:41      14    1,00    0,00    1,00    0,00    0,00    0,00    0,00    0,00    0,00   98,00
20:52:41      15    0,00    0,00    0,00    0,00    0,00    0,00    0,00    0,00    0,00  100,00
20:52:41      16    1,01    0,00    0,00    0,00    0,00    0,00    0,00    0,00    0,00   98,99
20:52:41      17    0,00    0,00    0,00    0,00    0,00  100,00    0,00    0,00    0,00    0,00
20:52:41      18    4,00    0,00    2,00    0,00    0,00    0,00    0,00    0,00    0,00   94,00
20:52:41      19    3,03    0,00    1,01    0,00    0,00    0,00    0,00    0,00    0,00   95,96
20:52:41      20    1,00    0,00    1,00    0,00    0,00    0,00    0,00    0,00    0,00   98,00
20:52:41      21    2,00    0,00    1,00    0,00    0,00    0,00    0,00    0,00    0,00   97,00
20:52:41      22    1,98    0,00    0,99    0,00    0,00    0,00    0,00    0,00    0,00   97,03
20:52:41      23    5,00    0,00    3,00    0,00    0,00    0,00    0,00    0,00    0,00   92,00

20:52:41     CPU    %usr   %nice    %sys %iowait    %irq   %soft  %steal  %guest  %gnice   %idle
20:52:42     all    0,33    0,00    0,08    0,04    0,00    4,17    0,00    0,00    0,00   95,37
20:52:42       0    0,00    0,00    0,00    0,00    0,00    0,00    0,00    0,00    0,00  100,00
20:52:42       1    0,00    0,00    0,00    0,00    0,00    0,00    0,00    0,00    0,00  100,00
20:52:42       2    0,99    0,00    0,00    0,00    0,00    0,00    0,00    0,00    0,00   99,01
20:52:42       3    0,00    0,00    0,00    0,00    0,00    0,00    0,00    0,00    0,00  100,00
20:52:42       4    0,00    0,00    0,00    0,00    0,00    0,00    0,00    0,00    0,00  100,00
20:52:42       5    0,00    0,00    0,00    0,00    0,00    0,00    0,00    0,00    0,00  100,00
20:52:42       6    0,00    0,00    0,00    0,00    0,00    0,00    0,00    0,00    0,00  100,00
20:52:42       7    0,00    0,00    0,00    0,00    0,00    0,00    0,00    0,00    0,00  100,00
20:52:42       8    2,00    0,00    1,00    0,00    0,00    0,00    0,00    0,00    0,00   97,00
20:52:42       9    0,00    0,00    0,00    0,00    0,00    0,00    0,00    0,00    0,00  100,00
20:52:42      10    1,00    0,00    1,00    0,00    0,00    0,00    0,00    0,00    0,00   98,00
20:52:42      11    0,00    0,00    0,00    0,00    0,00    0,00    0,00    0,00    0,00  100,00
20:52:42      12    2,00    0,00    0,00    0,00    0,00    0,00    0,00    0,00    0,00   98,00
20:52:42      13    0,00    0,00    0,00    0,00    0,00    0,00    0,00    0,00    0,00  100,00
20:52:42      14    1,00    0,00    0,00    0,00    0,00    0,00    0,00    0,00    0,00   99,00
20:52:42      15    0,00    0,00    0,00    0,00    0,00    0,00    0,00    0,00    0,00  100,00
20:52:42      16    0,00    0,00    0,00    0,00    0,00    0,00    0,00    0,00    0,00  100,00
20:52:42      17    0,00    0,00    0,00    0,00    0,00  100,00    0,00    0,00    0,00    0,00
20:52:42      18    0,00    0,00    0,00    0,00    0,00    0,00    0,00    0,00    0,00  100,00
20:52:42      19    0,99    0,00    0,00    0,99    0,00    0,00    0,00    0,00    0,00   98,02
20:52:42      20    0,00    0,00    0,00    0,00    0,00    0,00    0,00    0,00    0,00  100,00
20:52:42      21    0,00    0,00    0,00    0,00    0,00    0,00    0,00    0,00    0,00  100,00
20:52:42      22    0,00    0,00    0,00    0,00    0,00    0,00    0,00    0,00    0,00  100,00
20:52:42      23    0,00    0,00    0,00    0,00    0,00    0,00    0,00    0,00    0,00  100,00

20:52:42     CPU    %usr   %nice    %sys %iowait    %irq   %soft  %steal  %guest  %gnice   %idle
20:52:43     all    0,25    0,00    0,13    0,00    0,00    4,18    0,00    0,00    0,00   95,45
20:52:43       0    0,00    0,00    0,00    0,00    0,00    0,00    0,00    0,00    0,00  100,00
20:52:43       1    0,00    0,00    0,00    0,00    0,00    0,00    0,00    0,00    0,00  100,00
20:52:43       2    0,00    0,00    0,00    0,00    0,00    0,00    0,00    0,00    0,00  100,00
20:52:43       3    0,00    0,00    0,00    0,00    0,00    0,00    0,00    0,00    0,00  100,00
20:52:43       4    0,00    0,00    0,00    0,00    0,00    0,00    0,00    0,00    0,00  100,00
20:52:43       5    0,00    0,00    0,00    0,00    0,00    0,00    0,00    0,00    0,00  100,00
20:52:43       6    0,00    0,00    0,00    0,00    0,00    0,00    0,00    0,00    0,00  100,00
20:52:43       7    0,00    0,00    0,00    0,00    0,00    0,00    0,00    0,00    0,00  100,00
20:52:43       8    2,02    0,00    1,01    0,00    0,00    0,00    0,00    0,00    0,00   96,97
20:52:43       9    0,00    0,00    0,00    0,00    0,00    0,00    0,00    0,00    0,00  100,00
20:52:43      10    0,00    0,00    0,00    0,00    0,00    0,00    0,00    0,00    0,00  100,00
20:52:43      11    0,00    0,00    0,00    0,00    0,00    0,00    0,00    0,00    0,00  100,00
20:52:43      12    0,00    0,00    0,00    0,00    0,00    0,00    0,00    0,00    0,00  100,00
20:52:43      13    0,00    0,00    0,00    0,00    0,00    0,00    0,00    0,00    0,00  100,00
20:52:43      14    4,00    0,00    1,00    0,00    0,00    0,00    0,00    0,00    0,00   95,00
20:52:43      15    0,00    0,00    0,00    0,00    0,00    0,00    0,00    0,00    0,00  100,00
20:52:43      16    0,00    0,00    0,00    0,00    0,00    0,00    0,00    0,00    0,00  100,00
20:52:43      17    0,00    0,00    0,00    0,00    0,00  100,00    0,00    0,00    0,00    0,00
20:52:43      18    0,00    0,00    0,00    0,00    0,00    0,00    0,00    0,00    0,00  100,00
20:52:43      19    0,00    0,00    0,00    0,00    0,00    0,00    0,00    0,00    0,00  100,00
20:52:43      20    0,00    0,00    0,00    0,00    0,00    0,00    0,00    0,00    0,00  100,00
20:52:43      21    0,00    0,00    0,00    0,00    0,00    0,00    0,00    0,00    0,00  100,00
20:52:43      22    0,00    0,00    0,00    0,00    0,00    0,00    0,00    0,00    0,00  100,00
20:52:43      23    0,00    0,00    0,99    0,00    0,00    0,00    0,00    0,00    0,00   99,01

20:52:43     CPU    %usr   %nice    %sys %iowait    %irq   %soft  %steal  %guest  %gnice   %idle
20:52:44     all    0,29    0,00    0,17    0,08    0,00    4,16    0,00    0,00    0,00   95,29
20:52:44       0    0,99    0,00    0,99    0,00    0,00    0,00    0,00    0,00    0,00   98,02
20:52:44       1    0,00    0,00    0,00    0,00    0,00    0,00    0,00    0,00    0,00  100,00
20:52:44       2    0,00    0,00    0,00    0,00    0,00    0,00    0,00    0,00    0,00  100,00
20:52:44       3    0,00    0,00    0,00    0,00    0,00    0,00    0,00    0,00    0,00  100,00
20:52:44       4    0,00    0,00    0,00    0,00    0,00    0,00    0,00    0,00    0,00  100,00
20:52:44       5    0,00    0,00    0,00    0,00    0,00    0,00    0,00    0,00    0,00  100,00
20:52:44       6    0,00    0,00    0,00    0,00    0,00    0,00    0,00    0,00    0,00  100,00
20:52:44       7    0,00    0,00    0,00    0,00    0,00    0,00    0,00    0,00    0,00  100,00
20:52:44       8    2,00    0,00    1,00    0,00    0,00    0,00    0,00    0,00    0,00   97,00
20:52:44       9    0,00    0,00    0,00    0,00    0,00    0,00    0,00    0,00    0,00  100,00
20:52:44      10    0,99    0,00    0,00    0,99    0,00    0,00    0,00    0,00    0,00   98,02
20:52:44      11    0,00    0,00    0,00    0,00    0,00    0,00    0,00    0,00    0,00  100,00
20:52:44      12    0,00    0,00    0,00    1,00    0,00    0,00    0,00    0,00    0,00   99,00
20:52:44      13    0,00    0,00    0,00    0,00    0,00    0,00    0,00    0,00    0,00  100,00
20:52:44      14    3,03    0,00    1,01    0,00    0,00    0,00    0,00    0,00    0,00   95,96
20:52:44      15    0,00    0,00    0,00    0,00    0,00    0,00    0,00    0,00    0,00  100,00
20:52:44      16    0,00    0,00    0,00    0,00    0,00    0,00    0,00    0,00    0,00  100,00
20:52:44      17    0,00    0,00    0,00    0,00    0,00  100,00    0,00    0,00    0,00    0,00
20:52:44      18    0,00    0,00    0,00    0,00    0,00    0,00    0,00    0,00    0,00  100,00
20:52:44      19    0,00    0,00    0,00    0,00    0,00    0,00    0,00    0,00    0,00  100,00
20:52:44      20    0,00    0,00    0,00    0,00    0,00    0,00    0,00    0,00    0,00  100,00
20:52:44      21    0,00    0,00    0,99    0,00    0,00    0,00    0,00    0,00    0,00   99,01
20:52:44      22    0,00    0,00    0,00    0,00    0,00    0,00    0,00    0,00    0,00  100,00
20:52:44      23    0,00    0,00    0,00    0,00    0,00    0,00    0,00    0,00    0,00  100,00

20:52:44     CPU    %usr   %nice    %sys %iowait    %irq   %soft  %steal  %guest  %gnice   %idle
20:52:45     all    0,25    0,00    0,12    0,00    0,00    4,17    0,00    0,00    0,00   95,46
20:52:45       0    0,00    0,00    0,00    0,00    0,00    0,00    0,00    0,00    0,00  100,00
20:52:45       1    0,00    0,00    0,00    0,00    0,00    0,00    0,00    0,00    0,00  100,00
20:52:45       2    1,00    0,00    0,00    0,00    0,00    0,00    0,00    0,00    0,00   99,00
20:52:45       3    0,00    0,00    0,00    0,00    0,00    0,00    0,00    0,00    0,00  100,00
20:52:45       4    0,00    0,00    0,00    0,00    0,00    0,00    0,00    0,00    0,00  100,00
20:52:45       5    0,00    0,00    0,00    0,00    0,00    0,00    0,00    0,00    0,00  100,00
20:52:45       6    0,00    0,00    0,00    0,00    0,00    0,00    0,00    0,00    0,00  100,00
20:52:45       7    0,00    0,00    0,00    0,00    0,00    0,00    0,00    0,00    0,00  100,00
20:52:45       8    1,98    0,00    0,99    0,00    0,00    0,00    0,00    0,00    0,00   97,03
20:52:45       9    0,00    0,00    0,00    0,00    0,00    0,00    0,00    0,00    0,00  100,00
20:52:45      10    0,00    0,00    0,00    0,00    0,00    0,00    0,00    0,00    0,00  100,00
20:52:45      11    0,00    0,00    0,00    0,00    0,00    0,00    0,00    0,00    0,00  100,00
20:52:45      12    0,00    0,00    0,00    0,00    0,00    0,00    0,00    0,00    0,00  100,00
20:52:45      13    0,00    0,00    0,00    0,00    0,00    0,00    0,00    0,00    0,00  100,00
20:52:45      14    3,00    0,00    1,00    0,00    0,00    0,00    0,00    0,00    0,00   96,00
20:52:45      15    0,00    0,00    0,00    0,00    0,00    0,00    0,00    0,00    0,00  100,00
20:52:45      16    0,00    0,00    0,00    0,00    0,00    0,00    0,00    0,00    0,00  100,00
20:52:45      17    0,00    0,00    0,00    0,00    0,00  100,00    0,00    0,00    0,00    0,00
20:52:45      18    0,00    0,00    0,00    0,00    0,00    0,00    0,00    0,00    0,00  100,00
20:52:45      19    0,00    0,00    0,00    0,00    0,00    0,00    0,00    0,00    0,00  100,00
20:52:45      20    0,00    0,00    0,00    0,00    0,00    0,00    0,00    0,00    0,00  100,00
20:52:45      21    0,00    0,00    0,00    0,00    0,00    0,00    0,00    0,00    0,00  100,00
20:52:45      22    0,00    0,00    0,00    0,00    0,00    0,00    0,00    0,00    0,00  100,00
20:52:45      23    0,00    0,00    0,99    0,00    0,00    0,00    0,00    0,00    0,00   99,01

20:52:45     CPU    %usr   %nice    %sys %iowait    %irq   %soft  %steal  %guest  %gnice   %idle
20:52:46     all    0,25    0,00    0,17    0,00    0,00    4,17    0,00    0,00    0,00   95,41
20:52:46       0    0,00    0,00    0,00    0,00    0,00    0,00    0,00    0,00    0,00  100,00
20:52:46       1    0,00    0,00    0,00    0,00    0,00    0,00    0,00    0,00    0,00  100,00
20:52:46       2    0,00    0,00    0,99    0,00    0,00    0,00    0,00    0,00    0,00   99,01
20:52:46       3    0,00    0,00    0,00    0,00    0,00    0,00    0,00    0,00    0,00  100,00
20:52:46       4    0,00    0,00    0,00    0,00    0,00    0,00    0,00    0,00    0,00  100,00
20:52:46       5    0,00    0,00    0,00    0,00    0,00    0,00    0,00    0,00    0,00  100,00
20:52:46       6    0,00    0,00    0,00    0,00    0,00    0,00    0,00    0,00    0,00  100,00
20:52:46       7    0,00    0,00    0,00    0,00    0,00    0,00    0,00    0,00    0,00  100,00
20:52:46       8    2,00    0,00    1,00    0,00    0,00    0,00    0,00    0,00    0,00   97,00
20:52:46       9    0,00    0,00    0,00    0,00    0,00    0,00    0,00    0,00    0,00  100,00
20:52:46      10    0,00    0,00    0,00    0,00    0,00    0,00    0,00    0,00    0,00  100,00
20:52:46      11    0,00    0,00    0,00    0,00    0,00    0,00    0,00    0,00    0,00  100,00
20:52:46      12    0,00    0,00    0,00    0,00    0,00    0,00    0,00    0,00    0,00  100,00
20:52:46      13    0,00    0,00    0,00    0,00    0,00    0,00    0,00    0,00    0,00  100,00
20:52:46      14    4,00    0,00    1,00    0,00    0,00    0,00    0,00    0,00    0,00   95,00
20:52:46      15    0,00    0,00    0,00    0,00    0,00    0,00    0,00    0,00    0,00  100,00
20:52:46      16    0,00    0,00    0,00    0,00    0,00    0,00    0,00    0,00    0,00  100,00
20:52:46      17    0,00    0,00    0,00    0,00    0,00  100,00    0,00    0,00    0,00    0,00
20:52:46      18    0,00    0,00    0,00    0,00    0,00    0,00    0,00    0,00    0,00  100,00
20:52:46      19    0,00    0,00    0,00    0,00    0,00    0,00    0,00    0,00    0,00  100,00
20:52:46      20    0,00    0,00    1,00    0,00    0,00    0,00    0,00    0,00    0,00   99,00
20:52:46      21    0,00    0,00    0,00    0,00    0,00    0,00    0,00    0,00    0,00  100,00
20:52:46      22    0,00    0,00    0,00    0,00    0,00    0,00    0,00    0,00    0,00  100,00
20:52:46      23    0,00    0,00    0,00    0,00    0,00    0,00    0,00    0,00    0,00  100,00

20:52:46     CPU    %usr   %nice    %sys %iowait    %irq   %soft  %steal  %guest  %gnice   %idle
20:52:47     all    0,37    0,00    0,25    0,00    0,00    4,16    0,00    0,00    0,00   95,21
20:52:47       0    2,00    0,00    1,00    0,00    0,00    0,00    0,00    0,00    0,00   97,00
20:52:47       1    0,00    0,00    0,00    0,00    0,00    0,00    0,00    0,00    0,00  100,00
20:52:47       2    0,00    0,00    0,00    0,00    0,00    0,00    0,00    0,00    0,00  100,00
20:52:47       3    0,00    0,00    0,00    0,00    0,00    0,00    0,00    0,00    0,00  100,00
20:52:47       4    0,00    0,00    0,00    0,00    0,00    0,00    0,00    0,00    0,00  100,00
20:52:47       5    0,00    0,00    0,00    0,00    0,00    0,00    0,00    0,00    0,00  100,00
20:52:47       6    0,00    0,00    0,00    0,00    0,00    0,00    0,00    0,00    0,00  100,00
20:52:47       7    0,00    0,00    0,00    0,00    0,00    0,00    0,00    0,00    0,00  100,00
20:52:47       8    3,00    0,00    1,00    0,00    0,00    0,00    0,00    0,00    0,00   96,00
20:52:47       9    1,00    0,00    1,00    0,00    0,00    0,00    0,00    0,00    0,00   98,00
20:52:47      10    0,00    0,00    0,00    0,00    0,00    0,00    0,00    0,00    0,00  100,00
20:52:47      11    0,00    0,00    0,00    0,00    0,00    0,00    0,00    0,00    0,00  100,00
20:52:47      12    0,00    0,00    0,00    0,00    0,00    0,00    0,00    0,00    0,00  100,00
20:52:47      13    0,00    0,00    0,00    0,00    0,00    0,00    0,00    0,00    0,00  100,00
20:52:47      14    1,00    0,00    1,00    0,00    0,00    0,00    0,00    0,00    0,00   98,00
20:52:47      15    0,00    0,00    0,00    0,00    0,00    0,00    0,00    0,00    0,00  100,00
20:52:47      16    0,00    0,00    0,00    0,00    0,00    0,00    0,00    0,00    0,00  100,00
20:52:47      17    0,00    0,00    0,00    0,00    0,00  100,00    0,00    0,00    0,00    0,00
20:52:47      18    1,00    0,00    0,00    0,00    0,00    0,00    0,00    0,00    0,00   99,00
20:52:47      19    0,00    0,00    0,00    0,00    0,00    0,00    0,00    0,00    0,00  100,00
20:52:47      20    0,00    0,00    0,00    0,00    0,00    0,00    0,00    0,00    0,00  100,00
20:52:47      21    0,99    0,00    0,00    0,00    0,00    0,00    0,00    0,00    0,00   99,01
20:52:47      22    0,00    0,00    0,99    0,00    0,00    0,00    0,00    0,00    0,00   99,01
20:52:47      23    0,00    0,00    0,99    0,00    0,00    0,00    0,00    0,00    0,00   99,01

20:52:47     CPU    %usr   %nice    %sys %iowait    %irq   %soft  %steal  %guest  %gnice   %idle
20:52:48     all    0,29    0,00    0,08    0,00    0,00    4,17    0,00    0,00    0,00   95,45
20:52:48       0    3,96    0,00    0,99    0,00    0,00    0,00    0,00    0,00    0,00   95,05
20:52:48       1    0,00    0,00    0,00    0,00    0,00    0,00    0,00    0,00    0,00  100,00
20:52:48       2    0,00    0,00    0,00    0,00    0,00    0,00    0,00    0,00    0,00  100,00
20:52:48       3    0,00    0,00    0,00    0,00    0,00    0,00    0,00    0,00    0,00  100,00
20:52:48       4    0,00    0,00    0,00    0,00    0,00    0,00    0,00    0,00    0,00  100,00
20:52:48       5    0,00    0,00    0,00    0,00    0,00    0,00    0,00    0,00    0,00  100,00
20:52:48       6    0,00    0,00    0,00    0,00    0,00    0,00    0,00    0,00    0,00  100,00
20:52:48       7    0,00    0,00    0,00    0,00    0,00    0,00    0,00    0,00    0,00  100,00
20:52:48       8    2,00    0,00    1,00    0,00    0,00    0,00    0,00    0,00    0,00   97,00
20:52:48       9    0,00    0,00    0,00    0,00    0,00    0,00    0,00    0,00    0,00  100,00
20:52:48      10    0,00    0,00    0,00    0,00    0,00    0,00    0,00    0,00    0,00  100,00
20:52:48      11    0,00    0,00    0,00    0,00    0,00    0,00    0,00    0,00    0,00  100,00
20:52:48      12    0,00    0,00    0,00    0,00    0,00    0,00    0,00    0,00    0,00  100,00
20:52:48      13    0,00    0,00    0,00    0,00    0,00    0,00    0,00    0,00    0,00  100,00
20:52:48      14    0,00    0,00    0,00    0,00    0,00    0,00    0,00    0,00    0,00  100,00
20:52:48      15    0,00    0,00    0,00    0,00    0,00    0,00    0,00    0,00    0,00  100,00
20:52:48      16    0,00    0,00    0,00    0,00    0,00    0,00    0,00    0,00    0,00  100,00
20:52:48      17    0,00    0,00    0,00    0,00    0,00  100,00    0,00    0,00    0,00    0,00
20:52:48      18    0,00    0,00    0,00    0,00    0,00    0,00    0,00    0,00    0,00  100,00
20:52:48      19    0,00    0,00    0,00    0,00    0,00    0,00    0,00    0,00    0,00  100,00
20:52:48      20    0,00    0,00    0,00    0,00    0,00    0,00    0,00    0,00    0,00  100,00
20:52:48      21    0,00    0,00    0,00    0,00    0,00    0,00    0,00    0,00    0,00  100,00
20:52:48      22    0,00    0,00    0,00    0,00    0,00    0,00    0,00    0,00    0,00  100,00
20:52:48      23    1,00    0,00    0,00    0,00    0,00    0,00    0,00    0,00    0,00   99,00

20:52:48     CPU    %usr   %nice    %sys %iowait    %irq   %soft  %steal  %guest  %gnice   %idle
20:52:49     all    0,29    0,00    0,13    0,04    0,00    4,17    0,00    0,00    0,00   95,37
20:52:49       0    0,00    0,00    0,00    0,00    0,00    0,00    0,00    0,00    0,00  100,00
20:52:49       1    0,00    0,00    0,00    0,00    0,00    0,00    0,00    0,00    0,00  100,00
20:52:49       2    0,99    0,00    0,99    0,00    0,00    0,00    0,00    0,00    0,00   98,02
20:52:49       3    0,00    0,00    0,00    0,00    0,00    0,00    0,00    0,00    0,00  100,00
20:52:49       4    2,00    0,00    1,00    0,00    0,00    0,00    0,00    0,00    0,00   97,00
20:52:49       5    0,00    0,00    0,00    0,00    0,00    0,00    0,00    0,00    0,00  100,00
20:52:49       6    0,00    0,00    0,00    0,00    0,00    0,00    0,00    0,00    0,00  100,00
20:52:49       7    0,00    0,00    0,00    0,00    0,00    0,00    0,00    0,00    0,00  100,00
20:52:49       8    2,97    0,00    0,99    0,00    0,00    0,00    0,00    0,00    0,00   96,04
20:52:49       9    0,00    0,00    0,00    0,00    0,00    0,00    0,00    0,00    0,00  100,00
20:52:49      10    0,00    0,00    0,00    1,00    0,00    0,00    0,00    0,00    0,00   99,00
20:52:49      11    0,00    0,00    0,00    0,00    0,00    0,00    0,00    0,00    0,00  100,00
20:52:49      12    0,00    0,00    0,00    0,00    0,00    0,00    0,00    0,00    0,00  100,00
20:52:49      13    0,00    0,00    0,00    0,00    0,00    0,00    0,00    0,00    0,00  100,00
20:52:49      14    0,99    0,00    0,00    0,00    0,00    0,00    0,00    0,00    0,00   99,01
20:52:49      15    0,00    0,00    0,00    0,00    0,00    0,00    0,00    0,00    0,00  100,00
20:52:49      16    0,00    0,00    0,00    0,00    0,00    0,00    0,00    0,00    0,00  100,00
20:52:49      17    0,00    0,00    0,00    0,00    0,00  100,00    0,00    0,00    0,00    0,00
20:52:49      18    0,00    0,00    0,00    0,00    0,00    0,00    0,00    0,00    0,00  100,00
20:52:49      19    0,00    0,00    0,00    0,00    0,00    0,00    0,00    0,00    0,00  100,00
20:52:49      20    0,00    0,00    0,00    0,00    0,00    0,00    0,00    0,00    0,00  100,00
20:52:49      21    0,00    0,00    0,00    0,00    0,00    0,00    0,00    0,00    0,00  100,00
20:52:49      22    0,00    0,00    0,00    0,00    0,00    0,00    0,00    0,00    0,00  100,00
20:52:49      23    0,00    0,00    0,00    0,00    0,00    0,00    0,00    0,00    0,00  100,00

20:52:49     CPU    %usr   %nice    %sys %iowait    %irq   %soft  %steal  %guest  %gnice   %idle
20:52:50     all    0,29    0,00    0,17    0,00    0,00    4,17    0,00    0,00    0,00   95,37
20:52:50       0    0,00    0,00    0,00    0,00    0,00    0,00    0,00    0,00    0,00  100,00
20:52:50       1    0,00    0,00    0,00    0,00    0,00    0,00    0,00    0,00    0,00  100,00
20:52:50       2    0,00    0,00    0,00    0,00    0,00    0,00    0,00    0,00    0,00  100,00
20:52:50       3    0,00    0,00    0,99    0,00    0,00    0,00    0,00    0,00    0,00   99,01
20:52:50       4    3,00    0,00    1,00    0,00    0,00    0,00    0,00    0,00    0,00   96,00
20:52:50       5    0,00    0,00    0,00    0,00    0,00    0,00    0,00    0,00    0,00  100,00
20:52:50       6    0,00    0,00    0,00    0,00    0,00    0,00    0,00    0,00    0,00  100,00
20:52:50       7    0,00    0,00    0,00    0,00    0,00    0,00    0,00    0,00    0,00  100,00
20:52:50       8    3,00    0,00    1,00    0,00    0,00    0,00    0,00    0,00    0,00   96,00
20:52:50       9    0,00    0,00    0,00    0,00    0,00    0,00    0,00    0,00    0,00  100,00
20:52:50      10    1,00    0,00    0,00    0,00    0,00    0,00    0,00    0,00    0,00   99,00
20:52:50      11    0,00    0,00    0,00    0,00    0,00    0,00    0,00    0,00    0,00  100,00
20:52:50      12    0,00    0,00    0,00    0,00    0,00    0,00    0,00    0,00    0,00  100,00
20:52:50      13    0,00    0,00    0,00    0,00    0,00    0,00    0,00    0,00    0,00  100,00
20:52:50      14    0,00    0,00    0,00    0,00    0,00    0,00    0,00    0,00    0,00  100,00
20:52:50      15    0,00    0,00    0,00    0,00    0,00    0,00    0,00    0,00    0,00  100,00
20:52:50      16    0,00    0,00    0,00    0,00    0,00    0,00    0,00    0,00    0,00  100,00
20:52:50      17    0,00    0,00    0,00    0,00    0,00  100,00    0,00    0,00    0,00    0,00
20:52:50      18    0,00    0,00    0,00    0,00    0,00    0,00    0,00    0,00    0,00  100,00
20:52:50      19    0,00    0,00    0,99    0,00    0,00    0,00    0,00    0,00    0,00   99,01
20:52:50      20    0,00    0,00    0,00    0,00    0,00    0,00    0,00    0,00    0,00  100,00
20:52:50      21    0,00    0,00    0,00    0,00    0,00    0,00    0,00    0,00    0,00  100,00
20:52:50      22    0,00    0,00    0,00    0,00    0,00    0,00    0,00    0,00    0,00  100,00
20:52:50      23    0,00    0,00    0,00    0,00    0,00    0,00    0,00    0,00    0,00  100,00

20:52:50     CPU    %usr   %nice    %sys %iowait    %irq   %soft  %steal  %guest  %gnice   %idle
20:52:51     all    0,29    0,00    0,21    0,00    0,00    4,16    0,00    0,00    0,00   95,34
20:52:51       0    0,00    0,00    0,00    0,00    0,00    0,00    0,00    0,00    0,00  100,00
20:52:51       1    0,00    0,00    0,00    0,00    0,00    0,00    0,00    0,00    0,00  100,00
20:52:51       2    1,00    0,00    0,00    0,00    0,00    0,00    0,00    0,00    0,00   99,00
20:52:51       3    0,00    0,00    0,00    0,00    0,00    0,00    0,00    0,00    0,00  100,00
20:52:51       4    0,00    0,00    0,00    0,00    0,00    0,00    0,00    0,00    0,00  100,00
20:52:51       5    0,00    0,00    0,00    0,00    0,00    0,00    0,00    0,00    0,00  100,00
20:52:51       6    0,00    0,00    0,99    0,00    0,00    0,00    0,00    0,00    0,00   99,01
20:52:51       7    0,00    0,00    0,00    0,00    0,00    0,00    0,00    0,00    0,00  100,00
20:52:51       8    4,04    0,00    2,02    0,00    0,00    0,00    0,00    0,00    0,00   93,94
20:52:51       9    0,99    0,00    0,00    0,00    0,00    0,00    0,00    0,00    0,00   99,01
20:52:51      10    0,00    0,00    0,00    0,00    0,00    0,00    0,00    0,00    0,00  100,00
20:52:51      11    0,00    0,00    0,00    0,00    0,00    0,00    0,00    0,00    0,00  100,00
20:52:51      12    0,00    0,00    0,00    0,00    0,00    0,00    0,00    0,00    0,00  100,00
20:52:51      13    0,00    0,00    0,00    0,00    0,00    0,00    0,00    0,00    0,00  100,00
20:52:51      14    0,99    0,00    0,00    0,00    0,00    0,00    0,00    0,00    0,00   99,01
20:52:51      15    0,00    0,00    0,00    0,00    0,00    0,00    0,00    0,00    0,00  100,00
20:52:51      16    0,00    0,00    0,00    0,00    0,00    0,00    0,00    0,00    0,00  100,00
20:52:51      17    0,00    0,00    0,00    0,00    0,00  100,00    0,00    0,00    0,00    0,00
20:52:51      18    0,00    0,00    0,00    0,00    0,00    0,00    0,00    0,00    0,00  100,00
20:52:51      19    0,00    0,00    0,00    0,00    0,00    0,00    0,00    0,00    0,00  100,00
20:52:51      20    0,00    0,00    0,99    0,00    0,00    0,00    0,00    0,00    0,00   99,01
20:52:51      21    0,00    0,00    0,00    0,00    0,00    0,00    0,00    0,00    0,00  100,00
20:52:51      22    0,00    0,00    0,00    0,00    0,00    0,00    0,00    0,00    0,00  100,00
20:52:51      23    0,00    0,00    0,99    0,00    0,00    0,00    0,00    0,00    0,00   99,01

20:52:51     CPU    %usr   %nice    %sys %iowait    %irq   %soft  %steal  %guest  %gnice   %idle
20:52:52     all    0,21    0,00    0,17    0,00    0,00    4,17    0,00    0,00    0,00   95,45
20:52:52       0    0,00    0,00    0,00    0,00    0,00    0,00    0,00    0,00    0,00  100,00
20:52:52       1    0,00    0,00    0,00    0,00    0,00    0,00    0,00    0,00    0,00  100,00
20:52:52       2    2,02    0,00    0,00    0,00    0,00    0,00    0,00    0,00    0,00   97,98
20:52:52       3    0,00    0,00    0,00    0,00    0,00    0,00    0,00    0,00    0,00  100,00
20:52:52       4    0,00    0,00    0,00    0,00    0,00    0,00    0,00    0,00    0,00  100,00
20:52:52       5    0,00    0,00    0,00    0,00    0,00    0,00    0,00    0,00    0,00  100,00
20:52:52       6    0,00    0,00    0,00    0,00    0,00    0,00    0,00    0,00    0,00  100,00
20:52:52       7    0,00    0,00    0,00    0,00    0,00    0,00    0,00    0,00    0,00  100,00
20:52:52       8    2,00    0,00    2,00    0,00    0,00    0,00    0,00    0,00    0,00   96,00
20:52:52       9    0,00    0,00    0,00    0,00    0,00    0,00    0,00    0,00    0,00  100,00
20:52:52      10    0,00    0,00    0,00    0,00    0,00    0,00    0,00    0,00    0,00  100,00
20:52:52      11    0,00    0,00    0,00    0,00    0,00    0,00    0,00    0,00    0,00  100,00
20:52:52      12    0,00    0,00    0,99    0,00    0,00    0,00    0,00    0,00    0,00   99,01
20:52:52      13    0,99    0,00    0,00    0,00    0,00    0,00    0,00    0,00    0,00   99,01
20:52:52      14    0,00    0,00    0,00    0,00    0,00    0,00    0,00    0,00    0,00  100,00
20:52:52      15    0,00    0,00    0,00    0,00    0,00    0,00    0,00    0,00    0,00  100,00
20:52:52      16    0,00    0,00    0,00    0,00    0,00    0,00    0,00    0,00    0,00  100,00
20:52:52      17    0,00    0,00    0,00    0,00    0,00  100,00    0,00    0,00    0,00    0,00
20:52:52      18    0,00    0,00    0,00    0,00    0,00    0,00    0,00    0,00    0,00  100,00
20:52:52      19    0,00    0,00    0,00    0,00    0,00    0,00    0,00    0,00    0,00  100,00
20:52:52      20    0,00    0,00    0,00    0,00    0,00    0,00    0,00    0,00    0,00  100,00
20:52:52      21    0,00    0,00    1,00    0,00    0,00    0,00    0,00    0,00    0,00   99,00
20:52:52      22    0,00    0,00    0,00    0,00    0,00    0,00    0,00    0,00    0,00  100,00
20:52:52      23    0,00    0,00    0,00    0,00    0,00    0,00    0,00    0,00    0,00  100,00

20:52:52     CPU    %usr   %nice    %sys %iowait    %irq   %soft  %steal  %guest  %gnice   %idle
20:52:53     all    0,25    0,00    0,08    0,00    0,00    4,17    0,00    0,00    0,00   95,49
20:52:53       0    0,00    0,00    0,00    0,00    0,00    0,00    0,00    0,00    0,00  100,00
20:52:53       1    0,00    0,00    0,00    0,00    0,00    0,00    0,00    0,00    0,00  100,00
20:52:53       2    2,00    0,00    1,00    0,00    0,00    0,00    0,00    0,00    0,00   97,00
20:52:53       3    0,00    0,00    0,00    0,00    0,00    0,00    0,00    0,00    0,00  100,00
20:52:53       4    0,00    0,00    0,00    0,00    0,00    0,00    0,00    0,00    0,00  100,00
20:52:53       5    0,00    0,00    0,00    0,00    0,00    0,00    0,00    0,00    0,00  100,00
20:52:53       6    2,00    0,00    0,00    0,00    0,00    0,00    0,00    0,00    0,00   98,00
20:52:53       7    0,00    0,00    0,00    0,00    0,00    0,00    0,00    0,00    0,00  100,00
20:52:53       8    2,00    0,00    1,00    0,00    0,00    0,00    0,00    0,00    0,00   97,00
20:52:53       9    0,00    0,00    0,00    0,00    0,00    0,00    0,00    0,00    0,00  100,00
20:52:53      10    0,00    0,00    0,00    0,00    0,00    0,00    0,00    0,00    0,00  100,00
20:52:53      11    0,00    0,00    0,00    0,00    0,00    0,00    0,00    0,00    0,00  100,00
20:52:53      12    0,00    0,00    0,00    0,00    0,00    0,00    0,00    0,00    0,00  100,00
20:52:53      13    0,00    0,00    0,00    0,00    0,00    0,00    0,00    0,00    0,00  100,00
20:52:53      14    0,00    0,00    0,00    0,00    0,00    0,00    0,00    0,00    0,00  100,00
20:52:53      15    0,00    0,00    0,00    0,00    0,00    0,00    0,00    0,00    0,00  100,00
20:52:53      16    0,00    0,00    0,00    0,00    0,00    0,00    0,00    0,00    0,00  100,00
20:52:53      17    0,00    0,00    0,00    0,00    0,00  100,00    0,00    0,00    0,00    0,00
20:52:53      18    0,00    0,00    0,00    0,00    0,00    0,00    0,00    0,00    0,00  100,00
20:52:53      19    0,00    0,00    0,00    0,00    0,00    0,00    0,00    0,00    0,00  100,00
20:52:53      20    0,00    0,00    0,00    0,00    0,00    0,00    0,00    0,00    0,00  100,00
20:52:53      21    0,00    0,00    0,00    0,00    0,00    0,00    0,00    0,00    0,00  100,00
20:52:53      22    0,00    0,00    0,00    0,00    0,00    0,00    0,00    0,00    0,00  100,00
20:52:53      23    0,00    0,00    0,00    0,00    0,00    0,00    0,00    0,00    0,00  100,00

20:52:53     CPU    %usr   %nice    %sys %iowait    %irq   %soft  %steal  %guest  %gnice   %idle
20:52:54     all    0,29    0,00    0,17    0,08    0,00    4,16    0,00    0,00    0,00   95,29
20:52:54       0    0,00    0,00    0,99    0,00    0,00    0,00    0,00    0,00    0,00   99,01
20:52:54       1    0,00    0,00    0,00    0,00    0,00    0,00    0,00    0,00    0,00  100,00
20:52:54       2    0,00    0,00    0,00    0,00    0,00    0,00    0,00    0,00    0,00  100,00
20:52:54       3    0,00    0,00    0,00    0,00    0,00    0,00    0,00    0,00    0,00  100,00
20:52:54       4    0,00    0,00    0,00    0,00    0,00    0,00    0,00    0,00    0,00  100,00
20:52:54       5    0,00    0,00    0,00    0,00    0,00    0,00    0,00    0,00    0,00  100,00
20:52:54       6    2,00    0,00    0,00    0,00    0,00    0,00    0,00    0,00    0,00   98,00
20:52:54       7    0,00    0,00    0,00    0,00    0,00    0,00    0,00    0,00    0,00  100,00
20:52:54       8    2,00    0,00    1,00    0,00    0,00    0,00    0,00    0,00    0,00   97,00
20:52:54       9    0,00    0,00    0,00    0,00    0,00    0,00    0,00    0,00    0,00  100,00
20:52:54      10    1,98    0,00    0,99    1,98    0,00    0,00    0,00    0,00    0,00   95,05
20:52:54      11    0,00    0,00    0,00    0,00    0,00    0,00    0,00    0,00    0,00  100,00
20:52:54      12    0,00    0,00    0,00    0,00    0,00    0,00    0,00    0,00    0,00  100,00
20:52:54      13    0,00    0,00    0,00    0,00    0,00    0,00    0,00    0,00    0,00  100,00
20:52:54      14    0,99    0,00    0,00    0,00    0,00    0,00    0,00    0,00    0,00   99,01
20:52:54      15    0,00    0,00    0,00    0,00    0,00    0,00    0,00    0,00    0,00  100,00
20:52:54      16    0,00    0,00    0,00    0,00    0,00    0,00    0,00    0,00    0,00  100,00
20:52:54      17    0,00    0,00    0,00    0,00    0,00  100,00    0,00    0,00    0,00    0,00
20:52:54      18    0,00    0,00    1,00    0,00    0,00    0,00    0,00    0,00    0,00   99,00
20:52:54      19    0,00    0,00    0,00    0,00    0,00    0,00    0,00    0,00    0,00  100,00
20:52:54      20    0,00    0,00    0,00    0,00    0,00    0,00    0,00    0,00    0,00  100,00
20:52:54      21    0,00    0,00    0,00    0,00    0,00    0,00    0,00    0,00    0,00  100,00
20:52:54      22    0,00    0,00    0,00    0,00    0,00    0,00    0,00    0,00    0,00  100,00
20:52:54      23    0,00    0,00    0,00    0,00    0,00    0,00    0,00    0,00    0,00  100,00

20:52:54     CPU    %usr   %nice    %sys %iowait    %irq   %soft  %steal  %guest  %gnice   %idle
20:52:55     all    0,25    0,00    0,21    0,00    0,00    4,17    0,00    0,00    0,00   95,37
20:52:55       0    0,00    0,00    0,00    0,00    0,00    0,00    0,00    0,00    0,00  100,00
20:52:55       1    0,00    0,00    0,00    0,00    0,00    0,00    0,00    0,00    0,00  100,00
20:52:55       2    0,00    0,00    0,00    0,00    0,00    0,00    0,00    0,00    0,00  100,00
20:52:55       3    0,00    0,00    0,00    0,00    0,00    0,00    0,00    0,00    0,00  100,00
20:52:55       4    0,00    0,00    0,00    0,00    0,00    0,00    0,00    0,00    0,00  100,00
20:52:55       5    0,00    0,00    0,00    0,00    0,00    0,00    0,00    0,00    0,00  100,00
20:52:55       6    1,01    0,00    1,01    0,00    0,00    0,00    0,00    0,00    0,00   97,98
20:52:55       7    0,00    0,00    0,00    0,00    0,00    0,00    0,00    0,00    0,00  100,00
20:52:55       8    2,97    0,00    0,99    0,00    0,00    0,00    0,00    0,00    0,00   96,04
20:52:55       9    0,00    0,00    0,00    0,00    0,00    0,00    0,00    0,00    0,00  100,00
20:52:55      10    2,02    0,00    0,00    0,00    0,00    0,00    0,00    0,00    0,00   97,98
20:52:55      11    0,00    0,00    0,00    0,00    0,00    0,00    0,00    0,00    0,00  100,00
20:52:55      12    0,00    0,00    0,00    0,00    0,00    0,00    0,00    0,00    0,00  100,00
20:52:55      13    0,00    0,00    0,00    0,00    0,00    0,00    0,00    0,00    0,00  100,00
20:52:55      14    0,00    0,00    1,00    0,00    0,00    0,00    0,00    0,00    0,00   99,00
20:52:55      15    0,00    0,00    0,00    0,00    0,00    0,00    0,00    0,00    0,00  100,00
20:52:55      16    0,00    0,00    0,00    0,00    0,00    0,00    0,00    0,00    0,00  100,00
20:52:55      17    0,00    0,00    0,99    0,00    0,00   99,01    0,00    0,00    0,00    0,00
20:52:55      18    0,00    0,00    0,00    0,00    0,00    0,00    0,00    0,00    0,00  100,00
20:52:55      19    0,00    0,00    0,00    0,00    0,00    0,00    0,00    0,00    0,00  100,00
20:52:55      20    0,00    0,00    0,00    0,00    0,00    0,00    0,00    0,00    0,00  100,00
20:52:55      21    0,00    0,00    0,00    0,00    0,00    0,00    0,00    0,00    0,00  100,00
20:52:55      22    0,00    0,00    0,99    0,00    0,00    0,00    0,00    0,00    0,00   99,01
20:52:55      23    0,00    0,00    0,00    0,00    0,00    0,00    0,00    0,00    0,00  100,00

20:52:55     CPU    %usr   %nice    %sys %iowait    %irq   %soft  %steal  %guest  %gnice   %idle
20:52:56     all    0,21    0,00    0,13    0,00    0,00    4,17    0,00    0,00    0,00   95,50
20:52:56       0    0,00    0,00    0,00    0,00    0,00    0,00    0,00    0,00    0,00  100,00
20:52:56       1    0,00    0,00    0,00    0,00    0,00    0,00    0,00    0,00    0,00  100,00
20:52:56       2    0,00    0,00    0,00    0,00    0,00    0,00    0,00    0,00    0,00  100,00
20:52:56       3    0,00    0,00    0,00    0,00    0,00    0,00    0,00    0,00    0,00  100,00
20:52:56       4    0,00    0,00    0,00    0,00    0,00    0,00    0,00    0,00    0,00  100,00
20:52:56       5    0,00    0,00    0,00    0,00    0,00    0,00    0,00    0,00    0,00  100,00
20:52:56       6    2,00    0,00    0,00    0,00    0,00    0,00    0,00    0,00    0,00   98,00
20:52:56       7    0,00    0,00    0,00    0,00    0,00    0,00    0,00    0,00    0,00  100,00
20:52:56       8    2,02    0,00    0,00    0,00    0,00    0,00    0,00    0,00    0,00   97,98
20:52:56       9    0,00    0,00    0,00    0,00    0,00    0,00    0,00    0,00    0,00  100,00
20:52:56      10    0,00    0,00    0,00    0,00    0,00    0,00    0,00    0,00    0,00  100,00
20:52:56      11    0,00    0,00    0,00    0,00    0,00    0,00    0,00    0,00    0,00  100,00
20:52:56      12    0,00    0,00    0,00    0,00    0,00    0,00    0,00    0,00    0,00  100,00
20:52:56      13    0,00    0,00    0,00    0,00    0,00    0,00    0,00    0,00    0,00  100,00
20:52:56      14    0,00    0,00    0,00    0,00    0,00    0,00    0,00    0,00    0,00  100,00
20:52:56      15    0,00    0,00    0,00    0,00    0,00    0,00    0,00    0,00    0,00  100,00
20:52:56      16    0,00    0,00    0,00    0,00    0,00    0,00    0,00    0,00    0,00  100,00
20:52:56      17    0,00    0,00    0,00    0,00    0,00  100,00    0,00    0,00    0,00    0,00
20:52:56      18    1,00    0,00    1,00    0,00    0,00    0,00    0,00    0,00    0,00   98,00
20:52:56      19    0,00    0,00    0,00    0,00    0,00    0,00    0,00    0,00    0,00  100,00
20:52:56      20    0,00    0,00    0,99    0,00    0,00    0,00    0,00    0,00    0,00   99,01
20:52:56      21    0,00    0,00    0,00    0,00    0,00    0,00    0,00    0,00    0,00  100,00
20:52:56      22    0,00    0,00    0,00    0,00    0,00    0,00    0,00    0,00    0,00  100,00
20:52:56      23    0,00    0,00    1,00    0,00    0,00    0,00    0,00    0,00    0,00   99,00

20:52:56     CPU    %usr   %nice    %sys %iowait    %irq   %soft  %steal  %guest  %gnice   %idle
20:52:57     all    0,33    0,00    0,17    0,00    0,00    4,17    0,00    0,00    0,00   95,33
20:52:57       0    0,00    0,00    0,00    0,00    0,00    0,00    0,00    0,00    0,00  100,00
20:52:57       1    0,00    0,00    0,00    0,00    0,00    0,00    0,00    0,00    0,00  100,00
20:52:57       2    0,00    0,00    0,00    0,00    0,00    0,00    0,00    0,00    0,00  100,00
20:52:57       3    0,00    0,00    0,00    0,00    0,00    0,00    0,00    0,00    0,00  100,00
20:52:57       4    1,98    0,00    0,99    0,00    0,00    0,00    0,00    0,00    0,00   97,03
20:52:57       5    0,00    0,00    0,00    0,00    0,00    0,00    0,00    0,00    0,00  100,00
20:52:57       6    0,99    0,00    0,99    0,00    0,00    0,00    0,00    0,00    0,00   98,02
20:52:57       7    0,00    0,00    0,00    0,00    0,00    0,00    0,00    0,00    0,00  100,00
20:52:57       8    3,00    0,00    2,00    0,00    0,00    0,00    0,00    0,00    0,00   95,00
20:52:57       9    0,00    0,00    0,00    0,00    0,00    0,00    0,00    0,00    0,00  100,00
20:52:57      10    0,00    0,00    0,00    0,00    0,00    0,00    0,00    0,00    0,00  100,00
20:52:57      11    0,00    0,00    0,00    0,00    0,00    0,00    0,00    0,00    0,00  100,00
20:52:57      12    0,00    0,00    0,00    0,00    0,00    0,00    0,00    0,00    0,00  100,00
20:52:57      13    0,00    0,00    0,00    0,00    0,00    0,00    0,00    0,00    0,00  100,00
20:52:57      14    0,00    0,00    0,00    0,00    0,00    0,00    0,00    0,00    0,00  100,00
20:52:57      15    0,00    0,00    0,00    0,00    0,00    0,00    0,00    0,00    0,00  100,00
20:52:57      16    0,00    0,00    0,00    0,00    0,00    0,00    0,00    0,00    0,00  100,00
20:52:57      17    0,00    0,00    0,00    0,00    0,00  100,00    0,00    0,00    0,00    0,00
20:52:57      18    1,00    0,00    0,00    0,00    0,00    0,00    0,00    0,00    0,00   99,00
20:52:57      19    0,99    0,00    0,00    0,00    0,00    0,00    0,00    0,00    0,00   99,01
20:52:57      20    0,00    0,00    0,00    0,00    0,00    0,00    0,00    0,00    0,00  100,00
20:52:57      21    0,00    0,00    0,00    0,00    0,00    0,00    0,00    0,00    0,00  100,00
20:52:57      22    0,00    0,00    0,00    0,00    0,00    0,00    0,00    0,00    0,00  100,00
20:52:57      23    0,00    0,00    0,00    0,00    0,00    0,00    0,00    0,00    0,00  100,00

20:52:57     CPU    %usr   %nice    %sys %iowait    %irq   %soft  %steal  %guest  %gnice   %idle
20:52:58     all    0,29    0,00    0,13    0,00    0,00    4,17    0,00    0,00    0,00   95,41
20:52:58       0    0,00    0,00    0,00    0,00    0,00    0,00    0,00    0,00    0,00  100,00
20:52:58       1    0,00    0,00    0,00    0,00    0,00    0,00    0,00    0,00    0,00  100,00
20:52:58       2    0,00    0,00    0,00    0,00    0,00    0,00    0,00    0,00    0,00  100,00
20:52:58       3    0,00    0,00    0,00    0,00    0,00    0,00    0,00    0,00    0,00  100,00
20:52:58       4    0,00    0,00    0,00    0,00    0,00    0,00    0,00    0,00    0,00  100,00
20:52:58       5    0,00    0,00    0,00    0,00    0,00    0,00    0,00    0,00    0,00  100,00
20:52:58       6    2,00    0,00    0,00    0,00    0,00    0,00    0,00    0,00    0,00   98,00
20:52:58       7    0,00    0,00    0,00    0,00    0,00    0,00    0,00    0,00    0,00  100,00
20:52:58       8    2,97    0,00    0,99    0,00    0,00    0,00    0,00    0,00    0,00   96,04
20:52:58       9    0,00    0,00    0,00    0,00    0,00    0,00    0,00    0,00    0,00  100,00
20:52:58      10    1,01    0,00    1,01    0,00    0,00    0,00    0,00    0,00    0,00   97,98
20:52:58      11    0,00    0,00    0,00    0,00    0,00    0,00    0,00    0,00    0,00  100,00
20:52:58      12    0,00    0,00    0,00    0,00    0,00    0,00    0,00    0,00    0,00  100,00
20:52:58      13    0,00    0,00    0,00    0,00    0,00    0,00    0,00    0,00    0,00  100,00
20:52:58      14    0,00    0,00    0,00    0,00    0,00    0,00    0,00    0,00    0,00  100,00
20:52:58      15    0,00    0,00    0,00    0,00    0,00    0,00    0,00    0,00    0,00  100,00
20:52:58      16    0,00    0,00    0,00    0,00    0,00    0,00    0,00    0,00    0,00  100,00
20:52:58      17    0,00    0,00    0,00    0,00    0,00  100,00    0,00    0,00    0,00    0,00
20:52:58      18    0,00    0,00    0,00    0,00    0,00    0,00    0,00    0,00    0,00  100,00
20:52:58      19    0,00    0,00    0,00    0,00    0,00    0,00    0,00    0,00    0,00  100,00
20:52:58      20    0,00    0,00    0,00    0,00    0,00    0,00    0,00    0,00    0,00  100,00
20:52:58      21    0,00    0,00    0,99    0,00    0,00    0,00    0,00    0,00    0,00   99,01
20:52:58      22    0,99    0,00    0,00    0,00    0,00    0,00    0,00    0,00    0,00   99,01
20:52:58      23    0,00    0,00    0,00    0,00    0,00    0,00    0,00    0,00    0,00  100,00

20:52:58     CPU    %usr   %nice    %sys %iowait    %irq   %soft  %steal  %guest  %gnice   %idle
20:52:59     all    1,00    0,00    0,50    0,08    0,00    4,17    0,00    0,00    0,00   94,24
20:52:59       0    1,00    0,00    0,00    0,00    0,00    0,00    0,00    0,00    0,00   99,00
20:52:59       1    0,00    0,00    1,00    0,00    0,00    0,00    0,00    0,00    0,00   99,00
20:52:59       2    0,00    0,00    0,99    0,00    0,00    0,00    0,00    0,00    0,00   99,01
20:52:59       3    0,00    0,00    0,00    0,00    0,00    0,00    0,00    0,00    0,00  100,00
20:52:59       4    0,00    0,00    0,00    0,00    0,00    0,00    0,00    0,00    0,00  100,00
20:52:59       5    0,00    0,00    0,00    0,00    0,00    0,00    0,00    0,00    0,00  100,00
20:52:59       6    0,00    0,00    0,00    0,00    0,00    0,00    0,00    0,00    0,00  100,00
20:52:59       7    0,00    0,00    0,00    0,00    0,00    0,00    0,00    0,00    0,00  100,00
20:52:59       8    4,04    0,00    1,01    0,00    0,00    0,00    0,00    0,00    0,00   94,95
20:52:59       9    5,00    0,00    1,00    0,00    0,00    0,00    0,00    0,00    0,00   94,00
20:52:59      10    6,00    0,00    3,00    1,00    0,00    0,00    0,00    0,00    0,00   90,00
20:52:59      11    0,00    0,00    0,00    0,00    0,00    0,00    0,00    0,00    0,00  100,00
20:52:59      12    1,00    0,00    1,00    0,00    0,00    0,00    0,00    0,00    0,00   98,00
20:52:59      13    0,00    0,00    0,00    0,00    0,00    0,00    0,00    0,00    0,00  100,00
20:52:59      14    0,00    0,00    0,00    0,00    0,00    0,00    0,00    0,00    0,00  100,00
20:52:59      15    0,00    0,00    0,00    0,00    0,00    0,00    0,00    0,00    0,00  100,00
20:52:59      16    0,00    0,00    0,00    1,00    0,00    0,00    0,00    0,00    0,00   99,00
20:52:59      17    0,00    0,00    0,00    0,00    0,00  100,00    0,00    0,00    0,00    0,00
20:52:59      18    3,03    0,00    0,00    0,00    0,00    0,00    0,00    0,00    0,00   96,97
20:52:59      19    1,01    0,00    0,00    0,00    0,00    0,00    0,00    0,00    0,00   98,99
20:52:59      20    1,00    0,00    1,00    0,00    0,00    0,00    0,00    0,00    0,00   98,00
20:52:59      21    1,00    0,00    1,00    0,00    0,00    0,00    0,00    0,00    0,00   98,00
20:52:59      22    0,00    0,00    1,00    0,00    0,00    0,00    0,00    0,00    0,00   99,00
20:52:59      23    1,00    0,00    1,00    0,00    0,00    0,00    0,00    0,00    0,00   98,00
