Linux 6.8.0-111-generic (testbed-node6) 	06/05/26 	_x86_64_	(24 CPU)

02:12:13     CPU    %usr   %nice    %sys %iowait    %irq   %soft  %steal  %guest  %gnice   %idle
02:12:14     all    5,62    0,00    0,12    0,04    0,00    0,00    0,00    0,00    0,00   94,21
02:12:14       0    6,00    0,00    1,00    0,00    0,00    0,00    0,00    0,00    0,00   93,00
02:12:14       1    0,00    0,00    0,00    0,00    0,00    0,00    0,00    0,00    0,00  100,00
02:12:14       2    1,00    0,00    0,00    0,00    0,00    0,00    0,00    0,00    0,00   99,00
02:12:14       3    0,00    0,00    0,00    1,00    0,00    0,00    0,00    0,00    0,00   99,00
02:12:14       4    0,00    0,00    1,00    0,00    0,00    0,00    0,00    0,00    0,00   99,00
02:12:14       5    0,00    0,00    0,00    0,00    0,00    0,00    0,00    0,00    0,00  100,00
02:12:14       6    0,00    0,00    0,00    0,00    0,00    0,00    0,00    0,00    0,00  100,00
02:12:14       7    0,00    0,00    0,00    0,00    0,00    0,00    0,00    0,00    0,00  100,00
02:12:14       8  100,00    0,00    0,00    0,00    0,00    0,00    0,00    0,00    0,00    0,00
02:12:14       9    0,00    0,00    0,00    0,00    0,00    0,00    0,00    0,00    0,00  100,00
02:12:14      10    8,91    0,00    0,99    0,00    0,00    0,00    0,00    0,00    0,00   90,10
02:12:14      11    0,00    0,00    0,00    0,00    0,00    0,00    0,00    0,00    0,00  100,00
02:12:14      12    0,00    0,00    0,00    0,00    0,00    0,00    0,00    0,00    0,00  100,00
02:12:14      13    0,00    0,00    0,00    0,00    0,00    0,00    0,00    0,00    0,00  100,00
02:12:14      14   11,00    0,00    0,00    0,00    0,00    0,00    0,00    0,00    0,00   89,00
02:12:14      15    0,00    0,00    0,00    0,00    0,00    0,00    0,00    0,00    0,00  100,00
02:12:14      16    3,92    0,00    0,00    0,00    0,00    0,00    0,00    0,00    0,00   96,08
02:12:14      17    0,99    0,00    0,00    0,00    0,00    0,00    0,00    0,00    0,00   99,01
02:12:14      18    1,01    0,00    0,00    0,00    0,00    0,00    0,00    0,00    0,00   98,99
02:12:14      19    1,00    0,00    0,00    0,00    0,00    0,00    0,00    0,00    0,00   99,00
02:12:14      20    0,00    0,00    0,00    0,00    0,00    0,00    0,00    0,00    0,00  100,00
02:12:14      21    0,00    0,00    0,00    0,00    0,00    0,00    0,00    0,00    0,00  100,00
02:12:14      22    0,00    0,00    0,00    0,00    0,00    0,00    0,00    0,00    0,00  100,00
02:12:14      23    1,00    0,00    0,00    0,00    0,00    0,00    0,00    0,00    0,00   99,00

02:12:14     CPU    %usr   %nice    %sys %iowait    %irq   %soft  %steal  %guest  %gnice   %idle
02:12:15     all    4,34    0,00    0,00    0,00    0,00    0,00    0,00    0,00    0,00   95,66
02:12:15       0    0,00    0,00    0,00    0,00    0,00    0,00    0,00    0,00    0,00  100,00
02:12:15       1    0,00    0,00    0,00    0,00    0,00    0,00    0,00    0,00    0,00  100,00
02:12:15       2    0,00    0,00    0,00    0,00    0,00    0,00    0,00    0,00    0,00  100,00
02:12:15       3    0,00    0,00    0,00    0,00    0,00    0,00    0,00    0,00    0,00  100,00
02:12:15       4    0,00    0,00    0,00    0,00    0,00    0,00    0,00    0,00    0,00  100,00
02:12:15       5    0,00    0,00    0,00    0,00    0,00    0,00    0,00    0,00    0,00  100,00
02:12:15       6    0,00    0,00    0,00    0,00    0,00    0,00    0,00    0,00    0,00  100,00
02:12:15       7    0,00    0,00    0,00    0,00    0,00    0,00    0,00    0,00    0,00  100,00
02:12:15       8  100,00    0,00    0,00    0,00    0,00    0,00    0,00    0,00    0,00    0,00
02:12:15       9    0,00    0,00    0,00    0,00    0,00    0,00    0,00    0,00    0,00  100,00
02:12:15      10    2,02    0,00    0,00    0,00    0,00    0,00    0,00    0,00    0,00   97,98
02:12:15      11    0,00    0,00    0,00    0,00    0,00    0,00    0,00    0,00    0,00  100,00
02:12:15      12    0,00    0,00    0,00    0,00    0,00    0,00    0,00    0,00    0,00  100,00
02:12:15      13    0,00    0,00    0,00    0,00    0,00    0,00    0,00    0,00    0,00  100,00
02:12:15      14    0,00    0,00    0,00    0,00    0,00    0,00    0,00    0,00    0,00  100,00
02:12:15      15    0,00    0,00    0,00    0,00    0,00    0,00    0,00    0,00    0,00  100,00
02:12:15      16    1,00    0,00    0,00    0,00    0,00    0,00    0,00    0,00    0,00   99,00
02:12:15      17    1,00    0,00    0,00    0,00    0,00    0,00    0,00    0,00    0,00   99,00
02:12:15      18    0,00    0,00    0,00    0,00    0,00    0,00    0,00    0,00    0,00  100,00
02:12:15      19    0,00    0,00    0,00    0,00    0,00    0,00    0,00    0,00    0,00  100,00
02:12:15      20    0,00    0,00    0,00    0,00    0,00    0,00    0,00    0,00    0,00  100,00
02:12:15      21    0,00    0,00    0,00    0,00    0,00    0,00    0,00    0,00    0,00  100,00
02:12:15      22    0,00    0,00    0,00    0,00    0,00    0,00    0,00    0,00    0,00  100,00
02:12:15      23    0,00    0,00    0,00    0,00    0,00    0,00    0,00    0,00    0,00  100,00

02:12:15     CPU    %usr   %nice    %sys %iowait    %irq   %soft  %steal  %guest  %gnice   %idle
02:12:16     all    6,49    0,00    0,58    0,00    0,00    0,00    0,00    0,00    0,00   92,93
02:12:16       0    1,01    0,00    0,00    0,00    0,00    0,00    0,00    0,00    0,00   98,99
02:12:16       1    0,00    0,00    0,00    0,00    0,00    0,00    0,00    0,00    0,00  100,00
02:12:16       2    3,96    0,00    2,97    0,00    0,00    0,00    0,00    0,00    0,00   93,07
02:12:16       3    0,00    0,00    0,00    0,00    0,00    0,00    0,00    0,00    0,00  100,00
02:12:16       4   14,00    0,00    0,00    0,00    0,00    0,00    0,00    0,00    0,00   86,00
02:12:16       5    0,00    0,00    0,00    0,00    0,00    0,00    0,00    0,00    0,00  100,00
02:12:16       6    0,99    0,00    0,99    0,00    0,00    0,00    0,00    0,00    0,00   98,02
02:12:16       7    0,00    0,00    0,00    0,00    0,00    0,00    0,00    0,00    0,00  100,00
02:12:16       8  100,00    0,00    0,00    0,00    0,00    0,00    0,00    0,00    0,00    0,00
02:12:16       9    0,00    0,00    0,00    0,00    0,00    0,00    0,00    0,00    0,00  100,00
02:12:16      10   14,85    0,00    0,99    0,00    0,00    0,00    0,00    0,00    0,00   84,16
02:12:16      11    0,00    0,00    0,00    0,00    0,00    0,00    0,00    0,00    0,00  100,00
02:12:16      12    1,00    0,00    0,00    0,00    0,00    0,00    0,00    0,00    0,00   99,00
02:12:16      13    0,00    0,00    0,00    0,00    0,00    0,00    0,00    0,00    0,00  100,00
02:12:16      14    0,99    0,00    0,00    0,00    0,00    0,00    0,00    0,00    0,00   99,01
02:12:16      15    0,99    0,00    0,00    0,00    0,00    0,00    0,00    0,00    0,00   99,01
02:12:16      16    6,86    0,00    0,98    0,00    0,00    0,00    0,00    0,00    0,00   92,16
02:12:16      17    2,00    0,00    2,00    0,00    0,00    0,00    0,00    0,00    0,00   96,00
02:12:16      18    3,00    0,00    2,00    0,00    0,00    0,00    0,00    0,00    0,00   95,00
02:12:16      19    0,00    0,00    1,00    0,00    0,00    0,00    0,00    0,00    0,00   99,00
02:12:16      20    3,00    0,00    1,00    0,00    0,00    0,00    0,00    0,00    0,00   96,00
02:12:16      21    0,99    0,00    0,99    0,00    0,00    0,00    0,00    0,00    0,00   98,02
02:12:16      22    2,00    0,00    1,00    0,00    0,00    0,00    0,00    0,00    0,00   97,00
02:12:16      23    0,00    0,00    0,00    0,00    0,00    0,00    0,00    0,00    0,00  100,00

02:12:16     CPU    %usr   %nice    %sys %iowait    %irq   %soft  %steal  %guest  %gnice   %idle
02:12:17     all    4,42    0,00    0,00    0,00    0,00    0,00    0,00    0,00    0,00   95,58
02:12:17       0    1,00    0,00    0,00    0,00    0,00    0,00    0,00    0,00    0,00   99,00
02:12:17       1    0,00    0,00    0,00    0,00    0,00    0,00    0,00    0,00    0,00  100,00
02:12:17       2    0,00    0,00    0,00    0,00    0,00    0,00    0,00    0,00    0,00  100,00
02:12:17       3    0,00    0,00    0,00    0,00    0,00    0,00    0,00    0,00    0,00  100,00
02:12:17       4    4,00    0,00    0,00    0,00    0,00    0,00    0,00    0,00    0,00   96,00
02:12:17       5    0,00    0,00    0,00    0,00    0,00    0,00    0,00    0,00    0,00  100,00
02:12:17       6    0,00    0,00    0,00    0,00    0,00    0,00    0,00    0,00    0,00  100,00
02:12:17       7    0,00    0,00    0,00    0,00    0,00    0,00    0,00    0,00    0,00  100,00
02:12:17       8  100,00    0,00    0,00    0,00    0,00    0,00    0,00    0,00    0,00    0,00
02:12:17       9    0,00    0,00    0,00    0,00    0,00    0,00    0,00    0,00    0,00  100,00
02:12:17      10    0,00    0,00    0,00    0,00    0,00    0,00    0,00    0,00    0,00  100,00
02:12:17      11    0,00    0,00    0,00    0,00    0,00    0,00    0,00    0,00    0,00  100,00
02:12:17      12    1,00    0,00    0,00    0,00    0,00    0,00    0,00    0,00    0,00   99,00
02:12:17      13    0,00    0,00    0,00    0,00    0,00    0,00    0,00    0,00    0,00  100,00
02:12:17      14    0,00    0,00    0,00    0,00    0,00    0,00    0,00    0,00    0,00  100,00
02:12:17      15    0,00    0,00    0,00    0,00    0,00    0,00    0,00    0,00    0,00  100,00
02:12:17      16    0,00    0,00    0,00    0,00    0,00    0,00    0,00    0,00    0,00  100,00
02:12:17      17    0,00    0,00    0,00    0,00    0,00    0,00    0,00    0,00    0,00  100,00
02:12:17      18    0,00    0,00    0,00    0,00    0,00    0,00    0,00    0,00    0,00  100,00
02:12:17      19    0,00    0,00    0,00    0,00    0,00    0,00    0,00    0,00    0,00  100,00
02:12:17      20    0,00    0,00    0,00    0,00    0,00    0,00    0,00    0,00    0,00  100,00
02:12:17      21    0,00    0,00    0,00    0,00    0,00    0,00    0,00    0,00    0,00  100,00
02:12:17      22    0,00    0,00    0,00    0,00    0,00    0,00    0,00    0,00    0,00  100,00
02:12:17      23    0,00    0,00    0,00    0,00    0,00    0,00    0,00    0,00    0,00  100,00

02:12:17     CPU    %usr   %nice    %sys %iowait    %irq   %soft  %steal  %guest  %gnice   %idle
02:12:18     all    4,29    0,00    0,00    0,04    0,00    0,00    0,00    0,00    0,00   95,66
02:12:18       0    0,00    0,00    0,00    0,00    0,00    0,00    0,00    0,00    0,00  100,00
02:12:18       1    0,00    0,00    0,00    0,00    0,00    0,00    0,00    0,00    0,00  100,00
02:12:18       2    0,99    0,00    0,00    0,00    0,00    0,00    0,00    0,00    0,00   99,01
02:12:18       3    0,00    0,00    0,00    0,00    0,00    0,00    0,00    0,00    0,00  100,00
02:12:18       4    0,00    0,00    0,00    0,00    0,00    0,00    0,00    0,00    0,00  100,00
02:12:18       5    0,00    0,00    0,00    0,00    0,00    0,00    0,00    0,00    0,00  100,00
02:12:18       6    0,00    0,00    0,00    0,00    0,00    0,00    0,00    0,00    0,00  100,00
02:12:18       7    0,00    0,00    0,00    0,00    0,00    0,00    0,00    0,00    0,00  100,00
02:12:18       8  100,00    0,00    0,00    0,00    0,00    0,00    0,00    0,00    0,00    0,00
02:12:18       9    0,00    0,00    0,00    0,00    0,00    0,00    0,00    0,00    0,00  100,00
02:12:18      10    0,00    0,00    0,00    0,00    0,00    0,00    0,00    0,00    0,00  100,00
02:12:18      11    2,00    0,00    0,00    0,00    0,00    0,00    0,00    0,00    0,00   98,00
02:12:18      12    0,00    0,00    0,00    0,00    0,00    0,00    0,00    0,00    0,00  100,00
02:12:18      13    0,00    0,00    0,00    0,00    0,00    0,00    0,00    0,00    0,00  100,00
02:12:18      14    0,00    0,00    0,00    0,00    0,00    0,00    0,00    0,00    0,00  100,00
02:12:18      15    0,00    0,00    0,00    0,00    0,00    0,00    0,00    0,00    0,00  100,00
02:12:18      16    0,00    0,00    0,00    0,00    0,00    0,00    0,00    0,00    0,00  100,00
02:12:18      17    0,00    0,00    0,00    0,00    0,00    0,00    0,00    0,00    0,00  100,00
02:12:18      18    0,00    0,00    0,00    0,00    0,00    0,00    0,00    0,00    0,00  100,00
02:12:18      19    0,00    0,00    0,00    0,00    0,00    0,00    0,00    0,00    0,00  100,00
02:12:18      20    0,00    0,00    0,00    0,00    0,00    0,00    0,00    0,00    0,00  100,00
02:12:18      21    0,00    0,00    0,00    1,01    0,00    0,00    0,00    0,00    0,00   98,99
02:12:18      22    0,00    0,00    0,00    0,00    0,00    0,00    0,00    0,00    0,00  100,00
02:12:18      23    0,00    0,00    0,00    0,00    0,00    0,00    0,00    0,00    0,00  100,00

02:12:18     CPU    %usr   %nice    %sys %iowait    %irq   %soft  %steal  %guest  %gnice   %idle
02:12:19     all    4,45    0,00    0,04    0,00    0,00    0,00    0,00    0,00    0,00   95,51
02:12:19       0    0,00    0,00    0,00    0,00    0,00    0,00    0,00    0,00    0,00  100,00
02:12:19       1    0,00    0,00    0,00    0,00    0,00    0,00    0,00    0,00    0,00  100,00
02:12:19       2    0,00    0,00    0,00    0,00    0,00    0,00    0,00    0,00    0,00  100,00
02:12:19       3    0,00    0,00    0,00    0,00    0,00    0,00    0,00    0,00    0,00  100,00
02:12:19       4    0,00    0,00    0,00    0,00    0,00    0,00    0,00    0,00    0,00  100,00
02:12:19       5    0,00    0,00    0,00    0,00    0,00    0,00    0,00    0,00    0,00  100,00
02:12:19       6    0,00    0,00    0,00    0,00    0,00    0,00    0,00    0,00    0,00  100,00
02:12:19       7    0,00    0,00    0,00    0,00    0,00    0,00    0,00    0,00    0,00  100,00
02:12:19       8  100,00    0,00    0,00    0,00    0,00    0,00    0,00    0,00    0,00    0,00
02:12:19       9    0,00    0,00    0,00    0,00    0,00    0,00    0,00    0,00    0,00  100,00
02:12:19      10    0,99    0,00    0,00    0,00    0,00    0,00    0,00    0,00    0,00   99,01
02:12:19      11    4,95    0,00    0,00    0,00    0,00    0,00    0,00    0,00    0,00   95,05
02:12:19      12    0,00    0,00    0,00    0,00    0,00    0,00    0,00    0,00    0,00  100,00
02:12:19      13    0,99    0,00    0,00    0,00    0,00    0,00    0,00    0,00    0,00   99,01
02:12:19      14    0,00    0,00    0,00    0,00    0,00    0,00    0,00    0,00    0,00  100,00
02:12:19      15    0,00    0,00    0,00    0,00    0,00    0,00    0,00    0,00    0,00  100,00
02:12:19      16    0,00    0,00    0,00    0,00    0,00    0,00    0,00    0,00    0,00  100,00
02:12:19      17    0,00    0,00    0,00    0,00    0,00    0,00    0,00    0,00    0,00  100,00
02:12:19      18    0,00    0,00    0,00    0,00    0,00    0,00    0,00    0,00    0,00  100,00
02:12:19      19    0,00    0,00    0,00    0,00    0,00    0,00    0,00    0,00    0,00  100,00
02:12:19      20    0,00    0,00    0,00    0,00    0,00    0,00    0,00    0,00    0,00  100,00
02:12:19      21    0,00    0,00    0,00    0,00    0,00    0,00    0,00    0,00    0,00  100,00
02:12:19      22    0,00    0,00    0,00    0,00    0,00    0,00    0,00    0,00    0,00  100,00
02:12:19      23    0,00    0,00    0,99    0,00    0,00    0,00    0,00    0,00    0,00   99,01

02:12:19     CPU    %usr   %nice    %sys %iowait    %irq   %soft  %steal  %guest  %gnice   %idle
02:12:20     all    4,46    0,00    0,04    0,00    0,00    0,00    0,00    0,00    0,00   95,50
02:12:20       0    0,99    0,00    0,00    0,00    0,00    0,00    0,00    0,00    0,00   99,01
02:12:20       1    0,00    0,00    0,00    0,00    0,00    0,00    0,00    0,00    0,00  100,00
02:12:20       2    0,00    0,00    0,00    0,00    0,00    0,00    0,00    0,00    0,00  100,00
02:12:20       3    0,00    0,00    0,00    0,00    0,00    0,00    0,00    0,00    0,00  100,00
02:12:20       4    0,00    0,00    1,00    0,00    0,00    0,00    0,00    0,00    0,00   99,00
02:12:20       5    0,00    0,00    0,00    0,00    0,00    0,00    0,00    0,00    0,00  100,00
02:12:20       6    0,99    0,00    0,00    0,00    0,00    0,00    0,00    0,00    0,00   99,01
02:12:20       7    0,00    0,00    0,00    0,00    0,00    0,00    0,00    0,00    0,00  100,00
02:12:20       8  100,00    0,00    0,00    0,00    0,00    0,00    0,00    0,00    0,00    0,00
02:12:20       9    0,00    0,00    0,00    0,00    0,00    0,00    0,00    0,00    0,00  100,00
02:12:20      10    0,00    0,00    0,00    0,00    0,00    0,00    0,00    0,00    0,00  100,00
02:12:20      11    4,04    0,00    0,00    0,00    0,00    0,00    0,00    0,00    0,00   95,96
02:12:20      12    0,00    0,00    0,00    0,00    0,00    0,00    0,00    0,00    0,00  100,00
02:12:20      13    0,00    0,00    0,00    0,00    0,00    0,00    0,00    0,00    0,00  100,00
02:12:20      14    0,00    0,00    0,00    0,00    0,00    0,00    0,00    0,00    0,00  100,00
02:12:20      15    0,00    0,00    0,00    0,00    0,00    0,00    0,00    0,00    0,00  100,00
02:12:20      16    0,00    0,00    0,00    0,00    0,00    0,00    0,00    0,00    0,00  100,00
02:12:20      17    0,00    0,00    0,00    0,00    0,00    0,00    0,00    0,00    0,00  100,00
02:12:20      18    0,00    0,00    0,00    0,00    0,00    0,00    0,00    0,00    0,00  100,00
02:12:20      19    0,99    0,00    0,00    0,00    0,00    0,00    0,00    0,00    0,00   99,01
02:12:20      20    0,00    0,00    0,00    0,00    0,00    0,00    0,00    0,00    0,00  100,00
02:12:20      21    0,00    0,00    0,00    0,00    0,00    0,00    0,00    0,00    0,00  100,00
02:12:20      22    0,00    0,00    0,00    0,00    0,00    0,00    0,00    0,00    0,00  100,00
02:12:20      23    0,00    0,00    0,00    0,00    0,00    0,00    0,00    0,00    0,00  100,00

02:12:20     CPU    %usr   %nice    %sys %iowait    %irq   %soft  %steal  %guest  %gnice   %idle
02:12:21     all    4,34    0,00    0,04    0,04    0,00    0,00    0,00    0,00    0,00   95,58
02:12:21       0    0,00    0,00    0,00    0,00    0,00    0,00    0,00    0,00    0,00  100,00
02:12:21       1    0,00    0,00    0,00    0,00    0,00    0,00    0,00    0,00    0,00  100,00
02:12:21       2    1,01    0,00    0,00    0,00    0,00    0,00    0,00    0,00    0,00   98,99
02:12:21       3    0,00    0,00    0,00    0,00    0,00    0,00    0,00    0,00    0,00  100,00
02:12:21       4    0,00    0,00    0,00    0,00    0,00    0,00    0,00    0,00    0,00  100,00
02:12:21       5    0,00    0,00    0,00    0,00    0,00    0,00    0,00    0,00    0,00  100,00
02:12:21       6    0,00    0,00    0,00    0,00    0,00    0,00    0,00    0,00    0,00  100,00
02:12:21       7    0,00    0,00    0,00    0,00    0,00    0,00    0,00    0,00    0,00  100,00
02:12:21       8   99,01    0,00    0,99    0,00    0,00    0,00    0,00    0,00    0,00    0,00
02:12:21       9    0,00    0,00    0,00    0,00    0,00    0,00    0,00    0,00    0,00  100,00
02:12:21      10    0,00    0,00    0,00    0,00    0,00    0,00    0,00    0,00    0,00  100,00
02:12:21      11    2,00    0,00    0,00    0,00    0,00    0,00    0,00    0,00    0,00   98,00
02:12:21      12    0,00    0,00    0,00    1,01    0,00    0,00    0,00    0,00    0,00   98,99
02:12:21      13    0,00    0,00    0,00    0,00    0,00    0,00    0,00    0,00    0,00  100,00
02:12:21      14    0,00    0,00    0,00    0,00    0,00    0,00    0,00    0,00    0,00  100,00
02:12:21      15    0,00    0,00    0,00    0,00    0,00    0,00    0,00    0,00    0,00  100,00
02:12:21      16    1,00    0,00    0,00    0,00    0,00    0,00    0,00    0,00    0,00   99,00
02:12:21      17    0,00    0,00    0,00    0,00    0,00    0,00    0,00    0,00    0,00  100,00
02:12:21      18    0,00    0,00    0,00    0,00    0,00    0,00    0,00    0,00    0,00  100,00
02:12:21      19    0,00    0,00    0,00    0,00    0,00    0,00    0,00    0,00    0,00  100,00
02:12:21      20    0,00    0,00    0,00    0,00    0,00    0,00    0,00    0,00    0,00  100,00
02:12:21      21    0,00    0,00    0,00    0,00    0,00    0,00    0,00    0,00    0,00  100,00
02:12:21      22    0,00    0,00    0,00    0,00    0,00    0,00    0,00    0,00    0,00  100,00
02:12:21      23    0,00    0,00    0,00    0,00    0,00    0,00    0,00    0,00    0,00  100,00

02:12:21     CPU    %usr   %nice    %sys %iowait    %irq   %soft  %steal  %guest  %gnice   %idle
02:12:22     all    4,53    0,00    0,00    0,00    0,00    0,00    0,00    0,00    0,00   95,47
02:12:22       0    0,00    0,00    0,00    0,00    0,00    0,00    0,00    0,00    0,00  100,00
02:12:22       1    0,00    0,00    0,00    0,00    0,00    0,00    0,00    0,00    0,00  100,00
02:12:22       2    0,00    0,00    0,00    0,00    0,00    0,00    0,00    0,00    0,00  100,00
02:12:22       3    0,00    0,00    0,00    0,00    0,00    0,00    0,00    0,00    0,00  100,00
02:12:22       4    0,00    0,00    0,00    0,00    0,00    0,00    0,00    0,00    0,00  100,00
02:12:22       5    0,00    0,00    0,00    0,00    0,00    0,00    0,00    0,00    0,00  100,00
02:12:22       6    0,00    0,00    0,00    0,00    0,00    0,00    0,00    0,00    0,00  100,00
02:12:22       7    0,00    0,00    0,00    0,00    0,00    0,00    0,00    0,00    0,00  100,00
02:12:22       8  100,00    0,00    0,00    0,00    0,00    0,00    0,00    0,00    0,00    0,00
02:12:22       9    0,00    0,00    0,00    0,00    0,00    0,00    0,00    0,00    0,00  100,00
02:12:22      10    0,00    0,00    0,00    0,00    0,00    0,00    0,00    0,00    0,00  100,00
02:12:22      11    4,95    0,00    0,00    0,00    0,00    0,00    0,00    0,00    0,00   95,05
02:12:22      12    0,99    0,00    0,00    0,00    0,00    0,00    0,00    0,00    0,00   99,01
02:12:22      13    0,00    0,00    0,00    0,00    0,00    0,00    0,00    0,00    0,00  100,00
02:12:22      14    0,00    0,00    0,00    0,00    0,00    0,00    0,00    0,00    0,00  100,00
02:12:22      15    0,00    0,00    0,00    0,00    0,00    0,00    0,00    0,00    0,00  100,00
02:12:22      16    2,91    0,00    0,00    0,00    0,00    0,00    0,00    0,00    0,00   97,09
02:12:22      17    0,00    0,00    0,00    0,00    0,00    0,00    0,00    0,00    0,00  100,00
02:12:22      18    0,00    0,00    0,00    0,00    0,00    0,00    0,00    0,00    0,00  100,00
02:12:22      19    0,00    0,00    0,00    0,00    0,00    0,00    0,00    0,00    0,00  100,00
02:12:22      20    0,00    0,00    0,00    0,00    0,00    0,00    0,00    0,00    0,00  100,00
02:12:22      21    0,00    0,00    0,00    0,00    0,00    0,00    0,00    0,00    0,00  100,00
02:12:22      22    0,00    0,00    0,00    0,00    0,00    0,00    0,00    0,00    0,00  100,00
02:12:22      23    0,00    0,00    0,00    0,00    0,00    0,00    0,00    0,00    0,00  100,00

02:12:22     CPU    %usr   %nice    %sys %iowait    %irq   %soft  %steal  %guest  %gnice   %idle
02:12:23     all    4,38    0,00    0,04    0,13    0,00    0,00    0,00    0,00    0,00   95,45
02:12:23       0    0,00    0,00    0,00    1,01    0,00    0,00    0,00    0,00    0,00   98,99
02:12:23       1    0,00    0,00    0,00    0,00    0,00    0,00    0,00    0,00    0,00  100,00
02:12:23       2    0,00    0,00    0,00    0,00    0,00    0,00    0,00    0,00    0,00  100,00
02:12:23       3    0,00    0,00    0,00    0,00    0,00    0,00    0,00    0,00    0,00  100,00
02:12:23       4    0,00    0,00    0,00    0,00    0,00    0,00    0,00    0,00    0,00  100,00
02:12:23       5    0,00    0,00    0,00    0,00    0,00    0,00    0,00    0,00    0,00  100,00
02:12:23       6    0,00    0,00    0,00    0,00    0,00    0,00    0,00    0,00    0,00  100,00
02:12:23       7    0,00    0,00    0,00    0,00    0,00    0,00    0,00    0,00    0,00  100,00
02:12:23       8  100,00    0,00    0,00    0,00    0,00    0,00    0,00    0,00    0,00    0,00
02:12:23       9    0,00    0,00    0,00    0,00    0,00    0,00    0,00    0,00    0,00  100,00
02:12:23      10    0,00    0,00    0,00    0,00    0,00    0,00    0,00    0,00    0,00  100,00
02:12:23      11    4,04    0,00    0,00    0,00    0,00    0,00    0,00    0,00    0,00   95,96
02:12:23      12    0,00    0,00    0,00    0,00    0,00    0,00    0,00    0,00    0,00  100,00
02:12:23      13    0,00    0,00    0,00    0,00    0,00    0,00    0,00    0,00    0,00  100,00
02:12:23      14    0,00    0,00    0,00    1,01    0,00    0,00    0,00    0,00    0,00   98,99
02:12:23      15    0,00    0,00    0,00    0,00    0,00    0,00    0,00    0,00    0,00  100,00
02:12:23      16    1,00    0,00    0,00    0,00    0,00    0,00    0,00    0,00    0,00   99,00
02:12:23      17    0,00    0,00    0,00    0,00    0,00    0,00    0,00    0,00    0,00  100,00
02:12:23      18    0,00    0,00    0,00    0,00    0,00    0,00    0,00    0,00    0,00  100,00
02:12:23      19    0,00    0,00    0,00    0,00    0,00    0,00    0,00    0,00    0,00  100,00
02:12:23      20    0,00    0,00    0,00    0,00    0,00    0,00    0,00    0,00    0,00  100,00
02:12:23      21    0,00    0,00    0,00    1,00    0,00    0,00    0,00    0,00    0,00   99,00
02:12:23      22    0,00    0,00    0,99    0,00    0,00    0,00    0,00    0,00    0,00   99,01
02:12:23      23    0,00    0,00    0,00    0,00    0,00    0,00    0,00    0,00    0,00  100,00

02:12:23     CPU    %usr   %nice    %sys %iowait    %irq   %soft  %steal  %guest  %gnice   %idle
02:12:24     all    4,29    0,00    0,00    0,00    0,00    0,00    0,00    0,00    0,00   95,71
02:12:24       0    0,99    0,00    0,00    0,00    0,00    0,00    0,00    0,00    0,00   99,01
02:12:24       1    0,00    0,00    0,00    0,00    0,00    0,00    0,00    0,00    0,00  100,00
02:12:24       2    0,00    0,00    0,00    0,00    0,00    0,00    0,00    0,00    0,00  100,00
02:12:24       3    0,00    0,00    0,00    0,00    0,00    0,00    0,00    0,00    0,00  100,00
02:12:24       4    1,00    0,00    0,00    0,00    0,00    0,00    0,00    0,00    0,00   99,00
02:12:24       5    0,00    0,00    0,00    0,00    0,00    0,00    0,00    0,00    0,00  100,00
02:12:24       6    0,00    0,00    0,00    0,00    0,00    0,00    0,00    0,00    0,00  100,00
02:12:24       7    0,00    0,00    0,00    0,00    0,00    0,00    0,00    0,00    0,00  100,00
02:12:24       8  100,00    0,00    0,00    0,00    0,00    0,00    0,00    0,00    0,00    0,00
02:12:24       9    0,00    0,00    0,00    0,00    0,00    0,00    0,00    0,00    0,00  100,00
02:12:24      10    0,00    0,00    0,00    0,00    0,00    0,00    0,00    0,00    0,00  100,00
02:12:24      11    0,00    0,00    0,00    0,00    0,00    0,00    0,00    0,00    0,00  100,00
02:12:24      12    0,00    0,00    0,00    0,00    0,00    0,00    0,00    0,00    0,00  100,00
02:12:24      13    0,00    0,00    0,00    0,00    0,00    0,00    0,00    0,00    0,00  100,00
02:12:24      14    0,00    0,00    0,00    0,00    0,00    0,00    0,00    0,00    0,00  100,00
02:12:24      15    0,00    0,00    0,00    0,00    0,00    0,00    0,00    0,00    0,00  100,00
02:12:24      16    0,00    0,00    0,00    0,00    0,00    0,00    0,00    0,00    0,00  100,00
02:12:24      17    0,99    0,00    0,00    0,00    0,00    0,00    0,00    0,00    0,00   99,01
02:12:24      18    0,00    0,00    0,00    0,00    0,00    0,00    0,00    0,00    0,00  100,00
02:12:24      19    0,00    0,00    0,00    0,00    0,00    0,00    0,00    0,00    0,00  100,00
02:12:24      20    0,00    0,00    0,00    0,00    0,00    0,00    0,00    0,00    0,00  100,00
02:12:24      21    0,00    0,00    0,00    0,00    0,00    0,00    0,00    0,00    0,00  100,00
02:12:24      22    0,00    0,00    0,00    0,00    0,00    0,00    0,00    0,00    0,00  100,00
02:12:24      23    0,00    0,00    0,00    0,00    0,00    0,00    0,00    0,00    0,00  100,00

02:12:24     CPU    %usr   %nice    %sys %iowait    %irq   %soft  %steal  %guest  %gnice   %idle
02:12:25     all    4,21    0,00    0,00    0,00    0,00    0,00    0,00    0,00    0,00   95,79
02:12:25       0    0,00    0,00    0,00    0,00    0,00    0,00    0,00    0,00    0,00  100,00
02:12:25       1    0,00    0,00    0,00    0,00    0,00    0,00    0,00    0,00    0,00  100,00
02:12:25       2    0,00    0,00    0,00    0,00    0,00    0,00    0,00    0,00    0,00  100,00
02:12:25       3    0,00    0,00    0,00    0,00    0,00    0,00    0,00    0,00    0,00  100,00
02:12:25       4    0,00    0,00    0,00    0,00    0,00    0,00    0,00    0,00    0,00  100,00
02:12:25       5    0,00    0,00    0,00    0,00    0,00    0,00    0,00    0,00    0,00  100,00
02:12:25       6    0,00    0,00    0,00    0,00    0,00    0,00    0,00    0,00    0,00  100,00
02:12:25       7    0,00    0,00    0,00    0,00    0,00    0,00    0,00    0,00    0,00  100,00
02:12:25       8  100,00    0,00    0,00    0,00    0,00    0,00    0,00    0,00    0,00    0,00
02:12:25       9    0,00    0,00    0,00    0,00    0,00    0,00    0,00    0,00    0,00  100,00
02:12:25      10    1,00    0,00    0,00    0,00    0,00    0,00    0,00    0,00    0,00   99,00
02:12:25      11    0,00    0,00    0,00    0,00    0,00    0,00    0,00    0,00    0,00  100,00
02:12:25      12    0,00    0,00    0,00    0,00    0,00    0,00    0,00    0,00    0,00  100,00
02:12:25      13    0,00    0,00    0,00    0,00    0,00    0,00    0,00    0,00    0,00  100,00
02:12:25      14    0,00    0,00    0,00    0,00    0,00    0,00    0,00    0,00    0,00  100,00
02:12:25      15    0,00    0,00    0,00    0,00    0,00    0,00    0,00    0,00    0,00  100,00
02:12:25      16    0,00    0,00    0,00    0,00    0,00    0,00    0,00    0,00    0,00  100,00
02:12:25      17    0,00    0,00    0,00    0,00    0,00    0,00    0,00    0,00    0,00  100,00
02:12:25      18    0,00    0,00    0,00    0,00    0,00    0,00    0,00    0,00    0,00  100,00
02:12:25      19    0,00    0,00    0,00    0,00    0,00    0,00    0,00    0,00    0,00  100,00
02:12:25      20    0,00    0,00    0,00    0,00    0,00    0,00    0,00    0,00    0,00  100,00
02:12:25      21    0,00    0,00    0,00    0,00    0,00    0,00    0,00    0,00    0,00  100,00
02:12:25      22    0,00    0,00    0,00    0,00    0,00    0,00    0,00    0,00    0,00  100,00
02:12:25      23    0,00    0,00    0,00    0,00    0,00    0,00    0,00    0,00    0,00  100,00

02:12:25     CPU    %usr   %nice    %sys %iowait    %irq   %soft  %steal  %guest  %gnice   %idle
02:12:26     all    4,33    0,00    0,00    0,00    0,00    0,00    0,00    0,00    0,00   95,67
02:12:26       0    0,00    0,00    0,00    0,00    0,00    0,00    0,00    0,00    0,00  100,00
02:12:26       1    0,00    0,00    0,00    0,00    0,00    0,00    0,00    0,00    0,00  100,00
02:12:26       2    0,00    0,00    0,00    0,00    0,00    0,00    0,00    0,00    0,00  100,00
02:12:26       3    0,00    0,00    0,00    0,00    0,00    0,00    0,00    0,00    0,00  100,00
02:12:26       4    0,99    0,00    0,00    0,00    0,00    0,00    0,00    0,00    0,00   99,01
02:12:26       5    0,00    0,00    0,00    0,00    0,00    0,00    0,00    0,00    0,00  100,00
02:12:26       6    0,00    0,00    0,00    0,00    0,00    0,00    0,00    0,00    0,00  100,00
02:12:26       7    0,00    0,00    0,00    0,00    0,00    0,00    0,00    0,00    0,00  100,00
02:12:26       8  100,00    0,00    0,00    0,00    0,00    0,00    0,00    0,00    0,00    0,00
02:12:26       9    0,00    0,00    0,00    0,00    0,00    0,00    0,00    0,00    0,00  100,00
02:12:26      10    1,00    0,00    0,00    0,00    0,00    0,00    0,00    0,00    0,00   99,00
02:12:26      11    0,00    0,00    0,00    0,00    0,00    0,00    0,00    0,00    0,00  100,00
02:12:26      12    0,99    0,00    0,00    0,00    0,00    0,00    0,00    0,00    0,00   99,01
02:12:26      13    0,00    0,00    0,00    0,00    0,00    0,00    0,00    0,00    0,00  100,00
02:12:26      14    0,99    0,00    0,00    0,00    0,00    0,00    0,00    0,00    0,00   99,01
02:12:26      15    0,00    0,00    0,00    0,00    0,00    0,00    0,00    0,00    0,00  100,00
02:12:26      16    0,00    0,00    0,00    0,00    0,00    0,00    0,00    0,00    0,00  100,00
02:12:26      17    0,00    0,00    0,00    0,00    0,00    0,00    0,00    0,00    0,00  100,00
02:12:26      18    0,00    0,00    0,00    0,00    0,00    0,00    0,00    0,00    0,00  100,00
02:12:26      19    0,00    0,00    0,00    0,00    0,00    0,00    0,00    0,00    0,00  100,00
02:12:26      20    0,00    0,00    0,00    0,00    0,00    0,00    0,00    0,00    0,00  100,00
02:12:26      21    0,00    0,00    0,00    0,00    0,00    0,00    0,00    0,00    0,00  100,00
02:12:26      22    0,00    0,00    0,00    0,00    0,00    0,00    0,00    0,00    0,00  100,00
02:12:26      23    0,00    0,00    0,00    0,00    0,00    0,00    0,00    0,00    0,00  100,00

02:12:26     CPU    %usr   %nice    %sys %iowait    %irq   %soft  %steal  %guest  %gnice   %idle
02:12:27     all    4,21    0,00    0,00    0,00    0,00    0,00    0,00    0,00    0,00   95,79
02:12:27       0    0,00    0,00    0,00    0,00    0,00    0,00    0,00    0,00    0,00  100,00
02:12:27       1    0,00    0,00    0,00    0,00    0,00    0,00    0,00    0,00    0,00  100,00
02:12:27       2    0,00    0,00    0,00    0,00    0,00    0,00    0,00    0,00    0,00  100,00
02:12:27       3    0,00    0,00    0,00    0,00    0,00    0,00    0,00    0,00    0,00  100,00
02:12:27       4    0,00    0,00    0,00    0,00    0,00    0,00    0,00    0,00    0,00  100,00
02:12:27       5    0,00    0,00    0,00    0,00    0,00    0,00    0,00    0,00    0,00  100,00
02:12:27       6    0,00    0,00    0,00    0,00    0,00    0,00    0,00    0,00    0,00  100,00
02:12:27       7    0,00    0,00    0,00    0,00    0,00    0,00    0,00    0,00    0,00  100,00
02:12:27       8  100,00    0,00    0,00    0,00    0,00    0,00    0,00    0,00    0,00    0,00
02:12:27       9    0,00    0,00    0,00    0,00    0,00    0,00    0,00    0,00    0,00  100,00
02:12:27      10    0,00    0,00    0,00    0,00    0,00    0,00    0,00    0,00    0,00  100,00
02:12:27      11    0,00    0,00    0,00    0,00    0,00    0,00    0,00    0,00    0,00  100,00
02:12:27      12    0,99    0,00    0,00    0,00    0,00    0,00    0,00    0,00    0,00   99,01
02:12:27      13    0,00    0,00    0,00    0,00    0,00    0,00    0,00    0,00    0,00  100,00
02:12:27      14    0,00    0,00    0,00    0,00    0,00    0,00    0,00    0,00    0,00  100,00
02:12:27      15    0,00    0,00    0,00    0,00    0,00    0,00    0,00    0,00    0,00  100,00
02:12:27      16    0,00    0,00    0,00    0,00    0,00    0,00    0,00    0,00    0,00  100,00
02:12:27      17    0,00    0,00    0,00    0,00    0,00    0,00    0,00    0,00    0,00  100,00
02:12:27      18    0,00    0,00    0,00    0,00    0,00    0,00    0,00    0,00    0,00  100,00
02:12:27      19    0,00    0,00    0,00    0,00    0,00    0,00    0,00    0,00    0,00  100,00
02:12:27      20    0,00    0,00    0,00    0,00    0,00    0,00    0,00    0,00    0,00  100,00
02:12:27      21    0,00    0,00    0,00    0,00    0,00    0,00    0,00    0,00    0,00  100,00
02:12:27      22    0,00    0,00    0,00    0,00    0,00    0,00    0,00    0,00    0,00  100,00
02:12:27      23    0,00    0,00    0,00    0,00    0,00    0,00    0,00    0,00    0,00  100,00

02:12:27     CPU    %usr   %nice    %sys %iowait    %irq   %soft  %steal  %guest  %gnice   %idle
02:12:28     all    4,17    0,00    0,00    0,04    0,00    0,00    0,00    0,00    0,00   95,79
02:12:28       0    0,00    0,00    0,00    1,00    0,00    0,00    0,00    0,00    0,00   99,00
02:12:28       1    0,00    0,00    0,00    0,00    0,00    0,00    0,00    0,00    0,00  100,00
02:12:28       2    0,00    0,00    0,00    0,00    0,00    0,00    0,00    0,00    0,00  100,00
02:12:28       3    0,00    0,00    0,00    0,00    0,00    0,00    0,00    0,00    0,00  100,00
02:12:28       4    0,00    0,00    0,00    0,00    0,00    0,00    0,00    0,00    0,00  100,00
02:12:28       5    0,00    0,00    0,00    0,00    0,00    0,00    0,00    0,00    0,00  100,00
02:12:28       6    0,00    0,00    0,00    0,00    0,00    0,00    0,00    0,00    0,00  100,00
02:12:28       7    0,00    0,00    0,00    0,00    0,00    0,00    0,00    0,00    0,00  100,00
02:12:28       8  100,00    0,00    0,00    0,00    0,00    0,00    0,00    0,00    0,00    0,00
02:12:28       9    0,00    0,00    0,00    0,00    0,00    0,00    0,00    0,00    0,00  100,00
02:12:28      10    0,00    0,00    0,00    0,00    0,00    0,00    0,00    0,00    0,00  100,00
02:12:28      11    0,00    0,00    0,00    0,00    0,00    0,00    0,00    0,00    0,00  100,00
02:12:28      12    0,00    0,00    0,00    0,00    0,00    0,00    0,00    0,00    0,00  100,00
02:12:28      13    0,00    0,00    0,00    0,00    0,00    0,00    0,00    0,00    0,00  100,00
02:12:28      14    0,00    0,00    0,00    0,00    0,00    0,00    0,00    0,00    0,00  100,00
02:12:28      15    0,00    0,00    0,00    0,00    0,00    0,00    0,00    0,00    0,00  100,00
02:12:28      16    0,00    0,00    0,00    0,00    0,00    0,00    0,00    0,00    0,00  100,00
02:12:28      17    0,00    0,00    0,00    0,00    0,00    0,00    0,00    0,00    0,00  100,00
02:12:28      18    0,00    0,00    0,00    0,00    0,00    0,00    0,00    0,00    0,00  100,00
02:12:28      19    0,00    0,00    0,00    0,00    0,00    0,00    0,00    0,00    0,00  100,00
02:12:28      20    0,00    0,00    0,00    0,00    0,00    0,00    0,00    0,00    0,00  100,00
02:12:28      21    0,00    0,00    0,00    0,00    0,00    0,00    0,00    0,00    0,00  100,00
02:12:28      22    0,00    0,00    0,00    0,00    0,00    0,00    0,00    0,00    0,00  100,00
02:12:28      23    0,00    0,00    0,00    0,00    0,00    0,00    0,00    0,00    0,00  100,00

02:12:28     CPU    %usr   %nice    %sys %iowait    %irq   %soft  %steal  %guest  %gnice   %idle
02:12:29     all    4,21    0,00    0,00    0,00    0,00    0,00    0,00    0,00    0,00   95,79
02:12:29       0    0,00    0,00    0,00    0,00    0,00    0,00    0,00    0,00    0,00  100,00
02:12:29       1    0,00    0,00    0,00    0,00    0,00    0,00    0,00    0,00    0,00  100,00
02:12:29       2    0,00    0,00    0,00    0,00    0,00    0,00    0,00    0,00    0,00  100,00
02:12:29       3    0,00    0,00    0,00    0,00    0,00    0,00    0,00    0,00    0,00  100,00
02:12:29       4    0,00    0,00    0,00    0,00    0,00    0,00    0,00    0,00    0,00  100,00
02:12:29       5    0,00    0,00    0,00    0,00    0,00    0,00    0,00    0,00    0,00  100,00
02:12:29       6    0,00    0,00    0,00    0,00    0,00    0,00    0,00    0,00    0,00  100,00
02:12:29       7    0,00    0,00    0,00    0,00    0,00    0,00    0,00    0,00    0,00  100,00
02:12:29       8  100,00    0,00    0,00    0,00    0,00    0,00    0,00    0,00    0,00    0,00
02:12:29       9    0,00    0,00    0,00    0,00    0,00    0,00    0,00    0,00    0,00  100,00
02:12:29      10    0,00    0,00    0,00    0,00    0,00    0,00    0,00    0,00    0,00  100,00
02:12:29      11    0,00    0,00    0,00    0,00    0,00    0,00    0,00    0,00    0,00  100,00
02:12:29      12    0,99    0,00    0,00    0,00    0,00    0,00    0,00    0,00    0,00   99,01
02:12:29      13    0,00    0,00    0,00    0,00    0,00    0,00    0,00    0,00    0,00  100,00
02:12:29      14    0,00    0,00    0,00    0,00    0,00    0,00    0,00    0,00    0,00  100,00
02:12:29      15    0,00    0,00    0,00    0,00    0,00    0,00    0,00    0,00    0,00  100,00
02:12:29      16    0,00    0,00    0,00    0,00    0,00    0,00    0,00    0,00    0,00  100,00
02:12:29      17    0,00    0,00    0,00    0,00    0,00    0,00    0,00    0,00    0,00  100,00
02:12:29      18    0,00    0,00    0,00    0,00    0,00    0,00    0,00    0,00    0,00  100,00
02:12:29      19    0,00    0,00    0,00    0,00    0,00    0,00    0,00    0,00    0,00  100,00
02:12:29      20    0,00    0,00    0,00    0,00    0,00    0,00    0,00    0,00    0,00  100,00
02:12:29      21    0,00    0,00    0,00    0,00    0,00    0,00    0,00    0,00    0,00  100,00
02:12:29      22    0,00    0,00    0,00    0,00    0,00    0,00    0,00    0,00    0,00  100,00
02:12:29      23    0,00    0,00    0,00    0,00    0,00    0,00    0,00    0,00    0,00  100,00

02:12:29     CPU    %usr   %nice    %sys %iowait    %irq   %soft  %steal  %guest  %gnice   %idle
02:12:30     all    4,17    0,00    0,00    0,00    0,00    0,00    0,00    0,00    0,00   95,83
02:12:30       0    0,00    0,00    0,00    0,00    0,00    0,00    0,00    0,00    0,00  100,00
02:12:30       1    0,00    0,00    0,00    0,00    0,00    0,00    0,00    0,00    0,00  100,00
02:12:30       2    0,00    0,00    0,00    0,00    0,00    0,00    0,00    0,00    0,00  100,00
02:12:30       3    0,00    0,00    0,00    0,00    0,00    0,00    0,00    0,00    0,00  100,00
02:12:30       4    0,00    0,00    0,00    0,00    0,00    0,00    0,00    0,00    0,00  100,00
02:12:30       5    0,00    0,00    0,00    0,00    0,00    0,00    0,00    0,00    0,00  100,00
02:12:30       6    0,00    0,00    0,00    0,00    0,00    0,00    0,00    0,00    0,00  100,00
02:12:30       7    0,00    0,00    0,00    0,00    0,00    0,00    0,00    0,00    0,00  100,00
02:12:30       8  100,00    0,00    0,00    0,00    0,00    0,00    0,00    0,00    0,00    0,00
02:12:30       9    0,00    0,00    0,00    0,00    0,00    0,00    0,00    0,00    0,00  100,00
02:12:30      10    0,00    0,00    0,00    0,00    0,00    0,00    0,00    0,00    0,00  100,00
02:12:30      11    0,00    0,00    0,00    0,00    0,00    0,00    0,00    0,00    0,00  100,00
02:12:30      12    0,00    0,00    0,00    0,00    0,00    0,00    0,00    0,00    0,00  100,00
02:12:30      13    0,00    0,00    0,00    0,00    0,00    0,00    0,00    0,00    0,00  100,00
02:12:30      14    0,00    0,00    0,00    0,00    0,00    0,00    0,00    0,00    0,00  100,00
02:12:30      15    0,00    0,00    0,00    0,00    0,00    0,00    0,00    0,00    0,00  100,00
02:12:30      16    0,00    0,00    0,00    0,00    0,00    0,00    0,00    0,00    0,00  100,00
02:12:30      17    0,00    0,00    0,00    0,00    0,00    0,00    0,00    0,00    0,00  100,00
02:12:30      18    0,00    0,00    0,00    0,00    0,00    0,00    0,00    0,00    0,00  100,00
02:12:30      19    0,00    0,00    0,00    0,00    0,00    0,00    0,00    0,00    0,00  100,00
02:12:30      20    0,00    0,00    0,00    0,00    0,00    0,00    0,00    0,00    0,00  100,00
02:12:30      21    0,00    0,00    0,00    0,00    0,00    0,00    0,00    0,00    0,00  100,00
02:12:30      22    0,00    0,00    0,00    0,00    0,00    0,00    0,00    0,00    0,00  100,00
02:12:30      23    0,00    0,00    0,00    0,00    0,00    0,00    0,00    0,00    0,00  100,00

02:12:30     CPU    %usr   %nice    %sys %iowait    %irq   %soft  %steal  %guest  %gnice   %idle
02:12:31     all    4,21    0,00    0,00    0,00    0,00    0,00    0,00    0,00    0,00   95,79
02:12:31       0    0,00    0,00    0,00    0,00    0,00    0,00    0,00    0,00    0,00  100,00
02:12:31       1    0,00    0,00    0,00    0,00    0,00    0,00    0,00    0,00    0,00  100,00
02:12:31       2    0,00    0,00    0,00    0,00    0,00    0,00    0,00    0,00    0,00  100,00
02:12:31       3    0,00    0,00    0,00    0,00    0,00    0,00    0,00    0,00    0,00  100,00
02:12:31       4    0,00    0,00    0,00    0,00    0,00    0,00    0,00    0,00    0,00  100,00
02:12:31       5    0,00    0,00    0,00    0,00    0,00    0,00    0,00    0,00    0,00  100,00
02:12:31       6    0,00    0,00    0,00    0,00    0,00    0,00    0,00    0,00    0,00  100,00
02:12:31       7    0,00    0,00    0,00    0,00    0,00    0,00    0,00    0,00    0,00  100,00
02:12:31       8  100,00    0,00    0,00    0,00    0,00    0,00    0,00    0,00    0,00    0,00
02:12:31       9    0,00    0,00    0,00    0,00    0,00    0,00    0,00    0,00    0,00  100,00
02:12:31      10    0,00    0,00    0,00    0,00    0,00    0,00    0,00    0,00    0,00  100,00
02:12:31      11    0,00    0,00    0,00    0,00    0,00    0,00    0,00    0,00    0,00  100,00
02:12:31      12    1,00    0,00    0,00    0,00    0,00    0,00    0,00    0,00    0,00   99,00
02:12:31      13    0,00    0,00    0,00    0,00    0,00    0,00    0,00    0,00    0,00  100,00
02:12:31      14    0,00    0,00    0,00    0,00    0,00    0,00    0,00    0,00    0,00  100,00
02:12:31      15    0,00    0,00    0,00    0,00    0,00    0,00    0,00    0,00    0,00  100,00
02:12:31      16    0,00    0,00    0,00    0,00    0,00    0,00    0,00    0,00    0,00  100,00
02:12:31      17    0,00    0,00    0,00    0,00    0,00    0,00    0,00    0,00    0,00  100,00
02:12:31      18    0,00    0,00    0,00    0,00    0,00    0,00    0,00    0,00    0,00  100,00
02:12:31      19    0,00    0,00    0,00    0,00    0,00    0,00    0,00    0,00    0,00  100,00
02:12:31      20    0,00    0,00    0,00    0,00    0,00    0,00    0,00    0,00    0,00  100,00
02:12:31      21    0,00    0,00    0,00    0,00    0,00    0,00    0,00    0,00    0,00  100,00
02:12:31      22    0,00    0,00    0,00    0,00    0,00    0,00    0,00    0,00    0,00  100,00
02:12:31      23    0,00    0,00    0,00    0,00    0,00    0,00    0,00    0,00    0,00  100,00

02:12:31     CPU    %usr   %nice    %sys %iowait    %irq   %soft  %steal  %guest  %gnice   %idle
02:12:32     all    4,17    0,00    0,00    0,00    0,00    0,00    0,00    0,00    0,00   95,83
02:12:32       0    0,00    0,00    0,00    0,00    0,00    0,00    0,00    0,00    0,00  100,00
02:12:32       1    0,00    0,00    0,00    0,00    0,00    0,00    0,00    0,00    0,00  100,00
02:12:32       2    0,00    0,00    0,00    0,00    0,00    0,00    0,00    0,00    0,00  100,00
02:12:32       3    0,00    0,00    0,00    0,00    0,00    0,00    0,00    0,00    0,00  100,00
02:12:32       4    0,00    0,00    0,00    0,00    0,00    0,00    0,00    0,00    0,00  100,00
02:12:32       5    0,00    0,00    0,00    0,00    0,00    0,00    0,00    0,00    0,00  100,00
02:12:32       6    0,00    0,00    0,00    0,00    0,00    0,00    0,00    0,00    0,00  100,00
02:12:32       7    0,00    0,00    0,00    0,00    0,00    0,00    0,00    0,00    0,00  100,00
02:12:32       8  100,00    0,00    0,00    0,00    0,00    0,00    0,00    0,00    0,00    0,00
02:12:32       9    0,00    0,00    0,00    0,00    0,00    0,00    0,00    0,00    0,00  100,00
02:12:32      10    0,00    0,00    0,00    0,00    0,00    0,00    0,00    0,00    0,00  100,00
02:12:32      11    0,00    0,00    0,00    0,00    0,00    0,00    0,00    0,00    0,00  100,00
02:12:32      12    0,00    0,00    0,00    0,00    0,00    0,00    0,00    0,00    0,00  100,00
02:12:32      13    0,00    0,00    0,00    0,00    0,00    0,00    0,00    0,00    0,00  100,00
02:12:32      14    0,00    0,00    0,00    0,00    0,00    0,00    0,00    0,00    0,00  100,00
02:12:32      15    0,00    0,00    0,00    0,00    0,00    0,00    0,00    0,00    0,00  100,00
02:12:32      16    0,00    0,00    0,00    0,00    0,00    0,00    0,00    0,00    0,00  100,00
02:12:32      17    0,00    0,00    0,00    0,00    0,00    0,00    0,00    0,00    0,00  100,00
02:12:32      18    0,00    0,00    0,00    0,00    0,00    0,00    0,00    0,00    0,00  100,00
02:12:32      19    0,00    0,00    0,00    0,00    0,00    0,00    0,00    0,00    0,00  100,00
02:12:32      20    0,00    0,00    0,00    0,00    0,00    0,00    0,00    0,00    0,00  100,00
02:12:32      21    0,00    0,00    0,00    0,00    0,00    0,00    0,00    0,00    0,00  100,00
02:12:32      22    0,00    0,00    0,00    0,00    0,00    0,00    0,00    0,00    0,00  100,00
02:12:32      23    0,00    0,00    0,00    0,00    0,00    0,00    0,00    0,00    0,00  100,00

02:12:32     CPU    %usr   %nice    %sys %iowait    %irq   %soft  %steal  %guest  %gnice   %idle
02:12:33     all    4,21    0,00    0,00    0,12    0,00    0,00    0,00    0,00    0,00   95,67
02:12:33       0    0,00    0,00    0,00    2,00    0,00    0,00    0,00    0,00    0,00   98,00
02:12:33       1    0,00    0,00    0,00    0,00    0,00    0,00    0,00    0,00    0,00  100,00
02:12:33       2    0,00    0,00    0,00    0,00    0,00    0,00    0,00    0,00    0,00  100,00
02:12:33       3    0,00    0,00    0,00    0,00    0,00    0,00    0,00    0,00    0,00  100,00
02:12:33       4    0,00    0,00    0,00    0,00    0,00    0,00    0,00    0,00    0,00  100,00
02:12:33       5    0,00    0,00    0,00    0,00    0,00    0,00    0,00    0,00    0,00  100,00
02:12:33       6    0,00    0,00    0,00    0,00    0,00    0,00    0,00    0,00    0,00  100,00
02:12:33       7    0,00    0,00    0,00    0,00    0,00    0,00    0,00    0,00    0,00  100,00
02:12:33       8  100,00    0,00    0,00    0,00    0,00    0,00    0,00    0,00    0,00    0,00
02:12:33       9    0,00    0,00    0,00    0,00    0,00    0,00    0,00    0,00    0,00  100,00
02:12:33      10    0,00    0,00    0,00    0,00    0,00    0,00    0,00    0,00    0,00  100,00
02:12:33      11    0,00    0,00    0,00    0,00    0,00    0,00    0,00    0,00    0,00  100,00
02:12:33      12    0,99    0,00    0,00    0,00    0,00    0,00    0,00    0,00    0,00   99,01
02:12:33      13    0,00    0,00    0,00    0,00    0,00    0,00    0,00    0,00    0,00  100,00
02:12:33      14    0,00    0,00    0,00    0,99    0,00    0,00    0,00    0,00    0,00   99,01
02:12:33      15    0,00    0,00    0,00    0,00    0,00    0,00    0,00    0,00    0,00  100,00
02:12:33      16    0,00    0,00    0,00    0,00    0,00    0,00    0,00    0,00    0,00  100,00
02:12:33      17    0,00    0,00    0,00    0,00    0,00    0,00    0,00    0,00    0,00  100,00
02:12:33      18    0,00    0,00    0,00    0,00    0,00    0,00    0,00    0,00    0,00  100,00
02:12:33      19    0,00    0,00    0,00    0,00    0,00    0,00    0,00    0,00    0,00  100,00
02:12:33      20    0,00    0,00    0,00    0,00    0,00    0,00    0,00    0,00    0,00  100,00
02:12:33      21    0,00    0,00    0,00    0,00    0,00    0,00    0,00    0,00    0,00  100,00
02:12:33      22    0,00    0,00    0,00    0,00    0,00    0,00    0,00    0,00    0,00  100,00
02:12:33      23    0,00    0,00    0,00    0,00    0,00    0,00    0,00    0,00    0,00  100,00

02:12:33     CPU    %usr   %nice    %sys %iowait    %irq   %soft  %steal  %guest  %gnice   %idle
02:12:34     all    4,21    0,00    0,00    0,00    0,00    0,00    0,00    0,00    0,00   95,79
02:12:34       0    0,00    0,00    0,00    0,00    0,00    0,00    0,00    0,00    0,00  100,00
02:12:34       1    0,00    0,00    0,00    0,00    0,00    0,00    0,00    0,00    0,00  100,00
02:12:34       2    0,00    0,00    0,00    0,00    0,00    0,00    0,00    0,00    0,00  100,00
02:12:34       3    0,00    0,00    0,00    0,00    0,00    0,00    0,00    0,00    0,00  100,00
02:12:34       4    0,00    0,00    0,00    0,00    0,00    0,00    0,00    0,00    0,00  100,00
02:12:34       5    0,00    0,00    0,00    0,00    0,00    0,00    0,00    0,00    0,00  100,00
02:12:34       6    0,00    0,00    0,00    0,00    0,00    0,00    0,00    0,00    0,00  100,00
02:12:34       7    0,00    0,00    0,00    0,00    0,00    0,00    0,00    0,00    0,00  100,00
02:12:34       8  100,00    0,00    0,00    0,00    0,00    0,00    0,00    0,00    0,00    0,00
02:12:34       9    0,00    0,00    0,00    0,00    0,00    0,00    0,00    0,00    0,00  100,00
02:12:34      10    0,00    0,00    0,00    0,00    0,00    0,00    0,00    0,00    0,00  100,00
02:12:34      11    0,00    0,00    0,00    0,00    0,00    0,00    0,00    0,00    0,00  100,00
02:12:34      12    1,00    0,00    0,00    0,00    0,00    0,00    0,00    0,00    0,00   99,00
02:12:34      13    0,00    0,00    0,00    0,00    0,00    0,00    0,00    0,00    0,00  100,00
02:12:34      14    0,00    0,00    0,00    0,00    0,00    0,00    0,00    0,00    0,00  100,00
02:12:34      15    0,00    0,00    0,00    0,00    0,00    0,00    0,00    0,00    0,00  100,00
02:12:34      16    0,00    0,00    0,00    0,00    0,00    0,00    0,00    0,00    0,00  100,00
02:12:34      17    0,00    0,00    0,00    0,00    0,00    0,00    0,00    0,00    0,00  100,00
02:12:34      18    0,00    0,00    0,00    0,00    0,00    0,00    0,00    0,00    0,00  100,00
02:12:34      19    0,00    0,00    0,00    0,00    0,00    0,00    0,00    0,00    0,00  100,00
02:12:34      20    0,00    0,00    0,00    0,00    0,00    0,00    0,00    0,00    0,00  100,00
02:12:34      21    0,00    0,00    0,00    0,00    0,00    0,00    0,00    0,00    0,00  100,00
02:12:34      22    0,00    0,00    0,00    0,00    0,00    0,00    0,00    0,00    0,00  100,00
02:12:34      23    0,00    0,00    0,00    0,00    0,00    0,00    0,00    0,00    0,00  100,00

02:12:34     CPU    %usr   %nice    %sys %iowait    %irq   %soft  %steal  %guest  %gnice   %idle
02:12:35     all    4,21    0,00    0,00    0,00    0,00    0,00    0,00    0,00    0,00   95,79
02:12:35       0    0,00    0,00    0,00    0,00    0,00    0,00    0,00    0,00    0,00  100,00
02:12:35       1    0,00    0,00    0,00    0,00    0,00    0,00    0,00    0,00    0,00  100,00
02:12:35       2    0,00    0,00    0,00    0,00    0,00    0,00    0,00    0,00    0,00  100,00
02:12:35       3    0,00    0,00    0,00    0,00    0,00    0,00    0,00    0,00    0,00  100,00
02:12:35       4    0,00    0,00    0,00    0,00    0,00    0,00    0,00    0,00    0,00  100,00
02:12:35       5    0,00    0,00    0,00    0,00    0,00    0,00    0,00    0,00    0,00  100,00
02:12:35       6    0,00    0,00    0,00    0,00    0,00    0,00    0,00    0,00    0,00  100,00
02:12:35       7    0,00    0,00    0,00    0,00    0,00    0,00    0,00    0,00    0,00  100,00
02:12:35       8  100,00    0,00    0,00    0,00    0,00    0,00    0,00    0,00    0,00    0,00
02:12:35       9    0,00    0,00    0,00    0,00    0,00    0,00    0,00    0,00    0,00  100,00
02:12:35      10    1,00    0,00    0,00    0,00    0,00    0,00    0,00    0,00    0,00   99,00
02:12:35      11    0,00    0,00    0,00    0,00    0,00    0,00    0,00    0,00    0,00  100,00
02:12:35      12    0,00    0,00    0,00    0,00    0,00    0,00    0,00    0,00    0,00  100,00
02:12:35      13    0,00    0,00    0,00    0,00    0,00    0,00    0,00    0,00    0,00  100,00
02:12:35      14    0,00    0,00    0,00    0,00    0,00    0,00    0,00    0,00    0,00  100,00
02:12:35      15    0,00    0,00    0,00    0,00    0,00    0,00    0,00    0,00    0,00  100,00
02:12:35      16    0,00    0,00    0,00    0,00    0,00    0,00    0,00    0,00    0,00  100,00
02:12:35      17    0,00    0,00    0,00    0,00    0,00    0,00    0,00    0,00    0,00  100,00
02:12:35      18    0,00    0,00    0,00    0,00    0,00    0,00    0,00    0,00    0,00  100,00
02:12:35      19    0,00    0,00    0,00    0,00    0,00    0,00    0,00    0,00    0,00  100,00
02:12:35      20    0,00    0,00    0,00    0,00    0,00    0,00    0,00    0,00    0,00  100,00
02:12:35      21    0,00    0,00    0,00    0,00    0,00    0,00    0,00    0,00    0,00  100,00
02:12:35      22    0,00    0,00    0,00    0,00    0,00    0,00    0,00    0,00    0,00  100,00
02:12:35      23    0,00    0,00    0,00    0,00    0,00    0,00    0,00    0,00    0,00  100,00

02:12:35     CPU    %usr   %nice    %sys %iowait    %irq   %soft  %steal  %guest  %gnice   %idle
02:12:36     all    4,17    0,00    0,00    0,00    0,00    0,00    0,00    0,00    0,00   95,83
02:12:36       0    0,00    0,00    0,00    0,00    0,00    0,00    0,00    0,00    0,00  100,00
02:12:36       1    0,00    0,00    0,00    0,00    0,00    0,00    0,00    0,00    0,00  100,00
02:12:36       2    0,00    0,00    0,00    0,00    0,00    0,00    0,00    0,00    0,00  100,00
02:12:36       3    0,00    0,00    0,00    0,00    0,00    0,00    0,00    0,00    0,00  100,00
02:12:36       4    0,00    0,00    0,00    0,00    0,00    0,00    0,00    0,00    0,00  100,00
02:12:36       5    0,00    0,00    0,00    0,00    0,00    0,00    0,00    0,00    0,00  100,00
02:12:36       6    0,00    0,00    0,00    0,00    0,00    0,00    0,00    0,00    0,00  100,00
02:12:36       7    0,00    0,00    0,00    0,00    0,00    0,00    0,00    0,00    0,00  100,00
02:12:36       8  100,00    0,00    0,00    0,00    0,00    0,00    0,00    0,00    0,00    0,00
02:12:36       9    0,00    0,00    0,00    0,00    0,00    0,00    0,00    0,00    0,00  100,00
02:12:36      10    0,00    0,00    0,00    0,00    0,00    0,00    0,00    0,00    0,00  100,00
02:12:36      11    0,00    0,00    0,00    0,00    0,00    0,00    0,00    0,00    0,00  100,00
02:12:36      12    0,00    0,00    0,00    0,00    0,00    0,00    0,00    0,00    0,00  100,00
02:12:36      13    0,00    0,00    0,00    0,00    0,00    0,00    0,00    0,00    0,00  100,00
02:12:36      14    0,00    0,00    0,00    0,00    0,00    0,00    0,00    0,00    0,00  100,00
02:12:36      15    0,00    0,00    0,00    0,00    0,00    0,00    0,00    0,00    0,00  100,00
02:12:36      16    0,00    0,00    0,00    0,00    0,00    0,00    0,00    0,00    0,00  100,00
02:12:36      17    0,00    0,00    0,00    0,00    0,00    0,00    0,00    0,00    0,00  100,00
02:12:36      18    0,00    0,00    0,00    0,00    0,00    0,00    0,00    0,00    0,00  100,00
02:12:36      19    0,00    0,00    0,00    0,00    0,00    0,00    0,00    0,00    0,00  100,00
02:12:36      20    0,00    0,00    0,00    0,00    0,00    0,00    0,00    0,00    0,00  100,00
02:12:36      21    0,00    0,00    0,00    0,00    0,00    0,00    0,00    0,00    0,00  100,00
02:12:36      22    0,00    0,00    0,00    0,00    0,00    0,00    0,00    0,00    0,00  100,00
02:12:36      23    0,00    0,00    0,00    0,00    0,00    0,00    0,00    0,00    0,00  100,00

02:12:36     CPU    %usr   %nice    %sys %iowait    %irq   %soft  %steal  %guest  %gnice   %idle
02:12:37     all    4,17    0,00    0,08    0,00    0,00    0,00    0,00    0,00    0,00   95,75
02:12:37       0    0,00    0,00    0,00    0,00    0,00    0,00    0,00    0,00    0,00  100,00
02:12:37       1    0,00    0,00    0,00    0,00    0,00    0,00    0,00    0,00    0,00  100,00
02:12:37       2    0,00    0,00    0,99    0,00    0,00    0,00    0,00    0,00    0,00   99,01
02:12:37       3    0,00    0,00    0,00    0,00    0,00    0,00    0,00    0,00    0,00  100,00
02:12:37       4    0,00    0,00    0,00    0,00    0,00    0,00    0,00    0,00    0,00  100,00
02:12:37       5    0,00    0,00    0,00    0,00    0,00    0,00    0,00    0,00    0,00  100,00
02:12:37       6    0,00    0,00    0,00    0,00    0,00    0,00    0,00    0,00    0,00  100,00
02:12:37       7    0,00    0,00    0,00    0,00    0,00    0,00    0,00    0,00    0,00  100,00
02:12:37       8  100,00    0,00    0,00    0,00    0,00    0,00    0,00    0,00    0,00    0,00
02:12:37       9    0,00    0,00    0,00    0,00    0,00    0,00    0,00    0,00    0,00  100,00
02:12:37      10    0,00    0,00    0,00    0,00    0,00    0,00    0,00    0,00    0,00  100,00
02:12:37      11    0,00    0,00    0,00    0,00    0,00    0,00    0,00    0,00    0,00  100,00
02:12:37      12    0,00    0,00    0,00    0,00    0,00    0,00    0,00    0,00    0,00  100,00
02:12:37      13    0,00    0,00    0,00    0,00    0,00    0,00    0,00    0,00    0,00  100,00
02:12:37      14    0,00    0,00    0,00    0,00    0,00    0,00    0,00    0,00    0,00  100,00
02:12:37      15    0,00    0,00    0,00    0,00    0,00    0,00    0,00    0,00    0,00  100,00
02:12:37      16    0,00    0,00    0,00    0,00    0,00    0,00    0,00    0,00    0,00  100,00
02:12:37      17    0,00    0,00    0,00    0,00    0,00    0,00    0,00    0,00    0,00  100,00
02:12:37      18    0,00    0,00    0,99    0,00    0,00    0,00    0,00    0,00    0,00   99,01
02:12:37      19    0,00    0,00    0,00    0,00    0,00    0,00    0,00    0,00    0,00  100,00
02:12:37      20    0,00    0,00    0,00    0,00    0,00    0,00    0,00    0,00    0,00  100,00
02:12:37      21    0,00    0,00    0,00    0,00    0,00    0,00    0,00    0,00    0,00  100,00
02:12:37      22    0,00    0,00    0,00    0,00    0,00    0,00    0,00    0,00    0,00  100,00
02:12:37      23    0,00    0,00    0,00    0,00    0,00    0,00    0,00    0,00    0,00  100,00

02:12:37     CPU    %usr   %nice    %sys %iowait    %irq   %soft  %steal  %guest  %gnice   %idle
02:12:38     all    4,17    0,00    0,00    0,12    0,00    0,00    0,00    0,00    0,00   95,71
02:12:38       0    0,00    0,00    0,00    2,00    0,00    0,00    0,00    0,00    0,00   98,00
02:12:38       1    0,00    0,00    0,00    0,00    0,00    0,00    0,00    0,00    0,00  100,00
02:12:38       2    0,00    0,00    0,00    0,00    0,00    0,00    0,00    0,00    0,00  100,00
02:12:38       3    0,00    0,00    0,00    0,00    0,00    0,00    0,00    0,00    0,00  100,00
02:12:38       4    0,00    0,00    0,00    0,00    0,00    0,00    0,00    0,00    0,00  100,00
02:12:38       5    0,00    0,00    0,00    0,00    0,00    0,00    0,00    0,00    0,00  100,00
02:12:38       6    0,00    0,00    0,00    0,00    0,00    0,00    0,00    0,00    0,00  100,00
02:12:38       7    0,00    0,00    0,00    0,00    0,00    0,00    0,00    0,00    0,00  100,00
02:12:38       8  100,00    0,00    0,00    0,00    0,00    0,00    0,00    0,00    0,00    0,00
02:12:38       9    0,00    0,00    0,00    0,00    0,00    0,00    0,00    0,00    0,00  100,00
02:12:38      10    0,00    0,00    0,00    0,00    0,00    0,00    0,00    0,00    0,00  100,00
02:12:38      11    0,00    0,00    0,00    0,00    0,00    0,00    0,00    0,00    0,00  100,00
02:12:38      12    0,00    0,00    0,00    0,00    0,00    0,00    0,00    0,00    0,00  100,00
02:12:38      13    0,00    0,00    0,00    0,00    0,00    0,00    0,00    0,00    0,00  100,00
02:12:38      14    0,00    0,00    0,00    0,99    0,00    0,00    0,00    0,00    0,00   99,01
02:12:38      15    0,00    0,00    0,00    0,00    0,00    0,00    0,00    0,00    0,00  100,00
02:12:38      16    0,00    0,00    0,00    0,00    0,00    0,00    0,00    0,00    0,00  100,00
02:12:38      17    0,00    0,00    0,00    0,00    0,00    0,00    0,00    0,00    0,00  100,00
02:12:38      18    0,00    0,00    0,00    0,00    0,00    0,00    0,00    0,00    0,00  100,00
02:12:38      19    0,00    0,00    0,00    0,00    0,00    0,00    0,00    0,00    0,00  100,00
02:12:38      20    0,00    0,00    0,00    0,00    0,00    0,00    0,00    0,00    0,00  100,00
02:12:38      21    0,00    0,00    0,00    0,00    0,00    0,00    0,00    0,00    0,00  100,00
02:12:38      22    0,00    0,00    0,00    0,00    0,00    0,00    0,00    0,00    0,00  100,00
02:12:38      23    0,00    0,00    0,00    0,00    0,00    0,00    0,00    0,00    0,00  100,00

02:12:38     CPU    %usr   %nice    %sys %iowait    %irq   %soft  %steal  %guest  %gnice   %idle
02:12:39     all    4,17    0,00    0,00    0,00    0,00    0,00    0,00    0,00    0,00   95,83
02:12:39       0    0,00    0,00    0,00    0,00    0,00    0,00    0,00    0,00    0,00  100,00
02:12:39       1    0,00    0,00    0,00    0,00    0,00    0,00    0,00    0,00    0,00  100,00
02:12:39       2    0,00    0,00    0,00    0,00    0,00    0,00    0,00    0,00    0,00  100,00
02:12:39       3    0,00    0,00    0,00    0,00    0,00    0,00    0,00    0,00    0,00  100,00
02:12:39       4    0,00    0,00    0,00    0,00    0,00    0,00    0,00    0,00    0,00  100,00
02:12:39       5    0,00    0,00    0,00    0,00    0,00    0,00    0,00    0,00    0,00  100,00
02:12:39       6    0,00    0,00    0,00    0,00    0,00    0,00    0,00    0,00    0,00  100,00
02:12:39       7    0,00    0,00    0,00    0,00    0,00    0,00    0,00    0,00    0,00  100,00
02:12:39       8  100,00    0,00    0,00    0,00    0,00    0,00    0,00    0,00    0,00    0,00
02:12:39       9    0,00    0,00    0,00    0,00    0,00    0,00    0,00    0,00    0,00  100,00
02:12:39      10    0,00    0,00    0,00    0,00    0,00    0,00    0,00    0,00    0,00  100,00
02:12:39      11    0,00    0,00    0,00    0,00    0,00    0,00    0,00    0,00    0,00  100,00
02:12:39      12    0,00    0,00    0,00    0,00    0,00    0,00    0,00    0,00    0,00  100,00
02:12:39      13    0,00    0,00    0,00    0,00    0,00    0,00    0,00    0,00    0,00  100,00
02:12:39      14    0,00    0,00    0,00    0,00    0,00    0,00    0,00    0,00    0,00  100,00
02:12:39      15    0,00    0,00    0,00    0,00    0,00    0,00    0,00    0,00    0,00  100,00
02:12:39      16    0,00    0,00    0,00    0,00    0,00    0,00    0,00    0,00    0,00  100,00
02:12:39      17    0,00    0,00    0,00    0,00    0,00    0,00    0,00    0,00    0,00  100,00
02:12:39      18    0,00    0,00    0,00    0,00    0,00    0,00    0,00    0,00    0,00  100,00
02:12:39      19    0,00    0,00    0,00    0,00    0,00    0,00    0,00    0,00    0,00  100,00
02:12:39      20    0,00    0,00    0,00    0,00    0,00    0,00    0,00    0,00    0,00  100,00
02:12:39      21    0,00    0,00    0,00    0,00    0,00    0,00    0,00    0,00    0,00  100,00
02:12:39      22    0,00    0,00    0,00    0,00    0,00    0,00    0,00    0,00    0,00  100,00
02:12:39      23    0,00    0,00    0,00    0,00    0,00    0,00    0,00    0,00    0,00  100,00

02:12:39     CPU    %usr   %nice    %sys %iowait    %irq   %soft  %steal  %guest  %gnice   %idle
02:12:40     all    4,17    0,00    0,00    0,00    0,00    0,00    0,00    0,00    0,00   95,83
02:12:40       0    0,00    0,00    0,00    0,00    0,00    0,00    0,00    0,00    0,00  100,00
02:12:40       1    0,00    0,00    0,00    0,00    0,00    0,00    0,00    0,00    0,00  100,00
02:12:40       2    0,00    0,00    0,00    0,00    0,00    0,00    0,00    0,00    0,00  100,00
02:12:40       3    0,00    0,00    0,00    0,00    0,00    0,00    0,00    0,00    0,00  100,00
02:12:40       4    0,00    0,00    0,00    0,00    0,00    0,00    0,00    0,00    0,00  100,00
02:12:40       5    0,00    0,00    0,00    0,00    0,00    0,00    0,00    0,00    0,00  100,00
02:12:40       6    0,00    0,00    0,00    0,00    0,00    0,00    0,00    0,00    0,00  100,00
02:12:40       7    0,00    0,00    0,00    0,00    0,00    0,00    0,00    0,00    0,00  100,00
02:12:40       8  100,00    0,00    0,00    0,00    0,00    0,00    0,00    0,00    0,00    0,00
02:12:40       9    0,00    0,00    0,00    0,00    0,00    0,00    0,00    0,00    0,00  100,00
02:12:40      10    0,00    0,00    0,00    0,00    0,00    0,00    0,00    0,00    0,00  100,00
02:12:40      11    0,00    0,00    0,00    0,00    0,00    0,00    0,00    0,00    0,00  100,00
02:12:40      12    0,00    0,00    0,00    0,00    0,00    0,00    0,00    0,00    0,00  100,00
02:12:40      13    0,00    0,00    0,00    0,00    0,00    0,00    0,00    0,00    0,00  100,00
02:12:40      14    0,00    0,00    0,00    0,00    0,00    0,00    0,00    0,00    0,00  100,00
02:12:40      15    0,00    0,00    0,00    0,00    0,00    0,00    0,00    0,00    0,00  100,00
02:12:40      16    0,00    0,00    0,00    0,00    0,00    0,00    0,00    0,00    0,00  100,00
02:12:40      17    0,00    0,00    0,00    0,00    0,00    0,00    0,00    0,00    0,00  100,00
02:12:40      18    0,00    0,00    0,00    0,00    0,00    0,00    0,00    0,00    0,00  100,00
02:12:40      19    0,00    0,00    0,00    0,00    0,00    0,00    0,00    0,00    0,00  100,00
02:12:40      20    0,00    0,00    0,00    0,00    0,00    0,00    0,00    0,00    0,00  100,00
02:12:40      21    0,00    0,00    0,00    0,00    0,00    0,00    0,00    0,00    0,00  100,00
02:12:40      22    0,00    0,00    0,00    0,00    0,00    0,00    0,00    0,00    0,00  100,00
02:12:40      23    0,00    0,00    0,00    0,00    0,00    0,00    0,00    0,00    0,00  100,00

02:12:40     CPU    %usr   %nice    %sys %iowait    %irq   %soft  %steal  %guest  %gnice   %idle
02:12:41     all    4,25    0,00    0,00    0,00    0,00    0,00    0,00    0,00    0,00   95,75
02:12:41       0    0,00    0,00    0,00    0,00    0,00    0,00    0,00    0,00    0,00  100,00
02:12:41       1    0,00    0,00    0,00    0,00    0,00    0,00    0,00    0,00    0,00  100,00
02:12:41       2    0,99    0,00    0,00    0,00    0,00    0,00    0,00    0,00    0,00   99,01
02:12:41       3    0,00    0,00    0,00    0,00    0,00    0,00    0,00    0,00    0,00  100,00
02:12:41       4    0,00    0,00    0,00    0,00    0,00    0,00    0,00    0,00    0,00  100,00
02:12:41       5    0,00    0,00    0,00    0,00    0,00    0,00    0,00    0,00    0,00  100,00
02:12:41       6    0,00    0,00    0,00    0,00    0,00    0,00    0,00    0,00    0,00  100,00
02:12:41       7    0,00    0,00    0,00    0,00    0,00    0,00    0,00    0,00    0,00  100,00
02:12:41       8  100,00    0,00    0,00    0,00    0,00    0,00    0,00    0,00    0,00    0,00
02:12:41       9    0,00    0,00    0,00    0,00    0,00    0,00    0,00    0,00    0,00  100,00
02:12:41      10    0,00    0,00    0,00    0,00    0,00    0,00    0,00    0,00    0,00  100,00
02:12:41      11    0,00    0,00    0,00    0,00    0,00    0,00    0,00    0,00    0,00  100,00
02:12:41      12    0,99    0,00    0,00    0,00    0,00    0,00    0,00    0,00    0,00   99,01
02:12:41      13    0,00    0,00    0,00    0,00    0,00    0,00    0,00    0,00    0,00  100,00
02:12:41      14    0,00    0,00    0,00    0,00    0,00    0,00    0,00    0,00    0,00  100,00
02:12:41      15    0,00    0,00    0,00    0,00    0,00    0,00    0,00    0,00    0,00  100,00
02:12:41      16    0,00    0,00    0,00    0,00    0,00    0,00    0,00    0,00    0,00  100,00
02:12:41      17    0,00    0,00    0,00    0,00    0,00    0,00    0,00    0,00    0,00  100,00
02:12:41      18    0,00    0,00    0,00    0,00    0,00    0,00    0,00    0,00    0,00  100,00
02:12:41      19    0,00    0,00    0,00    0,00    0,00    0,00    0,00    0,00    0,00  100,00
02:12:41      20    0,00    0,00    0,00    0,00    0,00    0,00    0,00    0,00    0,00  100,00
02:12:41      21    0,00    0,00    0,00    0,00    0,00    0,00    0,00    0,00    0,00  100,00
02:12:41      22    0,00    0,00    0,00    0,00    0,00    0,00    0,00    0,00    0,00  100,00
02:12:41      23    0,00    0,00    0,00    0,00    0,00    0,00    0,00    0,00    0,00  100,00

02:12:41     CPU    %usr   %nice    %sys %iowait    %irq   %soft  %steal  %guest  %gnice   %idle
02:12:42     all    4,17    0,00    0,00    0,00    0,00    0,00    0,00    0,00    0,00   95,83
02:12:42       0    0,00    0,00    0,00    0,00    0,00    0,00    0,00    0,00    0,00  100,00
02:12:42       1    0,00    0,00    0,00    0,00    0,00    0,00    0,00    0,00    0,00  100,00
02:12:42       2    0,00    0,00    0,00    0,00    0,00    0,00    0,00    0,00    0,00  100,00
02:12:42       3    0,00    0,00    0,00    0,00    0,00    0,00    0,00    0,00    0,00  100,00
02:12:42       4    0,00    0,00    0,00    0,00    0,00    0,00    0,00    0,00    0,00  100,00
02:12:42       5    0,00    0,00    0,00    0,00    0,00    0,00    0,00    0,00    0,00  100,00
02:12:42       6    0,00    0,00    0,00    0,00    0,00    0,00    0,00    0,00    0,00  100,00
02:12:42       7    0,00    0,00    0,00    0,00    0,00    0,00    0,00    0,00    0,00  100,00
02:12:42       8  100,00    0,00    0,00    0,00    0,00    0,00    0,00    0,00    0,00    0,00
02:12:42       9    0,00    0,00    0,00    0,00    0,00    0,00    0,00    0,00    0,00  100,00
02:12:42      10    0,00    0,00    0,00    0,00    0,00    0,00    0,00    0,00    0,00  100,00
02:12:42      11    0,00    0,00    0,00    0,00    0,00    0,00    0,00    0,00    0,00  100,00
02:12:42      12    0,00    0,00    0,00    0,00    0,00    0,00    0,00    0,00    0,00  100,00
02:12:42      13    0,00    0,00    0,00    0,00    0,00    0,00    0,00    0,00    0,00  100,00
02:12:42      14    0,00    0,00    0,00    0,00    0,00    0,00    0,00    0,00    0,00  100,00
02:12:42      15    0,00    0,00    0,00    0,00    0,00    0,00    0,00    0,00    0,00  100,00
02:12:42      16    0,00    0,00    0,00    0,00    0,00    0,00    0,00    0,00    0,00  100,00
02:12:42      17    0,00    0,00    0,00    0,00    0,00    0,00    0,00    0,00    0,00  100,00
02:12:42      18    0,00    0,00    0,00    0,00    0,00    0,00    0,00    0,00    0,00  100,00
02:12:42      19    0,00    0,00    0,00    0,00    0,00    0,00    0,00    0,00    0,00  100,00
02:12:42      20    0,00    0,00    0,00    0,00    0,00    0,00    0,00    0,00    0,00  100,00
02:12:42      21    0,00    0,00    0,00    0,00    0,00    0,00    0,00    0,00    0,00  100,00
02:12:42      22    0,00    0,00    0,00    0,00    0,00    0,00    0,00    0,00    0,00  100,00
02:12:42      23    0,00    0,00    0,00    0,00    0,00    0,00    0,00    0,00    0,00  100,00

02:12:42     CPU    %usr   %nice    %sys %iowait    %irq   %soft  %steal  %guest  %gnice   %idle
02:12:43     all    4,17    0,00    0,00    0,08    0,00    0,00    0,00    0,00    0,00   95,75
02:12:43       0    0,00    0,00    0,00    2,00    0,00    0,00    0,00    0,00    0,00   98,00
02:12:43       1    0,00    0,00    0,00    0,00    0,00    0,00    0,00    0,00    0,00  100,00
02:12:43       2    0,00    0,00    0,00    0,00    0,00    0,00    0,00    0,00    0,00  100,00
02:12:43       3    0,00    0,00    0,00    0,00    0,00    0,00    0,00    0,00    0,00  100,00
02:12:43       4    0,00    0,00    0,00    0,00    0,00    0,00    0,00    0,00    0,00  100,00
02:12:43       5    0,00    0,00    0,00    0,00    0,00    0,00    0,00    0,00    0,00  100,00
02:12:43       6    0,00    0,00    0,00    0,00    0,00    0,00    0,00    0,00    0,00  100,00
02:12:43       7    0,00    0,00    0,00    0,00    0,00    0,00    0,00    0,00    0,00  100,00
02:12:43       8  100,00    0,00    0,00    0,00    0,00    0,00    0,00    0,00    0,00    0,00
02:12:43       9    0,00    0,00    0,00    0,00    0,00    0,00    0,00    0,00    0,00  100,00
02:12:43      10    0,00    0,00    0,00    0,00    0,00    0,00    0,00    0,00    0,00  100,00
02:12:43      11    0,00    0,00    0,00    0,00    0,00    0,00    0,00    0,00    0,00  100,00
02:12:43      12    0,00    0,00    0,00    0,00    0,00    0,00    0,00    0,00    0,00  100,00
02:12:43      13    0,00    0,00    0,00    0,00    0,00    0,00    0,00    0,00    0,00  100,00
02:12:43      14    0,00    0,00    0,00    0,00    0,00    0,00    0,00    0,00    0,00  100,00
02:12:43      15    0,00    0,00    0,00    0,00    0,00    0,00    0,00    0,00    0,00  100,00
02:12:43      16    0,00    0,00    0,00    0,00    0,00    0,00    0,00    0,00    0,00  100,00
02:12:43      17    0,00    0,00    0,00    0,00    0,00    0,00    0,00    0,00    0,00  100,00
02:12:43      18    0,00    0,00    0,00    0,00    0,00    0,00    0,00    0,00    0,00  100,00
02:12:43      19    0,00    0,00    0,00    0,00    0,00    0,00    0,00    0,00    0,00  100,00
02:12:43      20    0,00    0,00    0,00    0,00    0,00    0,00    0,00    0,00    0,00  100,00
02:12:43      21    0,00    0,00    0,00    0,00    0,00    0,00    0,00    0,00    0,00  100,00
02:12:43      22    0,00    0,00    0,00    0,00    0,00    0,00    0,00    0,00    0,00  100,00
02:12:43      23    0,00    0,00    0,00    0,00    0,00    0,00    0,00    0,00    0,00  100,00

02:12:43     CPU    %usr   %nice    %sys %iowait    %irq   %soft  %steal  %guest  %gnice   %idle
02:12:44     all    4,21    0,00    0,00    0,00    0,00    0,00    0,00    0,00    0,00   95,79
02:12:44       0    0,00    0,00    0,00    0,00    0,00    0,00    0,00    0,00    0,00  100,00
02:12:44       1    0,00    0,00    0,00    0,00    0,00    0,00    0,00    0,00    0,00  100,00
02:12:44       2    0,00    0,00    0,00    0,00    0,00    0,00    0,00    0,00    0,00  100,00
02:12:44       3    0,00    0,00    0,00    0,00    0,00    0,00    0,00    0,00    0,00  100,00
02:12:44       4    0,00    0,00    0,00    0,00    0,00    0,00    0,00    0,00    0,00  100,00
02:12:44       5    0,00    0,00    0,00    0,00    0,00    0,00    0,00    0,00    0,00  100,00
02:12:44       6    0,00    0,00    0,00    0,00    0,00    0,00    0,00    0,00    0,00  100,00
02:12:44       7    0,00    0,00    0,00    0,00    0,00    0,00    0,00    0,00    0,00  100,00
02:12:44       8  100,00    0,00    0,00    0,00    0,00    0,00    0,00    0,00    0,00    0,00
02:12:44       9    0,00    0,00    0,00    0,00    0,00    0,00    0,00    0,00    0,00  100,00
02:12:44      10    0,00    0,00    0,00    0,00    0,00    0,00    0,00    0,00    0,00  100,00
02:12:44      11    0,00    0,00    0,00    0,00    0,00    0,00    0,00    0,00    0,00  100,00
02:12:44      12    0,00    0,00    0,00    0,00    0,00    0,00    0,00    0,00    0,00  100,00
02:12:44      13    0,00    0,00    0,00    0,00    0,00    0,00    0,00    0,00    0,00  100,00
02:12:44      14    0,00    0,00    0,00    0,00    0,00    0,00    0,00    0,00    0,00  100,00
02:12:44      15    0,00    0,00    0,00    0,00    0,00    0,00    0,00    0,00    0,00  100,00
02:12:44      16    0,00    0,00    0,00    0,00    0,00    0,00    0,00    0,00    0,00  100,00
02:12:44      17    0,00    0,00    0,00    0,00    0,00    0,00    0,00    0,00    0,00  100,00
02:12:44      18    0,99    0,00    0,00    0,00    0,00    0,00    0,00    0,00    0,00   99,01
02:12:44      19    0,00    0,00    0,00    0,00    0,00    0,00    0,00    0,00    0,00  100,00
02:12:44      20    0,00    0,00    0,00    0,00    0,00    0,00    0,00    0,00    0,00  100,00
02:12:44      21    0,00    0,00    0,00    0,00    0,00    0,00    0,00    0,00    0,00  100,00
02:12:44      22    0,00    0,00    0,00    0,00    0,00    0,00    0,00    0,00    0,00  100,00
02:12:44      23    0,00    0,00    0,00    0,00    0,00    0,00    0,00    0,00    0,00  100,00

02:12:44     CPU    %usr   %nice    %sys %iowait    %irq   %soft  %steal  %guest  %gnice   %idle
02:12:45     all    4,17    0,00    0,00    0,00    0,00    0,00    0,00    0,00    0,00   95,83
02:12:45       0    0,00    0,00    0,00    0,00    0,00    0,00    0,00    0,00    0,00  100,00
02:12:45       1    0,00    0,00    0,00    0,00    0,00    0,00    0,00    0,00    0,00  100,00
02:12:45       2    0,00    0,00    0,00    0,00    0,00    0,00    0,00    0,00    0,00  100,00
02:12:45       3    0,00    0,00    0,00    0,00    0,00    0,00    0,00    0,00    0,00  100,00
02:12:45       4    0,00    0,00    0,00    0,00    0,00    0,00    0,00    0,00    0,00  100,00
02:12:45       5    0,00    0,00    0,00    0,00    0,00    0,00    0,00    0,00    0,00  100,00
02:12:45       6    0,00    0,00    0,00    0,00    0,00    0,00    0,00    0,00    0,00  100,00
02:12:45       7    0,00    0,00    0,00    0,00    0,00    0,00    0,00    0,00    0,00  100,00
02:12:45       8  100,00    0,00    0,00    0,00    0,00    0,00    0,00    0,00    0,00    0,00
02:12:45       9    0,00    0,00    0,00    0,00    0,00    0,00    0,00    0,00    0,00  100,00
02:12:45      10    0,00    0,00    0,00    0,00    0,00    0,00    0,00    0,00    0,00  100,00
02:12:45      11    0,00    0,00    0,00    0,00    0,00    0,00    0,00    0,00    0,00  100,00
02:12:45      12    0,00    0,00    0,00    0,00    0,00    0,00    0,00    0,00    0,00  100,00
02:12:45      13    0,00    0,00    0,00    0,00    0,00    0,00    0,00    0,00    0,00  100,00
02:12:45      14    0,00    0,00    0,00    0,00    0,00    0,00    0,00    0,00    0,00  100,00
02:12:45      15    0,00    0,00    0,00    0,00    0,00    0,00    0,00    0,00    0,00  100,00
02:12:45      16    0,00    0,00    0,00    0,00    0,00    0,00    0,00    0,00    0,00  100,00
02:12:45      17    0,00    0,00    0,00    0,00    0,00    0,00    0,00    0,00    0,00  100,00
02:12:45      18    0,00    0,00    0,00    0,00    0,00    0,00    0,00    0,00    0,00  100,00
02:12:45      19    0,00    0,00    0,00    0,00    0,00    0,00    0,00    0,00    0,00  100,00
02:12:45      20    0,00    0,00    0,00    0,00    0,00    0,00    0,00    0,00    0,00  100,00
02:12:45      21    0,00    0,00    0,00    0,00    0,00    0,00    0,00    0,00    0,00  100,00
02:12:45      22    0,00    0,00    0,00    0,00    0,00    0,00    0,00    0,00    0,00  100,00
02:12:45      23    0,00    0,00    0,00    0,00    0,00    0,00    0,00    0,00    0,00  100,00

02:12:45     CPU    %usr   %nice    %sys %iowait    %irq   %soft  %steal  %guest  %gnice   %idle
02:12:46     all    4,17    0,00    0,00    0,00    0,00    0,00    0,00    0,00    0,00   95,83
02:12:46       0    0,00    0,00    0,00    0,00    0,00    0,00    0,00    0,00    0,00  100,00
02:12:46       1    0,00    0,00    0,00    0,00    0,00    0,00    0,00    0,00    0,00  100,00
02:12:46       2    0,00    0,00    0,00    0,00    0,00    0,00    0,00    0,00    0,00  100,00
02:12:46       3    0,00    0,00    0,00    0,00    0,00    0,00    0,00    0,00    0,00  100,00
02:12:46       4    0,00    0,00    0,00    0,00    0,00    0,00    0,00    0,00    0,00  100,00
02:12:46       5    0,00    0,00    0,00    0,00    0,00    0,00    0,00    0,00    0,00  100,00
02:12:46       6    0,00    0,00    0,00    0,00    0,00    0,00    0,00    0,00    0,00  100,00
02:12:46       7    0,00    0,00    0,00    0,00    0,00    0,00    0,00    0,00    0,00  100,00
02:12:46       8  100,00    0,00    0,00    0,00    0,00    0,00    0,00    0,00    0,00    0,00
02:12:46       9    0,00    0,00    0,00    0,00    0,00    0,00    0,00    0,00    0,00  100,00
02:12:46      10    0,00    0,00    0,00    0,00    0,00    0,00    0,00    0,00    0,00  100,00
02:12:46      11    0,00    0,00    0,00    0,00    0,00    0,00    0,00    0,00    0,00  100,00
02:12:46      12    0,00    0,00    0,00    0,00    0,00    0,00    0,00    0,00    0,00  100,00
02:12:46      13    0,00    0,00    0,00    0,00    0,00    0,00    0,00    0,00    0,00  100,00
02:12:46      14    0,00    0,00    0,00    0,00    0,00    0,00    0,00    0,00    0,00  100,00
02:12:46      15    0,00    0,00    0,00    0,00    0,00    0,00    0,00    0,00    0,00  100,00
02:12:46      16    0,00    0,00    0,00    0,00    0,00    0,00    0,00    0,00    0,00  100,00
02:12:46      17    0,00    0,00    0,00    0,00    0,00    0,00    0,00    0,00    0,00  100,00
02:12:46      18    0,00    0,00    0,00    0,00    0,00    0,00    0,00    0,00    0,00  100,00
02:12:46      19    0,00    0,00    0,00    0,00    0,00    0,00    0,00    0,00    0,00  100,00
02:12:46      20    0,00    0,00    0,00    0,00    0,00    0,00    0,00    0,00    0,00  100,00
02:12:46      21    0,00    0,00    0,00    0,00    0,00    0,00    0,00    0,00    0,00  100,00
02:12:46      22    0,00    0,00    0,00    0,00    0,00    0,00    0,00    0,00    0,00  100,00
02:12:46      23    0,00    0,00    0,00    0,00    0,00    0,00    0,00    0,00    0,00  100,00

02:12:46     CPU    %usr   %nice    %sys %iowait    %irq   %soft  %steal  %guest  %gnice   %idle
02:12:47     all    4,25    0,00    0,00    0,00    0,00    0,00    0,00    0,00    0,00   95,75
02:12:47       0    0,00    0,00    0,00    0,00    0,00    0,00    0,00    0,00    0,00  100,00
02:12:47       1    0,00    0,00    0,00    0,00    0,00    0,00    0,00    0,00    0,00  100,00
02:12:47       2    0,00    0,00    0,00    0,00    0,00    0,00    0,00    0,00    0,00  100,00
02:12:47       3    0,00    0,00    0,00    0,00    0,00    0,00    0,00    0,00    0,00  100,00
02:12:47       4    0,00    0,00    0,00    0,00    0,00    0,00    0,00    0,00    0,00  100,00
02:12:47       5    0,00    0,00    0,00    0,00    0,00    0,00    0,00    0,00    0,00  100,00
02:12:47       6    0,00    0,00    0,00    0,00    0,00    0,00    0,00    0,00    0,00  100,00
02:12:47       7    0,00    0,00    0,00    0,00    0,00    0,00    0,00    0,00    0,00  100,00
02:12:47       8  100,00    0,00    0,00    0,00    0,00    0,00    0,00    0,00    0,00    0,00
02:12:47       9    0,00    0,00    0,00    0,00    0,00    0,00    0,00    0,00    0,00  100,00
02:12:47      10    0,00    0,00    0,00    0,00    0,00    0,00    0,00    0,00    0,00  100,00
02:12:47      11    0,00    0,00    0,00    0,00    0,00    0,00    0,00    0,00    0,00  100,00
02:12:47      12    0,99    0,00    0,00    0,00    0,00    0,00    0,00    0,00    0,00   99,01
02:12:47      13    0,00    0,00    0,00    0,00    0,00    0,00    0,00    0,00    0,00  100,00
02:12:47      14    0,00    0,00    0,00    0,00    0,00    0,00    0,00    0,00    0,00  100,00
02:12:47      15    0,00    0,00    0,00    0,00    0,00    0,00    0,00    0,00    0,00  100,00
02:12:47      16    0,00    0,00    0,00    0,00    0,00    0,00    0,00    0,00    0,00  100,00
02:12:47      17    0,99    0,00    0,00    0,00    0,00    0,00    0,00    0,00    0,00   99,01
02:12:47      18    0,00    0,00    0,00    0,00    0,00    0,00    0,00    0,00    0,00  100,00
02:12:47      19    0,00    0,00    0,00    0,00    0,00    0,00    0,00    0,00    0,00  100,00
02:12:47      20    0,00    0,00    0,00    0,00    0,00    0,00    0,00    0,00    0,00  100,00
02:12:47      21    0,00    0,00    0,00    0,00    0,00    0,00    0,00    0,00    0,00  100,00
02:12:47      22    0,00    0,00    0,00    0,00    0,00    0,00    0,00    0,00    0,00  100,00
02:12:47      23    0,00    0,00    0,00    0,00    0,00    0,00    0,00    0,00    0,00  100,00

02:12:47     CPU    %usr   %nice    %sys %iowait    %irq   %soft  %steal  %guest  %gnice   %idle
02:12:48     all    4,17    0,00    0,00    0,21    0,00    0,00    0,00    0,00    0,00   95,62
02:12:48       0    0,00    0,00    0,00    2,00    0,00    0,00    0,00    0,00    0,00   98,00
02:12:48       1    0,00    0,00    0,00    0,00    0,00    0,00    0,00    0,00    0,00  100,00
02:12:48       2    0,00    0,00    0,00    0,00    0,00    0,00    0,00    0,00    0,00  100,00
02:12:48       3    0,00    0,00    0,00    0,00    0,00    0,00    0,00    0,00    0,00  100,00
02:12:48       4    0,00    0,00    0,00    0,00    0,00    0,00    0,00    0,00    0,00  100,00
02:12:48       5    0,00    0,00    0,00    0,00    0,00    0,00    0,00    0,00    0,00  100,00
02:12:48       6    0,00    0,00    0,00    0,00    0,00    0,00    0,00    0,00    0,00  100,00
02:12:48       7    0,00    0,00    0,00    0,00    0,00    0,00    0,00    0,00    0,00  100,00
02:12:48       8  100,00    0,00    0,00    0,00    0,00    0,00    0,00    0,00    0,00    0,00
02:12:48       9    0,00    0,00    0,00    0,00    0,00    0,00    0,00    0,00    0,00  100,00
02:12:48      10    0,00    0,00    0,00    0,00    0,00    0,00    0,00    0,00    0,00  100,00
02:12:48      11    0,00    0,00    0,00    0,00    0,00    0,00    0,00    0,00    0,00  100,00
02:12:48      12    0,00    0,00    0,00    0,00    0,00    0,00    0,00    0,00    0,00  100,00
02:12:48      13    0,00    0,00    0,00    0,00    0,00    0,00    0,00    0,00    0,00  100,00
02:12:48      14    0,00    0,00    0,00    0,99    0,00    0,00    0,00    0,00    0,00   99,01
02:12:48      15    0,00    0,00    0,00    0,00    0,00    0,00    0,00    0,00    0,00  100,00
02:12:48      16    0,00    0,00    0,00    0,00    0,00    0,00    0,00    0,00    0,00  100,00
02:12:48      17    0,00    0,00    0,00    0,00    0,00    0,00    0,00    0,00    0,00  100,00
02:12:48      18    0,00    0,00    0,00    0,00    0,00    0,00    0,00    0,00    0,00  100,00
02:12:48      19    0,00    0,00    0,00    1,98    0,00    0,00    0,00    0,00    0,00   98,02
02:12:48      20    0,00    0,00    0,00    0,00    0,00    0,00    0,00    0,00    0,00  100,00
02:12:48      21    0,00    0,00    0,00    0,00    0,00    0,00    0,00    0,00    0,00  100,00
02:12:48      22    0,00    0,00    0,00    0,00    0,00    0,00    0,00    0,00    0,00  100,00
02:12:48      23    0,00    0,00    0,00    0,00    0,00    0,00    0,00    0,00    0,00  100,00

02:12:48     CPU    %usr   %nice    %sys %iowait    %irq   %soft  %steal  %guest  %gnice   %idle
02:12:49     all    4,25    0,00    0,04    0,00    0,00    0,00    0,00    0,00    0,00   95,71
02:12:49       0    0,00    0,00    0,00    0,00    0,00    0,00    0,00    0,00    0,00  100,00
02:12:49       1    0,00    0,00    0,00    0,00    0,00    0,00    0,00    0,00    0,00  100,00
02:12:49       2    0,00    0,00    0,00    0,00    0,00    0,00    0,00    0,00    0,00  100,00
02:12:49       3    0,00    0,00    0,00    0,00    0,00    0,00    0,00    0,00    0,00  100,00
02:12:49       4    0,00    0,00    0,00    0,00    0,00    0,00    0,00    0,00    0,00  100,00
02:12:49       5    0,00    0,00    0,00    0,00    0,00    0,00    0,00    0,00    0,00  100,00
02:12:49       6    0,00    0,00    0,99    0,00    0,00    0,00    0,00    0,00    0,00   99,01
02:12:49       7    0,00    0,00    0,00    0,00    0,00    0,00    0,00    0,00    0,00  100,00
02:12:49       8  100,00    0,00    0,00    0,00    0,00    0,00    0,00    0,00    0,00    0,00
02:12:49       9    0,00    0,00    0,00    0,00    0,00    0,00    0,00    0,00    0,00  100,00
02:12:49      10    0,00    0,00    0,00    0,00    0,00    0,00    0,00    0,00    0,00  100,00
02:12:49      11    0,00    0,00    0,00    0,00    0,00    0,00    0,00    0,00    0,00  100,00
02:12:49      12    1,00    0,00    0,00    0,00    0,00    0,00    0,00    0,00    0,00   99,00
02:12:49      13    0,00    0,00    0,00    0,00    0,00    0,00    0,00    0,00    0,00  100,00
02:12:49      14    0,99    0,00    0,00    0,00    0,00    0,00    0,00    0,00    0,00   99,01
02:12:49      15    0,00    0,00    0,00    0,00    0,00    0,00    0,00    0,00    0,00  100,00
02:12:49      16    0,00    0,00    0,00    0,00    0,00    0,00    0,00    0,00    0,00  100,00
02:12:49      17    0,00    0,00    0,00    0,00    0,00    0,00    0,00    0,00    0,00  100,00
02:12:49      18    0,00    0,00    0,00    0,00    0,00    0,00    0,00    0,00    0,00  100,00
02:12:49      19    0,00    0,00    0,00    0,00    0,00    0,00    0,00    0,00    0,00  100,00
02:12:49      20    0,00    0,00    0,00    0,00    0,00    0,00    0,00    0,00    0,00  100,00
02:12:49      21    0,00    0,00    0,00    0,00    0,00    0,00    0,00    0,00    0,00  100,00
02:12:49      22    0,00    0,00    0,00    0,00    0,00    0,00    0,00    0,00    0,00  100,00
02:12:49      23    0,00    0,00    0,00    0,00    0,00    0,00    0,00    0,00    0,00  100,00

02:12:49     CPU    %usr   %nice    %sys %iowait    %irq   %soft  %steal  %guest  %gnice   %idle
02:12:50     all    4,16    0,00    0,04    0,00    0,00    0,00    0,00    0,00    0,00   95,79
02:12:50       0    0,00    0,00    0,00    0,00    0,00    0,00    0,00    0,00    0,00  100,00
02:12:50       1    0,00    0,00    0,00    0,00    0,00    0,00    0,00    0,00    0,00  100,00
02:12:50       2    0,00    0,00    0,00    0,00    0,00    0,00    0,00    0,00    0,00  100,00
02:12:50       3    0,00    0,00    0,00    0,00    0,00    0,00    0,00    0,00    0,00  100,00
02:12:50       4    0,00    0,00    0,00    0,00    0,00    0,00    0,00    0,00    0,00  100,00
02:12:50       5    0,00    0,00    0,00    0,00    0,00    0,00    0,00    0,00    0,00  100,00
02:12:50       6    0,00    0,00    0,00    0,00    0,00    0,00    0,00    0,00    0,00  100,00
02:12:50       7    0,00    0,00    0,99    0,00    0,00    0,00    0,00    0,00    0,00   99,01
02:12:50       8  100,00    0,00    0,00    0,00    0,00    0,00    0,00    0,00    0,00    0,00
02:12:50       9    0,00    0,00    0,00    0,00    0,00    0,00    0,00    0,00    0,00  100,00
02:12:50      10    0,00    0,00    0,00    0,00    0,00    0,00    0,00    0,00    0,00  100,00
02:12:50      11    0,00    0,00    0,00    0,00    0,00    0,00    0,00    0,00    0,00  100,00
02:12:50      12    0,00    0,00    0,00    0,00    0,00    0,00    0,00    0,00    0,00  100,00
02:12:50      13    0,00    0,00    0,00    0,00    0,00    0,00    0,00    0,00    0,00  100,00
02:12:50      14    0,00    0,00    0,00    0,00    0,00    0,00    0,00    0,00    0,00  100,00
02:12:50      15    0,00    0,00    0,00    0,00    0,00    0,00    0,00    0,00    0,00  100,00
02:12:50      16    0,00    0,00    0,00    0,00    0,00    0,00    0,00    0,00    0,00  100,00
02:12:50      17    0,00    0,00    0,00    0,00    0,00    0,00    0,00    0,00    0,00  100,00
02:12:50      18    0,00    0,00    0,00    0,00    0,00    0,00    0,00    0,00    0,00  100,00
02:12:50      19    0,00    0,00    0,00    0,00    0,00    0,00    0,00    0,00    0,00  100,00
02:12:50      20    0,00    0,00    0,00    0,00    0,00    0,00    0,00    0,00    0,00  100,00
02:12:50      21    0,00    0,00    0,00    0,00    0,00    0,00    0,00    0,00    0,00  100,00
02:12:50      22    0,00    0,00    0,00    0,00    0,00    0,00    0,00    0,00    0,00  100,00
02:12:50      23    0,00    0,00    0,00    0,00    0,00    0,00    0,00    0,00    0,00  100,00

02:12:50     CPU    %usr   %nice    %sys %iowait    %irq   %soft  %steal  %guest  %gnice   %idle
02:12:51     all    4,17    0,00    0,00    0,00    0,00    0,00    0,00    0,00    0,00   95,83
02:12:51       0    0,00    0,00    0,00    0,00    0,00    0,00    0,00    0,00    0,00  100,00
02:12:51       1    0,00    0,00    0,00    0,00    0,00    0,00    0,00    0,00    0,00  100,00
02:12:51       2    0,00    0,00    0,00    0,00    0,00    0,00    0,00    0,00    0,00  100,00
02:12:51       3    0,00    0,00    0,00    0,00    0,00    0,00    0,00    0,00    0,00  100,00
02:12:51       4    0,00    0,00    0,00    0,00    0,00    0,00    0,00    0,00    0,00  100,00
02:12:51       5    0,00    0,00    0,00    0,00    0,00    0,00    0,00    0,00    0,00  100,00
02:12:51       6    0,00    0,00    0,00    0,00    0,00    0,00    0,00    0,00    0,00  100,00
02:12:51       7    0,00    0,00    0,00    0,00    0,00    0,00    0,00    0,00    0,00  100,00
02:12:51       8  100,00    0,00    0,00    0,00    0,00    0,00    0,00    0,00    0,00    0,00
02:12:51       9    0,00    0,00    0,00    0,00    0,00    0,00    0,00    0,00    0,00  100,00
02:12:51      10    0,00    0,00    0,00    0,00    0,00    0,00    0,00    0,00    0,00  100,00
02:12:51      11    0,00    0,00    0,00    0,00    0,00    0,00    0,00    0,00    0,00  100,00
02:12:51      12    0,00    0,00    0,00    0,00    0,00    0,00    0,00    0,00    0,00  100,00
02:12:51      13    0,00    0,00    0,00    0,00    0,00    0,00    0,00    0,00    0,00  100,00
02:12:51      14    0,00    0,00    0,00    0,00    0,00    0,00    0,00    0,00    0,00  100,00
02:12:51      15    0,00    0,00    0,00    0,00    0,00    0,00    0,00    0,00    0,00  100,00
02:12:51      16    0,00    0,00    0,00    0,00    0,00    0,00    0,00    0,00    0,00  100,00
02:12:51      17    0,00    0,00    0,00    0,00    0,00    0,00    0,00    0,00    0,00  100,00
02:12:51      18    0,00    0,00    0,00    0,00    0,00    0,00    0,00    0,00    0,00  100,00
02:12:51      19    0,00    0,00    0,00    0,00    0,00    0,00    0,00    0,00    0,00  100,00
02:12:51      20    0,00    0,00    0,00    0,00    0,00    0,00    0,00    0,00    0,00  100,00
02:12:51      21    0,00    0,00    0,00    0,00    0,00    0,00    0,00    0,00    0,00  100,00
02:12:51      22    0,00    0,00    0,00    0,00    0,00    0,00    0,00    0,00    0,00  100,00
02:12:51      23    0,00    0,00    0,00    0,00    0,00    0,00    0,00    0,00    0,00  100,00
