Linux 6.8.0-111-generic (testbed-node5) 	19/05/26 	_x86_64_	(24 CPU)

12:37:11     CPU    %usr   %nice    %sys %iowait    %irq   %soft  %steal  %guest  %gnice   %idle
12:37:12     all   29,17    0,00    0,04    0,00    0,00    0,00    0,00    0,00    0,00   70,79
12:37:12       0  100,00    0,00    0,00    0,00    0,00    0,00    0,00    0,00    0,00    0,00
12:37:12       1  100,00    0,00    0,00    0,00    0,00    0,00    0,00    0,00    0,00    0,00
12:37:12       2  100,00    0,00    0,00    0,00    0,00    0,00    0,00    0,00    0,00    0,00
12:37:12       3  100,00    0,00    0,00    0,00    0,00    0,00    0,00    0,00    0,00    0,00
12:37:12       4  100,00    0,00    0,00    0,00    0,00    0,00    0,00    0,00    0,00    0,00
12:37:12       5  100,00    0,00    0,00    0,00    0,00    0,00    0,00    0,00    0,00    0,00
12:37:12       6  100,00    0,00    0,00    0,00    0,00    0,00    0,00    0,00    0,00    0,00
12:37:12       7    0,00    0,00    0,00    0,00    0,00    0,00    0,00    0,00    0,00  100,00
12:37:12       8    0,00    0,00    0,00    0,00    0,00    0,00    0,00    0,00    0,00  100,00
12:37:12       9    0,00    0,00    0,00    0,00    0,00    0,00    0,00    0,00    0,00  100,00
12:37:12      10    0,00    0,00    0,00    0,00    0,00    0,00    0,00    0,00    0,00  100,00
12:37:12      11    0,00    0,00    0,00    0,00    0,00    0,00    0,00    0,00    0,00  100,00
12:37:12      12    0,00    0,00    0,00    0,00    0,00    0,00    0,00    0,00    0,00  100,00
12:37:12      13    0,00    0,00    0,00    0,00    0,00    0,00    0,00    0,00    0,00  100,00
12:37:12      14    0,00    0,00    0,00    0,00    0,00    0,00    0,00    0,00    0,00  100,00
12:37:12      15    0,00    0,00    0,00    0,00    0,00    0,00    0,00    0,00    0,00  100,00
12:37:12      16    0,00    0,00    0,00    0,00    0,00    0,00    0,00    0,00    0,00  100,00
12:37:12      17    0,00    0,00    0,00    0,00    0,00    0,00    0,00    0,00    0,00  100,00
12:37:12      18    0,00    0,00    0,00    0,00    0,00    0,00    0,00    0,00    0,00  100,00
12:37:12      19    0,00    0,00    0,00    0,00    0,00    0,00    0,00    0,00    0,00  100,00
12:37:12      20    0,00    0,00    0,00    0,00    0,00    0,00    0,00    0,00    0,00  100,00
12:37:12      21    0,00    0,00    0,00    0,00    0,00    0,00    0,00    0,00    0,00  100,00
12:37:12      22    0,00    0,00    0,00    0,00    0,00    0,00    0,00    0,00    0,00  100,00
12:37:12      23    0,00    0,00    0,99    0,00    0,00    0,00    0,00    0,00    0,00   99,01

12:37:12     CPU    %usr   %nice    %sys %iowait    %irq   %soft  %steal  %guest  %gnice   %idle
12:37:13     all   29,18    0,00    0,00    0,00    0,00    0,00    0,00    0,00    0,00   70,82
12:37:13       0  100,00    0,00    0,00    0,00    0,00    0,00    0,00    0,00    0,00    0,00
12:37:13       1  100,00    0,00    0,00    0,00    0,00    0,00    0,00    0,00    0,00    0,00
12:37:13       2  100,00    0,00    0,00    0,00    0,00    0,00    0,00    0,00    0,00    0,00
12:37:13       3  100,00    0,00    0,00    0,00    0,00    0,00    0,00    0,00    0,00    0,00
12:37:13       4  100,00    0,00    0,00    0,00    0,00    0,00    0,00    0,00    0,00    0,00
12:37:13       5  100,00    0,00    0,00    0,00    0,00    0,00    0,00    0,00    0,00    0,00
12:37:13       6  100,00    0,00    0,00    0,00    0,00    0,00    0,00    0,00    0,00    0,00
12:37:13       7    0,00    0,00    0,00    0,00    0,00    0,00    0,00    0,00    0,00  100,00
12:37:13       8    0,00    0,00    0,00    0,00    0,00    0,00    0,00    0,00    0,00  100,00
12:37:13       9    0,00    0,00    0,00    0,00    0,00    0,00    0,00    0,00    0,00  100,00
12:37:13      10    0,00    0,00    0,00    0,00    0,00    0,00    0,00    0,00    0,00  100,00
12:37:13      11    0,00    0,00    0,00    0,00    0,00    0,00    0,00    0,00    0,00  100,00
12:37:13      12    0,00    0,00    0,00    0,00    0,00    0,00    0,00    0,00    0,00  100,00
12:37:13      13    0,00    0,00    0,00    0,00    0,00    0,00    0,00    0,00    0,00  100,00
12:37:13      14    0,00    0,00    0,00    0,00    0,00    0,00    0,00    0,00    0,00  100,00
12:37:13      15    0,00    0,00    0,00    0,00    0,00    0,00    0,00    0,00    0,00  100,00
12:37:13      16    0,00    0,00    0,00    0,00    0,00    0,00    0,00    0,00    0,00  100,00
12:37:13      17    0,00    0,00    0,00    0,00    0,00    0,00    0,00    0,00    0,00  100,00
12:37:13      18    0,00    0,00    0,00    0,00    0,00    0,00    0,00    0,00    0,00  100,00
12:37:13      19    0,00    0,00    0,00    0,00    0,00    0,00    0,00    0,00    0,00  100,00
12:37:13      20    0,00    0,00    0,00    0,00    0,00    0,00    0,00    0,00    0,00  100,00
12:37:13      21    0,00    0,00    0,00    0,00    0,00    0,00    0,00    0,00    0,00  100,00
12:37:13      22    0,00    0,00    0,00    0,00    0,00    0,00    0,00    0,00    0,00  100,00
12:37:13      23    0,00    0,00    0,00    0,00    0,00    0,00    0,00    0,00    0,00  100,00

12:37:13     CPU    %usr   %nice    %sys %iowait    %irq   %soft  %steal  %guest  %gnice   %idle
12:37:14     all   29,59    0,00    0,17    0,08    0,00    0,00    0,00    0,00    0,00   70,16
12:37:14       0  100,00    0,00    0,00    0,00    0,00    0,00    0,00    0,00    0,00    0,00
12:37:14       1  100,00    0,00    0,00    0,00    0,00    0,00    0,00    0,00    0,00    0,00
12:37:14       2  100,00    0,00    0,00    0,00    0,00    0,00    0,00    0,00    0,00    0,00
12:37:14       3  100,00    0,00    0,00    0,00    0,00    0,00    0,00    0,00    0,00    0,00
12:37:14       4  100,00    0,00    0,00    0,00    0,00    0,00    0,00    0,00    0,00    0,00
12:37:14       5  100,00    0,00    0,00    0,00    0,00    0,00    0,00    0,00    0,00    0,00
12:37:14       6  100,00    0,00    0,00    0,00    0,00    0,00    0,00    0,00    0,00    0,00
12:37:14       7    0,00    0,00    0,00    0,00    0,00    0,00    0,00    0,00    0,00  100,00
12:37:14       8    0,00    0,00    0,00    0,00    0,00    0,00    0,00    0,00    0,00  100,00
12:37:14       9    0,00    0,00    0,00    0,00    0,00    0,00    0,00    0,00    0,00  100,00
12:37:14      10    4,95    0,00    0,00    0,00    0,00    0,00    0,00    0,00    0,00   95,05
12:37:14      11    0,00    0,00    0,00    0,00    0,00    0,00    0,00    0,00    0,00  100,00
12:37:14      12    0,00    0,00    0,00    0,00    0,00    0,00    0,00    0,00    0,00  100,00
12:37:14      13    0,00    0,00    0,99    0,00    0,00    0,00    0,00    0,00    0,00   99,01
12:37:14      14    0,00    0,00    0,00    0,00    0,00    0,00    0,00    0,00    0,00  100,00
12:37:14      15    0,00    0,00    0,00    0,00    0,00    0,00    0,00    0,00    0,00  100,00
12:37:14      16    0,00    0,00    0,00    0,00    0,00    0,00    0,00    0,00    0,00  100,00
12:37:14      17    0,00    0,00    0,00    0,00    0,00    0,00    0,00    0,00    0,00  100,00
12:37:14      18    0,00    0,00    0,00    2,00    0,00    0,00    0,00    0,00    0,00   98,00
12:37:14      19    0,00    0,00    0,00    0,00    0,00    0,00    0,00    0,00    0,00  100,00
12:37:14      20    0,00    0,00    0,00    0,00    0,00    0,00    0,00    0,00    0,00  100,00
12:37:14      21    4,95    0,00    0,99    0,00    0,00    0,00    0,00    0,00    0,00   94,06
12:37:14      22    0,99    0,00    0,99    0,00    0,00    0,00    0,00    0,00    0,00   98,02
12:37:14      23    0,00    0,00    1,00    0,00    0,00    0,00    0,00    0,00    0,00   99,00

12:37:14     CPU    %usr   %nice    %sys %iowait    %irq   %soft  %steal  %guest  %gnice   %idle
12:37:15     all   29,17    0,00    0,00    0,00    0,00    0,00    0,00    0,00    0,00   70,83
12:37:15       0  100,00    0,00    0,00    0,00    0,00    0,00    0,00    0,00    0,00    0,00
12:37:15       1  100,00    0,00    0,00    0,00    0,00    0,00    0,00    0,00    0,00    0,00
12:37:15       2  100,00    0,00    0,00    0,00    0,00    0,00    0,00    0,00    0,00    0,00
12:37:15       3  100,00    0,00    0,00    0,00    0,00    0,00    0,00    0,00    0,00    0,00
12:37:15       4  100,00    0,00    0,00    0,00    0,00    0,00    0,00    0,00    0,00    0,00
12:37:15       5  100,00    0,00    0,00    0,00    0,00    0,00    0,00    0,00    0,00    0,00
12:37:15       6  100,00    0,00    0,00    0,00    0,00    0,00    0,00    0,00    0,00    0,00
12:37:15       7    0,00    0,00    0,00    0,00    0,00    0,00    0,00    0,00    0,00  100,00
12:37:15       8    0,00    0,00    0,00    0,00    0,00    0,00    0,00    0,00    0,00  100,00
12:37:15       9    0,00    0,00    0,00    0,00    0,00    0,00    0,00    0,00    0,00  100,00
12:37:15      10    0,00    0,00    0,00    0,00    0,00    0,00    0,00    0,00    0,00  100,00
12:37:15      11    0,00    0,00    0,00    0,00    0,00    0,00    0,00    0,00    0,00  100,00
12:37:15      12    0,00    0,00    0,00    0,00    0,00    0,00    0,00    0,00    0,00  100,00
12:37:15      13    0,00    0,00    0,00    0,00    0,00    0,00    0,00    0,00    0,00  100,00
12:37:15      14    0,00    0,00    0,00    0,00    0,00    0,00    0,00    0,00    0,00  100,00
12:37:15      15    0,00    0,00    0,00    0,00    0,00    0,00    0,00    0,00    0,00  100,00
12:37:15      16    0,00    0,00    0,00    0,00    0,00    0,00    0,00    0,00    0,00  100,00
12:37:15      17    0,00    0,00    0,00    0,00    0,00    0,00    0,00    0,00    0,00  100,00
12:37:15      18    0,00    0,00    0,00    0,00    0,00    0,00    0,00    0,00    0,00  100,00
12:37:15      19    0,00    0,00    0,00    0,00    0,00    0,00    0,00    0,00    0,00  100,00
12:37:15      20    0,00    0,00    0,00    0,00    0,00    0,00    0,00    0,00    0,00  100,00
12:37:15      21    0,00    0,00    0,00    0,00    0,00    0,00    0,00    0,00    0,00  100,00
12:37:15      22    0,00    0,00    0,00    0,00    0,00    0,00    0,00    0,00    0,00  100,00
12:37:15      23    0,00    0,00    0,00    0,00    0,00    0,00    0,00    0,00    0,00  100,00

12:37:15     CPU    %usr   %nice    %sys %iowait    %irq   %soft  %steal  %guest  %gnice   %idle
12:37:16     all   29,18    0,00    0,00    0,00    0,00    0,00    0,00    0,00    0,00   70,82
12:37:16       0  100,00    0,00    0,00    0,00    0,00    0,00    0,00    0,00    0,00    0,00
12:37:16       1  100,00    0,00    0,00    0,00    0,00    0,00    0,00    0,00    0,00    0,00
12:37:16       2  100,00    0,00    0,00    0,00    0,00    0,00    0,00    0,00    0,00    0,00
12:37:16       3  100,00    0,00    0,00    0,00    0,00    0,00    0,00    0,00    0,00    0,00
12:37:16       4  100,00    0,00    0,00    0,00    0,00    0,00    0,00    0,00    0,00    0,00
12:37:16       5  100,00    0,00    0,00    0,00    0,00    0,00    0,00    0,00    0,00    0,00
12:37:16       6  100,00    0,00    0,00    0,00    0,00    0,00    0,00    0,00    0,00    0,00
12:37:16       7    0,00    0,00    0,00    0,00    0,00    0,00    0,00    0,00    0,00  100,00
12:37:16       8    0,00    0,00    0,00    0,00    0,00    0,00    0,00    0,00    0,00  100,00
12:37:16       9    0,00    0,00    0,00    0,00    0,00    0,00    0,00    0,00    0,00  100,00
12:37:16      10    0,00    0,00    0,00    0,00    0,00    0,00    0,00    0,00    0,00  100,00
12:37:16      11    0,00    0,00    0,00    0,00    0,00    0,00    0,00    0,00    0,00  100,00
12:37:16      12    0,00    0,00    0,00    0,00    0,00    0,00    0,00    0,00    0,00  100,00
12:37:16      13    0,00    0,00    0,00    0,00    0,00    0,00    0,00    0,00    0,00  100,00
12:37:16      14    0,99    0,00    0,00    0,00    0,00    0,00    0,00    0,00    0,00   99,01
12:37:16      15    0,00    0,00    0,00    0,00    0,00    0,00    0,00    0,00    0,00  100,00
12:37:16      16    0,00    0,00    0,00    0,00    0,00    0,00    0,00    0,00    0,00  100,00
12:37:16      17    0,00    0,00    0,00    0,00    0,00    0,00    0,00    0,00    0,00  100,00
12:37:16      18    0,00    0,00    0,00    0,00    0,00    0,00    0,00    0,00    0,00  100,00
12:37:16      19    0,00    0,00    0,00    0,00    0,00    0,00    0,00    0,00    0,00  100,00
12:37:16      20    0,00    0,00    0,00    0,00    0,00    0,00    0,00    0,00    0,00  100,00
12:37:16      21    0,00    0,00    0,00    0,00    0,00    0,00    0,00    0,00    0,00  100,00
12:37:16      22    0,00    0,00    0,00    0,00    0,00    0,00    0,00    0,00    0,00  100,00
12:37:16      23    0,00    0,00    0,00    0,00    0,00    0,00    0,00    0,00    0,00  100,00

12:37:16     CPU    %usr   %nice    %sys %iowait    %irq   %soft  %steal  %guest  %gnice   %idle
12:37:17     all   29,17    0,00    0,00    0,00    0,00    0,00    0,00    0,00    0,00   70,83
12:37:17       0  100,00    0,00    0,00    0,00    0,00    0,00    0,00    0,00    0,00    0,00
12:37:17       1  100,00    0,00    0,00    0,00    0,00    0,00    0,00    0,00    0,00    0,00
12:37:17       2  100,00    0,00    0,00    0,00    0,00    0,00    0,00    0,00    0,00    0,00
12:37:17       3  100,00    0,00    0,00    0,00    0,00    0,00    0,00    0,00    0,00    0,00
12:37:17       4  100,00    0,00    0,00    0,00    0,00    0,00    0,00    0,00    0,00    0,00
12:37:17       5  100,00    0,00    0,00    0,00    0,00    0,00    0,00    0,00    0,00    0,00
12:37:17       6  100,00    0,00    0,00    0,00    0,00    0,00    0,00    0,00    0,00    0,00
12:37:17       7    0,00    0,00    0,00    0,00    0,00    0,00    0,00    0,00    0,00  100,00
12:37:17       8    0,00    0,00    0,00    0,00    0,00    0,00    0,00    0,00    0,00  100,00
12:37:17       9    0,00    0,00    0,00    0,00    0,00    0,00    0,00    0,00    0,00  100,00
12:37:17      10    0,00    0,00    0,00    0,00    0,00    0,00    0,00    0,00    0,00  100,00
12:37:17      11    0,00    0,00    0,00    0,00    0,00    0,00    0,00    0,00    0,00  100,00
12:37:17      12    0,00    0,00    0,00    0,00    0,00    0,00    0,00    0,00    0,00  100,00
12:37:17      13    0,00    0,00    0,00    0,00    0,00    0,00    0,00    0,00    0,00  100,00
12:37:17      14    0,00    0,00    0,00    0,00    0,00    0,00    0,00    0,00    0,00  100,00
12:37:17      15    0,00    0,00    0,00    0,00    0,00    0,00    0,00    0,00    0,00  100,00
12:37:17      16    0,00    0,00    0,00    0,00    0,00    0,00    0,00    0,00    0,00  100,00
12:37:17      17    0,00    0,00    0,00    0,00    0,00    0,00    0,00    0,00    0,00  100,00
12:37:17      18    0,00    0,00    0,00    0,00    0,00    0,00    0,00    0,00    0,00  100,00
12:37:17      19    0,00    0,00    0,00    0,00    0,00    0,00    0,00    0,00    0,00  100,00
12:37:17      20    0,00    0,00    0,00    0,00    0,00    0,00    0,00    0,00    0,00  100,00
12:37:17      21    0,00    0,00    0,00    0,00    0,00    0,00    0,00    0,00    0,00  100,00
12:37:17      22    0,00    0,00    0,00    0,00    0,00    0,00    0,00    0,00    0,00  100,00
12:37:17      23    0,00    0,00    0,00    0,00    0,00    0,00    0,00    0,00    0,00  100,00

12:37:17     CPU    %usr   %nice    %sys %iowait    %irq   %soft  %steal  %guest  %gnice   %idle
12:37:18     all   29,17    0,00    0,00    0,00    0,00    0,00    0,00    0,00    0,00   70,83
12:37:18       0  100,00    0,00    0,00    0,00    0,00    0,00    0,00    0,00    0,00    0,00
12:37:18       1  100,00    0,00    0,00    0,00    0,00    0,00    0,00    0,00    0,00    0,00
12:37:18       2  100,00    0,00    0,00    0,00    0,00    0,00    0,00    0,00    0,00    0,00
12:37:18       3  100,00    0,00    0,00    0,00    0,00    0,00    0,00    0,00    0,00    0,00
12:37:18       4  100,00    0,00    0,00    0,00    0,00    0,00    0,00    0,00    0,00    0,00
12:37:18       5  100,00    0,00    0,00    0,00    0,00    0,00    0,00    0,00    0,00    0,00
12:37:18       6  100,00    0,00    0,00    0,00    0,00    0,00    0,00    0,00    0,00    0,00
12:37:18       7    0,00    0,00    0,00    0,00    0,00    0,00    0,00    0,00    0,00  100,00
12:37:18       8    0,00    0,00    0,00    0,00    0,00    0,00    0,00    0,00    0,00  100,00
12:37:18       9    0,00    0,00    0,00    0,00    0,00    0,00    0,00    0,00    0,00  100,00
12:37:18      10    0,00    0,00    0,00    0,00    0,00    0,00    0,00    0,00    0,00  100,00
12:37:18      11    0,00    0,00    0,00    0,00    0,00    0,00    0,00    0,00    0,00  100,00
12:37:18      12    0,00    0,00    0,00    0,00    0,00    0,00    0,00    0,00    0,00  100,00
12:37:18      13    0,00    0,00    0,00    0,00    0,00    0,00    0,00    0,00    0,00  100,00
12:37:18      14    0,00    0,00    0,00    0,00    0,00    0,00    0,00    0,00    0,00  100,00
12:37:18      15    0,00    0,00    0,00    0,00    0,00    0,00    0,00    0,00    0,00  100,00
12:37:18      16    0,00    0,00    0,00    0,00    0,00    0,00    0,00    0,00    0,00  100,00
12:37:18      17    0,00    0,00    0,00    0,00    0,00    0,00    0,00    0,00    0,00  100,00
12:37:18      18    0,00    0,00    0,00    0,00    0,00    0,00    0,00    0,00    0,00  100,00
12:37:18      19    0,00    0,00    0,00    0,00    0,00    0,00    0,00    0,00    0,00  100,00
12:37:18      20    0,00    0,00    0,00    0,00    0,00    0,00    0,00    0,00    0,00  100,00
12:37:18      21    0,00    0,00    0,00    0,00    0,00    0,00    0,00    0,00    0,00  100,00
12:37:18      22    0,00    0,00    0,00    0,00    0,00    0,00    0,00    0,00    0,00  100,00
12:37:18      23    0,00    0,00    0,00    0,00    0,00    0,00    0,00    0,00    0,00  100,00

12:37:18     CPU    %usr   %nice    %sys %iowait    %irq   %soft  %steal  %guest  %gnice   %idle
12:37:19     all   29,17    0,00    0,00    0,04    0,00    0,00    0,00    0,00    0,00   70,79
12:37:19       0  100,00    0,00    0,00    0,00    0,00    0,00    0,00    0,00    0,00    0,00
12:37:19       1  100,00    0,00    0,00    0,00    0,00    0,00    0,00    0,00    0,00    0,00
12:37:19       2  100,00    0,00    0,00    0,00    0,00    0,00    0,00    0,00    0,00    0,00
12:37:19       3  100,00    0,00    0,00    0,00    0,00    0,00    0,00    0,00    0,00    0,00
12:37:19       4  100,00    0,00    0,00    0,00    0,00    0,00    0,00    0,00    0,00    0,00
12:37:19       5  100,00    0,00    0,00    0,00    0,00    0,00    0,00    0,00    0,00    0,00
12:37:19       6  100,00    0,00    0,00    0,00    0,00    0,00    0,00    0,00    0,00    0,00
12:37:19       7    0,00    0,00    0,00    0,00    0,00    0,00    0,00    0,00    0,00  100,00
12:37:19       8    0,00    0,00    0,00    0,00    0,00    0,00    0,00    0,00    0,00  100,00
12:37:19       9    0,00    0,00    0,00    0,00    0,00    0,00    0,00    0,00    0,00  100,00
12:37:19      10    0,00    0,00    0,00    0,00    0,00    0,00    0,00    0,00    0,00  100,00
12:37:19      11    0,00    0,00    0,00    0,00    0,00    0,00    0,00    0,00    0,00  100,00
12:37:19      12    0,00    0,00    0,00    0,00    0,00    0,00    0,00    0,00    0,00  100,00
12:37:19      13    0,00    0,00    0,00    0,00    0,00    0,00    0,00    0,00    0,00  100,00
12:37:19      14    0,00    0,00    0,00    0,00    0,00    0,00    0,00    0,00    0,00  100,00
12:37:19      15    0,00    0,00    0,00    0,00    0,00    0,00    0,00    0,00    0,00  100,00
12:37:19      16    0,00    0,00    0,00    0,00    0,00    0,00    0,00    0,00    0,00  100,00
12:37:19      17    0,00    0,00    0,00    0,00    0,00    0,00    0,00    0,00    0,00  100,00
12:37:19      18    0,00    0,00    0,00    1,00    0,00    0,00    0,00    0,00    0,00   99,00
12:37:19      19    0,00    0,00    0,00    0,00    0,00    0,00    0,00    0,00    0,00  100,00
12:37:19      20    0,00    0,00    0,00    0,00    0,00    0,00    0,00    0,00    0,00  100,00
12:37:19      21    0,00    0,00    0,00    0,00    0,00    0,00    0,00    0,00    0,00  100,00
12:37:19      22    0,00    0,00    0,00    0,00    0,00    0,00    0,00    0,00    0,00  100,00
12:37:19      23    0,00    0,00    0,00    0,00    0,00    0,00    0,00    0,00    0,00  100,00

12:37:19     CPU    %usr   %nice    %sys %iowait    %irq   %soft  %steal  %guest  %gnice   %idle
12:37:20     all   29,15    0,00    0,00    0,00    0,00    0,00    0,00    0,00    0,00   70,85
12:37:20       0  100,00    0,00    0,00    0,00    0,00    0,00    0,00    0,00    0,00    0,00
12:37:20       1  100,00    0,00    0,00    0,00    0,00    0,00    0,00    0,00    0,00    0,00
12:37:20       2  100,00    0,00    0,00    0,00    0,00    0,00    0,00    0,00    0,00    0,00
12:37:20       3  100,00    0,00    0,00    0,00    0,00    0,00    0,00    0,00    0,00    0,00
12:37:20       4  100,00    0,00    0,00    0,00    0,00    0,00    0,00    0,00    0,00    0,00
12:37:20       5  100,00    0,00    0,00    0,00    0,00    0,00    0,00    0,00    0,00    0,00
12:37:20       6  100,00    0,00    0,00    0,00    0,00    0,00    0,00    0,00    0,00    0,00
12:37:20       7    0,00    0,00    0,00    0,00    0,00    0,00    0,00    0,00    0,00  100,00
12:37:20       8    0,00    0,00    0,00    0,00    0,00    0,00    0,00    0,00    0,00  100,00
12:37:20       9    0,00    0,00    0,00    0,00    0,00    0,00    0,00    0,00    0,00  100,00
12:37:20      10    0,00    0,00    0,00    0,00    0,00    0,00    0,00    0,00    0,00  100,00
12:37:20      11    0,00    0,00    0,00    0,00    0,00    0,00    0,00    0,00    0,00  100,00
12:37:20      12    0,00    0,00    0,00    0,00    0,00    0,00    0,00    0,00    0,00  100,00
12:37:20      13    0,00    0,00    0,00    0,00    0,00    0,00    0,00    0,00    0,00  100,00
12:37:20      14    0,00    0,00    0,00    0,00    0,00    0,00    0,00    0,00    0,00  100,00
12:37:20      15    0,00    0,00    0,00    0,00    0,00    0,00    0,00    0,00    0,00  100,00
12:37:20      16    0,00    0,00    0,00    0,00    0,00    0,00    0,00    0,00    0,00  100,00
12:37:20      17    0,00    0,00    0,00    0,00    0,00    0,00    0,00    0,00    0,00  100,00
12:37:20      18    0,00    0,00    0,00    0,00    0,00    0,00    0,00    0,00    0,00  100,00
12:37:20      19    0,00    0,00    0,00    0,00    0,00    0,00    0,00    0,00    0,00  100,00
12:37:20      20    0,00    0,00    0,00    0,00    0,00    0,00    0,00    0,00    0,00  100,00
12:37:20      21    0,00    0,00    0,00    0,00    0,00    0,00    0,00    0,00    0,00  100,00
12:37:20      22    0,00    0,00    0,00    0,00    0,00    0,00    0,00    0,00    0,00  100,00
12:37:20      23    0,00    0,00    0,00    0,00    0,00    0,00    0,00    0,00    0,00  100,00

12:37:20     CPU    %usr   %nice    %sys %iowait    %irq   %soft  %steal  %guest  %gnice   %idle
12:37:21     all   29,73    0,00    0,46    0,00    0,00    0,00    0,00    0,00    0,00   69,81
12:37:21       0  100,00    0,00    0,00    0,00    0,00    0,00    0,00    0,00    0,00    0,00
12:37:21       1  100,00    0,00    0,00    0,00    0,00    0,00    0,00    0,00    0,00    0,00
12:37:21       2  100,00    0,00    0,00    0,00    0,00    0,00    0,00    0,00    0,00    0,00
12:37:21       3  100,00    0,00    0,00    0,00    0,00    0,00    0,00    0,00    0,00    0,00
12:37:21       4  100,00    0,00    0,00    0,00    0,00    0,00    0,00    0,00    0,00    0,00
12:37:21       5  100,00    0,00    0,00    0,00    0,00    0,00    0,00    0,00    0,00    0,00
12:37:21       6  100,00    0,00    0,00    0,00    0,00    0,00    0,00    0,00    0,00    0,00
12:37:21       7    0,00    0,00    0,00    0,00    0,00    0,00    0,00    0,00    0,00  100,00
12:37:21       8   13,00    0,00   11,00    0,00    0,00    0,00    0,00    0,00    0,00   76,00
12:37:21       9    0,00    0,00    0,00    0,00    0,00    0,00    0,00    0,00    0,00  100,00
12:37:21      10    0,00    0,00    0,00    0,00    0,00    0,00    0,00    0,00    0,00  100,00
12:37:21      11    0,00    0,00    0,00    0,00    0,00    0,00    0,00    0,00    0,00  100,00
12:37:21      12    0,00    0,00    0,00    0,00    0,00    0,00    0,00    0,00    0,00  100,00
12:37:21      13    0,00    0,00    0,00    0,00    0,00    0,00    0,00    0,00    0,00  100,00
12:37:21      14    0,00    0,00    0,00    0,00    0,00    0,00    0,00    0,00    0,00  100,00
12:37:21      15    0,00    0,00    0,00    0,00    0,00    0,00    0,00    0,00    0,00  100,00
12:37:21      16    0,00    0,00    0,00    0,00    0,00    0,00    0,00    0,00    0,00  100,00
12:37:21      17    0,00    0,00    0,00    0,00    0,00    0,00    0,00    0,00    0,00  100,00
12:37:21      18    0,00    0,00    0,00    0,00    0,00    0,00    0,00    0,00    0,00  100,00
12:37:21      19    0,00    0,00    0,00    0,00    0,00    0,00    0,00    0,00    0,00  100,00
12:37:21      20    0,00    0,00    0,00    0,00    0,00    0,00    0,00    0,00    0,00  100,00
12:37:21      21    0,00    0,00    0,00    0,00    0,00    0,00    0,00    0,00    0,00  100,00
12:37:21      22    0,00    0,00    0,00    0,00    0,00    0,00    0,00    0,00    0,00  100,00
12:37:21      23    0,00    0,00    0,00    0,00    0,00    0,00    0,00    0,00    0,00  100,00

12:37:21     CPU    %usr   %nice    %sys %iowait    %irq   %soft  %steal  %guest  %gnice   %idle
12:37:22     all   29,18    0,00    0,00    0,00    0,00    0,00    0,00    0,00    0,00   70,82
12:37:22       0  100,00    0,00    0,00    0,00    0,00    0,00    0,00    0,00    0,00    0,00
12:37:22       1  100,00    0,00    0,00    0,00    0,00    0,00    0,00    0,00    0,00    0,00
12:37:22       2  100,00    0,00    0,00    0,00    0,00    0,00    0,00    0,00    0,00    0,00
12:37:22       3  100,00    0,00    0,00    0,00    0,00    0,00    0,00    0,00    0,00    0,00
12:37:22       4  100,00    0,00    0,00    0,00    0,00    0,00    0,00    0,00    0,00    0,00
12:37:22       5  100,00    0,00    0,00    0,00    0,00    0,00    0,00    0,00    0,00    0,00
12:37:22       6  100,00    0,00    0,00    0,00    0,00    0,00    0,00    0,00    0,00    0,00
12:37:22       7    0,00    0,00    0,00    0,00    0,00    0,00    0,00    0,00    0,00  100,00
12:37:22       8    0,00    0,00    0,00    0,00    0,00    0,00    0,00    0,00    0,00  100,00
12:37:22       9    0,00    0,00    0,00    0,00    0,00    0,00    0,00    0,00    0,00  100,00
12:37:22      10    0,00    0,00    0,00    0,00    0,00    0,00    0,00    0,00    0,00  100,00
12:37:22      11    0,00    0,00    0,00    0,00    0,00    0,00    0,00    0,00    0,00  100,00
12:37:22      12    0,00    0,00    0,00    0,00    0,00    0,00    0,00    0,00    0,00  100,00
12:37:22      13    0,00    0,00    0,00    0,00    0,00    0,00    0,00    0,00    0,00  100,00
12:37:22      14    0,00    0,00    0,00    0,00    0,00    0,00    0,00    0,00    0,00  100,00
12:37:22      15    0,00    0,00    0,00    0,00    0,00    0,00    0,00    0,00    0,00  100,00
12:37:22      16    0,00    0,00    0,00    0,00    0,00    0,00    0,00    0,00    0,00  100,00
12:37:22      17    0,00    0,00    0,00    0,00    0,00    0,00    0,00    0,00    0,00  100,00
12:37:22      18    0,00    0,00    0,00    0,00    0,00    0,00    0,00    0,00    0,00  100,00
12:37:22      19    0,00    0,00    0,00    0,00    0,00    0,00    0,00    0,00    0,00  100,00
12:37:22      20    0,00    0,00    0,00    0,00    0,00    0,00    0,00    0,00    0,00  100,00
12:37:22      21    0,00    0,00    0,00    0,00    0,00    0,00    0,00    0,00    0,00  100,00
12:37:22      22    0,00    0,00    0,00    0,00    0,00    0,00    0,00    0,00    0,00  100,00
12:37:22      23    0,00    0,00    0,00    0,00    0,00    0,00    0,00    0,00    0,00  100,00

12:37:22     CPU    %usr   %nice    %sys %iowait    %irq   %soft  %steal  %guest  %gnice   %idle
12:37:23     all   29,15    0,00    0,00    0,00    0,00    0,00    0,00    0,00    0,00   70,85
12:37:23       0  100,00    0,00    0,00    0,00    0,00    0,00    0,00    0,00    0,00    0,00
12:37:23       1  100,00    0,00    0,00    0,00    0,00    0,00    0,00    0,00    0,00    0,00
12:37:23       2  100,00    0,00    0,00    0,00    0,00    0,00    0,00    0,00    0,00    0,00
12:37:23       3  100,00    0,00    0,00    0,00    0,00    0,00    0,00    0,00    0,00    0,00
12:37:23       4  100,00    0,00    0,00    0,00    0,00    0,00    0,00    0,00    0,00    0,00
12:37:23       5  100,00    0,00    0,00    0,00    0,00    0,00    0,00    0,00    0,00    0,00
12:37:23       6  100,00    0,00    0,00    0,00    0,00    0,00    0,00    0,00    0,00    0,00
12:37:23       7    0,00    0,00    0,00    0,00    0,00    0,00    0,00    0,00    0,00  100,00
12:37:23       8    0,00    0,00    0,00    0,00    0,00    0,00    0,00    0,00    0,00  100,00
12:37:23       9    0,00    0,00    0,00    0,00    0,00    0,00    0,00    0,00    0,00  100,00
12:37:23      10    0,00    0,00    0,00    0,00    0,00    0,00    0,00    0,00    0,00  100,00
12:37:23      11    0,00    0,00    0,00    0,00    0,00    0,00    0,00    0,00    0,00  100,00
12:37:23      12    0,00    0,00    0,00    0,00    0,00    0,00    0,00    0,00    0,00  100,00
12:37:23      13    0,00    0,00    0,00    0,00    0,00    0,00    0,00    0,00    0,00  100,00
12:37:23      14    0,00    0,00    0,00    0,00    0,00    0,00    0,00    0,00    0,00  100,00
12:37:23      15    0,00    0,00    0,00    0,00    0,00    0,00    0,00    0,00    0,00  100,00
12:37:23      16    0,00    0,00    0,00    0,00    0,00    0,00    0,00    0,00    0,00  100,00
12:37:23      17    0,00    0,00    0,00    0,00    0,00    0,00    0,00    0,00    0,00  100,00
12:37:23      18    0,00    0,00    0,00    0,00    0,00    0,00    0,00    0,00    0,00  100,00
12:37:23      19    0,00    0,00    0,00    0,00    0,00    0,00    0,00    0,00    0,00  100,00
12:37:23      20    0,00    0,00    0,00    0,00    0,00    0,00    0,00    0,00    0,00  100,00
12:37:23      21    0,00    0,00    0,00    0,00    0,00    0,00    0,00    0,00    0,00  100,00
12:37:23      22    0,00    0,00    0,00    0,00    0,00    0,00    0,00    0,00    0,00  100,00
12:37:23      23    0,00    0,00    0,00    0,00    0,00    0,00    0,00    0,00    0,00  100,00

12:37:23     CPU    %usr   %nice    %sys %iowait    %irq   %soft  %steal  %guest  %gnice   %idle
12:37:24     all   29,38    0,00    0,12    0,00    0,00    0,00    0,00    0,00    0,00   70,50
12:37:24       0  100,00    0,00    0,00    0,00    0,00    0,00    0,00    0,00    0,00    0,00
12:37:24       1  100,00    0,00    0,00    0,00    0,00    0,00    0,00    0,00    0,00    0,00
12:37:24       2  100,00    0,00    0,00    0,00    0,00    0,00    0,00    0,00    0,00    0,00
12:37:24       3  100,00    0,00    0,00    0,00    0,00    0,00    0,00    0,00    0,00    0,00
12:37:24       4  100,00    0,00    0,00    0,00    0,00    0,00    0,00    0,00    0,00    0,00
12:37:24       5  100,00    0,00    0,00    0,00    0,00    0,00    0,00    0,00    0,00    0,00
12:37:24       6  100,00    0,00    0,00    0,00    0,00    0,00    0,00    0,00    0,00    0,00
12:37:24       7    0,00    0,00    0,00    0,00    0,00    0,00    0,00    0,00    0,00  100,00
12:37:24       8    0,00    0,00    0,00    0,00    0,00    0,00    0,00    0,00    0,00  100,00
12:37:24       9    0,00    0,00    0,00    0,00    0,00    0,00    0,00    0,00    0,00  100,00
12:37:24      10    5,00    0,00    1,00    0,00    0,00    0,00    0,00    0,00    0,00   94,00
12:37:24      11    0,00    0,00    0,00    0,00    0,00    0,00    0,00    0,00    0,00  100,00
12:37:24      12    0,00    0,00    0,00    0,00    0,00    0,00    0,00    0,00    0,00  100,00
12:37:24      13    0,00    0,00    0,00    0,00    0,00    0,00    0,00    0,00    0,00  100,00
12:37:24      14    0,00    0,00    0,00    0,00    0,00    0,00    0,00    0,00    0,00  100,00
12:37:24      15    0,00    0,00    0,00    0,00    0,00    0,00    0,00    0,00    0,00  100,00
12:37:24      16    0,00    0,00    0,00    0,00    0,00    0,00    0,00    0,00    0,00  100,00
12:37:24      17    0,00    0,00    0,00    0,00    0,00    0,00    0,00    0,00    0,00  100,00
12:37:24      18    0,00    0,00    1,00    0,00    0,00    0,00    0,00    0,00    0,00   99,00
12:37:24      19    0,00    0,00    0,00    0,00    0,00    0,00    0,00    0,00    0,00  100,00
12:37:24      20    0,00    0,00    0,00    0,00    0,00    0,00    0,00    0,00    0,00  100,00
12:37:24      21    0,00    0,00    0,00    0,00    0,00    0,00    0,00    0,00    0,00  100,00
12:37:24      22    0,00    0,00    1,00    0,00    0,00    0,00    0,00    0,00    0,00   99,00
12:37:24      23    0,00    0,00    0,00    0,00    0,00    0,00    0,00    0,00    0,00  100,00
