Linux 6.8.0-111-generic (testbed-node4) 	13/05/26 	_x86_64_	(24 CPU)

20:48:43     CPU    %usr   %nice    %sys %iowait    %irq   %soft  %steal  %guest  %gnice   %idle
20:48:44     all   29,18    0,00    0,00    0,08    0,00    0,00    0,00    0,00    0,00   70,74
20:48:44       0  100,00    0,00    0,00    0,00    0,00    0,00    0,00    0,00    0,00    0,00
20:48:44       1  100,00    0,00    0,00    0,00    0,00    0,00    0,00    0,00    0,00    0,00
20:48:44       2  100,00    0,00    0,00    0,00    0,00    0,00    0,00    0,00    0,00    0,00
20:48:44       3  100,00    0,00    0,00    0,00    0,00    0,00    0,00    0,00    0,00    0,00
20:48:44       4  100,00    0,00    0,00    0,00    0,00    0,00    0,00    0,00    0,00    0,00
20:48:44       5  100,00    0,00    0,00    0,00    0,00    0,00    0,00    0,00    0,00    0,00
20:48:44       6  100,00    0,00    0,00    0,00    0,00    0,00    0,00    0,00    0,00    0,00
20:48:44       7    0,00    0,00    0,00    0,00    0,00    0,00    0,00    0,00    0,00  100,00
20:48:44       8    0,00    0,00    0,00    0,00    0,00    0,00    0,00    0,00    0,00  100,00
20:48:44       9    0,00    0,00    0,00    2,00    0,00    0,00    0,00    0,00    0,00   98,00
20:48:44      10    0,00    0,00    0,00    0,00    0,00    0,00    0,00    0,00    0,00  100,00
20:48:44      11    0,00    0,00    0,00    0,00    0,00    0,00    0,00    0,00    0,00  100,00
20:48:44      12    0,00    0,00    0,00    0,00    0,00    0,00    0,00    0,00    0,00  100,00
20:48:44      13    0,00    0,00    0,00    0,00    0,00    0,00    0,00    0,00    0,00  100,00
20:48:44      14    0,00    0,00    0,00    0,00    0,00    0,00    0,00    0,00    0,00  100,00
20:48:44      15    0,00    0,00    0,00    0,00    0,00    0,00    0,00    0,00    0,00  100,00
20:48:44      16    0,00    0,00    0,00    0,00    0,00    0,00    0,00    0,00    0,00  100,00
20:48:44      17    0,00    0,00    0,00    0,00    0,00    0,00    0,00    0,00    0,00  100,00
20:48:44      18    0,00    0,00    0,00    0,00    0,00    0,00    0,00    0,00    0,00  100,00
20:48:44      19    0,00    0,00    0,00    0,00    0,00    0,00    0,00    0,00    0,00  100,00
20:48:44      20    0,00    0,00    0,00    0,00    0,00    0,00    0,00    0,00    0,00  100,00
20:48:44      21    0,00    0,00    0,00    0,00    0,00    0,00    0,00    0,00    0,00  100,00
20:48:44      22    0,00    0,00    0,00    0,00    0,00    0,00    0,00    0,00    0,00  100,00
20:48:44      23    0,00    0,00    0,00    0,00    0,00    0,00    0,00    0,00    0,00  100,00

20:48:44     CPU    %usr   %nice    %sys %iowait    %irq   %soft  %steal  %guest  %gnice   %idle
20:48:45     all   29,17    0,00    0,00    0,00    0,00    0,00    0,00    0,00    0,00   70,83
20:48:45       0  100,00    0,00    0,00    0,00    0,00    0,00    0,00    0,00    0,00    0,00
20:48:45       1  100,00    0,00    0,00    0,00    0,00    0,00    0,00    0,00    0,00    0,00
20:48:45       2  100,00    0,00    0,00    0,00    0,00    0,00    0,00    0,00    0,00    0,00
20:48:45       3  100,00    0,00    0,00    0,00    0,00    0,00    0,00    0,00    0,00    0,00
20:48:45       4  100,00    0,00    0,00    0,00    0,00    0,00    0,00    0,00    0,00    0,00
20:48:45       5  100,00    0,00    0,00    0,00    0,00    0,00    0,00    0,00    0,00    0,00
20:48:45       6  100,00    0,00    0,00    0,00    0,00    0,00    0,00    0,00    0,00    0,00
20:48:45       7    0,00    0,00    0,00    0,00    0,00    0,00    0,00    0,00    0,00  100,00
20:48:45       8    0,00    0,00    0,00    0,00    0,00    0,00    0,00    0,00    0,00  100,00
20:48:45       9    0,00    0,00    0,00    0,00    0,00    0,00    0,00    0,00    0,00  100,00
20:48:45      10    0,00    0,00    0,00    0,00    0,00    0,00    0,00    0,00    0,00  100,00
20:48:45      11    0,00    0,00    0,00    0,00    0,00    0,00    0,00    0,00    0,00  100,00
20:48:45      12    0,00    0,00    0,00    0,00    0,00    0,00    0,00    0,00    0,00  100,00
20:48:45      13    0,00    0,00    0,00    0,00    0,00    0,00    0,00    0,00    0,00  100,00
20:48:45      14    0,00    0,00    0,00    0,00    0,00    0,00    0,00    0,00    0,00  100,00
20:48:45      15    0,00    0,00    0,00    0,00    0,00    0,00    0,00    0,00    0,00  100,00
20:48:45      16    0,00    0,00    0,00    0,00    0,00    0,00    0,00    0,00    0,00  100,00
20:48:45      17    0,00    0,00    0,00    0,00    0,00    0,00    0,00    0,00    0,00  100,00
20:48:45      18    0,00    0,00    0,00    0,00    0,00    0,00    0,00    0,00    0,00  100,00
20:48:45      19    0,00    0,00    0,00    0,00    0,00    0,00    0,00    0,00    0,00  100,00
20:48:45      20    0,00    0,00    0,00    0,00    0,00    0,00    0,00    0,00    0,00  100,00
20:48:45      21    0,00    0,00    0,00    0,00    0,00    0,00    0,00    0,00    0,00  100,00
20:48:45      22    0,00    0,00    0,00    0,00    0,00    0,00    0,00    0,00    0,00  100,00
20:48:45      23    0,00    0,00    0,00    0,00    0,00    0,00    0,00    0,00    0,00  100,00

20:48:45     CPU    %usr   %nice    %sys %iowait    %irq   %soft  %steal  %guest  %gnice   %idle
20:48:46     all   29,60    0,00    0,25    0,04    0,00    0,00    0,00    0,00    0,00   70,11
20:48:46       0   99,01    0,00    0,99    0,00    0,00    0,00    0,00    0,00    0,00    0,00
20:48:46       1  100,00    0,00    0,00    0,00    0,00    0,00    0,00    0,00    0,00    0,00
20:48:46       2  100,00    0,00    0,00    0,00    0,00    0,00    0,00    0,00    0,00    0,00
20:48:46       3  100,00    0,00    0,00    0,00    0,00    0,00    0,00    0,00    0,00    0,00
20:48:46       4  100,00    0,00    0,00    0,00    0,00    0,00    0,00    0,00    0,00    0,00
20:48:46       5  100,00    0,00    0,00    0,00    0,00    0,00    0,00    0,00    0,00    0,00
20:48:46       6  100,00    0,00    0,00    0,00    0,00    0,00    0,00    0,00    0,00    0,00
20:48:46       7    0,00    0,00    0,00    0,00    0,00    0,00    0,00    0,00    0,00  100,00
20:48:46       8    0,00    0,00    0,00    0,00    0,00    0,00    0,00    0,00    0,00  100,00
20:48:46       9    0,00    0,00    0,00    0,00    0,00    0,00    0,00    0,00    0,00  100,00
20:48:46      10    0,00    0,00    0,00    0,00    0,00    0,00    0,00    0,00    0,00  100,00
20:48:46      11    0,00    0,00    0,00    0,00    0,00    0,00    0,00    0,00    0,00  100,00
20:48:46      12    4,90    0,00    0,98    0,00    0,00    0,00    0,00    0,00    0,00   94,12
20:48:46      13    0,00    0,00    0,00    0,00    0,00    0,00    0,00    0,00    0,00  100,00
20:48:46      14    0,00    0,00    0,00    0,00    0,00    0,00    0,00    0,00    0,00  100,00
20:48:46      15    0,00    0,00    0,00    0,00    0,00    0,00    0,00    0,00    0,00  100,00
20:48:46      16    0,00    0,00    0,00    0,00    0,00    0,00    0,00    0,00    0,00  100,00
20:48:46      17    0,99    0,00    0,00    0,00    0,00    0,00    0,00    0,00    0,00   99,01
20:48:46      18    0,00    0,00    1,00    0,00    0,00    0,00    0,00    0,00    0,00   99,00
20:48:46      19    3,96    0,00    0,99    0,99    0,00    0,00    0,00    0,00    0,00   94,06
20:48:46      20    1,01    0,00    0,00    0,00    0,00    0,00    0,00    0,00    0,00   98,99
20:48:46      21    0,00    0,00    0,00    0,00    0,00    0,00    0,00    0,00    0,00  100,00
20:48:46      22    0,00    0,00    1,00    0,00    0,00    0,00    0,00    0,00    0,00   99,00
20:48:46      23    0,00    0,00    1,01    0,00    0,00    0,00    0,00    0,00    0,00   98,99

20:48:46     CPU    %usr   %nice    %sys %iowait    %irq   %soft  %steal  %guest  %gnice   %idle
20:48:47     all   29,17    0,00    0,00    0,00    0,00    0,00    0,00    0,00    0,00   70,83
20:48:47       0  100,00    0,00    0,00    0,00    0,00    0,00    0,00    0,00    0,00    0,00
20:48:47       1  100,00    0,00    0,00    0,00    0,00    0,00    0,00    0,00    0,00    0,00
20:48:47       2  100,00    0,00    0,00    0,00    0,00    0,00    0,00    0,00    0,00    0,00
20:48:47       3  100,00    0,00    0,00    0,00    0,00    0,00    0,00    0,00    0,00    0,00
20:48:47       4  100,00    0,00    0,00    0,00    0,00    0,00    0,00    0,00    0,00    0,00
20:48:47       5  100,00    0,00    0,00    0,00    0,00    0,00    0,00    0,00    0,00    0,00
20:48:47       6  100,00    0,00    0,00    0,00    0,00    0,00    0,00    0,00    0,00    0,00
20:48:47       7    0,00    0,00    0,00    0,00    0,00    0,00    0,00    0,00    0,00  100,00
20:48:47       8    0,00    0,00    0,00    0,00    0,00    0,00    0,00    0,00    0,00  100,00
20:48:47       9    0,00    0,00    0,00    0,00    0,00    0,00    0,00    0,00    0,00  100,00
20:48:47      10    0,00    0,00    0,00    0,00    0,00    0,00    0,00    0,00    0,00  100,00
20:48:47      11    0,00    0,00    0,00    0,00    0,00    0,00    0,00    0,00    0,00  100,00
20:48:47      12    0,00    0,00    0,00    0,00    0,00    0,00    0,00    0,00    0,00  100,00
20:48:47      13    0,00    0,00    0,00    0,00    0,00    0,00    0,00    0,00    0,00  100,00
20:48:47      14    0,00    0,00    0,00    0,00    0,00    0,00    0,00    0,00    0,00  100,00
20:48:47      15    0,00    0,00    0,00    0,00    0,00    0,00    0,00    0,00    0,00  100,00
20:48:47      16    0,00    0,00    0,00    0,00    0,00    0,00    0,00    0,00    0,00  100,00
20:48:47      17    0,00    0,00    0,00    0,00    0,00    0,00    0,00    0,00    0,00  100,00
20:48:47      18    0,00    0,00    0,00    0,00    0,00    0,00    0,00    0,00    0,00  100,00
20:48:47      19    0,00    0,00    0,00    0,00    0,00    0,00    0,00    0,00    0,00  100,00
20:48:47      20    0,00    0,00    0,00    0,00    0,00    0,00    0,00    0,00    0,00  100,00
20:48:47      21    0,00    0,00    0,00    0,00    0,00    0,00    0,00    0,00    0,00  100,00
20:48:47      22    0,00    0,00    0,00    0,00    0,00    0,00    0,00    0,00    0,00  100,00
20:48:47      23    0,00    0,00    0,00    0,00    0,00    0,00    0,00    0,00    0,00  100,00

20:48:47     CPU    %usr   %nice    %sys %iowait    %irq   %soft  %steal  %guest  %gnice   %idle
20:48:48     all   29,17    0,00    0,00    0,00    0,00    0,00    0,00    0,00    0,00   70,83
20:48:48       0  100,00    0,00    0,00    0,00    0,00    0,00    0,00    0,00    0,00    0,00
20:48:48       1  100,00    0,00    0,00    0,00    0,00    0,00    0,00    0,00    0,00    0,00
20:48:48       2  100,00    0,00    0,00    0,00    0,00    0,00    0,00    0,00    0,00    0,00
20:48:48       3  100,00    0,00    0,00    0,00    0,00    0,00    0,00    0,00    0,00    0,00
20:48:48       4  100,00    0,00    0,00    0,00    0,00    0,00    0,00    0,00    0,00    0,00
20:48:48       5  100,00    0,00    0,00    0,00    0,00    0,00    0,00    0,00    0,00    0,00
20:48:48       6  100,00    0,00    0,00    0,00    0,00    0,00    0,00    0,00    0,00    0,00
20:48:48       7    0,00    0,00    0,00    0,00    0,00    0,00    0,00    0,00    0,00  100,00
20:48:48       8    0,00    0,00    0,00    0,00    0,00    0,00    0,00    0,00    0,00  100,00
20:48:48       9    0,00    0,00    0,00    0,00    0,00    0,00    0,00    0,00    0,00  100,00
20:48:48      10    0,00    0,00    0,00    0,00    0,00    0,00    0,00    0,00    0,00  100,00
20:48:48      11    0,00    0,00    0,00    0,00    0,00    0,00    0,00    0,00    0,00  100,00
20:48:48      12    0,00    0,00    0,00    0,00    0,00    0,00    0,00    0,00    0,00  100,00
20:48:48      13    0,00    0,00    0,00    0,00    0,00    0,00    0,00    0,00    0,00  100,00
20:48:48      14    0,00    0,00    0,00    0,00    0,00    0,00    0,00    0,00    0,00  100,00
20:48:48      15    0,00    0,00    0,00    0,00    0,00    0,00    0,00    0,00    0,00  100,00
20:48:48      16    0,00    0,00    0,00    0,00    0,00    0,00    0,00    0,00    0,00  100,00
20:48:48      17    0,00    0,00    0,00    0,00    0,00    0,00    0,00    0,00    0,00  100,00
20:48:48      18    0,00    0,00    0,00    0,00    0,00    0,00    0,00    0,00    0,00  100,00
20:48:48      19    0,00    0,00    0,00    0,00    0,00    0,00    0,00    0,00    0,00  100,00
20:48:48      20    0,00    0,00    0,00    0,00    0,00    0,00    0,00    0,00    0,00  100,00
20:48:48      21    0,00    0,00    0,00    0,00    0,00    0,00    0,00    0,00    0,00  100,00
20:48:48      22    0,00    0,00    0,00    0,00    0,00    0,00    0,00    0,00    0,00  100,00
20:48:48      23    0,00    0,00    0,00    0,00    0,00    0,00    0,00    0,00    0,00  100,00

20:48:48     CPU    %usr   %nice    %sys %iowait    %irq   %soft  %steal  %guest  %gnice   %idle
20:48:49     all   29,17    0,00    0,00    0,00    0,00    0,00    0,00    0,00    0,00   70,83
20:48:49       0  100,00    0,00    0,00    0,00    0,00    0,00    0,00    0,00    0,00    0,00
20:48:49       1  100,00    0,00    0,00    0,00    0,00    0,00    0,00    0,00    0,00    0,00
20:48:49       2  100,00    0,00    0,00    0,00    0,00    0,00    0,00    0,00    0,00    0,00
20:48:49       3  100,00    0,00    0,00    0,00    0,00    0,00    0,00    0,00    0,00    0,00
20:48:49       4  100,00    0,00    0,00    0,00    0,00    0,00    0,00    0,00    0,00    0,00
20:48:49       5  100,00    0,00    0,00    0,00    0,00    0,00    0,00    0,00    0,00    0,00
20:48:49       6  100,00    0,00    0,00    0,00    0,00    0,00    0,00    0,00    0,00    0,00
20:48:49       7    0,00    0,00    0,00    0,00    0,00    0,00    0,00    0,00    0,00  100,00
20:48:49       8    0,00    0,00    0,00    0,00    0,00    0,00    0,00    0,00    0,00  100,00
20:48:49       9    0,00    0,00    0,00    0,00    0,00    0,00    0,00    0,00    0,00  100,00
20:48:49      10    0,00    0,00    0,00    0,00    0,00    0,00    0,00    0,00    0,00  100,00
20:48:49      11    0,00    0,00    0,00    0,00    0,00    0,00    0,00    0,00    0,00  100,00
20:48:49      12    0,00    0,00    0,00    0,00    0,00    0,00    0,00    0,00    0,00  100,00
20:48:49      13    0,00    0,00    0,00    0,00    0,00    0,00    0,00    0,00    0,00  100,00
20:48:49      14    0,00    0,00    0,00    0,00    0,00    0,00    0,00    0,00    0,00  100,00
20:48:49      15    0,00    0,00    0,00    0,00    0,00    0,00    0,00    0,00    0,00  100,00
20:48:49      16    0,00    0,00    0,00    0,00    0,00    0,00    0,00    0,00    0,00  100,00
20:48:49      17    0,00    0,00    0,00    0,00    0,00    0,00    0,00    0,00    0,00  100,00
20:48:49      18    0,00    0,00    0,00    0,00    0,00    0,00    0,00    0,00    0,00  100,00
20:48:49      19    0,00    0,00    0,00    0,00    0,00    0,00    0,00    0,00    0,00  100,00
20:48:49      20    0,00    0,00    0,00    0,00    0,00    0,00    0,00    0,00    0,00  100,00
20:48:49      21    0,00    0,00    0,00    0,00    0,00    0,00    0,00    0,00    0,00  100,00
20:48:49      22    0,00    0,00    0,00    0,00    0,00    0,00    0,00    0,00    0,00  100,00
20:48:49      23    0,00    0,00    0,00    0,00    0,00    0,00    0,00    0,00    0,00  100,00

20:48:49     CPU    %usr   %nice    %sys %iowait    %irq   %soft  %steal  %guest  %gnice   %idle
20:48:50     all   29,17    0,00    0,04    0,04    0,00    0,00    0,00    0,00    0,00   70,75
20:48:50       0  100,00    0,00    0,00    0,00    0,00    0,00    0,00    0,00    0,00    0,00
20:48:50       1  100,00    0,00    0,00    0,00    0,00    0,00    0,00    0,00    0,00    0,00
20:48:50       2  100,00    0,00    0,00    0,00    0,00    0,00    0,00    0,00    0,00    0,00
20:48:50       3  100,00    0,00    0,00    0,00    0,00    0,00    0,00    0,00    0,00    0,00
20:48:50       4  100,00    0,00    0,00    0,00    0,00    0,00    0,00    0,00    0,00    0,00
20:48:50       5  100,00    0,00    0,00    0,00    0,00    0,00    0,00    0,00    0,00    0,00
20:48:50       6  100,00    0,00    0,00    0,00    0,00    0,00    0,00    0,00    0,00    0,00
20:48:50       7    0,00    0,00    0,00    0,00    0,00    0,00    0,00    0,00    0,00  100,00
20:48:50       8    0,00    0,00    0,99    0,00    0,00    0,00    0,00    0,00    0,00   99,01
20:48:50       9    0,00    0,00    0,00    1,00    0,00    0,00    0,00    0,00    0,00   99,00
20:48:50      10    0,00    0,00    0,00    0,00    0,00    0,00    0,00    0,00    0,00  100,00
20:48:50      11    0,00    0,00    0,00    0,00    0,00    0,00    0,00    0,00    0,00  100,00
20:48:50      12    0,00    0,00    0,00    0,00    0,00    0,00    0,00    0,00    0,00  100,00
20:48:50      13    0,00    0,00    0,00    0,00    0,00    0,00    0,00    0,00    0,00  100,00
20:48:50      14    0,00    0,00    0,00    0,00    0,00    0,00    0,00    0,00    0,00  100,00
20:48:50      15    0,00    0,00    0,00    0,00    0,00    0,00    0,00    0,00    0,00  100,00
20:48:50      16    0,00    0,00    0,00    0,00    0,00    0,00    0,00    0,00    0,00  100,00
20:48:50      17    0,00    0,00    0,00    0,00    0,00    0,00    0,00    0,00    0,00  100,00
20:48:50      18    0,00    0,00    0,00    0,00    0,00    0,00    0,00    0,00    0,00  100,00
20:48:50      19    0,00    0,00    0,00    0,00    0,00    0,00    0,00    0,00    0,00  100,00
20:48:50      20    0,00    0,00    0,00    0,00    0,00    0,00    0,00    0,00    0,00  100,00
20:48:50      21    0,00    0,00    0,00    0,00    0,00    0,00    0,00    0,00    0,00  100,00
20:48:50      22    0,00    0,00    0,00    0,00    0,00    0,00    0,00    0,00    0,00  100,00
20:48:50      23    0,00    0,00    0,00    0,00    0,00    0,00    0,00    0,00    0,00  100,00

20:48:50     CPU    %usr   %nice    %sys %iowait    %irq   %soft  %steal  %guest  %gnice   %idle
20:48:51     all   29,23    0,00    0,13    0,00    0,00    0,00    0,00    0,00    0,00   70,64
20:48:51       0  100,00    0,00    0,00    0,00    0,00    0,00    0,00    0,00    0,00    0,00
20:48:51       1  100,00    0,00    0,00    0,00    0,00    0,00    0,00    0,00    0,00    0,00
20:48:51       2  100,00    0,00    0,00    0,00    0,00    0,00    0,00    0,00    0,00    0,00
20:48:51       3  100,00    0,00    0,00    0,00    0,00    0,00    0,00    0,00    0,00    0,00
20:48:51       4  100,00    0,00    0,00    0,00    0,00    0,00    0,00    0,00    0,00    0,00
20:48:51       5  100,00    0,00    0,00    0,00    0,00    0,00    0,00    0,00    0,00    0,00
20:48:51       6  100,00    0,00    0,00    0,00    0,00    0,00    0,00    0,00    0,00    0,00
20:48:51       7    0,00    0,00    0,00    0,00    0,00    0,00    0,00    0,00    0,00  100,00
20:48:51       8    0,00    0,00    0,00    0,00    0,00    0,00    0,00    0,00    0,00  100,00
20:48:51       9    0,00    0,00    0,00    0,00    0,00    0,00    0,00    0,00    0,00  100,00
20:48:51      10    0,00    0,00    0,00    0,00    0,00    0,00    0,00    0,00    0,00  100,00
20:48:51      11    0,00    0,00    0,00    0,00    0,00    0,00    0,00    0,00    0,00  100,00
20:48:51      12    1,01    0,00    3,03    0,00    0,00    0,00    0,00    0,00    0,00   95,96
20:48:51      13    0,00    0,00    0,00    0,00    0,00    0,00    0,00    0,00    0,00  100,00
20:48:51      14    0,00    0,00    0,00    0,00    0,00    0,00    0,00    0,00    0,00  100,00
20:48:51      15    0,00    0,00    0,00    0,00    0,00    0,00    0,00    0,00    0,00  100,00
20:48:51      16    0,00    0,00    0,00    0,00    0,00    0,00    0,00    0,00    0,00  100,00
20:48:51      17    0,00    0,00    0,00    0,00    0,00    0,00    0,00    0,00    0,00  100,00
20:48:51      18    0,00    0,00    0,00    0,00    0,00    0,00    0,00    0,00    0,00  100,00
20:48:51      19    0,00    0,00    0,00    0,00    0,00    0,00    0,00    0,00    0,00  100,00
20:48:51      20    0,00    0,00    0,00    0,00    0,00    0,00    0,00    0,00    0,00  100,00
20:48:51      21    0,00    0,00    0,00    0,00    0,00    0,00    0,00    0,00    0,00  100,00
20:48:51      22    0,00    0,00    0,00    0,00    0,00    0,00    0,00    0,00    0,00  100,00
20:48:51      23    0,00    0,00    0,00    0,00    0,00    0,00    0,00    0,00    0,00  100,00

20:48:51     CPU    %usr   %nice    %sys %iowait    %irq   %soft  %steal  %guest  %gnice   %idle
20:48:52     all   29,58    0,00    0,21    0,00    0,00    0,00    0,00    0,00    0,00   70,21
20:48:52       0  100,00    0,00    0,00    0,00    0,00    0,00    0,00    0,00    0,00    0,00
20:48:52       1  100,00    0,00    0,00    0,00    0,00    0,00    0,00    0,00    0,00    0,00
20:48:52       2  100,00    0,00    0,00    0,00    0,00    0,00    0,00    0,00    0,00    0,00
20:48:52       3  100,00    0,00    0,00    0,00    0,00    0,00    0,00    0,00    0,00    0,00
20:48:52       4  100,00    0,00    0,00    0,00    0,00    0,00    0,00    0,00    0,00    0,00
20:48:52       5  100,00    0,00    0,00    0,00    0,00    0,00    0,00    0,00    0,00    0,00
20:48:52       6  100,00    0,00    0,00    0,00    0,00    0,00    0,00    0,00    0,00    0,00
20:48:52       7    0,00    0,00    0,00    0,00    0,00    0,00    0,00    0,00    0,00  100,00
20:48:52       8    0,00    0,00    0,00    0,00    0,00    0,00    0,00    0,00    0,00  100,00
20:48:52       9    0,00    0,00    0,00    0,00    0,00    0,00    0,00    0,00    0,00  100,00
20:48:52      10    0,00    0,00    0,00    0,00    0,00    0,00    0,00    0,00    0,00  100,00
20:48:52      11    0,00    0,00    0,00    0,00    0,00    0,00    0,00    0,00    0,00  100,00
20:48:52      12   10,00    0,00    5,00    0,00    0,00    0,00    0,00    0,00    0,00   85,00
20:48:52      13    0,00    0,00    0,00    0,00    0,00    0,00    0,00    0,00    0,00  100,00
20:48:52      14    0,00    0,00    0,00    0,00    0,00    0,00    0,00    0,00    0,00  100,00
20:48:52      15    0,00    0,00    0,00    0,00    0,00    0,00    0,00    0,00    0,00  100,00
20:48:52      16    0,00    0,00    0,00    0,00    0,00    0,00    0,00    0,00    0,00  100,00
20:48:52      17    0,00    0,00    0,00    0,00    0,00    0,00    0,00    0,00    0,00  100,00
20:48:52      18    0,00    0,00    0,00    0,00    0,00    0,00    0,00    0,00    0,00  100,00
20:48:52      19    0,00    0,00    0,00    0,00    0,00    0,00    0,00    0,00    0,00  100,00
20:48:52      20    0,00    0,00    0,00    0,00    0,00    0,00    0,00    0,00    0,00  100,00
20:48:52      21    0,00    0,00    0,00    0,00    0,00    0,00    0,00    0,00    0,00  100,00
20:48:52      22    0,00    0,00    0,00    0,00    0,00    0,00    0,00    0,00    0,00  100,00
20:48:52      23    0,00    0,00    0,00    0,00    0,00    0,00    0,00    0,00    0,00  100,00

20:48:52     CPU    %usr   %nice    %sys %iowait    %irq   %soft  %steal  %guest  %gnice   %idle
20:48:53     all   29,17    0,00    0,00    0,00    0,00    0,00    0,00    0,00    0,00   70,83
20:48:53       0  100,00    0,00    0,00    0,00    0,00    0,00    0,00    0,00    0,00    0,00
20:48:53       1  100,00    0,00    0,00    0,00    0,00    0,00    0,00    0,00    0,00    0,00
20:48:53       2  100,00    0,00    0,00    0,00    0,00    0,00    0,00    0,00    0,00    0,00
20:48:53       3  100,00    0,00    0,00    0,00    0,00    0,00    0,00    0,00    0,00    0,00
20:48:53       4  100,00    0,00    0,00    0,00    0,00    0,00    0,00    0,00    0,00    0,00
20:48:53       5  100,00    0,00    0,00    0,00    0,00    0,00    0,00    0,00    0,00    0,00
20:48:53       6  100,00    0,00    0,00    0,00    0,00    0,00    0,00    0,00    0,00    0,00
20:48:53       7    0,00    0,00    0,00    0,00    0,00    0,00    0,00    0,00    0,00  100,00
20:48:53       8    0,00    0,00    0,00    0,00    0,00    0,00    0,00    0,00    0,00  100,00
20:48:53       9    0,00    0,00    0,00    0,00    0,00    0,00    0,00    0,00    0,00  100,00
20:48:53      10    0,00    0,00    0,00    0,00    0,00    0,00    0,00    0,00    0,00  100,00
20:48:53      11    0,00    0,00    0,00    0,00    0,00    0,00    0,00    0,00    0,00  100,00
20:48:53      12    0,00    0,00    0,00    0,00    0,00    0,00    0,00    0,00    0,00  100,00
20:48:53      13    0,00    0,00    0,00    0,00    0,00    0,00    0,00    0,00    0,00  100,00
20:48:53      14    0,00    0,00    0,00    0,00    0,00    0,00    0,00    0,00    0,00  100,00
20:48:53      15    0,00    0,00    0,00    0,00    0,00    0,00    0,00    0,00    0,00  100,00
20:48:53      16    0,00    0,00    0,00    0,00    0,00    0,00    0,00    0,00    0,00  100,00
20:48:53      17    0,00    0,00    0,00    0,00    0,00    0,00    0,00    0,00    0,00  100,00
20:48:53      18    0,00    0,00    0,00    0,00    0,00    0,00    0,00    0,00    0,00  100,00
20:48:53      19    0,00    0,00    0,00    0,00    0,00    0,00    0,00    0,00    0,00  100,00
20:48:53      20    0,00    0,00    0,00    0,00    0,00    0,00    0,00    0,00    0,00  100,00
20:48:53      21    0,00    0,00    0,00    0,00    0,00    0,00    0,00    0,00    0,00  100,00
20:48:53      22    0,00    0,00    0,00    0,00    0,00    0,00    0,00    0,00    0,00  100,00
20:48:53      23    0,00    0,00    0,00    0,00    0,00    0,00    0,00    0,00    0,00  100,00

20:48:53     CPU    %usr   %nice    %sys %iowait    %irq   %soft  %steal  %guest  %gnice   %idle
20:48:54     all   29,15    0,00    0,04    0,00    0,00    0,00    0,00    0,00    0,00   70,80
20:48:54       0  100,00    0,00    0,00    0,00    0,00    0,00    0,00    0,00    0,00    0,00
20:48:54       1  100,00    0,00    0,00    0,00    0,00    0,00    0,00    0,00    0,00    0,00
20:48:54       2  100,00    0,00    0,00    0,00    0,00    0,00    0,00    0,00    0,00    0,00
20:48:54       3  100,00    0,00    0,00    0,00    0,00    0,00    0,00    0,00    0,00    0,00
20:48:54       4  100,00    0,00    0,00    0,00    0,00    0,00    0,00    0,00    0,00    0,00
20:48:54       5  100,00    0,00    0,00    0,00    0,00    0,00    0,00    0,00    0,00    0,00
20:48:54       6  100,00    0,00    0,00    0,00    0,00    0,00    0,00    0,00    0,00    0,00
20:48:54       7    0,00    0,00    0,00    0,00    0,00    0,00    0,00    0,00    0,00  100,00
20:48:54       8    0,00    0,00    0,00    0,00    0,00    0,00    0,00    0,00    0,00  100,00
20:48:54       9    0,00    0,00    0,00    0,00    0,00    0,00    0,00    0,00    0,00  100,00
20:48:54      10    0,00    0,00    0,00    0,00    0,00    0,00    0,00    0,00    0,00  100,00
20:48:54      11    0,00    0,00    0,00    0,00    0,00    0,00    0,00    0,00    0,00  100,00
20:48:54      12    0,00    0,00    0,00    0,00    0,00    0,00    0,00    0,00    0,00  100,00
20:48:54      13    0,00    0,00    0,00    0,00    0,00    0,00    0,00    0,00    0,00  100,00
20:48:54      14    0,00    0,00    0,99    0,00    0,00    0,00    0,00    0,00    0,00   99,01
20:48:54      15    0,00    0,00    0,00    0,00    0,00    0,00    0,00    0,00    0,00  100,00
20:48:54      16    0,00    0,00    0,00    0,00    0,00    0,00    0,00    0,00    0,00  100,00
20:48:54      17    0,00    0,00    0,00    0,00    0,00    0,00    0,00    0,00    0,00  100,00
20:48:54      18    0,00    0,00    0,00    0,00    0,00    0,00    0,00    0,00    0,00  100,00
20:48:54      19    0,00    0,00    0,00    0,00    0,00    0,00    0,00    0,00    0,00  100,00
20:48:54      20    0,00    0,00    0,00    0,00    0,00    0,00    0,00    0,00    0,00  100,00
20:48:54      21    0,00    0,00    0,00    0,00    0,00    0,00    0,00    0,00    0,00  100,00
20:48:54      22    0,00    0,00    0,00    0,00    0,00    0,00    0,00    0,00    0,00  100,00
20:48:54      23    0,00    0,00    0,00    0,00    0,00    0,00    0,00    0,00    0,00  100,00

20:48:54     CPU    %usr   %nice    %sys %iowait    %irq   %soft  %steal  %guest  %gnice   %idle
20:48:55     all   29,20    0,00    0,00    0,08    0,00    0,00    0,00    0,00    0,00   70,72
20:48:55       0  100,00    0,00    0,00    0,00    0,00    0,00    0,00    0,00    0,00    0,00
20:48:55       1  100,00    0,00    0,00    0,00    0,00    0,00    0,00    0,00    0,00    0,00
20:48:55       2  100,00    0,00    0,00    0,00    0,00    0,00    0,00    0,00    0,00    0,00
20:48:55       3  100,00    0,00    0,00    0,00    0,00    0,00    0,00    0,00    0,00    0,00
20:48:55       4  100,00    0,00    0,00    0,00    0,00    0,00    0,00    0,00    0,00    0,00
20:48:55       5  100,00    0,00    0,00    0,00    0,00    0,00    0,00    0,00    0,00    0,00
20:48:55       6  100,00    0,00    0,00    0,00    0,00    0,00    0,00    0,00    0,00    0,00
20:48:55       7    0,00    0,00    0,00    0,00    0,00    0,00    0,00    0,00    0,00  100,00
20:48:55       8    0,00    0,00    0,00    0,00    0,00    0,00    0,00    0,00    0,00  100,00
20:48:55       9    0,00    0,00    0,00    2,00    0,00    0,00    0,00    0,00    0,00   98,00
20:48:55      10    0,00    0,00    0,00    0,00    0,00    0,00    0,00    0,00    0,00  100,00
20:48:55      11    0,00    0,00    0,00    0,00    0,00    0,00    0,00    0,00    0,00  100,00
20:48:55      12    0,00    0,00    0,00    0,00    0,00    0,00    0,00    0,00    0,00  100,00
20:48:55      13    0,00    0,00    0,00    0,00    0,00    0,00    0,00    0,00    0,00  100,00
20:48:55      14    0,00    0,00    0,00    0,00    0,00    0,00    0,00    0,00    0,00  100,00
20:48:55      15    0,00    0,00    0,00    0,00    0,00    0,00    0,00    0,00    0,00  100,00
20:48:55      16    0,00    0,00    0,00    0,00    0,00    0,00    0,00    0,00    0,00  100,00
20:48:55      17    0,00    0,00    0,00    0,00    0,00    0,00    0,00    0,00    0,00  100,00
20:48:55      18    0,00    0,00    0,00    0,00    0,00    0,00    0,00    0,00    0,00  100,00
20:48:55      19    0,00    0,00    0,00    0,00    0,00    0,00    0,00    0,00    0,00  100,00
20:48:55      20    0,00    0,00    0,00    0,00    0,00    0,00    0,00    0,00    0,00  100,00
20:48:55      21    0,00    0,00    0,00    0,00    0,00    0,00    0,00    0,00    0,00  100,00
20:48:55      22    0,00    0,00    0,00    0,00    0,00    0,00    0,00    0,00    0,00  100,00
20:48:55      23    0,00    0,00    0,00    0,00    0,00    0,00    0,00    0,00    0,00  100,00

20:48:55     CPU    %usr   %nice    %sys %iowait    %irq   %soft  %steal  %guest  %gnice   %idle
20:48:56     all   29,32    0,00    0,08    0,00    0,00    0,00    0,00    0,00    0,00   70,60
20:48:56       0  100,00    0,00    0,00    0,00    0,00    0,00    0,00    0,00    0,00    0,00
20:48:56       1  100,00    0,00    0,00    0,00    0,00    0,00    0,00    0,00    0,00    0,00
20:48:56       2  100,00    0,00    0,00    0,00    0,00    0,00    0,00    0,00    0,00    0,00
20:48:56       3  100,00    0,00    0,00    0,00    0,00    0,00    0,00    0,00    0,00    0,00
20:48:56       4  100,00    0,00    0,00    0,00    0,00    0,00    0,00    0,00    0,00    0,00
20:48:56       5  100,00    0,00    0,00    0,00    0,00    0,00    0,00    0,00    0,00    0,00
20:48:56       6  100,00    0,00    0,00    0,00    0,00    0,00    0,00    0,00    0,00    0,00
20:48:56       7    0,00    0,00    0,00    0,00    0,00    0,00    0,00    0,00    0,00  100,00
20:48:56       8    0,00    0,00    0,00    0,00    0,00    0,00    0,00    0,00    0,00  100,00
20:48:56       9    0,00    0,00    0,00    0,00    0,00    0,00    0,00    0,00    0,00  100,00
20:48:56      10    0,00    0,00    0,00    0,00    0,00    0,00    0,00    0,00    0,00  100,00
20:48:56      11    0,00    0,00    0,00    0,00    0,00    0,00    0,00    0,00    0,00  100,00
20:48:56      12    0,00    0,00    0,00    0,00    0,00    0,00    0,00    0,00    0,00  100,00
20:48:56      13    0,00    0,00    0,00    0,00    0,00    0,00    0,00    0,00    0,00  100,00
20:48:56      14    0,00    0,00    0,00    0,00    0,00    0,00    0,00    0,00    0,00  100,00
20:48:56      15    0,00    0,00    0,00    0,00    0,00    0,00    0,00    0,00    0,00  100,00
20:48:56      16    0,00    0,00    0,00    0,00    0,00    0,00    0,00    0,00    0,00  100,00
20:48:56      17    0,00    0,00    0,00    0,00    0,00    0,00    0,00    0,00    0,00  100,00
20:48:56      18    3,00    0,00    1,00    0,00    0,00    0,00    0,00    0,00    0,00   96,00
20:48:56      19    0,00    0,00    0,00    0,00    0,00    0,00    0,00    0,00    0,00  100,00
20:48:56      20    0,00    0,00    1,00    0,00    0,00    0,00    0,00    0,00    0,00   99,00
20:48:56      21    0,00    0,00    0,00    0,00    0,00    0,00    0,00    0,00    0,00  100,00
20:48:56      22    0,00    0,00    0,00    0,00    0,00    0,00    0,00    0,00    0,00  100,00
20:48:56      23    0,00    0,00    0,00    0,00    0,00    0,00    0,00    0,00    0,00  100,00
