Linux 6.8.0-111-generic (testbed-node6) 	14/05/26 	_x86_64_	(24 CPU)

00:26:49     CPU    %usr   %nice    %sys %iowait    %irq   %soft  %steal  %guest  %gnice   %idle
00:26:50     all    4,58    0,00    0,25    0,04    0,00    0,00    0,00    0,00    0,00   95,13
00:26:50       0    0,00    0,00    0,00    0,00    0,00    0,00    0,00    0,00    0,00  100,00
00:26:50       1  100,00    0,00    0,00    0,00    0,00    0,00    0,00    0,00    0,00    0,00
00:26:50       2    0,00    0,00    0,00    0,00    0,00    0,00    0,00    0,00    0,00  100,00
00:26:50       3    0,00    0,00    0,00    0,00    0,00    0,00    0,00    0,00    0,00  100,00
00:26:50       4    1,00    0,00    0,00    0,00    0,00    0,00    0,00    0,00    0,00   99,00
00:26:50       5    0,00    0,00    0,00    0,00    0,00    0,00    0,00    0,00    0,00  100,00
00:26:50       6    2,02    0,00    0,00    0,00    0,00    0,00    0,00    0,00    0,00   97,98
00:26:50       7    0,00    0,00    0,00    0,00    0,00    0,00    0,00    0,00    0,00  100,00
00:26:50       8    0,99    0,00    0,99    0,00    0,00    0,00    0,00    0,00    0,00   98,02
00:26:50       9    0,00    0,00    0,00    0,00    0,00    0,00    0,00    0,00    0,00  100,00
00:26:50      10    3,96    0,00    0,99    0,00    0,00    0,00    0,00    0,00    0,00   95,05
00:26:50      11    0,00    0,00    0,00    0,00    0,00    0,00    0,00    0,00    0,00  100,00
00:26:50      12    0,00    0,00    0,00    0,00    0,00    0,00    0,00    0,00    0,00  100,00
00:26:50      13    0,00    0,00    0,00    0,00    0,00    0,00    0,00    0,00    0,00  100,00
00:26:50      14    0,00    0,00    0,00    0,00    0,00    0,00    0,00    0,00    0,00  100,00
00:26:50      15    0,00    0,00    0,00    0,00    0,00    0,00    0,00    0,00    0,00  100,00
00:26:50      16    0,00    0,00    0,00    1,00    0,00    0,00    0,00    0,00    0,00   99,00
00:26:50      17    0,00    0,00    1,00    0,00    0,00    0,00    0,00    0,00    0,00   99,00
00:26:50      18    1,00    0,00    0,00    0,00    0,00    0,00    0,00    0,00    0,00   99,00
00:26:50      19    0,00    0,00    0,00    0,00    0,00    0,00    0,00    0,00    0,00  100,00
00:26:50      20    0,00    0,00    0,99    0,00    0,00    0,00    0,00    0,00    0,00   99,01
00:26:50      21    0,00    0,00    0,99    0,00    0,00    0,00    0,00    0,00    0,00   99,01
00:26:50      22    0,99    0,00    0,99    0,00    0,00    0,00    0,00    0,00    0,00   98,02
00:26:50      23    0,00    0,00    0,00    0,00    0,00    0,00    0,00    0,00    0,00  100,00

00:26:50     CPU    %usr   %nice    %sys %iowait    %irq   %soft  %steal  %guest  %gnice   %idle
00:26:51     all    4,29    0,00    0,08    0,00    0,00    0,00    0,00    0,00    0,00   95,63
00:26:51       0    0,00    0,00    0,00    0,00    0,00    0,00    0,00    0,00    0,00  100,00
00:26:51       1  100,00    0,00    0,00    0,00    0,00    0,00    0,00    0,00    0,00    0,00
00:26:51       2    0,00    0,00    0,00    0,00    0,00    0,00    0,00    0,00    0,00  100,00
00:26:51       3    0,00    0,00    0,00    0,00    0,00    0,00    0,00    0,00    0,00  100,00
00:26:51       4    0,00    0,00    0,00    0,00    0,00    0,00    0,00    0,00    0,00  100,00
00:26:51       5    0,00    0,00    0,00    0,00    0,00    0,00    0,00    0,00    0,00  100,00
00:26:51       6    0,00    0,00    0,00    0,00    0,00    0,00    0,00    0,00    0,00  100,00
00:26:51       7    0,00    0,00    0,00    0,00    0,00    0,00    0,00    0,00    0,00  100,00
00:26:51       8    0,98    0,00    1,96    0,00    0,00    0,00    0,00    0,00    0,00   97,06
00:26:51       9    0,00    0,00    0,00    0,00    0,00    0,00    0,00    0,00    0,00  100,00
00:26:51      10    0,00    0,00    0,00    0,00    0,00    0,00    0,00    0,00    0,00  100,00
00:26:51      11    0,00    0,00    0,00    0,00    0,00    0,00    0,00    0,00    0,00  100,00
00:26:51      12    0,99    0,00    0,00    0,00    0,00    0,00    0,00    0,00    0,00   99,01
00:26:51      13    0,00    0,00    0,00    0,00    0,00    0,00    0,00    0,00    0,00  100,00
00:26:51      14    0,00    0,00    0,00    0,00    0,00    0,00    0,00    0,00    0,00  100,00
00:26:51      15    0,00    0,00    0,00    0,00    0,00    0,00    0,00    0,00    0,00  100,00
00:26:51      16    0,00    0,00    0,00    0,00    0,00    0,00    0,00    0,00    0,00  100,00
00:26:51      17    0,00    0,00    0,00    0,00    0,00    0,00    0,00    0,00    0,00  100,00
00:26:51      18    0,00    0,00    0,00    0,00    0,00    0,00    0,00    0,00    0,00  100,00
00:26:51      19    0,00    0,00    0,00    0,00    0,00    0,00    0,00    0,00    0,00  100,00
00:26:51      20    0,00    0,00    0,00    0,00    0,00    0,00    0,00    0,00    0,00  100,00
00:26:51      21    0,00    0,00    0,00    0,00    0,00    0,00    0,00    0,00    0,00  100,00
00:26:51      22    0,00    0,00    0,00    0,00    0,00    0,00    0,00    0,00    0,00  100,00
00:26:51      23    0,99    0,00    0,00    0,00    0,00    0,00    0,00    0,00    0,00   99,01

00:26:51     CPU    %usr   %nice    %sys %iowait    %irq   %soft  %steal  %guest  %gnice   %idle
00:26:52     all    5,13    0,00    0,50    0,00    0,00    0,00    0,00    0,00    0,00   94,37
00:26:52       0    0,00    0,00    0,00    0,00    0,00    0,00    0,00    0,00    0,00  100,00
00:26:52       1  100,00    0,00    0,00    0,00    0,00    0,00    0,00    0,00    0,00    0,00
00:26:52       2    2,00    0,00    1,00    0,00    0,00    0,00    0,00    0,00    0,00   97,00
00:26:52       3    0,00    0,00    0,00    0,00    0,00    0,00    0,00    0,00    0,00  100,00
00:26:52       4    0,00    0,00    0,99    0,00    0,00    0,00    0,00    0,00    0,00   99,01
00:26:52       5    0,00    0,00    0,00    0,00    0,00    0,00    0,00    0,00    0,00  100,00
00:26:52       6    0,99    0,00    0,99    0,00    0,00    0,00    0,00    0,00    0,00   98,02
00:26:52       7    0,00    0,00    0,00    0,00    0,00    0,00    0,00    0,00    0,00  100,00
00:26:52       8    3,00    0,00    2,00    0,00    0,00    0,00    0,00    0,00    0,00   95,00
00:26:52       9    0,00    0,00    0,00    0,00    0,00    0,00    0,00    0,00    0,00  100,00
00:26:52      10    6,00    0,00    0,00    0,00    0,00    0,00    0,00    0,00    0,00   94,00
00:26:52      11    0,00    0,00    0,00    0,00    0,00    0,00    0,00    0,00    0,00  100,00
00:26:52      12    0,00    0,00    0,00    0,00    0,00    0,00    0,00    0,00    0,00  100,00
00:26:52      13    0,00    0,00    0,00    0,00    0,00    0,00    0,00    0,00    0,00  100,00
00:26:52      14    1,00    0,00    0,00    0,00    0,00    0,00    0,00    0,00    0,00   99,00
00:26:52      15    0,00    0,00    0,00    0,00    0,00    0,00    0,00    0,00    0,00  100,00
00:26:52      16    1,98    0,00    0,00    0,00    0,00    0,00    0,00    0,00    0,00   98,02
00:26:52      17    2,02    0,00    0,00    0,00    0,00    0,00    0,00    0,00    0,00   97,98
00:26:52      18    3,00    0,00    2,00    0,00    0,00    0,00    0,00    0,00    0,00   95,00
00:26:52      19    1,01    0,00    1,01    0,00    0,00    0,00    0,00    0,00    0,00   97,98
00:26:52      20    1,01    0,00    1,01    0,00    0,00    0,00    0,00    0,00    0,00   97,98
00:26:52      21    1,00    0,00    1,00    0,00    0,00    0,00    0,00    0,00    0,00   98,00
00:26:52      22    0,00    0,00    1,01    0,00    0,00    0,00    0,00    0,00    0,00   98,99
00:26:52      23    0,00    0,00    1,00    0,00    0,00    0,00    0,00    0,00    0,00   99,00

00:26:52     CPU    %usr   %nice    %sys %iowait    %irq   %soft  %steal  %guest  %gnice   %idle
00:26:53     all    4,33    0,00    0,00    0,00    0,00    0,00    0,00    0,00    0,00   95,67
00:26:53       0    0,00    0,00    0,00    0,00    0,00    0,00    0,00    0,00    0,00  100,00
00:26:53       1  100,00    0,00    0,00    0,00    0,00    0,00    0,00    0,00    0,00    0,00
00:26:53       2    0,00    0,00    0,00    0,00    0,00    0,00    0,00    0,00    0,00  100,00
00:26:53       3    0,00    0,00    0,00    0,00    0,00    0,00    0,00    0,00    0,00  100,00
00:26:53       4    0,00    0,00    0,00    0,00    0,00    0,00    0,00    0,00    0,00  100,00
00:26:53       5    0,00    0,00    0,00    0,00    0,00    0,00    0,00    0,00    0,00  100,00
00:26:53       6    0,00    0,00    0,00    0,00    0,00    0,00    0,00    0,00    0,00  100,00
00:26:53       7    0,00    0,00    0,00    0,00    0,00    0,00    0,00    0,00    0,00  100,00
00:26:53       8    3,85    0,00    0,00    0,00    0,00    0,00    0,00    0,00    0,00   96,15
00:26:53       9    0,00    0,00    0,00    0,00    0,00    0,00    0,00    0,00    0,00  100,00
00:26:53      10    0,00    0,00    0,00    0,00    0,00    0,00    0,00    0,00    0,00  100,00
00:26:53      11    0,00    0,00    0,00    0,00    0,00    0,00    0,00    0,00    0,00  100,00
00:26:53      12    0,00    0,00    0,00    0,00    0,00    0,00    0,00    0,00    0,00  100,00
00:26:53      13    0,00    0,00    0,00    0,00    0,00    0,00    0,00    0,00    0,00  100,00
00:26:53      14    0,00    0,00    0,00    0,00    0,00    0,00    0,00    0,00    0,00  100,00
00:26:53      15    0,00    0,00    0,00    0,00    0,00    0,00    0,00    0,00    0,00  100,00
00:26:53      16    0,00    0,00    0,00    0,00    0,00    0,00    0,00    0,00    0,00  100,00
00:26:53      17    0,00    0,00    0,00    0,00    0,00    0,00    0,00    0,00    0,00  100,00
00:26:53      18    0,00    0,00    0,00    0,00    0,00    0,00    0,00    0,00    0,00  100,00
00:26:53      19    0,00    0,00    0,00    0,00    0,00    0,00    0,00    0,00    0,00  100,00
00:26:53      20    0,00    0,00    0,00    0,00    0,00    0,00    0,00    0,00    0,00  100,00
00:26:53      21    0,00    0,00    0,00    0,00    0,00    0,00    0,00    0,00    0,00  100,00
00:26:53      22    0,00    0,00    0,00    0,00    0,00    0,00    0,00    0,00    0,00  100,00
00:26:53      23    0,00    0,00    0,00    0,00    0,00    0,00    0,00    0,00    0,00  100,00

00:26:53     CPU    %usr   %nice    %sys %iowait    %irq   %soft  %steal  %guest  %gnice   %idle
00:26:54     all    4,25    0,00    0,00    0,04    0,00    0,00    0,00    0,00    0,00   95,71
00:26:54       0    0,00    0,00    0,00    0,00    0,00    0,00    0,00    0,00    0,00  100,00
00:26:54       1  100,00    0,00    0,00    0,00    0,00    0,00    0,00    0,00    0,00    0,00
00:26:54       2    0,00    0,00    0,00    0,00    0,00    0,00    0,00    0,00    0,00  100,00
00:26:54       3    0,00    0,00    0,00    0,00    0,00    0,00    0,00    0,00    0,00  100,00
00:26:54       4    0,00    0,00    0,00    0,00    0,00    0,00    0,00    0,00    0,00  100,00
00:26:54       5    0,00    0,00    0,00    0,00    0,00    0,00    0,00    0,00    0,00  100,00
00:26:54       6    0,00    0,00    0,00    0,00    0,00    0,00    0,00    0,00    0,00  100,00
00:26:54       7    0,00    0,00    0,00    0,00    0,00    0,00    0,00    0,00    0,00  100,00
00:26:54       8    1,96    0,00    0,00    0,00    0,00    0,00    0,00    0,00    0,00   98,04
00:26:54       9    0,00    0,00    0,00    0,00    0,00    0,00    0,00    0,00    0,00  100,00
00:26:54      10    0,00    0,00    0,00    0,00    0,00    0,00    0,00    0,00    0,00  100,00
00:26:54      11    0,00    0,00    0,00    0,00    0,00    0,00    0,00    0,00    0,00  100,00
00:26:54      12    0,00    0,00    0,00    0,00    0,00    0,00    0,00    0,00    0,00  100,00
00:26:54      13    0,00    0,00    0,00    0,00    0,00    0,00    0,00    0,00    0,00  100,00
00:26:54      14    0,00    0,00    0,00    0,00    0,00    0,00    0,00    0,00    0,00  100,00
00:26:54      15    0,00    0,00    0,00    0,00    0,00    0,00    0,00    0,00    0,00  100,00
00:26:54      16    0,00    0,00    0,00    0,00    0,00    0,00    0,00    0,00    0,00  100,00
00:26:54      17    0,00    0,00    0,00    1,00    0,00    0,00    0,00    0,00    0,00   99,00
00:26:54      18    0,00    0,00    0,00    0,00    0,00    0,00    0,00    0,00    0,00  100,00
00:26:54      19    0,00    0,00    0,00    0,00    0,00    0,00    0,00    0,00    0,00  100,00
00:26:54      20    0,00    0,00    0,00    0,00    0,00    0,00    0,00    0,00    0,00  100,00
00:26:54      21    0,00    0,00    0,00    0,00    0,00    0,00    0,00    0,00    0,00  100,00
00:26:54      22    0,00    0,00    0,00    0,00    0,00    0,00    0,00    0,00    0,00  100,00
00:26:54      23    0,00    0,00    0,00    0,00    0,00    0,00    0,00    0,00    0,00  100,00

00:26:54     CPU    %usr   %nice    %sys %iowait    %irq   %soft  %steal  %guest  %gnice   %idle
00:26:55     all    4,37    0,00    0,00    0,00    0,00    0,00    0,00    0,00    0,00   95,63
00:26:55       0    0,00    0,00    0,00    0,00    0,00    0,00    0,00    0,00    0,00  100,00
00:26:55       1  100,00    0,00    0,00    0,00    0,00    0,00    0,00    0,00    0,00    0,00
00:26:55       2    0,00    0,00    0,00    0,00    0,00    0,00    0,00    0,00    0,00  100,00
00:26:55       3    0,00    0,00    0,00    0,00    0,00    0,00    0,00    0,00    0,00  100,00
00:26:55       4    0,00    0,00    0,00    0,00    0,00    0,00    0,00    0,00    0,00  100,00
00:26:55       5    0,00    0,00    0,00    0,00    0,00    0,00    0,00    0,00    0,00  100,00
00:26:55       6    0,00    0,00    0,00    0,00    0,00    0,00    0,00    0,00    0,00  100,00
00:26:55       7    0,00    0,00    0,00    0,00    0,00    0,00    0,00    0,00    0,00  100,00
00:26:55       8    3,88    0,00    0,00    0,00    0,00    0,00    0,00    0,00    0,00   96,12
00:26:55       9    0,00    0,00    0,00    0,00    0,00    0,00    0,00    0,00    0,00  100,00
00:26:55      10    0,00    0,00    0,00    0,00    0,00    0,00    0,00    0,00    0,00  100,00
00:26:55      11    0,00    0,00    0,00    0,00    0,00    0,00    0,00    0,00    0,00  100,00
00:26:55      12    0,99    0,00    0,00    0,00    0,00    0,00    0,00    0,00    0,00   99,01
00:26:55      13    0,00    0,00    0,00    0,00    0,00    0,00    0,00    0,00    0,00  100,00
00:26:55      14    0,00    0,00    0,00    0,00    0,00    0,00    0,00    0,00    0,00  100,00
00:26:55      15    0,00    0,00    0,00    0,00    0,00    0,00    0,00    0,00    0,00  100,00
00:26:55      16    0,00    0,00    0,00    0,00    0,00    0,00    0,00    0,00    0,00  100,00
00:26:55      17    0,00    0,00    0,00    0,00    0,00    0,00    0,00    0,00    0,00  100,00
00:26:55      18    0,00    0,00    0,00    0,00    0,00    0,00    0,00    0,00    0,00  100,00
00:26:55      19    0,00    0,00    0,00    0,00    0,00    0,00    0,00    0,00    0,00  100,00
00:26:55      20    0,00    0,00    0,00    0,00    0,00    0,00    0,00    0,00    0,00  100,00
00:26:55      21    0,00    0,00    0,00    0,00    0,00    0,00    0,00    0,00    0,00  100,00
00:26:55      22    0,00    0,00    0,00    0,00    0,00    0,00    0,00    0,00    0,00  100,00
00:26:55      23    0,00    0,00    0,00    0,00    0,00    0,00    0,00    0,00    0,00  100,00

00:26:55     CPU    %usr   %nice    %sys %iowait    %irq   %soft  %steal  %guest  %gnice   %idle
00:26:56     all    4,28    0,00    0,04    0,00    0,00    0,00    0,00    0,00    0,00   95,67
00:26:56       0    0,00    0,00    0,00    0,00    0,00    0,00    0,00    0,00    0,00  100,00
00:26:56       1  100,00    0,00    0,00    0,00    0,00    0,00    0,00    0,00    0,00    0,00
00:26:56       2    0,00    0,00    0,00    0,00    0,00    0,00    0,00    0,00    0,00  100,00
00:26:56       3    0,00    0,00    0,00    0,00    0,00    0,00    0,00    0,00    0,00  100,00
00:26:56       4    0,00    0,00    0,00    0,00    0,00    0,00    0,00    0,00    0,00  100,00
00:26:56       5    0,00    0,00    0,00    0,00    0,00    0,00    0,00    0,00    0,00  100,00
00:26:56       6    0,00    0,00    0,00    0,00    0,00    0,00    0,00    0,00    0,00  100,00
00:26:56       7    0,00    0,00    0,00    0,00    0,00    0,00    0,00    0,00    0,00  100,00
00:26:56       8    1,94    0,00    0,97    0,00    0,00    0,00    0,00    0,00    0,00   97,09
00:26:56       9    0,00    0,00    0,00    0,00    0,00    0,00    0,00    0,00    0,00  100,00
00:26:56      10    0,00    0,00    0,00    0,00    0,00    0,00    0,00    0,00    0,00  100,00
00:26:56      11    0,00    0,00    0,00    0,00    0,00    0,00    0,00    0,00    0,00  100,00
00:26:56      12    0,00    0,00    0,00    0,00    0,00    0,00    0,00    0,00    0,00  100,00
00:26:56      13    0,00    0,00    0,00    0,00    0,00    0,00    0,00    0,00    0,00  100,00
00:26:56      14    0,00    0,00    0,00    0,00    0,00    0,00    0,00    0,00    0,00  100,00
00:26:56      15    0,00    0,00    0,00    0,00    0,00    0,00    0,00    0,00    0,00  100,00
00:26:56      16    0,00    0,00    0,00    0,00    0,00    0,00    0,00    0,00    0,00  100,00
00:26:56      17    0,00    0,00    0,00    0,00    0,00    0,00    0,00    0,00    0,00  100,00
00:26:56      18    0,00    0,00    0,00    0,00    0,00    0,00    0,00    0,00    0,00  100,00
00:26:56      19    0,00    0,00    0,00    0,00    0,00    0,00    0,00    0,00    0,00  100,00
00:26:56      20    0,00    0,00    0,00    0,00    0,00    0,00    0,00    0,00    0,00  100,00
00:26:56      21    0,00    0,00    0,00    0,00    0,00    0,00    0,00    0,00    0,00  100,00
00:26:56      22    0,99    0,00    0,00    0,00    0,00    0,00    0,00    0,00    0,00   99,01
00:26:56      23    0,00    0,00    0,00    0,00    0,00    0,00    0,00    0,00    0,00  100,00

00:26:56     CPU    %usr   %nice    %sys %iowait    %irq   %soft  %steal  %guest  %gnice   %idle
00:26:57     all    4,29    0,00    0,00    0,00    0,00    0,00    0,00    0,00    0,00   95,71
00:26:57       0    0,00    0,00    0,00    0,00    0,00    0,00    0,00    0,00    0,00  100,00
00:26:57       1  100,00    0,00    0,00    0,00    0,00    0,00    0,00    0,00    0,00    0,00
00:26:57       2    0,00    0,00    0,00    0,00    0,00    0,00    0,00    0,00    0,00  100,00
00:26:57       3    0,00    0,00    0,00    0,00    0,00    0,00    0,00    0,00    0,00  100,00
00:26:57       4    0,00    0,00    0,00    0,00    0,00    0,00    0,00    0,00    0,00  100,00
00:26:57       5    0,00    0,00    0,00    0,00    0,00    0,00    0,00    0,00    0,00  100,00
00:26:57       6    0,00    0,00    0,00    0,00    0,00    0,00    0,00    0,00    0,00  100,00
00:26:57       7    0,00    0,00    0,00    0,00    0,00    0,00    0,00    0,00    0,00  100,00
00:26:57       8    2,91    0,00    0,00    0,00    0,00    0,00    0,00    0,00    0,00   97,09
00:26:57       9    0,00    0,00    0,00    0,00    0,00    0,00    0,00    0,00    0,00  100,00
00:26:57      10    0,00    0,00    0,00    0,00    0,00    0,00    0,00    0,00    0,00  100,00
00:26:57      11    0,00    0,00    0,00    0,00    0,00    0,00    0,00    0,00    0,00  100,00
00:26:57      12    0,00    0,00    0,00    0,00    0,00    0,00    0,00    0,00    0,00  100,00
00:26:57      13    0,00    0,00    0,00    0,00    0,00    0,00    0,00    0,00    0,00  100,00
00:26:57      14    0,00    0,00    0,00    0,00    0,00    0,00    0,00    0,00    0,00  100,00
00:26:57      15    0,00    0,00    0,00    0,00    0,00    0,00    0,00    0,00    0,00  100,00
00:26:57      16    0,00    0,00    0,00    0,00    0,00    0,00    0,00    0,00    0,00  100,00
00:26:57      17    0,00    0,00    0,00    0,00    0,00    0,00    0,00    0,00    0,00  100,00
00:26:57      18    0,00    0,00    0,00    0,00    0,00    0,00    0,00    0,00    0,00  100,00
00:26:57      19    0,00    0,00    0,00    0,00    0,00    0,00    0,00    0,00    0,00  100,00
00:26:57      20    0,00    0,00    0,00    0,00    0,00    0,00    0,00    0,00    0,00  100,00
00:26:57      21    0,00    0,00    0,00    0,00    0,00    0,00    0,00    0,00    0,00  100,00
00:26:57      22    0,00    0,00    0,00    0,00    0,00    0,00    0,00    0,00    0,00  100,00
00:26:57      23    0,00    0,00    0,00    0,00    0,00    0,00    0,00    0,00    0,00  100,00

00:26:57     CPU    %usr   %nice    %sys %iowait    %irq   %soft  %steal  %guest  %gnice   %idle
00:26:58     all    4,33    0,00    0,00    0,00    0,00    0,00    0,00    0,00    0,00   95,67
00:26:58       0    0,00    0,00    0,00    0,00    0,00    0,00    0,00    0,00    0,00  100,00
00:26:58       1  100,00    0,00    0,00    0,00    0,00    0,00    0,00    0,00    0,00    0,00
00:26:58       2    0,00    0,00    0,00    0,00    0,00    0,00    0,00    0,00    0,00  100,00
00:26:58       3    0,00    0,00    0,00    0,00    0,00    0,00    0,00    0,00    0,00  100,00
00:26:58       4    0,00    0,00    0,00    0,00    0,00    0,00    0,00    0,00    0,00  100,00
00:26:58       5    0,00    0,00    0,00    0,00    0,00    0,00    0,00    0,00    0,00  100,00
00:26:58       6    0,00    0,00    0,00    0,00    0,00    0,00    0,00    0,00    0,00  100,00
00:26:58       7    0,00    0,00    0,00    0,00    0,00    0,00    0,00    0,00    0,00  100,00
00:26:58       8    3,85    0,00    0,00    0,00    0,00    0,00    0,00    0,00    0,00   96,15
00:26:58       9    0,00    0,00    0,00    0,00    0,00    0,00    0,00    0,00    0,00  100,00
00:26:58      10    0,00    0,00    0,00    0,00    0,00    0,00    0,00    0,00    0,00  100,00
00:26:58      11    0,00    0,00    0,00    0,00    0,00    0,00    0,00    0,00    0,00  100,00
00:26:58      12    0,00    0,00    0,00    0,00    0,00    0,00    0,00    0,00    0,00  100,00
00:26:58      13    0,00    0,00    0,00    0,00    0,00    0,00    0,00    0,00    0,00  100,00
00:26:58      14    0,00    0,00    0,00    0,00    0,00    0,00    0,00    0,00    0,00  100,00
00:26:58      15    0,00    0,00    0,00    0,00    0,00    0,00    0,00    0,00    0,00  100,00
00:26:58      16    0,00    0,00    0,00    0,00    0,00    0,00    0,00    0,00    0,00  100,00
00:26:58      17    0,00    0,00    0,00    0,00    0,00    0,00    0,00    0,00    0,00  100,00
00:26:58      18    0,00    0,00    0,00    0,00    0,00    0,00    0,00    0,00    0,00  100,00
00:26:58      19    0,00    0,00    0,00    0,00    0,00    0,00    0,00    0,00    0,00  100,00
00:26:58      20    0,00    0,00    0,00    0,00    0,00    0,00    0,00    0,00    0,00  100,00
00:26:58      21    0,00    0,00    0,00    0,00    0,00    0,00    0,00    0,00    0,00  100,00
00:26:58      22    0,00    0,00    0,00    0,00    0,00    0,00    0,00    0,00    0,00  100,00
00:26:58      23    0,00    0,00    0,00    0,00    0,00    0,00    0,00    0,00    0,00  100,00

00:26:58     CPU    %usr   %nice    %sys %iowait    %irq   %soft  %steal  %guest  %gnice   %idle
00:26:59     all    4,34    0,00    0,25    0,00    0,00    0,00    0,00    0,00    0,00   95,41
00:26:59       0    0,00    0,00    0,00    0,00    0,00    0,00    0,00    0,00    0,00  100,00
00:26:59       1  100,00    0,00    0,00    0,00    0,00    0,00    0,00    0,00    0,00    0,00
00:26:59       2    0,00    0,00    0,00    0,00    0,00    0,00    0,00    0,00    0,00  100,00
00:26:59       3    0,00    0,00    0,00    0,00    0,00    0,00    0,00    0,00    0,00  100,00
00:26:59       4    0,00    0,00    0,00    0,00    0,00    0,00    0,00    0,00    0,00  100,00
00:26:59       5    0,00    0,00    0,00    0,00    0,00    0,00    0,00    0,00    0,00  100,00
00:26:59       6    0,00    0,00    0,00    0,00    0,00    0,00    0,00    0,00    0,00  100,00
00:26:59       7    0,00    0,00    0,00    0,00    0,00    0,00    0,00    0,00    0,00  100,00
00:26:59       8    1,98    0,00    0,00    0,00    0,00    0,00    0,00    0,00    0,00   98,02
00:26:59       9    0,00    0,00    0,00    0,00    0,00    0,00    0,00    0,00    0,00  100,00
00:26:59      10    0,00    0,00    0,00    0,00    0,00    0,00    0,00    0,00    0,00  100,00
00:26:59      11    0,00    0,00    0,00    0,00    0,00    0,00    0,00    0,00    0,00  100,00
00:26:59      12    0,00    0,00    0,00    0,00    0,00    0,00    0,00    0,00    0,00  100,00
00:26:59      13    0,00    0,00    0,00    0,00    0,00    0,00    0,00    0,00    0,00  100,00
00:26:59      14    2,02    0,00    5,05    0,00    0,00    0,00    0,00    0,00    0,00   92,93
00:26:59      15    0,00    0,00    0,00    0,00    0,00    0,00    0,00    0,00    0,00  100,00
00:26:59      16    0,00    0,00    0,00    0,00    0,00    0,00    0,00    0,00    0,00  100,00
00:26:59      17    0,00    0,00    0,00    0,00    0,00    0,00    0,00    0,00    0,00  100,00
00:26:59      18    0,00    0,00    0,00    0,00    0,00    0,00    0,00    0,00    0,00  100,00
00:26:59      19    0,00    0,00    0,00    0,00    0,00    0,00    0,00    0,00    0,00  100,00
00:26:59      20    0,00    0,00    0,00    0,00    0,00    0,00    0,00    0,00    0,00  100,00
00:26:59      21    0,00    0,00    0,00    0,00    0,00    0,00    0,00    0,00    0,00  100,00
00:26:59      22    0,00    0,00    0,00    0,00    0,00    0,00    0,00    0,00    0,00  100,00
00:26:59      23    0,00    0,00    0,99    0,00    0,00    0,00    0,00    0,00    0,00   99,01

00:26:59     CPU    %usr   %nice    %sys %iowait    %irq   %soft  %steal  %guest  %gnice   %idle
00:27:00     all    4,59    0,00    0,08    0,13    0,00    0,00    0,00    0,00    0,00   95,20
00:27:00       0    0,00    0,00    0,00    0,00    0,00    0,00    0,00    0,00    0,00  100,00
00:27:00       1  100,00    0,00    0,00    0,00    0,00    0,00    0,00    0,00    0,00    0,00
00:27:00       2    0,00    0,00    0,00    0,00    0,00    0,00    0,00    0,00    0,00  100,00
00:27:00       3    0,00    0,00    0,00    0,00    0,00    0,00    0,00    0,00    0,00  100,00
00:27:00       4    0,00    0,00    0,00    0,00    0,00    0,00    0,00    0,00    0,00  100,00
00:27:00       5    0,00    0,00    0,00    0,00    0,00    0,00    0,00    0,00    0,00  100,00
00:27:00       6    0,00    0,00    0,00    0,00    0,00    0,00    0,00    0,00    0,00  100,00
00:27:00       7    0,00    0,00    0,00    0,00    0,00    0,00    0,00    0,00    0,00  100,00
00:27:00       8    1,96    0,00    0,00    0,00    0,00    0,00    0,00    0,00    0,00   98,04
00:27:00       9    0,00    0,00    0,00    0,00    0,00    0,00    0,00    0,00    0,00  100,00
00:27:00      10    0,00    0,00    0,00    0,00    0,00    0,00    0,00    0,00    0,00  100,00
00:27:00      11    0,00    0,00    0,00    0,00    0,00    0,00    0,00    0,00    0,00  100,00
00:27:00      12    0,00    0,00    0,00    0,00    0,00    0,00    0,00    0,00    0,00  100,00
00:27:00      13    0,00    0,00    0,00    0,00    0,00    0,00    0,00    0,00    0,00  100,00
00:27:00      14    8,00    0,00    2,00    0,00    0,00    0,00    0,00    0,00    0,00   90,00
00:27:00      15    0,00    0,00    0,00    0,00    0,00    0,00    0,00    0,00    0,00  100,00
00:27:00      16    0,00    0,00    0,00    0,00    0,00    0,00    0,00    0,00    0,00  100,00
00:27:00      17    0,00    0,00    0,00    2,00    0,00    0,00    0,00    0,00    0,00   98,00
00:27:00      18    0,00    0,00    0,00    0,00    0,00    0,00    0,00    0,00    0,00  100,00
00:27:00      19    0,00    0,00    0,00    0,00    0,00    0,00    0,00    0,00    0,00  100,00
00:27:00      20    0,00    0,00    0,00    0,00    0,00    0,00    0,00    0,00    0,00  100,00
00:27:00      21    0,00    0,00    0,00    0,00    0,00    0,00    0,00    0,00    0,00  100,00
00:27:00      22    0,00    0,00    0,00    0,00    0,00    0,00    0,00    0,00    0,00  100,00
00:27:00      23    0,00    0,00    0,00    1,00    0,00    0,00    0,00    0,00    0,00   99,00

00:27:00     CPU    %usr   %nice    %sys %iowait    %irq   %soft  %steal  %guest  %gnice   %idle
00:27:01     all    4,25    0,00    0,00    0,00    0,00    0,00    0,00    0,00    0,00   95,75
00:27:01       0    0,00    0,00    0,00    0,00    0,00    0,00    0,00    0,00    0,00  100,00
00:27:01       1  100,00    0,00    0,00    0,00    0,00    0,00    0,00    0,00    0,00    0,00
00:27:01       2    0,00    0,00    0,00    0,00    0,00    0,00    0,00    0,00    0,00  100,00
00:27:01       3    0,00    0,00    0,00    0,00    0,00    0,00    0,00    0,00    0,00  100,00
00:27:01       4    0,00    0,00    0,00    0,00    0,00    0,00    0,00    0,00    0,00  100,00
00:27:01       5    0,00    0,00    0,00    0,00    0,00    0,00    0,00    0,00    0,00  100,00
00:27:01       6    0,99    0,00    0,00    0,00    0,00    0,00    0,00    0,00    0,00   99,01
00:27:01       7    0,00    0,00    0,00    0,00    0,00    0,00    0,00    0,00    0,00  100,00
00:27:01       8    0,99    0,00    0,00    0,00    0,00    0,00    0,00    0,00    0,00   99,01
00:27:01       9    0,00    0,00    0,00    0,00    0,00    0,00    0,00    0,00    0,00  100,00
00:27:01      10    0,00    0,00    0,00    0,00    0,00    0,00    0,00    0,00    0,00  100,00
00:27:01      11    0,00    0,00    0,00    0,00    0,00    0,00    0,00    0,00    0,00  100,00
00:27:01      12    0,00    0,00    0,00    0,00    0,00    0,00    0,00    0,00    0,00  100,00
00:27:01      13    0,00    0,00    0,00    0,00    0,00    0,00    0,00    0,00    0,00  100,00
00:27:01      14    0,00    0,00    0,00    0,00    0,00    0,00    0,00    0,00    0,00  100,00
00:27:01      15    0,00    0,00    0,00    0,00    0,00    0,00    0,00    0,00    0,00  100,00
00:27:01      16    0,00    0,00    0,00    0,00    0,00    0,00    0,00    0,00    0,00  100,00
00:27:01      17    0,00    0,00    0,00    0,00    0,00    0,00    0,00    0,00    0,00  100,00
00:27:01      18    0,00    0,00    0,00    0,00    0,00    0,00    0,00    0,00    0,00  100,00
00:27:01      19    0,00    0,00    0,00    0,00    0,00    0,00    0,00    0,00    0,00  100,00
00:27:01      20    0,00    0,00    0,00    0,00    0,00    0,00    0,00    0,00    0,00  100,00
00:27:01      21    0,00    0,00    0,00    0,00    0,00    0,00    0,00    0,00    0,00  100,00
00:27:01      22    0,00    0,00    0,00    0,00    0,00    0,00    0,00    0,00    0,00  100,00
00:27:01      23    0,00    0,00    0,00    0,00    0,00    0,00    0,00    0,00    0,00  100,00

00:27:01     CPU    %usr   %nice    %sys %iowait    %irq   %soft  %steal  %guest  %gnice   %idle
00:27:02     all    5,54    0,00    0,67    0,00    0,00    0,00    0,00    0,00    0,00   93,79
00:27:02       0    0,00    0,00    0,00    0,00    0,00    0,00    0,00    0,00    0,00  100,00
00:27:02       1  100,00    0,00    0,00    0,00    0,00    0,00    0,00    0,00    0,00    0,00
00:27:02       2    0,98    0,00    0,98    0,00    0,00    0,00    0,00    0,00    0,00   98,04
00:27:02       3    0,00    0,00    0,00    0,00    0,00    0,00    0,00    0,00    0,00  100,00
00:27:02       4    0,00    0,00    0,00    0,00    0,00    0,00    0,00    0,00    0,00  100,00
00:27:02       5    0,00    0,00    0,00    0,00    0,00    0,00    0,00    0,00    0,00  100,00
00:27:02       6    9,00    0,00    1,00    0,00    0,00    0,00    0,00    0,00    0,00   90,00
00:27:02       7    0,00    0,00    0,00    0,00    0,00    0,00    0,00    0,00    0,00  100,00
00:27:02       8    1,01    0,00    1,01    0,00    0,00    0,00    0,00    0,00    0,00   97,98
00:27:02       9    0,00    0,00    0,00    0,00    0,00    0,00    0,00    0,00    0,00  100,00
00:27:02      10    1,00    0,00    0,00    0,00    0,00    0,00    0,00    0,00    0,00   99,00
00:27:02      11    0,00    0,00    0,00    0,00    0,00    0,00    0,00    0,00    0,00  100,00
00:27:02      12    6,00    0,00    1,00    0,00    0,00    0,00    0,00    0,00    0,00   93,00
00:27:02      13    0,00    0,00    0,00    0,00    0,00    0,00    0,00    0,00    0,00  100,00
00:27:02      14    0,00    0,00    0,00    0,00    0,00    0,00    0,00    0,00    0,00  100,00
00:27:02      15    0,00    0,00    0,00    0,00    0,00    0,00    0,00    0,00    0,00  100,00
00:27:02      16    2,00    0,00    1,00    0,00    0,00    0,00    0,00    0,00    0,00   97,00
00:27:02      17    2,00    0,00    2,00    0,00    0,00    0,00    0,00    0,00    0,00   96,00
00:27:02      18    1,00    0,00    1,00    0,00    0,00    0,00    0,00    0,00    0,00   98,00
00:27:02      19    4,00    0,00    2,00    0,00    0,00    0,00    0,00    0,00    0,00   94,00
00:27:02      20    2,97    0,00    1,98    0,00    0,00    0,00    0,00    0,00    0,00   95,05
00:27:02      21    1,01    0,00    1,01    0,00    0,00    0,00    0,00    0,00    0,00   97,98
00:27:02      22    0,99    0,00    2,97    0,00    0,00    0,00    0,00    0,00    0,00   96,04
00:27:02      23    1,00    0,00    0,00    0,00    0,00    0,00    0,00    0,00    0,00   99,00
