Linux 6.8.0-110-generic (testbed-node1) 	13/05/26 	_x86_64_	(24 CPU)

22:48:53     CPU    %usr   %nice    %sys %iowait    %irq   %soft  %steal  %guest  %gnice   %idle
22:48:54     all   61,54    0,00    0,63    0,00    0,00    0,00    0,00    0,00    0,00   37,84
22:48:54       0  100,00    0,00    0,00    0,00    0,00    0,00    0,00    0,00    0,00    0,00
22:48:54       1  100,00    0,00    0,00    0,00    0,00    0,00    0,00    0,00    0,00    0,00
22:48:54       2  100,00    0,00    0,00    0,00    0,00    0,00    0,00    0,00    0,00    0,00
22:48:54       3  100,00    0,00    0,00    0,00    0,00    0,00    0,00    0,00    0,00    0,00
22:48:54       4  100,00    0,00    0,00    0,00    0,00    0,00    0,00    0,00    0,00    0,00
22:48:54       5  100,00    0,00    0,00    0,00    0,00    0,00    0,00    0,00    0,00    0,00
22:48:54       6  100,00    0,00    0,00    0,00    0,00    0,00    0,00    0,00    0,00    0,00
22:48:54       7  100,00    0,00    0,00    0,00    0,00    0,00    0,00    0,00    0,00    0,00
22:48:54       8  100,00    0,00    0,00    0,00    0,00    0,00    0,00    0,00    0,00    0,00
22:48:54       9  100,00    0,00    0,00    0,00    0,00    0,00    0,00    0,00    0,00    0,00
22:48:54      10  100,00    0,00    0,00    0,00    0,00    0,00    0,00    0,00    0,00    0,00
22:48:54      11  100,00    0,00    0,00    0,00    0,00    0,00    0,00    0,00    0,00    0,00
22:48:54      12  100,00    0,00    0,00    0,00    0,00    0,00    0,00    0,00    0,00    0,00
22:48:54      13    0,99    0,00    0,00    0,00    0,00    0,00    0,00    0,00    0,00   99,01
22:48:54      14    0,00    0,00    0,00    0,00    0,00    0,00    0,00    0,00    0,00  100,00
22:48:54      15  100,00    0,00    0,00    0,00    0,00    0,00    0,00    0,00    0,00    0,00
22:48:54      16   13,00    0,00    1,00    0,00    0,00    0,00    0,00    0,00    0,00   86,00
22:48:54      17    0,00    0,00    1,00    0,00    0,00    0,00    0,00    0,00    0,00   99,00
22:48:54      18   15,00    0,00    0,00    0,00    0,00    0,00    0,00    0,00    0,00   85,00
22:48:54      19    1,00    0,00    0,00    0,00    0,00    0,00    0,00    0,00    0,00   99,00
22:48:54      20    0,00    0,00    3,06    0,00    0,00    0,00    0,00    0,00    0,00   96,94
22:48:54      21   14,00    0,00    0,00    0,00    0,00    0,00    0,00    0,00    0,00   86,00
22:48:54      22   18,18    0,00    9,09    0,00    0,00    0,00    0,00    0,00    0,00   72,73
22:48:54      23   13,00    0,00    1,00    0,00    0,00    0,00    0,00    0,00    0,00   86,00

22:48:54     CPU    %usr   %nice    %sys %iowait    %irq   %soft  %steal  %guest  %gnice   %idle
22:48:55     all   58,43    0,00    0,29    0,17    0,00    0,00    0,00    0,00    0,00   41,11
22:48:55       0  100,00    0,00    0,00    0,00    0,00    0,00    0,00    0,00    0,00    0,00
22:48:55       1  100,00    0,00    0,00    0,00    0,00    0,00    0,00    0,00    0,00    0,00
22:48:55       2  100,00    0,00    0,00    0,00    0,00    0,00    0,00    0,00    0,00    0,00
22:48:55       3  100,00    0,00    0,00    0,00    0,00    0,00    0,00    0,00    0,00    0,00
22:48:55       4  100,00    0,00    0,00    0,00    0,00    0,00    0,00    0,00    0,00    0,00
22:48:55       5  100,00    0,00    0,00    0,00    0,00    0,00    0,00    0,00    0,00    0,00
22:48:55       6  100,00    0,00    0,00    0,00    0,00    0,00    0,00    0,00    0,00    0,00
22:48:55       7  100,00    0,00    0,00    0,00    0,00    0,00    0,00    0,00    0,00    0,00
22:48:55       8  100,00    0,00    0,00    0,00    0,00    0,00    0,00    0,00    0,00    0,00
22:48:55       9  100,00    0,00    0,00    0,00    0,00    0,00    0,00    0,00    0,00    0,00
22:48:55      10  100,00    0,00    0,00    0,00    0,00    0,00    0,00    0,00    0,00    0,00
22:48:55      11  100,00    0,00    0,00    0,00    0,00    0,00    0,00    0,00    0,00    0,00
22:48:55      12  100,00    0,00    0,00    0,00    0,00    0,00    0,00    0,00    0,00    0,00
22:48:55      13    0,00    0,00    0,00    0,00    0,00    0,00    0,00    0,00    0,00  100,00
22:48:55      14    0,00    0,00    0,00    0,00    0,00    0,00    0,00    0,00    0,00  100,00
22:48:55      15  100,00    0,00    0,00    0,00    0,00    0,00    0,00    0,00    0,00    0,00
22:48:55      16    0,00    0,00    0,00    0,00    0,00    0,00    0,00    0,00    0,00  100,00
22:48:55      17    0,00    0,00    1,00    0,00    0,00    0,00    0,00    0,00    0,00   99,00
22:48:55      18    0,00    0,00    0,00    0,00    0,00    0,00    0,00    0,00    0,00  100,00
22:48:55      19    0,00    0,00    0,00    0,00    0,00    0,00    0,00    0,00    0,00  100,00
22:48:55      20    1,98    0,00    2,97    0,99    0,00    0,00    0,00    0,00    0,00   94,06
22:48:55      21    0,99    0,00    1,98    0,00    0,00    0,00    0,00    0,00    0,00   97,03
22:48:55      22    0,00    0,00    1,00    1,00    0,00    0,00    0,00    0,00    0,00   98,00
22:48:55      23    0,00    0,00    0,00    2,00    0,00    0,00    0,00    0,00    0,00   98,00

22:48:55     CPU    %usr   %nice    %sys %iowait    %irq   %soft  %steal  %guest  %gnice   %idle
22:48:56     all   58,90    0,00    0,17    0,00    0,00    0,00    0,00    0,00    0,00   40,93
22:48:56       0  100,00    0,00    0,00    0,00    0,00    0,00    0,00    0,00    0,00    0,00
22:48:56       1  100,00    0,00    0,00    0,00    0,00    0,00    0,00    0,00    0,00    0,00
22:48:56       2  100,00    0,00    0,00    0,00    0,00    0,00    0,00    0,00    0,00    0,00
22:48:56       3  100,00    0,00    0,00    0,00    0,00    0,00    0,00    0,00    0,00    0,00
22:48:56       4  100,00    0,00    0,00    0,00    0,00    0,00    0,00    0,00    0,00    0,00
22:48:56       5  100,00    0,00    0,00    0,00    0,00    0,00    0,00    0,00    0,00    0,00
22:48:56       6  100,00    0,00    0,00    0,00    0,00    0,00    0,00    0,00    0,00    0,00
22:48:56       7  100,00    0,00    0,00    0,00    0,00    0,00    0,00    0,00    0,00    0,00
22:48:56       8  100,00    0,00    0,00    0,00    0,00    0,00    0,00    0,00    0,00    0,00
22:48:56       9  100,00    0,00    0,00    0,00    0,00    0,00    0,00    0,00    0,00    0,00
22:48:56      10  100,00    0,00    0,00    0,00    0,00    0,00    0,00    0,00    0,00    0,00
22:48:56      11  100,00    0,00    0,00    0,00    0,00    0,00    0,00    0,00    0,00    0,00
22:48:56      12  100,00    0,00    0,00    0,00    0,00    0,00    0,00    0,00    0,00    0,00
22:48:56      13    0,00    0,00    0,00    0,00    0,00    0,00    0,00    0,00    0,00  100,00
22:48:56      14    0,00    0,00    0,00    0,00    0,00    0,00    0,00    0,00    0,00  100,00
22:48:56      15  100,00    0,00    0,00    0,00    0,00    0,00    0,00    0,00    0,00    0,00
22:48:56      16    0,00    0,00    1,00    0,00    0,00    0,00    0,00    0,00    0,00   99,00
22:48:56      17    0,00    0,00    1,00    0,00    0,00    0,00    0,00    0,00    0,00   99,00
22:48:56      18    0,00    0,00    0,00    0,00    0,00    0,00    0,00    0,00    0,00  100,00
22:48:56      19    0,00    0,00    0,00    0,00    0,00    0,00    0,00    0,00    0,00  100,00
22:48:56      20    0,00    0,00    0,00    0,00    0,00    0,00    0,00    0,00    0,00  100,00
22:48:56      21    1,00    0,00    1,00    0,00    0,00    0,00    0,00    0,00    0,00   98,00
22:48:56      22    1,00    0,00    0,00    0,00    0,00    0,00    0,00    0,00    0,00   99,00
22:48:56      23   11,00    0,00    1,00    0,00    0,00    0,00    0,00    0,00    0,00   88,00

22:48:56     CPU    %usr   %nice    %sys %iowait    %irq   %soft  %steal  %guest  %gnice   %idle
22:48:57     all   58,42    0,00    0,08    0,00    0,00    0,00    0,00    0,00    0,00   41,49
22:48:57       0  100,00    0,00    0,00    0,00    0,00    0,00    0,00    0,00    0,00    0,00
22:48:57       1  100,00    0,00    0,00    0,00    0,00    0,00    0,00    0,00    0,00    0,00
22:48:57       2  100,00    0,00    0,00    0,00    0,00    0,00    0,00    0,00    0,00    0,00
22:48:57       3  100,00    0,00    0,00    0,00    0,00    0,00    0,00    0,00    0,00    0,00
22:48:57       4  100,00    0,00    0,00    0,00    0,00    0,00    0,00    0,00    0,00    0,00
22:48:57       5  100,00    0,00    0,00    0,00    0,00    0,00    0,00    0,00    0,00    0,00
22:48:57       6  100,00    0,00    0,00    0,00    0,00    0,00    0,00    0,00    0,00    0,00
22:48:57       7  100,00    0,00    0,00    0,00    0,00    0,00    0,00    0,00    0,00    0,00
22:48:57       8  100,00    0,00    0,00    0,00    0,00    0,00    0,00    0,00    0,00    0,00
22:48:57       9  100,00    0,00    0,00    0,00    0,00    0,00    0,00    0,00    0,00    0,00
22:48:57      10  100,00    0,00    0,00    0,00    0,00    0,00    0,00    0,00    0,00    0,00
22:48:57      11  100,00    0,00    0,00    0,00    0,00    0,00    0,00    0,00    0,00    0,00
22:48:57      12  100,00    0,00    0,00    0,00    0,00    0,00    0,00    0,00    0,00    0,00
22:48:57      13    0,00    0,00    0,00    0,00    0,00    0,00    0,00    0,00    0,00  100,00
22:48:57      14    0,00    0,00    0,00    0,00    0,00    0,00    0,00    0,00    0,00  100,00
22:48:57      15  100,00    0,00    0,00    0,00    0,00    0,00    0,00    0,00    0,00    0,00
22:48:57      16    0,00    0,00    0,00    0,00    0,00    0,00    0,00    0,00    0,00  100,00
22:48:57      17    1,00    0,00    0,00    0,00    0,00    0,00    0,00    0,00    0,00   99,00
22:48:57      18    0,00    0,00    0,00    0,00    0,00    0,00    0,00    0,00    0,00  100,00
22:48:57      19    0,00    0,00    0,99    0,00    0,00    0,00    0,00    0,00    0,00   99,01
22:48:57      20    0,00    0,00    0,00    0,00    0,00    0,00    0,00    0,00    0,00  100,00
22:48:57      21    0,00    0,00    0,00    0,00    0,00    0,00    0,00    0,00    0,00  100,00
22:48:57      22    0,00    0,00    0,00    0,00    0,00    0,00    0,00    0,00    0,00  100,00
22:48:57      23    0,00    0,00    0,99    0,00    0,00    0,00    0,00    0,00    0,00   99,01

22:48:57     CPU    %usr   %nice    %sys %iowait    %irq   %soft  %steal  %guest  %gnice   %idle
22:48:58     all   58,44    0,00    0,08    0,04    0,00    0,00    0,00    0,00    0,00   41,43
22:48:58       0  100,00    0,00    0,00    0,00    0,00    0,00    0,00    0,00    0,00    0,00
22:48:58       1  100,00    0,00    0,00    0,00    0,00    0,00    0,00    0,00    0,00    0,00
22:48:58       2  100,00    0,00    0,00    0,00    0,00    0,00    0,00    0,00    0,00    0,00
22:48:58       3  100,00    0,00    0,00    0,00    0,00    0,00    0,00    0,00    0,00    0,00
22:48:58       4  100,00    0,00    0,00    0,00    0,00    0,00    0,00    0,00    0,00    0,00
22:48:58       5  100,00    0,00    0,00    0,00    0,00    0,00    0,00    0,00    0,00    0,00
22:48:58       6  100,00    0,00    0,00    0,00    0,00    0,00    0,00    0,00    0,00    0,00
22:48:58       7  100,00    0,00    0,00    0,00    0,00    0,00    0,00    0,00    0,00    0,00
22:48:58       8  100,00    0,00    0,00    0,00    0,00    0,00    0,00    0,00    0,00    0,00
22:48:58       9  100,00    0,00    0,00    0,00    0,00    0,00    0,00    0,00    0,00    0,00
22:48:58      10  100,00    0,00    0,00    0,00    0,00    0,00    0,00    0,00    0,00    0,00
22:48:58      11  100,00    0,00    0,00    0,00    0,00    0,00    0,00    0,00    0,00    0,00
22:48:58      12  100,00    0,00    0,00    0,00    0,00    0,00    0,00    0,00    0,00    0,00
22:48:58      13    0,00    0,00    0,00    0,00    0,00    0,00    0,00    0,00    0,00  100,00
22:48:58      14    0,00    0,00    0,00    0,00    0,00    0,00    0,00    0,00    0,00  100,00
22:48:58      15  100,00    0,00    0,00    0,00    0,00    0,00    0,00    0,00    0,00    0,00
22:48:58      16    0,00    0,00    0,00    0,00    0,00    0,00    0,00    0,00    0,00  100,00
22:48:58      17    0,00    0,00    0,00    1,00    0,00    0,00    0,00    0,00    0,00   99,00
22:48:58      18    0,00    0,00    0,00    0,00    0,00    0,00    0,00    0,00    0,00  100,00
22:48:58      19    1,00    0,00    0,00    0,00    0,00    0,00    0,00    0,00    0,00   99,00
22:48:58      20    0,99    0,00    0,99    0,00    0,00    0,00    0,00    0,00    0,00   98,02
22:48:58      21    0,00    0,00    0,00    0,00    0,00    0,00    0,00    0,00    0,00  100,00
22:48:58      22    0,00    0,00    1,01    0,00    0,00    0,00    0,00    0,00    0,00   98,99
22:48:58      23    0,00    0,00    0,00    0,00    0,00    0,00    0,00    0,00    0,00  100,00

22:48:58     CPU    %usr   %nice    %sys %iowait    %irq   %soft  %steal  %guest  %gnice   %idle
22:48:59     all   61,35    0,00    0,71    0,00    0,00    0,00    0,00    0,00    0,00   37,94
22:48:59       0  100,00    0,00    0,00    0,00    0,00    0,00    0,00    0,00    0,00    0,00
22:48:59       1  100,00    0,00    0,00    0,00    0,00    0,00    0,00    0,00    0,00    0,00
22:48:59       2  100,00    0,00    0,00    0,00    0,00    0,00    0,00    0,00    0,00    0,00
22:48:59       3  100,00    0,00    0,00    0,00    0,00    0,00    0,00    0,00    0,00    0,00
22:48:59       4  100,00    0,00    0,00    0,00    0,00    0,00    0,00    0,00    0,00    0,00
22:48:59       5  100,00    0,00    0,00    0,00    0,00    0,00    0,00    0,00    0,00    0,00
22:48:59       6  100,00    0,00    0,00    0,00    0,00    0,00    0,00    0,00    0,00    0,00
22:48:59       7  100,00    0,00    0,00    0,00    0,00    0,00    0,00    0,00    0,00    0,00
22:48:59       8  100,00    0,00    0,00    0,00    0,00    0,00    0,00    0,00    0,00    0,00
22:48:59       9  100,00    0,00    0,00    0,00    0,00    0,00    0,00    0,00    0,00    0,00
22:48:59      10  100,00    0,00    0,00    0,00    0,00    0,00    0,00    0,00    0,00    0,00
22:48:59      11  100,00    0,00    0,00    0,00    0,00    0,00    0,00    0,00    0,00    0,00
22:48:59      12  100,00    0,00    0,00    0,00    0,00    0,00    0,00    0,00    0,00    0,00
22:48:59      13    0,00    0,00    0,00    0,00    0,00    0,00    0,00    0,00    0,00  100,00
22:48:59      14    0,00    0,00    0,00    0,00    0,00    0,00    0,00    0,00    0,00  100,00
22:48:59      15  100,00    0,00    0,00    0,00    0,00    0,00    0,00    0,00    0,00    0,00
22:48:59      16   13,00    0,00    0,00    0,00    0,00    0,00    0,00    0,00    0,00   87,00
22:48:59      17    0,00    0,00    2,00    0,00    0,00    0,00    0,00    0,00    0,00   98,00
22:48:59      18   12,87    0,00    0,99    0,00    0,00    0,00    0,00    0,00    0,00   86,14
22:48:59      19    0,00    0,00    1,01    0,00    0,00    0,00    0,00    0,00    0,00   98,99
22:48:59      20    0,00    0,00    2,02    0,00    0,00    0,00    0,00    0,00    0,00   97,98
22:48:59      21   13,00    0,00    1,00    0,00    0,00    0,00    0,00    0,00    0,00   86,00
22:48:59      22   19,19    0,00   10,10    0,00    0,00    0,00    0,00    0,00    0,00   70,71
22:48:59      23   12,12    0,00    0,00    0,00    0,00    0,00    0,00    0,00    0,00   87,88

22:48:59     CPU    %usr   %nice    %sys %iowait    %irq   %soft  %steal  %guest  %gnice   %idle
22:49:00     all   58,54    0,00    0,25    0,17    0,00    0,00    0,00    0,00    0,00   41,04
22:49:00       0  100,00    0,00    0,00    0,00    0,00    0,00    0,00    0,00    0,00    0,00
22:49:00       1  100,00    0,00    0,00    0,00    0,00    0,00    0,00    0,00    0,00    0,00
22:49:00       2  100,00    0,00    0,00    0,00    0,00    0,00    0,00    0,00    0,00    0,00
22:49:00       3  100,00    0,00    0,00    0,00    0,00    0,00    0,00    0,00    0,00    0,00
22:49:00       4  100,00    0,00    0,00    0,00    0,00    0,00    0,00    0,00    0,00    0,00
22:49:00       5  100,00    0,00    0,00    0,00    0,00    0,00    0,00    0,00    0,00    0,00
22:49:00       6  100,00    0,00    0,00    0,00    0,00    0,00    0,00    0,00    0,00    0,00
22:49:00       7  100,00    0,00    0,00    0,00    0,00    0,00    0,00    0,00    0,00    0,00
22:49:00       8  100,00    0,00    0,00    0,00    0,00    0,00    0,00    0,00    0,00    0,00
22:49:00       9  100,00    0,00    0,00    0,00    0,00    0,00    0,00    0,00    0,00    0,00
22:49:00      10  100,00    0,00    0,00    0,00    0,00    0,00    0,00    0,00    0,00    0,00
22:49:00      11  100,00    0,00    0,00    0,00    0,00    0,00    0,00    0,00    0,00    0,00
22:49:00      12  100,00    0,00    0,00    0,00    0,00    0,00    0,00    0,00    0,00    0,00
22:49:00      13    0,99    0,00    0,00    0,00    0,00    0,00    0,00    0,00    0,00   99,01
22:49:00      14    0,00    0,00    0,00    0,00    0,00    0,00    0,00    0,00    0,00  100,00
22:49:00      15  100,00    0,00    0,00    0,00    0,00    0,00    0,00    0,00    0,00    0,00
22:49:00      16    0,00    0,00    0,00    1,01    0,00    0,00    0,00    0,00    0,00   98,99
22:49:00      17    1,00    0,00    0,00    0,00    0,00    0,00    0,00    0,00    0,00   99,00
22:49:00      18    0,00    0,00    1,00    0,00    0,00    0,00    0,00    0,00    0,00   99,00
22:49:00      19    1,00    0,00    0,00    0,00    0,00    0,00    0,00    0,00    0,00   99,00
22:49:00      20    1,00    0,00    0,00    1,00    0,00    0,00    0,00    0,00    0,00   98,00
22:49:00      21    0,99    0,00    3,96    0,99    0,00    0,00    0,00    0,00    0,00   94,06
22:49:00      22    0,00    0,00    1,00    0,00    0,00    0,00    0,00    0,00    0,00   99,00
22:49:00      23    0,00    0,00    0,00    1,00    0,00    0,00    0,00    0,00    0,00   99,00

22:49:00     CPU    %usr   %nice    %sys %iowait    %irq   %soft  %steal  %guest  %gnice   %idle
22:49:01     all   58,43    0,00    0,00    0,00    0,00    0,00    0,00    0,00    0,00   41,57
22:49:01       0  100,00    0,00    0,00    0,00    0,00    0,00    0,00    0,00    0,00    0,00
22:49:01       1  100,00    0,00    0,00    0,00    0,00    0,00    0,00    0,00    0,00    0,00
22:49:01       2  100,00    0,00    0,00    0,00    0,00    0,00    0,00    0,00    0,00    0,00
22:49:01       3  100,00    0,00    0,00    0,00    0,00    0,00    0,00    0,00    0,00    0,00
22:49:01       4  100,00    0,00    0,00    0,00    0,00    0,00    0,00    0,00    0,00    0,00
22:49:01       5  100,00    0,00    0,00    0,00    0,00    0,00    0,00    0,00    0,00    0,00
22:49:01       6  100,00    0,00    0,00    0,00    0,00    0,00    0,00    0,00    0,00    0,00
22:49:01       7  100,00    0,00    0,00    0,00    0,00    0,00    0,00    0,00    0,00    0,00
22:49:01       8  100,00    0,00    0,00    0,00    0,00    0,00    0,00    0,00    0,00    0,00
22:49:01       9  100,00    0,00    0,00    0,00    0,00    0,00    0,00    0,00    0,00    0,00
22:49:01      10  100,00    0,00    0,00    0,00    0,00    0,00    0,00    0,00    0,00    0,00
22:49:01      11  100,00    0,00    0,00    0,00    0,00    0,00    0,00    0,00    0,00    0,00
22:49:01      12  100,00    0,00    0,00    0,00    0,00    0,00    0,00    0,00    0,00    0,00
22:49:01      13    0,00    0,00    0,00    0,00    0,00    0,00    0,00    0,00    0,00  100,00
22:49:01      14    0,00    0,00    0,00    0,00    0,00    0,00    0,00    0,00    0,00  100,00
22:49:01      15  100,00    0,00    0,00    0,00    0,00    0,00    0,00    0,00    0,00    0,00
22:49:01      16    0,00    0,00    0,00    0,00    0,00    0,00    0,00    0,00    0,00  100,00
22:49:01      17    0,00    0,00    0,00    0,00    0,00    0,00    0,00    0,00    0,00  100,00
22:49:01      18    0,00    0,00    0,00    0,00    0,00    0,00    0,00    0,00    0,00  100,00
22:49:01      19    0,00    0,00    0,00    0,00    0,00    0,00    0,00    0,00    0,00  100,00
22:49:01      20    0,00    0,00    0,00    0,00    0,00    0,00    0,00    0,00    0,00  100,00
22:49:01      21    0,00    0,00    0,00    0,00    0,00    0,00    0,00    0,00    0,00  100,00
22:49:01      22    0,00    0,00    0,00    0,00    0,00    0,00    0,00    0,00    0,00  100,00
22:49:01      23    0,99    0,00    0,00    0,00    0,00    0,00    0,00    0,00    0,00   99,01

22:49:01     CPU    %usr   %nice    %sys %iowait    %irq   %soft  %steal  %guest  %gnice   %idle
22:49:02     all   58,42    0,00    0,08    0,00    0,00    0,00    0,00    0,00    0,00   41,49
22:49:02       0  100,00    0,00    0,00    0,00    0,00    0,00    0,00    0,00    0,00    0,00
22:49:02       1  100,00    0,00    0,00    0,00    0,00    0,00    0,00    0,00    0,00    0,00
22:49:02       2  100,00    0,00    0,00    0,00    0,00    0,00    0,00    0,00    0,00    0,00
22:49:02       3  100,00    0,00    0,00    0,00    0,00    0,00    0,00    0,00    0,00    0,00
22:49:02       4  100,00    0,00    0,00    0,00    0,00    0,00    0,00    0,00    0,00    0,00
22:49:02       5  100,00    0,00    0,00    0,00    0,00    0,00    0,00    0,00    0,00    0,00
22:49:02       6  100,00    0,00    0,00    0,00    0,00    0,00    0,00    0,00    0,00    0,00
22:49:02       7  100,00    0,00    0,00    0,00    0,00    0,00    0,00    0,00    0,00    0,00
22:49:02       8  100,00    0,00    0,00    0,00    0,00    0,00    0,00    0,00    0,00    0,00
22:49:02       9  100,00    0,00    0,00    0,00    0,00    0,00    0,00    0,00    0,00    0,00
22:49:02      10  100,00    0,00    0,00    0,00    0,00    0,00    0,00    0,00    0,00    0,00
22:49:02      11  100,00    0,00    0,00    0,00    0,00    0,00    0,00    0,00    0,00    0,00
22:49:02      12  100,00    0,00    0,00    0,00    0,00    0,00    0,00    0,00    0,00    0,00
22:49:02      13    0,00    0,00    0,00    0,00    0,00    0,00    0,00    0,00    0,00  100,00
22:49:02      14    0,00    0,00    0,00    0,00    0,00    0,00    0,00    0,00    0,00  100,00
22:49:02      15  100,00    0,00    0,00    0,00    0,00    0,00    0,00    0,00    0,00    0,00
22:49:02      16    0,00    0,00    0,00    0,00    0,00    0,00    0,00    0,00    0,00  100,00
22:49:02      17    1,00    0,00    1,00    0,00    0,00    0,00    0,00    0,00    0,00   98,00
22:49:02      18    0,00    0,00    0,00    0,00    0,00    0,00    0,00    0,00    0,00  100,00
22:49:02      19    0,00    0,00    1,00    0,00    0,00    0,00    0,00    0,00    0,00   99,00
22:49:02      20    0,00    0,00    0,00    0,00    0,00    0,00    0,00    0,00    0,00  100,00
22:49:02      21    0,00    0,00    0,00    0,00    0,00    0,00    0,00    0,00    0,00  100,00
22:49:02      22    0,00    0,00    0,00    0,00    0,00    0,00    0,00    0,00    0,00  100,00
22:49:02      23    0,00    0,00    0,00    0,00    0,00    0,00    0,00    0,00    0,00  100,00

22:49:02     CPU    %usr   %nice    %sys %iowait    %irq   %soft  %steal  %guest  %gnice   %idle
22:49:03     all   60,00    0,00    0,88    0,00    0,00    0,00    0,00    0,00    0,00   39,12
22:49:03       0  100,00    0,00    0,00    0,00    0,00    0,00    0,00    0,00    0,00    0,00
22:49:03       1  100,00    0,00    0,00    0,00    0,00    0,00    0,00    0,00    0,00    0,00
22:49:03       2  100,00    0,00    0,00    0,00    0,00    0,00    0,00    0,00    0,00    0,00
22:49:03       3  100,00    0,00    0,00    0,00    0,00    0,00    0,00    0,00    0,00    0,00
22:49:03       4  100,00    0,00    0,00    0,00    0,00    0,00    0,00    0,00    0,00    0,00
22:49:03       5  100,00    0,00    0,00    0,00    0,00    0,00    0,00    0,00    0,00    0,00
22:49:03       6  100,00    0,00    0,00    0,00    0,00    0,00    0,00    0,00    0,00    0,00
22:49:03       7  100,00    0,00    0,00    0,00    0,00    0,00    0,00    0,00    0,00    0,00
22:49:03       8  100,00    0,00    0,00    0,00    0,00    0,00    0,00    0,00    0,00    0,00
22:49:03       9  100,00    0,00    0,00    0,00    0,00    0,00    0,00    0,00    0,00    0,00
22:49:03      10  100,00    0,00    0,00    0,00    0,00    0,00    0,00    0,00    0,00    0,00
22:49:03      11  100,00    0,00    0,00    0,00    0,00    0,00    0,00    0,00    0,00    0,00
22:49:03      12  100,00    0,00    0,00    0,00    0,00    0,00    0,00    0,00    0,00    0,00
22:49:03      13    0,00    0,00    0,00    0,00    0,00    0,00    0,00    0,00    0,00  100,00
22:49:03      14    0,00    0,00    0,00    0,00    0,00    0,00    0,00    0,00    0,00  100,00
22:49:03      15  100,00    0,00    0,00    0,00    0,00    0,00    0,00    0,00    0,00    0,00
22:49:03      16   33,00    0,00   20,00    0,00    0,00    0,00    0,00    0,00    0,00   47,00
22:49:03      17    0,00    0,00    0,00    0,00    0,00    0,00    0,00    0,00    0,00  100,00
22:49:03      18    5,94    0,00    0,00    0,00    0,00    0,00    0,00    0,00    0,00   94,06
22:49:03      19    0,00    0,00    0,00    0,00    0,00    0,00    0,00    0,00    0,00  100,00
22:49:03      20    0,00    0,00    0,00    0,00    0,00    0,00    0,00    0,00    0,00  100,00
22:49:03      21    0,00    0,00    1,00    0,00    0,00    0,00    0,00    0,00    0,00   99,00
22:49:03      22    0,99    0,00    0,00    0,00    0,00    0,00    0,00    0,00    0,00   99,01
22:49:03      23    0,00    0,00    0,00    0,00    0,00    0,00    0,00    0,00    0,00  100,00

22:49:03     CPU    %usr   %nice    %sys %iowait    %irq   %soft  %steal  %guest  %gnice   %idle
22:49:04     all   60,40    0,00    0,79    0,00    0,00    0,00    0,00    0,00    0,00   38,81
22:49:04       0  100,00    0,00    0,00    0,00    0,00    0,00    0,00    0,00    0,00    0,00
22:49:04       1  100,00    0,00    0,00    0,00    0,00    0,00    0,00    0,00    0,00    0,00
22:49:04       2  100,00    0,00    0,00    0,00    0,00    0,00    0,00    0,00    0,00    0,00
22:49:04       3  100,00    0,00    0,00    0,00    0,00    0,00    0,00    0,00    0,00    0,00
22:49:04       4  100,00    0,00    0,00    0,00    0,00    0,00    0,00    0,00    0,00    0,00
22:49:04       5  100,00    0,00    0,00    0,00    0,00    0,00    0,00    0,00    0,00    0,00
22:49:04       6  100,00    0,00    0,00    0,00    0,00    0,00    0,00    0,00    0,00    0,00
22:49:04       7  100,00    0,00    0,00    0,00    0,00    0,00    0,00    0,00    0,00    0,00
22:49:04       8  100,00    0,00    0,00    0,00    0,00    0,00    0,00    0,00    0,00    0,00
22:49:04       9  100,00    0,00    0,00    0,00    0,00    0,00    0,00    0,00    0,00    0,00
22:49:04      10  100,00    0,00    0,00    0,00    0,00    0,00    0,00    0,00    0,00    0,00
22:49:04      11  100,00    0,00    0,00    0,00    0,00    0,00    0,00    0,00    0,00    0,00
22:49:04      12  100,00    0,00    0,00    0,00    0,00    0,00    0,00    0,00    0,00    0,00
22:49:04      13    0,00    0,00    0,00    0,00    0,00    0,00    0,00    0,00    0,00  100,00
22:49:04      14    0,00    0,00    0,00    0,00    0,00    0,00    0,00    0,00    0,00  100,00
22:49:04      15  100,00    0,00    0,00    0,00    0,00    0,00    0,00    0,00    0,00    0,00
22:49:04      16   15,31    0,00    9,18    0,00    0,00    0,00    0,00    0,00    0,00   75,51
22:49:04      17    9,09    0,00    1,01    0,00    0,00    0,00    0,00    0,00    0,00   89,90
22:49:04      18    7,07    0,00    0,00    0,00    0,00    0,00    0,00    0,00    0,00   92,93
22:49:04      19    0,00    0,00    0,99    0,00    0,00    0,00    0,00    0,00    0,00   99,01
22:49:04      20    1,01    0,00    5,05    0,00    0,00    0,00    0,00    0,00    0,00   93,94
22:49:04      21    2,00    0,00    1,00    0,00    0,00    0,00    0,00    0,00    0,00   97,00
22:49:04      22    5,05    0,00    1,01    0,00    0,00    0,00    0,00    0,00    0,00   93,94
22:49:04      23    7,00    0,00    1,00    0,00    0,00    0,00    0,00    0,00    0,00   92,00

22:49:04     CPU    %usr   %nice    %sys %iowait    %irq   %soft  %steal  %guest  %gnice   %idle
22:49:05     all   58,45    0,00    0,29    0,08    0,00    0,00    0,00    0,00    0,00   41,17
22:49:05       0   99,01    0,00    0,99    0,00    0,00    0,00    0,00    0,00    0,00    0,00
22:49:05       1  100,00    0,00    0,00    0,00    0,00    0,00    0,00    0,00    0,00    0,00
22:49:05       2  100,00    0,00    0,00    0,00    0,00    0,00    0,00    0,00    0,00    0,00
22:49:05       3  100,00    0,00    0,00    0,00    0,00    0,00    0,00    0,00    0,00    0,00
22:49:05       4  100,00    0,00    0,00    0,00    0,00    0,00    0,00    0,00    0,00    0,00
22:49:05       5  100,00    0,00    0,00    0,00    0,00    0,00    0,00    0,00    0,00    0,00
22:49:05       6  100,00    0,00    0,00    0,00    0,00    0,00    0,00    0,00    0,00    0,00
22:49:05       7  100,00    0,00    0,00    0,00    0,00    0,00    0,00    0,00    0,00    0,00
22:49:05       8  100,00    0,00    0,00    0,00    0,00    0,00    0,00    0,00    0,00    0,00
22:49:05       9  100,00    0,00    0,00    0,00    0,00    0,00    0,00    0,00    0,00    0,00
22:49:05      10  100,00    0,00    0,00    0,00    0,00    0,00    0,00    0,00    0,00    0,00
22:49:05      11  100,00    0,00    0,00    0,00    0,00    0,00    0,00    0,00    0,00    0,00
22:49:05      12  100,00    0,00    0,00    0,00    0,00    0,00    0,00    0,00    0,00    0,00
22:49:05      13    0,00    0,00    0,00    0,00    0,00    0,00    0,00    0,00    0,00  100,00
22:49:05      14    0,00    0,00    0,00    0,00    0,00    0,00    0,00    0,00    0,00  100,00
22:49:05      15  100,00    0,00    0,00    0,00    0,00    0,00    0,00    0,00    0,00    0,00
22:49:05      16    0,99    0,00    0,00    0,00    0,00    0,00    0,00    0,00    0,00   99,01
22:49:05      17    0,00    0,00    1,00    0,00    0,00    0,00    0,00    0,00    0,00   99,00
22:49:05      18    0,00    0,00    0,00    0,00    0,00    0,00    0,00    0,00    0,00  100,00
22:49:05      19    0,00    0,00    0,00    0,00    0,00    0,00    0,00    0,00    0,00  100,00
22:49:05      20    1,00    0,00    4,00    0,00    0,00    0,00    0,00    0,00    0,00   95,00
22:49:05      21    0,99    0,00    0,99    0,99    0,00    0,00    0,00    0,00    0,00   97,03
22:49:05      22    0,00    0,00    0,00    0,00    0,00    0,00    0,00    0,00    0,00  100,00
22:49:05      23    1,00    0,00    0,00    1,00    0,00    0,00    0,00    0,00    0,00   98,00

22:49:05     CPU    %usr   %nice    %sys %iowait    %irq   %soft  %steal  %guest  %gnice   %idle
22:49:06     all   59,49    0,00    0,33    0,00    0,00    0,00    0,00    0,00    0,00   40,18
22:49:06       0  100,00    0,00    0,00    0,00    0,00    0,00    0,00    0,00    0,00    0,00
22:49:06       1  100,00    0,00    0,00    0,00    0,00    0,00    0,00    0,00    0,00    0,00
22:49:06       2  100,00    0,00    0,00    0,00    0,00    0,00    0,00    0,00    0,00    0,00
22:49:06       3  100,00    0,00    0,00    0,00    0,00    0,00    0,00    0,00    0,00    0,00
22:49:06       4  100,00    0,00    0,00    0,00    0,00    0,00    0,00    0,00    0,00    0,00
22:49:06       5  100,00    0,00    0,00    0,00    0,00    0,00    0,00    0,00    0,00    0,00
22:49:06       6  100,00    0,00    0,00    0,00    0,00    0,00    0,00    0,00    0,00    0,00
22:49:06       7  100,00    0,00    0,00    0,00    0,00    0,00    0,00    0,00    0,00    0,00
22:49:06       8  100,00    0,00    0,00    0,00    0,00    0,00    0,00    0,00    0,00    0,00
22:49:06       9  100,00    0,00    0,00    0,00    0,00    0,00    0,00    0,00    0,00    0,00
22:49:06      10  100,00    0,00    0,00    0,00    0,00    0,00    0,00    0,00    0,00    0,00
22:49:06      11  100,00    0,00    0,00    0,00    0,00    0,00    0,00    0,00    0,00    0,00
22:49:06      12  100,00    0,00    0,00    0,00    0,00    0,00    0,00    0,00    0,00    0,00
22:49:06      13    0,00    0,00    0,00    0,00    0,00    0,00    0,00    0,00    0,00  100,00
22:49:06      14    0,00    0,00    0,00    0,00    0,00    0,00    0,00    0,00    0,00  100,00
22:49:06      15  100,00    0,00    0,00    0,00    0,00    0,00    0,00    0,00    0,00    0,00
22:49:06      16    0,00    0,00    1,00    0,00    0,00    0,00    0,00    0,00    0,00   99,00
22:49:06      17    0,00    0,00    1,01    0,00    0,00    0,00    0,00    0,00    0,00   98,99
22:49:06      18    0,00    0,00    1,00    0,00    0,00    0,00    0,00    0,00    0,00   99,00
22:49:06      19    0,99    0,00    0,00    0,00    0,00    0,00    0,00    0,00    0,00   99,01
22:49:06      20    2,02    0,00    0,00    0,00    0,00    0,00    0,00    0,00    0,00   97,98
22:49:06      21   21,21    0,00    2,02    0,00    0,00    0,00    0,00    0,00    0,00   76,77
22:49:06      22    1,00    0,00    2,00    0,00    0,00    0,00    0,00    0,00    0,00   97,00
22:49:06      23    1,00    0,00    1,00    0,00    0,00    0,00    0,00    0,00    0,00   98,00
