Linux 6.8.0-111-generic (testbed-node6) 	06/05/26 	_x86_64_	(24 CPU)

02:36:47     CPU    %usr   %nice    %sys %iowait    %irq   %soft  %steal  %guest  %gnice   %idle
02:36:48     all    2,89    0,00    0,31    0,00    0,00    9,60    0,00    0,00    0,00   87,20
02:36:48       0    1,33    0,00    1,33    0,00    0,00   21,33    0,00    0,00    0,00   76,00
02:36:48       1    3,75    0,00    0,00    0,00    0,00    7,50    0,00    0,00    0,00   88,75
02:36:48       2    1,14    0,00    0,00    0,00    0,00    9,09    0,00    0,00    0,00   89,77
02:36:48       3    0,00    0,00    0,00    0,00    0,00    1,23    0,00    0,00    0,00   98,77
02:36:48       4    2,38    0,00    1,19    0,00    0,00    4,76    0,00    0,00    0,00   91,67
02:36:48       5    0,00    0,00    0,00    0,00    0,00    2,50    0,00    0,00    0,00   97,50
02:36:48       6    0,00    0,00    0,00    0,00    0,00   10,34    0,00    0,00    0,00   89,66
02:36:48       7    0,00    0,00    0,00    0,00    0,00    1,25    0,00    0,00    0,00   98,75
02:36:48       8   10,71    0,00    1,19    0,00    0,00   25,00    0,00    0,00    0,00   63,10
02:36:48       9   12,16    0,00    0,00    0,00    0,00   17,57    0,00    0,00    0,00   70,27
02:36:48      10   32,94    0,00    0,00    0,00    0,00   25,88    0,00    0,00    0,00   41,18
02:36:48      11    0,00    0,00    0,00    0,00    0,00    5,97    0,00    0,00    0,00   94,03
02:36:48      12    0,00    0,00    0,00    0,00    0,00   18,99    0,00    0,00    0,00   81,01
02:36:48      13    0,00    0,00    0,00    0,00    0,00    9,72    0,00    0,00    0,00   90,28
02:36:48      14    1,18    0,00    0,00    0,00    0,00   23,53    0,00    0,00    0,00   75,29
02:36:48      15    0,00    0,00    0,00    0,00    0,00   12,00    0,00    0,00    0,00   88,00
02:36:48      16    1,12    0,00    1,12    0,00    0,00   10,11    0,00    0,00    0,00   87,64
02:36:48      17    0,00    0,00    0,00    0,00    0,00    3,61    0,00    0,00    0,00   96,39
02:36:48      18    0,00    0,00    0,00    0,00    0,00    2,47    0,00    0,00    0,00   97,53
02:36:48      19    0,00    0,00    0,00    0,00    0,00    6,02    0,00    0,00    0,00   93,98
02:36:48      20    0,00    0,00    0,00    0,00    0,00    2,47    0,00    0,00    0,00   97,53
02:36:48      21    0,00    0,00    1,23    0,00    0,00    2,47    0,00    0,00    0,00   96,30
02:36:48      22    1,22    0,00    1,22    0,00    0,00    2,44    0,00    0,00    0,00   95,12
02:36:48      23    0,00    0,00    0,00    0,00    0,00    3,66    0,00    0,00    0,00   96,34

02:36:48     CPU    %usr   %nice    %sys %iowait    %irq   %soft  %steal  %guest  %gnice   %idle
02:36:49     all    0,37    0,00    0,16    0,00    0,00    5,61    0,00    0,00    0,00   93,86
02:36:49       0    0,00    0,00    0,00    0,00    0,00    7,46    0,00    0,00    0,00   92,54
02:36:49       1    0,00    0,00    0,00    0,00    0,00    2,53    0,00    0,00    0,00   97,47
02:36:49       2    0,00    0,00    0,00    0,00    0,00    4,76    0,00    0,00    0,00   95,24
02:36:49       3    0,00    0,00    0,00    0,00    0,00    2,44    0,00    0,00    0,00   97,56
02:36:49       4    0,00    0,00    0,00    0,00    0,00    1,25    0,00    0,00    0,00   98,75
02:36:49       5    0,00    0,00    0,00    0,00    0,00    1,25    0,00    0,00    0,00   98,75
02:36:49       6    0,00    0,00    0,00    0,00    0,00    5,95    0,00    0,00    0,00   94,05
02:36:49       7    0,00    0,00    0,00    0,00    0,00    1,25    0,00    0,00    0,00   98,75
02:36:49       8    0,00    0,00    1,20    0,00    0,00   20,48    0,00    0,00    0,00   78,31
02:36:49       9    8,11    0,00    1,35    0,00    0,00    8,11    0,00    0,00    0,00   82,43
02:36:49      10    1,19    0,00    1,19    0,00    0,00   16,67    0,00    0,00    0,00   80,95
02:36:49      11    0,00    0,00    0,00    0,00    0,00    2,82    0,00    0,00    0,00   97,18
02:36:49      12    0,00    0,00    0,00    0,00    0,00   13,92    0,00    0,00    0,00   86,08
02:36:49      13    0,00    0,00    0,00    0,00    0,00    1,47    0,00    0,00    0,00   98,53
02:36:49      14    0,00    0,00    0,00    0,00    0,00   16,25    0,00    0,00    0,00   83,75
02:36:49      15    0,00    0,00    0,00    0,00    0,00   13,92    0,00    0,00    0,00   86,08
02:36:49      16    0,00    0,00    0,00    0,00    0,00    2,41    0,00    0,00    0,00   97,59
02:36:49      17    0,00    0,00    0,00    0,00    0,00    1,23    0,00    0,00    0,00   98,77
02:36:49      18    0,00    0,00    0,00    0,00    0,00    1,22    0,00    0,00    0,00   98,78
02:36:49      19    0,00    0,00    0,00    0,00    0,00    3,66    0,00    0,00    0,00   96,34
02:36:49      20    0,00    0,00    0,00    0,00    0,00    1,25    0,00    0,00    0,00   98,75
02:36:49      21    0,00    0,00    0,00    0,00    0,00    1,23    0,00    0,00    0,00   98,77
02:36:49      22    0,00    0,00    0,00    0,00    0,00    2,41    0,00    0,00    0,00   97,59
02:36:49      23    0,00    0,00    0,00    0,00    0,00    0,00    0,00    0,00    0,00  100,00

02:36:49     CPU    %usr   %nice    %sys %iowait    %irq   %soft  %steal  %guest  %gnice   %idle
02:36:50     all    5,66    0,00    1,25    0,00    0,00   15,57    0,00    0,00    0,00   77,53
02:36:50       0    0,00    0,00    0,00    0,00    0,00   30,26    0,00    0,00    0,00   69,74
02:36:50       1    5,81    0,00    3,49    0,00    0,00   13,95    0,00    0,00    0,00   76,74
02:36:50       2    5,62    0,00    3,37    0,00    0,00   16,85    0,00    0,00    0,00   74,16
02:36:50       3    6,10    0,00    0,00    0,00    0,00    8,54    0,00    0,00    0,00   85,37
02:36:50       4    3,53    0,00    1,18    0,00    0,00    9,41    0,00    0,00    0,00   85,88
02:36:50       5    0,00    0,00    0,00    0,00    0,00    1,30    0,00    0,00    0,00   98,70
02:36:50       6    6,67    0,00    3,33    0,00    0,00   14,44    0,00    0,00    0,00   75,56
02:36:50       7    0,00    0,00    0,00    0,00    0,00    2,60    0,00    0,00    0,00   97,40
02:36:50       8   12,79    0,00    1,16    0,00    0,00   32,56    0,00    0,00    0,00   53,49
02:36:50       9   18,75    0,00    0,00    0,00    0,00   27,50    0,00    0,00    0,00   53,75
02:36:50      10   18,09    0,00    3,19    0,00    0,00   34,04    0,00    0,00    0,00   44,68
02:36:50      11    5,48    0,00    0,00    0,00    0,00   15,07    0,00    0,00    0,00   79,45
02:36:50      12   11,24    0,00    1,12    0,00    0,00   32,58    0,00    0,00    0,00   55,06
02:36:50      13    0,00    0,00    1,35    0,00    0,00   17,57    0,00    0,00    0,00   81,08
02:36:50      14   22,35    0,00    1,18    0,00    0,00   29,41    0,00    0,00    0,00   47,06
02:36:50      15    2,38    0,00    0,00    0,00    0,00   27,38    0,00    0,00    0,00   70,24
02:36:50      16    1,12    0,00    1,12    0,00    0,00   12,36    0,00    0,00    0,00   85,39
02:36:50      17    3,37    0,00    0,00    0,00    0,00   12,36    0,00    0,00    0,00   84,27
02:36:50      18    2,35    0,00    1,18    0,00    0,00    8,24    0,00    0,00    0,00   88,24
02:36:50      19    1,18    0,00    1,18    0,00    0,00    9,41    0,00    0,00    0,00   88,24
02:36:50      20    0,00    0,00    0,00    0,00    0,00    0,00    0,00    0,00    0,00  100,00
02:36:50      21    1,27    0,00    1,27    0,00    0,00    1,27    0,00    0,00    0,00   96,20
02:36:50      22    2,33    0,00    2,33    0,00    0,00    6,98    0,00    0,00    0,00   88,37
02:36:50      23    1,23    0,00    2,47    0,00    0,00    3,70    0,00    0,00    0,00   92,59

02:36:50     CPU    %usr   %nice    %sys %iowait    %irq   %soft  %steal  %guest  %gnice   %idle
02:36:51     all    0,58    0,00    0,00    0,00    0,00    6,06    0,00    0,00    0,00   93,36
02:36:51       0    0,00    0,00    0,00    0,00    0,00   13,70    0,00    0,00    0,00   86,30
02:36:51       1    0,00    0,00    0,00    0,00    0,00    3,70    0,00    0,00    0,00   96,30
02:36:51       2    0,00    0,00    0,00    0,00    0,00    8,24    0,00    0,00    0,00   91,76
02:36:51       3    0,00    0,00    0,00    0,00    0,00    0,00    0,00    0,00    0,00  100,00
02:36:51       4    0,00    0,00    0,00    0,00    0,00   17,39    0,00    0,00    0,00   82,61
02:36:51       5    0,00    0,00    0,00    0,00    0,00    0,00    0,00    0,00    0,00  100,00
02:36:51       6    0,00    0,00    0,00    0,00    0,00    4,88    0,00    0,00    0,00   95,12
02:36:51       7    0,00    0,00    0,00    0,00    0,00    3,70    0,00    0,00    0,00   96,30
02:36:51       8    1,28    0,00    0,00    0,00    0,00   15,38    0,00    0,00    0,00   83,33
02:36:51       9    0,00    0,00    0,00    0,00    0,00    2,90    0,00    0,00    0,00   97,10
02:36:51      10   11,69    0,00    0,00    0,00    0,00   12,99    0,00    0,00    0,00   75,32
02:36:51      11    0,00    0,00    0,00    0,00    0,00    4,35    0,00    0,00    0,00   95,65
02:36:51      12    0,00    0,00    0,00    0,00    0,00   14,29    0,00    0,00    0,00   85,71
02:36:51      13    0,00    0,00    0,00    0,00    0,00    4,35    0,00    0,00    0,00   95,65
02:36:51      14    0,00    0,00    0,00    0,00    0,00    2,90    0,00    0,00    0,00   97,10
02:36:51      15    0,00    0,00    0,00    0,00    0,00   12,82    0,00    0,00    0,00   87,18
02:36:51      16    1,10    0,00    0,00    0,00    0,00   12,09    0,00    0,00    0,00   86,81
02:36:51      17    0,00    0,00    0,00    0,00    0,00    1,22    0,00    0,00    0,00   98,78
02:36:51      18    0,00    0,00    0,00    0,00    0,00    2,44    0,00    0,00    0,00   97,56
02:36:51      19    0,00    0,00    0,00    0,00    0,00    3,61    0,00    0,00    0,00   96,39
02:36:51      20    0,00    0,00    0,00    0,00    0,00    0,00    0,00    0,00    0,00  100,00
02:36:51      21    0,00    0,00    0,00    0,00    0,00    0,00    0,00    0,00    0,00  100,00
02:36:51      22    0,00    0,00    0,00    0,00    0,00    1,22    0,00    0,00    0,00   98,78
02:36:51      23    0,00    0,00    0,00    0,00    0,00    1,23    0,00    0,00    0,00   98,77

02:36:51     CPU    %usr   %nice    %sys %iowait    %irq   %soft  %steal  %guest  %gnice   %idle
02:36:52     all    0,52    0,00    0,21    0,21    0,00    5,93    0,00    0,00    0,00   93,12
02:36:52       0    1,37    0,00    0,00    1,37    0,00   12,33    0,00    0,00    0,00   84,93
02:36:52       1    0,00    0,00    0,00    0,00    0,00   10,47    0,00    0,00    0,00   89,53
02:36:52       2    0,00    0,00    0,00    0,00    0,00    7,14    0,00    0,00    0,00   92,86
02:36:52       3    0,00    0,00    0,00    0,00    0,00    1,27    0,00    0,00    0,00   98,73
02:36:52       4    0,00    0,00    0,00    1,27    0,00    2,53    0,00    0,00    0,00   96,20
02:36:52       5    0,00    0,00    0,00    0,00    0,00    1,27    0,00    0,00    0,00   98,73
02:36:52       6    0,00    0,00    0,00    1,19    0,00    7,14    0,00    0,00    0,00   91,67
02:36:52       7    1,25    0,00    0,00    0,00    0,00    2,50    0,00    0,00    0,00   96,25
02:36:52       8    4,60    0,00    1,15    0,00    0,00   21,84    0,00    0,00    0,00   72,41
02:36:52       9    0,00    0,00    0,00    0,00    0,00    2,94    0,00    0,00    0,00   97,06
02:36:52      10    3,66    0,00    1,22    0,00    0,00   18,29    0,00    0,00    0,00   76,83
02:36:52      11    0,00    0,00    0,00    0,00    0,00    4,23    0,00    0,00    0,00   95,77
02:36:52      12    0,00    0,00    0,00    0,00    0,00   18,29    0,00    0,00    0,00   81,71
02:36:52      13    1,43    0,00    0,00    0,00    0,00    2,86    0,00    0,00    0,00   95,71
02:36:52      14    0,00    0,00    1,41    0,00    0,00    4,23    0,00    0,00    0,00   94,37
02:36:52      15    0,00    0,00    0,00    0,00    0,00   11,84    0,00    0,00    0,00   88,16
02:36:52      16    0,00    0,00    0,00    0,00    0,00    2,41    0,00    0,00    0,00   97,59
02:36:52      17    0,00    0,00    0,00    0,00    0,00    0,00    0,00    0,00    0,00  100,00
02:36:52      18    0,00    0,00    0,00    0,00    0,00    0,00    0,00    0,00    0,00  100,00
02:36:52      19    0,00    0,00    0,00    0,00    0,00    4,88    0,00    0,00    0,00   95,12
02:36:52      20    0,00    0,00    0,00    0,00    0,00    1,23    0,00    0,00    0,00   98,77
02:36:52      21    0,00    0,00    0,00    0,00    0,00    1,22    0,00    0,00    0,00   98,78
02:36:52      22    0,00    0,00    1,19    1,19    0,00    1,19    0,00    0,00    0,00   96,43
02:36:52      23    0,00    0,00    0,00    0,00    0,00    0,00    0,00    0,00    0,00  100,00

02:36:52     CPU    %usr   %nice    %sys %iowait    %irq   %soft  %steal  %guest  %gnice   %idle
02:36:53     all    0,42    0,00    0,05    0,00    0,00    5,94    0,00    0,00    0,00   93,58
02:36:53       0    0,00    0,00    0,00    0,00    0,00    8,57    0,00    0,00    0,00   91,43
02:36:53       1    0,00    0,00    0,00    0,00    0,00    3,70    0,00    0,00    0,00   96,30
02:36:53       2    0,00    0,00    0,00    0,00    0,00    4,88    0,00    0,00    0,00   95,12
02:36:53       3    0,00    0,00    0,00    0,00    0,00    0,00    0,00    0,00    0,00  100,00
02:36:53       4    0,00    0,00    0,00    0,00    0,00    0,00    0,00    0,00    0,00  100,00
02:36:53       5    0,00    0,00    0,00    0,00    0,00    0,00    0,00    0,00    0,00  100,00
02:36:53       6    0,00    0,00    0,00    0,00    0,00    6,10    0,00    0,00    0,00   93,90
02:36:53       7    0,00    0,00    0,00    0,00    0,00    1,27    0,00    0,00    0,00   98,73
02:36:53       8    7,32    0,00    0,00    0,00    0,00   19,51    0,00    0,00    0,00   73,17
02:36:53       9    0,00    0,00    0,00    0,00    0,00    4,35    0,00    0,00    0,00   95,65
02:36:53      10    1,14    0,00    0,00    0,00    0,00   23,86    0,00    0,00    0,00   75,00
02:36:53      11    0,00    0,00    0,00    0,00    0,00    6,85    0,00    0,00    0,00   93,15
02:36:53      12    1,27    0,00    1,27    0,00    0,00   13,92    0,00    0,00    0,00   83,54
02:36:53      13    0,00    0,00    0,00    0,00    0,00   18,52    0,00    0,00    0,00   81,48
02:36:53      14    0,00    0,00    0,00    0,00    0,00    7,04    0,00    0,00    0,00   92,96
02:36:53      15    0,00    0,00    0,00    0,00    0,00   11,69    0,00    0,00    0,00   88,31
02:36:53      16    0,00    0,00    0,00    0,00    0,00    2,41    0,00    0,00    0,00   97,59
02:36:53      17    0,00    0,00    0,00    0,00    0,00    1,22    0,00    0,00    0,00   98,78
02:36:53      18    0,00    0,00    0,00    0,00    0,00    1,23    0,00    0,00    0,00   98,77
02:36:53      19    0,00    0,00    0,00    0,00    0,00    3,61    0,00    0,00    0,00   96,39
02:36:53      20    0,00    0,00    0,00    0,00    0,00    0,00    0,00    0,00    0,00  100,00
02:36:53      21    0,00    0,00    0,00    0,00    0,00    0,00    0,00    0,00    0,00  100,00
02:36:53      22    0,00    0,00    0,00    0,00    0,00    2,41    0,00    0,00    0,00   97,59
02:36:53      23    0,00    0,00    0,00    0,00    0,00    0,00    0,00    0,00    0,00  100,00

02:36:53     CPU    %usr   %nice    %sys %iowait    %irq   %soft  %steal  %guest  %gnice   %idle
02:36:54     all    0,21    0,00    0,05    0,00    0,00    5,84    0,00    0,00    0,00   93,90
02:36:54       0    0,00    0,00    0,00    0,00    0,00    7,25    0,00    0,00    0,00   92,75
02:36:54       1    0,00    0,00    0,00    0,00    0,00    3,70    0,00    0,00    0,00   96,30
02:36:54       2    0,00    0,00    0,00    0,00    0,00    7,06    0,00    0,00    0,00   92,94
02:36:54       3    0,00    0,00    0,00    0,00    0,00    1,25    0,00    0,00    0,00   98,75
02:36:54       4    0,00    0,00    0,00    0,00    0,00    2,50    0,00    0,00    0,00   97,50
02:36:54       5    0,00    0,00    0,00    0,00    0,00    0,00    0,00    0,00    0,00  100,00
02:36:54       6    0,00    0,00    0,00    0,00    0,00    2,50    0,00    0,00    0,00   97,50
02:36:54       7    0,00    0,00    0,00    0,00    0,00    2,50    0,00    0,00    0,00   97,50
02:36:54       8    3,45    0,00    0,00    0,00    0,00   25,29    0,00    0,00    0,00   71,26
02:36:54       9    0,00    0,00    0,00    0,00    0,00    4,35    0,00    0,00    0,00   95,65
02:36:54      10    1,20    0,00    0,00    0,00    0,00   18,07    0,00    0,00    0,00   80,72
02:36:54      11    0,00    0,00    0,00    0,00    0,00    6,85    0,00    0,00    0,00   93,15
02:36:54      12    0,00    0,00    0,00    0,00    0,00   22,62    0,00    0,00    0,00   77,38
02:36:54      13    0,00    0,00    0,00    0,00    0,00    4,35    0,00    0,00    0,00   95,65
02:36:54      14    0,00    0,00    0,00    0,00    0,00    4,29    0,00    0,00    0,00   95,71
02:36:54      15    0,00    0,00    1,27    0,00    0,00   12,66    0,00    0,00    0,00   86,08
02:36:54      16    0,00    0,00    0,00    0,00    0,00    2,44    0,00    0,00    0,00   97,56
02:36:54      17    0,00    0,00    0,00    0,00    0,00    0,00    0,00    0,00    0,00  100,00
02:36:54      18    0,00    0,00    0,00    0,00    0,00    0,00    0,00    0,00    0,00  100,00
02:36:54      19    0,00    0,00    0,00    0,00    0,00    4,76    0,00    0,00    0,00   95,24
02:36:54      20    0,00    0,00    0,00    0,00    0,00    1,23    0,00    0,00    0,00   98,77
02:36:54      21    0,00    0,00    0,00    0,00    0,00    1,22    0,00    0,00    0,00   98,78
02:36:54      22    0,00    0,00    0,00    0,00    0,00    1,22    0,00    0,00    0,00   98,78
02:36:54      23    0,00    0,00    0,00    0,00    0,00    1,23    0,00    0,00    0,00   98,77

02:36:54     CPU    %usr   %nice    %sys %iowait    %irq   %soft  %steal  %guest  %gnice   %idle
02:36:55     all    0,42    0,00    0,00    0,00    0,00    5,86    0,00    0,00    0,00   93,72
02:36:55       0    0,00    0,00    0,00    0,00    0,00    8,70    0,00    0,00    0,00   91,30
02:36:55       1    0,00    0,00    0,00    0,00    0,00    3,70    0,00    0,00    0,00   96,30
02:36:55       2    0,00    0,00    0,00    0,00    0,00    3,70    0,00    0,00    0,00   96,30
02:36:55       3    0,00    0,00    0,00    0,00    0,00    0,00    0,00    0,00    0,00  100,00
02:36:55       4    0,00    0,00    0,00    0,00    0,00    2,50    0,00    0,00    0,00   97,50
02:36:55       5    0,00    0,00    0,00    0,00    0,00    1,27    0,00    0,00    0,00   98,73
02:36:55       6    0,00    0,00    0,00    0,00    0,00    3,75    0,00    0,00    0,00   96,25
02:36:55       7    0,00    0,00    0,00    0,00    0,00    1,28    0,00    0,00    0,00   98,72
02:36:55       8    3,75    0,00    0,00    0,00    0,00   17,50    0,00    0,00    0,00   78,75
02:36:55       9    4,17    0,00    0,00    0,00    0,00    6,94    0,00    0,00    0,00   88,89
02:36:55      10    1,08    0,00    0,00    0,00    0,00   27,96    0,00    0,00    0,00   70,97
02:36:55      11    0,00    0,00    0,00    0,00    0,00    6,85    0,00    0,00    0,00   93,15
02:36:55      12    1,22    0,00    0,00    0,00    0,00   18,29    0,00    0,00    0,00   80,49
02:36:55      13    0,00    0,00    0,00    0,00    0,00    4,29    0,00    0,00    0,00   95,71
02:36:55      14    0,00    0,00    0,00    0,00    0,00    8,33    0,00    0,00    0,00   91,67
02:36:55      15    0,00    0,00    0,00    0,00    0,00    9,46    0,00    0,00    0,00   90,54
02:36:55      16    0,00    0,00    0,00    0,00    0,00    2,44    0,00    0,00    0,00   97,56
02:36:55      17    0,00    0,00    0,00    0,00    0,00    1,22    0,00    0,00    0,00   98,78
02:36:55      18    0,00    0,00    0,00    0,00    0,00    1,23    0,00    0,00    0,00   98,77
02:36:55      19    0,00    0,00    0,00    0,00    0,00    3,61    0,00    0,00    0,00   96,39
02:36:55      20    0,00    0,00    0,00    0,00    0,00    2,44    0,00    0,00    0,00   97,56
02:36:55      21    0,00    0,00    0,00    0,00    0,00    1,23    0,00    0,00    0,00   98,77
02:36:55      22    0,00    0,00    0,00    0,00    0,00    1,22    0,00    0,00    0,00   98,78
02:36:55      23    0,00    0,00    0,00    0,00    0,00    0,00    0,00    0,00    0,00  100,00

02:36:55     CPU    %usr   %nice    %sys %iowait    %irq   %soft  %steal  %guest  %gnice   %idle
02:36:56     all    0,42    0,00    0,05    0,00    0,00    5,68    0,00    0,00    0,00   93,85
02:36:56       0    0,00    0,00    0,00    0,00    0,00    8,70    0,00    0,00    0,00   91,30
02:36:56       1    0,00    0,00    0,00    0,00    0,00    2,53    0,00    0,00    0,00   97,47
02:36:56       2    0,00    0,00    1,19    0,00    0,00    4,76    0,00    0,00    0,00   94,05
02:36:56       3    0,00    0,00    0,00    0,00    0,00    1,25    0,00    0,00    0,00   98,75
02:36:56       4    1,20    0,00    0,00    0,00    0,00    4,82    0,00    0,00    0,00   93,98
02:36:56       5    0,00    0,00    0,00    0,00    0,00    1,27    0,00    0,00    0,00   98,73
02:36:56       6    0,00    0,00    0,00    0,00    0,00    2,50    0,00    0,00    0,00   97,50
02:36:56       7    0,00    0,00    0,00    0,00    0,00    6,02    0,00    0,00    0,00   93,98
02:36:56       8    0,00    0,00    0,00    0,00    0,00   17,50    0,00    0,00    0,00   82,50
02:36:56       9    6,94    0,00    0,00    0,00    0,00    8,33    0,00    0,00    0,00   84,72
02:36:56      10    1,12    0,00    0,00    0,00    0,00   23,60    0,00    0,00    0,00   75,28
02:36:56      11    0,00    0,00    0,00    0,00    0,00    4,17    0,00    0,00    0,00   95,83
02:36:56      12    0,00    0,00    0,00    0,00    0,00   19,28    0,00    0,00    0,00   80,72
02:36:56      13    0,00    0,00    0,00    0,00    0,00    1,47    0,00    0,00    0,00   98,53
02:36:56      14    1,39    0,00    0,00    0,00    0,00    5,56    0,00    0,00    0,00   93,06
02:36:56      15    0,00    0,00    0,00    0,00    0,00   10,53    0,00    0,00    0,00   89,47
02:36:56      16    0,00    0,00    0,00    0,00    0,00    3,57    0,00    0,00    0,00   96,43
02:36:56      17    0,00    0,00    0,00    0,00    0,00    0,00    0,00    0,00    0,00  100,00
02:36:56      18    0,00    0,00    0,00    0,00    0,00    0,00    0,00    0,00    0,00  100,00
02:36:56      19    0,00    0,00    0,00    0,00    0,00    3,61    0,00    0,00    0,00   96,39
02:36:56      20    0,00    0,00    0,00    0,00    0,00    0,00    0,00    0,00    0,00  100,00
02:36:56      21    0,00    0,00    0,00    0,00    0,00    2,44    0,00    0,00    0,00   97,56
02:36:56      22    0,00    0,00    0,00    0,00    0,00    1,22    0,00    0,00    0,00   98,78
02:36:56      23    0,00    0,00    0,00    0,00    0,00    1,23    0,00    0,00    0,00   98,77

02:36:56     CPU    %usr   %nice    %sys %iowait    %irq   %soft  %steal  %guest  %gnice   %idle
02:36:57     all    0,21    0,00    0,00    0,00    0,00    5,48    0,00    0,00    0,00   94,31
02:36:57       0    0,00    0,00    0,00    0,00    0,00    9,86    0,00    0,00    0,00   90,14
02:36:57       1    0,00    0,00    0,00    0,00    0,00    3,70    0,00    0,00    0,00   96,30
02:36:57       2    1,23    0,00    0,00    0,00    0,00    3,70    0,00    0,00    0,00   95,06
02:36:57       3    0,00    0,00    0,00    0,00    0,00    0,00    0,00    0,00    0,00  100,00
02:36:57       4    0,00    0,00    0,00    0,00    0,00    3,70    0,00    0,00    0,00   96,30
02:36:57       5    0,00    0,00    0,00    0,00    0,00    1,27    0,00    0,00    0,00   98,73
02:36:57       6    0,00    0,00    0,00    0,00    0,00    3,70    0,00    0,00    0,00   96,30
02:36:57       7    0,00    0,00    0,00    0,00    0,00    2,50    0,00    0,00    0,00   97,50
02:36:57       8    2,15    0,00    0,00    0,00    0,00   27,96    0,00    0,00    0,00   69,89
02:36:57       9    0,00    0,00    0,00    0,00    0,00    4,35    0,00    0,00    0,00   95,65
02:36:57      10    1,28    0,00    0,00    0,00    0,00   12,82    0,00    0,00    0,00   85,90
02:36:57      11    0,00    0,00    0,00    0,00    0,00    5,56    0,00    0,00    0,00   94,44
02:36:57      12    0,00    0,00    0,00    0,00    0,00   21,43    0,00    0,00    0,00   78,57
02:36:57      13    0,00    0,00    0,00    0,00    0,00    2,90    0,00    0,00    0,00   97,10
02:36:57      14    0,00    0,00    0,00    0,00    0,00    2,90    0,00    0,00    0,00   97,10
02:36:57      15    0,00    0,00    0,00    0,00    0,00    9,33    0,00    0,00    0,00   90,67
02:36:57      16    0,00    0,00    0,00    0,00    0,00    3,61    0,00    0,00    0,00   96,39
02:36:57      17    0,00    0,00    0,00    0,00    0,00    1,22    0,00    0,00    0,00   98,78
02:36:57      18    0,00    0,00    0,00    0,00    0,00    1,22    0,00    0,00    0,00   98,78
02:36:57      19    0,00    0,00    0,00    0,00    0,00    2,44    0,00    0,00    0,00   97,56
02:36:57      20    0,00    0,00    0,00    0,00    0,00    0,00    0,00    0,00    0,00  100,00
02:36:57      21    0,00    0,00    0,00    0,00    0,00    1,22    0,00    0,00    0,00   98,78
02:36:57      22    0,00    0,00    0,00    0,00    0,00    2,41    0,00    0,00    0,00   97,59
02:36:57      23    0,00    0,00    0,00    0,00    0,00    0,00    0,00    0,00    0,00  100,00

02:36:57     CPU    %usr   %nice    %sys %iowait    %irq   %soft  %steal  %guest  %gnice   %idle
02:36:58     all    0,05    0,00    0,05    0,05    0,00    5,17    0,00    0,00    0,00   94,67
02:36:58       0    0,00    0,00    0,00    0,00    0,00    4,55    0,00    0,00    0,00   95,45
02:36:58       1    0,00    0,00    0,00    0,00    0,00    3,70    0,00    0,00    0,00   96,30
02:36:58       2    0,00    0,00    0,00    0,00    0,00    4,88    0,00    0,00    0,00   95,12
02:36:58       3    0,00    0,00    0,00    0,00    0,00    0,00    0,00    0,00    0,00  100,00
02:36:58       4    0,00    0,00    0,00    0,00    0,00    6,02    0,00    0,00    0,00   93,98
02:36:58       5    0,00    0,00    0,00    0,00    0,00    1,28    0,00    0,00    0,00   98,72
02:36:58       6    0,00    0,00    0,00    1,25    0,00    1,25    0,00    0,00    0,00   97,50
02:36:58       7    0,00    0,00    0,00    0,00    0,00    2,50    0,00    0,00    0,00   97,50
02:36:58       8    0,00    0,00    1,28    0,00    0,00   14,10    0,00    0,00    0,00   84,62
02:36:58       9    0,00    0,00    0,00    0,00    0,00    2,86    0,00    0,00    0,00   97,14
02:36:58      10    0,00    0,00    0,00    0,00    0,00   10,39    0,00    0,00    0,00   89,61
02:36:58      11    0,00    0,00    0,00    0,00    0,00    6,76    0,00    0,00    0,00   93,24
02:36:58      12    0,99    0,00    0,00    0,00    0,00   33,66    0,00    0,00    0,00   65,35
02:36:58      13    0,00    0,00    0,00    0,00    0,00    2,90    0,00    0,00    0,00   97,10
02:36:58      14    0,00    0,00    0,00    0,00    0,00    2,90    0,00    0,00    0,00   97,10
02:36:58      15    0,00    0,00    0,00    0,00    0,00   10,39    0,00    0,00    0,00   89,61
02:36:58      16    0,00    0,00    0,00    0,00    0,00    2,41    0,00    0,00    0,00   97,59
02:36:58      17    0,00    0,00    0,00    0,00    0,00    0,00    0,00    0,00    0,00  100,00
02:36:58      18    0,00    0,00    0,00    0,00    0,00    1,20    0,00    0,00    0,00   98,80
02:36:58      19    0,00    0,00    0,00    0,00    0,00    1,23    0,00    0,00    0,00   98,77
02:36:58      20    0,00    0,00    0,00    0,00    0,00    1,23    0,00    0,00    0,00   98,77
02:36:58      21    0,00    0,00    0,00    0,00    0,00    1,23    0,00    0,00    0,00   98,77
02:36:58      22    0,00    0,00    0,00    0,00    0,00    1,22    0,00    0,00    0,00   98,78
02:36:58      23    0,00    0,00    0,00    0,00    0,00    0,00    0,00    0,00    0,00  100,00

02:36:58     CPU    %usr   %nice    %sys %iowait    %irq   %soft  %steal  %guest  %gnice   %idle
02:36:59     all    0,05    0,00    0,11    0,00    0,00    5,32    0,00    0,00    0,00   94,52
02:36:59       0    0,00    0,00    0,00    0,00    0,00    8,57    0,00    0,00    0,00   91,43
02:36:59       1    0,00    0,00    0,00    0,00    0,00    3,70    0,00    0,00    0,00   96,30
02:36:59       2    0,00    0,00    0,00    0,00    0,00    4,88    0,00    0,00    0,00   95,12
02:36:59       3    0,00    0,00    0,00    0,00    0,00    1,27    0,00    0,00    0,00   98,73
02:36:59       4    0,00    0,00    0,00    0,00    0,00    7,14    0,00    0,00    0,00   92,86
02:36:59       5    0,00    0,00    0,00    0,00    0,00    1,27    0,00    0,00    0,00   98,73
02:36:59       6    0,00    0,00    0,00    0,00    0,00    7,23    0,00    0,00    0,00   92,77
02:36:59       7    1,11    0,00    0,00    0,00    0,00   13,33    0,00    0,00    0,00   85,56
02:36:59       8    0,00    0,00    0,00    0,00    0,00   13,92    0,00    0,00    0,00   86,08
02:36:59       9    0,00    0,00    0,00    0,00    0,00    1,45    0,00    0,00    0,00   98,55
02:36:59      10    0,00    0,00    1,32    0,00    0,00    9,21    0,00    0,00    0,00   89,47
02:36:59      11    0,00    0,00    0,00    0,00    0,00    5,56    0,00    0,00    0,00   94,44
02:36:59      12    0,00    0,00    1,30    0,00    0,00   11,69    0,00    0,00    0,00   87,01
02:36:59      13    0,00    0,00    0,00    0,00    0,00   10,67    0,00    0,00    0,00   89,33
02:36:59      14    0,00    0,00    0,00    0,00    0,00    5,63    0,00    0,00    0,00   94,37
02:36:59      15    0,00    0,00    0,00    0,00    0,00   10,53    0,00    0,00    0,00   89,47
02:36:59      16    0,00    0,00    0,00    0,00    0,00    3,57    0,00    0,00    0,00   96,43
02:36:59      17    0,00    0,00    0,00    0,00    0,00    1,22    0,00    0,00    0,00   98,78
02:36:59      18    0,00    0,00    0,00    0,00    0,00    0,00    0,00    0,00    0,00  100,00
02:36:59      19    0,00    0,00    0,00    0,00    0,00    2,41    0,00    0,00    0,00   97,59
02:36:59      20    0,00    0,00    0,00    0,00    0,00    0,00    0,00    0,00    0,00  100,00
02:36:59      21    0,00    0,00    0,00    0,00    0,00    1,23    0,00    0,00    0,00   98,77
02:36:59      22    0,00    0,00    0,00    0,00    0,00    2,38    0,00    0,00    0,00   97,62
02:36:59      23    0,00    0,00    0,00    0,00    0,00    1,23    0,00    0,00    0,00   98,77

02:36:59     CPU    %usr   %nice    %sys %iowait    %irq   %soft  %steal  %guest  %gnice   %idle
02:37:00     all    0,32    0,00    0,05    0,00    0,00    5,89    0,00    0,00    0,00   93,74
02:37:00       0    0,00    0,00    0,00    0,00    0,00    8,57    0,00    0,00    0,00   91,43
02:37:00       1    0,00    0,00    0,00    0,00    0,00    4,88    0,00    0,00    0,00   95,12
02:37:00       2    0,00    0,00    0,00    0,00    0,00    4,82    0,00    0,00    0,00   95,18
02:37:00       3    0,00    0,00    0,00    0,00    0,00    0,00    0,00    0,00    0,00  100,00
02:37:00       4    1,04    0,00    0,00    0,00    0,00   19,79    0,00    0,00    0,00   79,17
02:37:00       5    0,00    0,00    0,00    0,00    0,00    1,28    0,00    0,00    0,00   98,72
02:37:00       6    1,22    0,00    0,00    0,00    0,00    3,66    0,00    0,00    0,00   95,12
02:37:00       7    0,00    0,00    1,18    0,00    0,00    7,06    0,00    0,00    0,00   91,76
02:37:00       8    0,00    0,00    0,00    0,00    0,00   22,62    0,00    0,00    0,00   77,38
02:37:00       9    5,56    0,00    0,00    0,00    0,00    6,94    0,00    0,00    0,00   87,50
02:37:00      10    0,00    0,00    0,00    0,00    0,00   10,53    0,00    0,00    0,00   89,47
02:37:00      11    0,00    0,00    0,00    0,00    0,00    5,56    0,00    0,00    0,00   94,44
02:37:00      12    0,00    0,00    0,00    0,00    0,00   13,16    0,00    0,00    0,00   86,84
02:37:00      13    0,00    0,00    0,00    0,00    0,00    4,35    0,00    0,00    0,00   95,65
02:37:00      14    0,00    0,00    0,00    0,00    0,00    5,63    0,00    0,00    0,00   94,37
02:37:00      15    0,00    0,00    0,00    0,00    0,00   12,99    0,00    0,00    0,00   87,01
02:37:00      16    0,00    0,00    0,00    0,00    0,00    1,23    0,00    0,00    0,00   98,77
02:37:00      17    0,00    0,00    0,00    0,00    0,00    0,00    0,00    0,00    0,00  100,00
02:37:00      18    0,00    0,00    0,00    0,00    0,00    1,22    0,00    0,00    0,00   98,78
02:37:00      19    0,00    0,00    0,00    0,00    0,00    2,44    0,00    0,00    0,00   97,56
02:37:00      20    0,00    0,00    0,00    0,00    0,00    1,23    0,00    0,00    0,00   98,77
02:37:00      21    0,00    0,00    0,00    0,00    0,00    0,00    0,00    0,00    0,00  100,00
02:37:00      22    0,00    0,00    0,00    0,00    0,00    1,22    0,00    0,00    0,00   98,78
02:37:00      23    0,00    0,00    0,00    0,00    0,00    0,00    0,00    0,00    0,00  100,00

02:37:00     CPU    %usr   %nice    %sys %iowait    %irq   %soft  %steal  %guest  %gnice   %idle
02:37:01     all    0,16    0,00    0,05    0,00    0,00    5,57    0,00    0,00    0,00   94,22
02:37:01       0    0,00    0,00    0,00    0,00    0,00    7,25    0,00    0,00    0,00   92,75
02:37:01       1    0,00    0,00    0,00    0,00    0,00    3,70    0,00    0,00    0,00   96,30
02:37:01       2    0,00    0,00    0,00    0,00    0,00    3,70    0,00    0,00    0,00   96,30
02:37:01       3    0,00    0,00    0,00    0,00    0,00    1,25    0,00    0,00    0,00   98,75
02:37:01       4    0,00    0,00    1,08    0,00    0,00   15,05    0,00    0,00    0,00   83,87
02:37:01       5    1,27    0,00    0,00    0,00    0,00    1,27    0,00    0,00    0,00   97,47
02:37:01       6    0,00    0,00    0,00    0,00    0,00    3,70    0,00    0,00    0,00   96,30
02:37:01       7    0,00    0,00    0,00    0,00    0,00    1,27    0,00    0,00    0,00   98,73
02:37:01       8    1,10    0,00    0,00    0,00    0,00   26,37    0,00    0,00    0,00   72,53
02:37:01       9    0,00    0,00    0,00    0,00    0,00    8,22    0,00    0,00    0,00   91,78
02:37:01      10    0,00    0,00    0,00    0,00    0,00   11,69    0,00    0,00    0,00   88,31
02:37:01      11    0,00    0,00    0,00    0,00    0,00    4,17    0,00    0,00    0,00   95,83
02:37:01      12    1,23    0,00    0,00    0,00    0,00   16,05    0,00    0,00    0,00   82,72
02:37:01      13    0,00    0,00    0,00    0,00    0,00    4,29    0,00    0,00    0,00   95,71
02:37:01      14    0,00    0,00    0,00    0,00    0,00    4,35    0,00    0,00    0,00   95,65
02:37:01      15    0,00    0,00    0,00    0,00    0,00   10,53    0,00    0,00    0,00   89,47
02:37:01      16    0,00    0,00    0,00    0,00    0,00    2,41    0,00    0,00    0,00   97,59
02:37:01      17    0,00    0,00    0,00    0,00    0,00    0,00    0,00    0,00    0,00  100,00
02:37:01      18    0,00    0,00    0,00    0,00    0,00    1,22    0,00    0,00    0,00   98,78
02:37:01      19    0,00    0,00    0,00    0,00    0,00    2,44    0,00    0,00    0,00   97,56
02:37:01      20    0,00    0,00    0,00    0,00    0,00    0,00    0,00    0,00    0,00  100,00
02:37:01      21    0,00    0,00    0,00    0,00    0,00    0,00    0,00    0,00    0,00  100,00
02:37:01      22    0,00    0,00    0,00    0,00    0,00    0,00    0,00    0,00    0,00  100,00
02:37:01      23    0,00    0,00    0,00    0,00    0,00    1,23    0,00    0,00    0,00   98,77

02:37:01     CPU    %usr   %nice    %sys %iowait    %irq   %soft  %steal  %guest  %gnice   %idle
02:37:02     all    0,05    0,00    0,00    0,00    0,00    5,33    0,00    0,00    0,00   94,61
02:37:02       0    0,00    0,00    0,00    0,00    0,00    5,80    0,00    0,00    0,00   94,20
02:37:02       1    0,00    0,00    0,00    0,00    0,00    2,50    0,00    0,00    0,00   97,50
02:37:02       2    0,00    0,00    0,00    0,00    0,00    4,82    0,00    0,00    0,00   95,18
02:37:02       3    0,00    0,00    0,00    0,00    0,00    0,00    0,00    0,00    0,00  100,00
02:37:02       4    0,00    0,00    0,00    0,00    0,00   13,33    0,00    0,00    0,00   86,67
02:37:02       5    0,00    0,00    0,00    0,00    0,00    1,27    0,00    0,00    0,00   98,73
02:37:02       6    0,00    0,00    0,00    0,00    0,00    2,53    0,00    0,00    0,00   97,47
02:37:02       7    0,00    0,00    0,00    0,00    0,00    0,00    0,00    0,00    0,00  100,00
02:37:02       8    1,11    0,00    0,00    0,00    0,00   25,56    0,00    0,00    0,00   73,33
02:37:02       9    0,00    0,00    0,00    0,00    0,00    2,86    0,00    0,00    0,00   97,14
02:37:02      10    0,00    0,00    0,00    0,00    0,00   26,37    0,00    0,00    0,00   73,63
02:37:02      11    0,00    0,00    0,00    0,00    0,00    5,56    0,00    0,00    0,00   94,44
02:37:02      12    0,00    0,00    0,00    0,00    0,00    8,22    0,00    0,00    0,00   91,78
02:37:02      13    0,00    0,00    0,00    0,00    0,00    1,47    0,00    0,00    0,00   98,53
02:37:02      14    0,00    0,00    0,00    0,00    0,00    2,90    0,00    0,00    0,00   97,10
02:37:02      15    0,00    0,00    0,00    0,00    0,00    9,33    0,00    0,00    0,00   90,67
02:37:02      16    0,00    0,00    0,00    0,00    0,00    2,41    0,00    0,00    0,00   97,59
02:37:02      17    0,00    0,00    0,00    0,00    0,00    1,22    0,00    0,00    0,00   98,78
02:37:02      18    0,00    0,00    0,00    0,00    0,00    0,00    0,00    0,00    0,00  100,00
02:37:02      19    0,00    0,00    0,00    0,00    0,00    2,44    0,00    0,00    0,00   97,56
02:37:02      20    0,00    0,00    0,00    0,00    0,00    0,00    0,00    0,00    0,00  100,00
02:37:02      21    0,00    0,00    0,00    0,00    0,00    1,23    0,00    0,00    0,00   98,77
02:37:02      22    0,00    0,00    0,00    0,00    0,00    1,20    0,00    0,00    0,00   98,80
02:37:02      23    0,00    0,00    0,00    0,00    0,00    0,00    0,00    0,00    0,00  100,00

02:37:02     CPU    %usr   %nice    %sys %iowait    %irq   %soft  %steal  %guest  %gnice   %idle
02:37:03     all    0,05    0,00    0,05    0,05    0,00    4,96    0,00    0,00    0,00   94,88
02:37:03       0    0,00    0,00    1,39    0,00    0,00   11,11    0,00    0,00    0,00   87,50
02:37:03       1    0,00    0,00    0,00    0,00    0,00    6,02    0,00    0,00    0,00   93,98
02:37:03       2    1,03    0,00    0,00    0,00    0,00   18,56    0,00    0,00    0,00   80,41
02:37:03       3    0,00    0,00    0,00    0,00    0,00    0,00    0,00    0,00    0,00  100,00
02:37:03       4    0,00    0,00    0,00    0,00    0,00    8,33    0,00    0,00    0,00   91,67
02:37:03       5    0,00    0,00    0,00    0,00    0,00    3,75    0,00    0,00    0,00   96,25
02:37:03       6    0,00    0,00    0,00    1,23    0,00    3,70    0,00    0,00    0,00   95,06
02:37:03       7    0,00    0,00    0,00    0,00    0,00    2,50    0,00    0,00    0,00   97,50
02:37:03       8    0,00    0,00    0,00    0,00    0,00   11,84    0,00    0,00    0,00   88,16
02:37:03       9    0,00    0,00    0,00    0,00    0,00    2,90    0,00    0,00    0,00   97,10
02:37:03      10    0,00    0,00    0,00    0,00    0,00    6,94    0,00    0,00    0,00   93,06
02:37:03      11    0,00    0,00    0,00    0,00    0,00    6,85    0,00    0,00    0,00   93,15
02:37:03      12    0,00    0,00    0,00    0,00    0,00    8,11    0,00    0,00    0,00   91,89
02:37:03      13    0,00    0,00    0,00    0,00    0,00    1,45    0,00    0,00    0,00   98,55
02:37:03      14    0,00    0,00    0,00    0,00    0,00    2,86    0,00    0,00    0,00   97,14
02:37:03      15    0,00    0,00    0,00    0,00    0,00   12,82    0,00    0,00    0,00   87,18
02:37:03      16    0,00    0,00    0,00    0,00    0,00    2,38    0,00    0,00    0,00   97,62
02:37:03      17    0,00    0,00    0,00    0,00    0,00    0,00    0,00    0,00    0,00  100,00
02:37:03      18    0,00    0,00    0,00    0,00    0,00    1,22    0,00    0,00    0,00   98,78
02:37:03      19    0,00    0,00    0,00    0,00    0,00    3,61    0,00    0,00    0,00   96,39
02:37:03      20    0,00    0,00    0,00    0,00    0,00    0,00    0,00    0,00    0,00  100,00
02:37:03      21    0,00    0,00    0,00    0,00    0,00    0,00    0,00    0,00    0,00  100,00
02:37:03      22    0,00    0,00    0,00    0,00    0,00    1,20    0,00    0,00    0,00   98,80
02:37:03      23    0,00    0,00    0,00    0,00    0,00    1,23    0,00    0,00    0,00   98,77

02:37:03     CPU    %usr   %nice    %sys %iowait    %irq   %soft  %steal  %guest  %gnice   %idle
02:37:04     all    0,00    0,00    0,05    0,00    0,00    4,78    0,00    0,00    0,00   95,17
02:37:04       0    0,00    0,00    0,00    0,00    0,00    7,25    0,00    0,00    0,00   92,75
02:37:04       1    0,00    0,00    0,00    0,00    0,00    3,70    0,00    0,00    0,00   96,30
02:37:04       2    0,00    0,00    1,00    0,00    0,00   22,00    0,00    0,00    0,00   77,00
02:37:04       3    0,00    0,00    0,00    0,00    0,00    1,25    0,00    0,00    0,00   98,75
02:37:04       4    0,00    0,00    0,00    0,00    0,00    8,24    0,00    0,00    0,00   91,76
02:37:04       5    0,00    0,00    0,00    0,00    0,00    3,75    0,00    0,00    0,00   96,25
02:37:04       6    0,00    0,00    0,00    0,00    0,00    1,27    0,00    0,00    0,00   98,73
02:37:04       7    0,00    0,00    0,00    0,00    0,00    1,27    0,00    0,00    0,00   98,73
02:37:04       8    0,00    0,00    0,00    0,00    0,00   15,00    0,00    0,00    0,00   85,00
02:37:04       9    0,00    0,00    0,00    0,00    0,00    2,86    0,00    0,00    0,00   97,14
02:37:04      10    0,00    0,00    0,00    0,00    0,00    2,86    0,00    0,00    0,00   97,14
02:37:04      11    0,00    0,00    0,00    0,00    0,00    5,48    0,00    0,00    0,00   94,52
02:37:04      12    0,00    0,00    0,00    0,00    0,00   10,67    0,00    0,00    0,00   89,33
02:37:04      13    0,00    0,00    0,00    0,00    0,00    2,90    0,00    0,00    0,00   97,10
02:37:04      14    0,00    0,00    0,00    0,00    0,00    2,90    0,00    0,00    0,00   97,10
02:37:04      15    0,00    0,00    0,00    0,00    0,00    9,33    0,00    0,00    0,00   90,67
02:37:04      16    0,00    0,00    0,00    0,00    0,00    1,23    0,00    0,00    0,00   98,77
02:37:04      17    0,00    0,00    0,00    0,00    0,00    1,22    0,00    0,00    0,00   98,78
02:37:04      18    0,00    0,00    0,00    0,00    0,00    1,22    0,00    0,00    0,00   98,78
02:37:04      19    0,00    0,00    0,00    0,00    0,00    2,47    0,00    0,00    0,00   97,53
02:37:04      20    0,00    0,00    0,00    0,00    0,00    1,23    0,00    0,00    0,00   98,77
02:37:04      21    0,00    0,00    0,00    0,00    0,00    0,00    0,00    0,00    0,00  100,00
02:37:04      22    0,00    0,00    0,00    0,00    0,00    1,22    0,00    0,00    0,00   98,78
02:37:04      23    0,00    0,00    0,00    0,00    0,00    1,25    0,00    0,00    0,00   98,75

02:37:04     CPU    %usr   %nice    %sys %iowait    %irq   %soft  %steal  %guest  %gnice   %idle
02:37:05     all    0,11    0,00    0,05    0,00    0,00    4,70    0,00    0,00    0,00   95,14
02:37:05       0    0,00    0,00    0,00    0,00    0,00    7,14    0,00    0,00    0,00   92,86
02:37:05       1    0,00    0,00    0,00    0,00    0,00    3,70    0,00    0,00    0,00   96,30
02:37:05       2    1,10    0,00    0,00    0,00    0,00   13,19    0,00    0,00    0,00   85,71
02:37:05       3    0,00    0,00    0,00    0,00    0,00    1,27    0,00    0,00    0,00   98,73
02:37:05       4    0,00    0,00    0,00    0,00    0,00    4,88    0,00    0,00    0,00   95,12
02:37:05       5    0,00    0,00    0,00    0,00    0,00    3,70    0,00    0,00    0,00   96,30
02:37:05       6    0,00    0,00    0,00    0,00    0,00    2,53    0,00    0,00    0,00   97,47
02:37:05       7    0,00    0,00    0,00    0,00    0,00    0,00    0,00    0,00    0,00  100,00
02:37:05       8    1,14    0,00    1,14    0,00    0,00   21,59    0,00    0,00    0,00   76,14
02:37:05       9    0,00    0,00    0,00    0,00    0,00    1,47    0,00    0,00    0,00   98,53
02:37:05      10    0,00    0,00    0,00    0,00    0,00    4,17    0,00    0,00    0,00   95,83
02:37:05      11    0,00    0,00    0,00    0,00    0,00    5,48    0,00    0,00    0,00   94,52
02:37:05      12    0,00    0,00    0,00    0,00    0,00    8,11    0,00    0,00    0,00   91,89
02:37:05      13    0,00    0,00    0,00    0,00    0,00    1,47    0,00    0,00    0,00   98,53
02:37:05      14    0,00    0,00    0,00    0,00    0,00    6,85    0,00    0,00    0,00   93,15
02:37:05      15    0,00    0,00    0,00    0,00    0,00   13,75    0,00    0,00    0,00   86,25
02:37:05      16    0,00    0,00    0,00    0,00    0,00    2,41    0,00    0,00    0,00   97,59
02:37:05      17    0,00    0,00    0,00    0,00    0,00    0,00    0,00    0,00    0,00  100,00
02:37:05      18    0,00    0,00    0,00    0,00    0,00    0,00    0,00    0,00    0,00  100,00
02:37:05      19    0,00    0,00    0,00    0,00    0,00    4,76    0,00    0,00    0,00   95,24
02:37:05      20    0,00    0,00    0,00    0,00    0,00    0,00    0,00    0,00    0,00  100,00
02:37:05      21    0,00    0,00    0,00    0,00    0,00    1,22    0,00    0,00    0,00   98,78
02:37:05      22    0,00    0,00    0,00    0,00    0,00    2,41    0,00    0,00    0,00   97,59
02:37:05      23    0,00    0,00    0,00    0,00    0,00    0,00    0,00    0,00    0,00  100,00

02:37:05     CPU    %usr   %nice    %sys %iowait    %irq   %soft  %steal  %guest  %gnice   %idle
02:37:06     all    0,05    0,00    0,00    0,00    0,00    5,12    0,00    0,00    0,00   94,83
02:37:06       0    0,00    0,00    0,00    0,00    0,00    4,48    0,00    0,00    0,00   95,52
02:37:06       1    0,00    0,00    0,00    0,00    0,00    2,50    0,00    0,00    0,00   97,50
02:37:06       2    0,00    0,00    0,00    0,00    0,00    3,70    0,00    0,00    0,00   96,30
02:37:06       3    0,00    0,00    0,00    0,00    0,00    1,25    0,00    0,00    0,00   98,75
02:37:06       4    0,00    0,00    0,00    0,00    0,00    6,10    0,00    0,00    0,00   93,90
02:37:06       5    0,00    0,00    0,00    0,00    0,00    3,75    0,00    0,00    0,00   96,25
02:37:06       6    0,00    0,00    0,00    0,00    0,00   19,79    0,00    0,00    0,00   80,21
02:37:06       7    0,00    0,00    0,00    0,00    0,00    1,27    0,00    0,00    0,00   98,73
02:37:06       8    0,00    0,00    0,00    0,00    0,00   20,24    0,00    0,00    0,00   79,76
02:37:06       9    0,00    0,00    0,00    0,00    0,00    2,86    0,00    0,00    0,00   97,14
02:37:06      10    0,00    0,00    0,00    0,00    0,00    8,11    0,00    0,00    0,00   91,89
02:37:06      11    0,00    0,00    0,00    0,00    0,00    5,56    0,00    0,00    0,00   94,44
02:37:06      12    0,00    0,00    0,00    0,00    0,00    9,46    0,00    0,00    0,00   90,54
02:37:06      13    0,00    0,00    0,00    0,00    0,00    4,23    0,00    0,00    0,00   95,77
02:37:06      14    0,00    0,00    0,00    0,00    0,00    4,29    0,00    0,00    0,00   95,71
02:37:06      15    1,27    0,00    0,00    0,00    0,00   12,66    0,00    0,00    0,00   86,08
02:37:06      16    0,00    0,00    0,00    0,00    0,00    2,38    0,00    0,00    0,00   97,62
02:37:06      17    0,00    0,00    0,00    0,00    0,00    1,22    0,00    0,00    0,00   98,78
02:37:06      18    0,00    0,00    0,00    0,00    0,00    0,00    0,00    0,00    0,00  100,00
02:37:06      19    0,00    0,00    0,00    0,00    0,00    3,66    0,00    0,00    0,00   96,34
02:37:06      20    0,00    0,00    0,00    0,00    0,00    0,00    0,00    0,00    0,00  100,00
02:37:06      21    0,00    0,00    0,00    0,00    0,00    0,00    0,00    0,00    0,00  100,00
02:37:06      22    0,00    0,00    0,00    0,00    0,00    1,20    0,00    0,00    0,00   98,80
02:37:06      23    0,00    0,00    0,00    0,00    0,00    1,22    0,00    0,00    0,00   98,78

02:37:06     CPU    %usr   %nice    %sys %iowait    %irq   %soft  %steal  %guest  %gnice   %idle
02:37:07     all    0,37    0,00    0,00    0,00    0,00    5,93    0,00    0,00    0,00   93,71
02:37:07       0    0,00    0,00    0,00    0,00    0,00    8,70    0,00    0,00    0,00   91,30
02:37:07       1    0,00    0,00    0,00    0,00    0,00    3,70    0,00    0,00    0,00   96,30
02:37:07       2    0,00    0,00    0,00    0,00    0,00    3,66    0,00    0,00    0,00   96,34
02:37:07       3    0,00    0,00    0,00    0,00    0,00    0,00    0,00    0,00    0,00  100,00
02:37:07       4    2,47    0,00    0,00    0,00    0,00    3,70    0,00    0,00    0,00   93,83
02:37:07       5    0,00    0,00    0,00    0,00    0,00    4,94    0,00    0,00    0,00   95,06
02:37:07       6    1,18    0,00    0,00    0,00    0,00    8,24    0,00    0,00    0,00   90,59
02:37:07       7    0,00    0,00    0,00    0,00    0,00    1,27    0,00    0,00    0,00   98,73
02:37:07       8    0,00    0,00    0,00    0,00    0,00   18,29    0,00    0,00    0,00   81,71
02:37:07       9    0,00    0,00    0,00    0,00    0,00   18,29    0,00    0,00    0,00   81,71
02:37:07      10    4,05    0,00    0,00    0,00    0,00    8,11    0,00    0,00    0,00   87,84
02:37:07      11    0,00    0,00    0,00    0,00    0,00    6,85    0,00    0,00    0,00   93,15
02:37:07      12    0,00    0,00    0,00    0,00    0,00    9,46    0,00    0,00    0,00   90,54
02:37:07      13    0,00    0,00    0,00    0,00    0,00    1,47    0,00    0,00    0,00   98,53
02:37:07      14    0,00    0,00    0,00    0,00    0,00   15,19    0,00    0,00    0,00   84,81
02:37:07      15    0,00    0,00    0,00    0,00    0,00   15,00    0,00    0,00    0,00   85,00
02:37:07      16    0,00    0,00    0,00    0,00    0,00    3,57    0,00    0,00    0,00   96,43
02:37:07      17    1,22    0,00    0,00    0,00    0,00    0,00    0,00    0,00    0,00   98,78
02:37:07      18    0,00    0,00    0,00    0,00    0,00    1,22    0,00    0,00    0,00   98,78
02:37:07      19    0,00    0,00    0,00    0,00    0,00    4,76    0,00    0,00    0,00   95,24
02:37:07      20    0,00    0,00    0,00    0,00    0,00    1,25    0,00    0,00    0,00   98,75
02:37:07      21    0,00    0,00    0,00    0,00    0,00    1,22    0,00    0,00    0,00   98,78
02:37:07      22    0,00    0,00    0,00    0,00    0,00    2,41    0,00    0,00    0,00   97,59
02:37:07      23    0,00    0,00    0,00    0,00    0,00    1,23    0,00    0,00    0,00   98,77

02:37:07     CPU    %usr   %nice    %sys %iowait    %irq   %soft  %steal  %guest  %gnice   %idle
02:37:08     all    0,05    0,00    0,05    0,05    0,00    5,57    0,00    0,00    0,00   94,27
02:37:08       0    0,00    0,00    0,00    0,00    0,00    9,86    0,00    0,00    0,00   90,14
02:37:08       1    0,00    0,00    0,00    0,00    0,00    3,70    0,00    0,00    0,00   96,30
02:37:08       2    0,00    0,00    0,00    0,00    0,00    2,44    0,00    0,00    0,00   97,56
02:37:08       3    0,00    0,00    0,00    0,00    0,00    1,23    0,00    0,00    0,00   98,77
02:37:08       4    0,00    0,00    0,00    0,00    0,00    4,88    0,00    0,00    0,00   95,12
02:37:08       5    0,00    0,00    0,00    0,00    0,00    3,70    0,00    0,00    0,00   96,30
02:37:08       6    0,00    0,00    0,00    1,18    0,00    9,41    0,00    0,00    0,00   89,41
02:37:08       7    0,00    0,00    0,00    0,00    0,00    1,28    0,00    0,00    0,00   98,72
02:37:08       8    0,00    0,00    0,00    0,00    0,00   18,29    0,00    0,00    0,00   81,71
02:37:08       9    0,00    0,00    0,00    0,00    0,00    1,45    0,00    0,00    0,00   98,55
02:37:08      10    1,06    0,00    1,06    0,00    0,00   26,60    0,00    0,00    0,00   71,28
02:37:08      11    0,00    0,00    0,00    0,00    0,00    4,17    0,00    0,00    0,00   95,83
02:37:08      12    0,00    0,00    0,00    0,00    0,00   10,67    0,00    0,00    0,00   89,33
02:37:08      13    0,00    0,00    0,00    0,00    0,00    2,90    0,00    0,00    0,00   97,10
02:37:08      14    0,00    0,00    0,00    0,00    0,00    5,63    0,00    0,00    0,00   94,37
02:37:08      15    0,00    0,00    0,00    0,00    0,00   17,28    0,00    0,00    0,00   82,72
02:37:08      16    0,00    0,00    0,00    0,00    0,00    3,57    0,00    0,00    0,00   96,43
02:37:08      17    0,00    0,00    0,00    0,00    0,00    0,00    0,00    0,00    0,00  100,00
02:37:08      18    0,00    0,00    0,00    0,00    0,00    0,00    0,00    0,00    0,00  100,00
02:37:08      19    0,00    0,00    0,00    0,00    0,00    2,47    0,00    0,00    0,00   97,53
02:37:08      20    0,00    0,00    0,00    0,00    0,00    0,00    0,00    0,00    0,00  100,00
02:37:08      21    0,00    0,00    0,00    0,00    0,00    0,00    0,00    0,00    0,00  100,00
02:37:08      22    0,00    0,00    0,00    0,00    0,00    0,00    0,00    0,00    0,00  100,00
02:37:08      23    0,00    0,00    0,00    0,00    0,00    0,00    0,00    0,00    0,00  100,00

02:37:08     CPU    %usr   %nice    %sys %iowait    %irq   %soft  %steal  %guest  %gnice   %idle
02:37:09     all    0,11    0,00    0,05    0,00    0,00    5,06    0,00    0,00    0,00   94,78
02:37:09       0    0,00    0,00    0,00    0,00    0,00    8,57    0,00    0,00    0,00   91,43
02:37:09       1    0,00    0,00    0,00    0,00    0,00    3,70    0,00    0,00    0,00   96,30
02:37:09       2    0,00    0,00    0,00    0,00    0,00    2,47    0,00    0,00    0,00   97,53
02:37:09       3    0,00    0,00    0,00    0,00    0,00    0,00    0,00    0,00    0,00  100,00
02:37:09       4    0,00    0,00    0,00    0,00    0,00    2,50    0,00    0,00    0,00   97,50
02:37:09       5    0,00    0,00    0,00    0,00    0,00    3,75    0,00    0,00    0,00   96,25
02:37:09       6    1,01    0,00    1,01    0,00    0,00   21,21    0,00    0,00    0,00   76,77
02:37:09       7    0,00    0,00    0,00    0,00    0,00    0,00    0,00    0,00    0,00  100,00
02:37:09       8    1,19    0,00    0,00    0,00    0,00   17,86    0,00    0,00    0,00   80,95
02:37:09       9    0,00    0,00    0,00    0,00    0,00    2,86    0,00    0,00    0,00   97,14
02:37:09      10    0,00    0,00    0,00    0,00    0,00    9,33    0,00    0,00    0,00   90,67
02:37:09      11    0,00    0,00    0,00    0,00    0,00    6,85    0,00    0,00    0,00   93,15
02:37:09      12    0,00    0,00    0,00    0,00    0,00    6,85    0,00    0,00    0,00   93,15
02:37:09      13    0,00    0,00    0,00    0,00    0,00    2,86    0,00    0,00    0,00   97,14
02:37:09      14    0,00    0,00    0,00    0,00    0,00    4,29    0,00    0,00    0,00   95,71
02:37:09      15    0,00    0,00    0,00    0,00    0,00   12,66    0,00    0,00    0,00   87,34
02:37:09      16    0,00    0,00    0,00    0,00    0,00    3,57    0,00    0,00    0,00   96,43
02:37:09      17    0,00    0,00    0,00    0,00    0,00    1,22    0,00    0,00    0,00   98,78
02:37:09      18    0,00    0,00    0,00    0,00    0,00    0,00    0,00    0,00    0,00  100,00
02:37:09      19    0,00    0,00    0,00    0,00    0,00    4,76    0,00    0,00    0,00   95,24
02:37:09      20    0,00    0,00    0,00    0,00    0,00    0,00    0,00    0,00    0,00  100,00
02:37:09      21    0,00    0,00    0,00    0,00    0,00    0,00    0,00    0,00    0,00  100,00
02:37:09      22    0,00    0,00    0,00    0,00    0,00    2,38    0,00    0,00    0,00   97,62
02:37:09      23    0,00    0,00    0,00    0,00    0,00    0,00    0,00    0,00    0,00  100,00

02:37:09     CPU    %usr   %nice    %sys %iowait    %irq   %soft  %steal  %guest  %gnice   %idle
02:37:10     all    0,05    0,00    0,05    0,00    0,00    4,56    0,00    0,00    0,00   95,33
02:37:10       0    0,00    0,00    0,00    0,00    0,00    7,25    0,00    0,00    0,00   92,75
02:37:10       1    0,00    0,00    0,00    0,00    0,00    2,50    0,00    0,00    0,00   97,50
02:37:10       2    0,00    0,00    0,00    0,00    0,00    3,66    0,00    0,00    0,00   96,34
02:37:10       3    0,00    0,00    0,00    0,00    0,00    0,00    0,00    0,00    0,00  100,00
02:37:10       4    0,00    0,00    0,00    0,00    0,00    2,53    0,00    0,00    0,00   97,47
02:37:10       5    1,25    0,00    0,00    0,00    0,00    2,50    0,00    0,00    0,00   96,25
02:37:10       6    0,00    0,00    0,00    0,00    0,00   11,36    0,00    0,00    0,00   88,64
02:37:10       7    0,00    0,00    0,00    0,00    0,00    0,00    0,00    0,00    0,00  100,00
02:37:10       8    0,00    0,00    0,00    0,00    0,00   17,28    0,00    0,00    0,00   82,72
02:37:10       9    0,00    0,00    0,00    0,00    0,00    2,90    0,00    0,00    0,00   97,10
02:37:10      10    0,00    0,00    0,00    0,00    0,00    9,33    0,00    0,00    0,00   90,67
02:37:10      11    0,00    0,00    0,00    0,00    0,00    6,76    0,00    0,00    0,00   93,24
02:37:10      12    0,00    0,00    0,00    0,00    0,00   19,28    0,00    0,00    0,00   80,72
02:37:10      13    0,00    0,00    0,00    0,00    0,00    1,47    0,00    0,00    0,00   98,53
02:37:10      14    0,00    0,00    0,00    0,00    0,00    2,86    0,00    0,00    0,00   97,14
02:37:10      15    0,00    0,00    0,00    0,00    0,00   12,82    0,00    0,00    0,00   87,18
02:37:10      16    0,00    0,00    0,00    0,00    0,00    1,23    0,00    0,00    0,00   98,77
02:37:10      17    0,00    0,00    0,00    0,00    0,00    0,00    0,00    0,00    0,00  100,00
02:37:10      18    0,00    0,00    0,00    0,00    0,00    1,22    0,00    0,00    0,00   98,78
02:37:10      19    0,00    0,00    1,20    0,00    0,00    2,41    0,00    0,00    0,00   96,39
02:37:10      20    0,00    0,00    0,00    0,00    0,00    1,23    0,00    0,00    0,00   98,77
02:37:10      21    0,00    0,00    0,00    0,00    0,00    0,00    0,00    0,00    0,00  100,00
02:37:10      22    0,00    0,00    0,00    0,00    0,00    0,00    0,00    0,00    0,00  100,00
02:37:10      23    0,00    0,00    0,00    0,00    0,00    0,00    0,00    0,00    0,00  100,00

02:37:10     CPU    %usr   %nice    %sys %iowait    %irq   %soft  %steal  %guest  %gnice   %idle
02:37:11     all    0,10    0,00    0,00    0,00    0,00    5,66    0,00    0,00    0,00   94,23
02:37:11       0    0,00    0,00    0,00    0,00    0,00   11,11    0,00    0,00    0,00   88,89
02:37:11       1    0,00    0,00    0,00    0,00    0,00    3,66    0,00    0,00    0,00   96,34
02:37:11       2    0,00    0,00    0,00    0,00    0,00    2,50    0,00    0,00    0,00   97,50
02:37:11       3    0,00    0,00    0,00    0,00    0,00    0,00    0,00    0,00    0,00  100,00
02:37:11       4    0,00    0,00    0,00    0,00    0,00    1,25    0,00    0,00    0,00   98,75
02:37:11       5    0,00    0,00    0,00    0,00    0,00    2,50    0,00    0,00    0,00   97,50
02:37:11       6    0,00    0,00    0,00    0,00    0,00    2,50    0,00    0,00    0,00   97,50
02:37:11       7    0,00    0,00    0,00    0,00    0,00    1,25    0,00    0,00    0,00   98,75
02:37:11       8    0,00    0,00    0,00    0,00    0,00   24,72    0,00    0,00    0,00   75,28
02:37:11       9    0,00    0,00    0,00    0,00    0,00    1,45    0,00    0,00    0,00   98,55
02:37:11      10    1,28    0,00    0,00    0,00    0,00   11,54    0,00    0,00    0,00   87,18
02:37:11      11    0,00    0,00    0,00    0,00    0,00    9,33    0,00    0,00    0,00   90,67
02:37:11      12    0,00    0,00    0,00    0,00    0,00   18,52    0,00    0,00    0,00   81,48
02:37:11      13    0,00    0,00    0,00    0,00    0,00    1,47    0,00    0,00    0,00   98,53
02:37:11      14    0,00    0,00    0,00    0,00    0,00    5,63    0,00    0,00    0,00   94,37
02:37:11      15    1,14    0,00    0,00    0,00    0,00   21,59    0,00    0,00    0,00   77,27
02:37:11      16    0,00    0,00    0,00    0,00    0,00    3,57    0,00    0,00    0,00   96,43
02:37:11      17    0,00    0,00    0,00    0,00    0,00    1,22    0,00    0,00    0,00   98,78
02:37:11      18    0,00    0,00    0,00    0,00    0,00    0,00    0,00    0,00    0,00  100,00
02:37:11      19    0,00    0,00    0,00    0,00    0,00    3,61    0,00    0,00    0,00   96,39
02:37:11      20    0,00    0,00    0,00    0,00    0,00    0,00    0,00    0,00    0,00  100,00
02:37:11      21    0,00    0,00    0,00    0,00    0,00    1,23    0,00    0,00    0,00   98,77
02:37:11      22    0,00    0,00    0,00    0,00    0,00    2,41    0,00    0,00    0,00   97,59
02:37:11      23    0,00    0,00    0,00    0,00    0,00    1,23    0,00    0,00    0,00   98,77

02:37:11     CPU    %usr   %nice    %sys %iowait    %irq   %soft  %steal  %guest  %gnice   %idle
02:37:12     all    0,21    0,00    0,05    0,00    0,00    6,28    0,00    0,00    0,00   93,46
02:37:12       0    0,00    0,00    0,00    0,00    0,00   14,67    0,00    0,00    0,00   85,33
02:37:12       1    0,00    0,00    0,00    0,00    0,00    3,70    0,00    0,00    0,00   96,30
02:37:12       2    0,00    0,00    0,00    0,00    0,00    4,82    0,00    0,00    0,00   95,18
02:37:12       3    0,00    0,00    0,00    0,00    0,00    1,25    0,00    0,00    0,00   98,75
02:37:12       4    1,22    0,00    1,22    0,00    0,00    3,66    0,00    0,00    0,00   93,90
02:37:12       5    0,00    0,00    0,00    0,00    0,00    2,50    0,00    0,00    0,00   97,50
02:37:12       6    1,27    0,00    0,00    0,00    0,00    2,53    0,00    0,00    0,00   96,20
02:37:12       7    0,00    0,00    0,00    0,00    0,00    1,28    0,00    0,00    0,00   98,72
02:37:12       8    1,14    0,00    0,00    0,00    0,00   25,00    0,00    0,00    0,00   73,86
02:37:12       9    0,00    0,00    0,00    0,00    0,00    4,29    0,00    0,00    0,00   95,71
02:37:12      10    0,00    0,00    0,00    0,00    0,00   25,00    0,00    0,00    0,00   75,00
02:37:12      11    0,00    0,00    0,00    0,00    0,00   13,92    0,00    0,00    0,00   86,08
02:37:12      12    1,23    0,00    0,00    0,00    0,00   16,05    0,00    0,00    0,00   82,72
02:37:12      13    0,00    0,00    0,00    0,00    0,00    2,90    0,00    0,00    0,00   97,10
02:37:12      14    0,00    0,00    0,00    0,00    0,00    2,90    0,00    0,00    0,00   97,10
02:37:12      15    0,00    0,00    0,00    0,00    0,00   12,99    0,00    0,00    0,00   87,01
02:37:12      16    0,00    0,00    0,00    0,00    0,00    4,71    0,00    0,00    0,00   95,29
02:37:12      17    0,00    0,00    0,00    0,00    0,00    1,20    0,00    0,00    0,00   98,80
02:37:12      18    0,00    0,00    0,00    0,00    0,00    0,00    0,00    0,00    0,00  100,00
02:37:12      19    0,00    0,00    0,00    0,00    0,00    2,47    0,00    0,00    0,00   97,53
02:37:12      20    0,00    0,00    0,00    0,00    0,00    0,00    0,00    0,00    0,00  100,00
02:37:12      21    0,00    0,00    0,00    0,00    0,00    0,00    0,00    0,00    0,00  100,00
02:37:12      22    0,00    0,00    0,00    0,00    0,00    1,22    0,00    0,00    0,00   98,78
02:37:12      23    0,00    0,00    0,00    0,00    0,00    0,00    0,00    0,00    0,00  100,00

02:37:12     CPU    %usr   %nice    %sys %iowait    %irq   %soft  %steal  %guest  %gnice   %idle
02:37:13     all    0,05    0,00    0,00    0,05    0,00    5,26    0,00    0,00    0,00   94,63
02:37:13       0    0,00    0,00    0,00    0,00    0,00   12,33    0,00    0,00    0,00   87,67
02:37:13       1    0,00    0,00    0,00    0,00    0,00    2,50    0,00    0,00    0,00   97,50
02:37:13       2    0,00    0,00    0,00    0,00    0,00    3,61    0,00    0,00    0,00   96,39
02:37:13       3    0,00    0,00    0,00    0,00    0,00    0,00    0,00    0,00    0,00  100,00
02:37:13       4    0,00    0,00    0,00    0,00    0,00    2,50    0,00    0,00    0,00   97,50
02:37:13       5    0,00    0,00    0,00    0,00    0,00    1,28    0,00    0,00    0,00   98,72
02:37:13       6    1,18    0,00    0,00    1,18    0,00    7,06    0,00    0,00    0,00   90,59
02:37:13       7    0,00    0,00    0,00    0,00    0,00    0,00    0,00    0,00    0,00  100,00
02:37:13       8    0,00    0,00    0,00    0,00    0,00   19,28    0,00    0,00    0,00   80,72
02:37:13       9    0,00    0,00    0,00    0,00    0,00    2,90    0,00    0,00    0,00   97,10
02:37:13      10    0,00    0,00    0,00    0,00    0,00   12,82    0,00    0,00    0,00   87,18
02:37:13      11    0,00    0,00    0,00    0,00    0,00   24,72    0,00    0,00    0,00   75,28
02:37:13      12    0,00    0,00    0,00    0,00    0,00    9,33    0,00    0,00    0,00   90,67
02:37:13      13    0,00    0,00    0,00    0,00    0,00    0,00    0,00    0,00    0,00  100,00
02:37:13      14    0,00    0,00    0,00    0,00    0,00    4,29    0,00    0,00    0,00   95,71
02:37:13      15    0,00    0,00    0,00    0,00    0,00    9,21    0,00    0,00    0,00   90,79
02:37:13      16    0,00    0,00    0,00    0,00    0,00    2,41    0,00    0,00    0,00   97,59
02:37:13      17    0,00    0,00    0,00    0,00    0,00    0,00    0,00    0,00    0,00  100,00
02:37:13      18    0,00    0,00    0,00    0,00    0,00    1,22    0,00    0,00    0,00   98,78
02:37:13      19    0,00    0,00    0,00    0,00    0,00    3,61    0,00    0,00    0,00   96,39
02:37:13      20    0,00    0,00    0,00    0,00    0,00    1,23    0,00    0,00    0,00   98,77
02:37:13      21    0,00    0,00    0,00    0,00    0,00    1,23    0,00    0,00    0,00   98,77
02:37:13      22    0,00    0,00    0,00    0,00    0,00    1,20    0,00    0,00    0,00   98,80
02:37:13      23    0,00    0,00    0,00    0,00    0,00    1,22    0,00    0,00    0,00   98,78

02:37:13     CPU    %usr   %nice    %sys %iowait    %irq   %soft  %steal  %guest  %gnice   %idle
02:37:14     all    0,16    0,00    0,11    0,00    0,00    5,06    0,00    0,00    0,00   94,68
02:37:14       0    0,00    0,00    0,00    0,00    0,00    7,14    0,00    0,00    0,00   92,86
02:37:14       1    0,00    0,00    0,00    0,00    0,00    2,50    0,00    0,00    0,00   97,50
02:37:14       2    0,00    0,00    0,00    0,00    0,00    3,66    0,00    0,00    0,00   96,34
02:37:14       3    0,00    0,00    0,00    0,00    0,00    0,00    0,00    0,00    0,00  100,00
02:37:14       4    0,00    0,00    0,00    0,00    0,00    2,50    0,00    0,00    0,00   97,50
02:37:14       5    0,00    0,00    0,00    0,00    0,00    1,27    0,00    0,00    0,00   98,73
02:37:14       6    0,00    0,00    0,00    0,00    0,00    3,75    0,00    0,00    0,00   96,25
02:37:14       7    0,00    0,00    0,00    0,00    0,00    1,27    0,00    0,00    0,00   98,73
02:37:14       8    1,08    0,00    0,00    0,00    0,00   26,88    0,00    0,00    0,00   72,04
02:37:14       9    0,00    0,00    0,00    0,00    0,00    4,23    0,00    0,00    0,00   95,77
02:37:14      10    1,27    0,00    1,27    0,00    0,00   11,39    0,00    0,00    0,00   86,08
02:37:14      11    1,16    0,00    0,00    0,00    0,00   19,77    0,00    0,00    0,00   79,07
02:37:14      12    0,00    0,00    0,00    0,00    0,00   10,67    0,00    0,00    0,00   89,33
02:37:14      13    0,00    0,00    0,00    0,00    0,00    1,47    0,00    0,00    0,00   98,53
02:37:14      14    0,00    0,00    0,00    0,00    0,00    2,90    0,00    0,00    0,00   97,10
02:37:14      15    0,00    0,00    0,00    0,00    0,00   10,53    0,00    0,00    0,00   89,47
02:37:14      16    0,00    0,00    1,20    0,00    0,00    2,41    0,00    0,00    0,00   96,39
02:37:14      17    0,00    0,00    0,00    0,00    0,00    1,20    0,00    0,00    0,00   98,80
02:37:14      18    0,00    0,00    0,00    0,00    0,00    0,00    0,00    0,00    0,00  100,00
02:37:14      19    0,00    0,00    0,00    0,00    0,00    2,44    0,00    0,00    0,00   97,56
02:37:14      20    0,00    0,00    0,00    0,00    0,00    0,00    0,00    0,00    0,00  100,00
02:37:14      21    0,00    0,00    0,00    0,00    0,00    0,00    0,00    0,00    0,00  100,00
02:37:14      22    0,00    0,00    0,00    0,00    0,00    1,22    0,00    0,00    0,00   98,78
02:37:14      23    0,00    0,00    0,00    0,00    0,00    0,00    0,00    0,00    0,00  100,00

02:37:14     CPU    %usr   %nice    %sys %iowait    %irq   %soft  %steal  %guest  %gnice   %idle
02:37:15     all    0,11    0,00    0,05    0,00    0,00    5,89    0,00    0,00    0,00   93,95
02:37:15       0    0,00    0,00    0,00    0,00    0,00   10,00    0,00    0,00    0,00   90,00
02:37:15       1    0,00    0,00    0,00    0,00    0,00    3,70    0,00    0,00    0,00   96,30
02:37:15       2    0,00    0,00    0,00    0,00    0,00    4,82    0,00    0,00    0,00   95,18
02:37:15       3    0,00    0,00    0,00    0,00    0,00    1,25    0,00    0,00    0,00   98,75
02:37:15       4    0,00    0,00    0,00    0,00    0,00    8,33    0,00    0,00    0,00   91,67
02:37:15       5    0,00    0,00    1,18    0,00    0,00    8,24    0,00    0,00    0,00   90,59
02:37:15       6    0,00    0,00    0,00    0,00    0,00    3,70    0,00    0,00    0,00   96,30
02:37:15       7    0,00    0,00    0,00    0,00    0,00    1,27    0,00    0,00    0,00   98,73
02:37:15       8    0,00    0,00    0,00    0,00    0,00   15,38    0,00    0,00    0,00   84,62
02:37:15       9    0,00    0,00    0,00    0,00    0,00    4,29    0,00    0,00    0,00   95,71
02:37:15      10    2,27    0,00    0,00    0,00    0,00   23,86    0,00    0,00    0,00   73,86
02:37:15      11    0,00    0,00    0,00    0,00    0,00    5,56    0,00    0,00    0,00   94,44
02:37:15      12    0,00    0,00    0,00    0,00    0,00   12,99    0,00    0,00    0,00   87,01
02:37:15      13    0,00    0,00    0,00    0,00    0,00    2,90    0,00    0,00    0,00   97,10
02:37:15      14    0,00    0,00    0,00    0,00    0,00    4,29    0,00    0,00    0,00   95,71
02:37:15      15    0,00    0,00    0,00    0,00    0,00   15,19    0,00    0,00    0,00   84,81
02:37:15      16    0,00    0,00    0,00    0,00    0,00    3,57    0,00    0,00    0,00   96,43
02:37:15      17    0,00    0,00    0,00    0,00    0,00    0,00    0,00    0,00    0,00  100,00
02:37:15      18    0,00    0,00    0,00    0,00    0,00    1,23    0,00    0,00    0,00   98,77
02:37:15      19    0,00    0,00    0,00    0,00    0,00    3,61    0,00    0,00    0,00   96,39
02:37:15      20    0,00    0,00    0,00    0,00    0,00    2,41    0,00    0,00    0,00   97,59
02:37:15      21    0,00    0,00    0,00    0,00    0,00    1,25    0,00    0,00    0,00   98,75
02:37:15      22    0,00    0,00    0,00    0,00    0,00    1,22    0,00    0,00    0,00   98,78
02:37:15      23    0,00    0,00    0,00    0,00    0,00    1,23    0,00    0,00    0,00   98,77

02:37:15     CPU    %usr   %nice    %sys %iowait    %irq   %soft  %steal  %guest  %gnice   %idle
02:37:16     all    0,16    0,00    0,05    0,00    0,00    5,18    0,00    0,00    0,00   94,61
02:37:16       0    0,00    0,00    0,00    0,00    0,00    8,57    0,00    0,00    0,00   91,43
02:37:16       1    0,00    0,00    0,00    0,00    0,00    3,70    0,00    0,00    0,00   96,30
02:37:16       2    0,00    0,00    0,00    0,00    0,00   11,36    0,00    0,00    0,00   88,64
02:37:16       3    0,00    0,00    0,00    0,00    0,00    0,00    0,00    0,00    0,00  100,00
02:37:16       4    0,00    0,00    0,00    0,00    0,00    1,27    0,00    0,00    0,00   98,73
02:37:16       5    0,00    0,00    0,00    0,00    0,00    6,10    0,00    0,00    0,00   93,90
02:37:16       6    0,00    0,00    0,00    0,00    0,00    3,70    0,00    0,00    0,00   96,30
02:37:16       7    0,00    0,00    0,00    0,00    0,00    3,70    0,00    0,00    0,00   96,30
02:37:16       8    1,23    0,00    0,00    0,00    0,00   17,28    0,00    0,00    0,00   81,48
02:37:16       9    1,41    0,00    0,00    0,00    0,00    4,23    0,00    0,00    0,00   94,37
02:37:16      10    1,22    0,00    0,00    0,00    0,00   17,07    0,00    0,00    0,00   81,71
02:37:16      11    0,00    0,00    0,00    0,00    0,00    5,56    0,00    0,00    0,00   94,44
02:37:16      12    0,00    0,00    0,00    0,00    0,00   13,16    0,00    0,00    0,00   86,84
02:37:16      13    0,00    0,00    0,00    0,00    0,00    2,90    0,00    0,00    0,00   97,10
02:37:16      14    0,00    0,00    0,00    0,00    0,00    4,29    0,00    0,00    0,00   95,71
02:37:16      15    0,00    0,00    0,00    0,00    0,00    9,21    0,00    0,00    0,00   90,79
02:37:16      16    0,00    0,00    0,00    0,00    0,00    4,76    0,00    0,00    0,00   95,24
02:37:16      17    0,00    0,00    1,20    0,00    0,00    1,20    0,00    0,00    0,00   97,59
02:37:16      18    0,00    0,00    0,00    0,00    0,00    0,00    0,00    0,00    0,00  100,00
02:37:16      19    0,00    0,00    0,00    0,00    0,00    2,47    0,00    0,00    0,00   97,53
02:37:16      20    0,00    0,00    0,00    0,00    0,00    2,44    0,00    0,00    0,00   97,56
02:37:16      21    0,00    0,00    0,00    0,00    0,00    0,00    0,00    0,00    0,00  100,00
02:37:16      22    0,00    0,00    0,00    0,00    0,00    1,22    0,00    0,00    0,00   98,78
02:37:16      23    0,00    0,00    0,00    0,00    0,00    0,00    0,00    0,00    0,00  100,00

02:37:16     CPU    %usr   %nice    %sys %iowait    %irq   %soft  %steal  %guest  %gnice   %idle
02:37:17     all    0,05    0,00    0,00    0,00    0,00    5,11    0,00    0,00    0,00   94,84
02:37:17       0    0,00    0,00    0,00    0,00    0,00    7,25    0,00    0,00    0,00   92,75
02:37:17       1    0,00    0,00    0,00    0,00    0,00    4,88    0,00    0,00    0,00   95,12
02:37:17       2    0,00    0,00    0,00    0,00    0,00    5,88    0,00    0,00    0,00   94,12
02:37:17       3    0,00    0,00    0,00    0,00    0,00    1,25    0,00    0,00    0,00   98,75
02:37:17       4    1,11    0,00    0,00    0,00    0,00   14,44    0,00    0,00    0,00   84,44
02:37:17       5    0,00    0,00    0,00    0,00    0,00    2,53    0,00    0,00    0,00   97,47
02:37:17       6    0,00    0,00    0,00    0,00    0,00    2,50    0,00    0,00    0,00   97,50
02:37:17       7    0,00    0,00    0,00    0,00    0,00    2,50    0,00    0,00    0,00   97,50
02:37:17       8    0,00    0,00    0,00    0,00    0,00   17,28    0,00    0,00    0,00   82,72
02:37:17       9    0,00    0,00    0,00    0,00    0,00    1,47    0,00    0,00    0,00   98,53
02:37:17      10    0,00    0,00    0,00    0,00    0,00   17,07    0,00    0,00    0,00   82,93
02:37:17      11    0,00    0,00    0,00    0,00    0,00    5,56    0,00    0,00    0,00   94,44
02:37:17      12    0,00    0,00    0,00    0,00    0,00    9,33    0,00    0,00    0,00   90,67
02:37:17      13    0,00    0,00    0,00    0,00    0,00    2,86    0,00    0,00    0,00   97,14
02:37:17      14    0,00    0,00    0,00    0,00    0,00    4,23    0,00    0,00    0,00   95,77
02:37:17      15    0,00    0,00    0,00    0,00    0,00   12,82    0,00    0,00    0,00   87,18
02:37:17      16    0,00    0,00    0,00    0,00    0,00    2,44    0,00    0,00    0,00   97,56
02:37:17      17    0,00    0,00    0,00    0,00    0,00    1,22    0,00    0,00    0,00   98,78
02:37:17      18    0,00    0,00    0,00    0,00    0,00    0,00    0,00    0,00    0,00  100,00
02:37:17      19    0,00    0,00    0,00    0,00    0,00    3,61    0,00    0,00    0,00   96,39
02:37:17      20    0,00    0,00    0,00    0,00    0,00    0,00    0,00    0,00    0,00  100,00
02:37:17      21    0,00    0,00    0,00    0,00    0,00    0,00    0,00    0,00    0,00  100,00
02:37:17      22    0,00    0,00    0,00    0,00    0,00    2,38    0,00    0,00    0,00   97,62
02:37:17      23    0,00    0,00    0,00    0,00    0,00    0,00    0,00    0,00    0,00  100,00

02:37:17     CPU    %usr   %nice    %sys %iowait    %irq   %soft  %steal  %guest  %gnice   %idle
02:37:18     all    0,05    0,00    0,11    0,11    0,00    5,37    0,00    0,00    0,00   94,37
02:37:18       0    0,00    0,00    0,00    0,00    0,00    8,57    0,00    0,00    0,00   91,43
02:37:18       1    0,00    0,00    1,22    0,00    0,00    3,66    0,00    0,00    0,00   95,12
02:37:18       2    0,00    0,00    0,00    0,00    0,00    4,82    0,00    0,00    0,00   95,18
02:37:18       3    0,00    0,00    0,00    0,00    0,00    0,00    0,00    0,00    0,00  100,00
02:37:18       4    0,00    0,00    0,00    0,00    0,00    0,00    0,00    0,00    0,00  100,00
02:37:18       5    0,00    0,00    0,00    0,00    0,00    2,53    0,00    0,00    0,00   97,47
02:37:18       6    0,00    0,00    0,00    1,25    0,00    2,50    0,00    0,00    0,00   96,25
02:37:18       7    0,00    0,00    0,00    0,00    0,00    2,50    0,00    0,00    0,00   97,50
02:37:18       8    0,00    0,00    1,20    0,00    0,00   18,07    0,00    0,00    0,00   80,72
02:37:18       9    0,00    0,00    0,00    0,00    0,00   26,37    0,00    0,00    0,00   73,63
02:37:18      10    1,25    0,00    0,00    0,00    0,00   15,00    0,00    0,00    0,00   83,75
02:37:18      11    0,00    0,00    0,00    0,00    0,00    5,48    0,00    0,00    0,00   94,52
02:37:18      12    0,00    0,00    0,00    0,00    0,00    9,46    0,00    0,00    0,00   90,54
02:37:18      13    0,00    0,00    0,00    0,00    0,00    2,90    0,00    0,00    0,00   97,10
02:37:18      14    0,00    0,00    0,00    1,43    0,00    2,86    0,00    0,00    0,00   95,71
02:37:18      15    0,00    0,00    0,00    0,00    0,00    9,33    0,00    0,00    0,00   90,67
02:37:18      16    0,00    0,00    0,00    0,00    0,00    1,23    0,00    0,00    0,00   98,77
02:37:18      17    0,00    0,00    0,00    0,00    0,00    0,00    0,00    0,00    0,00  100,00
02:37:18      18    0,00    0,00    0,00    0,00    0,00    1,22    0,00    0,00    0,00   98,78
02:37:18      19    0,00    0,00    0,00    0,00    0,00    3,61    0,00    0,00    0,00   96,39
02:37:18      20    0,00    0,00    0,00    0,00    0,00    2,44    0,00    0,00    0,00   97,56
02:37:18      21    0,00    0,00    0,00    0,00    0,00    1,23    0,00    0,00    0,00   98,77
02:37:18      22    0,00    0,00    0,00    0,00    0,00    1,22    0,00    0,00    0,00   98,78
02:37:18      23    0,00    0,00    0,00    0,00    0,00    1,23    0,00    0,00    0,00   98,77

02:37:18     CPU    %usr   %nice    %sys %iowait    %irq   %soft  %steal  %guest  %gnice   %idle
02:37:19     all    0,05    0,00    0,00    0,00    0,00    5,17    0,00    0,00    0,00   94,78
02:37:19       0    0,00    0,00    0,00    0,00    0,00    7,25    0,00    0,00    0,00   92,75
02:37:19       1    0,00    0,00    0,00    0,00    0,00    2,47    0,00    0,00    0,00   97,53
02:37:19       2    1,18    0,00    0,00    0,00    0,00    7,06    0,00    0,00    0,00   91,76
02:37:19       3    0,00    0,00    0,00    0,00    0,00    1,25    0,00    0,00    0,00   98,75
02:37:19       4    0,00    0,00    0,00    0,00    0,00    3,70    0,00    0,00    0,00   96,30
02:37:19       5    0,00    0,00    0,00    0,00    0,00    1,27    0,00    0,00    0,00   98,73
02:37:19       6    0,00    0,00    0,00    0,00    0,00    3,70    0,00    0,00    0,00   96,30
02:37:19       7    0,00    0,00    0,00    0,00    0,00    2,50    0,00    0,00    0,00   97,50
02:37:19       8    0,00    0,00    0,00    0,00    0,00   20,24    0,00    0,00    0,00   79,76
02:37:19       9    0,00    0,00    0,00    0,00    0,00    2,90    0,00    0,00    0,00   97,10
02:37:19      10    0,00    0,00    0,00    0,00    0,00   22,09    0,00    0,00    0,00   77,91
02:37:19      11    0,00    0,00    0,00    0,00    0,00    5,56    0,00    0,00    0,00   94,44
02:37:19      12    0,00    0,00    0,00    0,00    0,00   15,19    0,00    0,00    0,00   84,81
02:37:19      13    0,00    0,00    0,00    0,00    0,00    4,29    0,00    0,00    0,00   95,71
02:37:19      14    0,00    0,00    0,00    0,00    0,00    4,29    0,00    0,00    0,00   95,71
02:37:19      15    0,00    0,00    0,00    0,00    0,00   10,39    0,00    0,00    0,00   89,61
02:37:19      16    0,00    0,00    0,00    0,00    0,00    3,57    0,00    0,00    0,00   96,43
02:37:19      17    0,00    0,00    0,00    0,00    0,00    0,00    0,00    0,00    0,00  100,00
02:37:19      18    0,00    0,00    0,00    0,00    0,00    1,22    0,00    0,00    0,00   98,78
02:37:19      19    0,00    0,00    0,00    0,00    0,00    2,47    0,00    0,00    0,00   97,53
02:37:19      20    0,00    0,00    0,00    0,00    0,00    0,00    0,00    0,00    0,00  100,00
02:37:19      21    0,00    0,00    0,00    0,00    0,00    0,00    0,00    0,00    0,00  100,00
02:37:19      22    0,00    0,00    0,00    0,00    0,00    1,20    0,00    0,00    0,00   98,80
02:37:19      23    0,00    0,00    0,00    0,00    0,00    0,00    0,00    0,00    0,00  100,00

02:37:19     CPU    %usr   %nice    %sys %iowait    %irq   %soft  %steal  %guest  %gnice   %idle
02:37:20     all    0,11    0,00    0,16    0,00    0,00    5,21    0,00    0,00    0,00   94,53
02:37:20       0    0,00    0,00    0,00    0,00    0,00    7,14    0,00    0,00    0,00   92,86
02:37:20       1    0,00    0,00    0,00    0,00    0,00    3,70    0,00    0,00    0,00   96,30
02:37:20       2    0,00    0,00    0,00    0,00    0,00    5,95    0,00    0,00    0,00   94,05
02:37:20       3    0,00    0,00    0,00    0,00    0,00    0,00    0,00    0,00    0,00  100,00
02:37:20       4    0,00    0,00    1,25    0,00    0,00    2,50    0,00    0,00    0,00   96,25
02:37:20       5    0,00    0,00    0,00    0,00    0,00    2,53    0,00    0,00    0,00   97,47
02:37:20       6    0,00    0,00    0,00    0,00    0,00    3,70    0,00    0,00    0,00   96,30
02:37:20       7    0,00    0,00    0,00    0,00    0,00    3,70    0,00    0,00    0,00   96,30
02:37:20       8    1,28    0,00    0,00    0,00    0,00   12,82    0,00    0,00    0,00   85,90
02:37:20       9    0,00    0,00    1,39    0,00    0,00    4,17    0,00    0,00    0,00   94,44
02:37:20      10    0,00    0,00    0,00    0,00    0,00   10,53    0,00    0,00    0,00   89,47
02:37:20      11    0,00    0,00    0,00    0,00    0,00    5,48    0,00    0,00    0,00   94,52
02:37:20      12    1,04    0,00    1,04    0,00    0,00   29,17    0,00    0,00    0,00   68,75
02:37:20      13    0,00    0,00    0,00    0,00    0,00    1,47    0,00    0,00    0,00   98,53
02:37:20      14    0,00    0,00    0,00    0,00    0,00    5,63    0,00    0,00    0,00   94,37
02:37:20      15    0,00    0,00    0,00    0,00    0,00   11,69    0,00    0,00    0,00   88,31
02:37:20      16    0,00    0,00    0,00    0,00    0,00    2,41    0,00    0,00    0,00   97,59
02:37:20      17    0,00    0,00    0,00    0,00    0,00    1,22    0,00    0,00    0,00   98,78
02:37:20      18    0,00    0,00    0,00    0,00    0,00    1,20    0,00    0,00    0,00   98,80
02:37:20      19    0,00    0,00    0,00    0,00    0,00    2,44    0,00    0,00    0,00   97,56
02:37:20      20    0,00    0,00    0,00    0,00    0,00    1,22    0,00    0,00    0,00   98,78
02:37:20      21    0,00    0,00    0,00    0,00    0,00    1,23    0,00    0,00    0,00   98,77
02:37:20      22    0,00    0,00    0,00    0,00    0,00    1,20    0,00    0,00    0,00   98,80
02:37:20      23    0,00    0,00    0,00    0,00    0,00    0,00    0,00    0,00    0,00  100,00

02:37:20     CPU    %usr   %nice    %sys %iowait    %irq   %soft  %steal  %guest  %gnice   %idle
02:37:21     all    0,11    0,00    0,00    0,00    0,00    4,98    0,00    0,00    0,00   94,92
02:37:21       0    0,00    0,00    0,00    0,00    0,00    5,88    0,00    0,00    0,00   94,12
02:37:21       1    0,00    0,00    0,00    0,00    0,00    3,70    0,00    0,00    0,00   96,30
02:37:21       2    0,00    0,00    0,00    0,00    0,00    8,24    0,00    0,00    0,00   91,76
02:37:21       3    0,00    0,00    0,00    0,00    0,00    1,23    0,00    0,00    0,00   98,77
02:37:21       4    1,23    0,00    0,00    0,00    0,00    2,47    0,00    0,00    0,00   96,30
02:37:21       5    0,00    0,00    0,00    0,00    0,00    2,50    0,00    0,00    0,00   97,50
02:37:21       6    0,00    0,00    0,00    0,00    0,00    4,94    0,00    0,00    0,00   95,06
02:37:21       7    0,00    0,00    0,00    0,00    0,00    2,50    0,00    0,00    0,00   97,50
02:37:21       8    0,00    0,00    0,00    0,00    0,00   12,99    0,00    0,00    0,00   87,01
02:37:21       9    0,00    0,00    0,00    0,00    0,00    4,29    0,00    0,00    0,00   95,71
02:37:21      10    1,09    0,00    0,00    0,00    0,00   26,09    0,00    0,00    0,00   72,83
02:37:21      11    0,00    0,00    0,00    0,00    0,00    5,56    0,00    0,00    0,00   94,44
02:37:21      12    0,00    0,00    0,00    0,00    0,00    9,46    0,00    0,00    0,00   90,54
02:37:21      13    0,00    0,00    0,00    0,00    0,00    4,29    0,00    0,00    0,00   95,71
02:37:21      14    0,00    0,00    0,00    0,00    0,00    2,90    0,00    0,00    0,00   97,10
02:37:21      15    0,00    0,00    0,00    0,00    0,00   13,92    0,00    0,00    0,00   86,08
02:37:21      16    0,00    0,00    0,00    0,00    0,00    3,57    0,00    0,00    0,00   96,43
02:37:21      17    0,00    0,00    0,00    0,00    0,00    0,00    0,00    0,00    0,00  100,00
02:37:21      18    0,00    0,00    0,00    0,00    0,00    0,00    0,00    0,00    0,00  100,00
02:37:21      19    0,00    0,00    0,00    0,00    0,00    1,23    0,00    0,00    0,00   98,77
02:37:21      20    0,00    0,00    0,00    0,00    0,00    0,00    0,00    0,00    0,00  100,00
02:37:21      21    0,00    0,00    0,00    0,00    0,00    0,00    0,00    0,00    0,00  100,00
02:37:21      22    0,00    0,00    0,00    0,00    0,00    1,22    0,00    0,00    0,00   98,78
02:37:21      23    0,00    0,00    0,00    0,00    0,00    0,00    0,00    0,00    0,00  100,00

02:37:21     CPU    %usr   %nice    %sys %iowait    %irq   %soft  %steal  %guest  %gnice   %idle
02:37:22     all    0,00    0,00    0,11    0,00    0,00    5,37    0,00    0,00    0,00   94,52
02:37:22       0    0,00    0,00    0,00    0,00    0,00    5,88    0,00    0,00    0,00   94,12
02:37:22       1    0,00    0,00    0,00    0,00    0,00    3,70    0,00    0,00    0,00   96,30
02:37:22       2    0,00    0,00    0,00    0,00    0,00    5,95    0,00    0,00    0,00   94,05
02:37:22       3    0,00    0,00    0,00    0,00    0,00    1,27    0,00    0,00    0,00   98,73
02:37:22       4    0,00    0,00    0,00    0,00    0,00    0,00    0,00    0,00    0,00  100,00
02:37:22       5    0,00    0,00    0,00    0,00    0,00    3,75    0,00    0,00    0,00   96,25
02:37:22       6    0,00    0,00    1,15    0,00    0,00    9,20    0,00    0,00    0,00   89,66
02:37:22       7    0,00    0,00    0,00    0,00    0,00    2,50    0,00    0,00    0,00   97,50
02:37:22       8    0,00    0,00    0,00    0,00    0,00   21,18    0,00    0,00    0,00   78,82
02:37:22       9    0,00    0,00    0,00    0,00    0,00    2,86    0,00    0,00    0,00   97,14
02:37:22      10    0,00    0,00    1,14    0,00    0,00   23,86    0,00    0,00    0,00   75,00
02:37:22      11    0,00    0,00    0,00    0,00    0,00    5,56    0,00    0,00    0,00   94,44
02:37:22      12    0,00    0,00    0,00    0,00    0,00   12,82    0,00    0,00    0,00   87,18
02:37:22      13    0,00    0,00    0,00    0,00    0,00    2,86    0,00    0,00    0,00   97,14
02:37:22      14    0,00    0,00    0,00    0,00    0,00    1,45    0,00    0,00    0,00   98,55
02:37:22      15    0,00    0,00    0,00    0,00    0,00   13,92    0,00    0,00    0,00   86,08
02:37:22      16    0,00    0,00    0,00    0,00    0,00    2,41    0,00    0,00    0,00   97,59
02:37:22      17    0,00    0,00    0,00    0,00    0,00    0,00    0,00    0,00    0,00  100,00
02:37:22      18    0,00    0,00    0,00    0,00    0,00    0,00    0,00    0,00    0,00  100,00
02:37:22      19    0,00    0,00    0,00    0,00    0,00    2,47    0,00    0,00    0,00   97,53
02:37:22      20    0,00    0,00    0,00    0,00    0,00    0,00    0,00    0,00    0,00  100,00
02:37:22      21    0,00    0,00    0,00    0,00    0,00    1,23    0,00    0,00    0,00   98,77
02:37:22      22    0,00    0,00    0,00    0,00    0,00    1,20    0,00    0,00    0,00   98,80
02:37:22      23    0,00    0,00    0,00    0,00    0,00    1,25    0,00    0,00    0,00   98,75

02:37:22     CPU    %usr   %nice    %sys %iowait    %irq   %soft  %steal  %guest  %gnice   %idle
02:37:23     all    0,05    0,00    0,00    0,11    0,00    4,97    0,00    0,00    0,00   94,87
02:37:23       0    0,00    0,00    0,00    0,00    0,00    7,25    0,00    0,00    0,00   92,75
02:37:23       1    0,00    0,00    0,00    0,00    0,00    2,50    0,00    0,00    0,00   97,50
02:37:23       2    0,00    0,00    0,00    0,00    0,00    4,82    0,00    0,00    0,00   95,18
02:37:23       3    0,00    0,00    0,00    0,00    0,00    0,00    0,00    0,00    0,00  100,00
02:37:23       4    0,00    0,00    0,00    0,00    0,00    2,50    0,00    0,00    0,00   97,50
02:37:23       5    0,00    0,00    0,00    0,00    0,00    1,28    0,00    0,00    0,00   98,72
02:37:23       6    1,09    0,00    0,00    2,17    0,00   15,22    0,00    0,00    0,00   81,52
02:37:23       7    0,00    0,00    0,00    0,00    0,00    3,70    0,00    0,00    0,00   96,30
02:37:23       8    0,00    0,00    0,00    0,00    0,00   21,18    0,00    0,00    0,00   78,82
02:37:23       9    0,00    0,00    0,00    0,00    0,00    2,86    0,00    0,00    0,00   97,14
02:37:23      10    0,00    0,00    0,00    0,00    0,00    9,33    0,00    0,00    0,00   90,67
02:37:23      11    0,00    0,00    0,00    0,00    0,00    6,85    0,00    0,00    0,00   93,15
02:37:23      12    0,00    0,00    0,00    0,00    0,00    8,22    0,00    0,00    0,00   91,78
02:37:23      13    0,00    0,00    0,00    0,00    0,00    1,47    0,00    0,00    0,00   98,53
02:37:23      14    0,00    0,00    0,00    0,00    0,00    5,63    0,00    0,00    0,00   94,37
02:37:23      15    0,00    0,00    0,00    0,00    0,00   12,66    0,00    0,00    0,00   87,34
02:37:23      16    0,00    0,00    0,00    0,00    0,00    5,81    0,00    0,00    0,00   94,19
02:37:23      17    0,00    0,00    0,00    0,00    0,00    1,22    0,00    0,00    0,00   98,78
02:37:23      18    0,00    0,00    0,00    0,00    0,00    1,22    0,00    0,00    0,00   98,78
02:37:23      19    0,00    0,00    0,00    0,00    0,00    1,23    0,00    0,00    0,00   98,77
02:37:23      20    0,00    0,00    0,00    0,00    0,00    1,23    0,00    0,00    0,00   98,77
02:37:23      21    0,00    0,00    0,00    0,00    0,00    0,00    0,00    0,00    0,00  100,00
02:37:23      22    0,00    0,00    0,00    0,00    0,00    1,22    0,00    0,00    0,00   98,78
02:37:23      23    0,00    0,00    0,00    0,00    0,00    0,00    0,00    0,00    0,00  100,00

02:37:23     CPU    %usr   %nice    %sys %iowait    %irq   %soft  %steal  %guest  %gnice   %idle
02:37:24     all    0,05    0,00    0,05    0,00    0,00    5,07    0,00    0,00    0,00   94,82
02:37:24       0    0,00    0,00    0,00    0,00    0,00    5,88    0,00    0,00    0,00   94,12
02:37:24       1    0,00    0,00    0,00    0,00    0,00    3,70    0,00    0,00    0,00   96,30
02:37:24       2    0,00    0,00    0,00    0,00    0,00    4,82    0,00    0,00    0,00   95,18
02:37:24       3    0,00    0,00    0,00    0,00    0,00    1,25    0,00    0,00    0,00   98,75
02:37:24       4    0,00    0,00    0,00    0,00    0,00    2,53    0,00    0,00    0,00   97,47
02:37:24       5    0,00    0,00    0,00    0,00    0,00    2,53    0,00    0,00    0,00   97,47
02:37:24       6    0,00    0,00    0,00    0,00    0,00    4,88    0,00    0,00    0,00   95,12
02:37:24       7    0,00    0,00    0,00    0,00    0,00    2,50    0,00    0,00    0,00   97,50
02:37:24       8    1,02    0,00    1,02    0,00    0,00   30,61    0,00    0,00    0,00   67,35
02:37:24       9    0,00    0,00    0,00    0,00    0,00    4,29    0,00    0,00    0,00   95,71
02:37:24      10    0,00    0,00    0,00    0,00    0,00    8,11    0,00    0,00    0,00   91,89
02:37:24      11    0,00    0,00    0,00    0,00    0,00    6,85    0,00    0,00    0,00   93,15
02:37:24      12    0,00    0,00    0,00    0,00    0,00   12,99    0,00    0,00    0,00   87,01
02:37:24      13    0,00    0,00    0,00    0,00    0,00    2,90    0,00    0,00    0,00   97,10
02:37:24      14    0,00    0,00    0,00    0,00    0,00    0,00    0,00    0,00    0,00  100,00
02:37:24      15    0,00    0,00    0,00    0,00    0,00   15,00    0,00    0,00    0,00   85,00
02:37:24      16    0,00    0,00    0,00    0,00    0,00    3,57    0,00    0,00    0,00   96,43
02:37:24      17    0,00    0,00    0,00    0,00    0,00    0,00    0,00    0,00    0,00  100,00
02:37:24      18    0,00    0,00    0,00    0,00    0,00    0,00    0,00    0,00    0,00  100,00
02:37:24      19    0,00    0,00    0,00    0,00    0,00    2,44    0,00    0,00    0,00   97,56
02:37:24      20    0,00    0,00    0,00    0,00    0,00    0,00    0,00    0,00    0,00  100,00
02:37:24      21    0,00    0,00    0,00    0,00    0,00    0,00    0,00    0,00    0,00  100,00
02:37:24      22    0,00    0,00    0,00    0,00    0,00    1,20    0,00    0,00    0,00   98,80
02:37:24      23    0,00    0,00    0,00    0,00    0,00    0,00    0,00    0,00    0,00  100,00

02:37:24     CPU    %usr   %nice    %sys %iowait    %irq   %soft  %steal  %guest  %gnice   %idle
02:37:25     all    5,63    0,00    1,34    0,05    0,00   17,28    0,00    0,00    0,00   75,70
02:37:25       0   11,83    0,00    5,38    0,00    0,00   40,86    0,00    0,00    0,00   41,94
02:37:25       1    0,00    0,00    0,00    0,00    0,00   12,50    0,00    0,00    0,00   87,50
02:37:25       2    1,18    0,00    1,18    1,18    0,00   12,94    0,00    0,00    0,00   83,53
02:37:25       3   21,59    0,00    1,14    0,00    0,00   14,77    0,00    0,00    0,00   62,50
02:37:25       4    6,67    0,00    3,33    0,00    0,00   16,67    0,00    0,00    0,00   73,33
02:37:25       5    0,00    0,00    0,00    0,00    0,00    3,90    0,00    0,00    0,00   96,10
02:37:25       6    5,62    0,00    1,12    0,00    0,00   16,85    0,00    0,00    0,00   76,40
02:37:25       7    0,00    0,00    0,00    0,00    0,00    8,64    0,00    0,00    0,00   91,36
02:37:25       8   33,68    0,00    2,11    0,00    0,00   40,00    0,00    0,00    0,00   24,21
02:37:25       9    6,85    0,00    0,00    0,00    0,00   28,77    0,00    0,00    0,00   64,38
02:37:25      10   23,66    0,00    2,15    0,00    0,00   34,41    0,00    0,00    0,00   39,78
02:37:25      11    2,17    0,00    1,09    0,00    0,00   35,87    0,00    0,00    0,00   60,87
02:37:25      12    1,19    0,00    1,19    0,00    0,00   27,38    0,00    0,00    0,00   70,24
02:37:25      13    0,00    0,00    0,00    0,00    0,00   11,59    0,00    0,00    0,00   88,41
02:37:25      14    2,60    0,00    1,30    0,00    0,00   20,78    0,00    0,00    0,00   75,32
02:37:25      15    3,41    0,00    3,41    0,00    0,00   29,55    0,00    0,00    0,00   63,64
02:37:25      16    1,20    0,00    1,20    0,00    0,00    7,23    0,00    0,00    0,00   90,36
02:37:25      17    0,00    0,00    0,00    0,00    0,00    3,75    0,00    0,00    0,00   96,25
02:37:25      18    0,00    0,00    0,00    0,00    0,00    2,53    0,00    0,00    0,00   97,47
02:37:25      19    1,19    0,00    2,38    0,00    0,00    8,33    0,00    0,00    0,00   88,10
02:37:25      20    1,22    0,00    0,00    0,00    0,00    6,10    0,00    0,00    0,00   92,68
02:37:25      21    0,00    0,00    0,00    0,00    0,00    2,53    0,00    0,00    0,00   97,47
02:37:25      22    1,16    0,00    2,33    0,00    0,00   10,47    0,00    0,00    0,00   86,05
02:37:25      23    0,00    0,00    1,23    0,00    0,00    4,94    0,00    0,00    0,00   93,83
