Linux 6.8.0-117-generic (testbed-node6) 	31/05/26 	_x86_64_	(24 CPU)

10:18:53     CPU    %usr   %nice    %sys %iowait    %irq   %soft  %steal  %guest  %gnice   %idle
10:18:54     all    0,46    0,00    0,29    0,17    0,00   16,67    0,00    0,00    0,00   82,41
10:18:54       0    0,00    0,00    0,00    0,00    0,00  100,00    0,00    0,00    0,00    0,00
10:18:54       1    0,00    0,00    0,00    0,00    0,00  100,00    0,00    0,00    0,00    0,00
10:18:54       2    0,00    0,00    0,00    0,00    0,00  100,00    0,00    0,00    0,00    0,00
10:18:54       3    0,00    0,00    0,00    0,00    0,00  100,00    0,00    0,00    0,00    0,00
10:18:54       4    1,00    0,00    0,00    0,00    0,00    0,00    0,00    0,00    0,00   99,00
10:18:54       5    0,00    0,00    0,00    0,00    0,00    0,00    0,00    0,00    0,00  100,00
10:18:54       6    0,99    0,00    0,00    0,00    0,00    0,00    0,00    0,00    0,00   99,01
10:18:54       7    0,00    0,00    0,00    0,00    0,00    0,00    0,00    0,00    0,00  100,00
10:18:54       8    5,94    0,00    0,99    0,99    0,00    0,00    0,00    0,00    0,00   92,08
10:18:54       9    0,00    0,00    0,00    0,00    0,00    0,00    0,00    0,00    0,00  100,00
10:18:54      10    0,99    0,00    0,99    0,00    0,00    0,00    0,00    0,00    0,00   98,02
10:18:54      11    0,00    0,00    0,00    0,00    0,00    0,00    0,00    0,00    0,00  100,00
10:18:54      12    0,00    0,00    0,00    0,00    0,00    0,00    0,00    0,00    0,00  100,00
10:18:54      13    0,00    0,00    0,00    0,00    0,00    0,00    0,00    0,00    0,00  100,00
10:18:54      14    0,00    0,00    0,00    0,00    0,00    0,00    0,00    0,00    0,00  100,00
10:18:54      15    0,00    0,00    0,00    0,00    0,00    0,00    0,00    0,00    0,00  100,00
10:18:54      16    0,00    0,00    0,00    2,02    0,00    0,00    0,00    0,00    0,00   97,98
10:18:54      17    0,00    0,00    1,00    1,00    0,00    0,00    0,00    0,00    0,00   98,00
10:18:54      18    0,00    0,00    1,00    0,00    0,00    0,00    0,00    0,00    0,00   99,00
10:18:54      19    0,98    0,00    0,98    0,00    0,00    0,00    0,00    0,00    0,00   98,04
10:18:54      20    0,00    0,00    0,00    0,00    0,00    0,00    0,00    0,00    0,00  100,00
10:18:54      21    0,00    0,00    0,00    0,00    0,00    0,00    0,00    0,00    0,00  100,00
10:18:54      22    0,00    0,00    1,00    0,00    0,00    0,00    0,00    0,00    0,00   99,00
10:18:54      23    1,00    0,00    1,00    0,00    0,00    0,00    0,00    0,00    0,00   98,00

10:18:54     CPU    %usr   %nice    %sys %iowait    %irq   %soft  %steal  %guest  %gnice   %idle
10:18:55     all    0,00    0,00    0,04    0,00    0,00   16,67    0,00    0,00    0,00   83,29
10:18:55       0    0,00    0,00    0,00    0,00    0,00  100,00    0,00    0,00    0,00    0,00
10:18:55       1    0,00    0,00    0,00    0,00    0,00  100,00    0,00    0,00    0,00    0,00
10:18:55       2    0,00    0,00    0,00    0,00    0,00  100,00    0,00    0,00    0,00    0,00
10:18:55       3    0,00    0,00    0,00    0,00    0,00  100,00    0,00    0,00    0,00    0,00
10:18:55       4    0,00    0,00    0,00    0,00    0,00    0,00    0,00    0,00    0,00  100,00
10:18:55       5    0,00    0,00    0,00    0,00    0,00    0,00    0,00    0,00    0,00  100,00
10:18:55       6    0,00    0,00    1,00    0,00    0,00    0,00    0,00    0,00    0,00   99,00
10:18:55       7    0,00    0,00    0,00    0,00    0,00    0,00    0,00    0,00    0,00  100,00
10:18:55       8    0,00    0,00    0,00    0,00    0,00    0,00    0,00    0,00    0,00  100,00
10:18:55       9    0,00    0,00    0,00    0,00    0,00    0,00    0,00    0,00    0,00  100,00
10:18:55      10    0,00    0,00    0,00    0,00    0,00    0,00    0,00    0,00    0,00  100,00
10:18:55      11    0,00    0,00    0,00    0,00    0,00    0,00    0,00    0,00    0,00  100,00
10:18:55      12    0,00    0,00    0,00    0,00    0,00    0,00    0,00    0,00    0,00  100,00
10:18:55      13    0,00    0,00    0,00    0,00    0,00    0,00    0,00    0,00    0,00  100,00
10:18:55      14    0,00    0,00    0,00    0,00    0,00    0,00    0,00    0,00    0,00  100,00
10:18:55      15    0,00    0,00    0,00    0,00    0,00    0,00    0,00    0,00    0,00  100,00
10:18:55      16    0,00    0,00    0,00    0,00    0,00    0,00    0,00    0,00    0,00  100,00
10:18:55      17    0,00    0,00    0,00    0,00    0,00    0,00    0,00    0,00    0,00  100,00
10:18:55      18    0,00    0,00    0,00    0,00    0,00    0,00    0,00    0,00    0,00  100,00
10:18:55      19    0,00    0,00    0,00    0,00    0,00    0,00    0,00    0,00    0,00  100,00
10:18:55      20    0,00    0,00    0,00    0,00    0,00    0,00    0,00    0,00    0,00  100,00
10:18:55      21    0,00    0,00    0,00    0,00    0,00    0,00    0,00    0,00    0,00  100,00
10:18:55      22    0,00    0,00    0,00    0,00    0,00    0,00    0,00    0,00    0,00  100,00
10:18:55      23    0,00    0,00    0,00    0,00    0,00    0,00    0,00    0,00    0,00  100,00

10:18:55     CPU    %usr   %nice    %sys %iowait    %irq   %soft  %steal  %guest  %gnice   %idle
10:18:56     all    1,25    0,00    0,59    0,00    0,00   16,67    0,00    0,00    0,00   81,49
10:18:56       0    0,00    0,00    0,00    0,00    0,00  100,00    0,00    0,00    0,00    0,00
10:18:56       1    0,00    0,00    0,00    0,00    0,00  100,00    0,00    0,00    0,00    0,00
10:18:56       2    0,00    0,00    0,00    0,00    0,00  100,00    0,00    0,00    0,00    0,00
10:18:56       3    0,00    0,00    0,00    0,00    0,00  100,00    0,00    0,00    0,00    0,00
10:18:56       4    1,02    0,00    0,00    0,00    0,00    0,00    0,00    0,00    0,00   98,98
10:18:56       5    0,00    0,00    0,00    0,00    0,00    0,00    0,00    0,00    0,00  100,00
10:18:56       6    0,00    0,00    0,00    0,00    0,00    0,00    0,00    0,00    0,00  100,00
10:18:56       7    0,00    0,00    0,00    0,00    0,00    0,00    0,00    0,00    0,00  100,00
10:18:56       8    1,01    0,00    0,00    0,00    0,00    0,00    0,00    0,00    0,00   98,99
10:18:56       9    0,00    0,00    0,00    0,00    0,00    0,00    0,00    0,00    0,00  100,00
10:18:56      10    1,00    0,00    0,00    0,00    0,00    0,00    0,00    0,00    0,00   99,00
10:18:56      11    0,00    0,00    0,00    0,00    0,00    0,00    0,00    0,00    0,00  100,00
10:18:56      12    8,00    0,00    1,00    0,00    0,00    0,00    0,00    0,00    0,00   91,00
10:18:56      13    0,00    0,00    0,00    0,00    0,00    0,00    0,00    0,00    0,00  100,00
10:18:56      14    3,03    0,00    3,03    0,00    0,00    0,00    0,00    0,00    0,00   93,94
10:18:56      15    0,00    0,00    0,00    0,00    0,00    0,00    0,00    0,00    0,00  100,00
10:18:56      16    1,00    0,00    1,00    0,00    0,00    0,00    0,00    0,00    0,00   98,00
10:18:56      17    3,03    0,00    1,01    0,00    0,00    0,00    0,00    0,00    0,00   95,96
10:18:56      18    3,03    0,00    1,01    0,00    0,00    0,00    0,00    0,00    0,00   95,96
10:18:56      19    0,00    0,00    0,00    0,00    0,00    0,00    0,00    0,00    0,00  100,00
10:18:56      20    4,00    0,00    3,00    0,00    0,00    0,00    0,00    0,00    0,00   93,00
10:18:56      21    3,92    0,00    2,94    0,00    0,00    0,00    0,00    0,00    0,00   93,14
10:18:56      22    1,00    0,00    1,00    0,00    0,00    0,00    0,00    0,00    0,00   98,00
10:18:56      23    0,00    0,00    0,00    0,00    0,00    0,00    0,00    0,00    0,00  100,00

10:18:56     CPU    %usr   %nice    %sys %iowait    %irq   %soft  %steal  %guest  %gnice   %idle
10:18:57     all    0,00    0,00    0,04    0,00    0,00   16,68    0,00    0,00    0,00   83,28
10:18:57       0    0,00    0,00    0,00    0,00    0,00  100,00    0,00    0,00    0,00    0,00
10:18:57       1    0,00    0,00    0,00    0,00    0,00  100,00    0,00    0,00    0,00    0,00
10:18:57       2    0,00    0,00    0,00    0,00    0,00  100,00    0,00    0,00    0,00    0,00
10:18:57       3    0,00    0,00    0,00    0,00    0,00  100,00    0,00    0,00    0,00    0,00
10:18:57       4    0,00    0,00    0,00    0,00    0,00    0,00    0,00    0,00    0,00  100,00
10:18:57       5    0,00    0,00    0,00    0,00    0,00    0,00    0,00    0,00    0,00  100,00
10:18:57       6    0,00    0,00    0,00    0,00    0,00    0,00    0,00    0,00    0,00  100,00
10:18:57       7    0,00    0,00    0,00    0,00    0,00    0,00    0,00    0,00    0,00  100,00
10:18:57       8    0,00    0,00    0,00    0,00    0,00    0,00    0,00    0,00    0,00  100,00
10:18:57       9    0,00    0,00    0,00    0,00    0,00    0,00    0,00    0,00    0,00  100,00
10:18:57      10    0,00    0,00    0,00    0,00    0,00    0,00    0,00    0,00    0,00  100,00
10:18:57      11    0,00    0,00    0,00    0,00    0,00    0,00    0,00    0,00    0,00  100,00
10:18:57      12    0,00    0,00    0,00    0,00    0,00    0,00    0,00    0,00    0,00  100,00
10:18:57      13    0,00    0,00    0,00    0,00    0,00    0,00    0,00    0,00    0,00  100,00
10:18:57      14    0,00    0,00    0,00    0,00    0,00    0,00    0,00    0,00    0,00  100,00
10:18:57      15    0,00    0,00    0,00    0,00    0,00    0,00    0,00    0,00    0,00  100,00
10:18:57      16    0,00    0,00    0,00    0,00    0,00    0,00    0,00    0,00    0,00  100,00
10:18:57      17    0,00    0,00    0,00    0,00    0,00    0,00    0,00    0,00    0,00  100,00
10:18:57      18    0,00    0,00    0,00    0,00    0,00    0,00    0,00    0,00    0,00  100,00
10:18:57      19    0,00    0,00    0,99    0,00    0,00    0,00    0,00    0,00    0,00   99,01
10:18:57      20    0,00    0,00    0,00    0,00    0,00    0,00    0,00    0,00    0,00  100,00
10:18:57      21    0,00    0,00    0,00    0,00    0,00    0,00    0,00    0,00    0,00  100,00
10:18:57      22    0,00    0,00    0,00    0,00    0,00    0,00    0,00    0,00    0,00  100,00
10:18:57      23    0,00    0,00    0,00    0,00    0,00    0,00    0,00    0,00    0,00  100,00

10:18:57     CPU    %usr   %nice    %sys %iowait    %irq   %soft  %steal  %guest  %gnice   %idle
10:18:58     all    0,71    0,00    0,08    0,00    0,00   16,67    0,00    0,00    0,00   82,53
10:18:58       0    0,00    0,00    0,00    0,00    0,00  100,00    0,00    0,00    0,00    0,00
10:18:58       1    0,00    0,00    0,00    0,00    0,00  100,00    0,00    0,00    0,00    0,00
10:18:58       2    0,00    0,00    0,00    0,00    0,00  100,00    0,00    0,00    0,00    0,00
10:18:58       3    0,00    0,00    0,00    0,00    0,00  100,00    0,00    0,00    0,00    0,00
10:18:58       4    2,02    0,00    1,01    0,00    0,00    0,00    0,00    0,00    0,00   96,97
10:18:58       5    0,00    0,00    0,00    0,00    0,00    0,00    0,00    0,00    0,00  100,00
10:18:58       6    0,00    0,00    0,00    0,00    0,00    0,00    0,00    0,00    0,00  100,00
10:18:58       7    0,00    0,00    0,00    0,00    0,00    0,00    0,00    0,00    0,00  100,00
10:18:58       8    0,00    0,00    0,99    0,00    0,00    0,00    0,00    0,00    0,00   99,01
10:18:58       9    0,00    0,00    0,00    0,00    0,00    0,00    0,00    0,00    0,00  100,00
10:18:58      10    0,00    0,00    0,00    0,00    0,00    0,00    0,00    0,00    0,00  100,00
10:18:58      11    0,00    0,00    0,00    0,00    0,00    0,00    0,00    0,00    0,00  100,00
10:18:58      12   11,11    0,00    0,00    0,00    0,00    0,00    0,00    0,00    0,00   88,89
10:18:58      13    0,00    0,00    0,00    0,00    0,00    0,00    0,00    0,00    0,00  100,00
10:18:58      14    0,00    0,00    0,00    0,00    0,00    0,00    0,00    0,00    0,00  100,00
10:18:58      15    0,00    0,00    0,00    0,00    0,00    0,00    0,00    0,00    0,00  100,00
10:18:58      16    0,99    0,00    0,00    0,00    0,00    0,00    0,00    0,00    0,00   99,01
10:18:58      17    2,97    0,00    0,00    0,00    0,00    0,00    0,00    0,00    0,00   97,03
10:18:58      18    0,00    0,00    0,00    0,00    0,00    0,00    0,00    0,00    0,00  100,00
10:18:58      19    0,00    0,00    0,00    0,00    0,00    0,00    0,00    0,00    0,00  100,00
10:18:58      20    0,00    0,00    0,00    0,00    0,00    0,00    0,00    0,00    0,00  100,00
10:18:58      21    0,00    0,00    0,00    0,00    0,00    0,00    0,00    0,00    0,00  100,00
10:18:58      22    0,00    0,00    0,00    0,00    0,00    0,00    0,00    0,00    0,00  100,00
10:18:58      23    0,00    0,00    0,00    0,00    0,00    0,00    0,00    0,00    0,00  100,00

10:18:58     CPU    %usr   %nice    %sys %iowait    %irq   %soft  %steal  %guest  %gnice   %idle
10:18:59     all    0,37    0,00    0,17    0,21    0,00   16,66    0,00    0,00    0,00   82,59
10:18:59       0    0,00    0,00    0,00    0,00    0,00  100,00    0,00    0,00    0,00    0,00
10:18:59       1    0,00    0,00    0,00    0,00    0,00  100,00    0,00    0,00    0,00    0,00
10:18:59       2    0,00    0,00    0,00    0,00    0,00  100,00    0,00    0,00    0,00    0,00
10:18:59       3    0,00    0,00    0,00    0,00    0,00  100,00    0,00    0,00    0,00    0,00
10:18:59       4    2,00    0,00    0,00    0,00    0,00    0,00    0,00    0,00    0,00   98,00
10:18:59       5    0,00    0,00    0,00    0,00    0,00    0,00    0,00    0,00    0,00  100,00
10:18:59       6    0,99    0,00    0,00    0,99    0,00    0,00    0,00    0,00    0,00   98,02
10:18:59       7    0,00    0,00    0,00    0,00    0,00    0,00    0,00    0,00    0,00  100,00
10:18:59       8    1,00    0,00    0,00    0,00    0,00    0,00    0,00    0,00    0,00   99,00
10:18:59       9    0,00    0,00    0,00    0,00    0,00    0,00    0,00    0,00    0,00  100,00
10:18:59      10    0,00    0,00    0,00    0,00    0,00    0,00    0,00    0,00    0,00  100,00
10:18:59      11    0,00    0,00    0,00    0,00    0,00    0,00    0,00    0,00    0,00  100,00
10:18:59      12    1,00    0,00    0,00    0,00    0,00    0,00    0,00    0,00    0,00   99,00
10:18:59      13    0,00    0,00    0,00    0,00    0,00    0,00    0,00    0,00    0,00  100,00
10:18:59      14    1,00    0,00    0,00    1,00    0,00    0,00    0,00    0,00    0,00   98,00
10:18:59      15    0,00    0,00    0,00    0,00    0,00    0,00    0,00    0,00    0,00  100,00
10:18:59      16    0,00    0,00    0,99    1,98    0,00    0,00    0,00    0,00    0,00   97,03
10:18:59      17    0,00    0,00    1,00    0,00    0,00    0,00    0,00    0,00    0,00   99,00
10:18:59      18    2,00    0,00    1,00    0,00    0,00    0,00    0,00    0,00    0,00   97,00
10:18:59      19    0,99    0,00    0,00    0,00    0,00    0,00    0,00    0,00    0,00   99,01
10:18:59      20    0,00    0,00    0,00    0,00    0,00    0,00    0,00    0,00    0,00  100,00
10:18:59      21    0,00    0,00    1,00    1,00    0,00    0,00    0,00    0,00    0,00   98,00
10:18:59      22    0,00    0,00    0,00    0,00    0,00    0,00    0,00    0,00    0,00  100,00
10:18:59      23    0,00    0,00    0,00    0,00    0,00    0,00    0,00    0,00    0,00  100,00

10:18:59     CPU    %usr   %nice    %sys %iowait    %irq   %soft  %steal  %guest  %gnice   %idle
10:19:00     all    0,04    0,00    0,00    0,00    0,00   16,70    0,00    0,00    0,00   83,26
10:19:00       0    0,00    0,00    0,00    0,00    0,00  100,00    0,00    0,00    0,00    0,00
10:19:00       1    0,00    0,00    0,00    0,00    0,00  100,00    0,00    0,00    0,00    0,00
10:19:00       2    0,00    0,00    0,00    0,00    0,00  100,00    0,00    0,00    0,00    0,00
10:19:00       3    0,00    0,00    0,00    0,00    0,00  100,00    0,00    0,00    0,00    0,00
10:19:00       4    0,00    0,00    0,00    0,00    0,00    0,00    0,00    0,00    0,00  100,00
10:19:00       5    0,00    0,00    0,00    0,00    0,00    0,00    0,00    0,00    0,00  100,00
10:19:00       6    0,00    0,00    0,00    0,00    0,00    0,00    0,00    0,00    0,00  100,00
10:19:00       7    0,00    0,00    0,00    0,00    0,00    0,00    0,00    0,00    0,00  100,00
10:19:00       8    0,00    0,00    0,00    0,00    0,00    0,00    0,00    0,00    0,00  100,00
10:19:00       9    0,00    0,00    0,00    0,00    0,00    0,00    0,00    0,00    0,00  100,00
10:19:00      10    0,00    0,00    0,00    0,00    0,00    0,00    0,00    0,00    0,00  100,00
10:19:00      11    0,00    0,00    0,00    0,00    0,00    0,00    0,00    0,00    0,00  100,00
10:19:00      12    0,00    0,00    0,00    0,00    0,00    0,00    0,00    0,00    0,00  100,00
10:19:00      13    0,00    0,00    0,00    0,00    0,00    0,00    0,00    0,00    0,00  100,00
10:19:00      14    0,00    0,00    0,00    0,00    0,00    0,00    0,00    0,00    0,00  100,00
10:19:00      15    0,00    0,00    0,00    0,00    0,00    0,00    0,00    0,00    0,00  100,00
10:19:00      16    0,00    0,00    0,00    0,00    0,00    0,00    0,00    0,00    0,00  100,00
10:19:00      17    0,00    0,00    0,00    0,00    0,00    0,00    0,00    0,00    0,00  100,00
10:19:00      18    0,00    0,00    0,00    0,00    0,00    0,00    0,00    0,00    0,00  100,00
10:19:00      19    0,00    0,00    0,00    0,00    0,00    0,00    0,00    0,00    0,00  100,00
10:19:00      20    0,00    0,00    0,00    0,00    0,00    0,00    0,00    0,00    0,00  100,00
10:19:00      21    0,00    0,00    0,00    0,00    0,00    0,00    0,00    0,00    0,00  100,00
10:19:00      22    0,99    0,00    0,00    0,00    0,00    0,00    0,00    0,00    0,00   99,01
10:19:00      23    0,00    0,00    0,00    0,00    0,00    0,00    0,00    0,00    0,00  100,00

10:19:00     CPU    %usr   %nice    %sys %iowait    %irq   %soft  %steal  %guest  %gnice   %idle
10:19:01     all    0,08    0,00    0,00    0,00    0,00   16,67    0,00    0,00    0,00   83,25
10:19:01       0    0,00    0,00    0,00    0,00    0,00  100,00    0,00    0,00    0,00    0,00
10:19:01       1    0,00    0,00    0,00    0,00    0,00  100,00    0,00    0,00    0,00    0,00
10:19:01       2    0,00    0,00    0,00    0,00    0,00  100,00    0,00    0,00    0,00    0,00
10:19:01       3    0,00    0,00    0,00    0,00    0,00  100,00    0,00    0,00    0,00    0,00
10:19:01       4    0,00    0,00    0,00    0,00    0,00    0,00    0,00    0,00    0,00  100,00
10:19:01       5    0,00    0,00    0,00    0,00    0,00    0,00    0,00    0,00    0,00  100,00
10:19:01       6    0,00    0,00    0,00    0,00    0,00    0,00    0,00    0,00    0,00  100,00
10:19:01       7    0,00    0,00    0,00    0,00    0,00    0,00    0,00    0,00    0,00  100,00
10:19:01       8    0,00    0,00    0,00    0,00    0,00    0,00    0,00    0,00    0,00  100,00
10:19:01       9    0,00    0,00    0,00    0,00    0,00    0,00    0,00    0,00    0,00  100,00
10:19:01      10    1,00    0,00    0,00    0,00    0,00    0,00    0,00    0,00    0,00   99,00
10:19:01      11    0,00    0,00    0,00    0,00    0,00    0,00    0,00    0,00    0,00  100,00
10:19:01      12    0,99    0,00    0,00    0,00    0,00    0,00    0,00    0,00    0,00   99,01
10:19:01      13    0,00    0,00    0,00    0,00    0,00    0,00    0,00    0,00    0,00  100,00
10:19:01      14    0,00    0,00    0,00    0,00    0,00    0,00    0,00    0,00    0,00  100,00
10:19:01      15    0,00    0,00    0,00    0,00    0,00    0,00    0,00    0,00    0,00  100,00
10:19:01      16    0,00    0,00    0,00    0,00    0,00    0,00    0,00    0,00    0,00  100,00
10:19:01      17    0,00    0,00    0,00    0,00    0,00    0,00    0,00    0,00    0,00  100,00
10:19:01      18    0,00    0,00    0,00    0,00    0,00    0,00    0,00    0,00    0,00  100,00
10:19:01      19    0,00    0,00    0,00    0,00    0,00    0,00    0,00    0,00    0,00  100,00
10:19:01      20    0,00    0,00    0,00    0,00    0,00    0,00    0,00    0,00    0,00  100,00
10:19:01      21    0,00    0,00    0,00    0,00    0,00    0,00    0,00    0,00    0,00  100,00
10:19:01      22    0,00    0,00    0,00    0,00    0,00    0,00    0,00    0,00    0,00  100,00
10:19:01      23    0,00    0,00    0,00    0,00    0,00    0,00    0,00    0,00    0,00  100,00

10:19:01     CPU    %usr   %nice    %sys %iowait    %irq   %soft  %steal  %guest  %gnice   %idle
10:19:02     all    0,08    0,00    0,04    0,00    0,00   16,67    0,00    0,00    0,00   83,20
10:19:02       0    0,00    0,00    0,00    0,00    0,00  100,00    0,00    0,00    0,00    0,00
10:19:02       1    0,00    0,00    0,00    0,00    0,00  100,00    0,00    0,00    0,00    0,00
10:19:02       2    0,00    0,00    0,00    0,00    0,00  100,00    0,00    0,00    0,00    0,00
10:19:02       3    0,00    0,00    0,00    0,00    0,00  100,00    0,00    0,00    0,00    0,00
10:19:02       4    0,00    0,00    0,00    0,00    0,00    0,00    0,00    0,00    0,00  100,00
10:19:02       5    0,00    0,00    0,00    0,00    0,00    0,00    0,00    0,00    0,00  100,00
10:19:02       6    0,00    0,00    0,00    0,00    0,00    0,00    0,00    0,00    0,00  100,00
10:19:02       7    0,00    0,00    0,00    0,00    0,00    0,00    0,00    0,00    0,00  100,00
10:19:02       8    0,00    0,00    0,00    0,00    0,00    0,00    0,00    0,00    0,00  100,00
10:19:02       9    0,00    0,00    0,00    0,00    0,00    0,00    0,00    0,00    0,00  100,00
10:19:02      10    0,00    0,00    0,99    0,00    0,00    0,00    0,00    0,00    0,00   99,01
10:19:02      11    0,00    0,00    0,00    0,00    0,00    0,00    0,00    0,00    0,00  100,00
10:19:02      12    0,00    0,00    0,00    0,00    0,00    0,00    0,00    0,00    0,00  100,00
10:19:02      13    0,00    0,00    0,00    0,00    0,00    0,00    0,00    0,00    0,00  100,00
10:19:02      14    0,00    0,00    0,00    0,00    0,00    0,00    0,00    0,00    0,00  100,00
10:19:02      15    0,00    0,00    0,00    0,00    0,00    0,00    0,00    0,00    0,00  100,00
10:19:02      16    0,00    0,00    0,00    0,00    0,00    0,00    0,00    0,00    0,00  100,00
10:19:02      17    0,00    0,00    0,00    0,00    0,00    0,00    0,00    0,00    0,00  100,00
10:19:02      18    2,00    0,00    0,00    0,00    0,00    0,00    0,00    0,00    0,00   98,00
10:19:02      19    0,00    0,00    0,00    0,00    0,00    0,00    0,00    0,00    0,00  100,00
10:19:02      20    0,00    0,00    0,00    0,00    0,00    0,00    0,00    0,00    0,00  100,00
10:19:02      21    0,00    0,00    0,00    0,00    0,00    0,00    0,00    0,00    0,00  100,00
10:19:02      22    0,00    0,00    0,00    0,00    0,00    0,00    0,00    0,00    0,00  100,00
10:19:02      23    0,00    0,00    0,00    0,00    0,00    0,00    0,00    0,00    0,00  100,00

10:19:02     CPU    %usr   %nice    %sys %iowait    %irq   %soft  %steal  %guest  %gnice   %idle
10:19:03     all    0,04    0,00    0,00    0,00    0,00   16,67    0,00    0,00    0,00   83,28
10:19:03       0    0,00    0,00    0,00    0,00    0,00  100,00    0,00    0,00    0,00    0,00
10:19:03       1    0,00    0,00    0,00    0,00    0,00  100,00    0,00    0,00    0,00    0,00
10:19:03       2    0,00    0,00    0,00    0,00    0,00  100,00    0,00    0,00    0,00    0,00
10:19:03       3    0,00    0,00    0,00    0,00    0,00  100,00    0,00    0,00    0,00    0,00
10:19:03       4    0,00    0,00    0,00    0,00    0,00    0,00    0,00    0,00    0,00  100,00
10:19:03       5    0,00    0,00    0,00    0,00    0,00    0,00    0,00    0,00    0,00  100,00
10:19:03       6    0,00    0,00    0,00    0,00    0,00    0,00    0,00    0,00    0,00  100,00
10:19:03       7    0,00    0,00    0,00    0,00    0,00    0,00    0,00    0,00    0,00  100,00
10:19:03       8    0,00    0,00    0,00    0,00    0,00    0,00    0,00    0,00    0,00  100,00
10:19:03       9    0,00    0,00    0,00    0,00    0,00    0,00    0,00    0,00    0,00  100,00
10:19:03      10    0,00    0,00    0,00    0,00    0,00    0,00    0,00    0,00    0,00  100,00
10:19:03      11    0,00    0,00    0,00    0,00    0,00    0,00    0,00    0,00    0,00  100,00
10:19:03      12    0,00    0,00    0,00    0,00    0,00    0,00    0,00    0,00    0,00  100,00
10:19:03      13    0,00    0,00    0,00    0,00    0,00    0,00    0,00    0,00    0,00  100,00
10:19:03      14    0,00    0,00    0,00    0,00    0,00    0,00    0,00    0,00    0,00  100,00
10:19:03      15    0,00    0,00    0,00    0,00    0,00    0,00    0,00    0,00    0,00  100,00
10:19:03      16    0,00    0,00    0,00    0,00    0,00    0,00    0,00    0,00    0,00  100,00
10:19:03      17    0,00    0,00    0,00    0,00    0,00    0,00    0,00    0,00    0,00  100,00
10:19:03      18    0,00    0,00    0,00    0,00    0,00    0,00    0,00    0,00    0,00  100,00
10:19:03      19    0,00    0,00    0,00    0,00    0,00    0,00    0,00    0,00    0,00  100,00
10:19:03      20    0,00    0,00    0,00    0,00    0,00    0,00    0,00    0,00    0,00  100,00
10:19:03      21    0,00    0,00    0,00    0,00    0,00    0,00    0,00    0,00    0,00  100,00
10:19:03      22    0,00    0,00    0,00    0,00    0,00    0,00    0,00    0,00    0,00  100,00
10:19:03      23    1,00    0,00    0,00    0,00    0,00    0,00    0,00    0,00    0,00   99,00

10:19:03     CPU    %usr   %nice    %sys %iowait    %irq   %soft  %steal  %guest  %gnice   %idle
10:19:04     all    0,63    0,00    0,54    0,08    0,00   16,70    0,00    0,00    0,00   82,05
10:19:04       0    0,00    0,00    0,00    0,00    0,00  100,00    0,00    0,00    0,00    0,00
10:19:04       1    0,00    0,00    0,00    0,00    0,00  100,00    0,00    0,00    0,00    0,00
10:19:04       2    0,00    0,00    0,00    0,00    0,00  100,00    0,00    0,00    0,00    0,00
10:19:04       3    0,00    0,00    0,00    0,00    0,00  100,00    0,00    0,00    0,00    0,00
10:19:04       4    0,00    0,00    0,00    0,00    0,00    0,00    0,00    0,00    0,00  100,00
10:19:04       5    0,00    0,00    0,00    0,00    0,00    0,00    0,00    0,00    0,00  100,00
10:19:04       6    0,00    0,00    0,00    0,00    0,00    0,00    0,00    0,00    0,00  100,00
10:19:04       7    0,00    0,00    0,00    0,00    0,00    0,00    0,00    0,00    0,00  100,00
10:19:04       8    2,02    0,00    0,00    0,00    0,00    0,00    0,00    0,00    0,00   97,98
10:19:04       9    0,00    0,00    0,00    0,00    0,00    0,00    0,00    0,00    0,00  100,00
10:19:04      10    0,00    0,00    0,00    0,00    0,00    0,00    0,00    0,00    0,00  100,00
10:19:04      11    0,00    0,00    0,00    0,00    0,00    0,00    0,00    0,00    0,00  100,00
10:19:04      12   11,88    0,00    9,90    0,00    0,00    0,00    0,00    0,00    0,00   78,22
10:19:04      13    0,00    0,00    0,00    0,00    0,00    0,00    0,00    0,00    0,00  100,00
10:19:04      14    0,00    0,00    0,00    1,01    0,00    0,00    0,00    0,00    0,00   98,99
10:19:04      15    0,00    0,00    0,00    0,00    0,00    0,00    0,00    0,00    0,00  100,00
10:19:04      16    0,00    0,00    0,00    1,01    0,00    0,00    0,00    0,00    0,00   98,99
10:19:04      17    0,00    0,00    0,00    0,00    0,00    0,00    0,00    0,00    0,00  100,00
10:19:04      18    0,00    0,00    0,00    0,00    0,00    0,00    0,00    0,00    0,00  100,00
10:19:04      19    0,00    0,00    0,99    0,00    0,00    0,00    0,00    0,00    0,00   99,01
10:19:04      20    0,00    0,00    0,00    0,00    0,00    0,00    0,00    0,00    0,00  100,00
10:19:04      21    0,00    0,00    0,00    0,00    0,00    0,00    0,00    0,00    0,00  100,00
10:19:04      22    1,00    0,00    1,00    0,00    0,00    0,00    0,00    0,00    0,00   98,00
10:19:04      23    0,00    0,00    0,99    0,00    0,00    0,00    0,00    0,00    0,00   99,01

10:19:04     CPU    %usr   %nice    %sys %iowait    %irq   %soft  %steal  %guest  %gnice   %idle
10:19:05     all    0,17    0,00    0,17    0,08    0,00   16,63    0,00    0,00    0,00   82,96
10:19:05       0    0,00    0,00    0,00    0,00    0,00  100,00    0,00    0,00    0,00    0,00
10:19:05       1    0,00    0,00    0,00    0,00    0,00  100,00    0,00    0,00    0,00    0,00
10:19:05       2    0,00    0,00    0,00    0,00    0,00  100,00    0,00    0,00    0,00    0,00
10:19:05       3    0,00    0,00    0,00    0,00    0,00  100,00    0,00    0,00    0,00    0,00
10:19:05       4    0,00    0,00    0,00    0,00    0,00    0,00    0,00    0,00    0,00  100,00
10:19:05       5    0,00    0,00    0,00    0,00    0,00    0,00    0,00    0,00    0,00  100,00
10:19:05       6    0,00    0,00    0,00    1,00    0,00    0,00    0,00    0,00    0,00   99,00
10:19:05       7    0,00    0,00    0,00    0,00    0,00    0,00    0,00    0,00    0,00  100,00
10:19:05       8    0,00    0,00    0,00    0,00    0,00    0,00    0,00    0,00    0,00  100,00
10:19:05       9    0,00    0,00    0,00    0,00    0,00    0,00    0,00    0,00    0,00  100,00
10:19:05      10    0,00    0,00    0,00    0,00    0,00    0,00    0,00    0,00    0,00  100,00
10:19:05      11    0,00    0,00    0,00    0,00    0,00    0,00    0,00    0,00    0,00  100,00
10:19:05      12    0,00    0,00    0,00    0,00    0,00    0,00    0,00    0,00    0,00  100,00
10:19:05      13    0,00    0,00    0,00    0,00    0,00    0,00    0,00    0,00    0,00  100,00
10:19:05      14    0,00    0,00    0,00    0,00    0,00    0,00    0,00    0,00    0,00  100,00
10:19:05      15    0,00    0,00    0,00    0,00    0,00    0,00    0,00    0,00    0,00  100,00
10:19:05      16    0,99    0,00    0,00    0,00    0,00    0,00    0,00    0,00    0,00   99,01
10:19:05      17    0,98    0,00    0,98    0,00    0,00    0,00    0,00    0,00    0,00   98,04
10:19:05      18    1,00    0,00    0,00    0,00    0,00    0,00    0,00    0,00    0,00   99,00
10:19:05      19    0,00    0,00    0,00    0,00    0,00    0,00    0,00    0,00    0,00  100,00
10:19:05      20    0,98    0,00    0,98    0,00    0,00    0,00    0,00    0,00    0,00   98,04
10:19:05      21    0,00    0,00    0,99    0,00    0,00    0,00    0,00    0,00    0,00   99,01
10:19:05      22    0,00    0,00    0,99    0,99    0,00    0,00    0,00    0,00    0,00   98,02
10:19:05      23    0,00    0,00    0,00    0,00    0,00    0,00    0,00    0,00    0,00  100,00

10:19:05     CPU    %usr   %nice    %sys %iowait    %irq   %soft  %steal  %guest  %gnice   %idle
10:19:06     all    0,04    0,00    0,00    0,00    0,00   16,68    0,00    0,00    0,00   83,28
10:19:06       0    0,00    0,00    0,00    0,00    0,00  100,00    0,00    0,00    0,00    0,00
10:19:06       1    0,00    0,00    0,00    0,00    0,00  100,00    0,00    0,00    0,00    0,00
10:19:06       2    0,00    0,00    0,00    0,00    0,00  100,00    0,00    0,00    0,00    0,00
10:19:06       3    0,00    0,00    0,00    0,00    0,00  100,00    0,00    0,00    0,00    0,00
10:19:06       4    0,00    0,00    0,00    0,00    0,00    0,00    0,00    0,00    0,00  100,00
10:19:06       5    0,00    0,00    0,00    0,00    0,00    0,00    0,00    0,00    0,00  100,00
10:19:06       6    0,00    0,00    0,00    0,00    0,00    0,00    0,00    0,00    0,00  100,00
10:19:06       7    0,00    0,00    0,00    0,00    0,00    0,00    0,00    0,00    0,00  100,00
10:19:06       8    1,00    0,00    0,00    0,00    0,00    0,00    0,00    0,00    0,00   99,00
10:19:06       9    0,00    0,00    0,00    0,00    0,00    0,00    0,00    0,00    0,00  100,00
10:19:06      10    0,00    0,00    0,00    0,00    0,00    0,00    0,00    0,00    0,00  100,00
10:19:06      11    0,00    0,00    0,00    0,00    0,00    0,00    0,00    0,00    0,00  100,00
10:19:06      12    0,00    0,00    0,00    0,00    0,00    0,00    0,00    0,00    0,00  100,00
10:19:06      13    0,00    0,00    0,00    0,00    0,00    0,00    0,00    0,00    0,00  100,00
10:19:06      14    0,00    0,00    0,00    0,00    0,00    0,00    0,00    0,00    0,00  100,00
10:19:06      15    0,00    0,00    0,00    0,00    0,00    0,00    0,00    0,00    0,00  100,00
10:19:06      16    0,00    0,00    0,00    0,00    0,00    0,00    0,00    0,00    0,00  100,00
10:19:06      17    0,00    0,00    0,00    0,00    0,00    0,00    0,00    0,00    0,00  100,00
10:19:06      18    0,00    0,00    0,00    0,00    0,00    0,00    0,00    0,00    0,00  100,00
10:19:06      19    0,00    0,00    0,00    0,00    0,00    0,00    0,00    0,00    0,00  100,00
10:19:06      20    0,00    0,00    0,00    0,00    0,00    0,00    0,00    0,00    0,00  100,00
10:19:06      21    0,00    0,00    0,00    0,00    0,00    0,00    0,00    0,00    0,00  100,00
10:19:06      22    0,00    0,00    0,00    0,00    0,00    0,00    0,00    0,00    0,00  100,00
10:19:06      23    0,00    0,00    0,00    0,00    0,00    0,00    0,00    0,00    0,00  100,00

10:19:06     CPU    %usr   %nice    %sys %iowait    %irq   %soft  %steal  %guest  %gnice   %idle
10:19:07     all    0,00    0,00    0,00    0,00    0,00   16,67    0,00    0,00    0,00   83,33
10:19:07       0    0,00    0,00    0,00    0,00    0,00  100,00    0,00    0,00    0,00    0,00
10:19:07       1    0,00    0,00    0,00    0,00    0,00  100,00    0,00    0,00    0,00    0,00
10:19:07       2    0,00    0,00    0,00    0,00    0,00  100,00    0,00    0,00    0,00    0,00
10:19:07       3    0,00    0,00    0,00    0,00    0,00  100,00    0,00    0,00    0,00    0,00
10:19:07       4    0,00    0,00    0,00    0,00    0,00    0,00    0,00    0,00    0,00  100,00
10:19:07       5    0,00    0,00    0,00    0,00    0,00    0,00    0,00    0,00    0,00  100,00
10:19:07       6    0,00    0,00    0,00    0,00    0,00    0,00    0,00    0,00    0,00  100,00
10:19:07       7    0,00    0,00    0,00    0,00    0,00    0,00    0,00    0,00    0,00  100,00
10:19:07       8    0,00    0,00    0,00    0,00    0,00    0,00    0,00    0,00    0,00  100,00
10:19:07       9    0,00    0,00    0,00    0,00    0,00    0,00    0,00    0,00    0,00  100,00
10:19:07      10    0,00    0,00    0,00    0,00    0,00    0,00    0,00    0,00    0,00  100,00
10:19:07      11    0,00    0,00    0,00    0,00    0,00    0,00    0,00    0,00    0,00  100,00
10:19:07      12    0,00    0,00    0,00    0,00    0,00    0,00    0,00    0,00    0,00  100,00
10:19:07      13    0,00    0,00    0,00    0,00    0,00    0,00    0,00    0,00    0,00  100,00
10:19:07      14    0,00    0,00    0,00    0,00    0,00    0,00    0,00    0,00    0,00  100,00
10:19:07      15    0,00    0,00    0,00    0,00    0,00    0,00    0,00    0,00    0,00  100,00
10:19:07      16    0,00    0,00    0,00    0,00    0,00    0,00    0,00    0,00    0,00  100,00
10:19:07      17    0,00    0,00    0,00    0,00    0,00    0,00    0,00    0,00    0,00  100,00
10:19:07      18    0,00    0,00    0,00    0,00    0,00    0,00    0,00    0,00    0,00  100,00
10:19:07      19    0,00    0,00    0,00    0,00    0,00    0,00    0,00    0,00    0,00  100,00
10:19:07      20    0,00    0,00    0,00    0,00    0,00    0,00    0,00    0,00    0,00  100,00
10:19:07      21    0,00    0,00    0,00    0,00    0,00    0,00    0,00    0,00    0,00  100,00
10:19:07      22    0,00    0,00    0,00    0,00    0,00    0,00    0,00    0,00    0,00  100,00
10:19:07      23    0,00    0,00    0,00    0,00    0,00    0,00    0,00    0,00    0,00  100,00

10:19:07     CPU    %usr   %nice    %sys %iowait    %irq   %soft  %steal  %guest  %gnice   %idle
10:19:08     all    0,04    0,00    0,00    0,00    0,00   16,69    0,00    0,00    0,00   83,26
10:19:08       0    0,00    0,00    0,00    0,00    0,00  100,00    0,00    0,00    0,00    0,00
10:19:08       1    0,00    0,00    0,00    0,00    0,00  100,00    0,00    0,00    0,00    0,00
10:19:08       2    0,00    0,00    0,00    0,00    0,00  100,00    0,00    0,00    0,00    0,00
10:19:08       3    0,00    0,00    0,00    0,00    0,00  100,00    0,00    0,00    0,00    0,00
10:19:08       4    0,00    0,00    0,00    0,00    0,00    0,00    0,00    0,00    0,00  100,00
10:19:08       5    0,00    0,00    0,00    0,00    0,00    0,00    0,00    0,00    0,00  100,00
10:19:08       6    1,00    0,00    0,00    0,00    0,00    0,00    0,00    0,00    0,00   99,00
10:19:08       7    0,00    0,00    0,00    0,00    0,00    0,00    0,00    0,00    0,00  100,00
10:19:08       8    0,00    0,00    0,00    0,00    0,00    0,00    0,00    0,00    0,00  100,00
10:19:08       9    0,00    0,00    0,00    0,00    0,00    0,00    0,00    0,00    0,00  100,00
10:19:08      10    0,00    0,00    0,00    0,00    0,00    0,00    0,00    0,00    0,00  100,00
10:19:08      11    0,00    0,00    0,00    0,00    0,00    0,00    0,00    0,00    0,00  100,00
10:19:08      12    0,00    0,00    0,00    0,00    0,00    0,00    0,00    0,00    0,00  100,00
10:19:08      13    0,00    0,00    0,00    0,00    0,00    0,00    0,00    0,00    0,00  100,00
10:19:08      14    0,00    0,00    0,00    0,00    0,00    0,00    0,00    0,00    0,00  100,00
10:19:08      15    0,00    0,00    0,00    0,00    0,00    0,00    0,00    0,00    0,00  100,00
10:19:08      16    0,00    0,00    0,00    0,00    0,00    0,00    0,00    0,00    0,00  100,00
10:19:08      17    0,00    0,00    0,00    0,00    0,00    0,00    0,00    0,00    0,00  100,00
10:19:08      18    0,00    0,00    0,00    0,00    0,00    0,00    0,00    0,00    0,00  100,00
10:19:08      19    0,00    0,00    0,00    0,00    0,00    0,00    0,00    0,00    0,00  100,00
10:19:08      20    0,00    0,00    0,00    0,00    0,00    0,00    0,00    0,00    0,00  100,00
10:19:08      21    0,00    0,00    0,00    0,00    0,00    0,00    0,00    0,00    0,00  100,00
10:19:08      22    0,00    0,00    0,00    0,00    0,00    0,00    0,00    0,00    0,00  100,00
10:19:08      23    0,00    0,00    0,00    0,00    0,00    0,00    0,00    0,00    0,00  100,00

10:19:08     CPU    %usr   %nice    %sys %iowait    %irq   %soft  %steal  %guest  %gnice   %idle
10:19:09     all    0,04    0,00    0,13    0,08    0,00   16,72    0,00    0,00    0,00   83,03
10:19:09       0    0,00    0,00    0,00    0,00    0,00  100,00    0,00    0,00    0,00    0,00
10:19:09       1    0,00    0,00    0,00    0,00    0,00  100,00    0,00    0,00    0,00    0,00
10:19:09       2    0,00    0,00    0,00    0,00    0,00  100,00    0,00    0,00    0,00    0,00
10:19:09       3    0,00    0,00    0,00    0,00    0,00  100,00    0,00    0,00    0,00    0,00
10:19:09       4    0,00    0,00    0,00    0,00    0,00    0,00    0,00    0,00    0,00  100,00
10:19:09       5    0,00    0,00    0,00    0,00    0,00    0,00    0,00    0,00    0,00  100,00
10:19:09       6    0,00    0,00    0,00    1,00    0,00    0,00    0,00    0,00    0,00   99,00
10:19:09       7    0,00    0,00    0,00    0,00    0,00    0,00    0,00    0,00    0,00  100,00
10:19:09       8    0,00    0,00    0,00    0,00    0,00    0,00    0,00    0,00    0,00  100,00
10:19:09       9    0,00    0,00    0,00    0,00    0,00    0,00    0,00    0,00    0,00  100,00
10:19:09      10    0,00    0,00    0,00    0,00    0,00    0,00    0,00    0,00    0,00  100,00
10:19:09      11    0,00    0,00    0,00    0,00    0,00    0,00    0,00    0,00    0,00  100,00
10:19:09      12    0,00    0,00    0,00    0,00    0,00    0,00    0,00    0,00    0,00  100,00
10:19:09      13    0,00    0,00    0,00    0,00    0,00    0,00    0,00    0,00    0,00  100,00
10:19:09      14    0,00    0,00    0,00    0,00    0,00    0,00    0,00    0,00    0,00  100,00
10:19:09      15    0,00    0,00    0,00    0,00    0,00    0,00    0,00    0,00    0,00  100,00
10:19:09      16    0,00    0,00    0,99    0,00    0,00    0,00    0,00    0,00    0,00   99,01
10:19:09      17    0,00    0,00    0,00    1,00    0,00    0,00    0,00    0,00    0,00   99,00
10:19:09      18    0,00    0,00    0,99    0,00    0,00    0,00    0,00    0,00    0,00   99,01
10:19:09      19    0,00    0,00    0,00    0,00    0,00    0,00    0,00    0,00    0,00  100,00
10:19:09      20    0,00    0,00    0,00    0,00    0,00    0,00    0,00    0,00    0,00  100,00
10:19:09      21    0,00    0,00    0,00    0,00    0,00    0,00    0,00    0,00    0,00  100,00
10:19:09      22    0,00    0,00    0,00    0,00    0,00    0,00    0,00    0,00    0,00  100,00
10:19:09      23    0,99    0,00    0,99    0,00    0,00    0,00    0,00    0,00    0,00   98,02

10:19:09     CPU    %usr   %nice    %sys %iowait    %irq   %soft  %steal  %guest  %gnice   %idle
10:19:10     all    0,04    0,00    0,08    0,00    0,00   16,67    0,00    0,00    0,00   83,20
10:19:10       0    0,00    0,00    0,00    0,00    0,00  100,00    0,00    0,00    0,00    0,00
10:19:10       1    0,00    0,00    0,00    0,00    0,00  100,00    0,00    0,00    0,00    0,00
10:19:10       2    0,00    0,00    0,00    0,00    0,00  100,00    0,00    0,00    0,00    0,00
10:19:10       3    0,00    0,00    0,00    0,00    0,00  100,00    0,00    0,00    0,00    0,00
10:19:10       4    0,00    0,00    0,00    0,00    0,00    0,00    0,00    0,00    0,00  100,00
10:19:10       5    0,00    0,00    0,00    0,00    0,00    0,00    0,00    0,00    0,00  100,00
10:19:10       6    0,00    0,00    0,00    0,00    0,00    0,00    0,00    0,00    0,00  100,00
10:19:10       7    0,00    0,00    0,00    0,00    0,00    0,00    0,00    0,00    0,00  100,00
10:19:10       8    0,00    0,00    0,00    0,00    0,00    0,00    0,00    0,00    0,00  100,00
10:19:10       9    0,00    0,00    0,00    0,00    0,00    0,00    0,00    0,00    0,00  100,00
10:19:10      10    0,00    0,00    0,00    0,00    0,00    0,00    0,00    0,00    0,00  100,00
10:19:10      11    0,00    0,00    0,00    0,00    0,00    0,00    0,00    0,00    0,00  100,00
10:19:10      12    0,00    0,00    0,00    0,00    0,00    0,00    0,00    0,00    0,00  100,00
10:19:10      13    0,00    0,00    0,00    0,00    0,00    0,00    0,00    0,00    0,00  100,00
10:19:10      14    0,00    0,00    1,00    0,00    0,00    0,00    0,00    0,00    0,00   99,00
10:19:10      15    0,00    0,00    0,00    0,00    0,00    0,00    0,00    0,00    0,00  100,00
10:19:10      16    0,00    0,00    0,00    0,00    0,00    0,00    0,00    0,00    0,00  100,00
10:19:10      17    1,00    0,00    0,00    0,00    0,00    0,00    0,00    0,00    0,00   99,00
10:19:10      18    0,00    0,00    0,00    0,00    0,00    0,00    0,00    0,00    0,00  100,00
10:19:10      19    0,00    0,00    1,00    0,00    0,00    0,00    0,00    0,00    0,00   99,00
10:19:10      20    0,00    0,00    0,00    0,00    0,00    0,00    0,00    0,00    0,00  100,00
10:19:10      21    0,00    0,00    0,00    0,00    0,00    0,00    0,00    0,00    0,00  100,00
10:19:10      22    0,00    0,00    0,00    0,00    0,00    0,00    0,00    0,00    0,00  100,00
10:19:10      23    0,00    0,00    0,00    0,00    0,00    0,00    0,00    0,00    0,00  100,00

10:19:10     CPU    %usr   %nice    %sys %iowait    %irq   %soft  %steal  %guest  %gnice   %idle
10:19:11     all    0,08    0,00    0,00    0,00    0,00   16,66    0,00    0,00    0,00   83,26
10:19:11       0    0,00    0,00    0,00    0,00    0,00  100,00    0,00    0,00    0,00    0,00
10:19:11       1    0,00    0,00    0,00    0,00    0,00  100,00    0,00    0,00    0,00    0,00
10:19:11       2    0,00    0,00    0,00    0,00    0,00  100,00    0,00    0,00    0,00    0,00
10:19:11       3    0,00    0,00    0,00    0,00    0,00  100,00    0,00    0,00    0,00    0,00
10:19:11       4    0,00    0,00    0,00    0,00    0,00    0,00    0,00    0,00    0,00  100,00
10:19:11       5    0,00    0,00    0,00    0,00    0,00    0,00    0,00    0,00    0,00  100,00
10:19:11       6    0,00    0,00    0,00    0,00    0,00    0,00    0,00    0,00    0,00  100,00
10:19:11       7    0,00    0,00    0,00    0,00    0,00    0,00    0,00    0,00    0,00  100,00
10:19:11       8    0,00    0,00    0,00    0,00    0,00    0,00    0,00    0,00    0,00  100,00
10:19:11       9    1,00    0,00    0,00    0,00    0,00    0,00    0,00    0,00    0,00   99,00
10:19:11      10    0,00    0,00    0,00    0,00    0,00    0,00    0,00    0,00    0,00  100,00
10:19:11      11    0,00    0,00    0,00    0,00    0,00    0,00    0,00    0,00    0,00  100,00
10:19:11      12    0,00    0,00    0,00    0,00    0,00    0,00    0,00    0,00    0,00  100,00
10:19:11      13    0,00    0,00    0,00    0,00    0,00    0,00    0,00    0,00    0,00  100,00
10:19:11      14    0,00    0,00    0,00    0,00    0,00    0,00    0,00    0,00    0,00  100,00
10:19:11      15    0,00    0,00    0,00    0,00    0,00    0,00    0,00    0,00    0,00  100,00
10:19:11      16    0,00    0,00    0,00    0,00    0,00    0,00    0,00    0,00    0,00  100,00
10:19:11      17    0,00    0,00    0,00    0,00    0,00    0,00    0,00    0,00    0,00  100,00
10:19:11      18    0,00    0,00    0,00    0,00    0,00    0,00    0,00    0,00    0,00  100,00
10:19:11      19    0,00    0,00    0,00    0,00    0,00    0,00    0,00    0,00    0,00  100,00
10:19:11      20    0,00    0,00    0,00    0,00    0,00    0,00    0,00    0,00    0,00  100,00
10:19:11      21    0,99    0,00    0,00    0,00    0,00    0,00    0,00    0,00    0,00   99,01
10:19:11      22    0,00    0,00    0,00    0,00    0,00    0,00    0,00    0,00    0,00  100,00
10:19:11      23    0,00    0,00    0,00    0,00    0,00    0,00    0,00    0,00    0,00  100,00

10:19:11     CPU    %usr   %nice    %sys %iowait    %irq   %soft  %steal  %guest  %gnice   %idle
10:19:12     all    0,04    0,00    0,00    0,00    0,00   16,69    0,00    0,00    0,00   83,27
10:19:12       0    0,00    0,00    0,00    0,00    0,00  100,00    0,00    0,00    0,00    0,00
10:19:12       1    0,00    0,00    0,00    0,00    0,00  100,00    0,00    0,00    0,00    0,00
10:19:12       2    0,00    0,00    0,00    0,00    0,00  100,00    0,00    0,00    0,00    0,00
10:19:12       3    0,00    0,00    0,00    0,00    0,00  100,00    0,00    0,00    0,00    0,00
10:19:12       4    0,00    0,00    0,00    0,00    0,00    0,00    0,00    0,00    0,00  100,00
10:19:12       5    0,00    0,00    0,00    0,00    0,00    0,00    0,00    0,00    0,00  100,00
10:19:12       6    0,00    0,00    0,00    0,00    0,00    0,00    0,00    0,00    0,00  100,00
10:19:12       7    0,00    0,00    0,00    0,00    0,00    0,00    0,00    0,00    0,00  100,00
10:19:12       8    0,00    0,00    0,00    0,00    0,00    0,00    0,00    0,00    0,00  100,00
10:19:12       9    0,00    0,00    0,00    0,00    0,00    0,00    0,00    0,00    0,00  100,00
10:19:12      10    0,00    0,00    0,00    0,00    0,00    0,00    0,00    0,00    0,00  100,00
10:19:12      11    0,00    0,00    0,00    0,00    0,00    0,00    0,00    0,00    0,00  100,00
10:19:12      12    0,99    0,00    0,00    0,00    0,00    0,00    0,00    0,00    0,00   99,01
10:19:12      13    0,00    0,00    0,00    0,00    0,00    0,00    0,00    0,00    0,00  100,00
10:19:12      14    0,00    0,00    0,00    0,00    0,00    0,00    0,00    0,00    0,00  100,00
10:19:12      15    0,00    0,00    0,00    0,00    0,00    0,00    0,00    0,00    0,00  100,00
10:19:12      16    0,00    0,00    0,00    0,00    0,00    0,00    0,00    0,00    0,00  100,00
10:19:12      17    0,00    0,00    0,00    0,00    0,00    0,00    0,00    0,00    0,00  100,00
10:19:12      18    0,00    0,00    0,00    0,00    0,00    0,00    0,00    0,00    0,00  100,00
10:19:12      19    0,00    0,00    0,00    0,00    0,00    0,00    0,00    0,00    0,00  100,00
10:19:12      20    0,00    0,00    0,00    0,00    0,00    0,00    0,00    0,00    0,00  100,00
10:19:12      21    0,00    0,00    0,00    0,00    0,00    0,00    0,00    0,00    0,00  100,00
10:19:12      22    0,00    0,00    0,00    0,00    0,00    0,00    0,00    0,00    0,00  100,00
10:19:12      23    0,00    0,00    0,00    0,00    0,00    0,00    0,00    0,00    0,00  100,00

10:19:12     CPU    %usr   %nice    %sys %iowait    %irq   %soft  %steal  %guest  %gnice   %idle
10:19:13     all    0,00    0,00    0,00    0,00    0,00   16,69    0,00    0,00    0,00   83,31
10:19:13       0    0,00    0,00    0,00    0,00    0,00  100,00    0,00    0,00    0,00    0,00
10:19:13       1    0,00    0,00    0,00    0,00    0,00  100,00    0,00    0,00    0,00    0,00
10:19:13       2    0,00    0,00    0,00    0,00    0,00  100,00    0,00    0,00    0,00    0,00
10:19:13       3    0,00    0,00    0,00    0,00    0,00  100,00    0,00    0,00    0,00    0,00
10:19:13       4    0,00    0,00    0,00    0,00    0,00    0,00    0,00    0,00    0,00  100,00
10:19:13       5    0,00    0,00    0,00    0,00    0,00    0,00    0,00    0,00    0,00  100,00
10:19:13       6    0,00    0,00    0,00    0,00    0,00    0,00    0,00    0,00    0,00  100,00
10:19:13       7    0,00    0,00    0,00    0,00    0,00    0,00    0,00    0,00    0,00  100,00
10:19:13       8    0,00    0,00    0,00    0,00    0,00    0,00    0,00    0,00    0,00  100,00
10:19:13       9    0,00    0,00    0,00    0,00    0,00    0,00    0,00    0,00    0,00  100,00
10:19:13      10    0,00    0,00    0,00    0,00    0,00    0,00    0,00    0,00    0,00  100,00
10:19:13      11    0,00    0,00    0,00    0,00    0,00    0,00    0,00    0,00    0,00  100,00
10:19:13      12    0,00    0,00    0,00    0,00    0,00    0,00    0,00    0,00    0,00  100,00
10:19:13      13    0,00    0,00    0,00    0,00    0,00    0,00    0,00    0,00    0,00  100,00
10:19:13      14    0,00    0,00    0,00    0,00    0,00    0,00    0,00    0,00    0,00  100,00
10:19:13      15    0,00    0,00    0,00    0,00    0,00    0,00    0,00    0,00    0,00  100,00
10:19:13      16    0,00    0,00    0,00    0,00    0,00    0,00    0,00    0,00    0,00  100,00
10:19:13      17    0,00    0,00    0,00    0,00    0,00    0,00    0,00    0,00    0,00  100,00
10:19:13      18    0,00    0,00    0,00    0,00    0,00    0,00    0,00    0,00    0,00  100,00
10:19:13      19    0,00    0,00    0,00    0,00    0,00    0,00    0,00    0,00    0,00  100,00
10:19:13      20    0,00    0,00    0,00    0,00    0,00    0,00    0,00    0,00    0,00  100,00
10:19:13      21    0,00    0,00    0,00    0,00    0,00    0,00    0,00    0,00    0,00  100,00
10:19:13      22    0,00    0,00    0,00    0,00    0,00    0,00    0,00    0,00    0,00  100,00
10:19:13      23    0,00    0,00    0,00    0,00    0,00    0,00    0,00    0,00    0,00  100,00

10:19:13     CPU    %usr   %nice    %sys %iowait    %irq   %soft  %steal  %guest  %gnice   %idle
10:19:14     all    0,04    0,00    0,21    0,12    0,00   16,66    0,00    0,00    0,00   82,97
10:19:14       0    0,00    0,00    0,00    0,00    0,00  100,00    0,00    0,00    0,00    0,00
10:19:14       1    0,00    0,00    0,00    0,00    0,00  100,00    0,00    0,00    0,00    0,00
10:19:14       2    0,00    0,00    0,00    0,00    0,00  100,00    0,00    0,00    0,00    0,00
10:19:14       3    0,00    0,00    0,00    0,00    0,00  100,00    0,00    0,00    0,00    0,00
10:19:14       4    0,00    0,00    0,99    0,99    0,00    0,00    0,00    0,00    0,00   98,02
10:19:14       5    0,00    0,00    0,00    0,00    0,00    0,00    0,00    0,00    0,00  100,00
10:19:14       6    0,00    0,00    0,00    0,00    0,00    0,00    0,00    0,00    0,00  100,00
10:19:14       7    0,00    0,00    0,00    0,00    0,00    0,00    0,00    0,00    0,00  100,00
10:19:14       8    0,00    0,00    0,00    0,00    0,00    0,00    0,00    0,00    0,00  100,00
10:19:14       9    0,00    0,00    0,00    0,00    0,00    0,00    0,00    0,00    0,00  100,00
10:19:14      10    0,00    0,00    0,00    0,00    0,00    0,00    0,00    0,00    0,00  100,00
10:19:14      11    0,00    0,00    0,00    0,00    0,00    0,00    0,00    0,00    0,00  100,00
10:19:14      12    0,00    0,00    0,00    0,00    0,00    0,00    0,00    0,00    0,00  100,00
10:19:14      13    0,00    0,00    0,00    0,00    0,00    0,00    0,00    0,00    0,00  100,00
10:19:14      14    0,00    0,00    0,00    0,00    0,00    0,00    0,00    0,00    0,00  100,00
10:19:14      15    0,00    0,00    0,00    0,00    0,00    0,00    0,00    0,00    0,00  100,00
10:19:14      16    0,00    0,00    0,00    0,00    0,00    0,00    0,00    0,00    0,00  100,00
10:19:14      17    0,00    0,00    0,00    2,00    0,00    0,00    0,00    0,00    0,00   98,00
10:19:14      18    0,00    0,00    1,01    0,00    0,00    0,00    0,00    0,00    0,00   98,99
10:19:14      19    0,99    0,00    0,00    0,00    0,00    0,00    0,00    0,00    0,00   99,01
10:19:14      20    0,00    0,00    0,99    0,00    0,00    0,00    0,00    0,00    0,00   99,01
10:19:14      21    0,00    0,00    0,99    0,00    0,00    0,00    0,00    0,00    0,00   99,01
10:19:14      22    0,00    0,00    0,00    0,00    0,00    0,00    0,00    0,00    0,00  100,00
10:19:14      23    0,00    0,00    0,99    0,00    0,00    0,00    0,00    0,00    0,00   99,01

10:19:14     CPU    %usr   %nice    %sys %iowait    %irq   %soft  %steal  %guest  %gnice   %idle
10:19:15     all    0,04    0,00    0,13    0,00    0,00   16,65    0,00    0,00    0,00   83,19
10:19:15       0    0,00    0,00    0,00    0,00    0,00  100,00    0,00    0,00    0,00    0,00
10:19:15       1    0,00    0,00    0,00    0,00    0,00  100,00    0,00    0,00    0,00    0,00
10:19:15       2    0,00    0,00    0,00    0,00    0,00  100,00    0,00    0,00    0,00    0,00
10:19:15       3    0,00    0,00    0,00    0,00    0,00  100,00    0,00    0,00    0,00    0,00
10:19:15       4    0,00    0,00    0,00    0,00    0,00    0,00    0,00    0,00    0,00  100,00
10:19:15       5    0,00    0,00    0,00    0,00    0,00    0,00    0,00    0,00    0,00  100,00
10:19:15       6    0,99    0,00    0,00    0,00    0,00    0,00    0,00    0,00    0,00   99,01
10:19:15       7    0,00    0,00    0,00    0,00    0,00    0,00    0,00    0,00    0,00  100,00
10:19:15       8    0,00    0,00    0,00    0,00    0,00    0,00    0,00    0,00    0,00  100,00
10:19:15       9    0,00    0,00    0,00    0,00    0,00    0,00    0,00    0,00    0,00  100,00
10:19:15      10    0,00    0,00    0,00    0,00    0,00    0,00    0,00    0,00    0,00  100,00
10:19:15      11    0,00    0,00    0,00    0,00    0,00    0,00    0,00    0,00    0,00  100,00
10:19:15      12    0,00    0,00    0,00    0,00    0,00    0,00    0,00    0,00    0,00  100,00
10:19:15      13    0,00    0,00    0,00    0,00    0,00    0,00    0,00    0,00    0,00  100,00
10:19:15      14    0,00    0,00    0,00    0,00    0,00    0,00    0,00    0,00    0,00  100,00
10:19:15      15    0,00    0,00    0,00    0,00    0,00    0,00    0,00    0,00    0,00  100,00
10:19:15      16    0,00    0,00    0,99    0,00    0,00    0,00    0,00    0,00    0,00   99,01
10:19:15      17    0,00    0,00    0,00    0,00    0,00    0,00    0,00    0,00    0,00  100,00
10:19:15      18    0,00    0,00    1,00    0,00    0,00    0,00    0,00    0,00    0,00   99,00
10:19:15      19    0,00    0,00    0,00    0,00    0,00    0,00    0,00    0,00    0,00  100,00
10:19:15      20    0,00    0,00    0,00    0,00    0,00    0,00    0,00    0,00    0,00  100,00
10:19:15      21    0,00    0,00    0,00    0,00    0,00    0,00    0,00    0,00    0,00  100,00
10:19:15      22    0,00    0,00    0,99    0,00    0,00    0,00    0,00    0,00    0,00   99,01
10:19:15      23    0,00    0,00    0,00    0,00    0,00    0,00    0,00    0,00    0,00  100,00

10:19:15     CPU    %usr   %nice    %sys %iowait    %irq   %soft  %steal  %guest  %gnice   %idle
10:19:16     all    0,08    0,00    0,00    0,00    0,00   16,67    0,00    0,00    0,00   83,25
10:19:16       0    0,00    0,00    0,00    0,00    0,00  100,00    0,00    0,00    0,00    0,00
10:19:16       1    0,00    0,00    0,00    0,00    0,00  100,00    0,00    0,00    0,00    0,00
10:19:16       2    0,00    0,00    0,00    0,00    0,00  100,00    0,00    0,00    0,00    0,00
10:19:16       3    0,00    0,00    0,00    0,00    0,00  100,00    0,00    0,00    0,00    0,00
10:19:16       4    0,00    0,00    0,00    0,00    0,00    0,00    0,00    0,00    0,00  100,00
10:19:16       5    0,00    0,00    0,00    0,00    0,00    0,00    0,00    0,00    0,00  100,00
10:19:16       6    0,00    0,00    0,00    0,00    0,00    0,00    0,00    0,00    0,00  100,00
10:19:16       7    0,00    0,00    0,00    0,00    0,00    0,00    0,00    0,00    0,00  100,00
10:19:16       8    1,00    0,00    0,00    0,00    0,00    0,00    0,00    0,00    0,00   99,00
10:19:16       9    0,99    0,00    0,00    0,00    0,00    0,00    0,00    0,00    0,00   99,01
10:19:16      10    0,00    0,00    0,00    0,00    0,00    0,00    0,00    0,00    0,00  100,00
10:19:16      11    0,00    0,00    0,00    0,00    0,00    0,00    0,00    0,00    0,00  100,00
10:19:16      12    0,00    0,00    0,00    0,00    0,00    0,00    0,00    0,00    0,00  100,00
10:19:16      13    0,00    0,00    0,00    0,00    0,00    0,00    0,00    0,00    0,00  100,00
10:19:16      14    0,00    0,00    0,00    0,00    0,00    0,00    0,00    0,00    0,00  100,00
10:19:16      15    0,00    0,00    0,00    0,00    0,00    0,00    0,00    0,00    0,00  100,00
10:19:16      16    0,00    0,00    0,00    0,00    0,00    0,00    0,00    0,00    0,00  100,00
10:19:16      17    0,00    0,00    0,00    0,00    0,00    0,00    0,00    0,00    0,00  100,00
10:19:16      18    0,00    0,00    0,00    0,00    0,00    0,00    0,00    0,00    0,00  100,00
10:19:16      19    0,00    0,00    0,00    0,00    0,00    0,00    0,00    0,00    0,00  100,00
10:19:16      20    0,00    0,00    0,00    0,00    0,00    0,00    0,00    0,00    0,00  100,00
10:19:16      21    0,00    0,00    0,00    0,00    0,00    0,00    0,00    0,00    0,00  100,00
10:19:16      22    0,00    0,00    0,00    0,00    0,00    0,00    0,00    0,00    0,00  100,00
10:19:16      23    0,00    0,00    0,00    0,00    0,00    0,00    0,00    0,00    0,00  100,00

10:19:16     CPU    %usr   %nice    %sys %iowait    %irq   %soft  %steal  %guest  %gnice   %idle
10:19:17     all    0,08    0,00    0,04    0,00    0,00   16,67    0,00    0,00    0,00   83,21
10:19:17       0    0,00    0,00    0,00    0,00    0,00  100,00    0,00    0,00    0,00    0,00
10:19:17       1    0,00    0,00    0,00    0,00    0,00  100,00    0,00    0,00    0,00    0,00
10:19:17       2    0,00    0,00    0,00    0,00    0,00  100,00    0,00    0,00    0,00    0,00
10:19:17       3    0,00    0,00    0,00    0,00    0,00  100,00    0,00    0,00    0,00    0,00
10:19:17       4    0,00    0,00    0,00    0,00    0,00    0,00    0,00    0,00    0,00  100,00
10:19:17       5    0,00    0,00    0,00    0,00    0,00    0,00    0,00    0,00    0,00  100,00
10:19:17       6    0,00    0,00    0,00    0,00    0,00    0,00    0,00    0,00    0,00  100,00
10:19:17       7    0,00    0,00    0,00    0,00    0,00    0,00    0,00    0,00    0,00  100,00
10:19:17       8    0,00    0,00    0,00    0,00    0,00    0,00    0,00    0,00    0,00  100,00
10:19:17       9    0,00    0,00    0,00    0,00    0,00    0,00    0,00    0,00    0,00  100,00
10:19:17      10    1,00    0,00    0,00    0,00    0,00    0,00    0,00    0,00    0,00   99,00
10:19:17      11    0,00    0,00    0,00    0,00    0,00    0,00    0,00    0,00    0,00  100,00
10:19:17      12    0,00    0,00    0,00    0,00    0,00    0,00    0,00    0,00    0,00  100,00
10:19:17      13    0,00    0,00    0,00    0,00    0,00    0,00    0,00    0,00    0,00  100,00
10:19:17      14    0,00    0,00    0,00    0,00    0,00    0,00    0,00    0,00    0,00  100,00
10:19:17      15    0,00    0,00    0,00    0,00    0,00    0,00    0,00    0,00    0,00  100,00
10:19:17      16    0,00    0,00    0,00    0,00    0,00    0,00    0,00    0,00    0,00  100,00
10:19:17      17    0,00    0,00    1,00    0,00    0,00    0,00    0,00    0,00    0,00   99,00
10:19:17      18    0,99    0,00    0,00    0,00    0,00    0,00    0,00    0,00    0,00   99,01
10:19:17      19    0,00    0,00    0,00    0,00    0,00    0,00    0,00    0,00    0,00  100,00
10:19:17      20    0,00    0,00    0,00    0,00    0,00    0,00    0,00    0,00    0,00  100,00
10:19:17      21    0,00    0,00    0,00    0,00    0,00    0,00    0,00    0,00    0,00  100,00
10:19:17      22    0,00    0,00    0,00    0,00    0,00    0,00    0,00    0,00    0,00  100,00
10:19:17      23    0,00    0,00    0,00    0,00    0,00    0,00    0,00    0,00    0,00  100,00

10:19:17     CPU    %usr   %nice    %sys %iowait    %irq   %soft  %steal  %guest  %gnice   %idle
10:19:18     all    0,04    0,00    0,04    0,00    0,00   16,63    0,00    0,00    0,00   83,28
10:19:18       0    0,00    0,00    0,00    0,00    0,00  100,00    0,00    0,00    0,00    0,00
10:19:18       1    0,00    0,00    0,00    0,00    0,00  100,00    0,00    0,00    0,00    0,00
10:19:18       2    0,00    0,00    0,00    0,00    0,00  100,00    0,00    0,00    0,00    0,00
10:19:18       3    0,00    0,00    0,00    0,00    0,00  100,00    0,00    0,00    0,00    0,00
10:19:18       4    0,00    0,00    0,00    0,00    0,00    0,00    0,00    0,00    0,00  100,00
10:19:18       5    0,00    0,00    0,00    0,00    0,00    0,00    0,00    0,00    0,00  100,00
10:19:18       6    0,00    0,00    0,00    0,00    0,00    0,00    0,00    0,00    0,00  100,00
10:19:18       7    0,00    0,00    0,00    0,00    0,00    0,00    0,00    0,00    0,00  100,00
10:19:18       8    0,00    0,00    0,00    0,00    0,00    0,00    0,00    0,00    0,00  100,00
10:19:18       9    0,00    0,00    0,00    0,00    0,00    0,00    0,00    0,00    0,00  100,00
10:19:18      10    0,00    0,00    0,00    0,00    0,00    0,00    0,00    0,00    0,00  100,00
10:19:18      11    0,00    0,00    0,00    0,00    0,00    0,00    0,00    0,00    0,00  100,00
10:19:18      12    0,00    0,00    0,00    0,00    0,00    0,00    0,00    0,00    0,00  100,00
10:19:18      13    0,00    0,00    0,00    0,00    0,00    0,00    0,00    0,00    0,00  100,00
10:19:18      14    0,00    0,00    0,00    0,00    0,00    0,00    0,00    0,00    0,00  100,00
10:19:18      15    0,00    0,00    0,00    0,00    0,00    0,00    0,00    0,00    0,00  100,00
10:19:18      16    0,00    0,00    0,00    0,00    0,00    0,00    0,00    0,00    0,00  100,00
10:19:18      17    0,99    0,00    0,00    0,00    0,00    0,00    0,00    0,00    0,00   99,01
10:19:18      18    0,00    0,00    0,00    0,00    0,00    0,00    0,00    0,00    0,00  100,00
10:19:18      19    0,00    0,00    0,99    0,00    0,00    0,00    0,00    0,00    0,00   99,01
10:19:18      20    0,00    0,00    0,00    0,00    0,00    0,00    0,00    0,00    0,00  100,00
10:19:18      21    0,00    0,00    0,00    0,00    0,00    0,00    0,00    0,00    0,00  100,00
10:19:18      22    0,00    0,00    0,00    0,00    0,00    0,00    0,00    0,00    0,00  100,00
10:19:18      23    0,00    0,00    0,00    0,00    0,00    0,00    0,00    0,00    0,00  100,00

10:19:18     CPU    %usr   %nice    %sys %iowait    %irq   %soft  %steal  %guest  %gnice   %idle
10:19:19     all    0,04    0,00    0,04    0,08    0,00   16,78    0,00    0,00    0,00   83,06
10:19:19       0    0,00    0,00    0,00    0,00    0,00  100,00    0,00    0,00    0,00    0,00
10:19:19       1    0,00    0,00    0,00    0,00    0,00  100,00    0,00    0,00    0,00    0,00
10:19:19       2    0,00    0,00    0,00    0,00    0,00  100,00    0,00    0,00    0,00    0,00
10:19:19       3    0,00    0,00    0,00    0,00    0,00  100,00    0,00    0,00    0,00    0,00
10:19:19       4    0,00    0,00    0,00    0,00    0,00    0,00    0,00    0,00    0,00  100,00
10:19:19       5    0,00    0,00    0,00    0,00    0,00    0,00    0,00    0,00    0,00  100,00
10:19:19       6    0,00    0,00    0,00    0,00    0,00    0,00    0,00    0,00    0,00  100,00
10:19:19       7    0,00    0,00    0,00    0,00    0,00    0,00    0,00    0,00    0,00  100,00
10:19:19       8    0,00    0,00    0,00    0,00    0,00    0,00    0,00    0,00    0,00  100,00
10:19:19       9    0,00    0,00    0,00    0,00    0,00    0,00    0,00    0,00    0,00  100,00
10:19:19      10    0,00    0,00    0,00    0,00    0,00    0,00    0,00    0,00    0,00  100,00
10:19:19      11    0,00    0,00    0,00    0,00    0,00    0,00    0,00    0,00    0,00  100,00
10:19:19      12    0,00    0,00    0,00    0,00    0,00    0,00    0,00    0,00    0,00  100,00
10:19:19      13    0,00    0,00    0,00    0,00    0,00    0,00    0,00    0,00    0,00  100,00
10:19:19      14    0,00    0,00    0,00    0,00    0,00    0,00    0,00    0,00    0,00  100,00
10:19:19      15    0,00    0,00    0,00    0,00    0,00    0,00    0,00    0,00    0,00  100,00
10:19:19      16    1,00    0,00    0,00    1,00    0,00    0,00    0,00    0,00    0,00   98,00
10:19:19      17    0,00    0,00    0,00    1,00    0,00    0,00    0,00    0,00    0,00   99,00
10:19:19      18    0,00    0,00    0,00    0,00    0,00    0,00    0,00    0,00    0,00  100,00
10:19:19      19    0,00    0,00    1,01    0,00    0,00    0,00    0,00    0,00    0,00   98,99
10:19:19      20    0,00    0,00    0,00    0,00    0,00    0,00    0,00    0,00    0,00  100,00
10:19:19      21    0,00    0,00    0,00    0,00    0,00    0,00    0,00    0,00    0,00  100,00
10:19:19      22    0,00    0,00    0,00    0,00    0,00    0,00    0,00    0,00    0,00  100,00
10:19:19      23    0,00    0,00    0,00    0,00    0,00    0,00    0,00    0,00    0,00  100,00

10:19:19     CPU    %usr   %nice    %sys %iowait    %irq   %soft  %steal  %guest  %gnice   %idle
10:19:20     all    0,04    0,00    0,04    0,00    0,00   16,67    0,00    0,00    0,00   83,24
10:19:20       0    0,00    0,00    0,00    0,00    0,00  100,00    0,00    0,00    0,00    0,00
10:19:20       1    0,00    0,00    0,00    0,00    0,00  100,00    0,00    0,00    0,00    0,00
10:19:20       2    0,00    0,00    0,00    0,00    0,00  100,00    0,00    0,00    0,00    0,00
10:19:20       3    0,00    0,00    0,00    0,00    0,00  100,00    0,00    0,00    0,00    0,00
10:19:20       4    0,00    0,00    0,00    0,00    0,00    0,00    0,00    0,00    0,00  100,00
10:19:20       5    0,00    0,00    0,00    0,00    0,00    0,00    0,00    0,00    0,00  100,00
10:19:20       6    0,00    0,00    0,00    0,00    0,00    0,00    0,00    0,00    0,00  100,00
10:19:20       7    0,00    0,00    0,00    0,00    0,00    0,00    0,00    0,00    0,00  100,00
10:19:20       8    0,00    0,00    0,00    0,00    0,00    0,00    0,00    0,00    0,00  100,00
10:19:20       9    0,00    0,00    0,00    0,00    0,00    0,00    0,00    0,00    0,00  100,00
10:19:20      10    0,00    0,00    0,00    0,00    0,00    0,00    0,00    0,00    0,00  100,00
10:19:20      11    0,00    0,00    0,00    0,00    0,00    0,00    0,00    0,00    0,00  100,00
10:19:20      12    0,00    0,00    0,00    0,00    0,00    0,00    0,00    0,00    0,00  100,00
10:19:20      13    0,00    0,00    0,00    0,00    0,00    0,00    0,00    0,00    0,00  100,00
10:19:20      14    0,00    0,00    0,00    0,00    0,00    0,00    0,00    0,00    0,00  100,00
10:19:20      15    0,00    0,00    0,00    0,00    0,00    0,00    0,00    0,00    0,00  100,00
10:19:20      16    0,00    0,00    0,00    0,00    0,00    0,00    0,00    0,00    0,00  100,00
10:19:20      17    0,00    0,00    0,00    0,00    0,00    1,00    0,00    0,00    0,00   99,00
10:19:20      18    0,00    0,00    0,00    0,00    0,00    0,00    0,00    0,00    0,00  100,00
10:19:20      19    0,99    0,00    0,00    0,00    0,00    0,00    0,00    0,00    0,00   99,01
10:19:20      20    0,00    0,00    0,00    0,00    0,00    0,00    0,00    0,00    0,00  100,00
10:19:20      21    0,00    0,00    0,00    0,00    0,00    0,00    0,00    0,00    0,00  100,00
10:19:20      22    0,00    0,00    0,00    0,00    0,00    0,00    0,00    0,00    0,00  100,00
10:19:20      23    0,00    0,00    0,99    0,00    0,00    0,00    0,00    0,00    0,00   99,01

10:19:20     CPU    %usr   %nice    %sys %iowait    %irq   %soft  %steal  %guest  %gnice   %idle
10:19:21     all    0,04    0,00    0,00    0,00    0,00   16,68    0,00    0,00    0,00   83,28
10:19:21       0    0,00    0,00    0,00    0,00    0,00  100,00    0,00    0,00    0,00    0,00
10:19:21       1    0,00    0,00    0,00    0,00    0,00  100,00    0,00    0,00    0,00    0,00
10:19:21       2    0,00    0,00    0,00    0,00    0,00  100,00    0,00    0,00    0,00    0,00
10:19:21       3    0,00    0,00    0,00    0,00    0,00  100,00    0,00    0,00    0,00    0,00
10:19:21       4    0,00    0,00    0,00    0,00    0,00    0,00    0,00    0,00    0,00  100,00
10:19:21       5    0,00    0,00    0,00    0,00    0,00    0,00    0,00    0,00    0,00  100,00
10:19:21       6    0,00    0,00    0,00    0,00    0,00    0,00    0,00    0,00    0,00  100,00
10:19:21       7    0,00    0,00    0,00    0,00    0,00    0,00    0,00    0,00    0,00  100,00
10:19:21       8    0,00    0,00    0,00    0,00    0,00    0,00    0,00    0,00    0,00  100,00
10:19:21       9    1,00    0,00    0,00    0,00    0,00    0,00    0,00    0,00    0,00   99,00
10:19:21      10    0,00    0,00    0,00    0,00    0,00    0,00    0,00    0,00    0,00  100,00
10:19:21      11    0,00    0,00    0,00    0,00    0,00    0,00    0,00    0,00    0,00  100,00
10:19:21      12    0,00    0,00    0,00    0,00    0,00    0,00    0,00    0,00    0,00  100,00
10:19:21      13    0,00    0,00    0,00    0,00    0,00    0,00    0,00    0,00    0,00  100,00
10:19:21      14    0,00    0,00    0,00    0,00    0,00    0,00    0,00    0,00    0,00  100,00
10:19:21      15    0,00    0,00    0,00    0,00    0,00    0,00    0,00    0,00    0,00  100,00
10:19:21      16    0,00    0,00    0,00    0,00    0,00    0,00    0,00    0,00    0,00  100,00
10:19:21      17    0,00    0,00    0,00    0,00    0,00    0,00    0,00    0,00    0,00  100,00
10:19:21      18    0,00    0,00    0,00    0,00    0,00    0,00    0,00    0,00    0,00  100,00
10:19:21      19    0,00    0,00    0,00    0,00    0,00    0,00    0,00    0,00    0,00  100,00
10:19:21      20    0,00    0,00    0,00    0,00    0,00    0,00    0,00    0,00    0,00  100,00
10:19:21      21    0,00    0,00    0,00    0,00    0,00    0,00    0,00    0,00    0,00  100,00
10:19:21      22    0,00    0,00    0,00    0,00    0,00    0,00    0,00    0,00    0,00  100,00
10:19:21      23    0,00    0,00    0,00    0,00    0,00    0,00    0,00    0,00    0,00  100,00

10:19:21     CPU    %usr   %nice    %sys %iowait    %irq   %soft  %steal  %guest  %gnice   %idle
10:19:22     all    1,46    0,00    0,96    0,00    0,00   16,66    0,00    0,00    0,00   80,92
10:19:22       0    0,00    0,00    1,00    0,00    0,00   99,00    0,00    0,00    0,00    0,00
10:19:22       1    0,00    0,00    0,00    0,00    0,00  100,00    0,00    0,00    0,00    0,00
10:19:22       2    0,00    0,00    0,00    0,00    0,00  100,00    0,00    0,00    0,00    0,00
10:19:22       3    0,00    0,00    0,00    0,00    0,00  100,00    0,00    0,00    0,00    0,00
10:19:22       4    1,01    0,00    0,00    0,00    0,00    0,00    0,00    0,00    0,00   98,99
10:19:22       5    0,00    0,00    0,00    0,00    0,00    0,00    0,00    0,00    0,00  100,00
10:19:22       6    0,00    0,00    0,99    0,00    0,00    0,00    0,00    0,00    0,00   99,01
10:19:22       7    0,00    0,00    0,00    0,00    0,00    0,00    0,00    0,00    0,00  100,00
10:19:22       8    4,04    0,00    0,00    0,00    0,00    0,00    0,00    0,00    0,00   95,96
10:19:22       9    0,00    0,00    0,00    0,00    0,00    0,00    0,00    0,00    0,00  100,00
10:19:22      10    3,03    0,00    3,03    0,00    0,00    0,00    0,00    0,00    0,00   93,94
10:19:22      11    0,00    0,00    0,00    0,00    0,00    0,00    0,00    0,00    0,00  100,00
10:19:22      12    2,00    0,00    1,00    0,00    0,00    0,00    0,00    0,00    0,00   97,00
10:19:22      13    0,00    0,00    0,00    0,00    0,00    0,00    0,00    0,00    0,00  100,00
10:19:22      14    0,99    0,00    0,00    0,00    0,00    0,00    0,00    0,00    0,00   99,01
10:19:22      15    0,00    0,00    0,00    0,00    0,00    0,00    0,00    0,00    0,00  100,00
10:19:22      16    8,00    0,00    3,00    0,00    0,00    0,00    0,00    0,00    0,00   89,00
10:19:22      17    3,03    0,00    1,01    0,00    0,00    0,00    0,00    0,00    0,00   95,96
10:19:22      18    1,98    0,00    1,98    0,00    0,00    0,99    0,00    0,00    0,00   95,05
10:19:22      19    2,00    0,00    2,00    0,00    0,00    0,00    0,00    0,00    0,00   96,00
10:19:22      20    1,00    0,00    1,00    0,00    0,00    0,00    0,00    0,00    0,00   98,00
10:19:22      21    2,00    0,00    3,00    0,00    0,00    0,00    0,00    0,00    0,00   95,00
10:19:22      22    3,92    0,00    3,92    0,00    0,00    0,00    0,00    0,00    0,00   92,16
10:19:22      23    2,00    0,00    1,00    0,00    0,00    0,00    0,00    0,00    0,00   97,00
