Linux 6.8.0-111-generic (testbed-node6) 	13/05/26 	_x86_64_	(24 CPU)

21:27:54     CPU    %usr   %nice    %sys %iowait    %irq   %soft  %steal  %guest  %gnice   %idle
21:27:55     all    0,62    0,00    0,29    0,00    0,00   33,29    0,00    0,00    0,00   65,79
21:27:55       0    0,00    0,00    0,00    0,00    0,00    0,00    0,00    0,00    0,00  100,00
21:27:55       1    2,00    0,00    1,00    0,00    0,00    0,00    0,00    0,00    0,00   97,00
21:27:55       2    0,00    0,00    0,00    0,00    0,00    0,00    0,00    0,00    0,00  100,00
21:27:55       3    0,00    0,00    0,00    0,00    0,00  100,00    0,00    0,00    0,00    0,00
21:27:55       4    0,00    0,00    0,00    0,00    0,00  100,00    0,00    0,00    0,00    0,00
21:27:55       5    0,00    0,00    0,00    0,00    0,00    0,00    0,00    0,00    0,00  100,00
21:27:55       6    4,90    0,00    0,98    0,00    0,00    0,00    0,00    0,00    0,00   94,12
21:27:55       7    0,00    0,00    0,00    0,00    0,00    0,00    0,00    0,00    0,00  100,00
21:27:55       8    0,00    0,00    0,00    0,00    0,00  100,00    0,00    0,00    0,00    0,00
21:27:55       9    0,00    0,00    0,00    0,00    0,00    0,00    0,00    0,00    0,00  100,00
21:27:55      10    0,00    0,00    1,00    0,00    0,00   99,00    0,00    0,00    0,00    0,00
21:27:55      11    0,00    0,00    0,00    0,00    0,00    0,00    0,00    0,00    0,00  100,00
21:27:55      12    0,00    0,00    0,00    0,00    0,00    0,00    0,00    0,00    0,00  100,00
21:27:55      13    0,00    0,00    0,00    0,00    0,00  100,00    0,00    0,00    0,00    0,00
21:27:55      14    0,00    0,00    0,00    0,00    0,00    0,00    0,00    0,00    0,00  100,00
21:27:55      15    0,00    0,00    0,00    0,00    0,00  100,00    0,00    0,00    0,00    0,00
21:27:55      16    0,99    0,00    0,99    0,00    0,00    0,00    0,00    0,00    0,00   98,02
21:27:55      17    0,00    0,00    0,00    0,00    0,00  100,00    0,00    0,00    0,00    0,00
21:27:55      18    0,00    0,00    0,00    0,00    0,00    0,00    0,00    0,00    0,00  100,00
21:27:55      19    1,01    0,00    1,01    0,00    0,00    0,00    0,00    0,00    0,00   97,98
21:27:55      20    5,00    0,00    1,00    0,00    0,00    0,00    0,00    0,00    0,00   94,00
21:27:55      21    1,00    0,00    1,00    0,00    0,00    0,00    0,00    0,00    0,00   98,00
21:27:55      22    0,00    0,00    0,00    0,00    0,00  100,00    0,00    0,00    0,00    0,00
21:27:55      23    0,00    0,00    0,00    0,00    0,00    0,00    0,00    0,00    0,00  100,00

21:27:55     CPU    %usr   %nice    %sys %iowait    %irq   %soft  %steal  %guest  %gnice   %idle
21:27:56     all    0,29    0,00    0,08    0,00    0,00   33,38    0,00    0,00    0,00   66,25
21:27:56       0    0,00    0,00    0,00    0,00    0,00    0,00    0,00    0,00    0,00  100,00
21:27:56       1    3,00    0,00    1,00    0,00    0,00    0,00    0,00    0,00    0,00   96,00
21:27:56       2    0,00    0,00    0,00    0,00    0,00    0,00    0,00    0,00    0,00  100,00
21:27:56       3    0,00    0,00    0,00    0,00    0,00  100,00    0,00    0,00    0,00    0,00
21:27:56       4    0,00    0,00    0,00    0,00    0,00  100,00    0,00    0,00    0,00    0,00
21:27:56       5    0,00    0,00    0,00    0,00    0,00    0,00    0,00    0,00    0,00  100,00
21:27:56       6    0,00    0,00    0,00    0,00    0,00    0,00    0,00    0,00    0,00  100,00
21:27:56       7    0,00    0,00    0,00    0,00    0,00    0,00    0,00    0,00    0,00  100,00
21:27:56       8    0,00    0,00    0,00    0,00    0,00  100,00    0,00    0,00    0,00    0,00
21:27:56       9    0,00    0,00    0,00    0,00    0,00    0,00    0,00    0,00    0,00  100,00
21:27:56      10    0,00    0,00    0,00    0,00    0,00  100,00    0,00    0,00    0,00    0,00
21:27:56      11    0,00    0,00    0,00    0,00    0,00    0,00    0,00    0,00    0,00  100,00
21:27:56      12    0,00    0,00    0,00    0,00    0,00    0,00    0,00    0,00    0,00  100,00
21:27:56      13    0,00    0,00    0,00    0,00    0,00  100,00    0,00    0,00    0,00    0,00
21:27:56      14    0,00    0,00    0,00    0,00    0,00    0,00    0,00    0,00    0,00  100,00
21:27:56      15    0,00    0,00    0,00    0,00    0,00  100,00    0,00    0,00    0,00    0,00
21:27:56      16    0,00    0,00    0,00    0,00    0,00    0,00    0,00    0,00    0,00  100,00
21:27:56      17    0,00    0,00    0,00    0,00    0,00  100,00    0,00    0,00    0,00    0,00
21:27:56      18    0,99    0,00    0,99    0,00    0,00    0,00    0,00    0,00    0,00   98,02
21:27:56      19    0,00    0,00    0,00    0,00    0,00    0,00    0,00    0,00    0,00  100,00
21:27:56      20    0,00    0,00    0,00    0,00    0,00    0,00    0,00    0,00    0,00  100,00
21:27:56      21    2,02    0,00    0,00    0,00    0,00    0,00    0,00    0,00    0,00   97,98
21:27:56      22    0,00    0,00    0,00    0,00    0,00  100,00    0,00    0,00    0,00    0,00
21:27:56      23    1,01    0,00    0,00    0,00    0,00    0,00    0,00    0,00    0,00   98,99

21:27:56     CPU    %usr   %nice    %sys %iowait    %irq   %soft  %steal  %guest  %gnice   %idle
21:27:57     all    1,58    0,00    0,58    0,17    0,00   33,35    0,00    0,00    0,00   64,32
21:27:57       0    0,00    0,00    0,00    0,00    0,00    0,00    0,00    0,00    0,00  100,00
21:27:57       1    2,00    0,00    1,00    1,00    0,00    0,00    0,00    0,00    0,00   96,00
21:27:57       2    0,00    0,00    0,00    0,00    0,00    0,00    0,00    0,00    0,00  100,00
21:27:57       3    0,00    0,00    0,00    0,00    0,00  100,00    0,00    0,00    0,00    0,00
21:27:57       4    0,00    0,00    0,00    0,00    0,00  100,00    0,00    0,00    0,00    0,00
21:27:57       5    0,00    0,00    0,00    0,00    0,00    0,00    0,00    0,00    0,00  100,00
21:27:57       6    2,02    0,00    0,00    0,00    0,00    0,00    0,00    0,00    0,00   97,98
21:27:57       7    0,00    0,00    0,00    0,00    0,00    0,00    0,00    0,00    0,00  100,00
21:27:57       8    0,00    0,00    0,00    0,00    0,00  100,00    0,00    0,00    0,00    0,00
21:27:57       9    0,00    0,00    0,00    0,00    0,00    0,00    0,00    0,00    0,00  100,00
21:27:57      10    0,00    0,00    0,00    0,00    0,00  100,00    0,00    0,00    0,00    0,00
21:27:57      11    0,00    0,00    0,00    0,00    0,00    0,00    0,00    0,00    0,00  100,00
21:27:57      12    0,00    0,00    0,00    0,99    0,00    0,00    0,00    0,00    0,00   99,01
21:27:57      13    0,00    0,00    0,00    0,00    0,00  100,00    0,00    0,00    0,00    0,00
21:27:57      14    0,00    0,00    0,00    0,00    0,00    0,00    0,00    0,00    0,00  100,00
21:27:57      15    0,00    0,00    0,00    0,00    0,00  100,00    0,00    0,00    0,00    0,00
21:27:57      16    3,00    0,00    1,00    2,00    0,00    0,00    0,00    0,00    0,00   94,00
21:27:57      17    0,00    0,00    0,00    0,00    0,00  100,00    0,00    0,00    0,00    0,00
21:27:57      18   16,16    0,00    4,04    0,00    0,00    0,00    0,00    0,00    0,00   79,80
21:27:57      19    3,00    0,00    1,00    0,00    0,00    0,00    0,00    0,00    0,00   96,00
21:27:57      20    2,00    0,00    1,00    0,00    0,00    0,00    0,00    0,00    0,00   97,00
21:27:57      21    7,00    0,00    4,00    0,00    0,00    0,00    0,00    0,00    0,00   89,00
21:27:57      22    0,00    0,00    0,00    0,00    0,00  100,00    0,00    0,00    0,00    0,00
21:27:57      23    2,97    0,00    1,98    0,00    0,00    0,00    0,00    0,00    0,00   95,05

21:27:57     CPU    %usr   %nice    %sys %iowait    %irq   %soft  %steal  %guest  %gnice   %idle
21:27:58     all    0,08    0,00    0,04    0,00    0,00   33,36    0,00    0,00    0,00   66,51
21:27:58       0    0,00    0,00    0,00    0,00    0,00    0,00    0,00    0,00    0,00  100,00
21:27:58       1    2,00    0,00    1,00    0,00    0,00    0,00    0,00    0,00    0,00   97,00
21:27:58       2    0,00    0,00    0,00    0,00    0,00    0,00    0,00    0,00    0,00  100,00
21:27:58       3    0,00    0,00    0,00    0,00    0,00  100,00    0,00    0,00    0,00    0,00
21:27:58       4    0,00    0,00    0,00    0,00    0,00  100,00    0,00    0,00    0,00    0,00
21:27:58       5    0,00    0,00    0,00    0,00    0,00    0,00    0,00    0,00    0,00  100,00
21:27:58       6    0,00    0,00    0,00    0,00    0,00    0,00    0,00    0,00    0,00  100,00
21:27:58       7    0,00    0,00    0,00    0,00    0,00    0,00    0,00    0,00    0,00  100,00
21:27:58       8    0,00    0,00    0,00    0,00    0,00  100,00    0,00    0,00    0,00    0,00
21:27:58       9    0,00    0,00    0,00    0,00    0,00    0,00    0,00    0,00    0,00  100,00
21:27:58      10    0,00    0,00    0,00    0,00    0,00  100,00    0,00    0,00    0,00    0,00
21:27:58      11    0,00    0,00    0,00    0,00    0,00    0,00    0,00    0,00    0,00  100,00
21:27:58      12    0,00    0,00    0,00    0,00    0,00    0,00    0,00    0,00    0,00  100,00
21:27:58      13    0,00    0,00    0,00    0,00    0,00  100,00    0,00    0,00    0,00    0,00
21:27:58      14    0,00    0,00    0,00    0,00    0,00    0,00    0,00    0,00    0,00  100,00
21:27:58      15    0,00    0,00    0,00    0,00    0,00  100,00    0,00    0,00    0,00    0,00
21:27:58      16    0,00    0,00    0,00    0,00    0,00    0,00    0,00    0,00    0,00  100,00
21:27:58      17    0,00    0,00    0,00    0,00    0,00  100,00    0,00    0,00    0,00    0,00
21:27:58      18    0,00    0,00    0,00    0,00    0,00    0,00    0,00    0,00    0,00  100,00
21:27:58      19    0,00    0,00    0,00    0,00    0,00    0,00    0,00    0,00    0,00  100,00
21:27:58      20    0,00    0,00    0,00    0,00    0,00    0,00    0,00    0,00    0,00  100,00
21:27:58      21    0,00    0,00    0,00    0,00    0,00    0,00    0,00    0,00    0,00  100,00
21:27:58      22    0,00    0,00    0,00    0,00    0,00  100,00    0,00    0,00    0,00    0,00
21:27:58      23    0,00    0,00    0,00    0,00    0,00    0,00    0,00    0,00    0,00  100,00

21:27:58     CPU    %usr   %nice    %sys %iowait    %irq   %soft  %steal  %guest  %gnice   %idle
21:27:59     all    0,13    0,00    0,08    0,00    0,00   33,36    0,00    0,00    0,00   66,43
21:27:59       0    0,00    0,00    0,00    0,00    0,00    0,00    0,00    0,00    0,00  100,00
21:27:59       1    2,00    0,00    2,00    0,00    0,00    0,00    0,00    0,00    0,00   96,00
21:27:59       2    0,00    0,00    0,00    0,00    0,00    0,00    0,00    0,00    0,00  100,00
21:27:59       3    0,00    0,00    0,00    0,00    0,00  100,00    0,00    0,00    0,00    0,00
21:27:59       4    0,00    0,00    0,00    0,00    0,00  100,00    0,00    0,00    0,00    0,00
21:27:59       5    0,00    0,00    0,00    0,00    0,00    0,00    0,00    0,00    0,00  100,00
21:27:59       6    0,00    0,00    0,00    0,00    0,00    0,00    0,00    0,00    0,00  100,00
21:27:59       7    0,00    0,00    0,00    0,00    0,00    0,00    0,00    0,00    0,00  100,00
21:27:59       8    0,00    0,00    0,00    0,00    0,00  100,00    0,00    0,00    0,00    0,00
21:27:59       9    0,00    0,00    0,00    0,00    0,00    0,00    0,00    0,00    0,00  100,00
21:27:59      10    0,00    0,00    0,00    0,00    0,00  100,00    0,00    0,00    0,00    0,00
21:27:59      11    0,00    0,00    0,00    0,00    0,00    0,00    0,00    0,00    0,00  100,00
21:27:59      12    0,00    0,00    0,00    0,00    0,00    0,00    0,00    0,00    0,00  100,00
21:27:59      13    0,00    0,00    0,00    0,00    0,00  100,00    0,00    0,00    0,00    0,00
21:27:59      14    0,00    0,00    0,00    0,00    0,00    0,00    0,00    0,00    0,00  100,00
21:27:59      15    0,00    0,00    0,00    0,00    0,00  100,00    0,00    0,00    0,00    0,00
21:27:59      16    0,00    0,00    0,00    0,00    0,00    0,00    0,00    0,00    0,00  100,00
21:27:59      17    0,00    0,00    0,00    0,00    0,00  100,00    0,00    0,00    0,00    0,00
21:27:59      18    1,00    0,00    0,00    0,00    0,00    0,00    0,00    0,00    0,00   99,00
21:27:59      19    0,00    0,00    0,00    0,00    0,00    0,00    0,00    0,00    0,00  100,00
21:27:59      20    0,00    0,00    0,00    0,00    0,00    0,00    0,00    0,00    0,00  100,00
21:27:59      21    0,00    0,00    0,00    0,00    0,00    0,00    0,00    0,00    0,00  100,00
21:27:59      22    0,00    0,00    0,00    0,00    0,00  100,00    0,00    0,00    0,00    0,00
21:27:59      23    0,00    0,00    0,00    0,00    0,00    0,00    0,00    0,00    0,00  100,00

21:27:59     CPU    %usr   %nice    %sys %iowait    %irq   %soft  %steal  %guest  %gnice   %idle
21:28:00     all    0,13    0,00    0,13    0,00    0,00   33,36    0,00    0,00    0,00   66,39
21:28:00       0    0,00    0,00    0,00    0,00    0,00    0,00    0,00    0,00    0,00  100,00
21:28:00       1    2,00    0,00    1,00    0,00    0,00    0,00    0,00    0,00    0,00   97,00
21:28:00       2    0,00    0,00    0,00    0,00    0,00    0,00    0,00    0,00    0,00  100,00
21:28:00       3    0,00    0,00    0,00    0,00    0,00  100,00    0,00    0,00    0,00    0,00
21:28:00       4    0,00    0,00    0,00    0,00    0,00  100,00    0,00    0,00    0,00    0,00
21:28:00       5    0,00    0,00    0,00    0,00    0,00    0,00    0,00    0,00    0,00  100,00
21:28:00       6    0,00    0,00    1,00    0,00    0,00    0,00    0,00    0,00    0,00   99,00
21:28:00       7    0,00    0,00    0,00    0,00    0,00    0,00    0,00    0,00    0,00  100,00
21:28:00       8    0,00    0,00    0,00    0,00    0,00  100,00    0,00    0,00    0,00    0,00
21:28:00       9    0,00    0,00    0,00    0,00    0,00    0,00    0,00    0,00    0,00  100,00
21:28:00      10    0,00    0,00    0,00    0,00    0,00  100,00    0,00    0,00    0,00    0,00
21:28:00      11    0,00    0,00    0,00    0,00    0,00    0,00    0,00    0,00    0,00  100,00
21:28:00      12    0,00    0,00    0,00    0,00    0,00    0,00    0,00    0,00    0,00  100,00
21:28:00      13    0,00    0,00    0,00    0,00    0,00  100,00    0,00    0,00    0,00    0,00
21:28:00      14    0,00    0,00    0,00    0,00    0,00    0,00    0,00    0,00    0,00  100,00
21:28:00      15    0,00    0,00    0,00    0,00    0,00  100,00    0,00    0,00    0,00    0,00
21:28:00      16    1,00    0,00    0,00    0,00    0,00    0,00    0,00    0,00    0,00   99,00
21:28:00      17    0,00    0,00    0,00    0,00    0,00  100,00    0,00    0,00    0,00    0,00
21:28:00      18    0,00    0,00    1,00    0,00    0,00    0,00    0,00    0,00    0,00   99,00
21:28:00      19    0,00    0,00    0,00    0,00    0,00    0,00    0,00    0,00    0,00  100,00
21:28:00      20    0,00    0,00    0,00    0,00    0,00    0,00    0,00    0,00    0,00  100,00
21:28:00      21    0,00    0,00    0,00    0,00    0,00    0,00    0,00    0,00    0,00  100,00
21:28:00      22    0,00    0,00    0,00    0,00    0,00  100,00    0,00    0,00    0,00    0,00
21:28:00      23    0,00    0,00    0,00    0,00    0,00    0,00    0,00    0,00    0,00  100,00

21:28:00     CPU    %usr   %nice    %sys %iowait    %irq   %soft  %steal  %guest  %gnice   %idle
21:28:01     all    0,21    0,00    0,04    0,00    0,00   33,33    0,00    0,00    0,00   66,42
21:28:01       0    0,00    0,00    0,00    0,00    0,00    0,00    0,00    0,00    0,00  100,00
21:28:01       1    3,00    0,00    1,00    0,00    0,00    0,00    0,00    0,00    0,00   96,00
21:28:01       2    0,00    0,00    0,00    0,00    0,00    0,00    0,00    0,00    0,00  100,00
21:28:01       3    0,00    0,00    0,00    0,00    0,00  100,00    0,00    0,00    0,00    0,00
21:28:01       4    0,00    0,00    0,00    0,00    0,00  100,00    0,00    0,00    0,00    0,00
21:28:01       5    0,00    0,00    0,00    0,00    0,00    0,00    0,00    0,00    0,00  100,00
21:28:01       6    0,00    0,00    0,00    0,00    0,00    0,00    0,00    0,00    0,00  100,00
21:28:01       7    0,00    0,00    0,00    0,00    0,00    0,00    0,00    0,00    0,00  100,00
21:28:01       8    0,00    0,00    0,00    0,00    0,00  100,00    0,00    0,00    0,00    0,00
21:28:01       9    0,00    0,00    0,00    0,00    0,00    0,00    0,00    0,00    0,00  100,00
21:28:01      10    0,00    0,00    0,00    0,00    0,00  100,00    0,00    0,00    0,00    0,00
21:28:01      11    0,00    0,00    0,00    0,00    0,00    0,00    0,00    0,00    0,00  100,00
21:28:01      12    0,00    0,00    0,00    0,00    0,00    0,00    0,00    0,00    0,00  100,00
21:28:01      13    0,00    0,00    0,00    0,00    0,00  100,00    0,00    0,00    0,00    0,00
21:28:01      14    0,00    0,00    0,00    0,00    0,00    0,00    0,00    0,00    0,00  100,00
21:28:01      15    0,00    0,00    0,00    0,00    0,00  100,00    0,00    0,00    0,00    0,00
21:28:01      16    0,00    0,00    0,00    0,00    0,00    0,00    0,00    0,00    0,00  100,00
21:28:01      17    0,00    0,00    0,00    0,00    0,00  100,00    0,00    0,00    0,00    0,00
21:28:01      18    1,00    0,00    0,00    0,00    0,00    0,00    0,00    0,00    0,00   99,00
21:28:01      19    0,99    0,00    0,00    0,00    0,00    0,00    0,00    0,00    0,00   99,01
21:28:01      20    0,00    0,00    0,00    0,00    0,00    0,00    0,00    0,00    0,00  100,00
21:28:01      21    0,00    0,00    0,00    0,00    0,00    0,00    0,00    0,00    0,00  100,00
21:28:01      22    0,00    0,00    0,00    0,00    0,00  100,00    0,00    0,00    0,00    0,00
21:28:01      23    0,00    0,00    0,00    0,00    0,00    0,00    0,00    0,00    0,00  100,00

21:28:01     CPU    %usr   %nice    %sys %iowait    %irq   %soft  %steal  %guest  %gnice   %idle
21:28:02     all    0,17    0,00    0,04    0,08    0,00   33,35    0,00    0,00    0,00   66,36
21:28:02       0    0,00    0,00    0,00    0,00    0,00    0,00    0,00    0,00    0,00  100,00
21:28:02       1    2,97    0,00    0,99    0,00    0,00    0,00    0,00    0,00    0,00   96,04
21:28:02       2    0,00    0,00    0,00    0,00    0,00    0,00    0,00    0,00    0,00  100,00
21:28:02       3    0,00    0,00    0,00    0,00    0,00  100,00    0,00    0,00    0,00    0,00
21:28:02       4    0,00    0,00    0,00    0,00    0,00  100,00    0,00    0,00    0,00    0,00
21:28:02       5    0,00    0,00    0,00    0,00    0,00    0,00    0,00    0,00    0,00  100,00
21:28:02       6    0,00    0,00    0,00    0,00    0,00    0,00    0,00    0,00    0,00  100,00
21:28:02       7    0,00    0,00    0,00    0,00    0,00    0,00    0,00    0,00    0,00  100,00
21:28:02       8    0,00    0,00    0,00    0,00    0,00  100,00    0,00    0,00    0,00    0,00
21:28:02       9    0,00    0,00    0,00    0,00    0,00    0,00    0,00    0,00    0,00  100,00
21:28:02      10    0,00    0,00    0,00    0,00    0,00  100,00    0,00    0,00    0,00    0,00
21:28:02      11    0,00    0,00    0,00    0,00    0,00    0,00    0,00    0,00    0,00  100,00
21:28:02      12    0,00    0,00    0,00    1,00    0,00    0,00    0,00    0,00    0,00   99,00
21:28:02      13    0,00    0,00    0,00    0,00    0,00  100,00    0,00    0,00    0,00    0,00
21:28:02      14    0,00    0,00    0,00    0,00    0,00    0,00    0,00    0,00    0,00  100,00
21:28:02      15    0,00    0,00    0,00    0,00    0,00  100,00    0,00    0,00    0,00    0,00
21:28:02      16    1,01    0,00    0,00    1,01    0,00    0,00    0,00    0,00    0,00   97,98
21:28:02      17    0,00    0,00    0,00    0,00    0,00  100,00    0,00    0,00    0,00    0,00
21:28:02      18    0,00    0,00    0,00    0,00    0,00    0,00    0,00    0,00    0,00  100,00
21:28:02      19    0,00    0,00    0,00    0,00    0,00    0,00    0,00    0,00    0,00  100,00
21:28:02      20    0,00    0,00    0,00    0,00    0,00    0,00    0,00    0,00    0,00  100,00
21:28:02      21    0,00    0,00    0,00    0,00    0,00    0,00    0,00    0,00    0,00  100,00
21:28:02      22    0,00    0,00    0,00    0,00    0,00  100,00    0,00    0,00    0,00    0,00
21:28:02      23    0,00    0,00    0,00    0,00    0,00    0,00    0,00    0,00    0,00  100,00

21:28:02     CPU    %usr   %nice    %sys %iowait    %irq   %soft  %steal  %guest  %gnice   %idle
21:28:03     all    0,21    0,00    0,08    0,00    0,00   33,36    0,00    0,00    0,00   66,35
21:28:03       0    0,00    0,00    0,00    0,00    0,00    0,00    0,00    0,00    0,00  100,00
21:28:03       1    2,02    0,00    1,01    0,00    0,00    0,00    0,00    0,00    0,00   96,97
21:28:03       2    0,00    0,00    0,00    0,00    0,00    0,00    0,00    0,00    0,00  100,00
21:28:03       3    0,00    0,00    0,00    0,00    0,00  100,00    0,00    0,00    0,00    0,00
21:28:03       4    0,00    0,00    0,00    0,00    0,00  100,00    0,00    0,00    0,00    0,00
21:28:03       5    0,00    0,00    0,00    0,00    0,00    0,00    0,00    0,00    0,00  100,00
21:28:03       6    0,00    0,00    0,00    0,00    0,00    0,00    0,00    0,00    0,00  100,00
21:28:03       7    0,00    0,00    0,00    0,00    0,00    0,00    0,00    0,00    0,00  100,00
21:28:03       8    0,00    0,00    0,00    0,00    0,00  100,00    0,00    0,00    0,00    0,00
21:28:03       9    0,00    0,00    0,00    0,00    0,00    0,00    0,00    0,00    0,00  100,00
21:28:03      10    0,00    0,00    0,00    0,00    0,00  100,00    0,00    0,00    0,00    0,00
21:28:03      11    0,00    0,00    0,00    0,00    0,00    0,00    0,00    0,00    0,00  100,00
21:28:03      12    0,00    0,00    0,00    0,00    0,00    0,00    0,00    0,00    0,00  100,00
21:28:03      13    0,00    0,00    0,00    0,00    0,00  100,00    0,00    0,00    0,00    0,00
21:28:03      14    1,00    0,00    0,00    0,00    0,00    0,00    0,00    0,00    0,00   99,00
21:28:03      15    0,00    0,00    0,00    0,00    0,00  100,00    0,00    0,00    0,00    0,00
21:28:03      16    0,99    0,00    0,99    0,00    0,00    0,00    0,00    0,00    0,00   98,02
21:28:03      17    0,00    0,00    0,00    0,00    0,00  100,00    0,00    0,00    0,00    0,00
21:28:03      18    0,00    0,00    0,00    0,00    0,00    0,00    0,00    0,00    0,00  100,00
21:28:03      19    1,00    0,00    0,00    0,00    0,00    0,00    0,00    0,00    0,00   99,00
21:28:03      20    0,00    0,00    0,00    0,00    0,00    0,00    0,00    0,00    0,00  100,00
21:28:03      21    0,00    0,00    0,00    0,00    0,00    0,00    0,00    0,00    0,00  100,00
21:28:03      22    0,00    0,00    0,00    0,00    0,00  100,00    0,00    0,00    0,00    0,00
21:28:03      23    0,00    0,00    0,00    0,00    0,00    0,00    0,00    0,00    0,00  100,00

21:28:03     CPU    %usr   %nice    %sys %iowait    %irq   %soft  %steal  %guest  %gnice   %idle
21:28:04     all    0,46    0,00    0,54    0,00    0,00   33,36    0,00    0,00    0,00   65,64
21:28:04       0    0,00    0,00    0,00    0,00    0,00    0,00    0,00    0,00    0,00  100,00
21:28:04       1    2,97    0,00    0,99    0,00    0,00    0,00    0,00    0,00    0,00   96,04
21:28:04       2    0,00    0,00    0,00    0,00    0,00    0,00    0,00    0,00    0,00  100,00
21:28:04       3    0,00    0,00    0,00    0,00    0,00  100,00    0,00    0,00    0,00    0,00
21:28:04       4    0,00    0,00    0,00    0,00    0,00  100,00    0,00    0,00    0,00    0,00
21:28:04       5    0,00    0,00    0,00    0,00    0,00    0,00    0,00    0,00    0,00  100,00
21:28:04       6    0,00    0,00    0,00    0,00    0,00    0,00    0,00    0,00    0,00  100,00
21:28:04       7    0,00    0,00    0,00    0,00    0,00    0,00    0,00    0,00    0,00  100,00
21:28:04       8    0,00    0,00    0,00    0,00    0,00  100,00    0,00    0,00    0,00    0,00
21:28:04       9    0,00    0,00    0,00    0,00    0,00    0,00    0,00    0,00    0,00  100,00
21:28:04      10    0,00    0,00    0,00    0,00    0,00  100,00    0,00    0,00    0,00    0,00
21:28:04      11    0,00    0,00    0,00    0,00    0,00    0,00    0,00    0,00    0,00  100,00
21:28:04      12    0,00    0,00    0,00    0,00    0,00    0,00    0,00    0,00    0,00  100,00
21:28:04      13    0,00    0,00    0,00    0,00    0,00  100,00    0,00    0,00    0,00    0,00
21:28:04      14    0,00    0,00    0,00    0,00    0,00    0,00    0,00    0,00    0,00  100,00
21:28:04      15    0,00    0,00    0,00    0,00    0,00  100,00    0,00    0,00    0,00    0,00
21:28:04      16    0,00    0,00    0,00    0,00    0,00    0,00    0,00    0,00    0,00  100,00
21:28:04      17    0,00    0,00    0,00    0,00    0,00  100,00    0,00    0,00    0,00    0,00
21:28:04      18    7,92    0,00   10,89    0,00    0,00    0,00    0,00    0,00    0,00   81,19
21:28:04      19    0,00    0,00    1,00    0,00    0,00    0,00    0,00    0,00    0,00   99,00
21:28:04      20    0,00    0,00    0,00    0,00    0,00    0,00    0,00    0,00    0,00  100,00
21:28:04      21    0,00    0,00    0,00    0,00    0,00    0,00    0,00    0,00    0,00  100,00
21:28:04      22    0,00    0,00    0,00    0,00    0,00  100,00    0,00    0,00    0,00    0,00
21:28:04      23    0,00    0,00    0,00    0,00    0,00    0,00    0,00    0,00    0,00  100,00

21:28:04     CPU    %usr   %nice    %sys %iowait    %irq   %soft  %steal  %guest  %gnice   %idle
21:28:05     all    0,50    0,00    0,08    0,00    0,00   33,39    0,00    0,00    0,00   66,03
21:28:05       0    0,00    0,00    0,00    0,00    0,00    0,00    0,00    0,00    0,00  100,00
21:28:05       1    2,02    0,00    1,01    0,00    0,00    0,00    0,00    0,00    0,00   96,97
21:28:05       2    0,00    0,00    0,00    0,00    0,00    0,00    0,00    0,00    0,00  100,00
21:28:05       3    0,00    0,00    0,00    0,00    0,00  100,00    0,00    0,00    0,00    0,00
21:28:05       4    0,00    0,00    0,00    0,00    0,00  100,00    0,00    0,00    0,00    0,00
21:28:05       5    0,00    0,00    0,00    0,00    0,00    0,00    0,00    0,00    0,00  100,00
21:28:05       6    0,00    0,00    0,00    0,00    0,00    0,00    0,00    0,00    0,00  100,00
21:28:05       7    0,00    0,00    0,00    0,00    0,00    0,00    0,00    0,00    0,00  100,00
21:28:05       8    0,00    0,00    0,00    0,00    0,00  100,00    0,00    0,00    0,00    0,00
21:28:05       9    0,00    0,00    0,00    0,00    0,00    0,00    0,00    0,00    0,00  100,00
21:28:05      10    0,00    0,00    0,00    0,00    0,00  100,00    0,00    0,00    0,00    0,00
21:28:05      11    0,00    0,00    0,00    0,00    0,00    0,00    0,00    0,00    0,00  100,00
21:28:05      12    0,00    0,00    0,00    0,00    0,00    0,00    0,00    0,00    0,00  100,00
21:28:05      13    0,00    0,00    0,00    0,00    0,00  100,00    0,00    0,00    0,00    0,00
21:28:05      14    0,00    0,00    0,00    0,00    0,00    0,00    0,00    0,00    0,00  100,00
21:28:05      15    0,00    0,00    0,00    0,00    0,00  100,00    0,00    0,00    0,00    0,00
21:28:05      16    1,00    0,00    0,00    0,00    0,00    0,00    0,00    0,00    0,00   99,00
21:28:05      17    0,00    0,00    0,00    0,00    0,00  100,00    0,00    0,00    0,00    0,00
21:28:05      18    7,07    0,00    1,01    0,00    0,00    0,00    0,00    0,00    0,00   91,92
21:28:05      19    0,00    0,00    0,00    0,00    0,00    0,00    0,00    0,00    0,00  100,00
21:28:05      20    0,99    0,00    0,00    0,00    0,00    0,00    0,00    0,00    0,00   99,01
21:28:05      21    0,99    0,00    0,00    0,00    0,00    0,00    0,00    0,00    0,00   99,01
21:28:05      22    0,00    0,00    0,00    0,00    0,00  100,00    0,00    0,00    0,00    0,00
21:28:05      23    0,00    0,00    0,00    0,00    0,00    0,00    0,00    0,00    0,00  100,00

21:28:05     CPU    %usr   %nice    %sys %iowait    %irq   %soft  %steal  %guest  %gnice   %idle
21:28:06     all    0,21    0,00    0,12    0,00    0,00   33,33    0,00    0,00    0,00   66,33
21:28:06       0    0,00    0,00    0,00    0,00    0,00    0,00    0,00    0,00    0,00  100,00
21:28:06       1    2,97    0,00    0,99    0,00    0,00    0,00    0,00    0,00    0,00   96,04
21:28:06       2    0,00    0,00    0,00    0,00    0,00    0,00    0,00    0,00    0,00  100,00
21:28:06       3    0,00    0,00    0,00    0,00    0,00  100,00    0,00    0,00    0,00    0,00
21:28:06       4    0,00    0,00    0,00    0,00    0,00  100,00    0,00    0,00    0,00    0,00
21:28:06       5    0,00    0,00    0,00    0,00    0,00    0,00    0,00    0,00    0,00  100,00
21:28:06       6    0,00    0,00    0,00    0,00    0,00    0,00    0,00    0,00    0,00  100,00
21:28:06       7    0,00    0,00    0,00    0,00    0,00    0,00    0,00    0,00    0,00  100,00
21:28:06       8    0,00    0,00    0,00    0,00    0,00  100,00    0,00    0,00    0,00    0,00
21:28:06       9    0,00    0,00    0,00    0,00    0,00    0,00    0,00    0,00    0,00  100,00
21:28:06      10    0,00    0,00    0,00    0,00    0,00  100,00    0,00    0,00    0,00    0,00
21:28:06      11    0,00    0,00    0,00    0,00    0,00    0,00    0,00    0,00    0,00  100,00
21:28:06      12    1,00    0,00    0,00    0,00    0,00    0,00    0,00    0,00    0,00   99,00
21:28:06      13    0,00    0,00    0,00    0,00    0,00  100,00    0,00    0,00    0,00    0,00
21:28:06      14    0,00    0,00    0,00    0,00    0,00    0,00    0,00    0,00    0,00  100,00
21:28:06      15    0,00    0,00    0,00    0,00    0,00  100,00    0,00    0,00    0,00    0,00
21:28:06      16    1,00    0,00    0,00    0,00    0,00    0,00    0,00    0,00    0,00   99,00
21:28:06      17    0,00    0,00    0,00    0,00    0,00  100,00    0,00    0,00    0,00    0,00
21:28:06      18    0,00    0,00    1,00    0,00    0,00    0,00    0,00    0,00    0,00   99,00
21:28:06      19    0,00    0,00    0,00    0,00    0,00    0,00    0,00    0,00    0,00  100,00
21:28:06      20    0,00    0,00    0,99    0,00    0,00    0,00    0,00    0,00    0,00   99,01
21:28:06      21    0,00    0,00    0,00    0,00    0,00    0,00    0,00    0,00    0,00  100,00
21:28:06      22    0,00    0,00    0,00    0,00    0,00  100,00    0,00    0,00    0,00    0,00
21:28:06      23    0,00    0,00    0,00    0,00    0,00    0,00    0,00    0,00    0,00  100,00

21:28:06     CPU    %usr   %nice    %sys %iowait    %irq   %soft  %steal  %guest  %gnice   %idle
21:28:07     all    0,96    0,00    0,42    0,08    0,00   33,33    0,00    0,00    0,00   65,21
21:28:07       0    0,00    0,00    0,00    0,00    0,00    0,00    0,00    0,00    0,00  100,00
21:28:07       1    2,02    0,00    1,01    0,00    0,00    0,00    0,00    0,00    0,00   96,97
21:28:07       2    0,00    0,00    0,00    0,00    0,00    0,00    0,00    0,00    0,00  100,00
21:28:07       3    0,00    0,00    0,00    0,00    0,00  100,00    0,00    0,00    0,00    0,00
21:28:07       4    0,00    0,00    0,00    0,00    0,00  100,00    0,00    0,00    0,00    0,00
21:28:07       5    0,00    0,00    0,00    0,00    0,00    0,00    0,00    0,00    0,00  100,00
21:28:07       6    0,00    0,00    0,00    0,00    0,00    0,00    0,00    0,00    0,00  100,00
21:28:07       7    0,00    0,00    0,00    0,00    0,00    0,00    0,00    0,00    0,00  100,00
21:28:07       8    0,00    0,00    0,00    0,00    0,00  100,00    0,00    0,00    0,00    0,00
21:28:07       9    0,00    0,00    0,00    0,00    0,00    0,00    0,00    0,00    0,00  100,00
21:28:07      10    0,00    0,00    0,00    0,00    0,00  100,00    0,00    0,00    0,00    0,00
21:28:07      11    0,00    0,00    0,00    0,00    0,00    0,00    0,00    0,00    0,00  100,00
21:28:07      12    0,00    0,00    0,00    0,00    0,00    0,00    0,00    0,00    0,00  100,00
21:28:07      13    0,00    0,00    0,00    0,00    0,00  100,00    0,00    0,00    0,00    0,00
21:28:07      14    0,00    0,00    0,00    0,00    0,00    0,00    0,00    0,00    0,00  100,00
21:28:07      15    0,00    0,00    0,00    0,00    0,00  100,00    0,00    0,00    0,00    0,00
21:28:07      16   14,00    0,00    3,00    0,00    0,00    0,00    0,00    0,00    0,00   83,00
21:28:07      17    0,00    0,00    0,00    0,00    0,00  100,00    0,00    0,00    0,00    0,00
21:28:07      18    1,98    0,00    0,99    1,98    0,00    0,00    0,00    0,00    0,00   95,05
21:28:07      19    2,00    0,00    1,00    0,00    0,00    0,00    0,00    0,00    0,00   97,00
21:28:07      20    0,00    0,00    1,01    0,00    0,00    0,00    0,00    0,00    0,00   98,99
21:28:07      21    2,00    0,00    2,00    0,00    0,00    0,00    0,00    0,00    0,00   96,00
21:28:07      22    0,00    0,00    0,00    0,00    0,00  100,00    0,00    0,00    0,00    0,00
21:28:07      23    0,99    0,00    0,99    0,00    0,00    0,00    0,00    0,00    0,00   98,02
