Linux 6.8.0-110-generic (testbed-node1) 	07/05/26 	_x86_64_	(24 CPU)

17:35:50     CPU    %usr   %nice    %sys %iowait    %irq   %soft  %steal  %guest  %gnice   %idle
17:35:51     all   54,19    0,00    0,04    0,00    0,00    0,00    0,00    0,00    0,00   45,77
17:35:51       0  100,00    0,00    0,00    0,00    0,00    0,00    0,00    0,00    0,00    0,00
17:35:51       1  100,00    0,00    0,00    0,00    0,00    0,00    0,00    0,00    0,00    0,00
17:35:51       2  100,00    0,00    0,00    0,00    0,00    0,00    0,00    0,00    0,00    0,00
17:35:51       3  100,00    0,00    0,00    0,00    0,00    0,00    0,00    0,00    0,00    0,00
17:35:51       4  100,00    0,00    0,00    0,00    0,00    0,00    0,00    0,00    0,00    0,00
17:35:51       5  100,00    0,00    0,00    0,00    0,00    0,00    0,00    0,00    0,00    0,00
17:35:51       6  100,00    0,00    0,00    0,00    0,00    0,00    0,00    0,00    0,00    0,00
17:35:51       7  100,00    0,00    0,00    0,00    0,00    0,00    0,00    0,00    0,00    0,00
17:35:51       8  100,00    0,00    0,00    0,00    0,00    0,00    0,00    0,00    0,00    0,00
17:35:51       9  100,00    0,00    0,00    0,00    0,00    0,00    0,00    0,00    0,00    0,00
17:35:51      10  100,00    0,00    0,00    0,00    0,00    0,00    0,00    0,00    0,00    0,00
17:35:51      11  100,00    0,00    0,00    0,00    0,00    0,00    0,00    0,00    0,00    0,00
17:35:51      12  100,00    0,00    0,00    0,00    0,00    0,00    0,00    0,00    0,00    0,00
17:35:51      13    0,00    0,00    0,00    0,00    0,00    0,00    0,00    0,00    0,00  100,00
17:35:51      14    0,00    0,00    0,00    0,00    0,00    0,00    0,00    0,00    0,00  100,00
17:35:51      15    0,00    0,00    0,00    0,00    0,00    0,00    0,00    0,00    0,00  100,00
17:35:51      16    0,00    0,00    0,99    0,00    0,00    0,00    0,00    0,00    0,00   99,01
17:35:51      17    1,00    0,00    0,00    0,00    0,00    0,00    0,00    0,00    0,00   99,00
17:35:51      18    0,00    0,00    0,00    0,00    0,00    0,00    0,00    0,00    0,00  100,00
17:35:51      19    0,00    0,00    0,00    0,00    0,00    0,00    0,00    0,00    0,00  100,00
17:35:51      20    0,00    0,00    0,00    0,00    0,00    0,00    0,00    0,00    0,00  100,00
17:35:51      21    0,00    0,00    0,00    0,00    0,00    0,00    0,00    0,00    0,00  100,00
17:35:51      22    0,00    0,00    0,00    0,00    0,00    0,00    0,00    0,00    0,00  100,00
17:35:51      23    0,00    0,00    0,00    0,00    0,00    0,00    0,00    0,00    0,00  100,00

17:35:51     CPU    %usr   %nice    %sys %iowait    %irq   %soft  %steal  %guest  %gnice   %idle
17:35:52     all   54,21    0,00    0,08    0,00    0,00    0,00    0,00    0,00    0,00   45,71
17:35:52       0  100,00    0,00    0,00    0,00    0,00    0,00    0,00    0,00    0,00    0,00
17:35:52       1  100,00    0,00    0,00    0,00    0,00    0,00    0,00    0,00    0,00    0,00
17:35:52       2  100,00    0,00    0,00    0,00    0,00    0,00    0,00    0,00    0,00    0,00
17:35:52       3  100,00    0,00    0,00    0,00    0,00    0,00    0,00    0,00    0,00    0,00
17:35:52       4  100,00    0,00    0,00    0,00    0,00    0,00    0,00    0,00    0,00    0,00
17:35:52       5  100,00    0,00    0,00    0,00    0,00    0,00    0,00    0,00    0,00    0,00
17:35:52       6  100,00    0,00    0,00    0,00    0,00    0,00    0,00    0,00    0,00    0,00
17:35:52       7  100,00    0,00    0,00    0,00    0,00    0,00    0,00    0,00    0,00    0,00
17:35:52       8  100,00    0,00    0,00    0,00    0,00    0,00    0,00    0,00    0,00    0,00
17:35:52       9  100,00    0,00    0,00    0,00    0,00    0,00    0,00    0,00    0,00    0,00
17:35:52      10  100,00    0,00    0,00    0,00    0,00    0,00    0,00    0,00    0,00    0,00
17:35:52      11  100,00    0,00    0,00    0,00    0,00    0,00    0,00    0,00    0,00    0,00
17:35:52      12  100,00    0,00    0,00    0,00    0,00    0,00    0,00    0,00    0,00    0,00
17:35:52      13    0,00    0,00    0,00    0,00    0,00    0,00    0,00    0,00    0,00  100,00
17:35:52      14    0,00    0,00    0,00    0,00    0,00    0,00    0,00    0,00    0,00  100,00
17:35:52      15    0,00    0,00    0,00    0,00    0,00    0,00    0,00    0,00    0,00  100,00
17:35:52      16    0,00    0,00    0,00    0,00    0,00    0,00    0,00    0,00    0,00  100,00
17:35:52      17    0,00    0,00    0,00    0,00    0,00    0,00    0,00    0,00    0,00  100,00
17:35:52      18    0,00    0,00    0,00    0,00    0,00    0,00    0,00    0,00    0,00  100,00
17:35:52      19    0,00    0,00    0,00    0,00    0,00    0,00    0,00    0,00    0,00  100,00
17:35:52      20    0,00    0,00    0,00    0,00    0,00    0,00    0,00    0,00    0,00  100,00
17:35:52      21    0,99    0,00    0,99    0,00    0,00    0,00    0,00    0,00    0,00   98,02
17:35:52      22    0,00    0,00    1,00    0,00    0,00    0,00    0,00    0,00    0,00   99,00
17:35:52      23    0,00    0,00    0,00    0,00    0,00    0,00    0,00    0,00    0,00  100,00

17:35:52     CPU    %usr   %nice    %sys %iowait    %irq   %soft  %steal  %guest  %gnice   %idle
17:35:53     all   54,65    0,00    0,17    0,21    0,00    0,00    0,00    0,00    0,00   44,98
17:35:53       0  100,00    0,00    0,00    0,00    0,00    0,00    0,00    0,00    0,00    0,00
17:35:53       1  100,00    0,00    0,00    0,00    0,00    0,00    0,00    0,00    0,00    0,00
17:35:53       2  100,00    0,00    0,00    0,00    0,00    0,00    0,00    0,00    0,00    0,00
17:35:53       3  100,00    0,00    0,00    0,00    0,00    0,00    0,00    0,00    0,00    0,00
17:35:53       4  100,00    0,00    0,00    0,00    0,00    0,00    0,00    0,00    0,00    0,00
17:35:53       5  100,00    0,00    0,00    0,00    0,00    0,00    0,00    0,00    0,00    0,00
17:35:53       6  100,00    0,00    0,00    0,00    0,00    0,00    0,00    0,00    0,00    0,00
17:35:53       7  100,00    0,00    0,00    0,00    0,00    0,00    0,00    0,00    0,00    0,00
17:35:53       8  100,00    0,00    0,00    0,00    0,00    0,00    0,00    0,00    0,00    0,00
17:35:53       9  100,00    0,00    0,00    0,00    0,00    0,00    0,00    0,00    0,00    0,00
17:35:53      10  100,00    0,00    0,00    0,00    0,00    0,00    0,00    0,00    0,00    0,00
17:35:53      11  100,00    0,00    0,00    0,00    0,00    0,00    0,00    0,00    0,00    0,00
17:35:53      12  100,00    0,00    0,00    0,00    0,00    0,00    0,00    0,00    0,00    0,00
17:35:53      13    0,00    0,00    0,00    0,00    0,00    0,00    0,00    0,00    0,00  100,00
17:35:53      14    0,00    0,00    0,00    0,00    0,00    0,00    0,00    0,00    0,00  100,00
17:35:53      15    0,00    0,00    0,00    0,00    0,00    0,00    0,00    0,00    0,00  100,00
17:35:53      16    9,00    0,00    2,00    0,00    0,00    0,00    0,00    0,00    0,00   89,00
17:35:53      17    0,00    0,00    0,00    0,00    0,00    0,00    0,00    0,00    0,00  100,00
17:35:53      18    1,98    0,00    0,99    0,99    0,00    0,00    0,00    0,00    0,00   96,04
17:35:53      19    0,00    0,00    0,99    1,98    0,00    0,00    0,00    0,00    0,00   97,03
17:35:53      20    0,00    0,00    0,00    0,00    0,00    0,00    0,00    0,00    0,00  100,00
17:35:53      21    0,00    0,00    0,00    0,00    0,00    0,00    0,00    0,00    0,00  100,00
17:35:53      22    0,00    0,00    0,00    2,00    0,00    0,00    0,00    0,00    0,00   98,00
17:35:53      23    0,00    0,00    0,00    0,00    0,00    0,00    0,00    0,00    0,00  100,00

17:35:53     CPU    %usr   %nice    %sys %iowait    %irq   %soft  %steal  %guest  %gnice   %idle
17:35:54     all   54,23    0,00    0,00    0,00    0,00    0,00    0,00    0,00    0,00   45,77
17:35:54       0  100,00    0,00    0,00    0,00    0,00    0,00    0,00    0,00    0,00    0,00
17:35:54       1  100,00    0,00    0,00    0,00    0,00    0,00    0,00    0,00    0,00    0,00
17:35:54       2  100,00    0,00    0,00    0,00    0,00    0,00    0,00    0,00    0,00    0,00
17:35:54       3  100,00    0,00    0,00    0,00    0,00    0,00    0,00    0,00    0,00    0,00
17:35:54       4  100,00    0,00    0,00    0,00    0,00    0,00    0,00    0,00    0,00    0,00
17:35:54       5  100,00    0,00    0,00    0,00    0,00    0,00    0,00    0,00    0,00    0,00
17:35:54       6  100,00    0,00    0,00    0,00    0,00    0,00    0,00    0,00    0,00    0,00
17:35:54       7  100,00    0,00    0,00    0,00    0,00    0,00    0,00    0,00    0,00    0,00
17:35:54       8  100,00    0,00    0,00    0,00    0,00    0,00    0,00    0,00    0,00    0,00
17:35:54       9  100,00    0,00    0,00    0,00    0,00    0,00    0,00    0,00    0,00    0,00
17:35:54      10  100,00    0,00    0,00    0,00    0,00    0,00    0,00    0,00    0,00    0,00
17:35:54      11  100,00    0,00    0,00    0,00    0,00    0,00    0,00    0,00    0,00    0,00
17:35:54      12  100,00    0,00    0,00    0,00    0,00    0,00    0,00    0,00    0,00    0,00
17:35:54      13    0,00    0,00    0,00    0,00    0,00    0,00    0,00    0,00    0,00  100,00
17:35:54      14    0,00    0,00    0,00    0,00    0,00    0,00    0,00    0,00    0,00  100,00
17:35:54      15    0,00    0,00    0,00    0,00    0,00    0,00    0,00    0,00    0,00  100,00
17:35:54      16    0,99    0,00    0,00    0,00    0,00    0,00    0,00    0,00    0,00   99,01
17:35:54      17    0,00    0,00    0,00    0,00    0,00    0,00    0,00    0,00    0,00  100,00
17:35:54      18    0,00    0,00    0,00    0,00    0,00    0,00    0,00    0,00    0,00  100,00
17:35:54      19    0,00    0,00    0,00    0,00    0,00    0,00    0,00    0,00    0,00  100,00
17:35:54      20    0,00    0,00    0,00    0,00    0,00    0,00    0,00    0,00    0,00  100,00
17:35:54      21    0,00    0,00    0,00    0,00    0,00    0,00    0,00    0,00    0,00  100,00
17:35:54      22    0,00    0,00    0,00    0,00    0,00    0,00    0,00    0,00    0,00  100,00
17:35:54      23    0,00    0,00    0,00    0,00    0,00    0,00    0,00    0,00    0,00  100,00

17:35:54     CPU    %usr   %nice    %sys %iowait    %irq   %soft  %steal  %guest  %gnice   %idle
17:35:55     all   54,27    0,00    0,00    0,00    0,00    0,00    0,00    0,00    0,00   45,73
17:35:55       0  100,00    0,00    0,00    0,00    0,00    0,00    0,00    0,00    0,00    0,00
17:35:55       1  100,00    0,00    0,00    0,00    0,00    0,00    0,00    0,00    0,00    0,00
17:35:55       2  100,00    0,00    0,00    0,00    0,00    0,00    0,00    0,00    0,00    0,00
17:35:55       3  100,00    0,00    0,00    0,00    0,00    0,00    0,00    0,00    0,00    0,00
17:35:55       4  100,00    0,00    0,00    0,00    0,00    0,00    0,00    0,00    0,00    0,00
17:35:55       5  100,00    0,00    0,00    0,00    0,00    0,00    0,00    0,00    0,00    0,00
17:35:55       6  100,00    0,00    0,00    0,00    0,00    0,00    0,00    0,00    0,00    0,00
17:35:55       7  100,00    0,00    0,00    0,00    0,00    0,00    0,00    0,00    0,00    0,00
17:35:55       8  100,00    0,00    0,00    0,00    0,00    0,00    0,00    0,00    0,00    0,00
17:35:55       9  100,00    0,00    0,00    0,00    0,00    0,00    0,00    0,00    0,00    0,00
17:35:55      10  100,00    0,00    0,00    0,00    0,00    0,00    0,00    0,00    0,00    0,00
17:35:55      11  100,00    0,00    0,00    0,00    0,00    0,00    0,00    0,00    0,00    0,00
17:35:55      12  100,00    0,00    0,00    0,00    0,00    0,00    0,00    0,00    0,00    0,00
17:35:55      13    0,00    0,00    0,00    0,00    0,00    0,00    0,00    0,00    0,00  100,00
17:35:55      14    0,00    0,00    0,00    0,00    0,00    0,00    0,00    0,00    0,00  100,00
17:35:55      15    0,00    0,00    0,00    0,00    0,00    0,00    0,00    0,00    0,00  100,00
17:35:55      16    0,00    0,00    0,00    0,00    0,00    0,00    0,00    0,00    0,00  100,00
17:35:55      17    0,00    0,00    0,00    0,00    0,00    0,00    0,00    0,00    0,00  100,00
17:35:55      18    0,00    0,00    0,00    0,00    0,00    0,00    0,00    0,00    0,00  100,00
17:35:55      19    0,00    0,00    0,00    0,00    0,00    0,00    0,00    0,00    0,00  100,00
17:35:55      20    0,00    0,00    0,00    0,00    0,00    0,00    0,00    0,00    0,00  100,00
17:35:55      21    0,00    0,00    0,00    0,00    0,00    0,00    0,00    0,00    0,00  100,00
17:35:55      22    0,99    0,00    0,00    0,00    0,00    0,00    0,00    0,00    0,00   99,01
17:35:55      23    0,00    0,00    0,00    0,00    0,00    0,00    0,00    0,00    0,00  100,00

17:35:55     CPU    %usr   %nice    %sys %iowait    %irq   %soft  %steal  %guest  %gnice   %idle
17:35:56     all   54,25    0,00    0,04    0,00    0,00    0,00    0,00    0,00    0,00   45,70
17:35:56       0  100,00    0,00    0,00    0,00    0,00    0,00    0,00    0,00    0,00    0,00
17:35:56       1  100,00    0,00    0,00    0,00    0,00    0,00    0,00    0,00    0,00    0,00
17:35:56       2  100,00    0,00    0,00    0,00    0,00    0,00    0,00    0,00    0,00    0,00
17:35:56       3  100,00    0,00    0,00    0,00    0,00    0,00    0,00    0,00    0,00    0,00
17:35:56       4  100,00    0,00    0,00    0,00    0,00    0,00    0,00    0,00    0,00    0,00
17:35:56       5  100,00    0,00    0,00    0,00    0,00    0,00    0,00    0,00    0,00    0,00
17:35:56       6  100,00    0,00    0,00    0,00    0,00    0,00    0,00    0,00    0,00    0,00
17:35:56       7  100,00    0,00    0,00    0,00    0,00    0,00    0,00    0,00    0,00    0,00
17:35:56       8  100,00    0,00    0,00    0,00    0,00    0,00    0,00    0,00    0,00    0,00
17:35:56       9  100,00    0,00    0,00    0,00    0,00    0,00    0,00    0,00    0,00    0,00
17:35:56      10  100,00    0,00    0,00    0,00    0,00    0,00    0,00    0,00    0,00    0,00
17:35:56      11  100,00    0,00    0,00    0,00    0,00    0,00    0,00    0,00    0,00    0,00
17:35:56      12  100,00    0,00    0,00    0,00    0,00    0,00    0,00    0,00    0,00    0,00
17:35:56      13    0,00    0,00    0,00    0,00    0,00    0,00    0,00    0,00    0,00  100,00
17:35:56      14    0,00    0,00    0,00    0,00    0,00    0,00    0,00    0,00    0,00  100,00
17:35:56      15    0,00    0,00    0,00    0,00    0,00    0,00    0,00    0,00    0,00  100,00
17:35:56      16    0,00    0,00    0,00    0,00    0,00    0,00    0,00    0,00    0,00  100,00
17:35:56      17    1,00    0,00    0,00    0,00    0,00    0,00    0,00    0,00    0,00   99,00
17:35:56      18    0,00    0,00    0,00    0,00    0,00    0,00    0,00    0,00    0,00  100,00
17:35:56      19    0,00    0,00    0,00    0,00    0,00    0,00    0,00    0,00    0,00  100,00
17:35:56      20    0,00    0,00    0,00    0,00    0,00    0,00    0,00    0,00    0,00  100,00
17:35:56      21    0,00    0,00    0,00    0,00    0,00    0,00    0,00    0,00    0,00  100,00
17:35:56      22    0,00    0,00    0,00    0,00    0,00    0,00    0,00    0,00    0,00  100,00
17:35:56      23    0,00    0,00    1,00    0,00    0,00    0,00    0,00    0,00    0,00   99,00

17:35:56     CPU    %usr   %nice    %sys %iowait    %irq   %soft  %steal  %guest  %gnice   %idle
17:35:57     all   54,17    0,00    0,00    0,00    0,00    0,00    0,00    0,00    0,00   45,83
17:35:57       0  100,00    0,00    0,00    0,00    0,00    0,00    0,00    0,00    0,00    0,00
17:35:57       1  100,00    0,00    0,00    0,00    0,00    0,00    0,00    0,00    0,00    0,00
17:35:57       2  100,00    0,00    0,00    0,00    0,00    0,00    0,00    0,00    0,00    0,00
17:35:57       3  100,00    0,00    0,00    0,00    0,00    0,00    0,00    0,00    0,00    0,00
17:35:57       4  100,00    0,00    0,00    0,00    0,00    0,00    0,00    0,00    0,00    0,00
17:35:57       5  100,00    0,00    0,00    0,00    0,00    0,00    0,00    0,00    0,00    0,00
17:35:57       6  100,00    0,00    0,00    0,00    0,00    0,00    0,00    0,00    0,00    0,00
17:35:57       7  100,00    0,00    0,00    0,00    0,00    0,00    0,00    0,00    0,00    0,00
17:35:57       8  100,00    0,00    0,00    0,00    0,00    0,00    0,00    0,00    0,00    0,00
17:35:57       9  100,00    0,00    0,00    0,00    0,00    0,00    0,00    0,00    0,00    0,00
17:35:57      10  100,00    0,00    0,00    0,00    0,00    0,00    0,00    0,00    0,00    0,00
17:35:57      11  100,00    0,00    0,00    0,00    0,00    0,00    0,00    0,00    0,00    0,00
17:35:57      12  100,00    0,00    0,00    0,00    0,00    0,00    0,00    0,00    0,00    0,00
17:35:57      13    0,00    0,00    0,00    0,00    0,00    0,00    0,00    0,00    0,00  100,00
17:35:57      14    0,00    0,00    0,00    0,00    0,00    0,00    0,00    0,00    0,00  100,00
17:35:57      15    0,00    0,00    0,00    0,00    0,00    0,00    0,00    0,00    0,00  100,00
17:35:57      16    0,00    0,00    0,00    0,00    0,00    0,00    0,00    0,00    0,00  100,00
17:35:57      17    0,00    0,00    0,00    0,00    0,00    0,00    0,00    0,00    0,00  100,00
17:35:57      18    0,00    0,00    0,00    0,00    0,00    0,00    0,00    0,00    0,00  100,00
17:35:57      19    0,00    0,00    0,00    0,00    0,00    0,00    0,00    0,00    0,00  100,00
17:35:57      20    0,00    0,00    0,00    0,00    0,00    0,00    0,00    0,00    0,00  100,00
17:35:57      21    0,00    0,00    0,00    0,00    0,00    0,00    0,00    0,00    0,00  100,00
17:35:57      22    0,00    0,00    0,00    0,00    0,00    0,00    0,00    0,00    0,00  100,00
17:35:57      23    0,00    0,00    0,00    0,00    0,00    0,00    0,00    0,00    0,00  100,00

17:35:57     CPU    %usr   %nice    %sys %iowait    %irq   %soft  %steal  %guest  %gnice   %idle
17:35:58     all   54,39    0,00    0,21    0,08    0,00    0,00    0,00    0,00    0,00   45,31
17:35:58       0  100,00    0,00    0,00    0,00    0,00    0,00    0,00    0,00    0,00    0,00
17:35:58       1  100,00    0,00    0,00    0,00    0,00    0,00    0,00    0,00    0,00    0,00
17:35:58       2  100,00    0,00    0,00    0,00    0,00    0,00    0,00    0,00    0,00    0,00
17:35:58       3  100,00    0,00    0,00    0,00    0,00    0,00    0,00    0,00    0,00    0,00
17:35:58       4  100,00    0,00    0,00    0,00    0,00    0,00    0,00    0,00    0,00    0,00
17:35:58       5  100,00    0,00    0,00    0,00    0,00    0,00    0,00    0,00    0,00    0,00
17:35:58       6  100,00    0,00    0,00    0,00    0,00    0,00    0,00    0,00    0,00    0,00
17:35:58       7  100,00    0,00    0,00    0,00    0,00    0,00    0,00    0,00    0,00    0,00
17:35:58       8  100,00    0,00    0,00    0,00    0,00    0,00    0,00    0,00    0,00    0,00
17:35:58       9  100,00    0,00    0,00    0,00    0,00    0,00    0,00    0,00    0,00    0,00
17:35:58      10  100,00    0,00    0,00    0,00    0,00    0,00    0,00    0,00    0,00    0,00
17:35:58      11  100,00    0,00    0,00    0,00    0,00    0,00    0,00    0,00    0,00    0,00
17:35:58      12  100,00    0,00    0,00    0,00    0,00    0,00    0,00    0,00    0,00    0,00
17:35:58      13    0,00    0,00    0,00    0,00    0,00    0,00    0,00    0,00    0,00  100,00
17:35:58      14    5,00    0,00    3,00    0,00    0,00    0,00    0,00    0,00    0,00   92,00
17:35:58      15    0,00    0,00    0,00    0,00    0,00    0,00    0,00    0,00    0,00  100,00
17:35:58      16    0,00    0,00    0,00    0,00    0,00    0,00    0,00    0,00    0,00  100,00
17:35:58      17    0,00    0,00    0,99    0,00    0,00    0,00    0,00    0,00    0,00   99,01
17:35:58      18    0,00    0,00    0,00    0,00    0,00    0,00    0,00    0,00    0,00  100,00
17:35:58      19    0,00    0,00    0,00    0,00    0,00    0,00    0,00    0,00    0,00  100,00
17:35:58      20    0,00    0,00    0,00    1,00    0,00    0,00    0,00    0,00    0,00   99,00
17:35:58      21    0,99    0,00    0,99    0,00    0,00    0,00    0,00    0,00    0,00   98,02
17:35:58      22    0,00    0,00    0,00    1,01    0,00    0,00    0,00    0,00    0,00   98,99
17:35:58      23    0,00    0,00    0,00    0,00    0,00    0,00    0,00    0,00    0,00  100,00

17:35:58     CPU    %usr   %nice    %sys %iowait    %irq   %soft  %steal  %guest  %gnice   %idle
17:35:59     all   54,19    0,00    0,00    0,00    0,00    0,00    0,00    0,00    0,00   45,81
17:35:59       0  100,00    0,00    0,00    0,00    0,00    0,00    0,00    0,00    0,00    0,00
17:35:59       1  100,00    0,00    0,00    0,00    0,00    0,00    0,00    0,00    0,00    0,00
17:35:59       2  100,00    0,00    0,00    0,00    0,00    0,00    0,00    0,00    0,00    0,00
17:35:59       3  100,00    0,00    0,00    0,00    0,00    0,00    0,00    0,00    0,00    0,00
17:35:59       4  100,00    0,00    0,00    0,00    0,00    0,00    0,00    0,00    0,00    0,00
17:35:59       5  100,00    0,00    0,00    0,00    0,00    0,00    0,00    0,00    0,00    0,00
17:35:59       6  100,00    0,00    0,00    0,00    0,00    0,00    0,00    0,00    0,00    0,00
17:35:59       7  100,00    0,00    0,00    0,00    0,00    0,00    0,00    0,00    0,00    0,00
17:35:59       8  100,00    0,00    0,00    0,00    0,00    0,00    0,00    0,00    0,00    0,00
17:35:59       9  100,00    0,00    0,00    0,00    0,00    0,00    0,00    0,00    0,00    0,00
17:35:59      10  100,00    0,00    0,00    0,00    0,00    0,00    0,00    0,00    0,00    0,00
17:35:59      11  100,00    0,00    0,00    0,00    0,00    0,00    0,00    0,00    0,00    0,00
17:35:59      12  100,00    0,00    0,00    0,00    0,00    0,00    0,00    0,00    0,00    0,00
17:35:59      13    0,00    0,00    0,00    0,00    0,00    0,00    0,00    0,00    0,00  100,00
17:35:59      14    0,00    0,00    0,00    0,00    0,00    0,00    0,00    0,00    0,00  100,00
17:35:59      15    0,00    0,00    0,00    0,00    0,00    0,00    0,00    0,00    0,00  100,00
17:35:59      16    0,00    0,00    0,00    0,00    0,00    0,00    0,00    0,00    0,00  100,00
17:35:59      17    0,00    0,00    0,00    0,00    0,00    0,00    0,00    0,00    0,00  100,00
17:35:59      18    0,00    0,00    0,00    0,00    0,00    0,00    0,00    0,00    0,00  100,00
17:35:59      19    0,00    0,00    0,00    0,00    0,00    0,00    0,00    0,00    0,00  100,00
17:35:59      20    0,00    0,00    0,00    0,00    0,00    0,00    0,00    0,00    0,00  100,00
17:35:59      21    0,00    0,00    0,00    0,00    0,00    0,00    0,00    0,00    0,00  100,00
17:35:59      22    0,00    0,00    0,00    0,00    0,00    0,00    0,00    0,00    0,00  100,00
17:35:59      23    0,00    0,00    0,00    0,00    0,00    0,00    0,00    0,00    0,00  100,00

17:35:59     CPU    %usr   %nice    %sys %iowait    %irq   %soft  %steal  %guest  %gnice   %idle
17:36:00     all   54,23    0,00    0,08    0,00    0,00    0,00    0,00    0,00    0,00   45,68
17:36:00       0  100,00    0,00    0,00    0,00    0,00    0,00    0,00    0,00    0,00    0,00
17:36:00       1  100,00    0,00    0,00    0,00    0,00    0,00    0,00    0,00    0,00    0,00
17:36:00       2  100,00    0,00    0,00    0,00    0,00    0,00    0,00    0,00    0,00    0,00
17:36:00       3  100,00    0,00    0,00    0,00    0,00    0,00    0,00    0,00    0,00    0,00
17:36:00       4  100,00    0,00    0,00    0,00    0,00    0,00    0,00    0,00    0,00    0,00
17:36:00       5  100,00    0,00    0,00    0,00    0,00    0,00    0,00    0,00    0,00    0,00
17:36:00       6  100,00    0,00    0,00    0,00    0,00    0,00    0,00    0,00    0,00    0,00
17:36:00       7  100,00    0,00    0,00    0,00    0,00    0,00    0,00    0,00    0,00    0,00
17:36:00       8  100,00    0,00    0,00    0,00    0,00    0,00    0,00    0,00    0,00    0,00
17:36:00       9  100,00    0,00    0,00    0,00    0,00    0,00    0,00    0,00    0,00    0,00
17:36:00      10  100,00    0,00    0,00    0,00    0,00    0,00    0,00    0,00    0,00    0,00
17:36:00      11  100,00    0,00    0,00    0,00    0,00    0,00    0,00    0,00    0,00    0,00
17:36:00      12  100,00    0,00    0,00    0,00    0,00    0,00    0,00    0,00    0,00    0,00
17:36:00      13    0,00    0,00    0,00    0,00    0,00    0,00    0,00    0,00    0,00  100,00
17:36:00      14    0,00    0,00    0,00    0,00    0,00    0,00    0,00    0,00    0,00  100,00
17:36:00      15    0,00    0,00    0,00    0,00    0,00    0,00    0,00    0,00    0,00  100,00
17:36:00      16    0,00    0,00    0,00    0,00    0,00    0,00    0,00    0,00    0,00  100,00
17:36:00      17    0,00    0,00    0,00    0,00    0,00    0,00    0,00    0,00    0,00  100,00
17:36:00      18    0,00    0,00    0,00    0,00    0,00    0,00    0,00    0,00    0,00  100,00
17:36:00      19    0,00    0,00    0,00    0,00    0,00    0,00    0,00    0,00    0,00  100,00
17:36:00      20    0,00    0,00    1,00    0,00    0,00    0,00    0,00    0,00    0,00   99,00
17:36:00      21    0,00    0,00    0,00    0,00    0,00    0,00    0,00    0,00    0,00  100,00
17:36:00      22    0,00    0,00    0,99    0,00    0,00    0,00    0,00    0,00    0,00   99,01
17:36:00      23    0,00    0,00    0,00    0,00    0,00    0,00    0,00    0,00    0,00  100,00

17:36:00     CPU    %usr   %nice    %sys %iowait    %irq   %soft  %steal  %guest  %gnice   %idle
17:36:01     all   54,19    0,00    0,00    0,00    0,00    0,00    0,00    0,00    0,00   45,81
17:36:01       0  100,00    0,00    0,00    0,00    0,00    0,00    0,00    0,00    0,00    0,00
17:36:01       1  100,00    0,00    0,00    0,00    0,00    0,00    0,00    0,00    0,00    0,00
17:36:01       2  100,00    0,00    0,00    0,00    0,00    0,00    0,00    0,00    0,00    0,00
17:36:01       3  100,00    0,00    0,00    0,00    0,00    0,00    0,00    0,00    0,00    0,00
17:36:01       4  100,00    0,00    0,00    0,00    0,00    0,00    0,00    0,00    0,00    0,00
17:36:01       5  100,00    0,00    0,00    0,00    0,00    0,00    0,00    0,00    0,00    0,00
17:36:01       6  100,00    0,00    0,00    0,00    0,00    0,00    0,00    0,00    0,00    0,00
17:36:01       7  100,00    0,00    0,00    0,00    0,00    0,00    0,00    0,00    0,00    0,00
17:36:01       8  100,00    0,00    0,00    0,00    0,00    0,00    0,00    0,00    0,00    0,00
17:36:01       9  100,00    0,00    0,00    0,00    0,00    0,00    0,00    0,00    0,00    0,00
17:36:01      10  100,00    0,00    0,00    0,00    0,00    0,00    0,00    0,00    0,00    0,00
17:36:01      11  100,00    0,00    0,00    0,00    0,00    0,00    0,00    0,00    0,00    0,00
17:36:01      12  100,00    0,00    0,00    0,00    0,00    0,00    0,00    0,00    0,00    0,00
17:36:01      13    0,00    0,00    0,00    0,00    0,00    0,00    0,00    0,00    0,00  100,00
17:36:01      14    0,00    0,00    0,00    0,00    0,00    0,00    0,00    0,00    0,00  100,00
17:36:01      15    0,00    0,00    0,00    0,00    0,00    0,00    0,00    0,00    0,00  100,00
17:36:01      16    0,00    0,00    0,00    0,00    0,00    0,00    0,00    0,00    0,00  100,00
17:36:01      17    0,00    0,00    0,00    0,00    0,00    0,00    0,00    0,00    0,00  100,00
17:36:01      18    0,00    0,00    0,00    0,00    0,00    0,00    0,00    0,00    0,00  100,00
17:36:01      19    0,00    0,00    0,00    0,00    0,00    0,00    0,00    0,00    0,00  100,00
17:36:01      20    0,00    0,00    0,00    0,00    0,00    0,00    0,00    0,00    0,00  100,00
17:36:01      21    0,00    0,00    0,00    0,00    0,00    0,00    0,00    0,00    0,00  100,00
17:36:01      22    0,00    0,00    0,00    0,00    0,00    0,00    0,00    0,00    0,00  100,00
17:36:01      23    0,00    0,00    0,00    0,00    0,00    0,00    0,00    0,00    0,00  100,00

17:36:01     CPU    %usr   %nice    %sys %iowait    %irq   %soft  %steal  %guest  %gnice   %idle
17:36:02     all   54,19    0,00    0,04    0,00    0,00    0,00    0,00    0,00    0,00   45,77
17:36:02       0  100,00    0,00    0,00    0,00    0,00    0,00    0,00    0,00    0,00    0,00
17:36:02       1  100,00    0,00    0,00    0,00    0,00    0,00    0,00    0,00    0,00    0,00
17:36:02       2  100,00    0,00    0,00    0,00    0,00    0,00    0,00    0,00    0,00    0,00
17:36:02       3  100,00    0,00    0,00    0,00    0,00    0,00    0,00    0,00    0,00    0,00
17:36:02       4  100,00    0,00    0,00    0,00    0,00    0,00    0,00    0,00    0,00    0,00
17:36:02       5  100,00    0,00    0,00    0,00    0,00    0,00    0,00    0,00    0,00    0,00
17:36:02       6  100,00    0,00    0,00    0,00    0,00    0,00    0,00    0,00    0,00    0,00
17:36:02       7  100,00    0,00    0,00    0,00    0,00    0,00    0,00    0,00    0,00    0,00
17:36:02       8  100,00    0,00    0,00    0,00    0,00    0,00    0,00    0,00    0,00    0,00
17:36:02       9  100,00    0,00    0,00    0,00    0,00    0,00    0,00    0,00    0,00    0,00
17:36:02      10  100,00    0,00    0,00    0,00    0,00    0,00    0,00    0,00    0,00    0,00
17:36:02      11  100,00    0,00    0,00    0,00    0,00    0,00    0,00    0,00    0,00    0,00
17:36:02      12  100,00    0,00    0,00    0,00    0,00    0,00    0,00    0,00    0,00    0,00
17:36:02      13    0,00    0,00    0,00    0,00    0,00    0,00    0,00    0,00    0,00  100,00
17:36:02      14    0,00    0,00    0,00    0,00    0,00    0,00    0,00    0,00    0,00  100,00
17:36:02      15    0,00    0,00    0,00    0,00    0,00    0,00    0,00    0,00    0,00  100,00
17:36:02      16    0,00    0,00    0,00    0,00    0,00    0,00    0,00    0,00    0,00  100,00
17:36:02      17    0,00    0,00    0,00    0,00    0,00    0,00    0,00    0,00    0,00  100,00
17:36:02      18    0,00    0,00    0,00    0,00    0,00    0,00    0,00    0,00    0,00  100,00
17:36:02      19    0,00    0,00    0,00    0,00    0,00    0,00    0,00    0,00    0,00  100,00
17:36:02      20    0,00    0,00    0,00    0,00    0,00    0,00    0,00    0,00    0,00  100,00
17:36:02      21    0,00    0,00    0,00    0,00    0,00    0,00    0,00    0,00    0,00  100,00
17:36:02      22    0,00    0,00    0,00    0,00    0,00    0,00    0,00    0,00    0,00  100,00
17:36:02      23    0,00    0,00    0,99    0,00    0,00    0,00    0,00    0,00    0,00   99,01

17:36:02     CPU    %usr   %nice    %sys %iowait    %irq   %soft  %steal  %guest  %gnice   %idle
17:36:03     all   54,14    0,00    0,04    0,12    0,00    0,00    0,00    0,00    0,00   45,69
17:36:03       0  100,00    0,00    0,00    0,00    0,00    0,00    0,00    0,00    0,00    0,00
17:36:03       1  100,00    0,00    0,00    0,00    0,00    0,00    0,00    0,00    0,00    0,00
17:36:03       2  100,00    0,00    0,00    0,00    0,00    0,00    0,00    0,00    0,00    0,00
17:36:03       3  100,00    0,00    0,00    0,00    0,00    0,00    0,00    0,00    0,00    0,00
17:36:03       4  100,00    0,00    0,00    0,00    0,00    0,00    0,00    0,00    0,00    0,00
17:36:03       5  100,00    0,00    0,00    0,00    0,00    0,00    0,00    0,00    0,00    0,00
17:36:03       6  100,00    0,00    0,00    0,00    0,00    0,00    0,00    0,00    0,00    0,00
17:36:03       7  100,00    0,00    0,00    0,00    0,00    0,00    0,00    0,00    0,00    0,00
17:36:03       8  100,00    0,00    0,00    0,00    0,00    0,00    0,00    0,00    0,00    0,00
17:36:03       9  100,00    0,00    0,00    0,00    0,00    0,00    0,00    0,00    0,00    0,00
17:36:03      10  100,00    0,00    0,00    0,00    0,00    0,00    0,00    0,00    0,00    0,00
17:36:03      11  100,00    0,00    0,00    0,00    0,00    0,00    0,00    0,00    0,00    0,00
17:36:03      12  100,00    0,00    0,00    0,00    0,00    0,00    0,00    0,00    0,00    0,00
17:36:03      13    0,00    0,00    0,00    0,00    0,00    0,00    0,00    0,00    0,00  100,00
17:36:03      14    0,00    0,00    0,99    0,00    0,00    0,00    0,00    0,00    0,00   99,01
17:36:03      15    0,00    0,00    0,00    0,00    0,00    0,00    0,00    0,00    0,00  100,00
17:36:03      16    0,00    0,00    0,00    0,00    0,00    0,00    0,00    0,00    0,00  100,00
17:36:03      17    0,00    0,00    0,00    0,00    0,00    0,00    0,00    0,00    0,00  100,00
17:36:03      18    0,00    0,00    0,00    0,00    0,00    0,00    0,00    0,00    0,00  100,00
17:36:03      19    0,00    0,00    0,00    0,00    0,00    0,00    0,00    0,00    0,00  100,00
17:36:03      20    0,00    0,00    0,00    0,00    0,00    0,00    0,00    0,00    0,00  100,00
17:36:03      21    0,00    0,00    0,00    2,00    0,00    0,00    0,00    0,00    0,00   98,00
17:36:03      22    0,00    0,00    0,00    1,00    0,00    0,00    0,00    0,00    0,00   99,00
17:36:03      23    0,00    0,00    0,00    0,00    0,00    0,00    0,00    0,00    0,00  100,00

17:36:03     CPU    %usr   %nice    %sys %iowait    %irq   %soft  %steal  %guest  %gnice   %idle
17:36:04     all   54,25    0,00    0,00    0,00    0,00    0,00    0,00    0,00    0,00   45,75
17:36:04       0  100,00    0,00    0,00    0,00    0,00    0,00    0,00    0,00    0,00    0,00
17:36:04       1  100,00    0,00    0,00    0,00    0,00    0,00    0,00    0,00    0,00    0,00
17:36:04       2  100,00    0,00    0,00    0,00    0,00    0,00    0,00    0,00    0,00    0,00
17:36:04       3  100,00    0,00    0,00    0,00    0,00    0,00    0,00    0,00    0,00    0,00
17:36:04       4  100,00    0,00    0,00    0,00    0,00    0,00    0,00    0,00    0,00    0,00
17:36:04       5  100,00    0,00    0,00    0,00    0,00    0,00    0,00    0,00    0,00    0,00
17:36:04       6  100,00    0,00    0,00    0,00    0,00    0,00    0,00    0,00    0,00    0,00
17:36:04       7  100,00    0,00    0,00    0,00    0,00    0,00    0,00    0,00    0,00    0,00
17:36:04       8  100,00    0,00    0,00    0,00    0,00    0,00    0,00    0,00    0,00    0,00
17:36:04       9  100,00    0,00    0,00    0,00    0,00    0,00    0,00    0,00    0,00    0,00
17:36:04      10  100,00    0,00    0,00    0,00    0,00    0,00    0,00    0,00    0,00    0,00
17:36:04      11  100,00    0,00    0,00    0,00    0,00    0,00    0,00    0,00    0,00    0,00
17:36:04      12  100,00    0,00    0,00    0,00    0,00    0,00    0,00    0,00    0,00    0,00
17:36:04      13    0,00    0,00    0,00    0,00    0,00    0,00    0,00    0,00    0,00  100,00
17:36:04      14    0,00    0,00    0,00    0,00    0,00    0,00    0,00    0,00    0,00  100,00
17:36:04      15    0,00    0,00    0,00    0,00    0,00    0,00    0,00    0,00    0,00  100,00
17:36:04      16    0,00    0,00    0,00    0,00    0,00    0,00    0,00    0,00    0,00  100,00
17:36:04      17    0,00    0,00    0,00    0,00    0,00    0,00    0,00    0,00    0,00  100,00
17:36:04      18    0,00    0,00    0,00    0,00    0,00    0,00    0,00    0,00    0,00  100,00
17:36:04      19    0,00    0,00    0,00    0,00    0,00    0,00    0,00    0,00    0,00  100,00
17:36:04      20    0,00    0,00    0,00    0,00    0,00    0,00    0,00    0,00    0,00  100,00
17:36:04      21    1,00    0,00    0,00    0,00    0,00    0,00    0,00    0,00    0,00   99,00
17:36:04      22    0,00    0,00    0,00    0,00    0,00    0,00    0,00    0,00    0,00  100,00
17:36:04      23    1,00    0,00    0,00    0,00    0,00    0,00    0,00    0,00    0,00   99,00

17:36:04     CPU    %usr   %nice    %sys %iowait    %irq   %soft  %steal  %guest  %gnice   %idle
17:36:05     all   54,14    0,00    0,04    0,00    0,00    0,00    0,00    0,00    0,00   45,81
17:36:05       0  100,00    0,00    0,00    0,00    0,00    0,00    0,00    0,00    0,00    0,00
17:36:05       1  100,00    0,00    0,00    0,00    0,00    0,00    0,00    0,00    0,00    0,00
17:36:05       2  100,00    0,00    0,00    0,00    0,00    0,00    0,00    0,00    0,00    0,00
17:36:05       3  100,00    0,00    0,00    0,00    0,00    0,00    0,00    0,00    0,00    0,00
17:36:05       4  100,00    0,00    0,00    0,00    0,00    0,00    0,00    0,00    0,00    0,00
17:36:05       5  100,00    0,00    0,00    0,00    0,00    0,00    0,00    0,00    0,00    0,00
17:36:05       6  100,00    0,00    0,00    0,00    0,00    0,00    0,00    0,00    0,00    0,00
17:36:05       7  100,00    0,00    0,00    0,00    0,00    0,00    0,00    0,00    0,00    0,00
17:36:05       8  100,00    0,00    0,00    0,00    0,00    0,00    0,00    0,00    0,00    0,00
17:36:05       9  100,00    0,00    0,00    0,00    0,00    0,00    0,00    0,00    0,00    0,00
17:36:05      10  100,00    0,00    0,00    0,00    0,00    0,00    0,00    0,00    0,00    0,00
17:36:05      11  100,00    0,00    0,00    0,00    0,00    0,00    0,00    0,00    0,00    0,00
17:36:05      12  100,00    0,00    0,00    0,00    0,00    0,00    0,00    0,00    0,00    0,00
17:36:05      13    0,00    0,00    0,00    0,00    0,00    0,00    0,00    0,00    0,00  100,00
17:36:05      14    0,00    0,00    0,00    0,00    0,00    0,00    0,00    0,00    0,00  100,00
17:36:05      15    0,00    0,00    0,00    0,00    0,00    0,00    0,00    0,00    0,00  100,00
17:36:05      16    0,00    0,00    0,99    0,00    0,00    0,00    0,00    0,00    0,00   99,01
17:36:05      17    0,00    0,00    0,00    0,00    0,00    0,00    0,00    0,00    0,00  100,00
17:36:05      18    0,00    0,00    0,00    0,00    0,00    0,00    0,00    0,00    0,00  100,00
17:36:05      19    0,00    0,00    0,00    0,00    0,00    0,00    0,00    0,00    0,00  100,00
17:36:05      20    0,00    0,00    0,00    0,00    0,00    0,00    0,00    0,00    0,00  100,00
17:36:05      21    0,00    0,00    0,00    0,00    0,00    0,00    0,00    0,00    0,00  100,00
17:36:05      22    0,00    0,00    0,00    0,00    0,00    0,00    0,00    0,00    0,00  100,00
17:36:05      23    0,00    0,00    0,00    0,00    0,00    0,00    0,00    0,00    0,00  100,00

17:36:05     CPU    %usr   %nice    %sys %iowait    %irq   %soft  %steal  %guest  %gnice   %idle
17:36:06     all   54,17    0,00    0,12    0,00    0,00    0,00    0,00    0,00    0,00   45,71
17:36:06       0  100,00    0,00    0,00    0,00    0,00    0,00    0,00    0,00    0,00    0,00
17:36:06       1  100,00    0,00    0,00    0,00    0,00    0,00    0,00    0,00    0,00    0,00
17:36:06       2  100,00    0,00    0,00    0,00    0,00    0,00    0,00    0,00    0,00    0,00
17:36:06       3  100,00    0,00    0,00    0,00    0,00    0,00    0,00    0,00    0,00    0,00
17:36:06       4  100,00    0,00    0,00    0,00    0,00    0,00    0,00    0,00    0,00    0,00
17:36:06       5  100,00    0,00    0,00    0,00    0,00    0,00    0,00    0,00    0,00    0,00
17:36:06       6  100,00    0,00    0,00    0,00    0,00    0,00    0,00    0,00    0,00    0,00
17:36:06       7  100,00    0,00    0,00    0,00    0,00    0,00    0,00    0,00    0,00    0,00
17:36:06       8  100,00    0,00    0,00    0,00    0,00    0,00    0,00    0,00    0,00    0,00
17:36:06       9  100,00    0,00    0,00    0,00    0,00    0,00    0,00    0,00    0,00    0,00
17:36:06      10  100,00    0,00    0,00    0,00    0,00    0,00    0,00    0,00    0,00    0,00
17:36:06      11  100,00    0,00    0,00    0,00    0,00    0,00    0,00    0,00    0,00    0,00
17:36:06      12  100,00    0,00    0,00    0,00    0,00    0,00    0,00    0,00    0,00    0,00
17:36:06      13    0,00    0,00    0,00    0,00    0,00    0,00    0,00    0,00    0,00  100,00
17:36:06      14    0,00    0,00    0,00    0,00    0,00    0,00    0,00    0,00    0,00  100,00
17:36:06      15    0,00    0,00    0,00    0,00    0,00    0,00    0,00    0,00    0,00  100,00
17:36:06      16    0,00    0,00    0,00    0,00    0,00    0,00    0,00    0,00    0,00  100,00
17:36:06      17    0,00    0,00    0,00    0,00    0,00    0,00    0,00    0,00    0,00  100,00
17:36:06      18    0,00    0,00    0,99    0,00    0,00    0,00    0,00    0,00    0,00   99,01
17:36:06      19    0,00    0,00    0,00    0,00    0,00    0,00    0,00    0,00    0,00  100,00
17:36:06      20    0,00    0,00    0,00    0,00    0,00    0,00    0,00    0,00    0,00  100,00
17:36:06      21    0,00    0,00    0,99    0,00    0,00    0,00    0,00    0,00    0,00   99,01
17:36:06      22    0,00    0,00    0,99    0,00    0,00    0,00    0,00    0,00    0,00   99,01
17:36:06      23    0,00    0,00    0,00    0,00    0,00    0,00    0,00    0,00    0,00  100,00

17:36:06     CPU    %usr   %nice    %sys %iowait    %irq   %soft  %steal  %guest  %gnice   %idle
17:36:07     all   54,16    0,00    0,04    0,00    0,00    0,00    0,00    0,00    0,00   45,80
17:36:07       0  100,00    0,00    0,00    0,00    0,00    0,00    0,00    0,00    0,00    0,00
17:36:07       1  100,00    0,00    0,00    0,00    0,00    0,00    0,00    0,00    0,00    0,00
17:36:07       2  100,00    0,00    0,00    0,00    0,00    0,00    0,00    0,00    0,00    0,00
17:36:07       3  100,00    0,00    0,00    0,00    0,00    0,00    0,00    0,00    0,00    0,00
17:36:07       4  100,00    0,00    0,00    0,00    0,00    0,00    0,00    0,00    0,00    0,00
17:36:07       5  100,00    0,00    0,00    0,00    0,00    0,00    0,00    0,00    0,00    0,00
17:36:07       6  100,00    0,00    0,00    0,00    0,00    0,00    0,00    0,00    0,00    0,00
17:36:07       7  100,00    0,00    0,00    0,00    0,00    0,00    0,00    0,00    0,00    0,00
17:36:07       8  100,00    0,00    0,00    0,00    0,00    0,00    0,00    0,00    0,00    0,00
17:36:07       9  100,00    0,00    0,00    0,00    0,00    0,00    0,00    0,00    0,00    0,00
17:36:07      10  100,00    0,00    0,00    0,00    0,00    0,00    0,00    0,00    0,00    0,00
17:36:07      11  100,00    0,00    0,00    0,00    0,00    0,00    0,00    0,00    0,00    0,00
17:36:07      12  100,00    0,00    0,00    0,00    0,00    0,00    0,00    0,00    0,00    0,00
17:36:07      13    0,00    0,00    0,00    0,00    0,00    0,00    0,00    0,00    0,00  100,00
17:36:07      14    0,00    0,00    0,00    0,00    0,00    0,00    0,00    0,00    0,00  100,00
17:36:07      15    0,00    0,00    0,00    0,00    0,00    0,00    0,00    0,00    0,00  100,00
17:36:07      16    0,00    0,00    0,00    0,00    0,00    0,00    0,00    0,00    0,00  100,00
17:36:07      17    0,99    0,00    0,00    0,00    0,00    0,00    0,00    0,00    0,00   99,01
17:36:07      18    0,00    0,00    0,00    0,00    0,00    0,00    0,00    0,00    0,00  100,00
17:36:07      19    0,00    0,00    0,99    0,00    0,00    0,00    0,00    0,00    0,00   99,01
17:36:07      20    0,00    0,00    0,00    0,00    0,00    0,00    0,00    0,00    0,00  100,00
17:36:07      21    0,00    0,00    0,00    0,00    0,00    0,00    0,00    0,00    0,00  100,00
17:36:07      22    0,00    0,00    0,00    0,00    0,00    0,00    0,00    0,00    0,00  100,00
17:36:07      23    0,00    0,00    0,00    0,00    0,00    0,00    0,00    0,00    0,00  100,00

17:36:07     CPU    %usr   %nice    %sys %iowait    %irq   %soft  %steal  %guest  %gnice   %idle
17:36:08     all   54,30    0,00    0,04    0,08    0,00    0,00    0,00    0,00    0,00   45,58
17:36:08       0  100,00    0,00    0,00    0,00    0,00    0,00    0,00    0,00    0,00    0,00
17:36:08       1  100,00    0,00    0,00    0,00    0,00    0,00    0,00    0,00    0,00    0,00
17:36:08       2  100,00    0,00    0,00    0,00    0,00    0,00    0,00    0,00    0,00    0,00
17:36:08       3  100,00    0,00    0,00    0,00    0,00    0,00    0,00    0,00    0,00    0,00
17:36:08       4  100,00    0,00    0,00    0,00    0,00    0,00    0,00    0,00    0,00    0,00
17:36:08       5  100,00    0,00    0,00    0,00    0,00    0,00    0,00    0,00    0,00    0,00
17:36:08       6  100,00    0,00    0,00    0,00    0,00    0,00    0,00    0,00    0,00    0,00
17:36:08       7  100,00    0,00    0,00    0,00    0,00    0,00    0,00    0,00    0,00    0,00
17:36:08       8  100,00    0,00    0,00    0,00    0,00    0,00    0,00    0,00    0,00    0,00
17:36:08       9  100,00    0,00    0,00    0,00    0,00    0,00    0,00    0,00    0,00    0,00
17:36:08      10  100,00    0,00    0,00    0,00    0,00    0,00    0,00    0,00    0,00    0,00
17:36:08      11  100,00    0,00    0,00    0,00    0,00    0,00    0,00    0,00    0,00    0,00
17:36:08      12  100,00    0,00    0,00    0,00    0,00    0,00    0,00    0,00    0,00    0,00
17:36:08      13    0,00    0,00    0,00    0,00    0,00    0,00    0,00    0,00    0,00  100,00
17:36:08      14    0,00    0,00    0,00    0,00    0,00    0,00    0,00    0,00    0,00  100,00
17:36:08      15    0,00    0,00    0,00    0,00    0,00    0,00    0,00    0,00    0,00  100,00
17:36:08      16    1,00    0,00    0,00    0,00    0,00    0,00    0,00    0,00    0,00   99,00
17:36:08      17    0,00    0,00    0,00    0,00    0,00    0,00    0,00    0,00    0,00  100,00
17:36:08      18    0,00    0,00    0,00    0,00    0,00    0,00    0,00    0,00    0,00  100,00
17:36:08      19    0,00    0,00    0,00    0,00    0,00    0,00    0,00    0,00    0,00  100,00
17:36:08      20    0,00    0,00    0,00    1,01    0,00    0,00    0,00    0,00    0,00   98,99
17:36:08      21    0,00    0,00    0,00    1,01    0,00    0,00    0,00    0,00    0,00   98,99
17:36:08      22    0,00    0,00    0,00    0,00    0,00    0,00    0,00    0,00    0,00  100,00
17:36:08      23    0,00    0,00    1,00    0,00    0,00    0,00    0,00    0,00    0,00   99,00

17:36:08     CPU    %usr   %nice    %sys %iowait    %irq   %soft  %steal  %guest  %gnice   %idle
17:36:09     all   54,17    0,00    0,04    0,00    0,00    0,00    0,00    0,00    0,00   45,79
17:36:09       0  100,00    0,00    0,00    0,00    0,00    0,00    0,00    0,00    0,00    0,00
17:36:09       1  100,00    0,00    0,00    0,00    0,00    0,00    0,00    0,00    0,00    0,00
17:36:09       2  100,00    0,00    0,00    0,00    0,00    0,00    0,00    0,00    0,00    0,00
17:36:09       3  100,00    0,00    0,00    0,00    0,00    0,00    0,00    0,00    0,00    0,00
17:36:09       4  100,00    0,00    0,00    0,00    0,00    0,00    0,00    0,00    0,00    0,00
17:36:09       5  100,00    0,00    0,00    0,00    0,00    0,00    0,00    0,00    0,00    0,00
17:36:09       6  100,00    0,00    0,00    0,00    0,00    0,00    0,00    0,00    0,00    0,00
17:36:09       7  100,00    0,00    0,00    0,00    0,00    0,00    0,00    0,00    0,00    0,00
17:36:09       8  100,00    0,00    0,00    0,00    0,00    0,00    0,00    0,00    0,00    0,00
17:36:09       9  100,00    0,00    0,00    0,00    0,00    0,00    0,00    0,00    0,00    0,00
17:36:09      10  100,00    0,00    0,00    0,00    0,00    0,00    0,00    0,00    0,00    0,00
17:36:09      11  100,00    0,00    0,00    0,00    0,00    0,00    0,00    0,00    0,00    0,00
17:36:09      12  100,00    0,00    0,00    0,00    0,00    0,00    0,00    0,00    0,00    0,00
17:36:09      13    0,00    0,00    0,00    0,00    0,00    0,00    0,00    0,00    0,00  100,00
17:36:09      14    0,00    0,00    0,00    0,00    0,00    0,00    0,00    0,00    0,00  100,00
17:36:09      15    0,00    0,00    0,00    0,00    0,00    0,00    0,00    0,00    0,00  100,00
17:36:09      16    0,00    0,00    0,00    0,00    0,00    0,00    0,00    0,00    0,00  100,00
17:36:09      17    0,00    0,00    0,00    0,00    0,00    0,00    0,00    0,00    0,00  100,00
17:36:09      18    0,00    0,00    0,00    0,00    0,00    0,00    0,00    0,00    0,00  100,00
17:36:09      19    0,00    0,00    0,00    0,00    0,00    0,00    0,00    0,00    0,00  100,00
17:36:09      20    0,00    0,00    0,99    0,00    0,00    0,00    0,00    0,00    0,00   99,01
17:36:09      21    0,00    0,00    0,00    0,00    0,00    0,00    0,00    0,00    0,00  100,00
17:36:09      22    0,00    0,00    0,00    0,00    0,00    0,00    0,00    0,00    0,00  100,00
17:36:09      23    0,00    0,00    0,00    0,00    0,00    0,00    0,00    0,00    0,00  100,00

17:36:09     CPU    %usr   %nice    %sys %iowait    %irq   %soft  %steal  %guest  %gnice   %idle
17:36:10     all   54,19    0,00    0,00    0,00    0,00    0,00    0,00    0,00    0,00   45,81
17:36:10       0  100,00    0,00    0,00    0,00    0,00    0,00    0,00    0,00    0,00    0,00
17:36:10       1  100,00    0,00    0,00    0,00    0,00    0,00    0,00    0,00    0,00    0,00
17:36:10       2  100,00    0,00    0,00    0,00    0,00    0,00    0,00    0,00    0,00    0,00
17:36:10       3  100,00    0,00    0,00    0,00    0,00    0,00    0,00    0,00    0,00    0,00
17:36:10       4  100,00    0,00    0,00    0,00    0,00    0,00    0,00    0,00    0,00    0,00
17:36:10       5  100,00    0,00    0,00    0,00    0,00    0,00    0,00    0,00    0,00    0,00
17:36:10       6  100,00    0,00    0,00    0,00    0,00    0,00    0,00    0,00    0,00    0,00
17:36:10       7  100,00    0,00    0,00    0,00    0,00    0,00    0,00    0,00    0,00    0,00
17:36:10       8  100,00    0,00    0,00    0,00    0,00    0,00    0,00    0,00    0,00    0,00
17:36:10       9  100,00    0,00    0,00    0,00    0,00    0,00    0,00    0,00    0,00    0,00
17:36:10      10  100,00    0,00    0,00    0,00    0,00    0,00    0,00    0,00    0,00    0,00
17:36:10      11  100,00    0,00    0,00    0,00    0,00    0,00    0,00    0,00    0,00    0,00
17:36:10      12  100,00    0,00    0,00    0,00    0,00    0,00    0,00    0,00    0,00    0,00
17:36:10      13    0,00    0,00    0,00    0,00    0,00    0,00    0,00    0,00    0,00  100,00
17:36:10      14    0,00    0,00    0,00    0,00    0,00    0,00    0,00    0,00    0,00  100,00
17:36:10      15    0,00    0,00    0,00    0,00    0,00    0,00    0,00    0,00    0,00  100,00
17:36:10      16    0,00    0,00    0,00    0,00    0,00    0,00    0,00    0,00    0,00  100,00
17:36:10      17    0,00    0,00    0,00    0,00    0,00    0,00    0,00    0,00    0,00  100,00
17:36:10      18    0,00    0,00    0,00    0,00    0,00    0,00    0,00    0,00    0,00  100,00
17:36:10      19    0,00    0,00    0,00    0,00    0,00    0,00    0,00    0,00    0,00  100,00
17:36:10      20    0,00    0,00    0,00    0,00    0,00    0,00    0,00    0,00    0,00  100,00
17:36:10      21    0,00    0,00    0,00    0,00    0,00    0,00    0,00    0,00    0,00  100,00
17:36:10      22    0,00    0,00    0,00    0,00    0,00    0,00    0,00    0,00    0,00  100,00
17:36:10      23    0,00    0,00    0,00    0,00    0,00    0,00    0,00    0,00    0,00  100,00

17:36:10     CPU    %usr   %nice    %sys %iowait    %irq   %soft  %steal  %guest  %gnice   %idle
17:36:11     all   54,16    0,00    0,04    0,00    0,00    0,00    0,00    0,00    0,00   45,80
17:36:11       0  100,00    0,00    0,00    0,00    0,00    0,00    0,00    0,00    0,00    0,00
17:36:11       1  100,00    0,00    0,00    0,00    0,00    0,00    0,00    0,00    0,00    0,00
17:36:11       2  100,00    0,00    0,00    0,00    0,00    0,00    0,00    0,00    0,00    0,00
17:36:11       3  100,00    0,00    0,00    0,00    0,00    0,00    0,00    0,00    0,00    0,00
17:36:11       4  100,00    0,00    0,00    0,00    0,00    0,00    0,00    0,00    0,00    0,00
17:36:11       5  100,00    0,00    0,00    0,00    0,00    0,00    0,00    0,00    0,00    0,00
17:36:11       6  100,00    0,00    0,00    0,00    0,00    0,00    0,00    0,00    0,00    0,00
17:36:11       7  100,00    0,00    0,00    0,00    0,00    0,00    0,00    0,00    0,00    0,00
17:36:11       8  100,00    0,00    0,00    0,00    0,00    0,00    0,00    0,00    0,00    0,00
17:36:11       9  100,00    0,00    0,00    0,00    0,00    0,00    0,00    0,00    0,00    0,00
17:36:11      10  100,00    0,00    0,00    0,00    0,00    0,00    0,00    0,00    0,00    0,00
17:36:11      11  100,00    0,00    0,00    0,00    0,00    0,00    0,00    0,00    0,00    0,00
17:36:11      12  100,00    0,00    0,00    0,00    0,00    0,00    0,00    0,00    0,00    0,00
17:36:11      13    0,00    0,00    0,00    0,00    0,00    0,00    0,00    0,00    0,00  100,00
17:36:11      14    0,00    0,00    0,00    0,00    0,00    0,00    0,00    0,00    0,00  100,00
17:36:11      15    0,00    0,00    0,00    0,00    0,00    0,00    0,00    0,00    0,00  100,00
17:36:11      16    0,00    0,00    0,00    0,00    0,00    0,00    0,00    0,00    0,00  100,00
17:36:11      17    0,00    0,00    0,00    0,00    0,00    0,00    0,00    0,00    0,00  100,00
17:36:11      18    0,00    0,00    0,00    0,00    0,00    0,00    0,00    0,00    0,00  100,00
17:36:11      19    0,00    0,00    0,00    0,00    0,00    0,00    0,00    0,00    0,00  100,00
17:36:11      20    0,99    0,00    0,00    0,00    0,00    0,00    0,00    0,00    0,00   99,01
17:36:11      21    0,00    0,00    0,00    0,00    0,00    0,00    0,00    0,00    0,00  100,00
17:36:11      22    0,00    0,00    0,99    0,00    0,00    0,00    0,00    0,00    0,00   99,01
17:36:11      23    0,00    0,00    0,00    0,00    0,00    0,00    0,00    0,00    0,00  100,00

17:36:11     CPU    %usr   %nice    %sys %iowait    %irq   %soft  %steal  %guest  %gnice   %idle
17:36:12     all   54,34    0,00    0,04    0,00    0,00    0,00    0,00    0,00    0,00   45,62
17:36:12       0  100,00    0,00    0,00    0,00    0,00    0,00    0,00    0,00    0,00    0,00
17:36:12       1  100,00    0,00    0,00    0,00    0,00    0,00    0,00    0,00    0,00    0,00
17:36:12       2  100,00    0,00    0,00    0,00    0,00    0,00    0,00    0,00    0,00    0,00
17:36:12       3  100,00    0,00    0,00    0,00    0,00    0,00    0,00    0,00    0,00    0,00
17:36:12       4  100,00    0,00    0,00    0,00    0,00    0,00    0,00    0,00    0,00    0,00
17:36:12       5  100,00    0,00    0,00    0,00    0,00    0,00    0,00    0,00    0,00    0,00
17:36:12       6  100,00    0,00    0,00    0,00    0,00    0,00    0,00    0,00    0,00    0,00
17:36:12       7  100,00    0,00    0,00    0,00    0,00    0,00    0,00    0,00    0,00    0,00
17:36:12       8  100,00    0,00    0,00    0,00    0,00    0,00    0,00    0,00    0,00    0,00
17:36:12       9  100,00    0,00    0,00    0,00    0,00    0,00    0,00    0,00    0,00    0,00
17:36:12      10  100,00    0,00    0,00    0,00    0,00    0,00    0,00    0,00    0,00    0,00
17:36:12      11  100,00    0,00    0,00    0,00    0,00    0,00    0,00    0,00    0,00    0,00
17:36:12      12  100,00    0,00    0,00    0,00    0,00    0,00    0,00    0,00    0,00    0,00
17:36:12      13    0,00    0,00    0,00    0,00    0,00    0,00    0,00    0,00    0,00  100,00
17:36:12      14    0,00    0,00    0,00    0,00    0,00    0,00    0,00    0,00    0,00  100,00
17:36:12      15    0,00    0,00    0,00    0,00    0,00    0,00    0,00    0,00    0,00  100,00
17:36:12      16    0,00    0,00    0,00    0,00    0,00    0,00    0,00    0,00    0,00  100,00
17:36:12      17    0,00    0,00    0,00    0,00    0,00    0,00    0,00    0,00    0,00  100,00
17:36:12      18    1,00    0,00    0,00    0,00    0,00    0,00    0,00    0,00    0,00   99,00
17:36:12      19    1,00    0,00    0,00    0,00    0,00    0,00    0,00    0,00    0,00   99,00
17:36:12      20    0,00    0,00    0,00    0,00    0,00    0,00    0,00    0,00    0,00  100,00
17:36:12      21    0,99    0,00    0,99    0,00    0,00    0,00    0,00    0,00    0,00   98,02
17:36:12      22    0,00    0,00    0,00    0,00    0,00    0,00    0,00    0,00    0,00  100,00
17:36:12      23    0,00    0,00    0,00    0,00    0,00    0,00    0,00    0,00    0,00  100,00

17:36:12     CPU    %usr   %nice    %sys %iowait    %irq   %soft  %steal  %guest  %gnice   %idle
17:36:13     all   54,19    0,00    0,00    0,12    0,00    0,00    0,00    0,00    0,00   45,69
17:36:13       0  100,00    0,00    0,00    0,00    0,00    0,00    0,00    0,00    0,00    0,00
17:36:13       1  100,00    0,00    0,00    0,00    0,00    0,00    0,00    0,00    0,00    0,00
17:36:13       2  100,00    0,00    0,00    0,00    0,00    0,00    0,00    0,00    0,00    0,00
17:36:13       3  100,00    0,00    0,00    0,00    0,00    0,00    0,00    0,00    0,00    0,00
17:36:13       4  100,00    0,00    0,00    0,00    0,00    0,00    0,00    0,00    0,00    0,00
17:36:13       5  100,00    0,00    0,00    0,00    0,00    0,00    0,00    0,00    0,00    0,00
17:36:13       6  100,00    0,00    0,00    0,00    0,00    0,00    0,00    0,00    0,00    0,00
17:36:13       7  100,00    0,00    0,00    0,00    0,00    0,00    0,00    0,00    0,00    0,00
17:36:13       8  100,00    0,00    0,00    0,00    0,00    0,00    0,00    0,00    0,00    0,00
17:36:13       9  100,00    0,00    0,00    0,00    0,00    0,00    0,00    0,00    0,00    0,00
17:36:13      10  100,00    0,00    0,00    0,00    0,00    0,00    0,00    0,00    0,00    0,00
17:36:13      11  100,00    0,00    0,00    0,00    0,00    0,00    0,00    0,00    0,00    0,00
17:36:13      12  100,00    0,00    0,00    0,00    0,00    0,00    0,00    0,00    0,00    0,00
17:36:13      13    0,00    0,00    0,00    0,00    0,00    0,00    0,00    0,00    0,00  100,00
17:36:13      14    0,00    0,00    0,00    0,00    0,00    0,00    0,00    0,00    0,00  100,00
17:36:13      15    0,00    0,00    0,00    0,00    0,00    0,00    0,00    0,00    0,00  100,00
17:36:13      16    0,00    0,00    0,00    0,00    0,00    0,00    0,00    0,00    0,00  100,00
17:36:13      17    0,99    0,00    0,00    0,00    0,00    0,00    0,00    0,00    0,00   99,01
17:36:13      18    0,00    0,00    0,00    0,00    0,00    0,00    0,00    0,00    0,00  100,00
17:36:13      19    0,00    0,00    0,00    0,00    0,00    0,00    0,00    0,00    0,00  100,00
17:36:13      20    0,00    0,00    0,00    0,00    0,00    0,00    0,00    0,00    0,00  100,00
17:36:13      21    0,00    0,00    0,00    1,98    0,00    0,00    0,00    0,00    0,00   98,02
17:36:13      22    0,00    0,00    0,00    1,00    0,00    0,00    0,00    0,00    0,00   99,00
17:36:13      23    0,00    0,00    0,00    0,00    0,00    0,00    0,00    0,00    0,00  100,00

17:36:13     CPU    %usr   %nice    %sys %iowait    %irq   %soft  %steal  %guest  %gnice   %idle
17:36:14     all   54,16    0,00    0,08    0,00    0,00    0,00    0,00    0,00    0,00   45,75
17:36:14       0  100,00    0,00    0,00    0,00    0,00    0,00    0,00    0,00    0,00    0,00
17:36:14       1  100,00    0,00    0,00    0,00    0,00    0,00    0,00    0,00    0,00    0,00
17:36:14       2  100,00    0,00    0,00    0,00    0,00    0,00    0,00    0,00    0,00    0,00
17:36:14       3  100,00    0,00    0,00    0,00    0,00    0,00    0,00    0,00    0,00    0,00
17:36:14       4  100,00    0,00    0,00    0,00    0,00    0,00    0,00    0,00    0,00    0,00
17:36:14       5  100,00    0,00    0,00    0,00    0,00    0,00    0,00    0,00    0,00    0,00
17:36:14       6  100,00    0,00    0,00    0,00    0,00    0,00    0,00    0,00    0,00    0,00
17:36:14       7  100,00    0,00    0,00    0,00    0,00    0,00    0,00    0,00    0,00    0,00
17:36:14       8  100,00    0,00    0,00    0,00    0,00    0,00    0,00    0,00    0,00    0,00
17:36:14       9  100,00    0,00    0,00    0,00    0,00    0,00    0,00    0,00    0,00    0,00
17:36:14      10  100,00    0,00    0,00    0,00    0,00    0,00    0,00    0,00    0,00    0,00
17:36:14      11  100,00    0,00    0,00    0,00    0,00    0,00    0,00    0,00    0,00    0,00
17:36:14      12  100,00    0,00    0,00    0,00    0,00    0,00    0,00    0,00    0,00    0,00
17:36:14      13    0,00    0,00    0,00    0,00    0,00    0,00    0,00    0,00    0,00  100,00
17:36:14      14    0,00    0,00    0,00    0,00    0,00    0,00    0,00    0,00    0,00  100,00
17:36:14      15    0,00    0,00    0,00    0,00    0,00    0,00    0,00    0,00    0,00  100,00
17:36:14      16    0,99    0,00    0,00    0,00    0,00    0,00    0,00    0,00    0,00   99,01
17:36:14      17    0,00    0,00    1,00    0,00    0,00    0,00    0,00    0,00    0,00   99,00
17:36:14      18    0,00    0,00    0,00    0,00    0,00    0,00    0,00    0,00    0,00  100,00
17:36:14      19    0,00    0,00    0,00    0,00    0,00    0,00    0,00    0,00    0,00  100,00
17:36:14      20    0,00    0,00    0,00    0,00    0,00    0,00    0,00    0,00    0,00  100,00
17:36:14      21    0,00    0,00    0,00    0,00    0,00    0,00    0,00    0,00    0,00  100,00
17:36:14      22    0,00    0,00    0,00    0,00    0,00    0,00    0,00    0,00    0,00  100,00
17:36:14      23    0,00    0,00    0,99    0,00    0,00    0,00    0,00    0,00    0,00   99,01
