Linux 6.8.0-111-generic (testbed-node6) 	13/05/26 	_x86_64_	(24 CPU)

21:11:23     CPU    %usr   %nice    %sys %iowait    %irq   %soft  %steal  %guest  %gnice   %idle
21:11:24     all    0,46    0,00    0,13    0,00    0,00   12,57    0,00    0,00    0,00   86,85
21:11:24       0    2,00    0,00    0,00    0,00    0,00    0,00    0,00    0,00    0,00   98,00
21:11:24       1    2,00    0,00    0,00    0,00    0,00   50,00    0,00    0,00    0,00   48,00
21:11:24       2    0,00    0,00    0,00    0,00    0,00    0,00    0,00    0,00    0,00  100,00
21:11:24       3    0,00    0,00    0,00    0,00    0,00   51,00    0,00    0,00    0,00   49,00
21:11:24       4    0,00    0,00    0,00    0,00    0,00    0,00    0,00    0,00    0,00  100,00
21:11:24       5    0,00    0,00    0,00    0,00    0,00    0,00    0,00    0,00    0,00  100,00
21:11:24       6    0,00    0,00    1,00    0,00    0,00    0,00    0,00    0,00    0,00   99,00
21:11:24       7    0,00    0,00    0,00    0,00    0,00    0,00    0,00    0,00    0,00  100,00
21:11:24       8    5,05    0,00    0,00    0,00    0,00    0,00    0,00    0,00    0,00   94,95
21:11:24       9    0,00    0,00    0,00    0,00    0,00    0,00    0,00    0,00    0,00  100,00
21:11:24      10    0,00    0,00    0,00    0,00    0,00    0,00    0,00    0,00    0,00  100,00
21:11:24      11    0,00    0,00    0,00    0,00    0,00    0,00    0,00    0,00    0,00  100,00
21:11:24      12    0,00    0,00    0,00    0,00    0,00   50,00    0,00    0,00    0,00   50,00
21:11:24      13    0,00    0,00    0,00    0,00    0,00    0,00    0,00    0,00    0,00  100,00
21:11:24      14    0,00    0,00    0,00    0,00    0,00   50,00    0,00    0,00    0,00   50,00
21:11:24      15    0,00    0,00    0,00    0,00    0,00    0,00    0,00    0,00    0,00  100,00
21:11:24      16    1,01    0,00    0,00    0,00    0,00   50,51    0,00    0,00    0,00   48,48
21:11:24      17    0,00    0,00    0,00    0,00    0,00    0,00    0,00    0,00    0,00  100,00
21:11:24      18    0,99    0,00    0,99    0,00    0,00    0,00    0,00    0,00    0,00   98,02
21:11:24      19    0,00    0,00    1,00    0,00    0,00    0,00    0,00    0,00    0,00   99,00
21:11:24      20    0,00    0,00    0,00    0,00    0,00    0,00    0,00    0,00    0,00  100,00
21:11:24      21    0,00    0,00    0,00    0,00    0,00   51,02    0,00    0,00    0,00   48,98
21:11:24      22    0,00    0,00    0,00    0,00    0,00    0,00    0,00    0,00    0,00  100,00
21:11:24      23    0,00    0,00    0,00    0,00    0,00    0,00    0,00    0,00    0,00  100,00

21:11:24     CPU    %usr   %nice    %sys %iowait    %irq   %soft  %steal  %guest  %gnice   %idle
21:11:25     all    0,04    0,00    0,00    0,04    0,00   25,01    0,00    0,00    0,00   74,91
21:11:25       0    0,00    0,00    0,00    0,00    0,00    1,00    0,00    0,00    0,00   99,00
21:11:25       1    1,00    0,00    0,00    0,00    0,00   99,00    0,00    0,00    0,00    0,00
21:11:25       2    0,00    0,00    0,00    0,00    0,00    0,00    0,00    0,00    0,00  100,00
21:11:25       3    0,00    0,00    0,00    0,00    0,00  100,00    0,00    0,00    0,00    0,00
21:11:25       4    0,00    0,00    0,00    0,00    0,00    0,00    0,00    0,00    0,00  100,00
21:11:25       5    0,00    0,00    0,00    0,00    0,00    0,00    0,00    0,00    0,00  100,00
21:11:25       6    0,00    0,00    0,00    0,00    0,00    0,00    0,00    0,00    0,00  100,00
21:11:25       7    0,00    0,00    0,00    0,00    0,00    0,00    0,00    0,00    0,00  100,00
21:11:25       8    0,00    0,00    0,00    0,00    0,00    0,00    0,00    0,00    0,00  100,00
21:11:25       9    0,00    0,00    0,00    0,00    0,00    0,00    0,00    0,00    0,00  100,00
21:11:25      10    0,00    0,00    0,00    0,00    0,00    0,00    0,00    0,00    0,00  100,00
21:11:25      11    0,00    0,00    0,00    0,00    0,00    0,00    0,00    0,00    0,00  100,00
21:11:25      12    0,00    0,00    0,00    0,00    0,00  100,00    0,00    0,00    0,00    0,00
21:11:25      13    0,00    0,00    0,00    1,00    0,00    0,00    0,00    0,00    0,00   99,00
21:11:25      14    0,00    0,00    0,00    0,00    0,00  100,00    0,00    0,00    0,00    0,00
21:11:25      15    0,00    0,00    0,00    0,00    0,00    0,00    0,00    0,00    0,00  100,00
21:11:25      16    0,00    0,00    0,00    0,00    0,00  100,00    0,00    0,00    0,00    0,00
21:11:25      17    0,00    0,00    0,00    0,00    0,00    0,00    0,00    0,00    0,00  100,00
21:11:25      18    0,00    0,00    0,00    0,00    0,00    0,00    0,00    0,00    0,00  100,00
21:11:25      19    0,00    0,00    0,00    0,00    0,00    0,00    0,00    0,00    0,00  100,00
21:11:25      20    0,00    0,00    0,00    0,00    0,00    0,00    0,00    0,00    0,00  100,00
21:11:25      21    0,00    0,00    0,00    0,00    0,00  100,00    0,00    0,00    0,00    0,00
21:11:25      22    0,00    0,00    0,00    0,00    0,00    0,00    0,00    0,00    0,00  100,00
21:11:25      23    0,00    0,00    0,00    0,00    0,00    0,00    0,00    0,00    0,00  100,00

21:11:25     CPU    %usr   %nice    %sys %iowait    %irq   %soft  %steal  %guest  %gnice   %idle
21:11:26     all    1,29    0,00    0,58    0,00    0,00   25,15    0,00    0,00    0,00   72,98
21:11:26       0    0,00    0,00    0,00    0,00    0,00    6,54    0,00    0,00    0,00   93,46
21:11:26       1    1,00    0,00    1,00    0,00    0,00   98,00    0,00    0,00    0,00    0,00
21:11:26       2    0,00    0,00    0,00    0,00    0,00    0,00    0,00    0,00    0,00  100,00
21:11:26       3    0,00    0,00    0,00    0,00    0,00  100,00    0,00    0,00    0,00    0,00
21:11:26       4    0,99    0,00    0,00    0,00    0,00    0,00    0,00    0,00    0,00   99,01
21:11:26       5    0,00    0,00    0,00    0,00    0,00    0,00    0,00    0,00    0,00  100,00
21:11:26       6    3,00    0,00    1,00    0,00    0,00    0,00    0,00    0,00    0,00   96,00
21:11:26       7    0,00    0,00    0,00    0,00    0,00    0,00    0,00    0,00    0,00  100,00
21:11:26       8    2,00    0,00    2,00    0,00    0,00    0,00    0,00    0,00    0,00   96,00
21:11:26       9    0,00    0,00    0,00    0,00    0,00    0,00    0,00    0,00    0,00  100,00
21:11:26      10    2,00    0,00    0,00    0,00    0,00    0,00    0,00    0,00    0,00   98,00
21:11:26      11    0,00    0,00    0,00    0,00    0,00    0,00    0,00    0,00    0,00  100,00
21:11:26      12    0,00    0,00    0,00    0,00    0,00  100,00    0,00    0,00    0,00    0,00
21:11:26      13    0,00    0,00    0,00    0,00    0,00    0,00    0,00    0,00    0,00  100,00
21:11:26      14    0,00    0,00    0,00    0,00    0,00  100,00    0,00    0,00    0,00    0,00
21:11:26      15    0,00    0,00    0,00    0,00    0,00    0,00    0,00    0,00    0,00  100,00
21:11:26      16    0,00    0,00    0,00    0,00    0,00  100,00    0,00    0,00    0,00    0,00
21:11:26      17    4,00    0,00    3,00    0,00    0,00    0,00    0,00    0,00    0,00   93,00
21:11:26      18    1,00    0,00    1,00    0,00    0,00    0,00    0,00    0,00    0,00   98,00
21:11:26      19    1,01    0,00    0,00    0,00    0,00    0,00    0,00    0,00    0,00   98,99
21:11:26      20    0,99    0,00    0,99    0,00    0,00    0,00    0,00    0,00    0,00   98,02
21:11:26      21    0,00    0,00    0,00    0,00    0,00  100,00    0,00    0,00    0,00    0,00
21:11:26      22   14,00    0,00    4,00    0,00    0,00    0,00    0,00    0,00    0,00   82,00
21:11:26      23    1,01    0,00    1,01    0,00    0,00    0,00    0,00    0,00    0,00   97,98

21:11:26     CPU    %usr   %nice    %sys %iowait    %irq   %soft  %steal  %guest  %gnice   %idle
21:11:27     all    0,04    0,00    0,00    0,12    0,00   25,19    0,00    0,00    0,00   74,65
21:11:27       0    0,00    0,00    0,00    0,00    0,00    6,60    0,00    0,00    0,00   93,40
21:11:27       1    1,01    0,00    0,00    0,00    0,00   98,99    0,00    0,00    0,00    0,00
21:11:27       2    0,00    0,00    0,00    0,00    0,00    0,00    0,00    0,00    0,00  100,00
21:11:27       3    0,00    0,00    0,00    0,00    0,00  100,00    0,00    0,00    0,00    0,00
21:11:27       4    0,00    0,00    0,00    0,00    0,00    0,00    0,00    0,00    0,00  100,00
21:11:27       5    0,00    0,00    0,00    0,00    0,00    0,00    0,00    0,00    0,00  100,00
21:11:27       6    0,00    0,00    0,00    0,00    0,00    0,00    0,00    0,00    0,00  100,00
21:11:27       7    0,00    0,00    0,00    0,00    0,00    0,00    0,00    0,00    0,00  100,00
21:11:27       8    0,00    0,00    0,00    0,00    0,00    0,00    0,00    0,00    0,00  100,00
21:11:27       9    0,00    0,00    0,00    0,00    0,00    0,00    0,00    0,00    0,00  100,00
21:11:27      10    0,00    0,00    0,00    2,00    0,00    0,00    0,00    0,00    0,00   98,00
21:11:27      11    0,00    0,00    0,00    0,00    0,00    0,00    0,00    0,00    0,00  100,00
21:11:27      12    0,00    0,00    0,00    0,00    0,00  100,00    0,00    0,00    0,00    0,00
21:11:27      13    0,00    0,00    0,00    0,00    0,00    0,00    0,00    0,00    0,00  100,00
21:11:27      14    0,00    0,00    0,00    0,00    0,00  100,00    0,00    0,00    0,00    0,00
21:11:27      15    0,00    0,00    0,00    0,00    0,00    0,00    0,00    0,00    0,00  100,00
21:11:27      16    0,00    0,00    0,00    0,00    0,00  100,00    0,00    0,00    0,00    0,00
21:11:27      17    0,00    0,00    0,00    0,00    0,00    0,00    0,00    0,00    0,00  100,00
21:11:27      18    0,00    0,00    0,00    1,00    0,00    0,00    0,00    0,00    0,00   99,00
21:11:27      19    0,00    0,00    0,00    0,00    0,00    0,00    0,00    0,00    0,00  100,00
21:11:27      20    0,00    0,00    0,00    0,00    0,00    0,00    0,00    0,00    0,00  100,00
21:11:27      21    0,00    0,00    0,00    0,00    0,00  100,00    0,00    0,00    0,00    0,00
21:11:27      22    0,00    0,00    0,00    0,00    0,00    0,00    0,00    0,00    0,00  100,00
21:11:27      23    0,00    0,00    0,00    0,00    0,00    0,00    0,00    0,00    0,00  100,00

21:11:27     CPU    %usr   %nice    %sys %iowait    %irq   %soft  %steal  %guest  %gnice   %idle
21:11:28     all    0,08    0,00    0,08    0,00    0,00   25,40    0,00    0,00    0,00   74,43
21:11:28       0    0,00    0,00    0,00    0,00    0,00   13,16    0,00    0,00    0,00   86,84
21:11:28       1    1,00    0,00    0,00    0,00    0,00   99,00    0,00    0,00    0,00    0,00
21:11:28       2    0,00    0,00    0,00    0,00    0,00    0,00    0,00    0,00    0,00  100,00
21:11:28       3    0,00    0,00    0,00    0,00    0,00  100,00    0,00    0,00    0,00    0,00
21:11:28       4    0,00    0,00    0,00    0,00    0,00    0,00    0,00    0,00    0,00  100,00
21:11:28       5    0,00    0,00    0,00    0,00    0,00    0,00    0,00    0,00    0,00  100,00
21:11:28       6    0,00    0,00    0,99    0,00    0,00    0,00    0,00    0,00    0,00   99,01
21:11:28       7    0,00    0,00    0,00    0,00    0,00    0,00    0,00    0,00    0,00  100,00
21:11:28       8    0,00    0,00    0,00    0,00    0,00    0,00    0,00    0,00    0,00  100,00
21:11:28       9    0,99    0,00    0,00    0,00    0,00    0,00    0,00    0,00    0,00   99,01
21:11:28      10    0,00    0,00    0,00    0,00    0,00    0,00    0,00    0,00    0,00  100,00
21:11:28      11    0,00    0,00    0,00    0,00    0,00    0,00    0,00    0,00    0,00  100,00
21:11:28      12    0,00    0,00    0,00    0,00    0,00  100,00    0,00    0,00    0,00    0,00
21:11:28      13    0,00    0,00    0,00    0,00    0,00    0,00    0,00    0,00    0,00  100,00
21:11:28      14    0,00    0,00    0,00    0,00    0,00  100,00    0,00    0,00    0,00    0,00
21:11:28      15    0,00    0,00    0,00    0,00    0,00    0,00    0,00    0,00    0,00  100,00
21:11:28      16    0,00    0,00    0,00    0,00    0,00  100,00    0,00    0,00    0,00    0,00
21:11:28      17    0,00    0,00    0,00    0,00    0,00    0,00    0,00    0,00    0,00  100,00
21:11:28      18    0,00    0,00    0,00    0,00    0,00    0,00    0,00    0,00    0,00  100,00
21:11:28      19    0,00    0,00    0,00    0,00    0,00    0,00    0,00    0,00    0,00  100,00
21:11:28      20    0,00    0,00    0,00    0,00    0,00    0,00    0,00    0,00    0,00  100,00
21:11:28      21    0,00    0,00    0,99    0,00    0,00   99,01    0,00    0,00    0,00    0,00
21:11:28      22    0,00    0,00    0,00    0,00    0,00    0,00    0,00    0,00    0,00  100,00
21:11:28      23    0,00    0,00    0,00    0,00    0,00    0,00    0,00    0,00    0,00  100,00

21:11:28     CPU    %usr   %nice    %sys %iowait    %irq   %soft  %steal  %guest  %gnice   %idle
21:11:29     all    0,08    0,00    0,04    0,00    0,00   25,37    0,00    0,00    0,00   74,50
21:11:29       0    0,00    0,00    0,00    0,00    0,00   12,28    0,00    0,00    0,00   87,72
21:11:29       1    1,98    0,00    0,99    0,00    0,00   97,03    0,00    0,00    0,00    0,00
21:11:29       2    0,00    0,00    0,00    0,00    0,00    0,00    0,00    0,00    0,00  100,00
21:11:29       3    0,00    0,00    0,00    0,00    0,00  100,00    0,00    0,00    0,00    0,00
21:11:29       4    0,00    0,00    0,00    0,00    0,00    0,00    0,00    0,00    0,00  100,00
21:11:29       5    0,00    0,00    0,00    0,00    0,00    0,00    0,00    0,00    0,00  100,00
21:11:29       6    0,00    0,00    0,00    0,00    0,00    0,00    0,00    0,00    0,00  100,00
21:11:29       7    0,00    0,00    0,00    0,00    0,00    0,00    0,00    0,00    0,00  100,00
21:11:29       8    0,00    0,00    0,00    0,00    0,00    0,00    0,00    0,00    0,00  100,00
21:11:29       9    0,00    0,00    0,00    0,00    0,00    0,00    0,00    0,00    0,00  100,00
21:11:29      10    0,00    0,00    0,00    0,00    0,00    0,00    0,00    0,00    0,00  100,00
21:11:29      11    0,00    0,00    0,00    0,00    0,00    0,00    0,00    0,00    0,00  100,00
21:11:29      12    0,00    0,00    0,00    0,00    0,00  100,00    0,00    0,00    0,00    0,00
21:11:29      13    0,00    0,00    0,00    0,00    0,00    0,00    0,00    0,00    0,00  100,00
21:11:29      14    0,00    0,00    0,00    0,00    0,00  100,00    0,00    0,00    0,00    0,00
21:11:29      15    0,00    0,00    0,00    0,00    0,00    0,00    0,00    0,00    0,00  100,00
21:11:29      16    0,00    0,00    0,00    0,00    0,00  100,00    0,00    0,00    0,00    0,00
21:11:29      17    0,00    0,00    0,00    0,00    0,00    0,00    0,00    0,00    0,00  100,00
21:11:29      18    0,00    0,00    0,00    0,00    0,00    0,00    0,00    0,00    0,00  100,00
21:11:29      19    0,00    0,00    0,00    0,00    0,00    0,00    0,00    0,00    0,00  100,00
21:11:29      20    0,00    0,00    0,00    0,00    0,00    0,00    0,00    0,00    0,00  100,00
21:11:29      21    0,00    0,00    0,00    0,00    0,00  100,00    0,00    0,00    0,00    0,00
21:11:29      22    0,00    0,00    0,00    0,00    0,00    0,00    0,00    0,00    0,00  100,00
21:11:29      23    0,00    0,00    0,00    0,00    0,00    0,00    0,00    0,00    0,00  100,00

21:11:29     CPU    %usr   %nice    %sys %iowait    %irq   %soft  %steal  %guest  %gnice   %idle
21:11:30     all    0,04    0,00    0,00    0,00    0,00   25,31    0,00    0,00    0,00   74,65
21:11:30       0    0,00    0,00    0,00    0,00    0,00   10,00    0,00    0,00    0,00   90,00
21:11:30       1    0,00    0,00    0,00    0,00    0,00  100,00    0,00    0,00    0,00    0,00
21:11:30       2    0,00    0,00    0,00    0,00    0,00    0,00    0,00    0,00    0,00  100,00
21:11:30       3    0,00    0,00    0,00    0,00    0,00  100,00    0,00    0,00    0,00    0,00
21:11:30       4    0,00    0,00    0,00    0,00    0,00    0,00    0,00    0,00    0,00  100,00
21:11:30       5    0,00    0,00    0,00    0,00    0,00    0,00    0,00    0,00    0,00  100,00
21:11:30       6    0,00    0,00    0,00    0,00    0,00    0,00    0,00    0,00    0,00  100,00
21:11:30       7    0,00    0,00    0,00    0,00    0,00    0,00    0,00    0,00    0,00  100,00
21:11:30       8    0,00    0,00    0,00    0,00    0,00    0,00    0,00    0,00    0,00  100,00
21:11:30       9    0,00    0,00    0,00    0,00    0,00    0,00    0,00    0,00    0,00  100,00
21:11:30      10    0,99    0,00    0,00    0,00    0,00    0,00    0,00    0,00    0,00   99,01
21:11:30      11    0,00    0,00    0,00    0,00    0,00    0,00    0,00    0,00    0,00  100,00
21:11:30      12    0,00    0,00    0,00    0,00    0,00  100,00    0,00    0,00    0,00    0,00
21:11:30      13    0,00    0,00    0,00    0,00    0,00    0,00    0,00    0,00    0,00  100,00
21:11:30      14    0,00    0,00    0,00    0,00    0,00  100,00    0,00    0,00    0,00    0,00
21:11:30      15    0,00    0,00    0,00    0,00    0,00    0,00    0,00    0,00    0,00  100,00
21:11:30      16    0,00    0,00    0,00    0,00    0,00  100,00    0,00    0,00    0,00    0,00
21:11:30      17    0,00    0,00    0,00    0,00    0,00    0,00    0,00    0,00    0,00  100,00
21:11:30      18    0,00    0,00    0,00    0,00    0,00    0,00    0,00    0,00    0,00  100,00
21:11:30      19    0,00    0,00    0,00    0,00    0,00    0,00    0,00    0,00    0,00  100,00
21:11:30      20    0,00    0,00    0,00    0,00    0,00    0,00    0,00    0,00    0,00  100,00
21:11:30      21    0,00    0,00    0,00    0,00    0,00  100,00    0,00    0,00    0,00    0,00
21:11:30      22    0,00    0,00    0,00    0,00    0,00    0,00    0,00    0,00    0,00  100,00
21:11:30      23    0,00    0,00    0,00    0,00    0,00    0,00    0,00    0,00    0,00  100,00

21:11:30     CPU    %usr   %nice    %sys %iowait    %irq   %soft  %steal  %guest  %gnice   %idle
21:11:31     all    0,04    0,00    0,08    0,00    0,00   25,24    0,00    0,00    0,00   74,64
21:11:31       0    0,00    0,00    0,00    0,00    0,00    8,26    0,00    0,00    0,00   91,74
21:11:31       1    0,99    0,00    0,99    0,00    0,00   98,02    0,00    0,00    0,00    0,00
21:11:31       2    0,00    0,00    0,00    0,00    0,00    0,00    0,00    0,00    0,00  100,00
21:11:31       3    0,00    0,00    0,00    0,00    0,00  100,00    0,00    0,00    0,00    0,00
21:11:31       4    0,00    0,00    0,00    0,00    0,00    0,00    0,00    0,00    0,00  100,00
21:11:31       5    0,00    0,00    0,00    0,00    0,00    0,00    0,00    0,00    0,00  100,00
21:11:31       6    0,00    0,00    0,00    0,00    0,00    0,00    0,00    0,00    0,00  100,00
21:11:31       7    0,00    0,00    0,00    0,00    0,00    0,00    0,00    0,00    0,00  100,00
21:11:31       8    0,00    0,00    0,00    0,00    0,00    0,00    0,00    0,00    0,00  100,00
21:11:31       9    0,00    0,00    0,00    0,00    0,00    0,00    0,00    0,00    0,00  100,00
21:11:31      10    0,00    0,00    0,99    0,00    0,00    0,00    0,00    0,00    0,00   99,01
21:11:31      11    0,00    0,00    0,00    0,00    0,00    0,00    0,00    0,00    0,00  100,00
21:11:31      12    0,00    0,00    0,00    0,00    0,00  100,00    0,00    0,00    0,00    0,00
21:11:31      13    0,00    0,00    0,00    0,00    0,00    0,00    0,00    0,00    0,00  100,00
21:11:31      14    0,00    0,00    0,00    0,00    0,00  100,00    0,00    0,00    0,00    0,00
21:11:31      15    0,00    0,00    0,00    0,00    0,00    0,00    0,00    0,00    0,00  100,00
21:11:31      16    0,00    0,00    0,00    0,00    0,00  100,00    0,00    0,00    0,00    0,00
21:11:31      17    0,00    0,00    0,00    0,00    0,00    0,00    0,00    0,00    0,00  100,00
21:11:31      18    0,00    0,00    0,00    0,00    0,00    0,00    0,00    0,00    0,00  100,00
21:11:31      19    0,00    0,00    0,00    0,00    0,00    0,00    0,00    0,00    0,00  100,00
21:11:31      20    0,00    0,00    0,00    0,00    0,00    0,00    0,00    0,00    0,00  100,00
21:11:31      21    0,00    0,00    0,00    0,00    0,00  100,00    0,00    0,00    0,00    0,00
21:11:31      22    0,00    0,00    0,00    0,00    0,00    0,00    0,00    0,00    0,00  100,00
21:11:31      23    0,00    0,00    0,00    0,00    0,00    0,00    0,00    0,00    0,00  100,00

21:11:31     CPU    %usr   %nice    %sys %iowait    %irq   %soft  %steal  %guest  %gnice   %idle
21:11:32     all    0,08    0,00    0,00    0,08    0,00   25,15    0,00    0,00    0,00   74,69
21:11:32       0    0,00    0,00    0,00    0,00    0,00    5,71    0,00    0,00    0,00   94,29
21:11:32       1    1,01    0,00    0,00    0,00    0,00   98,99    0,00    0,00    0,00    0,00
21:11:32       2    0,00    0,00    0,00    0,00    0,00    0,00    0,00    0,00    0,00  100,00
21:11:32       3    0,00    0,00    0,00    0,00    0,00  100,00    0,00    0,00    0,00    0,00
21:11:32       4    0,00    0,00    0,00    0,00    0,00    0,00    0,00    0,00    0,00  100,00
21:11:32       5    0,00    0,00    0,00    0,00    0,00    0,00    0,00    0,00    0,00  100,00
21:11:32       6    0,00    0,00    0,00    0,00    0,00    0,00    0,00    0,00    0,00  100,00
21:11:32       7    0,00    0,00    0,00    0,00    0,00    0,00    0,00    0,00    0,00  100,00
21:11:32       8    0,00    0,00    0,00    0,00    0,00    0,00    0,00    0,00    0,00  100,00
21:11:32       9    0,00    0,00    0,00    0,00    0,00    0,00    0,00    0,00    0,00  100,00
21:11:32      10    0,00    0,00    0,00    2,02    0,00    0,00    0,00    0,00    0,00   97,98
21:11:32      11    0,00    0,00    0,00    0,00    0,00    0,00    0,00    0,00    0,00  100,00
21:11:32      12    0,00    0,00    0,00    0,00    0,00  100,00    0,00    0,00    0,00    0,00
21:11:32      13    0,00    0,00    0,00    0,00    0,00    0,00    0,00    0,00    0,00  100,00
21:11:32      14    0,00    0,00    0,00    0,00    0,00  100,00    0,00    0,00    0,00    0,00
21:11:32      15    0,00    0,00    0,00    0,00    0,00    0,00    0,00    0,00    0,00  100,00
21:11:32      16    0,00    0,00    0,00    0,00    0,00  100,00    0,00    0,00    0,00    0,00
21:11:32      17    0,00    0,00    0,00    0,00    0,00    0,00    0,00    0,00    0,00  100,00
21:11:32      18    0,00    0,00    0,00    0,00    0,00    0,00    0,00    0,00    0,00  100,00
21:11:32      19    0,00    0,00    0,00    0,00    0,00    0,00    0,00    0,00    0,00  100,00
21:11:32      20    0,00    0,00    0,00    0,00    0,00    0,00    0,00    0,00    0,00  100,00
21:11:32      21    0,00    0,00    0,00    0,00    0,00  100,00    0,00    0,00    0,00    0,00
21:11:32      22    0,00    0,00    0,00    0,00    0,00    0,00    0,00    0,00    0,00  100,00
21:11:32      23    1,00    0,00    0,00    0,00    0,00    0,00    0,00    0,00    0,00   99,00

21:11:32     CPU    %usr   %nice    %sys %iowait    %irq   %soft  %steal  %guest  %gnice   %idle
21:11:33     all    0,12    0,00    0,04    0,00    0,00   25,21    0,00    0,00    0,00   74,63
21:11:33       0    0,92    0,00    0,00    0,00    0,00    7,34    0,00    0,00    0,00   91,74
21:11:33       1    0,99    0,00    0,99    0,00    0,00   98,02    0,00    0,00    0,00    0,00
21:11:33       2    0,00    0,00    0,00    0,00    0,00    0,00    0,00    0,00    0,00  100,00
21:11:33       3    0,00    0,00    0,00    0,00    0,00  100,00    0,00    0,00    0,00    0,00
21:11:33       4    0,00    0,00    0,00    0,00    0,00    0,00    0,00    0,00    0,00  100,00
21:11:33       5    0,00    0,00    0,00    0,00    0,00    0,00    0,00    0,00    0,00  100,00
21:11:33       6    1,00    0,00    0,00    0,00    0,00    0,00    0,00    0,00    0,00   99,00
21:11:33       7    0,00    0,00    0,00    0,00    0,00    0,00    0,00    0,00    0,00  100,00
21:11:33       8    0,00    0,00    0,00    0,00    0,00    0,00    0,00    0,00    0,00  100,00
21:11:33       9    0,00    0,00    0,00    0,00    0,00    0,00    0,00    0,00    0,00  100,00
21:11:33      10    0,00    0,00    0,00    0,00    0,00    0,00    0,00    0,00    0,00  100,00
21:11:33      11    0,00    0,00    0,00    0,00    0,00    0,00    0,00    0,00    0,00  100,00
21:11:33      12    0,00    0,00    0,00    0,00    0,00  100,00    0,00    0,00    0,00    0,00
21:11:33      13    0,00    0,00    0,00    0,00    0,00    0,00    0,00    0,00    0,00  100,00
21:11:33      14    0,00    0,00    0,00    0,00    0,00  100,00    0,00    0,00    0,00    0,00
21:11:33      15    0,00    0,00    0,00    0,00    0,00    0,00    0,00    0,00    0,00  100,00
21:11:33      16    0,00    0,00    0,00    0,00    0,00  100,00    0,00    0,00    0,00    0,00
21:11:33      17    0,00    0,00    0,00    0,00    0,00    0,00    0,00    0,00    0,00  100,00
21:11:33      18    0,00    0,00    0,00    0,00    0,00    0,00    0,00    0,00    0,00  100,00
21:11:33      19    0,00    0,00    0,00    0,00    0,00    0,00    0,00    0,00    0,00  100,00
21:11:33      20    0,00    0,00    0,00    0,00    0,00    0,00    0,00    0,00    0,00  100,00
21:11:33      21    0,00    0,00    0,00    0,00    0,00  100,00    0,00    0,00    0,00    0,00
21:11:33      22    0,00    0,00    0,00    0,00    0,00    0,00    0,00    0,00    0,00  100,00
21:11:33      23    0,00    0,00    0,00    0,00    0,00    0,00    0,00    0,00    0,00  100,00

21:11:33     CPU    %usr   %nice    %sys %iowait    %irq   %soft  %steal  %guest  %gnice   %idle
21:11:34     all    0,29    0,00    0,29    0,00    0,00   25,17    0,00    0,00    0,00   74,25
21:11:34       0    0,00    0,00    0,00    0,00    0,00    4,81    0,00    0,00    0,00   95,19
21:11:34       1    0,00    0,00    0,00    0,00    0,00  100,00    0,00    0,00    0,00    0,00
21:11:34       2    0,00    0,00    0,00    0,00    0,00    0,00    0,00    0,00    0,00  100,00
21:11:34       3    0,00    0,00    0,00    0,00    0,00  100,00    0,00    0,00    0,00    0,00
21:11:34       4    0,00    0,00    0,00    0,00    0,00    0,00    0,00    0,00    0,00  100,00
21:11:34       5    0,00    0,00    0,00    0,00    0,00    0,00    0,00    0,00    0,00  100,00
21:11:34       6    0,00    0,00    0,00    0,00    0,00    0,00    0,00    0,00    0,00  100,00
21:11:34       7    0,00    0,00    0,00    0,00    0,00    0,00    0,00    0,00    0,00  100,00
21:11:34       8    7,00    0,00    7,00    0,00    0,00    0,00    0,00    0,00    0,00   86,00
21:11:34       9    0,00    0,00    0,00    0,00    0,00    0,00    0,00    0,00    0,00  100,00
21:11:34      10    0,00    0,00    0,00    0,00    0,00    0,00    0,00    0,00    0,00  100,00
21:11:34      11    0,00    0,00    0,00    0,00    0,00    0,00    0,00    0,00    0,00  100,00
21:11:34      12    0,00    0,00    0,00    0,00    0,00  100,00    0,00    0,00    0,00    0,00
21:11:34      13    0,00    0,00    0,00    0,00    0,00    0,00    0,00    0,00    0,00  100,00
21:11:34      14    0,00    0,00    0,00    0,00    0,00  100,00    0,00    0,00    0,00    0,00
21:11:34      15    0,00    0,00    0,00    0,00    0,00    0,00    0,00    0,00    0,00  100,00
21:11:34      16    0,00    0,00    0,00    0,00    0,00  100,00    0,00    0,00    0,00    0,00
21:11:34      17    0,00    0,00    0,00    0,00    0,00    0,00    0,00    0,00    0,00  100,00
21:11:34      18    0,00    0,00    0,00    0,00    0,00    0,00    0,00    0,00    0,00  100,00
21:11:34      19    0,00    0,00    0,00    0,00    0,00    0,00    0,00    0,00    0,00  100,00
21:11:34      20    0,00    0,00    0,00    0,00    0,00    0,00    0,00    0,00    0,00  100,00
21:11:34      21    0,00    0,00    0,00    0,00    0,00  100,00    0,00    0,00    0,00    0,00
21:11:34      22    0,00    0,00    0,00    0,00    0,00    0,00    0,00    0,00    0,00  100,00
21:11:34      23    0,00    0,00    0,00    0,00    0,00    0,00    0,00    0,00    0,00  100,00

21:11:34     CPU    %usr   %nice    %sys %iowait    %irq   %soft  %steal  %guest  %gnice   %idle
21:11:35     all    0,04    0,00    0,08    0,00    0,00   25,26    0,00    0,00    0,00   74,62
21:11:35       0    0,00    0,00    0,00    0,00    0,00    9,09    0,00    0,00    0,00   90,91
21:11:35       1    0,99    0,00    0,99    0,00    0,00   98,02    0,00    0,00    0,00    0,00
21:11:35       2    0,00    0,00    0,00    0,00    0,00    0,00    0,00    0,00    0,00  100,00
21:11:35       3    0,00    0,00    0,00    0,00    0,00  100,00    0,00    0,00    0,00    0,00
21:11:35       4    0,00    0,00    0,00    0,00    0,00    0,00    0,00    0,00    0,00  100,00
21:11:35       5    0,00    0,00    0,00    0,00    0,00    0,00    0,00    0,00    0,00  100,00
21:11:35       6    0,00    0,00    0,00    0,00    0,00    0,00    0,00    0,00    0,00  100,00
21:11:35       7    0,00    0,00    0,00    0,00    0,00    0,00    0,00    0,00    0,00  100,00
21:11:35       8    0,00    0,00    0,00    0,00    0,00    0,00    0,00    0,00    0,00  100,00
21:11:35       9    0,00    0,00    0,00    0,00    0,00    0,00    0,00    0,00    0,00  100,00
21:11:35      10    0,00    0,00    0,00    0,00    0,00    0,00    0,00    0,00    0,00  100,00
21:11:35      11    0,00    0,00    0,00    0,00    0,00    0,00    0,00    0,00    0,00  100,00
21:11:35      12    0,00    0,00    0,00    0,00    0,00  100,00    0,00    0,00    0,00    0,00
21:11:35      13    0,00    0,00    0,00    0,00    0,00    0,00    0,00    0,00    0,00  100,00
21:11:35      14    0,00    0,00    0,00    0,00    0,00  100,00    0,00    0,00    0,00    0,00
21:11:35      15    0,00    0,00    0,00    0,00    0,00    0,00    0,00    0,00    0,00  100,00
21:11:35      16    0,00    0,00    0,00    0,00    0,00  100,00    0,00    0,00    0,00    0,00
21:11:35      17    0,00    0,00    0,00    0,00    0,00    0,00    0,00    0,00    0,00  100,00
21:11:35      18    0,00    0,00    0,00    0,00    0,00    0,00    0,00    0,00    0,00  100,00
21:11:35      19    0,00    0,00    0,99    0,00    0,00    0,00    0,00    0,00    0,00   99,01
21:11:35      20    0,00    0,00    0,00    0,00    0,00    0,00    0,00    0,00    0,00  100,00
21:11:35      21    0,00    0,00    0,00    0,00    0,00  100,00    0,00    0,00    0,00    0,00
21:11:35      22    0,00    0,00    0,00    0,00    0,00    0,00    0,00    0,00    0,00  100,00
21:11:35      23    0,00    0,00    0,00    0,00    0,00    0,00    0,00    0,00    0,00  100,00

21:11:35     CPU    %usr   %nice    %sys %iowait    %irq   %soft  %steal  %guest  %gnice   %idle
21:11:36     all    1,24    0,00    0,46    0,00    0,00   25,26    0,00    0,00    0,00   73,04
21:11:36       0    0,00    0,00    0,00    0,00    0,00    9,17    0,00    0,00    0,00   90,83
21:11:36       1    1,00    0,00    0,00    0,00    0,00   99,00    0,00    0,00    0,00    0,00
21:11:36       2    0,00    0,00    0,00    0,00    0,00    0,00    0,00    0,00    0,00  100,00
21:11:36       3    0,00    0,00    0,00    0,00    0,00  100,00    0,00    0,00    0,00    0,00
21:11:36       4    0,98    0,00    0,98    0,00    0,00    0,00    0,00    0,00    0,00   98,04
21:11:36       5    0,00    0,00    0,00    0,00    0,00    0,00    0,00    0,00    0,00  100,00
21:11:36       6    3,03    0,00    2,02    0,00    0,00    0,00    0,00    0,00    0,00   94,95
21:11:36       7    0,00    0,00    0,00    0,00    0,00    0,00    0,00    0,00    0,00  100,00
21:11:36       8    0,00    0,00    1,00    0,00    0,00    0,00    0,00    0,00    0,00   99,00
21:11:36       9    0,00    0,00    0,00    0,00    0,00    0,00    0,00    0,00    0,00  100,00
21:11:36      10    1,00    0,00    0,00    0,00    0,00    0,00    0,00    0,00    0,00   99,00
21:11:36      11    0,00    0,00    0,00    0,00    0,00    0,00    0,00    0,00    0,00  100,00
21:11:36      12    0,00    0,00    0,00    0,00    0,00  100,00    0,00    0,00    0,00    0,00
21:11:36      13    0,00    0,00    0,00    0,00    0,00    0,00    0,00    0,00    0,00  100,00
21:11:36      14    0,00    0,00    0,00    0,00    0,00  100,00    0,00    0,00    0,00    0,00
21:11:36      15    0,00    0,00    0,00    0,00    0,00    0,00    0,00    0,00    0,00  100,00
21:11:36      16    0,00    0,00    0,00    0,00    0,00  100,00    0,00    0,00    0,00    0,00
21:11:36      17    3,03    0,00    1,01    0,00    0,00    0,00    0,00    0,00    0,00   95,96
21:11:36      18   13,00    0,00    2,00    0,00    0,00    0,00    0,00    0,00    0,00   85,00
21:11:36      19    2,00    0,00    0,00    0,00    0,00    0,00    0,00    0,00    0,00   98,00
21:11:36      20    1,00    0,00    1,00    0,00    0,00    0,00    0,00    0,00    0,00   98,00
21:11:36      21    0,00    0,00    0,00    0,00    0,00  100,00    0,00    0,00    0,00    0,00
21:11:36      22    2,97    0,00    1,98    0,00    0,00    0,00    0,00    0,00    0,00   95,05
21:11:36      23    1,98    0,00    0,99    0,00    0,00    0,00    0,00    0,00    0,00   97,03
