Linux 6.8.0-111-generic (testbed-node6) 	13/05/26 	_x86_64_	(24 CPU)

21:32:41     CPU    %usr   %nice    %sys %iowait    %irq   %soft  %steal  %guest  %gnice   %idle
21:32:42     all    0,58    0,00    0,25    0,00    0,00   17,52    0,00    0,00    0,00   81,64
21:32:42       0    0,00    0,00    0,00    0,00    0,00    0,99    0,00    0,00    0,00   99,01
21:32:42       1    2,00    0,00    1,00    0,00    0,00   51,00    0,00    0,00    0,00   46,00
21:32:42       2    2,00    0,00    0,00    0,00    0,00    0,00    0,00    0,00    0,00   98,00
21:32:42       3    0,00    0,00    0,00    0,00    0,00   53,00    0,00    0,00    0,00   47,00
21:32:42       4    0,99    0,00    0,00    0,00    0,00    0,00    0,00    0,00    0,00   99,01
21:32:42       5    0,00    0,00    0,00    0,00    0,00    0,00    0,00    0,00    0,00  100,00
21:32:42       6    0,00    0,00    0,00    0,00    0,00    0,00    0,00    0,00    0,00  100,00
21:32:42       7    0,00    0,00    0,00    0,00    0,00   52,48    0,00    0,00    0,00   47,52
21:32:42       8    0,00    0,00    0,00    0,00    0,00    0,00    0,00    0,00    0,00  100,00
21:32:42       9    0,00    0,00    0,00    0,00    0,00    0,00    0,00    0,00    0,00  100,00
21:32:42      10    5,05    0,00    0,00    0,00    0,00   53,54    0,00    0,00    0,00   41,41
21:32:42      11    0,00    0,00    0,00    0,00    0,00    0,00    0,00    0,00    0,00  100,00
21:32:42      12    0,00    0,00    0,00    0,00    0,00   52,00    0,00    0,00    0,00   48,00
21:32:42      13    0,00    0,00    0,00    0,00    0,00    0,00    0,00    0,00    0,00  100,00
21:32:42      14    0,99    0,00    0,99    0,00    0,00   52,48    0,00    0,00    0,00   45,54
21:32:42      15    0,99    0,00    0,00    0,00    0,00    0,00    0,00    0,00    0,00   99,01
21:32:42      16    0,00    0,00    0,00    0,00    0,00   53,00    0,00    0,00    0,00   47,00
21:32:42      17    0,99    0,00    0,99    0,00    0,00    0,00    0,00    0,00    0,00   98,02
21:32:42      18    0,99    0,00    0,99    0,00    0,00    0,00    0,00    0,00    0,00   98,02
21:32:42      19    0,00    0,00    0,00    0,00    0,00    0,00    0,00    0,00    0,00  100,00
21:32:42      20    0,00    0,00    0,00    0,00    0,00    0,00    0,00    0,00    0,00  100,00
21:32:42      21    0,00    0,00    0,00    0,00    0,00   52,48    0,00    0,00    0,00   47,52
21:32:42      22    0,00    0,00    0,00    0,00    0,00    0,00    0,00    0,00    0,00  100,00
21:32:42      23    0,00    0,00    1,98    0,00    0,00    0,00    0,00    0,00    0,00   98,02

21:32:42     CPU    %usr   %nice    %sys %iowait    %irq   %soft  %steal  %guest  %gnice   %idle
21:32:43     all    0,17    0,00    0,04    0,04    0,00   33,25    0,00    0,00    0,00   66,50
21:32:43       0    0,00    0,00    0,00    0,00    0,00    0,00    0,00    0,00    0,00  100,00
21:32:43       1    1,98    0,00    0,99    0,00    0,00   97,03    0,00    0,00    0,00    0,00
21:32:43       2    0,00    0,00    0,00    0,00    0,00    0,00    0,00    0,00    0,00  100,00
21:32:43       3    0,00    0,00    0,00    0,00    0,00  100,00    0,00    0,00    0,00    0,00
21:32:43       4    0,00    0,00    0,00    0,00    0,00    0,00    0,00    0,00    0,00  100,00
21:32:43       5    0,00    0,00    0,00    1,00    0,00    0,00    0,00    0,00    0,00   99,00
21:32:43       6    0,00    0,00    0,00    0,00    0,00    0,00    0,00    0,00    0,00  100,00
21:32:43       7    0,00    0,00    0,00    0,00    0,00  100,00    0,00    0,00    0,00    0,00
21:32:43       8    0,00    0,00    0,00    0,00    0,00    0,00    0,00    0,00    0,00  100,00
21:32:43       9    0,00    0,00    0,00    0,00    0,00    0,00    0,00    0,00    0,00  100,00
21:32:43      10    0,00    0,00    0,00    0,00    0,00  100,00    0,00    0,00    0,00    0,00
21:32:43      11    0,00    0,00    0,00    0,00    0,00    0,00    0,00    0,00    0,00  100,00
21:32:43      12    0,00    0,00    0,00    0,00    0,00  100,00    0,00    0,00    0,00    0,00
21:32:43      13    0,00    0,00    0,00    0,00    0,00    0,00    0,00    0,00    0,00  100,00
21:32:43      14    0,00    0,00    0,00    0,00    0,00  100,00    0,00    0,00    0,00    0,00
21:32:43      15    1,98    0,00    0,00    0,00    0,00    0,00    0,00    0,00    0,00   98,02
21:32:43      16    0,00    0,00    0,00    0,00    0,00  100,00    0,00    0,00    0,00    0,00
21:32:43      17    0,00    0,00    0,00    0,00    0,00    0,00    0,00    0,00    0,00  100,00
21:32:43      18    0,00    0,00    0,00    0,00    0,00    0,00    0,00    0,00    0,00  100,00
21:32:43      19    0,00    0,00    0,00    0,00    0,00    0,00    0,00    0,00    0,00  100,00
21:32:43      20    0,00    0,00    0,00    0,00    0,00    0,00    0,00    0,00    0,00  100,00
21:32:43      21    0,00    0,00    0,00    0,00    0,00  100,00    0,00    0,00    0,00    0,00
21:32:43      22    0,00    0,00    0,00    0,00    0,00    0,00    0,00    0,00    0,00  100,00
21:32:43      23    0,00    0,00    0,00    0,00    0,00    0,00    0,00    0,00    0,00  100,00

21:32:43     CPU    %usr   %nice    %sys %iowait    %irq   %soft  %steal  %guest  %gnice   %idle
21:32:44     all    1,42    0,00    0,63    0,13    0,00   33,39    0,00    0,00    0,00   64,44
21:32:44       0    0,00    0,00    0,00    0,00    0,00    3,88    0,00    0,00    0,00   96,12
21:32:44       1    2,00    0,00    1,00    0,00    0,00   97,00    0,00    0,00    0,00    0,00
21:32:44       2    0,00    0,00    0,00    0,00    0,00    0,00    0,00    0,00    0,00  100,00
21:32:44       3    0,00    0,00    0,00    0,00    0,00  100,00    0,00    0,00    0,00    0,00
21:32:44       4    1,02    0,00    0,00    0,00    0,00    0,00    0,00    0,00    0,00   98,98
21:32:44       5    0,00    0,00    0,00    0,00    0,00    0,00    0,00    0,00    0,00  100,00
21:32:44       6    0,00    0,00    0,00    0,00    0,00    0,00    0,00    0,00    0,00  100,00
21:32:44       7    0,00    0,00    0,00    0,00    0,00  100,00    0,00    0,00    0,00    0,00
21:32:44       8    0,00    0,00    0,00    0,00    0,00    0,00    0,00    0,00    0,00  100,00
21:32:44       9    0,00    0,00    0,00    0,00    0,00    0,00    0,00    0,00    0,00  100,00
21:32:44      10    0,00    0,00    0,00    0,00    0,00  100,00    0,00    0,00    0,00    0,00
21:32:44      11    0,00    0,00    0,00    0,00    0,00    0,00    0,00    0,00    0,00  100,00
21:32:44      12    0,00    0,00    0,00    0,00    0,00  100,00    0,00    0,00    0,00    0,00
21:32:44      13    0,00    0,00    0,00    0,00    0,00    0,00    0,00    0,00    0,00  100,00
21:32:44      14    0,00    0,00    0,00    0,00    0,00  100,00    0,00    0,00    0,00    0,00
21:32:44      15    6,06    0,00    3,03    0,00    0,00    0,00    0,00    0,00    0,00   90,91
21:32:44      16    0,00    0,00    0,99    0,00    0,00   99,01    0,00    0,00    0,00    0,00
21:32:44      17    1,98    0,00    1,98    1,98    0,00    0,00    0,00    0,00    0,00   94,06
21:32:44      18    3,03    0,00    1,01    0,00    0,00    0,00    0,00    0,00    0,00   95,96
21:32:44      19   13,86    0,00    2,97    0,99    0,00    0,00    0,00    0,00    0,00   82,18
21:32:44      20    2,02    0,00    1,01    0,00    0,00    0,00    0,00    0,00    0,00   96,97
21:32:44      21    0,00    0,00    0,00    0,00    0,00  100,00    0,00    0,00    0,00    0,00
21:32:44      22    3,00    0,00    2,00    0,00    0,00    0,00    0,00    0,00    0,00   95,00
21:32:44      23    1,01    0,00    1,01    0,00    0,00    0,00    0,00    0,00    0,00   97,98

21:32:44     CPU    %usr   %nice    %sys %iowait    %irq   %soft  %steal  %guest  %gnice   %idle
21:32:45     all    0,12    0,00    0,04    0,00    0,00   33,28    0,00    0,00    0,00   66,56
21:32:45       0    0,00    0,00    0,00    0,00    0,00    0,99    0,00    0,00    0,00   99,01
21:32:45       1    1,01    0,00    0,00    0,00    0,00   98,99    0,00    0,00    0,00    0,00
21:32:45       2    0,00    0,00    0,00    0,00    0,00    0,00    0,00    0,00    0,00  100,00
21:32:45       3    0,00    0,00    0,00    0,00    0,00  100,00    0,00    0,00    0,00    0,00
21:32:45       4    0,00    0,00    0,00    0,00    0,00    0,00    0,00    0,00    0,00  100,00
21:32:45       5    0,00    0,00    0,00    0,00    0,00    0,00    0,00    0,00    0,00  100,00
21:32:45       6    0,00    0,00    0,00    0,00    0,00    0,00    0,00    0,00    0,00  100,00
21:32:45       7    0,00    0,00    0,00    0,00    0,00  100,00    0,00    0,00    0,00    0,00
21:32:45       8    0,00    0,00    0,00    0,00    0,00    0,00    0,00    0,00    0,00  100,00
21:32:45       9    0,00    0,00    0,00    0,00    0,00    0,00    0,00    0,00    0,00  100,00
21:32:45      10    0,00    0,00    0,00    0,00    0,00  100,00    0,00    0,00    0,00    0,00
21:32:45      11    0,00    0,00    0,00    0,00    0,00    0,00    0,00    0,00    0,00  100,00
21:32:45      12    0,00    0,00    0,00    0,00    0,00  100,00    0,00    0,00    0,00    0,00
21:32:45      13    0,00    0,00    0,00    0,00    0,00    0,00    0,00    0,00    0,00  100,00
21:32:45      14    0,00    0,00    0,00    0,00    0,00  100,00    0,00    0,00    0,00    0,00
21:32:45      15    1,96    0,00    0,98    0,00    0,00    0,00    0,00    0,00    0,00   97,06
21:32:45      16    0,00    0,00    0,00    0,00    0,00  100,00    0,00    0,00    0,00    0,00
21:32:45      17    0,00    0,00    0,00    0,00    0,00    0,00    0,00    0,00    0,00  100,00
21:32:45      18    0,00    0,00    0,00    0,00    0,00    0,00    0,00    0,00    0,00  100,00
21:32:45      19    0,00    0,00    0,00    0,00    0,00    0,00    0,00    0,00    0,00  100,00
21:32:45      20    0,00    0,00    0,00    0,00    0,00    0,00    0,00    0,00    0,00  100,00
21:32:45      21    0,00    0,00    0,00    0,00    0,00  100,00    0,00    0,00    0,00    0,00
21:32:45      22    0,00    0,00    0,00    0,00    0,00    0,00    0,00    0,00    0,00  100,00
21:32:45      23    0,00    0,00    0,00    0,00    0,00    0,00    0,00    0,00    0,00  100,00

21:32:45     CPU    %usr   %nice    %sys %iowait    %irq   %soft  %steal  %guest  %gnice   %idle
21:32:46     all    0,17    0,00    0,08    0,00    0,00   33,28    0,00    0,00    0,00   66,47
21:32:46       0    0,00    0,00    0,00    0,00    0,00    1,00    0,00    0,00    0,00   99,00
21:32:46       1    0,99    0,00    0,99    0,00    0,00   98,02    0,00    0,00    0,00    0,00
21:32:46       2    0,00    0,00    0,00    0,00    0,00    0,00    0,00    0,00    0,00  100,00
21:32:46       3    0,00    0,00    0,00    0,00    0,00  100,00    0,00    0,00    0,00    0,00
21:32:46       4    0,00    0,00    0,99    0,00    0,00    0,00    0,00    0,00    0,00   99,01
21:32:46       5    0,99    0,00    0,00    0,00    0,00    0,00    0,00    0,00    0,00   99,01
21:32:46       6    0,00    0,00    0,00    0,00    0,00    0,00    0,00    0,00    0,00  100,00
21:32:46       7    0,00    0,00    0,00    0,00    0,00  100,00    0,00    0,00    0,00    0,00
21:32:46       8    0,00    0,00    0,00    0,00    0,00    0,00    0,00    0,00    0,00  100,00
21:32:46       9    0,00    0,00    0,00    0,00    0,00    0,00    0,00    0,00    0,00  100,00
21:32:46      10    0,00    0,00    0,00    0,00    0,00  100,00    0,00    0,00    0,00    0,00
21:32:46      11    0,00    0,00    0,00    0,00    0,00    0,00    0,00    0,00    0,00  100,00
21:32:46      12    0,00    0,00    0,00    0,00    0,00  100,00    0,00    0,00    0,00    0,00
21:32:46      13    0,00    0,00    0,00    0,00    0,00    0,00    0,00    0,00    0,00  100,00
21:32:46      14    0,00    0,00    0,00    0,00    0,00  100,00    0,00    0,00    0,00    0,00
21:32:46      15    1,98    0,00    0,00    0,00    0,00    0,00    0,00    0,00    0,00   98,02
21:32:46      16    0,00    0,00    0,00    0,00    0,00  100,00    0,00    0,00    0,00    0,00
21:32:46      17    0,00    0,00    0,00    0,00    0,00    0,00    0,00    0,00    0,00  100,00
21:32:46      18    0,00    0,00    0,00    0,00    0,00    0,00    0,00    0,00    0,00  100,00
21:32:46      19    0,00    0,00    0,00    0,00    0,00    0,00    0,00    0,00    0,00  100,00
21:32:46      20    0,00    0,00    0,00    0,00    0,00    0,00    0,00    0,00    0,00  100,00
21:32:46      21    0,00    0,00    0,00    0,00    0,00  100,00    0,00    0,00    0,00    0,00
21:32:46      22    0,00    0,00    0,00    0,00    0,00    0,00    0,00    0,00    0,00  100,00
21:32:46      23    0,00    0,00    0,00    0,00    0,00    0,00    0,00    0,00    0,00  100,00

21:32:46     CPU    %usr   %nice    %sys %iowait    %irq   %soft  %steal  %guest  %gnice   %idle
21:32:47     all    0,12    0,00    0,04    0,00    0,00   33,39    0,00    0,00    0,00   66,44
21:32:47       0    0,00    0,00    0,00    0,00    0,00    3,85    0,00    0,00    0,00   96,15
21:32:47       1    1,00    0,00    0,00    0,00    0,00   99,00    0,00    0,00    0,00    0,00
21:32:47       2    0,00    0,00    0,00    0,00    0,00    0,00    0,00    0,00    0,00  100,00
21:32:47       3    0,00    0,00    0,00    0,00    0,00  100,00    0,00    0,00    0,00    0,00
21:32:47       4    0,00    0,00    0,00    0,00    0,00    0,00    0,00    0,00    0,00  100,00
21:32:47       5    0,00    0,00    0,00    0,00    0,00    0,00    0,00    0,00    0,00  100,00
21:32:47       6    1,00    0,00    0,00    0,00    0,00    0,00    0,00    0,00    0,00   99,00
21:32:47       7    0,00    0,00    0,00    0,00    0,00  100,00    0,00    0,00    0,00    0,00
21:32:47       8    0,00    0,00    0,00    0,00    0,00    0,00    0,00    0,00    0,00  100,00
21:32:47       9    0,00    0,00    0,00    0,00    0,00    0,00    0,00    0,00    0,00  100,00
21:32:47      10    0,00    0,00    0,00    0,00    0,00  100,00    0,00    0,00    0,00    0,00
21:32:47      11    0,00    0,00    0,00    0,00    0,00    0,00    0,00    0,00    0,00  100,00
21:32:47      12    0,00    0,00    0,00    0,00    0,00  100,00    0,00    0,00    0,00    0,00
21:32:47      13    0,00    0,00    0,00    0,00    0,00    0,00    0,00    0,00    0,00  100,00
21:32:47      14    0,00    0,00    0,00    0,00    0,00  100,00    0,00    0,00    0,00    0,00
21:32:47      15    0,99    0,00    0,99    0,00    0,00    0,00    0,00    0,00    0,00   98,02
21:32:47      16    0,00    0,00    0,00    0,00    0,00  100,00    0,00    0,00    0,00    0,00
21:32:47      17    0,00    0,00    0,00    0,00    0,00    0,00    0,00    0,00    0,00  100,00
21:32:47      18    0,00    0,00    0,00    0,00    0,00    0,00    0,00    0,00    0,00  100,00
21:32:47      19    0,00    0,00    0,00    0,00    0,00    0,00    0,00    0,00    0,00  100,00
21:32:47      20    0,00    0,00    0,00    0,00    0,00    0,00    0,00    0,00    0,00  100,00
21:32:47      21    0,00    0,00    0,00    0,00    0,00  100,00    0,00    0,00    0,00    0,00
21:32:47      22    0,00    0,00    0,00    0,00    0,00    0,00    0,00    0,00    0,00  100,00
21:32:47      23    0,00    0,00    0,00    0,00    0,00    0,00    0,00    0,00    0,00  100,00

21:32:47     CPU    %usr   %nice    %sys %iowait    %irq   %soft  %steal  %guest  %gnice   %idle
21:32:48     all    0,12    0,00    0,08    0,00    0,00   33,32    0,00    0,00    0,00   66,47
21:32:48       0    0,00    0,00    0,00    0,00    0,00    2,91    0,00    0,00    0,00   97,09
21:32:48       1    0,00    0,00    1,00    0,00    0,00   99,00    0,00    0,00    0,00    0,00
21:32:48       2    0,00    0,00    0,00    0,00    0,00    0,00    0,00    0,00    0,00  100,00
21:32:48       3    0,00    0,00    0,00    0,00    0,00  100,00    0,00    0,00    0,00    0,00
21:32:48       4    0,99    0,00    0,00    0,00    0,00    0,00    0,00    0,00    0,00   99,01
21:32:48       5    0,00    0,00    0,00    0,00    0,00    0,00    0,00    0,00    0,00  100,00
21:32:48       6    0,00    0,00    0,00    0,00    0,00    0,00    0,00    0,00    0,00  100,00
21:32:48       7    0,00    0,00    0,00    0,00    0,00  100,00    0,00    0,00    0,00    0,00
21:32:48       8    0,99    0,00    0,00    0,00    0,00    0,00    0,00    0,00    0,00   99,01
21:32:48       9    0,00    0,00    0,00    0,00    0,00    0,00    0,00    0,00    0,00  100,00
21:32:48      10    0,00    0,00    0,99    0,00    0,00   99,01    0,00    0,00    0,00    0,00
21:32:48      11    0,00    0,00    0,00    0,00    0,00    0,00    0,00    0,00    0,00  100,00
21:32:48      12    0,00    0,00    0,00    0,00    0,00  100,00    0,00    0,00    0,00    0,00
21:32:48      13    0,00    0,00    0,00    0,00    0,00    0,00    0,00    0,00    0,00  100,00
21:32:48      14    0,00    0,00    0,00    0,00    0,00  100,00    0,00    0,00    0,00    0,00
21:32:48      15    1,00    0,00    0,00    0,00    0,00    0,00    0,00    0,00    0,00   99,00
21:32:48      16    0,00    0,00    0,00    0,00    0,00  100,00    0,00    0,00    0,00    0,00
21:32:48      17    0,00    0,00    0,00    0,00    0,00    0,00    0,00    0,00    0,00  100,00
21:32:48      18    0,00    0,00    0,00    0,00    0,00    0,00    0,00    0,00    0,00  100,00
21:32:48      19    0,00    0,00    0,00    0,00    0,00    0,00    0,00    0,00    0,00  100,00
21:32:48      20    0,00    0,00    0,00    0,00    0,00    0,00    0,00    0,00    0,00  100,00
21:32:48      21    0,00    0,00    0,00    0,00    0,00  100,00    0,00    0,00    0,00    0,00
21:32:48      22    0,00    0,00    0,00    0,00    0,00    0,00    0,00    0,00    0,00  100,00
21:32:48      23    0,00    0,00    0,00    0,00    0,00    0,00    0,00    0,00    0,00  100,00

21:32:48     CPU    %usr   %nice    %sys %iowait    %irq   %soft  %steal  %guest  %gnice   %idle
21:32:49     all    0,08    0,00    0,04    0,13    0,00   33,35    0,00    0,00    0,00   66,40
21:32:49       0    0,00    0,00    0,00    0,00    0,00    1,98    0,00    0,00    0,00   98,02
21:32:49       1    1,01    0,00    0,00    0,00    0,00   98,99    0,00    0,00    0,00    0,00
21:32:49       2    0,00    0,00    0,00    0,00    0,00    0,00    0,00    0,00    0,00  100,00
21:32:49       3    0,00    0,00    0,00    0,00    0,00  100,00    0,00    0,00    0,00    0,00
21:32:49       4    0,00    0,00    0,00    0,00    0,00    0,00    0,00    0,00    0,00  100,00
21:32:49       5    0,00    0,00    0,00    0,00    0,00    0,00    0,00    0,00    0,00  100,00
21:32:49       6    0,00    0,00    0,00    0,00    0,00    0,00    0,00    0,00    0,00  100,00
21:32:49       7    0,00    0,00    0,00    0,00    0,00  100,00    0,00    0,00    0,00    0,00
21:32:49       8    0,00    0,00    0,00    0,00    0,00    0,00    0,00    0,00    0,00  100,00
21:32:49       9    0,00    0,00    0,00    0,00    0,00    0,00    0,00    0,00    0,00  100,00
21:32:49      10    0,00    0,00    0,00    0,00    0,00  100,00    0,00    0,00    0,00    0,00
21:32:49      11    0,00    0,00    0,00    0,00    0,00    0,00    0,00    0,00    0,00  100,00
21:32:49      12    0,00    0,00    0,00    0,00    0,00  100,00    0,00    0,00    0,00    0,00
21:32:49      13    0,00    0,00    0,00    0,00    0,00    0,00    0,00    0,00    0,00  100,00
21:32:49      14    0,00    0,00    0,00    0,00    0,00  100,00    0,00    0,00    0,00    0,00
21:32:49      15    0,99    0,00    0,99    0,00    0,00    0,00    0,00    0,00    0,00   98,02
21:32:49      16    0,00    0,00    0,00    0,00    0,00  100,00    0,00    0,00    0,00    0,00
21:32:49      17    0,00    0,00    0,00    2,00    0,00    0,00    0,00    0,00    0,00   98,00
21:32:49      18    0,00    0,00    0,00    0,00    0,00    0,00    0,00    0,00    0,00  100,00
21:32:49      19    0,00    0,00    0,00    1,00    0,00    0,00    0,00    0,00    0,00   99,00
21:32:49      20    0,00    0,00    0,00    0,00    0,00    0,00    0,00    0,00    0,00  100,00
21:32:49      21    0,00    0,00    0,00    0,00    0,00  100,00    0,00    0,00    0,00    0,00
21:32:49      22    0,00    0,00    0,00    0,00    0,00    0,00    0,00    0,00    0,00  100,00
21:32:49      23    0,00    0,00    0,00    0,00    0,00    0,00    0,00    0,00    0,00  100,00

21:32:49     CPU    %usr   %nice    %sys %iowait    %irq   %soft  %steal  %guest  %gnice   %idle
21:32:50     all    0,04    0,00    0,08    0,00    0,00   33,33    0,00    0,00    0,00   66,54
21:32:50       0    0,00    0,00    0,00    0,00    0,00    0,99    0,00    0,00    0,00   99,01
21:32:50       1    1,00    0,00    0,00    0,00    0,00   99,00    0,00    0,00    0,00    0,00
21:32:50       2    0,00    0,00    0,00    0,00    0,00    0,00    0,00    0,00    0,00  100,00
21:32:50       3    0,00    0,00    0,00    0,00    0,00  100,00    0,00    0,00    0,00    0,00
21:32:50       4    0,00    0,00    0,00    0,00    0,00    0,00    0,00    0,00    0,00  100,00
21:32:50       5    0,00    0,00    0,00    0,00    0,00    0,00    0,00    0,00    0,00  100,00
21:32:50       6    0,00    0,00    0,00    0,00    0,00    0,00    0,00    0,00    0,00  100,00
21:32:50       7    0,00    0,00    0,00    0,00    0,00  100,00    0,00    0,00    0,00    0,00
21:32:50       8    0,00    0,00    0,00    0,00    0,00    0,00    0,00    0,00    0,00  100,00
21:32:50       9    0,00    0,00    0,00    0,00    0,00    0,00    0,00    0,00    0,00  100,00
21:32:50      10    0,00    0,00    0,00    0,00    0,00  100,00    0,00    0,00    0,00    0,00
21:32:50      11    0,00    0,00    0,00    0,00    0,00    0,00    0,00    0,00    0,00  100,00
21:32:50      12    0,00    0,00    0,00    0,00    0,00  100,00    0,00    0,00    0,00    0,00
21:32:50      13    0,00    0,00    0,00    0,00    0,00    0,00    0,00    0,00    0,00  100,00
21:32:50      14    0,00    0,00    0,00    0,00    0,00  100,00    0,00    0,00    0,00    0,00
21:32:50      15    0,00    0,00    0,00    0,00    0,00    0,00    0,00    0,00    0,00  100,00
21:32:50      16    0,00    0,00    0,00    0,00    0,00  100,00    0,00    0,00    0,00    0,00
21:32:50      17    0,00    0,00    0,00    0,00    0,00    0,00    0,00    0,00    0,00  100,00
21:32:50      18    0,00    0,00    0,99    0,00    0,00    0,00    0,00    0,00    0,00   99,01
21:32:50      19    0,00    0,00    0,00    0,00    0,00    0,00    0,00    0,00    0,00  100,00
21:32:50      20    0,00    0,00    0,00    0,00    0,00    0,00    0,00    0,00    0,00  100,00
21:32:50      21    0,00    0,00    0,00    0,00    0,00  100,00    0,00    0,00    0,00    0,00
21:32:50      22    0,00    0,00    0,00    0,00    0,00    0,00    0,00    0,00    0,00  100,00
21:32:50      23    0,00    0,00    1,00    0,00    0,00    0,00    0,00    0,00    0,00   99,00

21:32:50     CPU    %usr   %nice    %sys %iowait    %irq   %soft  %steal  %guest  %gnice   %idle
21:32:51     all    0,21    0,00    0,42    0,00    0,00   33,29    0,00    0,00    0,00   66,08
21:32:51       0    0,00    0,00    0,00    0,00    0,00    0,00    0,00    0,00    0,00  100,00
21:32:51       1    0,99    0,00    0,99    0,00    0,00   98,02    0,00    0,00    0,00    0,00
21:32:51       2    0,00    0,00    0,00    0,00    0,00    0,00    0,00    0,00    0,00  100,00
21:32:51       3    0,00    0,00    0,00    0,00    0,00  100,00    0,00    0,00    0,00    0,00
21:32:51       4    0,00    0,00    0,00    0,00    0,00    0,00    0,00    0,00    0,00  100,00
21:32:51       5    0,00    0,00    0,00    0,00    0,00    0,00    0,00    0,00    0,00  100,00
21:32:51       6    0,00    0,00    0,00    0,00    0,00    0,00    0,00    0,00    0,00  100,00
21:32:51       7    0,00    0,00    0,00    0,00    0,00  100,00    0,00    0,00    0,00    0,00
21:32:51       8    0,00    0,00    0,00    0,00    0,00    0,00    0,00    0,00    0,00  100,00
21:32:51       9    0,00    0,00    0,00    0,00    0,00    0,00    0,00    0,00    0,00  100,00
21:32:51      10    0,00    0,00    0,00    0,00    0,00  100,00    0,00    0,00    0,00    0,00
21:32:51      11    4,04    0,00    9,09    0,00    0,00    0,00    0,00    0,00    0,00   86,87
21:32:51      12    0,00    0,00    0,00    0,00    0,00  100,00    0,00    0,00    0,00    0,00
21:32:51      13    0,00    0,00    0,00    0,00    0,00    0,00    0,00    0,00    0,00  100,00
21:32:51      14    0,00    0,00    0,00    0,00    0,00  100,00    0,00    0,00    0,00    0,00
21:32:51      15    0,00    0,00    0,00    0,00    0,00    0,00    0,00    0,00    0,00  100,00
21:32:51      16    0,00    0,00    0,00    0,00    0,00  100,00    0,00    0,00    0,00    0,00
21:32:51      17    0,00    0,00    0,00    0,00    0,00    0,00    0,00    0,00    0,00  100,00
21:32:51      18    0,00    0,00    0,00    0,00    0,00    0,00    0,00    0,00    0,00  100,00
21:32:51      19    0,00    0,00    0,00    0,00    0,00    0,00    0,00    0,00    0,00  100,00
21:32:51      20    0,00    0,00    0,00    0,00    0,00    0,00    0,00    0,00    0,00  100,00
21:32:51      21    0,00    0,00    0,00    0,00    0,00  100,00    0,00    0,00    0,00    0,00
21:32:51      22    0,00    0,00    0,00    0,00    0,00    0,00    0,00    0,00    0,00  100,00
21:32:51      23    0,00    0,00    0,00    0,00    0,00    0,00    0,00    0,00    0,00  100,00

21:32:51     CPU    %usr   %nice    %sys %iowait    %irq   %soft  %steal  %guest  %gnice   %idle
21:32:52     all    0,63    0,00    0,13    0,00    0,00   33,38    0,00    0,00    0,00   65,87
21:32:52       0    0,00    0,00    0,00    0,00    0,00    1,00    0,00    0,00    0,00   99,00
21:32:52       1    1,01    0,00    0,00    0,00    0,00   98,99    0,00    0,00    0,00    0,00
21:32:52       2    0,99    0,00    0,00    0,00    0,00    0,00    0,00    0,00    0,00   99,01
21:32:52       3    0,00    0,00    0,00    0,00    0,00  100,00    0,00    0,00    0,00    0,00
21:32:52       4    0,00    0,00    0,00    0,00    0,00    0,00    0,00    0,00    0,00  100,00
21:32:52       5    0,00    0,00    0,00    0,00    0,00    0,00    0,00    0,00    0,00  100,00
21:32:52       6    0,00    0,00    0,00    0,00    0,00    0,00    0,00    0,00    0,00  100,00
21:32:52       7    0,00    0,00    0,00    0,00    0,00  100,00    0,00    0,00    0,00    0,00
21:32:52       8    0,00    0,00    0,00    0,00    0,00    0,00    0,00    0,00    0,00  100,00
21:32:52       9    0,00    0,00    0,00    0,00    0,00    0,00    0,00    0,00    0,00  100,00
21:32:52      10    0,00    0,00    0,00    0,00    0,00  100,00    0,00    0,00    0,00    0,00
21:32:52      11   11,00    0,00    2,00    0,00    0,00    0,00    0,00    0,00    0,00   87,00
21:32:52      12    0,00    0,00    0,00    0,00    0,00  100,00    0,00    0,00    0,00    0,00
21:32:52      13    0,00    0,00    0,00    0,00    0,00    0,00    0,00    0,00    0,00  100,00
21:32:52      14    0,00    0,00    0,00    0,00    0,00  100,00    0,00    0,00    0,00    0,00
21:32:52      15    0,00    0,00    0,00    0,00    0,00    0,00    0,00    0,00    0,00  100,00
21:32:52      16    0,00    0,00    0,00    0,00    0,00  100,00    0,00    0,00    0,00    0,00
21:32:52      17    0,00    0,00    1,00    0,00    0,00    0,00    0,00    0,00    0,00   99,00
21:32:52      18    1,00    0,00    0,00    0,00    0,00    0,00    0,00    0,00    0,00   99,00
21:32:52      19    0,00    0,00    0,00    0,00    0,00    0,00    0,00    0,00    0,00  100,00
21:32:52      20    1,00    0,00    0,00    0,00    0,00    0,00    0,00    0,00    0,00   99,00
21:32:52      21    0,00    0,00    0,00    0,00    0,00  100,00    0,00    0,00    0,00    0,00
21:32:52      22    0,00    0,00    0,00    0,00    0,00    0,00    0,00    0,00    0,00  100,00
21:32:52      23    0,00    0,00    0,00    0,00    0,00    0,00    0,00    0,00    0,00  100,00

21:32:52     CPU    %usr   %nice    %sys %iowait    %irq   %soft  %steal  %guest  %gnice   %idle
21:32:53     all    0,00    0,00    0,08    0,00    0,00   33,35    0,00    0,00    0,00   66,57
21:32:53       0    0,00    0,00    0,00    0,00    0,00    0,99    0,00    0,00    0,00   99,01
21:32:53       1    0,00    0,00    1,00    0,00    0,00   99,00    0,00    0,00    0,00    0,00
21:32:53       2    0,00    0,00    0,00    0,00    0,00    0,00    0,00    0,00    0,00  100,00
21:32:53       3    0,00    0,00    0,99    0,00    0,00   99,01    0,00    0,00    0,00    0,00
21:32:53       4    0,00    0,00    0,00    0,00    0,00    0,00    0,00    0,00    0,00  100,00
21:32:53       5    0,00    0,00    0,00    0,00    0,00    0,00    0,00    0,00    0,00  100,00
21:32:53       6    0,00    0,00    0,00    0,00    0,00    0,00    0,00    0,00    0,00  100,00
21:32:53       7    0,00    0,00    0,00    0,00    0,00  100,00    0,00    0,00    0,00    0,00
21:32:53       8    0,00    0,00    0,00    0,00    0,00    0,00    0,00    0,00    0,00  100,00
21:32:53       9    0,00    0,00    0,00    0,00    0,00    0,00    0,00    0,00    0,00  100,00
21:32:53      10    0,00    0,00    0,00    0,00    0,00  100,00    0,00    0,00    0,00    0,00
21:32:53      11    0,00    0,00    0,00    0,00    0,00    0,00    0,00    0,00    0,00  100,00
21:32:53      12    0,00    0,00    0,00    0,00    0,00  100,00    0,00    0,00    0,00    0,00
21:32:53      13    0,00    0,00    0,00    0,00    0,00    0,00    0,00    0,00    0,00  100,00
21:32:53      14    0,00    0,00    0,00    0,00    0,00  100,00    0,00    0,00    0,00    0,00
21:32:53      15    0,00    0,00    0,00    0,00    0,00    0,00    0,00    0,00    0,00  100,00
21:32:53      16    0,00    0,00    0,00    0,00    0,00  100,00    0,00    0,00    0,00    0,00
21:32:53      17    0,00    0,00    0,00    0,00    0,00    0,00    0,00    0,00    0,00  100,00
21:32:53      18    0,00    0,00    0,00    0,00    0,00    0,00    0,00    0,00    0,00  100,00
21:32:53      19    0,00    0,00    0,00    0,00    0,00    0,00    0,00    0,00    0,00  100,00
21:32:53      20    0,00    0,00    0,00    0,00    0,00    0,00    0,00    0,00    0,00  100,00
21:32:53      21    0,00    0,00    0,00    0,00    0,00  100,00    0,00    0,00    0,00    0,00
21:32:53      22    0,00    0,00    0,00    0,00    0,00    0,00    0,00    0,00    0,00  100,00
21:32:53      23    0,00    0,00    0,00    0,00    0,00    0,00    0,00    0,00    0,00  100,00

21:32:53     CPU    %usr   %nice    %sys %iowait    %irq   %soft  %steal  %guest  %gnice   %idle
21:32:54     all    1,04    0,00    0,41    0,08    0,00   33,44    0,00    0,00    0,00   65,02
21:32:54       0    0,00    0,00    0,00    0,00    0,00    6,60    0,00    0,00    0,00   93,40
21:32:54       1    0,99    0,00    0,99    0,00    0,00   98,02    0,00    0,00    0,00    0,00
21:32:54       2    0,00    0,00    0,99    0,00    0,00    0,00    0,00    0,00    0,00   99,01
21:32:54       3    0,00    0,00    0,00    0,00    0,00  100,00    0,00    0,00    0,00    0,00
21:32:54       4    0,00    0,00    0,00    0,00    0,00    0,00    0,00    0,00    0,00  100,00
21:32:54       5    0,00    0,00    0,00    0,00    0,00    0,00    0,00    0,00    0,00  100,00
21:32:54       6    0,99    0,00    0,00    0,00    0,00    0,00    0,00    0,00    0,00   99,01
21:32:54       7    0,00    0,00    0,00    0,00    0,00  100,00    0,00    0,00    0,00    0,00
21:32:54       8    0,00    0,00    0,00    0,00    0,00    0,00    0,00    0,00    0,00  100,00
21:32:54       9    0,00    0,00    0,00    0,00    0,00    0,00    0,00    0,00    0,00  100,00
21:32:54      10    0,00    0,00    0,00    0,00    0,00  100,00    0,00    0,00    0,00    0,00
21:32:54      11    0,00    0,00    0,00    0,00    0,00    0,00    0,00    0,00    0,00  100,00
21:32:54      12    0,00    0,00    0,00    0,00    0,00  100,00    0,00    0,00    0,00    0,00
21:32:54      13    0,00    0,00    0,00    0,00    0,00    0,00    0,00    0,00    0,00  100,00
21:32:54      14    0,00    0,00    0,00    0,00    0,00  100,00    0,00    0,00    0,00    0,00
21:32:54      15    0,00    0,00    0,00    0,00    0,00    0,00    0,00    0,00    0,00  100,00
21:32:54      16    0,00    0,00    0,00    0,00    0,00  100,00    0,00    0,00    0,00    0,00
21:32:54      17    2,00    0,00    1,00    2,00    0,00    0,00    0,00    0,00    0,00   95,00
21:32:54      18    3,00    0,00    2,00    0,00    0,00    0,00    0,00    0,00    0,00   95,00
21:32:54      19    1,98    0,00    1,98    0,00    0,00    0,00    0,00    0,00    0,00   96,04
21:32:54      20    1,00    0,00    1,00    0,00    0,00    0,00    0,00    0,00    0,00   98,00
21:32:54      21    0,00    0,00    0,00    0,00    0,00  100,00    0,00    0,00    0,00    0,00
21:32:54      22    1,00    0,00    1,00    0,00    0,00    0,00    0,00    0,00    0,00   98,00
21:32:54      23   14,00    0,00    1,00    0,00    0,00    0,00    0,00    0,00    0,00   85,00
