Linux 6.8.0-111-generic (testbed-node6) 	06/05/26 	_x86_64_	(24 CPU)

20:48:13     CPU    %usr   %nice    %sys %iowait    %irq   %soft  %steal  %guest  %gnice   %idle
20:48:14     all    5,09    0,00    0,29    0,08    0,00    0,00    0,00    0,00    0,00   94,53
20:48:14       0    1,00    0,00    0,00    0,00    0,00    0,00    0,00    0,00    0,00   99,00
20:48:14       1    0,00    0,00    0,00    0,00    0,00    0,00    0,00    0,00    0,00  100,00
20:48:14       2    0,00    0,00    0,00    0,00    0,00    0,00    0,00    0,00    0,00  100,00
20:48:14       3    0,00    0,00    0,00    0,00    0,00    0,00    0,00    0,00    0,00  100,00
20:48:14       4    0,00    0,00    0,99    0,00    0,00    0,00    0,00    0,00    0,00   99,01
20:48:14       5    0,00    0,00    0,00    0,00    0,00    0,00    0,00    0,00    0,00  100,00
20:48:14       6    0,00    0,00    0,00    0,00    0,00    0,00    0,00    0,00    0,00  100,00
20:48:14       7    0,99    0,00    0,00    0,00    0,00    0,00    0,00    0,00    0,00   99,01
20:48:14       8  100,00    0,00    0,00    0,00    0,00    0,00    0,00    0,00    0,00    0,00
20:48:14       9    1,00    0,00    0,00    0,00    0,00    0,00    0,00    0,00    0,00   99,00
20:48:14      10    5,00    0,00    0,00    0,00    0,00    0,00    0,00    0,00    0,00   95,00
20:48:14      11    0,00    0,00    0,00    0,00    0,00    0,00    0,00    0,00    0,00  100,00
20:48:14      12    5,00    0,00    1,00    0,00    0,00    0,00    0,00    0,00    0,00   94,00
20:48:14      13    1,00    0,00    0,00    0,00    0,00    0,00    0,00    0,00    0,00   99,00
20:48:14      14    1,01    0,00    0,00    1,01    0,00    0,00    0,00    0,00    0,00   97,98
20:48:14      15    0,00    0,00    0,00    0,00    0,00    0,00    0,00    0,00    0,00  100,00
20:48:14      16    2,02    0,00    1,01    0,00    0,00    0,00    0,00    0,00    0,00   96,97
20:48:14      17    1,98    0,00    0,99    0,99    0,00    0,00    0,00    0,00    0,00   96,04
20:48:14      18    0,00    0,00    0,00    0,00    0,00    0,00    0,00    0,00    0,00  100,00
20:48:14      19    0,00    0,00    0,00    0,00    0,00    0,00    0,00    0,00    0,00  100,00
20:48:14      20    1,00    0,00    0,00    0,00    0,00    0,00    0,00    0,00    0,00   99,00
20:48:14      21    0,00    0,00    1,00    0,00    0,00    0,00    0,00    0,00    0,00   99,00
20:48:14      22    1,96    0,00    1,96    0,00    0,00    0,00    0,00    0,00    0,00   96,08
20:48:14      23    0,00    0,00    0,00    0,00    0,00    0,00    0,00    0,00    0,00  100,00

20:48:14     CPU    %usr   %nice    %sys %iowait    %irq   %soft  %steal  %guest  %gnice   %idle
20:48:15     all    4,83    0,00    0,21    0,00    0,00    0,00    0,00    0,00    0,00   94,96
20:48:15       0    0,00    0,00    0,00    0,00    0,00    0,00    0,00    0,00    0,00  100,00
20:48:15       1    0,00    0,00    0,00    0,00    0,00    0,00    0,00    0,00    0,00  100,00
20:48:15       2    7,00    0,00    1,00    0,00    0,00    0,00    0,00    0,00    0,00   92,00
20:48:15       3    0,00    0,00    0,00    0,00    0,00    0,00    0,00    0,00    0,00  100,00
20:48:15       4    1,00    0,00    0,00    0,00    0,00    0,00    0,00    0,00    0,00   99,00
20:48:15       5    0,00    0,00    0,00    0,00    0,00    0,00    0,00    0,00    0,00  100,00
20:48:15       6    0,99    0,00    0,00    0,00    0,00    0,00    0,00    0,00    0,00   99,01
20:48:15       7    0,00    0,00    0,00    0,00    0,00    0,00    0,00    0,00    0,00  100,00
20:48:15       8  100,00    0,00    0,00    0,00    0,00    0,00    0,00    0,00    0,00    0,00
20:48:15       9    0,00    0,00    0,00    0,00    0,00    0,00    0,00    0,00    0,00  100,00
20:48:15      10    0,00    0,00    0,00    0,00    0,00    0,00    0,00    0,00    0,00  100,00
20:48:15      11    0,00    0,00    0,00    0,00    0,00    0,00    0,00    0,00    0,00  100,00
20:48:15      12    1,00    0,00    0,00    0,00    0,00    0,00    0,00    0,00    0,00   99,00
20:48:15      13    0,00    0,00    0,00    0,00    0,00    0,00    0,00    0,00    0,00  100,00
20:48:15      14    1,98    0,00    0,99    0,00    0,00    0,00    0,00    0,00    0,00   97,03
20:48:15      15    0,00    0,00    0,00    0,00    0,00    0,00    0,00    0,00    0,00  100,00
20:48:15      16    0,99    0,00    0,99    0,00    0,00    0,00    0,00    0,00    0,00   98,02
20:48:15      17    0,00    0,00    0,00    0,00    0,00    0,00    0,00    0,00    0,00  100,00
20:48:15      18    0,99    0,00    0,00    0,00    0,00    0,00    0,00    0,00    0,00   99,01
20:48:15      19    0,99    0,00    0,00    0,00    0,00    0,00    0,00    0,00    0,00   99,01
20:48:15      20    0,99    0,00    0,99    0,00    0,00    0,00    0,00    0,00    0,00   98,02
20:48:15      21    0,00    0,00    0,00    0,00    0,00    0,00    0,00    0,00    0,00  100,00
20:48:15      22    0,00    0,00    0,00    0,00    0,00    0,00    0,00    0,00    0,00  100,00
20:48:15      23    0,00    0,00    0,99    0,00    0,00    0,00    0,00    0,00    0,00   99,01

20:48:15     CPU    %usr   %nice    %sys %iowait    %irq   %soft  %steal  %guest  %gnice   %idle
20:48:16     all    4,29    0,00    0,04    0,00    0,00    0,00    0,00    0,00    0,00   95,67
20:48:16       0    0,00    0,00    0,00    0,00    0,00    0,00    0,00    0,00    0,00  100,00
20:48:16       1    0,00    0,00    0,00    0,00    0,00    0,00    0,00    0,00    0,00  100,00
20:48:16       2    0,00    0,00    0,00    0,00    0,00    0,00    0,00    0,00    0,00  100,00
20:48:16       3    0,00    0,00    0,00    0,00    0,00    0,00    0,00    0,00    0,00  100,00
20:48:16       4    0,00    0,00    0,00    0,00    0,00    0,00    0,00    0,00    0,00  100,00
20:48:16       5    0,00    0,00    0,00    0,00    0,00    0,00    0,00    0,00    0,00  100,00
20:48:16       6    0,00    0,00    0,99    0,00    0,00    0,00    0,00    0,00    0,00   99,01
20:48:16       7    0,00    0,00    0,00    0,00    0,00    0,00    0,00    0,00    0,00  100,00
20:48:16       8  100,00    0,00    0,00    0,00    0,00    0,00    0,00    0,00    0,00    0,00
20:48:16       9    0,00    0,00    0,00    0,00    0,00    0,00    0,00    0,00    0,00  100,00
20:48:16      10    0,00    0,00    0,00    0,00    0,00    0,00    0,00    0,00    0,00  100,00
20:48:16      11    0,00    0,00    0,00    0,00    0,00    0,00    0,00    0,00    0,00  100,00
20:48:16      12    0,00    0,00    0,00    0,00    0,00    0,00    0,00    0,00    0,00  100,00
20:48:16      13    0,00    0,00    0,00    0,00    0,00    0,00    0,00    0,00    0,00  100,00
20:48:16      14    0,99    0,00    0,00    0,00    0,00    0,00    0,00    0,00    0,00   99,01
20:48:16      15    0,00    0,00    0,00    0,00    0,00    0,00    0,00    0,00    0,00  100,00
20:48:16      16    0,00    0,00    0,00    0,00    0,00    0,00    0,00    0,00    0,00  100,00
20:48:16      17    1,98    0,00    0,00    0,00    0,00    0,00    0,00    0,00    0,00   98,02
20:48:16      18    0,00    0,00    0,00    0,00    0,00    0,00    0,00    0,00    0,00  100,00
20:48:16      19    0,00    0,00    0,00    0,00    0,00    0,00    0,00    0,00    0,00  100,00
20:48:16      20    0,00    0,00    0,00    0,00    0,00    0,00    0,00    0,00    0,00  100,00
20:48:16      21    0,00    0,00    0,00    0,00    0,00    0,00    0,00    0,00    0,00  100,00
20:48:16      22    0,00    0,00    0,00    0,00    0,00    0,00    0,00    0,00    0,00  100,00
20:48:16      23    0,00    0,00    0,00    0,00    0,00    0,00    0,00    0,00    0,00  100,00

20:48:16     CPU    %usr   %nice    %sys %iowait    %irq   %soft  %steal  %guest  %gnice   %idle
20:48:17     all    6,36    0,00    0,62    0,00    0,00    0,00    0,00    0,00    0,00   93,02
20:48:17       0    3,00    0,00    0,00    0,00    0,00    0,00    0,00    0,00    0,00   97,00
20:48:17       1    0,99    0,00    0,00    0,00    0,00    0,00    0,00    0,00    0,00   99,01
20:48:17       2    1,98    0,00    0,99    0,00    0,00    0,00    0,00    0,00    0,00   97,03
20:48:17       3    1,00    0,00    0,00    0,00    0,00    0,00    0,00    0,00    0,00   99,00
20:48:17       4    1,00    0,00    0,00    0,00    0,00    0,00    0,00    0,00    0,00   99,00
20:48:17       5    1,00    0,00    0,00    0,00    0,00    0,00    0,00    0,00    0,00   99,00
20:48:17       6    1,00    0,00    0,00    0,00    0,00    0,00    0,00    0,00    0,00   99,00
20:48:17       7    1,00    0,00    0,00    0,00    0,00    0,00    0,00    0,00    0,00   99,00
20:48:17       8  100,00    0,00    0,00    0,00    0,00    0,00    0,00    0,00    0,00    0,00
20:48:17       9    1,00    0,00    0,00    0,00    0,00    0,00    0,00    0,00    0,00   99,00
20:48:17      10   10,00    0,00    2,00    0,00    0,00    0,00    0,00    0,00    0,00   88,00
20:48:17      11    0,99    0,00    0,00    0,00    0,00    0,00    0,00    0,00    0,00   99,01
20:48:17      12    2,97    0,00    1,98    0,00    0,00    0,00    0,00    0,00    0,00   95,05
20:48:17      13    0,99    0,00    0,00    0,00    0,00    0,00    0,00    0,00    0,00   99,01
20:48:17      14    4,95    0,00    1,98    0,00    0,00    0,00    0,00    0,00    0,00   93,07
20:48:17      15    1,00    0,00    0,00    0,00    0,00    0,00    0,00    0,00    0,00   99,00
20:48:17      16    2,00    0,00    1,00    0,00    0,00    0,00    0,00    0,00    0,00   97,00
20:48:17      17    5,00    0,00    2,00    0,00    0,00    0,00    0,00    0,00    0,00   93,00
20:48:17      18    1,98    0,00    0,99    0,00    0,00    0,00    0,00    0,00    0,00   97,03
20:48:17      19    1,00    0,00    1,00    0,00    0,00    0,00    0,00    0,00    0,00   98,00
20:48:17      20    2,00    0,00    1,00    0,00    0,00    0,00    0,00    0,00    0,00   97,00
20:48:17      21    2,00    0,00    0,00    0,00    0,00    0,00    0,00    0,00    0,00   98,00
20:48:17      22    4,00    0,00    2,00    0,00    0,00    0,00    0,00    0,00    0,00   94,00
20:48:17      23    2,00    0,00    0,00    0,00    0,00    0,00    0,00    0,00    0,00   98,00

20:48:17     CPU    %usr   %nice    %sys %iowait    %irq   %soft  %steal  %guest  %gnice   %idle
20:48:18     all    4,37    0,00    0,04    0,00    0,00    0,00    0,00    0,00    0,00   95,59
20:48:18       0    0,00    0,00    0,00    0,00    0,00    0,00    0,00    0,00    0,00  100,00
20:48:18       1    0,00    0,00    0,00    0,00    0,00    0,00    0,00    0,00    0,00  100,00
20:48:18       2    1,00    0,00    0,00    0,00    0,00    0,00    0,00    0,00    0,00   99,00
20:48:18       3    0,00    0,00    0,00    0,00    0,00    0,00    0,00    0,00    0,00  100,00
20:48:18       4    2,91    0,00    0,00    0,00    0,00    0,00    0,00    0,00    0,00   97,09
20:48:18       5    0,00    0,00    0,00    0,00    0,00    0,00    0,00    0,00    0,00  100,00
20:48:18       6    0,00    0,00    0,00    0,00    0,00    0,00    0,00    0,00    0,00  100,00
20:48:18       7    0,00    0,00    0,00    0,00    0,00    0,00    0,00    0,00    0,00  100,00
20:48:18       8  100,00    0,00    0,00    0,00    0,00    0,00    0,00    0,00    0,00    0,00
20:48:18       9    0,00    0,00    0,00    0,00    0,00    0,00    0,00    0,00    0,00  100,00
20:48:18      10    0,00    0,00    0,99    0,00    0,00    0,00    0,00    0,00    0,00   99,01
20:48:18      11    0,00    0,00    0,00    0,00    0,00    0,00    0,00    0,00    0,00  100,00
20:48:18      12    0,00    0,00    0,00    0,00    0,00    0,00    0,00    0,00    0,00  100,00
20:48:18      13    0,00    0,00    0,00    0,00    0,00    0,00    0,00    0,00    0,00  100,00
20:48:18      14    0,00    0,00    0,00    0,00    0,00    0,00    0,00    0,00    0,00  100,00
20:48:18      15    0,00    0,00    0,00    0,00    0,00    0,00    0,00    0,00    0,00  100,00
20:48:18      16    0,99    0,00    0,00    0,00    0,00    0,00    0,00    0,00    0,00   99,01
20:48:18      17    0,00    0,00    0,00    0,00    0,00    0,00    0,00    0,00    0,00  100,00
20:48:18      18    0,00    0,00    0,00    0,00    0,00    0,00    0,00    0,00    0,00  100,00
20:48:18      19    0,00    0,00    0,00    0,00    0,00    0,00    0,00    0,00    0,00  100,00
20:48:18      20    0,00    0,00    0,00    0,00    0,00    0,00    0,00    0,00    0,00  100,00
20:48:18      21    0,00    0,00    0,00    0,00    0,00    0,00    0,00    0,00    0,00  100,00
20:48:18      22    0,00    0,00    0,00    0,00    0,00    0,00    0,00    0,00    0,00  100,00
20:48:18      23    0,00    0,00    0,00    0,00    0,00    0,00    0,00    0,00    0,00  100,00

20:48:18     CPU    %usr   %nice    %sys %iowait    %irq   %soft  %steal  %guest  %gnice   %idle
20:48:19     all    4,21    0,00    0,04    0,12    0,00    0,00    0,00    0,00    0,00   95,63
20:48:19       0    0,00    0,00    0,00    0,00    0,00    0,00    0,00    0,00    0,00  100,00
20:48:19       1    0,00    0,00    0,00    0,00    0,00    0,00    0,00    0,00    0,00  100,00
20:48:19       2    0,99    0,00    0,00    0,00    0,00    0,00    0,00    0,00    0,00   99,01
20:48:19       3    0,00    0,00    0,00    0,00    0,00    0,00    0,00    0,00    0,00  100,00
20:48:19       4    0,00    0,00    0,00    0,00    0,00    0,00    0,00    0,00    0,00  100,00
20:48:19       5    0,00    0,00    0,00    0,00    0,00    0,00    0,00    0,00    0,00  100,00
20:48:19       6    0,00    0,00    0,00    0,00    0,00    0,00    0,00    0,00    0,00  100,00
20:48:19       7    0,00    0,00    0,00    0,00    0,00    0,00    0,00    0,00    0,00  100,00
20:48:19       8  100,00    0,00    0,00    0,00    0,00    0,00    0,00    0,00    0,00    0,00
20:48:19       9    0,00    0,00    0,00    0,00    0,00    0,00    0,00    0,00    0,00  100,00
20:48:19      10    0,00    0,00    0,00    0,00    0,00    0,00    0,00    0,00    0,00  100,00
20:48:19      11    0,00    0,00    0,00    0,00    0,00    0,00    0,00    0,00    0,00  100,00
20:48:19      12    0,00    0,00    0,00    0,00    0,00    0,00    0,00    0,00    0,00  100,00
20:48:19      13    0,00    0,00    0,00    0,00    0,00    0,00    0,00    0,00    0,00  100,00
20:48:19      14    0,00    0,00    0,00    1,98    0,00    0,00    0,00    0,00    0,00   98,02
20:48:19      15    0,00    0,00    0,00    0,00    0,00    0,00    0,00    0,00    0,00  100,00
20:48:19      16    0,00    0,00    0,00    0,00    0,00    0,00    0,00    0,00    0,00  100,00
20:48:19      17    0,00    0,00    0,00    1,00    0,00    0,00    0,00    0,00    0,00   99,00
20:48:19      18    0,00    0,00    0,00    0,00    0,00    0,00    0,00    0,00    0,00  100,00
20:48:19      19    0,00    0,00    0,00    0,00    0,00    0,00    0,00    0,00    0,00  100,00
20:48:19      20    0,00    0,00    0,00    0,00    0,00    0,00    0,00    0,00    0,00  100,00
20:48:19      21    0,00    0,00    0,99    0,00    0,00    0,00    0,00    0,00    0,00   99,01
20:48:19      22    0,00    0,00    0,00    0,00    0,00    0,00    0,00    0,00    0,00  100,00
20:48:19      23    0,00    0,00    0,00    0,00    0,00    0,00    0,00    0,00    0,00  100,00

20:48:19     CPU    %usr   %nice    %sys %iowait    %irq   %soft  %steal  %guest  %gnice   %idle
20:48:20     all    4,29    0,00    0,04    0,00    0,00    0,00    0,00    0,00    0,00   95,67
20:48:20       0    0,00    0,00    0,00    0,00    0,00    0,00    0,00    0,00    0,00  100,00
20:48:20       1    0,00    0,00    0,00    0,00    0,00    0,00    0,00    0,00    0,00  100,00
20:48:20       2    1,00    0,00    0,00    0,00    0,00    0,00    0,00    0,00    0,00   99,00
20:48:20       3    0,00    0,00    0,00    0,00    0,00    0,00    0,00    0,00    0,00  100,00
20:48:20       4    1,96    0,00    0,00    0,00    0,00    0,00    0,00    0,00    0,00   98,04
20:48:20       5    0,00    0,00    0,00    0,00    0,00    0,00    0,00    0,00    0,00  100,00
20:48:20       6    0,00    0,00    0,00    0,00    0,00    0,00    0,00    0,00    0,00  100,00
20:48:20       7    0,00    0,00    0,00    0,00    0,00    0,00    0,00    0,00    0,00  100,00
20:48:20       8  100,00    0,00    0,00    0,00    0,00    0,00    0,00    0,00    0,00    0,00
20:48:20       9    0,00    0,00    0,00    0,00    0,00    0,00    0,00    0,00    0,00  100,00
20:48:20      10    0,00    0,00    0,00    0,00    0,00    0,00    0,00    0,00    0,00  100,00
20:48:20      11    0,00    0,00    0,00    0,00    0,00    0,00    0,00    0,00    0,00  100,00
20:48:20      12    0,00    0,00    0,00    0,00    0,00    0,00    0,00    0,00    0,00  100,00
20:48:20      13    0,00    0,00    0,00    0,00    0,00    0,00    0,00    0,00    0,00  100,00
20:48:20      14    0,00    0,00    0,00    0,00    0,00    0,00    0,00    0,00    0,00  100,00
20:48:20      15    0,00    0,00    0,00    0,00    0,00    0,00    0,00    0,00    0,00  100,00
20:48:20      16    0,00    0,00    0,00    0,00    0,00    0,00    0,00    0,00    0,00  100,00
20:48:20      17    0,00    0,00    0,00    0,00    0,00    0,00    0,00    0,00    0,00  100,00
20:48:20      18    0,00    0,00    0,00    0,00    0,00    0,00    0,00    0,00    0,00  100,00
20:48:20      19    0,00    0,00    0,00    0,00    0,00    0,00    0,00    0,00    0,00  100,00
20:48:20      20    0,00    0,00    0,99    0,00    0,00    0,00    0,00    0,00    0,00   99,01
20:48:20      21    0,00    0,00    0,00    0,00    0,00    0,00    0,00    0,00    0,00  100,00
20:48:20      22    0,00    0,00    0,00    0,00    0,00    0,00    0,00    0,00    0,00  100,00
20:48:20      23    0,00    0,00    0,00    0,00    0,00    0,00    0,00    0,00    0,00  100,00

20:48:20     CPU    %usr   %nice    %sys %iowait    %irq   %soft  %steal  %guest  %gnice   %idle
20:48:21     all    4,33    0,00    0,04    0,00    0,00    0,00    0,00    0,00    0,00   95,63
20:48:21       0    0,00    0,00    0,00    0,00    0,00    0,00    0,00    0,00    0,00  100,00
20:48:21       1    0,00    0,00    0,00    0,00    0,00    0,00    0,00    0,00    0,00  100,00
20:48:21       2    0,00    0,00    0,00    0,00    0,00    0,00    0,00    0,00    0,00  100,00
20:48:21       3    0,00    0,00    0,00    0,00    0,00    0,00    0,00    0,00    0,00  100,00
20:48:21       4    2,91    0,00    0,00    0,00    0,00    0,00    0,00    0,00    0,00   97,09
20:48:21       5    0,00    0,00    0,00    0,00    0,00    0,00    0,00    0,00    0,00  100,00
20:48:21       6    0,00    0,00    0,00    0,00    0,00    0,00    0,00    0,00    0,00  100,00
20:48:21       7    0,00    0,00    0,00    0,00    0,00    0,00    0,00    0,00    0,00  100,00
20:48:21       8  100,00    0,00    0,00    0,00    0,00    0,00    0,00    0,00    0,00    0,00
20:48:21       9    0,00    0,00    0,00    0,00    0,00    0,00    0,00    0,00    0,00  100,00
20:48:21      10    0,00    0,00    0,00    0,00    0,00    0,00    0,00    0,00    0,00  100,00
20:48:21      11    0,00    0,00    0,00    0,00    0,00    0,00    0,00    0,00    0,00  100,00
20:48:21      12    0,00    0,00    0,00    0,00    0,00    0,00    0,00    0,00    0,00  100,00
20:48:21      13    0,00    0,00    0,00    0,00    0,00    0,00    0,00    0,00    0,00  100,00
20:48:21      14    0,00    0,00    1,00    0,00    0,00    0,00    0,00    0,00    0,00   99,00
20:48:21      15    0,00    0,00    0,00    0,00    0,00    0,00    0,00    0,00    0,00  100,00
20:48:21      16    0,00    0,00    0,00    0,00    0,00    0,00    0,00    0,00    0,00  100,00
20:48:21      17    0,00    0,00    0,00    0,00    0,00    0,00    0,00    0,00    0,00  100,00
20:48:21      18    0,00    0,00    0,00    0,00    0,00    0,00    0,00    0,00    0,00  100,00
20:48:21      19    0,00    0,00    0,00    0,00    0,00    0,00    0,00    0,00    0,00  100,00
20:48:21      20    0,00    0,00    0,00    0,00    0,00    0,00    0,00    0,00    0,00  100,00
20:48:21      21    0,00    0,00    0,00    0,00    0,00    0,00    0,00    0,00    0,00  100,00
20:48:21      22    0,00    0,00    0,00    0,00    0,00    0,00    0,00    0,00    0,00  100,00
20:48:21      23    0,99    0,00    0,00    0,00    0,00    0,00    0,00    0,00    0,00   99,01

20:48:21     CPU    %usr   %nice    %sys %iowait    %irq   %soft  %steal  %guest  %gnice   %idle
20:48:22     all    4,25    0,00    0,00    0,00    0,00    0,00    0,00    0,00    0,00   95,75
20:48:22       0    0,00    0,00    0,00    0,00    0,00    0,00    0,00    0,00    0,00  100,00
20:48:22       1    0,00    0,00    0,00    0,00    0,00    0,00    0,00    0,00    0,00  100,00
20:48:22       2    0,00    0,00    0,00    0,00    0,00    0,00    0,00    0,00    0,00  100,00
20:48:22       3    0,00    0,00    0,00    0,00    0,00    0,00    0,00    0,00    0,00  100,00
20:48:22       4    1,98    0,00    0,00    0,00    0,00    0,00    0,00    0,00    0,00   98,02
20:48:22       5    0,00    0,00    0,00    0,00    0,00    0,00    0,00    0,00    0,00  100,00
20:48:22       6    0,00    0,00    0,00    0,00    0,00    0,00    0,00    0,00    0,00  100,00
20:48:22       7    0,00    0,00    0,00    0,00    0,00    0,00    0,00    0,00    0,00  100,00
20:48:22       8  100,00    0,00    0,00    0,00    0,00    0,00    0,00    0,00    0,00    0,00
20:48:22       9    0,00    0,00    0,00    0,00    0,00    0,00    0,00    0,00    0,00  100,00
20:48:22      10    0,00    0,00    0,00    0,00    0,00    0,00    0,00    0,00    0,00  100,00
20:48:22      11    0,00    0,00    0,00    0,00    0,00    0,00    0,00    0,00    0,00  100,00
20:48:22      12    0,00    0,00    0,00    0,00    0,00    0,00    0,00    0,00    0,00  100,00
20:48:22      13    0,00    0,00    0,00    0,00    0,00    0,00    0,00    0,00    0,00  100,00
20:48:22      14    0,00    0,00    0,00    0,00    0,00    0,00    0,00    0,00    0,00  100,00
20:48:22      15    0,00    0,00    0,00    0,00    0,00    0,00    0,00    0,00    0,00  100,00
20:48:22      16    0,00    0,00    0,00    0,00    0,00    0,00    0,00    0,00    0,00  100,00
20:48:22      17    0,00    0,00    0,00    0,00    0,00    0,00    0,00    0,00    0,00  100,00
20:48:22      18    0,00    0,00    0,00    0,00    0,00    0,00    0,00    0,00    0,00  100,00
20:48:22      19    0,00    0,00    0,00    0,00    0,00    0,00    0,00    0,00    0,00  100,00
20:48:22      20    0,00    0,00    0,00    0,00    0,00    0,00    0,00    0,00    0,00  100,00
20:48:22      21    0,00    0,00    0,00    0,00    0,00    0,00    0,00    0,00    0,00  100,00
20:48:22      22    0,00    0,00    0,00    0,00    0,00    0,00    0,00    0,00    0,00  100,00
20:48:22      23    0,00    0,00    0,00    0,00    0,00    0,00    0,00    0,00    0,00  100,00

20:48:22     CPU    %usr   %nice    %sys %iowait    %irq   %soft  %steal  %guest  %gnice   %idle
20:48:23     all    4,29    0,00    0,00    0,00    0,00    0,00    0,00    0,00    0,00   95,71
20:48:23       0    0,00    0,00    0,00    0,00    0,00    0,00    0,00    0,00    0,00  100,00
20:48:23       1    0,00    0,00    0,00    0,00    0,00    0,00    0,00    0,00    0,00  100,00
20:48:23       2    0,99    0,00    0,00    0,00    0,00    0,00    0,00    0,00    0,00   99,01
20:48:23       3    0,00    0,00    0,00    0,00    0,00    0,00    0,00    0,00    0,00  100,00
20:48:23       4    1,96    0,00    0,00    0,00    0,00    0,00    0,00    0,00    0,00   98,04
20:48:23       5    0,00    0,00    0,00    0,00    0,00    0,00    0,00    0,00    0,00  100,00
20:48:23       6    0,00    0,00    0,00    0,00    0,00    0,00    0,00    0,00    0,00  100,00
20:48:23       7    0,00    0,00    0,00    0,00    0,00    0,00    0,00    0,00    0,00  100,00
20:48:23       8  100,00    0,00    0,00    0,00    0,00    0,00    0,00    0,00    0,00    0,00
20:48:23       9    0,00    0,00    0,00    0,00    0,00    0,00    0,00    0,00    0,00  100,00
20:48:23      10    0,00    0,00    0,00    0,00    0,00    0,00    0,00    0,00    0,00  100,00
20:48:23      11    0,00    0,00    0,00    0,00    0,00    0,00    0,00    0,00    0,00  100,00
20:48:23      12    0,00    0,00    0,00    0,00    0,00    0,00    0,00    0,00    0,00  100,00
20:48:23      13    0,00    0,00    0,00    0,00    0,00    0,00    0,00    0,00    0,00  100,00
20:48:23      14    0,00    0,00    0,00    0,00    0,00    0,00    0,00    0,00    0,00  100,00
20:48:23      15    0,00    0,00    0,00    0,00    0,00    0,00    0,00    0,00    0,00  100,00
20:48:23      16    0,00    0,00    0,00    0,00    0,00    0,00    0,00    0,00    0,00  100,00
20:48:23      17    0,00    0,00    0,00    0,00    0,00    0,00    0,00    0,00    0,00  100,00
20:48:23      18    0,00    0,00    0,00    0,00    0,00    0,00    0,00    0,00    0,00  100,00
20:48:23      19    0,00    0,00    0,00    0,00    0,00    0,00    0,00    0,00    0,00  100,00
20:48:23      20    0,00    0,00    0,00    0,00    0,00    0,00    0,00    0,00    0,00  100,00
20:48:23      21    0,00    0,00    0,00    0,00    0,00    0,00    0,00    0,00    0,00  100,00
20:48:23      22    0,00    0,00    0,00    0,00    0,00    0,00    0,00    0,00    0,00  100,00
20:48:23      23    0,00    0,00    0,00    0,00    0,00    0,00    0,00    0,00    0,00  100,00

20:48:23     CPU    %usr   %nice    %sys %iowait    %irq   %soft  %steal  %guest  %gnice   %idle
20:48:24     all    4,46    0,00    0,12    0,04    0,00    0,00    0,00    0,00    0,00   95,38
20:48:24       0    0,00    0,00    0,00    0,00    0,00    0,00    0,00    0,00    0,00  100,00
20:48:24       1    0,00    0,00    0,00    0,00    0,00    0,00    0,00    0,00    0,00  100,00
20:48:24       2    0,00    0,00    0,00    0,00    0,00    0,00    0,00    0,00    0,00  100,00
20:48:24       3    0,00    0,00    0,00    0,00    0,00    0,00    0,00    0,00    0,00  100,00
20:48:24       4    0,99    0,00    0,00    0,00    0,00    0,00    0,00    0,00    0,00   99,01
20:48:24       5    0,00    0,00    0,00    0,00    0,00    0,00    0,00    0,00    0,00  100,00
20:48:24       6    0,00    0,00    0,00    0,00    0,00    0,00    0,00    0,00    0,00  100,00
20:48:24       7    0,00    0,00    0,00    0,00    0,00    0,00    0,00    0,00    0,00  100,00
20:48:24       8  100,00    0,00    0,00    0,00    0,00    0,00    0,00    0,00    0,00    0,00
20:48:24       9    4,00    0,00    3,00    0,00    0,00    0,00    0,00    0,00    0,00   93,00
20:48:24      10    0,99    0,00    0,00    0,00    0,00    0,00    0,00    0,00    0,00   99,01
20:48:24      11    0,00    0,00    0,00    0,00    0,00    0,00    0,00    0,00    0,00  100,00
20:48:24      12    0,00    0,00    0,00    0,00    0,00    0,00    0,00    0,00    0,00  100,00
20:48:24      13    0,00    0,00    0,00    0,00    0,00    0,00    0,00    0,00    0,00  100,00
20:48:24      14    0,00    0,00    0,00    1,00    0,00    0,00    0,00    0,00    0,00   99,00
20:48:24      15    0,00    0,00    0,00    0,00    0,00    0,00    0,00    0,00    0,00  100,00
20:48:24      16    0,00    0,00    0,00    0,00    0,00    0,00    0,00    0,00    0,00  100,00
20:48:24      17    0,00    0,00    0,00    0,00    0,00    0,00    0,00    0,00    0,00  100,00
20:48:24      18    0,00    0,00    0,00    0,00    0,00    0,00    0,00    0,00    0,00  100,00
20:48:24      19    0,99    0,00    0,00    0,00    0,00    0,00    0,00    0,00    0,00   99,01
20:48:24      20    0,00    0,00    0,00    0,00    0,00    0,00    0,00    0,00    0,00  100,00
20:48:24      21    0,00    0,00    0,00    0,00    0,00    0,00    0,00    0,00    0,00  100,00
20:48:24      22    0,00    0,00    0,00    0,00    0,00    0,00    0,00    0,00    0,00  100,00
20:48:24      23    0,00    0,00    0,00    0,00    0,00    0,00    0,00    0,00    0,00  100,00

20:48:24     CPU    %usr   %nice    %sys %iowait    %irq   %soft  %steal  %guest  %gnice   %idle
20:48:25     all    4,29    0,00    0,00    0,00    0,00    0,00    0,00    0,00    0,00   95,71
20:48:25       0    0,00    0,00    0,00    0,00    0,00    0,00    0,00    0,00    0,00  100,00
20:48:25       1    0,00    0,00    0,00    0,00    0,00    0,00    0,00    0,00    0,00  100,00
20:48:25       2    0,00    0,00    0,00    0,00    0,00    0,00    0,00    0,00    0,00  100,00
20:48:25       3    0,00    0,00    0,00    0,00    0,00    0,00    0,00    0,00    0,00  100,00
20:48:25       4    0,00    0,00    0,00    0,00    0,00    0,00    0,00    0,00    0,00  100,00
20:48:25       5    0,00    0,00    0,00    0,00    0,00    0,00    0,00    0,00    0,00  100,00
20:48:25       6    0,00    0,00    0,00    0,00    0,00    0,00    0,00    0,00    0,00  100,00
20:48:25       7    0,00    0,00    0,00    0,00    0,00    0,00    0,00    0,00    0,00  100,00
20:48:25       8  100,00    0,00    0,00    0,00    0,00    0,00    0,00    0,00    0,00    0,00
20:48:25       9    0,00    0,00    0,00    0,00    0,00    0,00    0,00    0,00    0,00  100,00
20:48:25      10    2,91    0,00    0,00    0,00    0,00    0,00    0,00    0,00    0,00   97,09
20:48:25      11    0,00    0,00    0,00    0,00    0,00    0,00    0,00    0,00    0,00  100,00
20:48:25      12    0,00    0,00    0,00    0,00    0,00    0,00    0,00    0,00    0,00  100,00
20:48:25      13    0,00    0,00    0,00    0,00    0,00    0,00    0,00    0,00    0,00  100,00
20:48:25      14    0,00    0,00    0,00    0,00    0,00    0,00    0,00    0,00    0,00  100,00
20:48:25      15    0,00    0,00    0,00    0,00    0,00    0,00    0,00    0,00    0,00  100,00
20:48:25      16    0,00    0,00    0,00    0,00    0,00    0,00    0,00    0,00    0,00  100,00
20:48:25      17    0,00    0,00    0,00    0,00    0,00    0,00    0,00    0,00    0,00  100,00
20:48:25      18    0,00    0,00    0,00    0,00    0,00    0,00    0,00    0,00    0,00  100,00
20:48:25      19    0,00    0,00    0,00    0,00    0,00    0,00    0,00    0,00    0,00  100,00
20:48:25      20    0,00    0,00    0,00    0,00    0,00    0,00    0,00    0,00    0,00  100,00
20:48:25      21    0,00    0,00    0,00    0,00    0,00    0,00    0,00    0,00    0,00  100,00
20:48:25      22    0,00    0,00    0,00    0,00    0,00    0,00    0,00    0,00    0,00  100,00
20:48:25      23    0,00    0,00    0,00    0,00    0,00    0,00    0,00    0,00    0,00  100,00

20:48:25     CPU    %usr   %nice    %sys %iowait    %irq   %soft  %steal  %guest  %gnice   %idle
20:48:26     all    4,38    0,00    0,00    0,00    0,00    0,00    0,00    0,00    0,00   95,62
20:48:26       0    0,00    0,00    0,00    0,00    0,00    0,00    0,00    0,00    0,00  100,00
20:48:26       1    0,00    0,00    0,00    0,00    0,00    0,00    0,00    0,00    0,00  100,00
20:48:26       2    1,00    0,00    0,00    0,00    0,00    0,00    0,00    0,00    0,00   99,00
20:48:26       3    0,99    0,00    0,00    0,00    0,00    0,00    0,00    0,00    0,00   99,01
20:48:26       4    0,99    0,00    0,00    0,00    0,00    0,00    0,00    0,00    0,00   99,01
20:48:26       5    0,00    0,00    0,00    0,00    0,00    0,00    0,00    0,00    0,00  100,00
20:48:26       6    0,00    0,00    0,00    0,00    0,00    0,00    0,00    0,00    0,00  100,00
20:48:26       7    0,00    0,00    0,00    0,00    0,00    0,00    0,00    0,00    0,00  100,00
20:48:26       8  100,00    0,00    0,00    0,00    0,00    0,00    0,00    0,00    0,00    0,00
20:48:26       9    0,00    0,00    0,00    0,00    0,00    0,00    0,00    0,00    0,00  100,00
20:48:26      10    1,98    0,00    0,00    0,00    0,00    0,00    0,00    0,00    0,00   98,02
20:48:26      11    0,00    0,00    0,00    0,00    0,00    0,00    0,00    0,00    0,00  100,00
20:48:26      12    0,00    0,00    0,00    0,00    0,00    0,00    0,00    0,00    0,00  100,00
20:48:26      13    0,00    0,00    0,00    0,00    0,00    0,00    0,00    0,00    0,00  100,00
20:48:26      14    0,00    0,00    0,00    0,00    0,00    0,00    0,00    0,00    0,00  100,00
20:48:26      15    0,00    0,00    0,00    0,00    0,00    0,00    0,00    0,00    0,00  100,00
20:48:26      16    0,00    0,00    0,00    0,00    0,00    0,00    0,00    0,00    0,00  100,00
20:48:26      17    0,00    0,00    0,00    0,00    0,00    0,00    0,00    0,00    0,00  100,00
20:48:26      18    0,00    0,00    0,00    0,00    0,00    0,00    0,00    0,00    0,00  100,00
20:48:26      19    0,00    0,00    0,00    0,00    0,00    0,00    0,00    0,00    0,00  100,00
20:48:26      20    0,00    0,00    0,00    0,00    0,00    0,00    0,00    0,00    0,00  100,00
20:48:26      21    0,00    0,00    0,00    0,00    0,00    0,00    0,00    0,00    0,00  100,00
20:48:26      22    0,00    0,00    0,00    0,00    0,00    0,00    0,00    0,00    0,00  100,00
20:48:26      23    0,00    0,00    0,00    0,00    0,00    0,00    0,00    0,00    0,00  100,00

20:48:26     CPU    %usr   %nice    %sys %iowait    %irq   %soft  %steal  %guest  %gnice   %idle
20:48:27     all    5,32    0,00    0,37    0,00    0,00    0,00    0,00    0,00    0,00   94,30
20:48:27       0    2,02    0,00    0,00    0,00    0,00    0,00    0,00    0,00    0,00   97,98
20:48:27       1    0,99    0,00    0,00    0,00    0,00    0,00    0,00    0,00    0,00   99,01
20:48:27       2    0,99    0,00    0,99    0,00    0,00    0,00    0,00    0,00    0,00   98,02
20:48:27       3    0,00    0,00    0,00    0,00    0,00    0,00    0,00    0,00    0,00  100,00
20:48:27       4    3,92    0,00    1,96    0,00    0,00    0,00    0,00    0,00    0,00   94,12
20:48:27       5    0,00    0,00    0,00    0,00    0,00    0,00    0,00    0,00    0,00  100,00
20:48:27       6    1,00    0,00    0,00    0,00    0,00    0,00    0,00    0,00    0,00   99,00
20:48:27       7    0,00    0,00    0,00    0,00    0,00    0,00    0,00    0,00    0,00  100,00
20:48:27       8  100,00    0,00    0,00    0,00    0,00    0,00    0,00    0,00    0,00    0,00
20:48:27       9    0,99    0,00    0,00    0,00    0,00    0,00    0,00    0,00    0,00   99,01
20:48:27      10    7,07    0,00    0,00    0,00    0,00    0,00    0,00    0,00    0,00   92,93
20:48:27      11    0,98    0,00    0,98    0,00    0,00    0,00    0,00    0,00    0,00   98,04
20:48:27      12    0,99    0,00    0,00    0,00    0,00    0,00    0,00    0,00    0,00   99,01
20:48:27      13    0,00    0,00    0,00    0,00    0,00    0,00    0,00    0,00    0,00  100,00
20:48:27      14    1,01    0,00    0,00    0,00    0,00    0,00    0,00    0,00    0,00   98,99
20:48:27      15    0,00    0,00    0,00    0,00    0,00    0,00    0,00    0,00    0,00  100,00
20:48:27      16    0,99    0,00    0,99    0,00    0,00    0,00    0,00    0,00    0,00   98,02
20:48:27      17    0,00    0,00    1,00    0,00    0,00    0,00    0,00    0,00    0,00   99,00
20:48:27      18    1,00    0,00    0,00    0,00    0,00    0,00    0,00    0,00    0,00   99,00
20:48:27      19    0,00    0,00    0,00    0,00    0,00    0,00    0,00    0,00    0,00  100,00
20:48:27      20    3,00    0,00    2,00    0,00    0,00    0,00    0,00    0,00    0,00   95,00
20:48:27      21    1,00    0,00    0,00    0,00    0,00    0,00    0,00    0,00    0,00   99,00
20:48:27      22    2,00    0,00    0,00    0,00    0,00    0,00    0,00    0,00    0,00   98,00
20:48:27      23    0,00    0,00    0,99    0,00    0,00    0,00    0,00    0,00    0,00   99,01
