Linux 6.8.0-110-generic (testbed-node1) 	13/05/26 	_x86_64_	(24 CPU)

18:33:17     CPU    %usr   %nice    %sys %iowait    %irq   %soft  %steal  %guest  %gnice   %idle
18:33:18     all   54,27    0,00    0,08    0,00    0,00    0,00    0,00    0,00    0,00   45,64
18:33:18       0  100,00    0,00    0,00    0,00    0,00    0,00    0,00    0,00    0,00    0,00
18:33:18       1  100,00    0,00    0,00    0,00    0,00    0,00    0,00    0,00    0,00    0,00
18:33:18       2  100,00    0,00    0,00    0,00    0,00    0,00    0,00    0,00    0,00    0,00
18:33:18       3  100,00    0,00    0,00    0,00    0,00    0,00    0,00    0,00    0,00    0,00
18:33:18       4  100,00    0,00    0,00    0,00    0,00    0,00    0,00    0,00    0,00    0,00
18:33:18       5  100,00    0,00    0,00    0,00    0,00    0,00    0,00    0,00    0,00    0,00
18:33:18       6  100,00    0,00    0,00    0,00    0,00    0,00    0,00    0,00    0,00    0,00
18:33:18       7  100,00    0,00    0,00    0,00    0,00    0,00    0,00    0,00    0,00    0,00
18:33:18       8  100,00    0,00    0,00    0,00    0,00    0,00    0,00    0,00    0,00    0,00
18:33:18       9  100,00    0,00    0,00    0,00    0,00    0,00    0,00    0,00    0,00    0,00
18:33:18      10  100,00    0,00    0,00    0,00    0,00    0,00    0,00    0,00    0,00    0,00
18:33:18      11  100,00    0,00    0,00    0,00    0,00    0,00    0,00    0,00    0,00    0,00
18:33:18      12  100,00    0,00    0,00    0,00    0,00    0,00    0,00    0,00    0,00    0,00
18:33:18      13    0,00    0,00    0,00    0,00    0,00    0,00    0,00    0,00    0,00  100,00
18:33:18      14    0,00    0,00    0,00    0,00    0,00    0,00    0,00    0,00    0,00  100,00
18:33:18      15    0,00    0,00    0,00    0,00    0,00    0,00    0,00    0,00    0,00  100,00
18:33:18      16    0,00    0,00    0,00    0,00    0,00    0,00    0,00    0,00    0,00  100,00
18:33:18      17    1,01    0,00    0,00    0,00    0,00    0,00    0,00    0,00    0,00   98,99
18:33:18      18    0,00    0,00    0,00    0,00    0,00    0,00    0,00    0,00    0,00  100,00
18:33:18      19    0,00    0,00    0,99    0,00    0,00    0,00    0,00    0,00    0,00   99,01
18:33:18      20    0,99    0,00    0,99    0,00    0,00    0,00    0,00    0,00    0,00   98,02
18:33:18      21    0,00    0,00    0,00    0,00    0,00    0,00    0,00    0,00    0,00  100,00
18:33:18      22    0,00    0,00    0,00    0,00    0,00    0,00    0,00    0,00    0,00  100,00
18:33:18      23    0,00    0,00    0,00    0,00    0,00    0,00    0,00    0,00    0,00  100,00

18:33:18     CPU    %usr   %nice    %sys %iowait    %irq   %soft  %steal  %guest  %gnice   %idle
18:33:19     all   54,29    0,00    0,12    0,00    0,00    0,00    0,00    0,00    0,00   45,59
18:33:19       0  100,00    0,00    0,00    0,00    0,00    0,00    0,00    0,00    0,00    0,00
18:33:19       1  100,00    0,00    0,00    0,00    0,00    0,00    0,00    0,00    0,00    0,00
18:33:19       2  100,00    0,00    0,00    0,00    0,00    0,00    0,00    0,00    0,00    0,00
18:33:19       3  100,00    0,00    0,00    0,00    0,00    0,00    0,00    0,00    0,00    0,00
18:33:19       4  100,00    0,00    0,00    0,00    0,00    0,00    0,00    0,00    0,00    0,00
18:33:19       5  100,00    0,00    0,00    0,00    0,00    0,00    0,00    0,00    0,00    0,00
18:33:19       6  100,00    0,00    0,00    0,00    0,00    0,00    0,00    0,00    0,00    0,00
18:33:19       7  100,00    0,00    0,00    0,00    0,00    0,00    0,00    0,00    0,00    0,00
18:33:19       8  100,00    0,00    0,00    0,00    0,00    0,00    0,00    0,00    0,00    0,00
18:33:19       9  100,00    0,00    0,00    0,00    0,00    0,00    0,00    0,00    0,00    0,00
18:33:19      10  100,00    0,00    0,00    0,00    0,00    0,00    0,00    0,00    0,00    0,00
18:33:19      11  100,00    0,00    0,00    0,00    0,00    0,00    0,00    0,00    0,00    0,00
18:33:19      12  100,00    0,00    0,00    0,00    0,00    0,00    0,00    0,00    0,00    0,00
18:33:19      13    0,00    0,00    0,00    0,00    0,00    0,00    0,00    0,00    0,00  100,00
18:33:19      14    0,00    0,00    0,00    0,00    0,00    0,00    0,00    0,00    0,00  100,00
18:33:19      15    0,00    0,00    0,00    0,00    0,00    0,00    0,00    0,00    0,00  100,00
18:33:19      16    0,99    0,00    0,00    0,00    0,00    0,00    0,00    0,00    0,00   99,01
18:33:19      17    1,98    0,00    0,00    0,00    0,00    0,00    0,00    0,00    0,00   98,02
18:33:19      18    0,00    0,00    0,00    0,00    0,00    0,00    0,00    0,00    0,00  100,00
18:33:19      19    1,00    0,00    0,00    0,00    0,00    0,00    0,00    0,00    0,00   99,00
18:33:19      20    0,00    0,00    0,00    0,00    0,00    0,00    0,00    0,00    0,00  100,00
18:33:19      21    0,00    0,00    0,99    0,00    0,00    0,00    0,00    0,00    0,00   99,01
18:33:19      22    0,00    0,00    1,00    0,00    0,00    0,00    0,00    0,00    0,00   99,00
18:33:19      23    0,00    0,00    1,00    0,00    0,00    0,00    0,00    0,00    0,00   99,00

18:33:19     CPU    %usr   %nice    %sys %iowait    %irq   %soft  %steal  %guest  %gnice   %idle
18:33:20     all   56,18    0,00    0,50    0,08    0,00    0,00    0,00    0,00    0,00   43,24
18:33:20       0  100,00    0,00    0,00    0,00    0,00    0,00    0,00    0,00    0,00    0,00
18:33:20       1  100,00    0,00    0,00    0,00    0,00    0,00    0,00    0,00    0,00    0,00
18:33:20       2  100,00    0,00    0,00    0,00    0,00    0,00    0,00    0,00    0,00    0,00
18:33:20       3  100,00    0,00    0,00    0,00    0,00    0,00    0,00    0,00    0,00    0,00
18:33:20       4  100,00    0,00    0,00    0,00    0,00    0,00    0,00    0,00    0,00    0,00
18:33:20       5  100,00    0,00    0,00    0,00    0,00    0,00    0,00    0,00    0,00    0,00
18:33:20       6  100,00    0,00    0,00    0,00    0,00    0,00    0,00    0,00    0,00    0,00
18:33:20       7  100,00    0,00    0,00    0,00    0,00    0,00    0,00    0,00    0,00    0,00
18:33:20       8  100,00    0,00    0,00    0,00    0,00    0,00    0,00    0,00    0,00    0,00
18:33:20       9  100,00    0,00    0,00    0,00    0,00    0,00    0,00    0,00    0,00    0,00
18:33:20      10  100,00    0,00    0,00    0,00    0,00    0,00    0,00    0,00    0,00    0,00
18:33:20      11  100,00    0,00    0,00    0,00    0,00    0,00    0,00    0,00    0,00    0,00
18:33:20      12  100,00    0,00    0,00    0,00    0,00    0,00    0,00    0,00    0,00    0,00
18:33:20      13    0,00    0,00    0,00    0,00    0,00    0,00    0,00    0,00    0,00  100,00
18:33:20      14    6,00    0,00    1,00    0,00    0,00    0,00    0,00    0,00    0,00   93,00
18:33:20      15    6,00    0,00    0,00    0,00    0,00    0,00    0,00    0,00    0,00   94,00
18:33:20      16    7,00    0,00    1,00    0,00    0,00    0,00    0,00    0,00    0,00   92,00
18:33:20      17    8,08    0,00    5,05    0,00    0,00    0,00    0,00    0,00    0,00   86,87
18:33:20      18    6,06    0,00    0,00    0,00    0,00    0,00    0,00    0,00    0,00   93,94
18:33:20      19    9,09    0,00    2,02    0,00    0,00    0,00    0,00    0,00    0,00   88,89
18:33:20      20    0,00    0,00    2,00    0,00    0,00    0,00    0,00    0,00    0,00   98,00
18:33:20      21    1,01    0,00    0,00    2,02    0,00    0,00    0,00    0,00    0,00   96,97
18:33:20      22    1,00    0,00    0,00    0,00    0,00    0,00    0,00    0,00    0,00   99,00
18:33:20      23    1,00    0,00    1,00    0,00    0,00    0,00    0,00    0,00    0,00   98,00

18:33:20     CPU    %usr   %nice    %sys %iowait    %irq   %soft  %steal  %guest  %gnice   %idle
18:33:21     all   54,21    0,00    0,17    0,00    0,00    0,00    0,00    0,00    0,00   45,62
18:33:21       0  100,00    0,00    0,00    0,00    0,00    0,00    0,00    0,00    0,00    0,00
18:33:21       1  100,00    0,00    0,00    0,00    0,00    0,00    0,00    0,00    0,00    0,00
18:33:21       2  100,00    0,00    0,00    0,00    0,00    0,00    0,00    0,00    0,00    0,00
18:33:21       3  100,00    0,00    0,00    0,00    0,00    0,00    0,00    0,00    0,00    0,00
18:33:21       4  100,00    0,00    0,00    0,00    0,00    0,00    0,00    0,00    0,00    0,00
18:33:21       5  100,00    0,00    0,00    0,00    0,00    0,00    0,00    0,00    0,00    0,00
18:33:21       6  100,00    0,00    0,00    0,00    0,00    0,00    0,00    0,00    0,00    0,00
18:33:21       7  100,00    0,00    0,00    0,00    0,00    0,00    0,00    0,00    0,00    0,00
18:33:21       8  100,00    0,00    0,00    0,00    0,00    0,00    0,00    0,00    0,00    0,00
18:33:21       9  100,00    0,00    0,00    0,00    0,00    0,00    0,00    0,00    0,00    0,00
18:33:21      10  100,00    0,00    0,00    0,00    0,00    0,00    0,00    0,00    0,00    0,00
18:33:21      11  100,00    0,00    0,00    0,00    0,00    0,00    0,00    0,00    0,00    0,00
18:33:21      12  100,00    0,00    0,00    0,00    0,00    0,00    0,00    0,00    0,00    0,00
18:33:21      13    0,00    0,00    0,00    0,00    0,00    0,00    0,00    0,00    0,00  100,00
18:33:21      14    0,00    0,00    0,00    0,00    0,00    0,00    0,00    0,00    0,00  100,00
18:33:21      15    0,00    0,00    0,00    0,00    0,00    0,00    0,00    0,00    0,00  100,00
18:33:21      16    0,00    0,00    0,00    0,00    0,00    0,00    0,00    0,00    0,00  100,00
18:33:21      17    0,00    0,00    0,00    0,00    0,00    0,00    0,00    0,00    0,00  100,00
18:33:21      18    0,00    0,00    1,00    0,00    0,00    0,00    0,00    0,00    0,00   99,00
18:33:21      19    0,00    0,00    0,00    0,00    0,00    0,00    0,00    0,00    0,00  100,00
18:33:21      20    0,00    0,00    0,00    0,00    0,00    0,00    0,00    0,00    0,00  100,00
18:33:21      21    0,00    0,00    1,00    0,00    0,00    0,00    0,00    0,00    0,00   99,00
18:33:21      22    0,00    0,00    1,00    0,00    0,00    0,00    0,00    0,00    0,00   99,00
18:33:21      23    0,00    0,00    0,99    0,00    0,00    0,00    0,00    0,00    0,00   99,01

18:33:21     CPU    %usr   %nice    %sys %iowait    %irq   %soft  %steal  %guest  %gnice   %idle
18:33:22     all   54,27    0,00    0,08    0,00    0,00    0,00    0,00    0,00    0,00   45,64
18:33:22       0  100,00    0,00    0,00    0,00    0,00    0,00    0,00    0,00    0,00    0,00
18:33:22       1  100,00    0,00    0,00    0,00    0,00    0,00    0,00    0,00    0,00    0,00
18:33:22       2  100,00    0,00    0,00    0,00    0,00    0,00    0,00    0,00    0,00    0,00
18:33:22       3  100,00    0,00    0,00    0,00    0,00    0,00    0,00    0,00    0,00    0,00
18:33:22       4  100,00    0,00    0,00    0,00    0,00    0,00    0,00    0,00    0,00    0,00
18:33:22       5  100,00    0,00    0,00    0,00    0,00    0,00    0,00    0,00    0,00    0,00
18:33:22       6  100,00    0,00    0,00    0,00    0,00    0,00    0,00    0,00    0,00    0,00
18:33:22       7  100,00    0,00    0,00    0,00    0,00    0,00    0,00    0,00    0,00    0,00
18:33:22       8  100,00    0,00    0,00    0,00    0,00    0,00    0,00    0,00    0,00    0,00
18:33:22       9  100,00    0,00    0,00    0,00    0,00    0,00    0,00    0,00    0,00    0,00
18:33:22      10  100,00    0,00    0,00    0,00    0,00    0,00    0,00    0,00    0,00    0,00
18:33:22      11  100,00    0,00    0,00    0,00    0,00    0,00    0,00    0,00    0,00    0,00
18:33:22      12  100,00    0,00    0,00    0,00    0,00    0,00    0,00    0,00    0,00    0,00
18:33:22      13    0,00    0,00    0,00    0,00    0,00    0,00    0,00    0,00    0,00  100,00
18:33:22      14    0,00    0,00    0,00    0,00    0,00    0,00    0,00    0,00    0,00  100,00
18:33:22      15    0,00    0,00    0,00    0,00    0,00    0,00    0,00    0,00    0,00  100,00
18:33:22      16    1,00    0,00    1,00    0,00    0,00    0,00    0,00    0,00    0,00   98,00
18:33:22      17    0,00    0,00    0,00    0,00    0,00    0,00    0,00    0,00    0,00  100,00
18:33:22      18    1,00    0,00    0,00    0,00    0,00    0,00    0,00    0,00    0,00   99,00
18:33:22      19    0,00    0,00    0,99    0,00    0,00    0,00    0,00    0,00    0,00   99,01
18:33:22      20    0,00    0,00    0,00    0,00    0,00    0,00    0,00    0,00    0,00  100,00
18:33:22      21    0,00    0,00    0,00    0,00    0,00    0,00    0,00    0,00    0,00  100,00
18:33:22      22    0,00    0,00    0,00    0,00    0,00    0,00    0,00    0,00    0,00  100,00
18:33:22      23    0,00    0,00    0,00    0,00    0,00    0,00    0,00    0,00    0,00  100,00

18:33:22     CPU    %usr   %nice    %sys %iowait    %irq   %soft  %steal  %guest  %gnice   %idle
18:33:23     all   54,23    0,00    0,04    0,00    0,00    0,00    0,00    0,00    0,00   45,73
18:33:23       0  100,00    0,00    0,00    0,00    0,00    0,00    0,00    0,00    0,00    0,00
18:33:23       1  100,00    0,00    0,00    0,00    0,00    0,00    0,00    0,00    0,00    0,00
18:33:23       2  100,00    0,00    0,00    0,00    0,00    0,00    0,00    0,00    0,00    0,00
18:33:23       3  100,00    0,00    0,00    0,00    0,00    0,00    0,00    0,00    0,00    0,00
18:33:23       4  100,00    0,00    0,00    0,00    0,00    0,00    0,00    0,00    0,00    0,00
18:33:23       5  100,00    0,00    0,00    0,00    0,00    0,00    0,00    0,00    0,00    0,00
18:33:23       6  100,00    0,00    0,00    0,00    0,00    0,00    0,00    0,00    0,00    0,00
18:33:23       7  100,00    0,00    0,00    0,00    0,00    0,00    0,00    0,00    0,00    0,00
18:33:23       8  100,00    0,00    0,00    0,00    0,00    0,00    0,00    0,00    0,00    0,00
18:33:23       9  100,00    0,00    0,00    0,00    0,00    0,00    0,00    0,00    0,00    0,00
18:33:23      10  100,00    0,00    0,00    0,00    0,00    0,00    0,00    0,00    0,00    0,00
18:33:23      11  100,00    0,00    0,00    0,00    0,00    0,00    0,00    0,00    0,00    0,00
18:33:23      12  100,00    0,00    0,00    0,00    0,00    0,00    0,00    0,00    0,00    0,00
18:33:23      13    0,00    0,00    0,00    0,00    0,00    0,00    0,00    0,00    0,00  100,00
18:33:23      14    0,00    0,00    0,00    0,00    0,00    0,00    0,00    0,00    0,00  100,00
18:33:23      15    0,00    0,00    0,00    0,00    0,00    0,00    0,00    0,00    0,00  100,00
18:33:23      16    0,00    0,00    0,00    0,00    0,00    0,00    0,00    0,00    0,00  100,00
18:33:23      17    0,98    0,00    0,98    0,00    0,00    0,00    0,00    0,00    0,00   98,04
18:33:23      18    0,00    0,00    0,00    0,00    0,00    0,00    0,00    0,00    0,00  100,00
18:33:23      19    0,00    0,00    0,00    0,00    0,00    0,00    0,00    0,00    0,00  100,00
18:33:23      20    0,99    0,00    0,00    0,00    0,00    0,00    0,00    0,00    0,00   99,01
18:33:23      21    0,00    0,00    0,00    0,00    0,00    0,00    0,00    0,00    0,00  100,00
18:33:23      22    0,00    0,00    0,00    0,00    0,00    0,00    0,00    0,00    0,00  100,00
18:33:23      23    0,00    0,00    0,00    0,00    0,00    0,00    0,00    0,00    0,00  100,00

18:33:23     CPU    %usr   %nice    %sys %iowait    %irq   %soft  %steal  %guest  %gnice   %idle
18:33:24     all   56,00    0,00    0,46    0,00    0,00    0,00    0,00    0,00    0,00   43,54
18:33:24       0  100,00    0,00    0,00    0,00    0,00    0,00    0,00    0,00    0,00    0,00
18:33:24       1  100,00    0,00    0,00    0,00    0,00    0,00    0,00    0,00    0,00    0,00
18:33:24       2  100,00    0,00    0,00    0,00    0,00    0,00    0,00    0,00    0,00    0,00
18:33:24       3  100,00    0,00    0,00    0,00    0,00    0,00    0,00    0,00    0,00    0,00
18:33:24       4  100,00    0,00    0,00    0,00    0,00    0,00    0,00    0,00    0,00    0,00
18:33:24       5  100,00    0,00    0,00    0,00    0,00    0,00    0,00    0,00    0,00    0,00
18:33:24       6  100,00    0,00    0,00    0,00    0,00    0,00    0,00    0,00    0,00    0,00
18:33:24       7  100,00    0,00    0,00    0,00    0,00    0,00    0,00    0,00    0,00    0,00
18:33:24       8  100,00    0,00    0,00    0,00    0,00    0,00    0,00    0,00    0,00    0,00
18:33:24       9  100,00    0,00    0,00    0,00    0,00    0,00    0,00    0,00    0,00    0,00
18:33:24      10  100,00    0,00    0,00    0,00    0,00    0,00    0,00    0,00    0,00    0,00
18:33:24      11  100,00    0,00    0,00    0,00    0,00    0,00    0,00    0,00    0,00    0,00
18:33:24      12  100,00    0,00    0,00    0,00    0,00    0,00    0,00    0,00    0,00    0,00
18:33:24      13    0,00    0,00    0,00    0,00    0,00    0,00    0,00    0,00    0,00  100,00
18:33:24      14    3,03    0,00    2,02    0,00    0,00    0,00    0,00    0,00    0,00   94,95
18:33:24      15    5,05    0,00    0,00    0,00    0,00    0,00    0,00    0,00    0,00   94,95
18:33:24      16    9,09    0,00    2,02    0,00    0,00    0,00    0,00    0,00    0,00   88,89
18:33:24      17    6,06    0,00    0,00    0,00    0,00    0,00    0,00    0,00    0,00   93,94
18:33:24      18    7,00    0,00    1,00    0,00    0,00    0,00    0,00    0,00    0,00   92,00
18:33:24      19    8,00    0,00    1,00    0,00    0,00    0,00    0,00    0,00    0,00   91,00
18:33:24      20    0,00    0,00    0,00    0,00    0,00    0,00    0,00    0,00    0,00  100,00
18:33:24      21    1,01    0,00    3,03    0,00    0,00    0,00    0,00    0,00    0,00   95,96
18:33:24      22    0,00    0,00    2,02    0,00    0,00    0,00    0,00    0,00    0,00   97,98
18:33:24      23    1,00    0,00    0,00    0,00    0,00    0,00    0,00    0,00    0,00   99,00

18:33:24     CPU    %usr   %nice    %sys %iowait    %irq   %soft  %steal  %guest  %gnice   %idle
18:33:25     all   54,97    0,00    0,63    0,08    0,00    0,00    0,00    0,00    0,00   44,32
18:33:25       0  100,00    0,00    0,00    0,00    0,00    0,00    0,00    0,00    0,00    0,00
18:33:25       1  100,00    0,00    0,00    0,00    0,00    0,00    0,00    0,00    0,00    0,00
18:33:25       2  100,00    0,00    0,00    0,00    0,00    0,00    0,00    0,00    0,00    0,00
18:33:25       3  100,00    0,00    0,00    0,00    0,00    0,00    0,00    0,00    0,00    0,00
18:33:25       4  100,00    0,00    0,00    0,00    0,00    0,00    0,00    0,00    0,00    0,00
18:33:25       5  100,00    0,00    0,00    0,00    0,00    0,00    0,00    0,00    0,00    0,00
18:33:25       6  100,00    0,00    0,00    0,00    0,00    0,00    0,00    0,00    0,00    0,00
18:33:25       7  100,00    0,00    0,00    0,00    0,00    0,00    0,00    0,00    0,00    0,00
18:33:25       8  100,00    0,00    0,00    0,00    0,00    0,00    0,00    0,00    0,00    0,00
18:33:25       9  100,00    0,00    0,00    0,00    0,00    0,00    0,00    0,00    0,00    0,00
18:33:25      10  100,00    0,00    0,00    0,00    0,00    0,00    0,00    0,00    0,00    0,00
18:33:25      11  100,00    0,00    0,00    0,00    0,00    0,00    0,00    0,00    0,00    0,00
18:33:25      12  100,00    0,00    0,00    0,00    0,00    0,00    0,00    0,00    0,00    0,00
18:33:25      13    1,01    0,00    0,00    0,00    0,00    0,00    0,00    0,00    0,00   98,99
18:33:25      14   11,11    0,00    9,09    1,01    0,00    0,00    0,00    0,00    0,00   78,79
18:33:25      15    0,00    0,00    0,00    0,00    0,00    0,00    0,00    0,00    0,00  100,00
18:33:25      16    0,99    0,00    0,99    0,00    0,00    0,00    0,00    0,00    0,00   98,02
18:33:25      17    0,00    0,00    0,00    0,00    0,00    0,00    0,00    0,00    0,00  100,00
18:33:25      18    1,00    0,00    2,00    0,00    0,00    0,00    0,00    0,00    0,00   97,00
18:33:25      19    1,00    0,00    0,00    0,00    0,00    0,00    0,00    0,00    0,00   99,00
18:33:25      20    0,00    0,00    1,01    0,00    0,00    0,00    0,00    0,00    0,00   98,99
18:33:25      21    1,00    0,00    1,00    0,00    0,00    0,00    0,00    0,00    0,00   98,00
18:33:25      22    0,00    0,00    0,00    0,00    0,00    0,00    0,00    0,00    0,00  100,00
18:33:25      23    0,00    0,00    1,01    1,01    0,00    0,00    0,00    0,00    0,00   97,98

18:33:25     CPU    %usr   %nice    %sys %iowait    %irq   %soft  %steal  %guest  %gnice   %idle
18:33:26     all   54,81    0,00    0,71    0,00    0,00    0,00    0,00    0,00    0,00   44,48
18:33:26       0  100,00    0,00    0,00    0,00    0,00    0,00    0,00    0,00    0,00    0,00
18:33:26       1  100,00    0,00    0,00    0,00    0,00    0,00    0,00    0,00    0,00    0,00
18:33:26       2  100,00    0,00    0,00    0,00    0,00    0,00    0,00    0,00    0,00    0,00
18:33:26       3  100,00    0,00    0,00    0,00    0,00    0,00    0,00    0,00    0,00    0,00
18:33:26       4  100,00    0,00    0,00    0,00    0,00    0,00    0,00    0,00    0,00    0,00
18:33:26       5  100,00    0,00    0,00    0,00    0,00    0,00    0,00    0,00    0,00    0,00
18:33:26       6  100,00    0,00    0,00    0,00    0,00    0,00    0,00    0,00    0,00    0,00
18:33:26       7  100,00    0,00    0,00    0,00    0,00    0,00    0,00    0,00    0,00    0,00
18:33:26       8  100,00    0,00    0,00    0,00    0,00    0,00    0,00    0,00    0,00    0,00
18:33:26       9  100,00    0,00    0,00    0,00    0,00    0,00    0,00    0,00    0,00    0,00
18:33:26      10  100,00    0,00    0,00    0,00    0,00    0,00    0,00    0,00    0,00    0,00
18:33:26      11  100,00    0,00    0,00    0,00    0,00    0,00    0,00    0,00    0,00    0,00
18:33:26      12  100,00    0,00    0,00    0,00    0,00    0,00    0,00    0,00    0,00    0,00
18:33:26      13    0,00    0,00    0,00    0,00    0,00    0,00    0,00    0,00    0,00  100,00
18:33:26      14    3,00    0,00    1,00    0,00    0,00    0,00    0,00    0,00    0,00   96,00
18:33:26      15    0,00    0,00    0,99    0,00    0,00    0,00    0,00    0,00    0,00   99,01
18:33:26      16    2,00    0,00    2,00    0,00    0,00    0,00    0,00    0,00    0,00   96,00
18:33:26      17    2,97    0,00    2,97    0,00    0,00    0,00    0,00    0,00    0,00   94,06
18:33:26      18    2,00    0,00    2,00    0,00    0,00    0,00    0,00    0,00    0,00   96,00
18:33:26      19    2,00    0,00    3,00    0,00    0,00    0,00    0,00    0,00    0,00   95,00
18:33:26      20    1,00    0,00    2,00    0,00    0,00    0,00    0,00    0,00    0,00   97,00
18:33:26      21    0,00    0,00    1,01    0,00    0,00    0,00    0,00    0,00    0,00   98,99
18:33:26      22    1,00    0,00    1,00    0,00    0,00    0,00    0,00    0,00    0,00   98,00
18:33:26      23    1,01    0,00    1,01    0,00    0,00    0,00    0,00    0,00    0,00   97,98

18:33:26     CPU    %usr   %nice    %sys %iowait    %irq   %soft  %steal  %guest  %gnice   %idle
18:33:27     all   54,32    0,00    0,00    0,00    0,00    0,00    0,00    0,00    0,00   45,68
18:33:27       0  100,00    0,00    0,00    0,00    0,00    0,00    0,00    0,00    0,00    0,00
18:33:27       1  100,00    0,00    0,00    0,00    0,00    0,00    0,00    0,00    0,00    0,00
18:33:27       2  100,00    0,00    0,00    0,00    0,00    0,00    0,00    0,00    0,00    0,00
18:33:27       3  100,00    0,00    0,00    0,00    0,00    0,00    0,00    0,00    0,00    0,00
18:33:27       4  100,00    0,00    0,00    0,00    0,00    0,00    0,00    0,00    0,00    0,00
18:33:27       5  100,00    0,00    0,00    0,00    0,00    0,00    0,00    0,00    0,00    0,00
18:33:27       6  100,00    0,00    0,00    0,00    0,00    0,00    0,00    0,00    0,00    0,00
18:33:27       7  100,00    0,00    0,00    0,00    0,00    0,00    0,00    0,00    0,00    0,00
18:33:27       8  100,00    0,00    0,00    0,00    0,00    0,00    0,00    0,00    0,00    0,00
18:33:27       9  100,00    0,00    0,00    0,00    0,00    0,00    0,00    0,00    0,00    0,00
18:33:27      10  100,00    0,00    0,00    0,00    0,00    0,00    0,00    0,00    0,00    0,00
18:33:27      11  100,00    0,00    0,00    0,00    0,00    0,00    0,00    0,00    0,00    0,00
18:33:27      12  100,00    0,00    0,00    0,00    0,00    0,00    0,00    0,00    0,00    0,00
18:33:27      13    0,00    0,00    0,00    0,00    0,00    0,00    0,00    0,00    0,00  100,00
18:33:27      14    0,00    0,00    0,00    0,00    0,00    0,00    0,00    0,00    0,00  100,00
18:33:27      15    0,00    0,00    0,00    0,00    0,00    0,00    0,00    0,00    0,00  100,00
18:33:27      16    0,00    0,00    0,00    0,00    0,00    0,00    0,00    0,00    0,00  100,00
18:33:27      17    0,00    0,00    0,00    0,00    0,00    0,00    0,00    0,00    0,00  100,00
18:33:27      18    0,00    0,00    0,00    0,00    0,00    0,00    0,00    0,00    0,00  100,00
18:33:27      19    0,00    0,00    0,00    0,00    0,00    0,00    0,00    0,00    0,00  100,00
18:33:27      20    1,00    0,00    0,00    0,00    0,00    0,00    0,00    0,00    0,00   99,00
18:33:27      21    1,00    0,00    0,00    0,00    0,00    0,00    0,00    0,00    0,00   99,00
18:33:27      22    0,00    0,00    0,00    0,00    0,00    0,00    0,00    0,00    0,00  100,00
18:33:27      23    0,00    0,00    0,00    0,00    0,00    0,00    0,00    0,00    0,00  100,00

18:33:27     CPU    %usr   %nice    %sys %iowait    %irq   %soft  %steal  %guest  %gnice   %idle
18:33:28     all   56,92    0,00    0,54    0,00    0,00    0,00    0,00    0,00    0,00   42,54
18:33:28       0  100,00    0,00    0,00    0,00    0,00    0,00    0,00    0,00    0,00    0,00
18:33:28       1  100,00    0,00    0,00    0,00    0,00    0,00    0,00    0,00    0,00    0,00
18:33:28       2  100,00    0,00    0,00    0,00    0,00    0,00    0,00    0,00    0,00    0,00
18:33:28       3  100,00    0,00    0,00    0,00    0,00    0,00    0,00    0,00    0,00    0,00
18:33:28       4  100,00    0,00    0,00    0,00    0,00    0,00    0,00    0,00    0,00    0,00
18:33:28       5  100,00    0,00    0,00    0,00    0,00    0,00    0,00    0,00    0,00    0,00
18:33:28       6  100,00    0,00    0,00    0,00    0,00    0,00    0,00    0,00    0,00    0,00
18:33:28       7  100,00    0,00    0,00    0,00    0,00    0,00    0,00    0,00    0,00    0,00
18:33:28       8  100,00    0,00    0,00    0,00    0,00    0,00    0,00    0,00    0,00    0,00
18:33:28       9  100,00    0,00    0,00    0,00    0,00    0,00    0,00    0,00    0,00    0,00
18:33:28      10  100,00    0,00    0,00    0,00    0,00    0,00    0,00    0,00    0,00    0,00
18:33:28      11  100,00    0,00    0,00    0,00    0,00    0,00    0,00    0,00    0,00    0,00
18:33:28      12  100,00    0,00    0,00    0,00    0,00    0,00    0,00    0,00    0,00    0,00
18:33:28      13    0,00    0,00    0,00    0,00    0,00    0,00    0,00    0,00    0,00  100,00
18:33:28      14   10,89    0,00    1,98    0,00    0,00    0,00    0,00    0,00    0,00   87,13
18:33:28      15   10,10    0,00    0,00    0,00    0,00    0,00    0,00    0,00    0,00   89,90
18:33:28      16   12,00    0,00    1,00    0,00    0,00    0,00    0,00    0,00    0,00   87,00
18:33:28      17    7,00    0,00    1,00    0,00    0,00    0,00    0,00    0,00    0,00   92,00
18:33:28      18   12,00    0,00    0,00    0,00    0,00    0,00    0,00    0,00    0,00   88,00
18:33:28      19    7,92    0,00    0,99    0,00    0,00    0,00    0,00    0,00    0,00   91,09
18:33:28      20    2,02    0,00    0,00    0,00    0,00    0,00    0,00    0,00    0,00   97,98
18:33:28      21    1,01    0,00    2,02    0,00    0,00    0,00    0,00    0,00    0,00   96,97
18:33:28      22    1,00    0,00    2,00    0,00    0,00    0,00    0,00    0,00    0,00   97,00
18:33:28      23    1,00    0,00    4,00    0,00    0,00    0,00    0,00    0,00    0,00   95,00

18:33:28     CPU    %usr   %nice    %sys %iowait    %irq   %soft  %steal  %guest  %gnice   %idle
18:33:29     all   54,19    0,00    0,04    0,00    0,00    0,00    0,00    0,00    0,00   45,77
18:33:29       0  100,00    0,00    0,00    0,00    0,00    0,00    0,00    0,00    0,00    0,00
18:33:29       1  100,00    0,00    0,00    0,00    0,00    0,00    0,00    0,00    0,00    0,00
18:33:29       2  100,00    0,00    0,00    0,00    0,00    0,00    0,00    0,00    0,00    0,00
18:33:29       3  100,00    0,00    0,00    0,00    0,00    0,00    0,00    0,00    0,00    0,00
18:33:29       4  100,00    0,00    0,00    0,00    0,00    0,00    0,00    0,00    0,00    0,00
18:33:29       5  100,00    0,00    0,00    0,00    0,00    0,00    0,00    0,00    0,00    0,00
18:33:29       6  100,00    0,00    0,00    0,00    0,00    0,00    0,00    0,00    0,00    0,00
18:33:29       7  100,00    0,00    0,00    0,00    0,00    0,00    0,00    0,00    0,00    0,00
18:33:29       8  100,00    0,00    0,00    0,00    0,00    0,00    0,00    0,00    0,00    0,00
18:33:29       9  100,00    0,00    0,00    0,00    0,00    0,00    0,00    0,00    0,00    0,00
18:33:29      10  100,00    0,00    0,00    0,00    0,00    0,00    0,00    0,00    0,00    0,00
18:33:29      11  100,00    0,00    0,00    0,00    0,00    0,00    0,00    0,00    0,00    0,00
18:33:29      12  100,00    0,00    0,00    0,00    0,00    0,00    0,00    0,00    0,00    0,00
18:33:29      13    0,00    0,00    0,00    0,00    0,00    0,00    0,00    0,00    0,00  100,00
18:33:29      14    0,00    0,00    0,00    0,00    0,00    0,00    0,00    0,00    0,00  100,00
18:33:29      15    0,00    0,00    0,00    0,00    0,00    0,00    0,00    0,00    0,00  100,00
18:33:29      16    0,00    0,00    0,00    0,00    0,00    0,00    0,00    0,00    0,00  100,00
18:33:29      17    0,00    0,00    0,00    0,00    0,00    0,00    0,00    0,00    0,00  100,00
18:33:29      18    0,00    0,00    0,00    0,00    0,00    0,00    0,00    0,00    0,00  100,00
18:33:29      19    0,00    0,00    0,00    0,00    0,00    0,00    0,00    0,00    0,00  100,00
18:33:29      20    0,00    0,00    0,99    0,00    0,00    0,00    0,00    0,00    0,00   99,01
18:33:29      21    0,00    0,00    0,00    0,00    0,00    0,00    0,00    0,00    0,00  100,00
18:33:29      22    0,00    0,00    0,00    0,00    0,00    0,00    0,00    0,00    0,00  100,00
18:33:29      23    0,00    0,00    0,00    0,00    0,00    0,00    0,00    0,00    0,00  100,00

18:33:29     CPU    %usr   %nice    %sys %iowait    %irq   %soft  %steal  %guest  %gnice   %idle
18:33:30     all   54,28    0,00    0,13    0,08    0,00    0,00    0,00    0,00    0,00   45,52
18:33:30       0  100,00    0,00    0,00    0,00    0,00    0,00    0,00    0,00    0,00    0,00
18:33:30       1  100,00    0,00    0,00    0,00    0,00    0,00    0,00    0,00    0,00    0,00
18:33:30       2  100,00    0,00    0,00    0,00    0,00    0,00    0,00    0,00    0,00    0,00
18:33:30       3  100,00    0,00    0,00    0,00    0,00    0,00    0,00    0,00    0,00    0,00
18:33:30       4  100,00    0,00    0,00    0,00    0,00    0,00    0,00    0,00    0,00    0,00
18:33:30       5  100,00    0,00    0,00    0,00    0,00    0,00    0,00    0,00    0,00    0,00
18:33:30       6  100,00    0,00    0,00    0,00    0,00    0,00    0,00    0,00    0,00    0,00
18:33:30       7  100,00    0,00    0,00    0,00    0,00    0,00    0,00    0,00    0,00    0,00
18:33:30       8  100,00    0,00    0,00    0,00    0,00    0,00    0,00    0,00    0,00    0,00
18:33:30       9  100,00    0,00    0,00    0,00    0,00    0,00    0,00    0,00    0,00    0,00
18:33:30      10  100,00    0,00    0,00    0,00    0,00    0,00    0,00    0,00    0,00    0,00
18:33:30      11  100,00    0,00    0,00    0,00    0,00    0,00    0,00    0,00    0,00    0,00
18:33:30      12  100,00    0,00    0,00    0,00    0,00    0,00    0,00    0,00    0,00    0,00
18:33:30      13    0,00    0,00    0,00    0,00    0,00    0,00    0,00    0,00    0,00  100,00
18:33:30      14    0,00    0,00    0,00    0,00    0,00    0,00    0,00    0,00    0,00  100,00
18:33:30      15    0,00    0,00    0,00    0,00    0,00    0,00    0,00    0,00    0,00  100,00
18:33:30      16    0,00    0,00    1,00    0,00    0,00    0,00    0,00    0,00    0,00   99,00
18:33:30      17    1,00    0,00    0,00    0,00    0,00    0,00    0,00    0,00    0,00   99,00
18:33:30      18    0,00    0,00    0,00    0,00    0,00    0,00    0,00    0,00    0,00  100,00
18:33:30      19    0,00    0,00    0,00    0,00    0,00    0,00    0,00    0,00    0,00  100,00
18:33:30      20    0,00    0,00    0,00    0,00    0,00    0,00    0,00    0,00    0,00  100,00
18:33:30      21    0,00    0,00    1,00    0,00    0,00    0,00    0,00    0,00    0,00   99,00
18:33:30      22    0,00    0,00    1,00    0,00    0,00    0,00    0,00    0,00    0,00   99,00
18:33:30      23    0,00    0,00    0,00    2,00    0,00    0,00    0,00    0,00    0,00   98,00
