Linux 6.8.0-111-generic (testbed-node5) 	12/05/26 	_x86_64_	(24 CPU)

19:45:49     CPU    %usr   %nice    %sys %iowait    %irq   %soft  %steal  %guest  %gnice   %idle
19:45:50     all   29,21    0,00    0,00    0,00    0,00    0,00    0,00    0,00    0,00   70,79
19:45:50       0  100,00    0,00    0,00    0,00    0,00    0,00    0,00    0,00    0,00    0,00
19:45:50       1  100,00    0,00    0,00    0,00    0,00    0,00    0,00    0,00    0,00    0,00
19:45:50       2  100,00    0,00    0,00    0,00    0,00    0,00    0,00    0,00    0,00    0,00
19:45:50       3  100,00    0,00    0,00    0,00    0,00    0,00    0,00    0,00    0,00    0,00
19:45:50       4  100,00    0,00    0,00    0,00    0,00    0,00    0,00    0,00    0,00    0,00
19:45:50       5  100,00    0,00    0,00    0,00    0,00    0,00    0,00    0,00    0,00    0,00
19:45:50       6  100,00    0,00    0,00    0,00    0,00    0,00    0,00    0,00    0,00    0,00
19:45:50       7    0,00    0,00    0,00    0,00    0,00    0,00    0,00    0,00    0,00  100,00
19:45:50       8    0,00    0,00    0,00    0,00    0,00    0,00    0,00    0,00    0,00  100,00
19:45:50       9    0,00    0,00    0,00    0,00    0,00    0,00    0,00    0,00    0,00  100,00
19:45:50      10    0,99    0,00    0,00    0,00    0,00    0,00    0,00    0,00    0,00   99,01
19:45:50      11    0,00    0,00    0,00    0,00    0,00    0,00    0,00    0,00    0,00  100,00
19:45:50      12    0,00    0,00    0,00    0,00    0,00    0,00    0,00    0,00    0,00  100,00
19:45:50      13    0,00    0,00    0,00    0,00    0,00    0,00    0,00    0,00    0,00  100,00
19:45:50      14    0,00    0,00    0,00    0,00    0,00    0,00    0,00    0,00    0,00  100,00
19:45:50      15    0,00    0,00    0,00    0,00    0,00    0,00    0,00    0,00    0,00  100,00
19:45:50      16    0,00    0,00    0,00    0,00    0,00    0,00    0,00    0,00    0,00  100,00
19:45:50      17    0,00    0,00    0,00    0,00    0,00    0,00    0,00    0,00    0,00  100,00
19:45:50      18    0,00    0,00    0,00    0,00    0,00    0,00    0,00    0,00    0,00  100,00
19:45:50      19    0,00    0,00    0,00    0,00    0,00    0,00    0,00    0,00    0,00  100,00
19:45:50      20    0,00    0,00    0,00    0,00    0,00    0,00    0,00    0,00    0,00  100,00
19:45:50      21    0,00    0,00    0,00    0,00    0,00    0,00    0,00    0,00    0,00  100,00
19:45:50      22    0,00    0,00    0,00    0,00    0,00    0,00    0,00    0,00    0,00  100,00
19:45:50      23    0,00    0,00    0,00    0,00    0,00    0,00    0,00    0,00    0,00  100,00

19:45:50     CPU    %usr   %nice    %sys %iowait    %irq   %soft  %steal  %guest  %gnice   %idle
19:45:51     all   29,23    0,00    0,00    0,04    0,00    0,00    0,00    0,00    0,00   70,73
19:45:51       0  100,00    0,00    0,00    0,00    0,00    0,00    0,00    0,00    0,00    0,00
19:45:51       1  100,00    0,00    0,00    0,00    0,00    0,00    0,00    0,00    0,00    0,00
19:45:51       2  100,00    0,00    0,00    0,00    0,00    0,00    0,00    0,00    0,00    0,00
19:45:51       3  100,00    0,00    0,00    0,00    0,00    0,00    0,00    0,00    0,00    0,00
19:45:51       4  100,00    0,00    0,00    0,00    0,00    0,00    0,00    0,00    0,00    0,00
19:45:51       5  100,00    0,00    0,00    0,00    0,00    0,00    0,00    0,00    0,00    0,00
19:45:51       6  100,00    0,00    0,00    0,00    0,00    0,00    0,00    0,00    0,00    0,00
19:45:51       7    0,00    0,00    0,00    0,00    0,00    0,00    0,00    0,00    0,00  100,00
19:45:51       8    0,00    0,00    0,00    0,00    0,00    0,00    0,00    0,00    0,00  100,00
19:45:51       9    0,00    0,00    0,00    0,00    0,00    0,00    0,00    0,00    0,00  100,00
19:45:51      10    0,00    0,00    0,00    1,01    0,00    0,00    0,00    0,00    0,00   98,99
19:45:51      11    0,00    0,00    0,00    0,00    0,00    0,00    0,00    0,00    0,00  100,00
19:45:51      12    0,00    0,00    0,00    0,00    0,00    0,00    0,00    0,00    0,00  100,00
19:45:51      13    0,00    0,00    0,00    0,00    0,00    0,00    0,00    0,00    0,00  100,00
19:45:51      14    0,00    0,00    0,00    0,00    0,00    0,00    0,00    0,00    0,00  100,00
19:45:51      15    0,00    0,00    0,00    0,00    0,00    0,00    0,00    0,00    0,00  100,00
19:45:51      16    0,00    0,00    0,00    0,00    0,00    0,00    0,00    0,00    0,00  100,00
19:45:51      17    1,00    0,00    0,00    0,00    0,00    0,00    0,00    0,00    0,00   99,00
19:45:51      18    0,00    0,00    0,00    0,00    0,00    0,00    0,00    0,00    0,00  100,00
19:45:51      19    0,00    0,00    0,00    0,00    0,00    0,00    0,00    0,00    0,00  100,00
19:45:51      20    0,00    0,00    0,00    0,00    0,00    0,00    0,00    0,00    0,00  100,00
19:45:51      21    0,00    0,00    0,00    0,00    0,00    0,00    0,00    0,00    0,00  100,00
19:45:51      22    0,00    0,00    0,00    0,00    0,00    0,00    0,00    0,00    0,00  100,00
19:45:51      23    0,00    0,00    0,00    0,00    0,00    0,00    0,00    0,00    0,00  100,00

19:45:51     CPU    %usr   %nice    %sys %iowait    %irq   %soft  %steal  %guest  %gnice   %idle
19:45:52     all   29,53    0,00    0,25    0,04    0,00    0,00    0,00    0,00    0,00   70,17
19:45:52       0  100,00    0,00    0,00    0,00    0,00    0,00    0,00    0,00    0,00    0,00
19:45:52       1  100,00    0,00    0,00    0,00    0,00    0,00    0,00    0,00    0,00    0,00
19:45:52       2  100,00    0,00    0,00    0,00    0,00    0,00    0,00    0,00    0,00    0,00
19:45:52       3  100,00    0,00    0,00    0,00    0,00    0,00    0,00    0,00    0,00    0,00
19:45:52       4  100,00    0,00    0,00    0,00    0,00    0,00    0,00    0,00    0,00    0,00
19:45:52       5  100,00    0,00    0,00    0,00    0,00    0,00    0,00    0,00    0,00    0,00
19:45:52       6  100,00    0,00    0,00    0,00    0,00    0,00    0,00    0,00    0,00    0,00
19:45:52       7    0,00    0,00    0,00    0,00    0,00    0,00    0,00    0,00    0,00  100,00
19:45:52       8    3,92    0,00    0,98    0,00    0,00    0,00    0,00    0,00    0,00   95,10
19:45:52       9    0,00    0,00    0,00    0,00    0,00    0,00    0,00    0,00    0,00  100,00
19:45:52      10    0,00    0,00    0,00    1,00    0,00    0,00    0,00    0,00    0,00   99,00
19:45:52      11    0,00    0,00    0,00    0,00    0,00    0,00    0,00    0,00    0,00  100,00
19:45:52      12    0,00    0,00    0,00    0,00    0,00    0,00    0,00    0,00    0,00  100,00
19:45:52      13    0,00    0,00    0,00    0,00    0,00    0,00    0,00    0,00    0,00  100,00
19:45:52      14    0,00    0,00    0,00    0,00    0,00    0,00    0,00    0,00    0,00  100,00
19:45:52      15    0,00    0,00    0,00    0,00    0,00    0,00    0,00    0,00    0,00  100,00
19:45:52      16    0,99    0,00    0,99    0,00    0,00    0,00    0,00    0,00    0,00   98,02
19:45:52      17    0,00    0,00    1,00    0,00    0,00    0,00    0,00    0,00    0,00   99,00
19:45:52      18    0,99    0,00    0,99    0,00    0,00    0,00    0,00    0,00    0,00   98,02
19:45:52      19    0,00    0,00    0,00    0,00    0,00    0,00    0,00    0,00    0,00  100,00
19:45:52      20    0,00    0,00    0,00    0,00    0,00    0,00    0,00    0,00    0,00  100,00
19:45:52      21    0,00    0,00    0,99    0,00    0,00    0,00    0,00    0,00    0,00   99,01
19:45:52      22    0,00    0,00    0,00    0,00    0,00    0,00    0,00    0,00    0,00  100,00
19:45:52      23    4,04    0,00    1,01    0,00    0,00    0,00    0,00    0,00    0,00   94,95

19:45:52     CPU    %usr   %nice    %sys %iowait    %irq   %soft  %steal  %guest  %gnice   %idle
19:45:53     all   29,17    0,00    0,00    0,00    0,00    0,00    0,00    0,00    0,00   70,83
19:45:53       0  100,00    0,00    0,00    0,00    0,00    0,00    0,00    0,00    0,00    0,00
19:45:53       1  100,00    0,00    0,00    0,00    0,00    0,00    0,00    0,00    0,00    0,00
19:45:53       2  100,00    0,00    0,00    0,00    0,00    0,00    0,00    0,00    0,00    0,00
19:45:53       3  100,00    0,00    0,00    0,00    0,00    0,00    0,00    0,00    0,00    0,00
19:45:53       4  100,00    0,00    0,00    0,00    0,00    0,00    0,00    0,00    0,00    0,00
19:45:53       5  100,00    0,00    0,00    0,00    0,00    0,00    0,00    0,00    0,00    0,00
19:45:53       6  100,00    0,00    0,00    0,00    0,00    0,00    0,00    0,00    0,00    0,00
19:45:53       7    0,00    0,00    0,00    0,00    0,00    0,00    0,00    0,00    0,00  100,00
19:45:53       8    0,00    0,00    0,00    0,00    0,00    0,00    0,00    0,00    0,00  100,00
19:45:53       9    0,00    0,00    0,00    0,00    0,00    0,00    0,00    0,00    0,00  100,00
19:45:53      10    0,00    0,00    0,00    0,00    0,00    0,00    0,00    0,00    0,00  100,00
19:45:53      11    0,00    0,00    0,00    0,00    0,00    0,00    0,00    0,00    0,00  100,00
19:45:53      12    0,00    0,00    0,00    0,00    0,00    0,00    0,00    0,00    0,00  100,00
19:45:53      13    0,00    0,00    0,00    0,00    0,00    0,00    0,00    0,00    0,00  100,00
19:45:53      14    0,00    0,00    0,00    0,00    0,00    0,00    0,00    0,00    0,00  100,00
19:45:53      15    0,00    0,00    0,00    0,00    0,00    0,00    0,00    0,00    0,00  100,00
19:45:53      16    0,00    0,00    0,00    0,00    0,00    0,00    0,00    0,00    0,00  100,00
19:45:53      17    0,00    0,00    0,00    0,00    0,00    0,00    0,00    0,00    0,00  100,00
19:45:53      18    0,00    0,00    0,00    0,00    0,00    0,00    0,00    0,00    0,00  100,00
19:45:53      19    0,00    0,00    0,00    0,00    0,00    0,00    0,00    0,00    0,00  100,00
19:45:53      20    0,00    0,00    0,00    0,00    0,00    0,00    0,00    0,00    0,00  100,00
19:45:53      21    0,00    0,00    0,00    0,00    0,00    0,00    0,00    0,00    0,00  100,00
19:45:53      22    0,00    0,00    0,00    0,00    0,00    0,00    0,00    0,00    0,00  100,00
19:45:53      23    0,00    0,00    0,00    0,00    0,00    0,00    0,00    0,00    0,00  100,00

19:45:53     CPU    %usr   %nice    %sys %iowait    %irq   %soft  %steal  %guest  %gnice   %idle
19:45:54     all   29,17    0,00    0,00    0,00    0,00    0,00    0,00    0,00    0,00   70,83
19:45:54       0  100,00    0,00    0,00    0,00    0,00    0,00    0,00    0,00    0,00    0,00
19:45:54       1  100,00    0,00    0,00    0,00    0,00    0,00    0,00    0,00    0,00    0,00
19:45:54       2  100,00    0,00    0,00    0,00    0,00    0,00    0,00    0,00    0,00    0,00
19:45:54       3  100,00    0,00    0,00    0,00    0,00    0,00    0,00    0,00    0,00    0,00
19:45:54       4  100,00    0,00    0,00    0,00    0,00    0,00    0,00    0,00    0,00    0,00
19:45:54       5  100,00    0,00    0,00    0,00    0,00    0,00    0,00    0,00    0,00    0,00
19:45:54       6  100,00    0,00    0,00    0,00    0,00    0,00    0,00    0,00    0,00    0,00
19:45:54       7    0,00    0,00    0,00    0,00    0,00    0,00    0,00    0,00    0,00  100,00
19:45:54       8    0,00    0,00    0,00    0,00    0,00    0,00    0,00    0,00    0,00  100,00
19:45:54       9    0,00    0,00    0,00    0,00    0,00    0,00    0,00    0,00    0,00  100,00
19:45:54      10    0,00    0,00    0,00    0,00    0,00    0,00    0,00    0,00    0,00  100,00
19:45:54      11    0,00    0,00    0,00    0,00    0,00    0,00    0,00    0,00    0,00  100,00
19:45:54      12    0,00    0,00    0,00    0,00    0,00    0,00    0,00    0,00    0,00  100,00
19:45:54      13    0,00    0,00    0,00    0,00    0,00    0,00    0,00    0,00    0,00  100,00
19:45:54      14    0,00    0,00    0,00    0,00    0,00    0,00    0,00    0,00    0,00  100,00
19:45:54      15    0,00    0,00    0,00    0,00    0,00    0,00    0,00    0,00    0,00  100,00
19:45:54      16    0,00    0,00    0,00    0,00    0,00    0,00    0,00    0,00    0,00  100,00
19:45:54      17    0,00    0,00    0,00    0,00    0,00    0,00    0,00    0,00    0,00  100,00
19:45:54      18    0,00    0,00    0,00    0,00    0,00    0,00    0,00    0,00    0,00  100,00
19:45:54      19    0,00    0,00    0,00    0,00    0,00    0,00    0,00    0,00    0,00  100,00
19:45:54      20    0,00    0,00    0,00    0,00    0,00    0,00    0,00    0,00    0,00  100,00
19:45:54      21    0,00    0,00    0,00    0,00    0,00    0,00    0,00    0,00    0,00  100,00
19:45:54      22    0,00    0,00    0,00    0,00    0,00    0,00    0,00    0,00    0,00  100,00
19:45:54      23    0,00    0,00    0,00    0,00    0,00    0,00    0,00    0,00    0,00  100,00

19:45:54     CPU    %usr   %nice    %sys %iowait    %irq   %soft  %steal  %guest  %gnice   %idle
19:45:55     all   29,15    0,00    0,04    0,00    0,00    0,00    0,00    0,00    0,00   70,80
19:45:55       0   99,01    0,00    0,99    0,00    0,00    0,00    0,00    0,00    0,00    0,00
19:45:55       1  100,00    0,00    0,00    0,00    0,00    0,00    0,00    0,00    0,00    0,00
19:45:55       2  100,00    0,00    0,00    0,00    0,00    0,00    0,00    0,00    0,00    0,00
19:45:55       3  100,00    0,00    0,00    0,00    0,00    0,00    0,00    0,00    0,00    0,00
19:45:55       4  100,00    0,00    0,00    0,00    0,00    0,00    0,00    0,00    0,00    0,00
19:45:55       5  100,00    0,00    0,00    0,00    0,00    0,00    0,00    0,00    0,00    0,00
19:45:55       6  100,00    0,00    0,00    0,00    0,00    0,00    0,00    0,00    0,00    0,00
19:45:55       7    0,00    0,00    0,00    0,00    0,00    0,00    0,00    0,00    0,00  100,00
19:45:55       8    0,00    0,00    0,00    0,00    0,00    0,00    0,00    0,00    0,00  100,00
19:45:55       9    0,00    0,00    0,00    0,00    0,00    0,00    0,00    0,00    0,00  100,00
19:45:55      10    0,00    0,00    0,00    0,00    0,00    0,00    0,00    0,00    0,00  100,00
19:45:55      11    0,00    0,00    0,00    0,00    0,00    0,00    0,00    0,00    0,00  100,00
19:45:55      12    0,00    0,00    0,00    0,00    0,00    0,00    0,00    0,00    0,00  100,00
19:45:55      13    0,00    0,00    0,00    0,00    0,00    0,00    0,00    0,00    0,00  100,00
19:45:55      14    0,00    0,00    0,00    0,00    0,00    0,00    0,00    0,00    0,00  100,00
19:45:55      15    0,00    0,00    0,00    0,00    0,00    0,00    0,00    0,00    0,00  100,00
19:45:55      16    0,00    0,00    0,00    0,00    0,00    0,00    0,00    0,00    0,00  100,00
19:45:55      17    0,00    0,00    0,00    0,00    0,00    0,00    0,00    0,00    0,00  100,00
19:45:55      18    0,00    0,00    0,00    0,00    0,00    0,00    0,00    0,00    0,00  100,00
19:45:55      19    0,00    0,00    0,00    0,00    0,00    0,00    0,00    0,00    0,00  100,00
19:45:55      20    0,00    0,00    0,00    0,00    0,00    0,00    0,00    0,00    0,00  100,00
19:45:55      21    0,00    0,00    0,00    0,00    0,00    0,00    0,00    0,00    0,00  100,00
19:45:55      22    0,00    0,00    0,00    0,00    0,00    0,00    0,00    0,00    0,00  100,00
19:45:55      23    0,00    0,00    0,00    0,00    0,00    0,00    0,00    0,00    0,00  100,00

19:45:55     CPU    %usr   %nice    %sys %iowait    %irq   %soft  %steal  %guest  %gnice   %idle
19:45:56     all   29,18    0,00    0,00    0,00    0,00    0,00    0,00    0,00    0,00   70,82
19:45:56       0  100,00    0,00    0,00    0,00    0,00    0,00    0,00    0,00    0,00    0,00
19:45:56       1  100,00    0,00    0,00    0,00    0,00    0,00    0,00    0,00    0,00    0,00
19:45:56       2  100,00    0,00    0,00    0,00    0,00    0,00    0,00    0,00    0,00    0,00
19:45:56       3  100,00    0,00    0,00    0,00    0,00    0,00    0,00    0,00    0,00    0,00
19:45:56       4  100,00    0,00    0,00    0,00    0,00    0,00    0,00    0,00    0,00    0,00
19:45:56       5  100,00    0,00    0,00    0,00    0,00    0,00    0,00    0,00    0,00    0,00
19:45:56       6  100,00    0,00    0,00    0,00    0,00    0,00    0,00    0,00    0,00    0,00
19:45:56       7    0,00    0,00    0,00    0,00    0,00    0,00    0,00    0,00    0,00  100,00
19:45:56       8    0,00    0,00    0,00    0,00    0,00    0,00    0,00    0,00    0,00  100,00
19:45:56       9    0,00    0,00    0,00    0,00    0,00    0,00    0,00    0,00    0,00  100,00
19:45:56      10    0,00    0,00    0,00    0,00    0,00    0,00    0,00    0,00    0,00  100,00
19:45:56      11    0,00    0,00    0,00    0,00    0,00    0,00    0,00    0,00    0,00  100,00
19:45:56      12    0,00    0,00    0,00    0,00    0,00    0,00    0,00    0,00    0,00  100,00
19:45:56      13    0,00    0,00    0,00    0,00    0,00    0,00    0,00    0,00    0,00  100,00
19:45:56      14    0,00    0,00    0,00    0,00    0,00    0,00    0,00    0,00    0,00  100,00
19:45:56      15    0,00    0,00    0,00    0,00    0,00    0,00    0,00    0,00    0,00  100,00
19:45:56      16    0,00    0,00    0,00    0,00    0,00    0,00    0,00    0,00    0,00  100,00
19:45:56      17    0,00    0,00    0,00    0,00    0,00    0,00    0,00    0,00    0,00  100,00
19:45:56      18    0,00    0,00    0,00    0,00    0,00    0,00    0,00    0,00    0,00  100,00
19:45:56      19    0,00    0,00    0,00    0,00    0,00    0,00    0,00    0,00    0,00  100,00
19:45:56      20    0,00    0,00    0,00    0,00    0,00    0,00    0,00    0,00    0,00  100,00
19:45:56      21    0,00    0,00    0,00    0,00    0,00    0,00    0,00    0,00    0,00  100,00
19:45:56      22    0,00    0,00    0,00    0,00    0,00    0,00    0,00    0,00    0,00  100,00
19:45:56      23    0,00    0,00    0,00    0,00    0,00    0,00    0,00    0,00    0,00  100,00

19:45:56     CPU    %usr   %nice    %sys %iowait    %irq   %soft  %steal  %guest  %gnice   %idle
19:45:57     all   29,67    0,00    0,25    0,04    0,00    0,00    0,00    0,00    0,00   70,04
19:45:57       0  100,00    0,00    0,00    0,00    0,00    0,00    0,00    0,00    0,00    0,00
19:45:57       1  100,00    0,00    0,00    0,00    0,00    0,00    0,00    0,00    0,00    0,00
19:45:57       2  100,00    0,00    0,00    0,00    0,00    0,00    0,00    0,00    0,00    0,00
19:45:57       3  100,00    0,00    0,00    0,00    0,00    0,00    0,00    0,00    0,00    0,00
19:45:57       4  100,00    0,00    0,00    0,00    0,00    0,00    0,00    0,00    0,00    0,00
19:45:57       5  100,00    0,00    0,00    0,00    0,00    0,00    0,00    0,00    0,00    0,00
19:45:57       6  100,00    0,00    0,00    0,00    0,00    0,00    0,00    0,00    0,00    0,00
19:45:57       7    0,00    0,00    0,00    0,00    0,00    0,00    0,00    0,00    0,00  100,00
19:45:57       8    6,06    0,00    2,02    0,00    0,00    0,00    0,00    0,00    0,00   91,92
19:45:57       9    0,00    0,00    0,00    0,00    0,00    0,00    0,00    0,00    0,00  100,00
19:45:57      10    0,00    0,00    0,00    0,99    0,00    0,00    0,00    0,00    0,00   99,01
19:45:57      11    0,00    0,00    0,00    0,00    0,00    0,00    0,00    0,00    0,00  100,00
19:45:57      12    0,00    0,00    0,00    0,00    0,00    0,00    0,00    0,00    0,00  100,00
19:45:57      13    0,00    0,00    0,00    0,00    0,00    0,00    0,00    0,00    0,00  100,00
19:45:57      14    0,99    0,00    0,00    0,00    0,00    0,00    0,00    0,00    0,00   99,01
19:45:57      15    0,00    0,00    0,00    0,00    0,00    0,00    0,00    0,00    0,00  100,00
19:45:57      16    0,00    0,00    0,00    0,00    0,00    0,00    0,00    0,00    0,00  100,00
19:45:57      17    5,00    0,00    4,00    0,00    0,00    0,00    0,00    0,00    0,00   91,00
19:45:57      18    0,00    0,00    0,00    0,00    0,00    0,00    0,00    0,00    0,00  100,00
19:45:57      19    0,00    0,00    0,00    0,00    0,00    0,00    0,00    0,00    0,00  100,00
19:45:57      20    0,00    0,00    0,00    0,00    0,00    0,00    0,00    0,00    0,00  100,00
19:45:57      21    0,00    0,00    0,00    0,00    0,00    0,00    0,00    0,00    0,00  100,00
19:45:57      22    0,00    0,00    0,00    0,00    0,00    0,00    0,00    0,00    0,00  100,00
19:45:57      23    0,00    0,00    0,00    0,00    0,00    0,00    0,00    0,00    0,00  100,00

19:45:57     CPU    %usr   %nice    %sys %iowait    %irq   %soft  %steal  %guest  %gnice   %idle
19:45:58     all   29,17    0,00    0,00    0,00    0,00    0,00    0,00    0,00    0,00   70,83
19:45:58       0  100,00    0,00    0,00    0,00    0,00    0,00    0,00    0,00    0,00    0,00
19:45:58       1  100,00    0,00    0,00    0,00    0,00    0,00    0,00    0,00    0,00    0,00
19:45:58       2  100,00    0,00    0,00    0,00    0,00    0,00    0,00    0,00    0,00    0,00
19:45:58       3  100,00    0,00    0,00    0,00    0,00    0,00    0,00    0,00    0,00    0,00
19:45:58       4  100,00    0,00    0,00    0,00    0,00    0,00    0,00    0,00    0,00    0,00
19:45:58       5  100,00    0,00    0,00    0,00    0,00    0,00    0,00    0,00    0,00    0,00
19:45:58       6  100,00    0,00    0,00    0,00    0,00    0,00    0,00    0,00    0,00    0,00
19:45:58       7    0,00    0,00    0,00    0,00    0,00    0,00    0,00    0,00    0,00  100,00
19:45:58       8    0,00    0,00    0,00    0,00    0,00    0,00    0,00    0,00    0,00  100,00
19:45:58       9    0,00    0,00    0,00    0,00    0,00    0,00    0,00    0,00    0,00  100,00
19:45:58      10    0,00    0,00    0,00    0,00    0,00    0,00    0,00    0,00    0,00  100,00
19:45:58      11    0,00    0,00    0,00    0,00    0,00    0,00    0,00    0,00    0,00  100,00
19:45:58      12    0,00    0,00    0,00    0,00    0,00    0,00    0,00    0,00    0,00  100,00
19:45:58      13    0,00    0,00    0,00    0,00    0,00    0,00    0,00    0,00    0,00  100,00
19:45:58      14    0,00    0,00    0,00    0,00    0,00    0,00    0,00    0,00    0,00  100,00
19:45:58      15    0,00    0,00    0,00    0,00    0,00    0,00    0,00    0,00    0,00  100,00
19:45:58      16    0,00    0,00    0,00    0,00    0,00    0,00    0,00    0,00    0,00  100,00
19:45:58      17    0,00    0,00    0,00    0,00    0,00    0,00    0,00    0,00    0,00  100,00
19:45:58      18    0,00    0,00    0,00    0,00    0,00    0,00    0,00    0,00    0,00  100,00
19:45:58      19    0,00    0,00    0,00    0,00    0,00    0,00    0,00    0,00    0,00  100,00
19:45:58      20    0,00    0,00    0,00    0,00    0,00    0,00    0,00    0,00    0,00  100,00
19:45:58      21    0,00    0,00    0,00    0,00    0,00    0,00    0,00    0,00    0,00  100,00
19:45:58      22    0,00    0,00    0,00    0,00    0,00    0,00    0,00    0,00    0,00  100,00
19:45:58      23    0,00    0,00    0,00    0,00    0,00    0,00    0,00    0,00    0,00  100,00

19:45:58     CPU    %usr   %nice    %sys %iowait    %irq   %soft  %steal  %guest  %gnice   %idle
19:45:59     all   29,17    0,00    0,00    0,00    0,00    0,00    0,00    0,00    0,00   70,83
19:45:59       0  100,00    0,00    0,00    0,00    0,00    0,00    0,00    0,00    0,00    0,00
19:45:59       1  100,00    0,00    0,00    0,00    0,00    0,00    0,00    0,00    0,00    0,00
19:45:59       2  100,00    0,00    0,00    0,00    0,00    0,00    0,00    0,00    0,00    0,00
19:45:59       3  100,00    0,00    0,00    0,00    0,00    0,00    0,00    0,00    0,00    0,00
19:45:59       4  100,00    0,00    0,00    0,00    0,00    0,00    0,00    0,00    0,00    0,00
19:45:59       5  100,00    0,00    0,00    0,00    0,00    0,00    0,00    0,00    0,00    0,00
19:45:59       6  100,00    0,00    0,00    0,00    0,00    0,00    0,00    0,00    0,00    0,00
19:45:59       7    0,00    0,00    0,00    0,00    0,00    0,00    0,00    0,00    0,00  100,00
19:45:59       8    0,00    0,00    0,00    0,00    0,00    0,00    0,00    0,00    0,00  100,00
19:45:59       9    0,00    0,00    0,00    0,00    0,00    0,00    0,00    0,00    0,00  100,00
19:45:59      10    0,00    0,00    0,00    0,00    0,00    0,00    0,00    0,00    0,00  100,00
19:45:59      11    0,00    0,00    0,00    0,00    0,00    0,00    0,00    0,00    0,00  100,00
19:45:59      12    0,00    0,00    0,00    0,00    0,00    0,00    0,00    0,00    0,00  100,00
19:45:59      13    0,00    0,00    0,00    0,00    0,00    0,00    0,00    0,00    0,00  100,00
19:45:59      14    0,00    0,00    0,00    0,00    0,00    0,00    0,00    0,00    0,00  100,00
19:45:59      15    0,00    0,00    0,00    0,00    0,00    0,00    0,00    0,00    0,00  100,00
19:45:59      16    0,00    0,00    0,00    0,00    0,00    0,00    0,00    0,00    0,00  100,00
19:45:59      17    0,00    0,00    0,00    0,00    0,00    0,00    0,00    0,00    0,00  100,00
19:45:59      18    0,00    0,00    0,00    0,00    0,00    0,00    0,00    0,00    0,00  100,00
19:45:59      19    0,00    0,00    0,00    0,00    0,00    0,00    0,00    0,00    0,00  100,00
19:45:59      20    0,00    0,00    0,00    0,00    0,00    0,00    0,00    0,00    0,00  100,00
19:45:59      21    0,00    0,00    0,00    0,00    0,00    0,00    0,00    0,00    0,00  100,00
19:45:59      22    0,00    0,00    0,00    0,00    0,00    0,00    0,00    0,00    0,00  100,00
19:45:59      23    0,00    0,00    0,00    0,00    0,00    0,00    0,00    0,00    0,00  100,00

19:45:59     CPU    %usr   %nice    %sys %iowait    %irq   %soft  %steal  %guest  %gnice   %idle
19:46:00     all   29,15    0,00    0,00    0,00    0,00    0,00    0,00    0,00    0,00   70,85
19:46:00       0  100,00    0,00    0,00    0,00    0,00    0,00    0,00    0,00    0,00    0,00
19:46:00       1  100,00    0,00    0,00    0,00    0,00    0,00    0,00    0,00    0,00    0,00
19:46:00       2  100,00    0,00    0,00    0,00    0,00    0,00    0,00    0,00    0,00    0,00
19:46:00       3  100,00    0,00    0,00    0,00    0,00    0,00    0,00    0,00    0,00    0,00
19:46:00       4  100,00    0,00    0,00    0,00    0,00    0,00    0,00    0,00    0,00    0,00
19:46:00       5  100,00    0,00    0,00    0,00    0,00    0,00    0,00    0,00    0,00    0,00
19:46:00       6  100,00    0,00    0,00    0,00    0,00    0,00    0,00    0,00    0,00    0,00
19:46:00       7    0,00    0,00    0,00    0,00    0,00    0,00    0,00    0,00    0,00  100,00
19:46:00       8    0,00    0,00    0,00    0,00    0,00    0,00    0,00    0,00    0,00  100,00
19:46:00       9    0,00    0,00    0,00    0,00    0,00    0,00    0,00    0,00    0,00  100,00
19:46:00      10    0,00    0,00    0,00    0,00    0,00    0,00    0,00    0,00    0,00  100,00
19:46:00      11    0,00    0,00    0,00    0,00    0,00    0,00    0,00    0,00    0,00  100,00
19:46:00      12    0,00    0,00    0,00    0,00    0,00    0,00    0,00    0,00    0,00  100,00
19:46:00      13    0,00    0,00    0,00    0,00    0,00    0,00    0,00    0,00    0,00  100,00
19:46:00      14    0,00    0,00    0,00    0,00    0,00    0,00    0,00    0,00    0,00  100,00
19:46:00      15    0,00    0,00    0,00    0,00    0,00    0,00    0,00    0,00    0,00  100,00
19:46:00      16    0,00    0,00    0,00    0,00    0,00    0,00    0,00    0,00    0,00  100,00
19:46:00      17    0,00    0,00    0,00    0,00    0,00    0,00    0,00    0,00    0,00  100,00
19:46:00      18    0,00    0,00    0,00    0,00    0,00    0,00    0,00    0,00    0,00  100,00
19:46:00      19    0,00    0,00    0,00    0,00    0,00    0,00    0,00    0,00    0,00  100,00
19:46:00      20    0,00    0,00    0,00    0,00    0,00    0,00    0,00    0,00    0,00  100,00
19:46:00      21    0,00    0,00    0,00    0,00    0,00    0,00    0,00    0,00    0,00  100,00
19:46:00      22    0,00    0,00    0,00    0,00    0,00    0,00    0,00    0,00    0,00  100,00
19:46:00      23    0,00    0,00    0,00    0,00    0,00    0,00    0,00    0,00    0,00  100,00

19:46:00     CPU    %usr   %nice    %sys %iowait    %irq   %soft  %steal  %guest  %gnice   %idle
19:46:01     all   29,17    0,00    0,00    0,00    0,00    0,00    0,00    0,00    0,00   70,83
19:46:01       0  100,00    0,00    0,00    0,00    0,00    0,00    0,00    0,00    0,00    0,00
19:46:01       1  100,00    0,00    0,00    0,00    0,00    0,00    0,00    0,00    0,00    0,00
19:46:01       2  100,00    0,00    0,00    0,00    0,00    0,00    0,00    0,00    0,00    0,00
19:46:01       3  100,00    0,00    0,00    0,00    0,00    0,00    0,00    0,00    0,00    0,00
19:46:01       4  100,00    0,00    0,00    0,00    0,00    0,00    0,00    0,00    0,00    0,00
19:46:01       5  100,00    0,00    0,00    0,00    0,00    0,00    0,00    0,00    0,00    0,00
19:46:01       6  100,00    0,00    0,00    0,00    0,00    0,00    0,00    0,00    0,00    0,00
19:46:01       7    0,00    0,00    0,00    0,00    0,00    0,00    0,00    0,00    0,00  100,00
19:46:01       8    0,00    0,00    0,00    0,00    0,00    0,00    0,00    0,00    0,00  100,00
19:46:01       9    0,00    0,00    0,00    0,00    0,00    0,00    0,00    0,00    0,00  100,00
19:46:01      10    0,00    0,00    0,00    0,00    0,00    0,00    0,00    0,00    0,00  100,00
19:46:01      11    0,00    0,00    0,00    0,00    0,00    0,00    0,00    0,00    0,00  100,00
19:46:01      12    0,00    0,00    0,00    0,00    0,00    0,00    0,00    0,00    0,00  100,00
19:46:01      13    0,00    0,00    0,00    0,00    0,00    0,00    0,00    0,00    0,00  100,00
19:46:01      14    0,00    0,00    0,00    0,00    0,00    0,00    0,00    0,00    0,00  100,00
19:46:01      15    0,00    0,00    0,00    0,00    0,00    0,00    0,00    0,00    0,00  100,00
19:46:01      16    0,00    0,00    0,00    0,00    0,00    0,00    0,00    0,00    0,00  100,00
19:46:01      17    0,00    0,00    0,00    0,00    0,00    0,00    0,00    0,00    0,00  100,00
19:46:01      18    0,00    0,00    0,00    0,00    0,00    0,00    0,00    0,00    0,00  100,00
19:46:01      19    0,00    0,00    0,00    0,00    0,00    0,00    0,00    0,00    0,00  100,00
19:46:01      20    0,00    0,00    0,00    0,00    0,00    0,00    0,00    0,00    0,00  100,00
19:46:01      21    0,00    0,00    0,00    0,00    0,00    0,00    0,00    0,00    0,00  100,00
19:46:01      22    0,00    0,00    0,00    0,00    0,00    0,00    0,00    0,00    0,00  100,00
19:46:01      23    0,00    0,00    0,00    0,00    0,00    0,00    0,00    0,00    0,00  100,00
