Linux 6.8.0-110-generic (testbed-node1) 	13/05/26 	_x86_64_	(24 CPU)

18:47:46     CPU    %usr   %nice    %sys %iowait    %irq   %soft  %steal  %guest  %gnice   %idle
18:47:47     all   54,27    0,00    0,21    0,00    0,00    0,00    0,00    0,00    0,00   45,53
18:47:47       0  100,00    0,00    0,00    0,00    0,00    0,00    0,00    0,00    0,00    0,00
18:47:47       1  100,00    0,00    0,00    0,00    0,00    0,00    0,00    0,00    0,00    0,00
18:47:47       2  100,00    0,00    0,00    0,00    0,00    0,00    0,00    0,00    0,00    0,00
18:47:47       3  100,00    0,00    0,00    0,00    0,00    0,00    0,00    0,00    0,00    0,00
18:47:47       4  100,00    0,00    0,00    0,00    0,00    0,00    0,00    0,00    0,00    0,00
18:47:47       5  100,00    0,00    0,00    0,00    0,00    0,00    0,00    0,00    0,00    0,00
18:47:47       6  100,00    0,00    0,00    0,00    0,00    0,00    0,00    0,00    0,00    0,00
18:47:47       7  100,00    0,00    0,00    0,00    0,00    0,00    0,00    0,00    0,00    0,00
18:47:47       8  100,00    0,00    0,00    0,00    0,00    0,00    0,00    0,00    0,00    0,00
18:47:47       9  100,00    0,00    0,00    0,00    0,00    0,00    0,00    0,00    0,00    0,00
18:47:47      10  100,00    0,00    0,00    0,00    0,00    0,00    0,00    0,00    0,00    0,00
18:47:47      11  100,00    0,00    0,00    0,00    0,00    0,00    0,00    0,00    0,00    0,00
18:47:47      12  100,00    0,00    0,00    0,00    0,00    0,00    0,00    0,00    0,00    0,00
18:47:47      13    0,00    0,00    0,00    0,00    0,00    0,00    0,00    0,00    0,00  100,00
18:47:47      14    0,00    0,00    0,00    0,00    0,00    0,00    0,00    0,00    0,00  100,00
18:47:47      15    0,00    0,00    0,00    0,00    0,00    0,00    0,00    0,00    0,00  100,00
18:47:47      16    1,00    0,00    0,00    0,00    0,00    0,00    0,00    0,00    0,00   99,00
18:47:47      17    0,99    0,00    0,99    0,00    0,00    0,00    0,00    0,00    0,00   98,02
18:47:47      18    0,99    0,00    0,99    0,00    0,00    0,00    0,00    0,00    0,00   98,02
18:47:47      19    1,00    0,00    1,00    0,00    0,00    0,00    0,00    0,00    0,00   98,00
18:47:47      20    0,00    0,00    0,00    0,00    0,00    0,00    0,00    0,00    0,00  100,00
18:47:47      21    0,00    0,00    0,00    0,00    0,00    0,00    0,00    0,00    0,00  100,00
18:47:47      22    0,00    0,00    0,99    0,00    0,00    0,00    0,00    0,00    0,00   99,01
18:47:47      23    0,00    0,00    1,00    0,00    0,00    0,00    0,00    0,00    0,00   99,00

18:47:47     CPU    %usr   %nice    %sys %iowait    %irq   %soft  %steal  %guest  %gnice   %idle
18:47:48     all   55,91    0,00    0,88    0,00    0,00    0,00    0,00    0,00    0,00   43,21
18:47:48       0  100,00    0,00    0,00    0,00    0,00    0,00    0,00    0,00    0,00    0,00
18:47:48       1  100,00    0,00    0,00    0,00    0,00    0,00    0,00    0,00    0,00    0,00
18:47:48       2  100,00    0,00    0,00    0,00    0,00    0,00    0,00    0,00    0,00    0,00
18:47:48       3  100,00    0,00    0,00    0,00    0,00    0,00    0,00    0,00    0,00    0,00
18:47:48       4  100,00    0,00    0,00    0,00    0,00    0,00    0,00    0,00    0,00    0,00
18:47:48       5  100,00    0,00    0,00    0,00    0,00    0,00    0,00    0,00    0,00    0,00
18:47:48       6  100,00    0,00    0,00    0,00    0,00    0,00    0,00    0,00    0,00    0,00
18:47:48       7  100,00    0,00    0,00    0,00    0,00    0,00    0,00    0,00    0,00    0,00
18:47:48       8  100,00    0,00    0,00    0,00    0,00    0,00    0,00    0,00    0,00    0,00
18:47:48       9  100,00    0,00    0,00    0,00    0,00    0,00    0,00    0,00    0,00    0,00
18:47:48      10  100,00    0,00    0,00    0,00    0,00    0,00    0,00    0,00    0,00    0,00
18:47:48      11  100,00    0,00    0,00    0,00    0,00    0,00    0,00    0,00    0,00    0,00
18:47:48      12  100,00    0,00    0,00    0,00    0,00    0,00    0,00    0,00    0,00    0,00
18:47:48      13    1,00    0,00    1,00    0,00    0,00    0,00    0,00    0,00    0,00   98,00
18:47:48      14    4,00    0,00    1,00    0,00    0,00    0,00    0,00    0,00    0,00   95,00
18:47:48      15    0,00    0,00    0,00    0,00    0,00    0,00    0,00    0,00    0,00  100,00
18:47:48      16   11,11    0,00    4,04    0,00    0,00    0,00    0,00    0,00    0,00   84,85
18:47:48      17    1,00    0,00    1,00    0,00    0,00    0,00    0,00    0,00    0,00   98,00
18:47:48      18    4,08    0,00   10,20    0,00    0,00    0,00    0,00    0,00    0,00   85,71
18:47:48      19    0,00    0,00    0,00    0,00    0,00    0,00    0,00    0,00    0,00  100,00
18:47:48      20    4,04    0,00    1,01    0,00    0,00    0,00    0,00    0,00    0,00   94,95
18:47:48      21    0,00    0,00    1,01    0,00    0,00    0,00    0,00    0,00    0,00   98,99
18:47:48      22    5,00    0,00    1,00    0,00    0,00    0,00    0,00    0,00    0,00   94,00
18:47:48      23    8,00    0,00    1,00    0,00    0,00    0,00    0,00    0,00    0,00   91,00

18:47:48     CPU    %usr   %nice    %sys %iowait    %irq   %soft  %steal  %guest  %gnice   %idle
18:47:49     all   55,30    0,00    0,25    0,13    0,00    0,04    0,00    0,00    0,00   44,29
18:47:49       0  100,00    0,00    0,00    0,00    0,00    0,00    0,00    0,00    0,00    0,00
18:47:49       1  100,00    0,00    0,00    0,00    0,00    0,00    0,00    0,00    0,00    0,00
18:47:49       2  100,00    0,00    0,00    0,00    0,00    0,00    0,00    0,00    0,00    0,00
18:47:49       3  100,00    0,00    0,00    0,00    0,00    0,00    0,00    0,00    0,00    0,00
18:47:49       4  100,00    0,00    0,00    0,00    0,00    0,00    0,00    0,00    0,00    0,00
18:47:49       5  100,00    0,00    0,00    0,00    0,00    0,00    0,00    0,00    0,00    0,00
18:47:49       6  100,00    0,00    0,00    0,00    0,00    0,00    0,00    0,00    0,00    0,00
18:47:49       7  100,00    0,00    0,00    0,00    0,00    0,00    0,00    0,00    0,00    0,00
18:47:49       8  100,00    0,00    0,00    0,00    0,00    0,00    0,00    0,00    0,00    0,00
18:47:49       9  100,00    0,00    0,00    0,00    0,00    0,00    0,00    0,00    0,00    0,00
18:47:49      10  100,00    0,00    0,00    0,00    0,00    0,00    0,00    0,00    0,00    0,00
18:47:49      11  100,00    0,00    0,00    0,00    0,00    0,00    0,00    0,00    0,00    0,00
18:47:49      12  100,00    0,00    0,00    0,00    0,00    0,00    0,00    0,00    0,00    0,00
18:47:49      13    0,00    0,00    0,00    0,00    0,00    1,00    0,00    0,00    0,00   99,00
18:47:49      14    9,09    0,00    0,00    0,00    0,00    0,00    0,00    0,00    0,00   90,91
18:47:49      15    0,98    0,00    0,98    0,00    0,00    0,00    0,00    0,00    0,00   98,04
18:47:49      16    3,03    0,00    0,00    0,00    0,00    0,00    0,00    0,00    0,00   96,97
18:47:49      17    0,00    0,00    0,00    0,00    0,00    0,00    0,00    0,00    0,00  100,00
18:47:49      18    1,98    0,00    1,98    0,99    0,00    0,00    0,00    0,00    0,00   95,05
18:47:49      19    0,99    0,00    0,99    0,00    0,00    0,00    0,00    0,00    0,00   98,02
18:47:49      20    3,00    0,00    0,00    1,00    0,00    0,00    0,00    0,00    0,00   96,00
18:47:49      21    2,02    0,00    0,00    0,00    0,00    0,00    0,00    0,00    0,00   97,98
18:47:49      22    3,00    0,00    1,00    0,00    0,00    0,00    0,00    0,00    0,00   96,00
18:47:49      23    2,02    0,00    1,01    1,01    0,00    0,00    0,00    0,00    0,00   95,96

18:47:49     CPU    %usr   %nice    %sys %iowait    %irq   %soft  %steal  %guest  %gnice   %idle
18:47:50     all   54,16    0,00    0,08    0,00    0,00    0,00    0,00    0,00    0,00   45,75
18:47:50       0  100,00    0,00    0,00    0,00    0,00    0,00    0,00    0,00    0,00    0,00
18:47:50       1  100,00    0,00    0,00    0,00    0,00    0,00    0,00    0,00    0,00    0,00
18:47:50       2  100,00    0,00    0,00    0,00    0,00    0,00    0,00    0,00    0,00    0,00
18:47:50       3  100,00    0,00    0,00    0,00    0,00    0,00    0,00    0,00    0,00    0,00
18:47:50       4  100,00    0,00    0,00    0,00    0,00    0,00    0,00    0,00    0,00    0,00
18:47:50       5  100,00    0,00    0,00    0,00    0,00    0,00    0,00    0,00    0,00    0,00
18:47:50       6  100,00    0,00    0,00    0,00    0,00    0,00    0,00    0,00    0,00    0,00
18:47:50       7  100,00    0,00    0,00    0,00    0,00    0,00    0,00    0,00    0,00    0,00
18:47:50       8  100,00    0,00    0,00    0,00    0,00    0,00    0,00    0,00    0,00    0,00
18:47:50       9  100,00    0,00    0,00    0,00    0,00    0,00    0,00    0,00    0,00    0,00
18:47:50      10  100,00    0,00    0,00    0,00    0,00    0,00    0,00    0,00    0,00    0,00
18:47:50      11  100,00    0,00    0,00    0,00    0,00    0,00    0,00    0,00    0,00    0,00
18:47:50      12  100,00    0,00    0,00    0,00    0,00    0,00    0,00    0,00    0,00    0,00
18:47:50      13    0,00    0,00    0,00    0,00    0,00    0,00    0,00    0,00    0,00  100,00
18:47:50      14    0,00    0,00    0,00    0,00    0,00    0,00    0,00    0,00    0,00  100,00
18:47:50      15    0,00    0,00    0,00    0,00    0,00    0,00    0,00    0,00    0,00  100,00
18:47:50      16    0,00    0,00    0,00    0,00    0,00    0,00    0,00    0,00    0,00  100,00
18:47:50      17    0,98    0,00    0,98    0,00    0,00    0,00    0,00    0,00    0,00   98,04
18:47:50      18    0,00    0,00    0,00    0,00    0,00    0,00    0,00    0,00    0,00  100,00
18:47:50      19    0,00    0,00    0,00    0,00    0,00    0,00    0,00    0,00    0,00  100,00
18:47:50      20    0,00    0,00    0,00    0,00    0,00    0,00    0,00    0,00    0,00  100,00
18:47:50      21    0,00    0,00    0,99    0,00    0,00    0,00    0,00    0,00    0,00   99,01
18:47:50      22    0,00    0,00    0,00    0,00    0,00    0,00    0,00    0,00    0,00  100,00
18:47:50      23    0,00    0,00    0,00    0,00    0,00    0,00    0,00    0,00    0,00  100,00

18:47:50     CPU    %usr   %nice    %sys %iowait    %irq   %soft  %steal  %guest  %gnice   %idle
18:47:51     all   54,41    0,00    0,13    0,00    0,00    0,00    0,00    0,00    0,00   45,47
18:47:51       0  100,00    0,00    0,00    0,00    0,00    0,00    0,00    0,00    0,00    0,00
18:47:51       1  100,00    0,00    0,00    0,00    0,00    0,00    0,00    0,00    0,00    0,00
18:47:51       2  100,00    0,00    0,00    0,00    0,00    0,00    0,00    0,00    0,00    0,00
18:47:51       3  100,00    0,00    0,00    0,00    0,00    0,00    0,00    0,00    0,00    0,00
18:47:51       4  100,00    0,00    0,00    0,00    0,00    0,00    0,00    0,00    0,00    0,00
18:47:51       5  100,00    0,00    0,00    0,00    0,00    0,00    0,00    0,00    0,00    0,00
18:47:51       6  100,00    0,00    0,00    0,00    0,00    0,00    0,00    0,00    0,00    0,00
18:47:51       7  100,00    0,00    0,00    0,00    0,00    0,00    0,00    0,00    0,00    0,00
18:47:51       8  100,00    0,00    0,00    0,00    0,00    0,00    0,00    0,00    0,00    0,00
18:47:51       9  100,00    0,00    0,00    0,00    0,00    0,00    0,00    0,00    0,00    0,00
18:47:51      10  100,00    0,00    0,00    0,00    0,00    0,00    0,00    0,00    0,00    0,00
18:47:51      11  100,00    0,00    0,00    0,00    0,00    0,00    0,00    0,00    0,00    0,00
18:47:51      12  100,00    0,00    0,00    0,00    0,00    0,00    0,00    0,00    0,00    0,00
18:47:51      13    0,00    0,00    0,00    0,00    0,00    0,00    0,00    0,00    0,00  100,00
18:47:51      14    0,00    0,00    0,00    0,00    0,00    0,00    0,00    0,00    0,00  100,00
18:47:51      15    0,00    0,00    0,00    0,00    0,00    0,00    0,00    0,00    0,00  100,00
18:47:51      16    1,00    0,00    0,00    0,00    0,00    0,00    0,00    0,00    0,00   99,00
18:47:51      17    0,00    0,00    0,00    0,00    0,00    0,00    0,00    0,00    0,00  100,00
18:47:51      18    0,00    0,00    1,01    0,00    0,00    0,00    0,00    0,00    0,00   98,99
18:47:51      19    0,00    0,00    1,00    0,00    0,00    0,00    0,00    0,00    0,00   99,00
18:47:51      20    0,00    0,00    0,00    0,00    0,00    0,00    0,00    0,00    0,00  100,00
18:47:51      21    0,00    0,00    0,00    0,00    0,00    0,00    0,00    0,00    0,00  100,00
18:47:51      22    1,00    0,00    0,00    0,00    0,00    0,00    0,00    0,00    0,00   99,00
18:47:51      23    0,99    0,00    0,99    0,00    0,00    0,00    0,00    0,00    0,00   98,02

18:47:51     CPU    %usr   %nice    %sys %iowait    %irq   %soft  %steal  %guest  %gnice   %idle
18:47:52     all   55,52    0,00    0,38    0,00    0,00    0,00    0,00    0,00    0,00   44,10
18:47:52       0  100,00    0,00    0,00    0,00    0,00    0,00    0,00    0,00    0,00    0,00
18:47:52       1  100,00    0,00    0,00    0,00    0,00    0,00    0,00    0,00    0,00    0,00
18:47:52       2  100,00    0,00    0,00    0,00    0,00    0,00    0,00    0,00    0,00    0,00
18:47:52       3  100,00    0,00    0,00    0,00    0,00    0,00    0,00    0,00    0,00    0,00
18:47:52       4  100,00    0,00    0,00    0,00    0,00    0,00    0,00    0,00    0,00    0,00
18:47:52       5  100,00    0,00    0,00    0,00    0,00    0,00    0,00    0,00    0,00    0,00
18:47:52       6  100,00    0,00    0,00    0,00    0,00    0,00    0,00    0,00    0,00    0,00
18:47:52       7  100,00    0,00    0,00    0,00    0,00    0,00    0,00    0,00    0,00    0,00
18:47:52       8  100,00    0,00    0,00    0,00    0,00    0,00    0,00    0,00    0,00    0,00
18:47:52       9  100,00    0,00    0,00    0,00    0,00    0,00    0,00    0,00    0,00    0,00
18:47:52      10  100,00    0,00    0,00    0,00    0,00    0,00    0,00    0,00    0,00    0,00
18:47:52      11  100,00    0,00    0,00    0,00    0,00    0,00    0,00    0,00    0,00    0,00
18:47:52      12  100,00    0,00    0,00    0,00    0,00    0,00    0,00    0,00    0,00    0,00
18:47:52      13    0,00    0,00    1,00    0,00    0,00    0,00    0,00    0,00    0,00   99,00
18:47:52      14    0,99    0,00    0,99    0,00    0,00    0,00    0,00    0,00    0,00   98,02
18:47:52      15    0,00    0,00    0,00    0,00    0,00    0,00    0,00    0,00    0,00  100,00
18:47:52      16    5,00    0,00    1,00    0,00    0,00    0,00    0,00    0,00    0,00   94,00
18:47:52      17    0,99    0,00    0,00    0,00    0,00    0,00    0,00    0,00    0,00   99,01
18:47:52      18    0,99    0,00    0,99    0,00    0,00    0,00    0,00    0,00    0,00   98,02
18:47:52      19    0,00    0,00    0,00    0,00    0,00    0,00    0,00    0,00    0,00  100,00
18:47:52      20    8,08    0,00    4,04    0,00    0,00    0,00    0,00    0,00    0,00   87,88
18:47:52      21    4,04    0,00    0,00    0,00    0,00    0,00    0,00    0,00    0,00   95,96
18:47:52      22    8,08    0,00    1,01    0,00    0,00    0,00    0,00    0,00    0,00   90,91
18:47:52      23    4,04    0,00    0,00    0,00    0,00    0,00    0,00    0,00    0,00   95,96

18:47:52     CPU    %usr   %nice    %sys %iowait    %irq   %soft  %steal  %guest  %gnice   %idle
18:47:53     all   54,29    0,00    0,17    0,00    0,00    0,00    0,00    0,00    0,00   45,54
18:47:53       0  100,00    0,00    0,00    0,00    0,00    0,00    0,00    0,00    0,00    0,00
18:47:53       1  100,00    0,00    0,00    0,00    0,00    0,00    0,00    0,00    0,00    0,00
18:47:53       2  100,00    0,00    0,00    0,00    0,00    0,00    0,00    0,00    0,00    0,00
18:47:53       3  100,00    0,00    0,00    0,00    0,00    0,00    0,00    0,00    0,00    0,00
18:47:53       4  100,00    0,00    0,00    0,00    0,00    0,00    0,00    0,00    0,00    0,00
18:47:53       5  100,00    0,00    0,00    0,00    0,00    0,00    0,00    0,00    0,00    0,00
18:47:53       6  100,00    0,00    0,00    0,00    0,00    0,00    0,00    0,00    0,00    0,00
18:47:53       7  100,00    0,00    0,00    0,00    0,00    0,00    0,00    0,00    0,00    0,00
18:47:53       8  100,00    0,00    0,00    0,00    0,00    0,00    0,00    0,00    0,00    0,00
18:47:53       9  100,00    0,00    0,00    0,00    0,00    0,00    0,00    0,00    0,00    0,00
18:47:53      10  100,00    0,00    0,00    0,00    0,00    0,00    0,00    0,00    0,00    0,00
18:47:53      11  100,00    0,00    0,00    0,00    0,00    0,00    0,00    0,00    0,00    0,00
18:47:53      12  100,00    0,00    0,00    0,00    0,00    0,00    0,00    0,00    0,00    0,00
18:47:53      13    0,00    0,00    0,00    0,00    0,00    0,00    0,00    0,00    0,00  100,00
18:47:53      14    0,00    0,00    0,00    0,00    0,00    0,00    0,00    0,00    0,00  100,00
18:47:53      15    0,00    0,00    0,00    0,00    0,00    0,00    0,00    0,00    0,00  100,00
18:47:53      16    0,99    0,00    0,99    0,00    0,00    0,00    0,00    0,00    0,00   98,02
18:47:53      17    0,00    0,00    1,00    0,00    0,00    0,00    0,00    0,00    0,00   99,00
18:47:53      18    0,00    0,00    0,00    0,00    0,00    0,00    0,00    0,00    0,00  100,00
18:47:53      19    0,00    0,00    0,00    0,00    0,00    0,00    0,00    0,00    0,00  100,00
18:47:53      20    0,99    0,00    0,99    0,00    0,00    0,00    0,00    0,00    0,00   98,02
18:47:53      21    1,00    0,00    0,00    0,00    0,00    0,00    0,00    0,00    0,00   99,00
18:47:53      22    0,00    0,00    0,00    0,00    0,00    0,00    0,00    0,00    0,00  100,00
18:47:53      23    0,00    0,00    1,00    0,00    0,00    0,00    0,00    0,00    0,00   99,00

18:47:53     CPU    %usr   %nice    %sys %iowait    %irq   %soft  %steal  %guest  %gnice   %idle
18:47:54     all   54,27    0,00    0,00    0,08    0,00    0,00    0,00    0,00    0,00   45,64
18:47:54       0  100,00    0,00    0,00    0,00    0,00    0,00    0,00    0,00    0,00    0,00
18:47:54       1  100,00    0,00    0,00    0,00    0,00    0,00    0,00    0,00    0,00    0,00
18:47:54       2  100,00    0,00    0,00    0,00    0,00    0,00    0,00    0,00    0,00    0,00
18:47:54       3  100,00    0,00    0,00    0,00    0,00    0,00    0,00    0,00    0,00    0,00
18:47:54       4  100,00    0,00    0,00    0,00    0,00    0,00    0,00    0,00    0,00    0,00
18:47:54       5  100,00    0,00    0,00    0,00    0,00    0,00    0,00    0,00    0,00    0,00
18:47:54       6  100,00    0,00    0,00    0,00    0,00    0,00    0,00    0,00    0,00    0,00
18:47:54       7  100,00    0,00    0,00    0,00    0,00    0,00    0,00    0,00    0,00    0,00
18:47:54       8  100,00    0,00    0,00    0,00    0,00    0,00    0,00    0,00    0,00    0,00
18:47:54       9  100,00    0,00    0,00    0,00    0,00    0,00    0,00    0,00    0,00    0,00
18:47:54      10  100,00    0,00    0,00    0,00    0,00    0,00    0,00    0,00    0,00    0,00
18:47:54      11  100,00    0,00    0,00    0,00    0,00    0,00    0,00    0,00    0,00    0,00
18:47:54      12  100,00    0,00    0,00    0,00    0,00    0,00    0,00    0,00    0,00    0,00
18:47:54      13    0,00    0,00    0,00    0,00    0,00    0,00    0,00    0,00    0,00  100,00
18:47:54      14    0,00    0,00    0,00    0,00    0,00    0,00    0,00    0,00    0,00  100,00
18:47:54      15    0,00    0,00    0,00    0,00    0,00    0,00    0,00    0,00    0,00  100,00
18:47:54      16    0,00    0,00    0,00    0,00    0,00    0,00    0,00    0,00    0,00  100,00
18:47:54      17    0,00    0,00    0,00    0,00    0,00    0,00    0,00    0,00    0,00  100,00
18:47:54      18    0,00    0,00    0,00    0,00    0,00    0,00    0,00    0,00    0,00  100,00
18:47:54      19    0,99    0,00    0,00    0,00    0,00    0,00    0,00    0,00    0,00   99,01
18:47:54      20    0,00    0,00    0,00    1,01    0,00    0,00    0,00    0,00    0,00   98,99
18:47:54      21    0,00    0,00    0,00    1,00    0,00    0,00    0,00    0,00    0,00   99,00
18:47:54      22    0,00    0,00    0,00    0,00    0,00    0,00    0,00    0,00    0,00  100,00
18:47:54      23    0,00    0,00    0,00    0,00    0,00    0,00    0,00    0,00    0,00  100,00

18:47:54     CPU    %usr   %nice    %sys %iowait    %irq   %soft  %steal  %guest  %gnice   %idle
18:47:55     all   56,20    0,00    0,88    0,00    0,00    0,00    0,00    0,00    0,00   42,93
18:47:55       0  100,00    0,00    0,00    0,00    0,00    0,00    0,00    0,00    0,00    0,00
18:47:55       1  100,00    0,00    0,00    0,00    0,00    0,00    0,00    0,00    0,00    0,00
18:47:55       2  100,00    0,00    0,00    0,00    0,00    0,00    0,00    0,00    0,00    0,00
18:47:55       3  100,00    0,00    0,00    0,00    0,00    0,00    0,00    0,00    0,00    0,00
18:47:55       4  100,00    0,00    0,00    0,00    0,00    0,00    0,00    0,00    0,00    0,00
18:47:55       5  100,00    0,00    0,00    0,00    0,00    0,00    0,00    0,00    0,00    0,00
18:47:55       6  100,00    0,00    0,00    0,00    0,00    0,00    0,00    0,00    0,00    0,00
18:47:55       7  100,00    0,00    0,00    0,00    0,00    0,00    0,00    0,00    0,00    0,00
18:47:55       8  100,00    0,00    0,00    0,00    0,00    0,00    0,00    0,00    0,00    0,00
18:47:55       9  100,00    0,00    0,00    0,00    0,00    0,00    0,00    0,00    0,00    0,00
18:47:55      10  100,00    0,00    0,00    0,00    0,00    0,00    0,00    0,00    0,00    0,00
18:47:55      11  100,00    0,00    0,00    0,00    0,00    0,00    0,00    0,00    0,00    0,00
18:47:55      12  100,00    0,00    0,00    0,00    0,00    0,00    0,00    0,00    0,00    0,00
18:47:55      13    0,00    0,00    1,00    0,00    0,00    0,00    0,00    0,00    0,00   99,00
18:47:55      14   16,00    0,00    6,00    0,00    0,00    0,00    0,00    0,00    0,00   78,00
18:47:55      15    0,00    0,00    1,01    0,00    0,00    0,00    0,00    0,00    0,00   98,99
18:47:55      16    6,06    0,00    1,01    0,00    0,00    0,00    0,00    0,00    0,00   92,93
18:47:55      17    8,00    0,00    7,00    0,00    0,00    0,00    0,00    0,00    0,00   85,00
18:47:55      18    1,00    0,00    3,00    0,00    0,00    0,00    0,00    0,00    0,00   96,00
18:47:55      19    3,03    0,00    1,01    0,00    0,00    0,00    0,00    0,00    0,00   95,96
18:47:55      20    4,00    0,00    0,00    0,00    0,00    0,00    0,00    0,00    0,00   96,00
18:47:55      21    4,00    0,00    1,00    0,00    0,00    0,00    0,00    0,00    0,00   95,00
18:47:55      22    0,00    0,00    0,00    0,00    0,00    0,00    0,00    0,00    0,00  100,00
18:47:55      23    5,00    0,00    0,00    0,00    0,00    0,00    0,00    0,00    0,00   95,00

18:47:55     CPU    %usr   %nice    %sys %iowait    %irq   %soft  %steal  %guest  %gnice   %idle
18:47:56     all   54,16    0,00    0,12    0,00    0,00    0,00    0,00    0,00    0,00   45,71
18:47:56       0  100,00    0,00    0,00    0,00    0,00    0,00    0,00    0,00    0,00    0,00
18:47:56       1  100,00    0,00    0,00    0,00    0,00    0,00    0,00    0,00    0,00    0,00
18:47:56       2  100,00    0,00    0,00    0,00    0,00    0,00    0,00    0,00    0,00    0,00
18:47:56       3  100,00    0,00    0,00    0,00    0,00    0,00    0,00    0,00    0,00    0,00
18:47:56       4  100,00    0,00    0,00    0,00    0,00    0,00    0,00    0,00    0,00    0,00
18:47:56       5  100,00    0,00    0,00    0,00    0,00    0,00    0,00    0,00    0,00    0,00
18:47:56       6  100,00    0,00    0,00    0,00    0,00    0,00    0,00    0,00    0,00    0,00
18:47:56       7  100,00    0,00    0,00    0,00    0,00    0,00    0,00    0,00    0,00    0,00
18:47:56       8  100,00    0,00    0,00    0,00    0,00    0,00    0,00    0,00    0,00    0,00
18:47:56       9  100,00    0,00    0,00    0,00    0,00    0,00    0,00    0,00    0,00    0,00
18:47:56      10  100,00    0,00    0,00    0,00    0,00    0,00    0,00    0,00    0,00    0,00
18:47:56      11  100,00    0,00    0,00    0,00    0,00    0,00    0,00    0,00    0,00    0,00
18:47:56      12  100,00    0,00    0,00    0,00    0,00    0,00    0,00    0,00    0,00    0,00
18:47:56      13    0,00    0,00    0,00    0,00    0,00    0,00    0,00    0,00    0,00  100,00
18:47:56      14    0,00    0,00    0,00    0,00    0,00    0,00    0,00    0,00    0,00  100,00
18:47:56      15    0,00    0,00    0,00    0,00    0,00    0,00    0,00    0,00    0,00  100,00
18:47:56      16    0,98    0,00    0,98    0,00    0,00    0,00    0,00    0,00    0,00   98,04
18:47:56      17    0,00    0,00    0,00    0,00    0,00    0,00    0,00    0,00    0,00  100,00
18:47:56      18    0,00    0,00    1,00    0,00    0,00    0,00    0,00    0,00    0,00   99,00
18:47:56      19    0,00    0,00    0,00    0,00    0,00    0,00    0,00    0,00    0,00  100,00
18:47:56      20    0,00    0,00    0,00    0,00    0,00    0,00    0,00    0,00    0,00  100,00
18:47:56      21    0,00    0,00    0,00    0,00    0,00    0,00    0,00    0,00    0,00  100,00
18:47:56      22    0,00    0,00    1,00    0,00    0,00    0,00    0,00    0,00    0,00   99,00
18:47:56      23    0,00    0,00    0,00    0,00    0,00    0,00    0,00    0,00    0,00  100,00

18:47:56     CPU    %usr   %nice    %sys %iowait    %irq   %soft  %steal  %guest  %gnice   %idle
18:47:57     all   54,40    0,00    0,29    0,04    0,00    0,00    0,00    0,00    0,00   45,26
18:47:57       0  100,00    0,00    0,00    0,00    0,00    0,00    0,00    0,00    0,00    0,00
18:47:57       1  100,00    0,00    0,00    0,00    0,00    0,00    0,00    0,00    0,00    0,00
18:47:57       2  100,00    0,00    0,00    0,00    0,00    0,00    0,00    0,00    0,00    0,00
18:47:57       3  100,00    0,00    0,00    0,00    0,00    0,00    0,00    0,00    0,00    0,00
18:47:57       4  100,00    0,00    0,00    0,00    0,00    0,00    0,00    0,00    0,00    0,00
18:47:57       5  100,00    0,00    0,00    0,00    0,00    0,00    0,00    0,00    0,00    0,00
18:47:57       6  100,00    0,00    0,00    0,00    0,00    0,00    0,00    0,00    0,00    0,00
18:47:57       7  100,00    0,00    0,00    0,00    0,00    0,00    0,00    0,00    0,00    0,00
18:47:57       8  100,00    0,00    0,00    0,00    0,00    0,00    0,00    0,00    0,00    0,00
18:47:57       9  100,00    0,00    0,00    0,00    0,00    0,00    0,00    0,00    0,00    0,00
18:47:57      10  100,00    0,00    0,00    0,00    0,00    0,00    0,00    0,00    0,00    0,00
18:47:57      11  100,00    0,00    0,00    0,00    0,00    0,00    0,00    0,00    0,00    0,00
18:47:57      12  100,00    0,00    0,00    0,00    0,00    0,00    0,00    0,00    0,00    0,00
18:47:57      13    0,00    0,00    0,00    0,00    0,00    0,00    0,00    0,00    0,00  100,00
18:47:57      14    0,00    0,00    0,00    0,00    0,00    0,00    0,00    0,00    0,00  100,00
18:47:57      15    0,99    0,00    0,00    0,00    0,00    0,00    0,00    0,00    0,00   99,01
18:47:57      16    0,00    0,00    0,00    1,02    0,00    0,00    0,00    0,00    0,00   98,98
18:47:57      17    2,00    0,00    1,00    0,00    0,00    0,00    0,00    0,00    0,00   97,00
18:47:57      18    0,00    0,00    0,00    0,00    0,00    0,00    0,00    0,00    0,00  100,00
18:47:57      19    1,01    0,00    2,02    0,00    0,00    0,00    0,00    0,00    0,00   96,97
18:47:57      20    0,00    0,00    1,00    0,00    0,00    0,00    0,00    0,00    0,00   99,00
18:47:57      21    0,00    0,00    0,99    0,00    0,00    0,00    0,00    0,00    0,00   99,01
18:47:57      22    0,00    0,00    0,00    0,00    0,00    0,00    0,00    0,00    0,00  100,00
18:47:57      23    0,00    0,00    2,00    0,00    0,00    0,00    0,00    0,00    0,00   98,00

18:47:57     CPU    %usr   %nice    %sys %iowait    %irq   %soft  %steal  %guest  %gnice   %idle
18:47:58     all   54,30    0,00    0,00    0,00    0,00    0,00    0,00    0,00    0,00   45,70
18:47:58       0  100,00    0,00    0,00    0,00    0,00    0,00    0,00    0,00    0,00    0,00
18:47:58       1  100,00    0,00    0,00    0,00    0,00    0,00    0,00    0,00    0,00    0,00
18:47:58       2  100,00    0,00    0,00    0,00    0,00    0,00    0,00    0,00    0,00    0,00
18:47:58       3  100,00    0,00    0,00    0,00    0,00    0,00    0,00    0,00    0,00    0,00
18:47:58       4  100,00    0,00    0,00    0,00    0,00    0,00    0,00    0,00    0,00    0,00
18:47:58       5  100,00    0,00    0,00    0,00    0,00    0,00    0,00    0,00    0,00    0,00
18:47:58       6  100,00    0,00    0,00    0,00    0,00    0,00    0,00    0,00    0,00    0,00
18:47:58       7  100,00    0,00    0,00    0,00    0,00    0,00    0,00    0,00    0,00    0,00
18:47:58       8  100,00    0,00    0,00    0,00    0,00    0,00    0,00    0,00    0,00    0,00
18:47:58       9  100,00    0,00    0,00    0,00    0,00    0,00    0,00    0,00    0,00    0,00
18:47:58      10  100,00    0,00    0,00    0,00    0,00    0,00    0,00    0,00    0,00    0,00
18:47:58      11  100,00    0,00    0,00    0,00    0,00    0,00    0,00    0,00    0,00    0,00
18:47:58      12  100,00    0,00    0,00    0,00    0,00    0,00    0,00    0,00    0,00    0,00
18:47:58      13    0,00    0,00    0,00    0,00    0,00    0,00    0,00    0,00    0,00  100,00
18:47:58      14    0,00    0,00    0,00    0,00    0,00    0,00    0,00    0,00    0,00  100,00
18:47:58      15    0,00    0,00    0,00    0,00    0,00    0,00    0,00    0,00    0,00  100,00
18:47:58      16    0,00    0,00    0,00    0,00    0,00    0,00    0,00    0,00    0,00  100,00
18:47:58      17    0,00    0,00    0,00    0,00    0,00    0,00    0,00    0,00    0,00  100,00
18:47:58      18    0,99    0,00    0,00    0,00    0,00    0,00    0,00    0,00    0,00   99,01
18:47:58      19    0,00    0,00    0,00    0,00    0,00    0,00    0,00    0,00    0,00  100,00
18:47:58      20    0,00    0,00    0,00    0,00    0,00    0,00    0,00    0,00    0,00  100,00
18:47:58      21    0,00    0,00    0,00    0,00    0,00    0,00    0,00    0,00    0,00  100,00
18:47:58      22    0,00    0,00    0,00    0,00    0,00    0,00    0,00    0,00    0,00  100,00
18:47:58      23    0,00    0,00    0,00    0,00    0,00    0,00    0,00    0,00    0,00  100,00

18:47:58     CPU    %usr   %nice    %sys %iowait    %irq   %soft  %steal  %guest  %gnice   %idle
18:47:59     all   55,44    0,00    0,46    0,13    0,00    0,00    0,00    0,00    0,00   43,97
18:47:59       0  100,00    0,00    0,00    0,00    0,00    0,00    0,00    0,00    0,00    0,00
18:47:59       1  100,00    0,00    0,00    0,00    0,00    0,00    0,00    0,00    0,00    0,00
18:47:59       2  100,00    0,00    0,00    0,00    0,00    0,00    0,00    0,00    0,00    0,00
18:47:59       3  100,00    0,00    0,00    0,00    0,00    0,00    0,00    0,00    0,00    0,00
18:47:59       4  100,00    0,00    0,00    0,00    0,00    0,00    0,00    0,00    0,00    0,00
18:47:59       5  100,00    0,00    0,00    0,00    0,00    0,00    0,00    0,00    0,00    0,00
18:47:59       6  100,00    0,00    0,00    0,00    0,00    0,00    0,00    0,00    0,00    0,00
18:47:59       7  100,00    0,00    0,00    0,00    0,00    0,00    0,00    0,00    0,00    0,00
18:47:59       8  100,00    0,00    0,00    0,00    0,00    0,00    0,00    0,00    0,00    0,00
18:47:59       9  100,00    0,00    0,00    0,00    0,00    0,00    0,00    0,00    0,00    0,00
18:47:59      10  100,00    0,00    0,00    0,00    0,00    0,00    0,00    0,00    0,00    0,00
18:47:59      11  100,00    0,00    0,00    0,00    0,00    0,00    0,00    0,00    0,00    0,00
18:47:59      12  100,00    0,00    0,00    0,00    0,00    0,00    0,00    0,00    0,00    0,00
18:47:59      13    0,00    0,00    1,00    0,00    0,00    0,00    0,00    0,00    0,00   99,00
18:47:59      14    4,00    0,00    0,00    0,00    0,00    0,00    0,00    0,00    0,00   96,00
18:47:59      15    2,02    0,00    0,00    0,00    0,00    0,00    0,00    0,00    0,00   97,98
18:47:59      16    8,00    0,00    7,00    0,00    0,00    0,00    0,00    0,00    0,00   85,00
18:47:59      17    5,00    0,00    1,00    0,00    0,00    0,00    0,00    0,00    0,00   94,00
18:47:59      18    1,01    0,00    0,00    0,00    0,00    0,00    0,00    0,00    0,00   98,99
18:47:59      19    1,00    0,00    1,00    0,00    0,00    0,00    0,00    0,00    0,00   98,00
18:47:59      20    4,04    0,00    0,00    2,02    0,00    0,00    0,00    0,00    0,00   93,94
18:47:59      21    4,00    0,00    0,00    1,00    0,00    0,00    0,00    0,00    0,00   95,00
18:47:59      22    0,00    0,00    0,00    0,00    0,00    0,00    0,00    0,00    0,00  100,00
18:47:59      23    0,00    0,00    1,00    0,00    0,00    0,00    0,00    0,00    0,00   99,00
