Linux 6.8.0-111-generic (testbed-node6) 	19/05/26 	_x86_64_	(24 CPU)

13:55:50     CPU    %usr   %nice    %sys %iowait    %irq   %soft  %steal  %guest  %gnice   %idle
13:55:51     all    0,67    0,00    0,12    0,00    0,00   16,51    0,00    0,00    0,00   82,70
13:55:51       0    0,00    0,00    0,00    0,00    0,00  100,00    0,00    0,00    0,00    0,00
13:55:51       1    0,00    0,00    0,00    0,00    0,00   91,51    0,00    0,00    0,00    8,49
13:55:51       2    0,00    0,00    0,00    0,00    0,00  100,00    0,00    0,00    0,00    0,00
13:55:51       3    0,00    0,00    0,00    0,00    0,00  100,00    0,00    0,00    0,00    0,00
13:55:51       4    0,00    0,00    0,00    0,00    0,00    0,00    0,00    0,00    0,00  100,00
13:55:51       5    0,00    0,00    0,00    0,00    0,00    0,00    0,00    0,00    0,00  100,00
13:55:51       6    0,00    0,00    0,00    0,00    0,00    0,00    0,00    0,00    0,00  100,00
13:55:51       7    0,00    0,00    0,00    0,00    0,00    0,00    0,00    0,00    0,00  100,00
13:55:51       8    0,00    0,00    0,00    0,00    0,00    0,00    0,00    0,00    0,00  100,00
13:55:51       9    5,00    0,00    0,00    0,00    0,00    0,00    0,00    0,00    0,00   95,00
13:55:51      10    0,00    0,00    0,00    0,00    0,00    0,00    0,00    0,00    0,00  100,00
13:55:51      11    0,00    0,00    0,00    0,00    0,00    0,00    0,00    0,00    0,00  100,00
13:55:51      12    6,00    0,00    1,00    0,00    0,00    0,00    0,00    0,00    0,00   93,00
13:55:51      13    0,00    0,00    0,00    0,00    0,00    0,00    0,00    0,00    0,00  100,00
13:55:51      14    0,99    0,00    0,00    0,00    0,00    0,00    0,00    0,00    0,00   99,01
13:55:51      15    0,00    0,00    0,00    0,00    0,00    0,00    0,00    0,00    0,00  100,00
13:55:51      16    0,00    0,00    0,00    0,00    0,00    0,00    0,00    0,00    0,00  100,00
13:55:51      17    0,00    0,00    0,00    0,00    0,00    0,00    0,00    0,00    0,00  100,00
13:55:51      18    0,00    0,00    0,00    0,00    0,00    0,00    0,00    0,00    0,00  100,00
13:55:51      19    0,00    0,00    0,00    0,00    0,00    0,00    0,00    0,00    0,00  100,00
13:55:51      20    3,00    0,00    1,00    0,00    0,00    0,00    0,00    0,00    0,00   96,00
13:55:51      21    0,00    0,00    0,00    0,00    0,00    0,00    0,00    0,00    0,00  100,00
13:55:51      22    0,00    0,00    0,00    0,00    0,00    0,00    0,00    0,00    0,00  100,00
13:55:51      23    0,99    0,00    0,99    0,00    0,00    0,00    0,00    0,00    0,00   98,02

13:55:51     CPU    %usr   %nice    %sys %iowait    %irq   %soft  %steal  %guest  %gnice   %idle
13:55:52     all    0,54    0,00    0,00    0,00    0,00   16,65    0,00    0,00    0,00   82,81
13:55:52       0    0,00    0,00    0,00    0,00    0,00  100,00    0,00    0,00    0,00    0,00
13:55:52       1    0,00    0,00    0,00    0,00    0,00  100,00    0,00    0,00    0,00    0,00
13:55:52       2    0,00    0,00    0,00    0,00    0,00  100,00    0,00    0,00    0,00    0,00
13:55:52       3    0,00    0,00    0,00    0,00    0,00  100,00    0,00    0,00    0,00    0,00
13:55:52       4    0,00    0,00    0,00    0,00    0,00    0,00    0,00    0,00    0,00  100,00
13:55:52       5    0,00    0,00    0,00    0,00    0,00    0,00    0,00    0,00    0,00  100,00
13:55:52       6    0,99    0,00    0,00    0,00    0,00    0,00    0,00    0,00    0,00   99,01
13:55:52       7    0,00    0,00    0,00    0,00    0,00    0,00    0,00    0,00    0,00  100,00
13:55:52       8    0,00    0,00    0,00    0,00    0,00    0,00    0,00    0,00    0,00  100,00
13:55:52       9   10,89    0,00    0,00    0,00    0,00    0,00    0,00    0,00    0,00   89,11
13:55:52      10    0,99    0,00    0,00    0,00    0,00    0,00    0,00    0,00    0,00   99,01
13:55:52      11    0,00    0,00    0,00    0,00    0,00    0,00    0,00    0,00    0,00  100,00
13:55:52      12    0,00    0,00    0,00    0,00    0,00    0,00    0,00    0,00    0,00  100,00
13:55:52      13    0,00    0,00    0,00    0,00    0,00    0,00    0,00    0,00    0,00  100,00
13:55:52      14    0,00    0,00    0,00    0,00    0,00    0,00    0,00    0,00    0,00  100,00
13:55:52      15    0,00    0,00    0,00    0,00    0,00    0,00    0,00    0,00    0,00  100,00
13:55:52      16    0,00    0,00    0,00    0,00    0,00    0,00    0,00    0,00    0,00  100,00
13:55:52      17    0,00    0,00    0,00    0,00    0,00    0,00    0,00    0,00    0,00  100,00
13:55:52      18    0,00    0,00    0,00    0,00    0,00    0,00    0,00    0,00    0,00  100,00
13:55:52      19    0,00    0,00    0,00    0,00    0,00    0,00    0,00    0,00    0,00  100,00
13:55:52      20    0,00    0,00    0,00    0,00    0,00    0,00    0,00    0,00    0,00  100,00
13:55:52      21    0,00    0,00    0,00    0,00    0,00    0,00    0,00    0,00    0,00  100,00
13:55:52      22    0,00    0,00    0,00    0,00    0,00    0,00    0,00    0,00    0,00  100,00
13:55:52      23    0,00    0,00    0,00    0,00    0,00    0,00    0,00    0,00    0,00  100,00

13:55:52     CPU    %usr   %nice    %sys %iowait    %irq   %soft  %steal  %guest  %gnice   %idle
13:55:53     all    1,08    0,00    0,67    0,17    0,00   16,65    0,00    0,00    0,00   81,43
13:55:53       0    0,00    0,00    0,00    0,00    0,00  100,00    0,00    0,00    0,00    0,00
13:55:53       1    0,00    0,00    0,00    0,00    0,00  100,00    0,00    0,00    0,00    0,00
13:55:53       2    0,00    0,00    0,00    0,00    0,00  100,00    0,00    0,00    0,00    0,00
13:55:53       3    0,00    0,00    0,00    0,00    0,00  100,00    0,00    0,00    0,00    0,00
13:55:53       4    0,99    0,00    0,00    0,00    0,00    0,00    0,00    0,00    0,00   99,01
13:55:53       5    0,00    0,00    0,00    0,00    0,00    0,00    0,00    0,00    0,00  100,00
13:55:53       6    0,00    0,00    0,00    1,00    0,00    0,00    0,00    0,00    0,00   99,00
13:55:53       7    0,00    0,00    0,00    0,00    0,00    0,00    0,00    0,00    0,00  100,00
13:55:53       8    0,00    0,00    0,00    0,00    0,00    0,00    0,00    0,00    0,00  100,00
13:55:53       9    0,00    0,00    0,00    0,00    0,00    0,00    0,00    0,00    0,00  100,00
13:55:53      10    9,00    0,00    3,00    0,00    0,00    0,00    0,00    0,00    0,00   88,00
13:55:53      11    0,00    0,00    0,00    1,00    0,00    0,00    0,00    0,00    0,00   99,00
13:55:53      12    1,00    0,00    0,00    0,00    0,00    0,00    0,00    0,00    0,00   99,00
13:55:53      13    0,00    0,00    0,00    0,00    0,00    0,00    0,00    0,00    0,00  100,00
13:55:53      14    0,00    0,00    1,00    0,00    0,00    0,00    0,00    0,00    0,00   99,00
13:55:53      15    0,00    0,00    0,00    0,00    0,00    0,00    0,00    0,00    0,00  100,00
13:55:53      16    1,01    0,00    1,01    0,00    0,00    0,00    0,00    0,00    0,00   97,98
13:55:53      17    3,00    0,00    2,00    0,00    0,00    0,00    0,00    0,00    0,00   95,00
13:55:53      18    0,99    0,00    0,99    1,98    0,00    0,00    0,00    0,00    0,00   96,04
13:55:53      19    3,00    0,00    2,00    0,00    0,00    0,00    0,00    0,00    0,00   95,00
13:55:53      20    2,00    0,00    2,00    0,00    0,00    0,00    0,00    0,00    0,00   96,00
13:55:53      21    1,00    0,00    1,00    0,00    0,00    0,00    0,00    0,00    0,00   98,00
13:55:53      22    3,96    0,00    2,97    0,00    0,00    0,00    0,00    0,00    0,00   93,07
13:55:53      23    0,00    0,00    0,00    0,00    0,00    0,00    0,00    0,00    0,00  100,00

13:55:53     CPU    %usr   %nice    %sys %iowait    %irq   %soft  %steal  %guest  %gnice   %idle
13:55:54     all    0,46    0,00    0,00    0,00    0,00   16,68    0,00    0,00    0,00   82,86
13:55:54       0    0,00    0,00    0,00    0,00    0,00  100,00    0,00    0,00    0,00    0,00
13:55:54       1    0,00    0,00    0,00    0,00    0,00  100,00    0,00    0,00    0,00    0,00
13:55:54       2    0,00    0,00    0,00    0,00    0,00  100,00    0,00    0,00    0,00    0,00
13:55:54       3    0,00    0,00    0,00    0,00    0,00  100,00    0,00    0,00    0,00    0,00
13:55:54       4    0,00    0,00    0,00    0,00    0,00    0,00    0,00    0,00    0,00  100,00
13:55:54       5    0,00    0,00    0,00    0,00    0,00    0,00    0,00    0,00    0,00  100,00
13:55:54       6    0,00    0,00    0,00    0,00    0,00    0,00    0,00    0,00    0,00  100,00
13:55:54       7    0,00    0,00    0,00    0,00    0,00    0,00    0,00    0,00    0,00  100,00
13:55:54       8    0,99    0,00    0,00    0,00    0,00    0,00    0,00    0,00    0,00   99,01
13:55:54       9   10,10    0,00    0,00    0,00    0,00    0,00    0,00    0,00    0,00   89,90
13:55:54      10    0,00    0,00    0,00    0,00    0,00    0,00    0,00    0,00    0,00  100,00
13:55:54      11    0,00    0,00    0,00    0,00    0,00    0,00    0,00    0,00    0,00  100,00
13:55:54      12    0,00    0,00    0,00    0,00    0,00    0,00    0,00    0,00    0,00  100,00
13:55:54      13    0,00    0,00    0,00    0,00    0,00    0,00    0,00    0,00    0,00  100,00
13:55:54      14    0,00    0,00    0,00    0,00    0,00    0,00    0,00    0,00    0,00  100,00
13:55:54      15    0,00    0,00    0,00    0,00    0,00    0,00    0,00    0,00    0,00  100,00
13:55:54      16    0,00    0,00    0,00    0,00    0,00    0,00    0,00    0,00    0,00  100,00
13:55:54      17    0,00    0,00    0,00    0,00    0,00    0,00    0,00    0,00    0,00  100,00
13:55:54      18    0,00    0,00    0,00    0,00    0,00    0,00    0,00    0,00    0,00  100,00
13:55:54      19    0,00    0,00    0,00    0,00    0,00    0,00    0,00    0,00    0,00  100,00
13:55:54      20    0,00    0,00    0,00    0,00    0,00    0,00    0,00    0,00    0,00  100,00
13:55:54      21    0,00    0,00    0,00    0,00    0,00    0,00    0,00    0,00    0,00  100,00
13:55:54      22    0,00    0,00    0,00    0,00    0,00    0,00    0,00    0,00    0,00  100,00
13:55:54      23    0,00    0,00    0,00    0,00    0,00    0,00    0,00    0,00    0,00  100,00

13:55:54     CPU    %usr   %nice    %sys %iowait    %irq   %soft  %steal  %guest  %gnice   %idle
13:55:55     all    0,00    0,00    0,00    0,00    0,00   16,69    0,00    0,00    0,00   83,31
13:55:55       0    0,00    0,00    0,00    0,00    0,00  100,00    0,00    0,00    0,00    0,00
13:55:55       1    0,00    0,00    0,00    0,00    0,00  100,00    0,00    0,00    0,00    0,00
13:55:55       2    0,00    0,00    0,00    0,00    0,00  100,00    0,00    0,00    0,00    0,00
13:55:55       3    0,00    0,00    0,00    0,00    0,00  100,00    0,00    0,00    0,00    0,00
13:55:55       4    0,00    0,00    0,00    0,00    0,00    0,00    0,00    0,00    0,00  100,00
13:55:55       5    0,00    0,00    0,00    0,00    0,00    0,00    0,00    0,00    0,00  100,00
13:55:55       6    0,00    0,00    0,00    0,00    0,00    0,00    0,00    0,00    0,00  100,00
13:55:55       7    0,00    0,00    0,00    0,00    0,00    0,00    0,00    0,00    0,00  100,00
13:55:55       8    0,00    0,00    0,00    0,00    0,00    0,00    0,00    0,00    0,00  100,00
13:55:55       9    0,00    0,00    0,00    0,00    0,00    0,00    0,00    0,00    0,00  100,00
13:55:55      10    0,00    0,00    0,00    0,00    0,00    0,00    0,00    0,00    0,00  100,00
13:55:55      11    0,00    0,00    0,00    0,00    0,00    0,00    0,00    0,00    0,00  100,00
13:55:55      12    0,00    0,00    0,00    0,00    0,00    0,00    0,00    0,00    0,00  100,00
13:55:55      13    0,00    0,00    0,00    0,00    0,00    0,00    0,00    0,00    0,00  100,00
13:55:55      14    0,00    0,00    0,00    0,00    0,00    0,00    0,00    0,00    0,00  100,00
13:55:55      15    0,00    0,00    0,00    0,00    0,00    0,00    0,00    0,00    0,00  100,00
13:55:55      16    0,00    0,00    0,00    0,00    0,00    0,00    0,00    0,00    0,00  100,00
13:55:55      17    0,00    0,00    0,00    0,00    0,00    0,00    0,00    0,00    0,00  100,00
13:55:55      18    0,00    0,00    0,00    0,00    0,00    0,00    0,00    0,00    0,00  100,00
13:55:55      19    0,00    0,00    0,00    0,00    0,00    0,00    0,00    0,00    0,00  100,00
13:55:55      20    0,00    0,00    0,00    0,00    0,00    0,00    0,00    0,00    0,00  100,00
13:55:55      21    0,00    0,00    0,00    0,00    0,00    0,00    0,00    0,00    0,00  100,00
13:55:55      22    0,00    0,00    0,00    0,00    0,00    0,00    0,00    0,00    0,00  100,00
13:55:55      23    0,00    0,00    0,00    0,00    0,00    0,00    0,00    0,00    0,00  100,00

13:55:55     CPU    %usr   %nice    %sys %iowait    %irq   %soft  %steal  %guest  %gnice   %idle
13:55:56     all    0,00    0,00    0,04    0,00    0,00   16,66    0,00    0,00    0,00   83,30
13:55:56       0    0,00    0,00    0,00    0,00    0,00  100,00    0,00    0,00    0,00    0,00
13:55:56       1    0,00    0,00    0,00    0,00    0,00  100,00    0,00    0,00    0,00    0,00
13:55:56       2    0,00    0,00    0,00    0,00    0,00  100,00    0,00    0,00    0,00    0,00
13:55:56       3    0,00    0,00    0,00    0,00    0,00  100,00    0,00    0,00    0,00    0,00
13:55:56       4    0,00    0,00    0,00    0,00    0,00    0,00    0,00    0,00    0,00  100,00
13:55:56       5    0,00    0,00    0,00    0,00    0,00    0,00    0,00    0,00    0,00  100,00
13:55:56       6    0,00    0,00    0,99    0,00    0,00    0,00    0,00    0,00    0,00   99,01
13:55:56       7    0,00    0,00    0,00    0,00    0,00    0,00    0,00    0,00    0,00  100,00
13:55:56       8    0,00    0,00    0,00    0,00    0,00    0,00    0,00    0,00    0,00  100,00
13:55:56       9    0,00    0,00    0,00    0,00    0,00    0,00    0,00    0,00    0,00  100,00
13:55:56      10    0,00    0,00    0,00    0,00    0,00    0,00    0,00    0,00    0,00  100,00
13:55:56      11    0,00    0,00    0,00    0,00    0,00    0,00    0,00    0,00    0,00  100,00
13:55:56      12    0,00    0,00    0,00    0,00    0,00    0,00    0,00    0,00    0,00  100,00
13:55:56      13    0,00    0,00    0,00    0,00    0,00    0,00    0,00    0,00    0,00  100,00
13:55:56      14    0,00    0,00    0,00    0,00    0,00    0,00    0,00    0,00    0,00  100,00
13:55:56      15    0,00    0,00    0,00    0,00    0,00    0,00    0,00    0,00    0,00  100,00
13:55:56      16    0,00    0,00    0,00    0,00    0,00    0,00    0,00    0,00    0,00  100,00
13:55:56      17    0,00    0,00    0,00    0,00    0,00    0,00    0,00    0,00    0,00  100,00
13:55:56      18    0,00    0,00    0,00    0,00    0,00    0,00    0,00    0,00    0,00  100,00
13:55:56      19    0,00    0,00    0,00    0,00    0,00    0,00    0,00    0,00    0,00  100,00
13:55:56      20    0,00    0,00    0,00    0,00    0,00    0,00    0,00    0,00    0,00  100,00
13:55:56      21    0,00    0,00    0,00    0,00    0,00    0,00    0,00    0,00    0,00  100,00
13:55:56      22    0,00    0,00    0,00    0,00    0,00    0,00    0,00    0,00    0,00  100,00
13:55:56      23    0,00    0,00    0,00    0,00    0,00    0,00    0,00    0,00    0,00  100,00

13:55:56     CPU    %usr   %nice    %sys %iowait    %irq   %soft  %steal  %guest  %gnice   %idle
13:55:57     all    0,04    0,00    0,00    0,00    0,00   16,68    0,00    0,00    0,00   83,28
13:55:57       0    0,00    0,00    0,00    0,00    0,00  100,00    0,00    0,00    0,00    0,00
13:55:57       1    0,00    0,00    0,00    0,00    0,00  100,00    0,00    0,00    0,00    0,00
13:55:57       2    0,00    0,00    0,00    0,00    0,00  100,00    0,00    0,00    0,00    0,00
13:55:57       3    0,00    0,00    0,00    0,00    0,00  100,00    0,00    0,00    0,00    0,00
13:55:57       4    0,00    0,00    0,00    0,00    0,00    0,00    0,00    0,00    0,00  100,00
13:55:57       5    0,00    0,00    0,00    0,00    0,00    0,00    0,00    0,00    0,00  100,00
13:55:57       6    0,00    0,00    0,00    0,00    0,00    0,00    0,00    0,00    0,00  100,00
13:55:57       7    0,00    0,00    0,00    0,00    0,00    0,00    0,00    0,00    0,00  100,00
13:55:57       8    0,00    0,00    0,00    0,00    0,00    0,00    0,00    0,00    0,00  100,00
13:55:57       9    0,00    0,00    0,00    0,00    0,00    0,00    0,00    0,00    0,00  100,00
13:55:57      10    0,00    0,00    0,00    0,00    0,00    0,00    0,00    0,00    0,00  100,00
13:55:57      11    0,00    0,00    0,00    0,00    0,00    0,00    0,00    0,00    0,00  100,00
13:55:57      12    0,00    0,00    0,00    0,00    0,00    0,00    0,00    0,00    0,00  100,00
13:55:57      13    0,00    0,00    0,00    0,00    0,00    0,00    0,00    0,00    0,00  100,00
13:55:57      14    0,99    0,00    0,00    0,00    0,00    0,00    0,00    0,00    0,00   99,01
13:55:57      15    0,00    0,00    0,00    0,00    0,00    0,00    0,00    0,00    0,00  100,00
13:55:57      16    0,00    0,00    0,00    0,00    0,00    0,00    0,00    0,00    0,00  100,00
13:55:57      17    0,00    0,00    0,00    0,00    0,00    0,00    0,00    0,00    0,00  100,00
13:55:57      18    0,00    0,00    0,00    0,00    0,00    0,00    0,00    0,00    0,00  100,00
13:55:57      19    0,00    0,00    0,00    0,00    0,00    0,00    0,00    0,00    0,00  100,00
13:55:57      20    0,00    0,00    0,00    0,00    0,00    0,00    0,00    0,00    0,00  100,00
13:55:57      21    0,00    0,00    0,00    0,00    0,00    0,00    0,00    0,00    0,00  100,00
13:55:57      22    0,00    0,00    0,00    0,00    0,00    0,00    0,00    0,00    0,00  100,00
13:55:57      23    0,00    0,00    0,00    0,00    0,00    0,00    0,00    0,00    0,00  100,00

13:55:57     CPU    %usr   %nice    %sys %iowait    %irq   %soft  %steal  %guest  %gnice   %idle
13:55:58     all    0,08    0,00    0,00    0,08    0,00   16,66    0,00    0,00    0,00   83,17
13:55:58       0    0,00    0,00    0,00    0,00    0,00  100,00    0,00    0,00    0,00    0,00
13:55:58       1    0,00    0,00    0,00    0,00    0,00  100,00    0,00    0,00    0,00    0,00
13:55:58       2    0,00    0,00    0,00    0,00    0,00  100,00    0,00    0,00    0,00    0,00
13:55:58       3    0,00    0,00    0,00    0,00    0,00  100,00    0,00    0,00    0,00    0,00
13:55:58       4    0,00    0,00    0,00    0,00    0,00    0,00    0,00    0,00    0,00  100,00
13:55:58       5    0,00    0,00    0,00    0,00    0,00    0,00    0,00    0,00    0,00  100,00
13:55:58       6    0,00    0,00    0,00    1,00    0,00    0,00    0,00    0,00    0,00   99,00
13:55:58       7    0,00    0,00    0,00    0,00    0,00    0,00    0,00    0,00    0,00  100,00
13:55:58       8    0,99    0,00    0,00    0,00    0,00    0,00    0,00    0,00    0,00   99,01
13:55:58       9    0,00    0,00    0,00    0,00    0,00    0,00    0,00    0,00    0,00  100,00
13:55:58      10    0,99    0,00    0,00    0,00    0,00    0,00    0,00    0,00    0,00   99,01
13:55:58      11    0,00    0,00    0,00    0,00    0,00    0,00    0,00    0,00    0,00  100,00
13:55:58      12    0,00    0,00    0,00    0,00    0,00    0,00    0,00    0,00    0,00  100,00
13:55:58      13    0,00    0,00    0,00    0,00    0,00    0,00    0,00    0,00    0,00  100,00
13:55:58      14    0,00    0,00    0,00    0,00    0,00    0,00    0,00    0,00    0,00  100,00
13:55:58      15    0,00    0,00    0,00    0,00    0,00    0,00    0,00    0,00    0,00  100,00
13:55:58      16    0,00    0,00    0,00    0,00    0,00    0,00    0,00    0,00    0,00  100,00
13:55:58      17    0,00    0,00    0,00    0,00    0,00    0,00    0,00    0,00    0,00  100,00
13:55:58      18    0,00    0,00    0,00    1,01    0,00    0,00    0,00    0,00    0,00   98,99
13:55:58      19    0,00    0,00    0,00    0,00    0,00    0,00    0,00    0,00    0,00  100,00
13:55:58      20    0,00    0,00    0,00    0,00    0,00    0,00    0,00    0,00    0,00  100,00
13:55:58      21    0,00    0,00    0,00    0,00    0,00    0,00    0,00    0,00    0,00  100,00
13:55:58      22    0,00    0,00    0,00    0,00    0,00    0,00    0,00    0,00    0,00  100,00
13:55:58      23    0,00    0,00    0,00    0,00    0,00    0,00    0,00    0,00    0,00  100,00

13:55:58     CPU    %usr   %nice    %sys %iowait    %irq   %soft  %steal  %guest  %gnice   %idle
13:55:59     all    0,00    0,00    0,04    0,00    0,00   16,68    0,00    0,00    0,00   83,28
13:55:59       0    0,00    0,00    0,00    0,00    0,00  100,00    0,00    0,00    0,00    0,00
13:55:59       1    0,00    0,00    0,00    0,00    0,00  100,00    0,00    0,00    0,00    0,00
13:55:59       2    0,00    0,00    0,00    0,00    0,00  100,00    0,00    0,00    0,00    0,00
13:55:59       3    0,00    0,00    0,00    0,00    0,00  100,00    0,00    0,00    0,00    0,00
13:55:59       4    0,00    0,00    0,00    0,00    0,00    0,00    0,00    0,00    0,00  100,00
13:55:59       5    0,00    0,00    0,00    0,00    0,00    0,00    0,00    0,00    0,00  100,00
13:55:59       6    0,00    0,00    0,00    0,00    0,00    0,00    0,00    0,00    0,00  100,00
13:55:59       7    0,00    0,00    0,00    0,00    0,00    0,00    0,00    0,00    0,00  100,00
13:55:59       8    0,00    0,00    0,00    0,00    0,00    0,00    0,00    0,00    0,00  100,00
13:55:59       9    0,00    0,00    0,00    0,00    0,00    0,00    0,00    0,00    0,00  100,00
13:55:59      10    0,00    0,00    0,00    0,00    0,00    0,00    0,00    0,00    0,00  100,00
13:55:59      11    0,00    0,00    0,00    0,00    0,00    0,00    0,00    0,00    0,00  100,00
13:55:59      12    0,00    0,00    0,00    0,00    0,00    0,00    0,00    0,00    0,00  100,00
13:55:59      13    0,00    0,00    0,00    0,00    0,00    0,00    0,00    0,00    0,00  100,00
13:55:59      14    0,00    0,00    0,00    0,00    0,00    0,00    0,00    0,00    0,00  100,00
13:55:59      15    0,00    0,00    0,00    0,00    0,00    0,00    0,00    0,00    0,00  100,00
13:55:59      16    0,00    0,00    0,99    0,00    0,00    0,00    0,00    0,00    0,00   99,01
13:55:59      17    0,00    0,00    0,00    0,00    0,00    0,00    0,00    0,00    0,00  100,00
13:55:59      18    0,00    0,00    0,00    0,00    0,00    0,00    0,00    0,00    0,00  100,00
13:55:59      19    0,00    0,00    0,00    0,00    0,00    0,00    0,00    0,00    0,00  100,00
13:55:59      20    0,00    0,00    0,00    0,00    0,00    0,00    0,00    0,00    0,00  100,00
13:55:59      21    0,00    0,00    0,00    0,00    0,00    0,00    0,00    0,00    0,00  100,00
13:55:59      22    0,00    0,00    0,00    0,00    0,00    0,00    0,00    0,00    0,00  100,00
13:55:59      23    0,00    0,00    0,00    0,00    0,00    0,00    0,00    0,00    0,00  100,00

13:55:59     CPU    %usr   %nice    %sys %iowait    %irq   %soft  %steal  %guest  %gnice   %idle
13:56:00     all    0,25    0,00    0,00    0,00    0,00   16,68    0,00    0,00    0,00   83,07
13:56:00       0    0,00    0,00    0,00    0,00    0,00  100,00    0,00    0,00    0,00    0,00
13:56:00       1    0,00    0,00    0,00    0,00    0,00  100,00    0,00    0,00    0,00    0,00
13:56:00       2    0,00    0,00    0,00    0,00    0,00  100,00    0,00    0,00    0,00    0,00
13:56:00       3    0,00    0,00    0,00    0,00    0,00  100,00    0,00    0,00    0,00    0,00
13:56:00       4    0,00    0,00    0,00    0,00    0,00    0,00    0,00    0,00    0,00  100,00
13:56:00       5    0,00    0,00    0,00    0,00    0,00    0,00    0,00    0,00    0,00  100,00
13:56:00       6    0,00    0,00    0,00    0,00    0,00    0,00    0,00    0,00    0,00  100,00
13:56:00       7    0,00    0,00    0,00    0,00    0,00    0,00    0,00    0,00    0,00  100,00
13:56:00       8    5,00    0,00    0,00    0,00    0,00    0,00    0,00    0,00    0,00   95,00
13:56:00       9    0,99    0,00    0,00    0,00    0,00    0,00    0,00    0,00    0,00   99,01
13:56:00      10    0,00    0,00    0,00    0,00    0,00    0,00    0,00    0,00    0,00  100,00
13:56:00      11    0,00    0,00    0,00    0,00    0,00    0,00    0,00    0,00    0,00  100,00
13:56:00      12    0,00    0,00    0,00    0,00    0,00    0,00    0,00    0,00    0,00  100,00
13:56:00      13    0,00    0,00    0,00    0,00    0,00    0,00    0,00    0,00    0,00  100,00
13:56:00      14    0,00    0,00    0,00    0,00    0,00    0,00    0,00    0,00    0,00  100,00
13:56:00      15    0,00    0,00    0,00    0,00    0,00    0,00    0,00    0,00    0,00  100,00
13:56:00      16    0,00    0,00    0,00    0,00    0,00    0,00    0,00    0,00    0,00  100,00
13:56:00      17    0,00    0,00    0,00    0,00    0,00    0,00    0,00    0,00    0,00  100,00
13:56:00      18    0,00    0,00    0,00    0,00    0,00    0,00    0,00    0,00    0,00  100,00
13:56:00      19    0,00    0,00    0,00    0,00    0,00    0,00    0,00    0,00    0,00  100,00
13:56:00      20    0,00    0,00    0,00    0,00    0,00    0,00    0,00    0,00    0,00  100,00
13:56:00      21    0,00    0,00    0,00    0,00    0,00    0,00    0,00    0,00    0,00  100,00
13:56:00      22    0,00    0,00    0,00    0,00    0,00    0,00    0,00    0,00    0,00  100,00
13:56:00      23    0,00    0,00    0,00    0,00    0,00    0,00    0,00    0,00    0,00  100,00

13:56:00     CPU    %usr   %nice    %sys %iowait    %irq   %soft  %steal  %guest  %gnice   %idle
13:56:01     all    0,46    0,00    0,38    0,00    0,00   16,68    0,00    0,00    0,00   82,49
13:56:01       0    0,00    0,00    0,00    0,00    0,00  100,00    0,00    0,00    0,00    0,00
13:56:01       1    0,00    0,00    0,00    0,00    0,00  100,00    0,00    0,00    0,00    0,00
13:56:01       2    0,00    0,00    0,00    0,00    0,00  100,00    0,00    0,00    0,00    0,00
13:56:01       3    0,00    0,00    0,00    0,00    0,00  100,00    0,00    0,00    0,00    0,00
13:56:01       4    0,00    0,00    0,00    0,00    0,00    0,00    0,00    0,00    0,00  100,00
13:56:01       5    0,00    0,00    0,00    0,00    0,00    0,00    0,00    0,00    0,00  100,00
13:56:01       6    0,00    0,00    0,00    0,00    0,00    0,00    0,00    0,00    0,00  100,00
13:56:01       7    0,00    0,00    0,00    0,00    0,00    0,00    0,00    0,00    0,00  100,00
13:56:01       8    0,00    0,00    0,00    0,00    0,00    0,00    0,00    0,00    0,00  100,00
13:56:01       9    0,00    0,00    0,00    0,00    0,00    0,00    0,00    0,00    0,00  100,00
13:56:01      10    9,90    0,00    8,91    0,00    0,00    0,00    0,00    0,00    0,00   81,19
13:56:01      11    0,00    0,00    0,00    0,00    0,00    0,00    0,00    0,00    0,00  100,00
13:56:01      12    0,00    0,00    0,00    0,00    0,00    0,00    0,00    0,00    0,00  100,00
13:56:01      13    0,00    0,00    0,00    0,00    0,00    0,00    0,00    0,00    0,00  100,00
13:56:01      14    0,00    0,00    0,00    0,00    0,00    0,00    0,00    0,00    0,00  100,00
13:56:01      15    0,00    0,00    0,00    0,00    0,00    0,00    0,00    0,00    0,00  100,00
13:56:01      16    0,00    0,00    0,00    0,00    0,00    0,00    0,00    0,00    0,00  100,00
13:56:01      17    0,00    0,00    0,00    0,00    0,00    0,00    0,00    0,00    0,00  100,00
13:56:01      18    0,99    0,00    0,00    0,00    0,00    0,00    0,00    0,00    0,00   99,01
13:56:01      19    0,00    0,00    0,00    0,00    0,00    0,00    0,00    0,00    0,00  100,00
13:56:01      20    0,00    0,00    0,00    0,00    0,00    0,00    0,00    0,00    0,00  100,00
13:56:01      21    0,00    0,00    0,00    0,00    0,00    0,00    0,00    0,00    0,00  100,00
13:56:01      22    0,00    0,00    0,00    0,00    0,00    0,00    0,00    0,00    0,00  100,00
13:56:01      23    0,00    0,00    0,00    0,00    0,00    0,00    0,00    0,00    0,00  100,00

13:56:01     CPU    %usr   %nice    %sys %iowait    %irq   %soft  %steal  %guest  %gnice   %idle
13:56:02     all    0,25    0,00    0,00    0,00    0,00   16,68    0,00    0,00    0,00   83,07
13:56:02       0    0,00    0,00    0,00    0,00    0,00  100,00    0,00    0,00    0,00    0,00
13:56:02       1    0,00    0,00    0,00    0,00    0,00  100,00    0,00    0,00    0,00    0,00
13:56:02       2    0,00    0,00    0,00    0,00    0,00  100,00    0,00    0,00    0,00    0,00
13:56:02       3    0,00    0,00    0,00    0,00    0,00  100,00    0,00    0,00    0,00    0,00
13:56:02       4    0,00    0,00    0,00    0,00    0,00    0,00    0,00    0,00    0,00  100,00
13:56:02       5    0,00    0,00    0,00    0,00    0,00    0,00    0,00    0,00    0,00  100,00
13:56:02       6    0,00    0,00    0,00    0,00    0,00    0,00    0,00    0,00    0,00  100,00
13:56:02       7    0,00    0,00    0,00    0,00    0,00    0,00    0,00    0,00    0,00  100,00
13:56:02       8    0,00    0,00    0,00    0,00    0,00    0,00    0,00    0,00    0,00  100,00
13:56:02       9    0,00    0,00    0,00    0,00    0,00    0,00    0,00    0,00    0,00  100,00
13:56:02      10    6,00    0,00    0,00    0,00    0,00    0,00    0,00    0,00    0,00   94,00
13:56:02      11    0,00    0,00    0,00    0,00    0,00    0,00    0,00    0,00    0,00  100,00
13:56:02      12    0,00    0,00    0,00    0,00    0,00    0,00    0,00    0,00    0,00  100,00
13:56:02      13    0,00    0,00    0,00    0,00    0,00    0,00    0,00    0,00    0,00  100,00
13:56:02      14    0,00    0,00    0,00    0,00    0,00    0,00    0,00    0,00    0,00  100,00
13:56:02      15    0,00    0,00    0,00    0,00    0,00    0,00    0,00    0,00    0,00  100,00
13:56:02      16    0,00    0,00    0,00    0,00    0,00    0,00    0,00    0,00    0,00  100,00
13:56:02      17    0,00    0,00    0,00    0,00    0,00    0,00    0,00    0,00    0,00  100,00
13:56:02      18    0,00    0,00    0,00    0,00    0,00    0,00    0,00    0,00    0,00  100,00
13:56:02      19    0,00    0,00    0,00    0,00    0,00    0,00    0,00    0,00    0,00  100,00
13:56:02      20    0,00    0,00    0,00    0,00    0,00    0,00    0,00    0,00    0,00  100,00
13:56:02      21    0,00    0,00    0,00    0,00    0,00    0,00    0,00    0,00    0,00  100,00
13:56:02      22    0,00    0,00    0,00    0,00    0,00    0,00    0,00    0,00    0,00  100,00
13:56:02      23    0,00    0,00    0,00    0,00    0,00    0,00    0,00    0,00    0,00  100,00

13:56:02     CPU    %usr   %nice    %sys %iowait    %irq   %soft  %steal  %guest  %gnice   %idle
13:56:03     all    1,79    0,00    0,75    0,08    0,00   16,65    0,00    0,00    0,00   80,72
13:56:03       0    0,00    0,00    0,00    0,00    0,00  100,00    0,00    0,00    0,00    0,00
13:56:03       1    0,00    0,00    0,00    0,00    0,00  100,00    0,00    0,00    0,00    0,00
13:56:03       2    0,00    0,00    0,00    0,00    0,00  100,00    0,00    0,00    0,00    0,00
13:56:03       3    0,00    0,00    0,00    0,00    0,00  100,00    0,00    0,00    0,00    0,00
13:56:03       4    0,00    0,00    0,00    0,00    0,00    0,00    0,00    0,00    0,00  100,00
13:56:03       5    3,96    0,00    0,99    0,00    0,00    0,00    0,00    0,00    0,00   95,05
13:56:03       6    0,00    0,00    0,00    0,00    0,00    0,00    0,00    0,00    0,00  100,00
13:56:03       7    0,00    0,00    0,00    0,00    0,00    0,00    0,00    0,00    0,00  100,00
13:56:03       8    1,00    0,00    0,00    0,00    0,00    0,00    0,00    0,00    0,00   99,00
13:56:03       9    0,00    0,00    0,00    0,00    0,00    0,00    0,00    0,00    0,00  100,00
13:56:03      10    5,00    0,00    0,00    0,00    0,00    0,00    0,00    0,00    0,00   95,00
13:56:03      11    0,00    0,00    0,00    0,00    0,00    0,00    0,00    0,00    0,00  100,00
13:56:03      12    4,04    0,00    1,01    0,00    0,00    0,00    0,00    0,00    0,00   94,95
13:56:03      13    0,00    0,00    0,00    0,00    0,00    0,00    0,00    0,00    0,00  100,00
13:56:03      14    0,99    0,00    0,00    0,00    0,00    0,00    0,00    0,00    0,00   99,01
13:56:03      15    0,00    0,00    0,00    0,00    0,00    0,00    0,00    0,00    0,00  100,00
13:56:03      16   13,86    0,00    1,98    0,00    0,00    0,00    0,00    0,00    0,00   84,16
13:56:03      17    4,04    0,00    3,03    0,00    0,00    0,00    0,00    0,00    0,00   92,93
13:56:03      18    1,98    0,00    1,98    1,98    0,00    0,00    0,00    0,00    0,00   94,06
13:56:03      19    2,00    0,00    1,00    0,00    0,00    0,00    0,00    0,00    0,00   97,00
13:56:03      20    0,99    0,00    1,98    0,00    0,00    0,00    0,00    0,00    0,00   97,03
13:56:03      21    1,00    0,00    2,00    0,00    0,00    0,00    0,00    0,00    0,00   97,00
13:56:03      22    1,00    0,00    1,00    0,00    0,00    0,00    0,00    0,00    0,00   98,00
13:56:03      23    3,00    0,00    3,00    0,00    0,00    0,00    0,00    0,00    0,00   94,00
