Linux 6.8.0-110-generic (testbed-node1) 	13/05/26 	_x86_64_	(24 CPU)

22:46:09     CPU    %usr   %nice    %sys %iowait    %irq   %soft  %steal  %guest  %gnice   %idle
22:46:10     all   58,58    0,00    0,08    0,08    0,00    0,00    0,00    0,00    0,00   41,25
22:46:10       0  100,00    0,00    0,00    0,00    0,00    0,00    0,00    0,00    0,00    0,00
22:46:10       1  100,00    0,00    0,00    0,00    0,00    0,00    0,00    0,00    0,00    0,00
22:46:10       2  100,00    0,00    0,00    0,00    0,00    0,00    0,00    0,00    0,00    0,00
22:46:10       3  100,00    0,00    0,00    0,00    0,00    0,00    0,00    0,00    0,00    0,00
22:46:10       4  100,00    0,00    0,00    0,00    0,00    0,00    0,00    0,00    0,00    0,00
22:46:10       5  100,00    0,00    0,00    0,00    0,00    0,00    0,00    0,00    0,00    0,00
22:46:10       6  100,00    0,00    0,00    0,00    0,00    0,00    0,00    0,00    0,00    0,00
22:46:10       7  100,00    0,00    0,00    0,00    0,00    0,00    0,00    0,00    0,00    0,00
22:46:10       8  100,00    0,00    0,00    0,00    0,00    0,00    0,00    0,00    0,00    0,00
22:46:10       9  100,00    0,00    0,00    0,00    0,00    0,00    0,00    0,00    0,00    0,00
22:46:10      10  100,00    0,00    0,00    0,00    0,00    0,00    0,00    0,00    0,00    0,00
22:46:10      11  100,00    0,00    0,00    0,00    0,00    0,00    0,00    0,00    0,00    0,00
22:46:10      12  100,00    0,00    0,00    0,00    0,00    0,00    0,00    0,00    0,00    0,00
22:46:10      13    0,00    0,00    0,00    0,00    0,00    0,00    0,00    0,00    0,00  100,00
22:46:10      14  100,00    0,00    0,00    0,00    0,00    0,00    0,00    0,00    0,00    0,00
22:46:10      15    0,00    0,00    0,00    0,00    0,00    0,00    0,00    0,00    0,00  100,00
22:46:10      16    0,00    0,00    1,00    0,00    0,00    0,00    0,00    0,00    0,00   99,00
22:46:10      17    0,00    0,00    0,00    0,00    0,00    0,00    0,00    0,00    0,00  100,00
22:46:10      18    0,00    0,00    0,00    0,00    0,00    0,00    0,00    0,00    0,00  100,00
22:46:10      19    0,00    0,00    0,00    1,00    0,00    0,00    0,00    0,00    0,00   99,00
22:46:10      20    0,99    0,00    0,00    0,00    0,00    0,00    0,00    0,00    0,00   99,01
22:46:10      21    0,00    0,00    0,00    0,00    0,00    0,00    0,00    0,00    0,00  100,00
22:46:10      22    2,00    0,00    1,00    1,00    0,00    0,00    0,00    0,00    0,00   96,00
22:46:10      23    0,00    0,00    0,00    0,00    0,00    0,00    0,00    0,00    0,00  100,00

22:46:10     CPU    %usr   %nice    %sys %iowait    %irq   %soft  %steal  %guest  %gnice   %idle
22:46:11     all   61,39    0,00    0,71    0,00    0,00    0,00    0,00    0,00    0,00   37,90
22:46:11       0  100,00    0,00    0,00    0,00    0,00    0,00    0,00    0,00    0,00    0,00
22:46:11       1  100,00    0,00    0,00    0,00    0,00    0,00    0,00    0,00    0,00    0,00
22:46:11       2  100,00    0,00    0,00    0,00    0,00    0,00    0,00    0,00    0,00    0,00
22:46:11       3  100,00    0,00    0,00    0,00    0,00    0,00    0,00    0,00    0,00    0,00
22:46:11       4  100,00    0,00    0,00    0,00    0,00    0,00    0,00    0,00    0,00    0,00
22:46:11       5  100,00    0,00    0,00    0,00    0,00    0,00    0,00    0,00    0,00    0,00
22:46:11       6  100,00    0,00    0,00    0,00    0,00    0,00    0,00    0,00    0,00    0,00
22:46:11       7  100,00    0,00    0,00    0,00    0,00    0,00    0,00    0,00    0,00    0,00
22:46:11       8  100,00    0,00    0,00    0,00    0,00    0,00    0,00    0,00    0,00    0,00
22:46:11       9  100,00    0,00    0,00    0,00    0,00    0,00    0,00    0,00    0,00    0,00
22:46:11      10  100,00    0,00    0,00    0,00    0,00    0,00    0,00    0,00    0,00    0,00
22:46:11      11  100,00    0,00    0,00    0,00    0,00    0,00    0,00    0,00    0,00    0,00
22:46:11      12  100,00    0,00    0,00    0,00    0,00    0,00    0,00    0,00    0,00    0,00
22:46:11      13    0,00    0,00    0,00    0,00    0,00    0,00    0,00    0,00    0,00  100,00
22:46:11      14  100,00    0,00    0,00    0,00    0,00    0,00    0,00    0,00    0,00    0,00
22:46:11      15    0,00    0,00    0,00    0,00    0,00    0,00    0,00    0,00    0,00  100,00
22:46:11      16   16,00    0,00    1,00    0,00    0,00    0,00    0,00    0,00    0,00   83,00
22:46:11      17   13,86    0,00    0,99    0,00    0,00    0,00    0,00    0,00    0,00   85,15
22:46:11      18   16,00    0,00    8,00    0,00    0,00    0,00    0,00    0,00    0,00   76,00
22:46:11      19   12,87    0,00    0,99    0,00    0,00    0,00    0,00    0,00    0,00   86,14
22:46:11      20   12,12    0,00    0,00    0,00    0,00    0,00    0,00    0,00    0,00   87,88
22:46:11      21    0,99    0,00    1,98    0,00    0,00    0,00    0,00    0,00    0,00   97,03
22:46:11      22    1,00    0,00    3,00    0,00    0,00    0,00    0,00    0,00    0,00   96,00
22:46:11      23    1,00    0,00    1,00    0,00    0,00    0,00    0,00    0,00    0,00   98,00

22:46:11     CPU    %usr   %nice    %sys %iowait    %irq   %soft  %steal  %guest  %gnice   %idle
22:46:12     all   58,97    0,00    0,17    0,00    0,00    0,00    0,00    0,00    0,00   40,87
22:46:12       0  100,00    0,00    0,00    0,00    0,00    0,00    0,00    0,00    0,00    0,00
22:46:12       1  100,00    0,00    0,00    0,00    0,00    0,00    0,00    0,00    0,00    0,00
22:46:12       2  100,00    0,00    0,00    0,00    0,00    0,00    0,00    0,00    0,00    0,00
22:46:12       3  100,00    0,00    0,00    0,00    0,00    0,00    0,00    0,00    0,00    0,00
22:46:12       4  100,00    0,00    0,00    0,00    0,00    0,00    0,00    0,00    0,00    0,00
22:46:12       5  100,00    0,00    0,00    0,00    0,00    0,00    0,00    0,00    0,00    0,00
22:46:12       6  100,00    0,00    0,00    0,00    0,00    0,00    0,00    0,00    0,00    0,00
22:46:12       7  100,00    0,00    0,00    0,00    0,00    0,00    0,00    0,00    0,00    0,00
22:46:12       8  100,00    0,00    0,00    0,00    0,00    0,00    0,00    0,00    0,00    0,00
22:46:12       9  100,00    0,00    0,00    0,00    0,00    0,00    0,00    0,00    0,00    0,00
22:46:12      10  100,00    0,00    0,00    0,00    0,00    0,00    0,00    0,00    0,00    0,00
22:46:12      11  100,00    0,00    0,00    0,00    0,00    0,00    0,00    0,00    0,00    0,00
22:46:12      12  100,00    0,00    0,00    0,00    0,00    0,00    0,00    0,00    0,00    0,00
22:46:12      13    0,00    0,00    0,00    0,00    0,00    0,00    0,00    0,00    0,00  100,00
22:46:12      14  100,00    0,00    0,00    0,00    0,00    0,00    0,00    0,00    0,00    0,00
22:46:12      15    0,00    0,00    0,00    0,00    0,00    0,00    0,00    0,00    0,00  100,00
22:46:12      16   11,11    0,00    1,01    0,00    0,00    0,00    0,00    0,00    0,00   87,88
22:46:12      17    0,00    0,00    1,00    0,00    0,00    0,00    0,00    0,00    0,00   99,00
22:46:12      18    2,00    0,00    0,00    0,00    0,00    0,00    0,00    0,00    0,00   98,00
22:46:12      19    0,00    0,00    0,00    0,00    0,00    0,00    0,00    0,00    0,00  100,00
22:46:12      20    1,00    0,00    0,00    0,00    0,00    0,00    0,00    0,00    0,00   99,00
22:46:12      21    0,00    0,00    1,00    0,00    0,00    0,00    0,00    0,00    0,00   99,00
22:46:12      22    0,00    0,00    0,00    0,00    0,00    0,00    0,00    0,00    0,00  100,00
22:46:12      23    0,00    0,00    1,00    0,00    0,00    0,00    0,00    0,00    0,00   99,00

22:46:12     CPU    %usr   %nice    %sys %iowait    %irq   %soft  %steal  %guest  %gnice   %idle
22:46:13     all   58,51    0,00    0,25    0,04    0,00    0,00    0,00    0,00    0,00   41,20
22:46:13       0  100,00    0,00    0,00    0,00    0,00    0,00    0,00    0,00    0,00    0,00
22:46:13       1  100,00    0,00    0,00    0,00    0,00    0,00    0,00    0,00    0,00    0,00
22:46:13       2  100,00    0,00    0,00    0,00    0,00    0,00    0,00    0,00    0,00    0,00
22:46:13       3  100,00    0,00    0,00    0,00    0,00    0,00    0,00    0,00    0,00    0,00
22:46:13       4  100,00    0,00    0,00    0,00    0,00    0,00    0,00    0,00    0,00    0,00
22:46:13       5  100,00    0,00    0,00    0,00    0,00    0,00    0,00    0,00    0,00    0,00
22:46:13       6  100,00    0,00    0,00    0,00    0,00    0,00    0,00    0,00    0,00    0,00
22:46:13       7  100,00    0,00    0,00    0,00    0,00    0,00    0,00    0,00    0,00    0,00
22:46:13       8  100,00    0,00    0,00    0,00    0,00    0,00    0,00    0,00    0,00    0,00
22:46:13       9  100,00    0,00    0,00    0,00    0,00    0,00    0,00    0,00    0,00    0,00
22:46:13      10  100,00    0,00    0,00    0,00    0,00    0,00    0,00    0,00    0,00    0,00
22:46:13      11  100,00    0,00    0,00    0,00    0,00    0,00    0,00    0,00    0,00    0,00
22:46:13      12  100,00    0,00    0,00    0,00    0,00    0,00    0,00    0,00    0,00    0,00
22:46:13      13    0,00    0,00    0,00    0,00    0,00    0,00    0,00    0,00    0,00  100,00
22:46:13      14  100,00    0,00    0,00    0,00    0,00    0,00    0,00    0,00    0,00    0,00
22:46:13      15    0,00    0,00    0,00    0,00    0,00    0,00    0,00    0,00    0,00  100,00
22:46:13      16    0,00    0,00    1,00    0,00    0,00    0,00    0,00    0,00    0,00   99,00
22:46:13      17    0,00    0,00    0,00    0,00    0,00    0,00    0,00    0,00    0,00  100,00
22:46:13      18    0,00    0,00    0,00    0,00    0,00    0,00    0,00    0,00    0,00  100,00
22:46:13      19    0,00    0,00    0,00    0,00    0,00    0,00    0,00    0,00    0,00  100,00
22:46:13      20    0,00    0,00    0,00    1,00    0,00    0,00    0,00    0,00    0,00   99,00
22:46:13      21    1,98    0,00    2,97    0,00    0,00    0,00    0,00    0,00    0,00   95,05
22:46:13      22    1,00    0,00    1,00    0,00    0,00    0,00    0,00    0,00    0,00   98,00
22:46:13      23    0,00    0,00    1,01    0,00    0,00    0,00    0,00    0,00    0,00   98,99

22:46:13     CPU    %usr   %nice    %sys %iowait    %irq   %soft  %steal  %guest  %gnice   %idle
22:46:14     all   58,40    0,00    0,04    0,00    0,00    0,00    0,00    0,00    0,00   41,56
22:46:14       0  100,00    0,00    0,00    0,00    0,00    0,00    0,00    0,00    0,00    0,00
22:46:14       1  100,00    0,00    0,00    0,00    0,00    0,00    0,00    0,00    0,00    0,00
22:46:14       2  100,00    0,00    0,00    0,00    0,00    0,00    0,00    0,00    0,00    0,00
22:46:14       3  100,00    0,00    0,00    0,00    0,00    0,00    0,00    0,00    0,00    0,00
22:46:14       4  100,00    0,00    0,00    0,00    0,00    0,00    0,00    0,00    0,00    0,00
22:46:14       5  100,00    0,00    0,00    0,00    0,00    0,00    0,00    0,00    0,00    0,00
22:46:14       6  100,00    0,00    0,00    0,00    0,00    0,00    0,00    0,00    0,00    0,00
22:46:14       7  100,00    0,00    0,00    0,00    0,00    0,00    0,00    0,00    0,00    0,00
22:46:14       8  100,00    0,00    0,00    0,00    0,00    0,00    0,00    0,00    0,00    0,00
22:46:14       9  100,00    0,00    0,00    0,00    0,00    0,00    0,00    0,00    0,00    0,00
22:46:14      10  100,00    0,00    0,00    0,00    0,00    0,00    0,00    0,00    0,00    0,00
22:46:14      11  100,00    0,00    0,00    0,00    0,00    0,00    0,00    0,00    0,00    0,00
22:46:14      12  100,00    0,00    0,00    0,00    0,00    0,00    0,00    0,00    0,00    0,00
22:46:14      13    0,00    0,00    0,00    0,00    0,00    0,00    0,00    0,00    0,00  100,00
22:46:14      14  100,00    0,00    0,00    0,00    0,00    0,00    0,00    0,00    0,00    0,00
22:46:14      15    0,00    0,00    0,00    0,00    0,00    0,00    0,00    0,00    0,00  100,00
22:46:14      16    0,00    0,00    0,00    0,00    0,00    0,00    0,00    0,00    0,00  100,00
22:46:14      17    0,00    0,00    0,00    0,00    0,00    0,00    0,00    0,00    0,00  100,00
22:46:14      18    0,00    0,00    0,00    0,00    0,00    0,00    0,00    0,00    0,00  100,00
22:46:14      19    0,00    0,00    0,00    0,00    0,00    0,00    0,00    0,00    0,00  100,00
22:46:14      20    0,00    0,00    0,99    0,00    0,00    0,00    0,00    0,00    0,00   99,01
22:46:14      21    0,00    0,00    0,00    0,00    0,00    0,00    0,00    0,00    0,00  100,00
22:46:14      22    1,00    0,00    0,00    0,00    0,00    0,00    0,00    0,00    0,00   99,00
22:46:14      23    0,00    0,00    0,00    0,00    0,00    0,00    0,00    0,00    0,00  100,00

22:46:14     CPU    %usr   %nice    %sys %iowait    %irq   %soft  %steal  %guest  %gnice   %idle
22:46:15     all   58,54    0,00    0,25    0,13    0,00    0,00    0,00    0,00    0,00   41,09
22:46:15       0  100,00    0,00    0,00    0,00    0,00    0,00    0,00    0,00    0,00    0,00
22:46:15       1  100,00    0,00    0,00    0,00    0,00    0,00    0,00    0,00    0,00    0,00
22:46:15       2  100,00    0,00    0,00    0,00    0,00    0,00    0,00    0,00    0,00    0,00
22:46:15       3  100,00    0,00    0,00    0,00    0,00    0,00    0,00    0,00    0,00    0,00
22:46:15       4  100,00    0,00    0,00    0,00    0,00    0,00    0,00    0,00    0,00    0,00
22:46:15       5  100,00    0,00    0,00    0,00    0,00    0,00    0,00    0,00    0,00    0,00
22:46:15       6  100,00    0,00    0,00    0,00    0,00    0,00    0,00    0,00    0,00    0,00
22:46:15       7  100,00    0,00    0,00    0,00    0,00    0,00    0,00    0,00    0,00    0,00
22:46:15       8  100,00    0,00    0,00    0,00    0,00    0,00    0,00    0,00    0,00    0,00
22:46:15       9  100,00    0,00    0,00    0,00    0,00    0,00    0,00    0,00    0,00    0,00
22:46:15      10  100,00    0,00    0,00    0,00    0,00    0,00    0,00    0,00    0,00    0,00
22:46:15      11  100,00    0,00    0,00    0,00    0,00    0,00    0,00    0,00    0,00    0,00
22:46:15      12  100,00    0,00    0,00    0,00    0,00    0,00    0,00    0,00    0,00    0,00
22:46:15      13    0,00    0,00    0,00    0,00    0,00    0,00    0,00    0,00    0,00  100,00
22:46:15      14  100,00    0,00    0,00    0,00    0,00    0,00    0,00    0,00    0,00    0,00
22:46:15      15    0,00    0,00    0,00    0,00    0,00    0,00    0,00    0,00    0,00  100,00
22:46:15      16    0,00    0,00    0,00    0,00    0,00    0,00    0,00    0,00    0,00  100,00
22:46:15      17    0,00    0,00    1,00    1,00    0,00    0,00    0,00    0,00    0,00   98,00
22:46:15      18    0,00    0,00    0,00    0,00    0,00    0,00    0,00    0,00    0,00  100,00
22:46:15      19    0,00    0,00    0,00    1,00    0,00    0,00    0,00    0,00    0,00   99,00
22:46:15      20    1,02    0,00    4,08    0,00    0,00    0,00    0,00    0,00    0,00   94,90
22:46:15      21    0,00    0,00    0,00    0,00    0,00    0,00    0,00    0,00    0,00  100,00
22:46:15      22    1,00    0,00    1,00    1,00    0,00    0,00    0,00    0,00    0,00   97,00
22:46:15      23    0,00    0,00    0,00    0,00    0,00    0,00    0,00    0,00    0,00  100,00

22:46:15     CPU    %usr   %nice    %sys %iowait    %irq   %soft  %steal  %guest  %gnice   %idle
22:46:16     all   61,60    0,00    0,62    0,00    0,00    0,00    0,00    0,00    0,00   37,78
22:46:16       0  100,00    0,00    0,00    0,00    0,00    0,00    0,00    0,00    0,00    0,00
22:46:16       1  100,00    0,00    0,00    0,00    0,00    0,00    0,00    0,00    0,00    0,00
22:46:16       2  100,00    0,00    0,00    0,00    0,00    0,00    0,00    0,00    0,00    0,00
22:46:16       3  100,00    0,00    0,00    0,00    0,00    0,00    0,00    0,00    0,00    0,00
22:46:16       4  100,00    0,00    0,00    0,00    0,00    0,00    0,00    0,00    0,00    0,00
22:46:16       5  100,00    0,00    0,00    0,00    0,00    0,00    0,00    0,00    0,00    0,00
22:46:16       6  100,00    0,00    0,00    0,00    0,00    0,00    0,00    0,00    0,00    0,00
22:46:16       7  100,00    0,00    0,00    0,00    0,00    0,00    0,00    0,00    0,00    0,00
22:46:16       8  100,00    0,00    0,00    0,00    0,00    0,00    0,00    0,00    0,00    0,00
22:46:16       9  100,00    0,00    0,00    0,00    0,00    0,00    0,00    0,00    0,00    0,00
22:46:16      10  100,00    0,00    0,00    0,00    0,00    0,00    0,00    0,00    0,00    0,00
22:46:16      11  100,00    0,00    0,00    0,00    0,00    0,00    0,00    0,00    0,00    0,00
22:46:16      12  100,00    0,00    0,00    0,00    0,00    0,00    0,00    0,00    0,00    0,00
22:46:16      13    0,00    0,00    0,00    0,00    0,00    0,00    0,00    0,00    0,00  100,00
22:46:16      14  100,00    0,00    0,00    0,00    0,00    0,00    0,00    0,00    0,00    0,00
22:46:16      15    0,00    0,00    0,99    0,00    0,00    0,00    0,00    0,00    0,00   99,01
22:46:16      16   14,00    0,00    0,00    0,00    0,00    0,00    0,00    0,00    0,00   86,00
22:46:16      17   14,85    0,00    0,00    0,00    0,00    0,00    0,00    0,00    0,00   85,15
22:46:16      18    0,99    0,00    1,98    0,00    0,00    0,00    0,00    0,00    0,00   97,03
22:46:16      19   14,00    0,00    0,00    0,00    0,00    0,00    0,00    0,00    0,00   86,00
22:46:16      20   16,00    0,00    3,00    0,00    0,00    0,00    0,00    0,00    0,00   81,00
22:46:16      21    0,00    0,00    2,02    0,00    0,00    0,00    0,00    0,00    0,00   97,98
22:46:16      22   18,00    0,00    4,00    0,00    0,00    0,00    0,00    0,00    0,00   78,00
22:46:16      23    1,00    0,00    3,00    0,00    0,00    0,00    0,00    0,00    0,00   96,00

22:46:16     CPU    %usr   %nice    %sys %iowait    %irq   %soft  %steal  %guest  %gnice   %idle
22:46:17     all   58,43    0,00    0,12    0,00    0,00    0,00    0,00    0,00    0,00   41,44
22:46:17       0   99,00    0,00    1,00    0,00    0,00    0,00    0,00    0,00    0,00    0,00
22:46:17       1  100,00    0,00    0,00    0,00    0,00    0,00    0,00    0,00    0,00    0,00
22:46:17       2  100,00    0,00    0,00    0,00    0,00    0,00    0,00    0,00    0,00    0,00
22:46:17       3  100,00    0,00    0,00    0,00    0,00    0,00    0,00    0,00    0,00    0,00
22:46:17       4  100,00    0,00    0,00    0,00    0,00    0,00    0,00    0,00    0,00    0,00
22:46:17       5  100,00    0,00    0,00    0,00    0,00    0,00    0,00    0,00    0,00    0,00
22:46:17       6  100,00    0,00    0,00    0,00    0,00    0,00    0,00    0,00    0,00    0,00
22:46:17       7  100,00    0,00    0,00    0,00    0,00    0,00    0,00    0,00    0,00    0,00
22:46:17       8  100,00    0,00    0,00    0,00    0,00    0,00    0,00    0,00    0,00    0,00
22:46:17       9  100,00    0,00    0,00    0,00    0,00    0,00    0,00    0,00    0,00    0,00
22:46:17      10  100,00    0,00    0,00    0,00    0,00    0,00    0,00    0,00    0,00    0,00
22:46:17      11  100,00    0,00    0,00    0,00    0,00    0,00    0,00    0,00    0,00    0,00
22:46:17      12  100,00    0,00    0,00    0,00    0,00    0,00    0,00    0,00    0,00    0,00
22:46:17      13    0,00    0,00    0,00    0,00    0,00    0,00    0,00    0,00    0,00  100,00
22:46:17      14  100,00    0,00    0,00    0,00    0,00    0,00    0,00    0,00    0,00    0,00
22:46:17      15    0,00    0,00    0,00    0,00    0,00    0,00    0,00    0,00    0,00  100,00
22:46:17      16    1,00    0,00    0,00    0,00    0,00    0,00    0,00    0,00    0,00   99,00
22:46:17      17    0,00    0,00    0,00    0,00    0,00    0,00    0,00    0,00    0,00  100,00
22:46:17      18    0,00    0,00    0,00    0,00    0,00    0,00    0,00    0,00    0,00  100,00
22:46:17      19    0,00    0,00    1,00    0,00    0,00    0,00    0,00    0,00    0,00   99,00
22:46:17      20    0,99    0,00    0,99    0,00    0,00    0,00    0,00    0,00    0,00   98,02
22:46:17      21    0,99    0,00    0,00    0,00    0,00    0,00    0,00    0,00    0,00   99,01
22:46:17      22    1,00    0,00    0,00    0,00    0,00    0,00    0,00    0,00    0,00   99,00
22:46:17      23    0,00    0,00    0,00    0,00    0,00    0,00    0,00    0,00    0,00  100,00

22:46:17     CPU    %usr   %nice    %sys %iowait    %irq   %soft  %steal  %guest  %gnice   %idle
22:46:18     all   58,38    0,00    0,04    0,00    0,00    0,00    0,00    0,00    0,00   41,58
22:46:18       0  100,00    0,00    0,00    0,00    0,00    0,00    0,00    0,00    0,00    0,00
22:46:18       1  100,00    0,00    0,00    0,00    0,00    0,00    0,00    0,00    0,00    0,00
22:46:18       2  100,00    0,00    0,00    0,00    0,00    0,00    0,00    0,00    0,00    0,00
22:46:18       3  100,00    0,00    0,00    0,00    0,00    0,00    0,00    0,00    0,00    0,00
22:46:18       4  100,00    0,00    0,00    0,00    0,00    0,00    0,00    0,00    0,00    0,00
22:46:18       5  100,00    0,00    0,00    0,00    0,00    0,00    0,00    0,00    0,00    0,00
22:46:18       6  100,00    0,00    0,00    0,00    0,00    0,00    0,00    0,00    0,00    0,00
22:46:18       7  100,00    0,00    0,00    0,00    0,00    0,00    0,00    0,00    0,00    0,00
22:46:18       8  100,00    0,00    0,00    0,00    0,00    0,00    0,00    0,00    0,00    0,00
22:46:18       9  100,00    0,00    0,00    0,00    0,00    0,00    0,00    0,00    0,00    0,00
22:46:18      10  100,00    0,00    0,00    0,00    0,00    0,00    0,00    0,00    0,00    0,00
22:46:18      11  100,00    0,00    0,00    0,00    0,00    0,00    0,00    0,00    0,00    0,00
22:46:18      12  100,00    0,00    0,00    0,00    0,00    0,00    0,00    0,00    0,00    0,00
22:46:18      13    0,00    0,00    0,00    0,00    0,00    0,00    0,00    0,00    0,00  100,00
22:46:18      14  100,00    0,00    0,00    0,00    0,00    0,00    0,00    0,00    0,00    0,00
22:46:18      15    0,00    0,00    0,00    0,00    0,00    0,00    0,00    0,00    0,00  100,00
22:46:18      16    0,00    0,00    0,00    0,00    0,00    0,00    0,00    0,00    0,00  100,00
22:46:18      17    0,00    0,00    0,00    0,00    0,00    0,00    0,00    0,00    0,00  100,00
22:46:18      18    0,00    0,00    0,00    0,00    0,00    0,00    0,00    0,00    0,00  100,00
22:46:18      19    0,00    0,00    0,00    0,00    0,00    0,00    0,00    0,00    0,00  100,00
22:46:18      20    0,00    0,00    0,00    0,00    0,00    0,00    0,00    0,00    0,00  100,00
22:46:18      21    0,00    0,00    1,00    0,00    0,00    0,00    0,00    0,00    0,00   99,00
22:46:18      22    0,00    0,00    0,00    0,00    0,00    0,00    0,00    0,00    0,00  100,00
22:46:18      23    0,00    0,00    0,00    0,00    0,00    0,00    0,00    0,00    0,00  100,00

22:46:18     CPU    %usr   %nice    %sys %iowait    %irq   %soft  %steal  %guest  %gnice   %idle
22:46:19     all   60,04    0,00    0,96    0,00    0,00    0,00    0,00    0,00    0,00   39,00
22:46:19       0  100,00    0,00    0,00    0,00    0,00    0,00    0,00    0,00    0,00    0,00
22:46:19       1  100,00    0,00    0,00    0,00    0,00    0,00    0,00    0,00    0,00    0,00
22:46:19       2  100,00    0,00    0,00    0,00    0,00    0,00    0,00    0,00    0,00    0,00
22:46:19       3  100,00    0,00    0,00    0,00    0,00    0,00    0,00    0,00    0,00    0,00
22:46:19       4  100,00    0,00    0,00    0,00    0,00    0,00    0,00    0,00    0,00    0,00
22:46:19       5  100,00    0,00    0,00    0,00    0,00    0,00    0,00    0,00    0,00    0,00
22:46:19       6  100,00    0,00    0,00    0,00    0,00    0,00    0,00    0,00    0,00    0,00
22:46:19       7  100,00    0,00    0,00    0,00    0,00    0,00    0,00    0,00    0,00    0,00
22:46:19       8  100,00    0,00    0,00    0,00    0,00    0,00    0,00    0,00    0,00    0,00
22:46:19       9  100,00    0,00    0,00    0,00    0,00    0,00    0,00    0,00    0,00    0,00
22:46:19      10  100,00    0,00    0,00    0,00    0,00    0,00    0,00    0,00    0,00    0,00
22:46:19      11  100,00    0,00    0,00    0,00    0,00    0,00    0,00    0,00    0,00    0,00
22:46:19      12  100,00    0,00    0,00    0,00    0,00    0,00    0,00    0,00    0,00    0,00
22:46:19      13    0,00    0,00    0,00    0,00    0,00    0,00    0,00    0,00    0,00  100,00
22:46:19      14  100,00    0,00    0,00    0,00    0,00    0,00    0,00    0,00    0,00    0,00
22:46:19      15    0,00    0,00    0,00    0,00    0,00    0,00    0,00    0,00    0,00  100,00
22:46:19      16    0,98    0,00    1,96    0,00    0,00    0,00    0,00    0,00    0,00   97,06
22:46:19      17    0,00    0,00    1,00    0,00    0,00    0,00    0,00    0,00    0,00   99,00
22:46:19      18    0,00    0,00    0,00    0,00    0,00    0,00    0,00    0,00    0,00  100,00
22:46:19      19    4,00    0,00    0,00    0,00    0,00    0,00    0,00    0,00    0,00   96,00
22:46:19      20    0,00    0,00    0,00    0,00    0,00    0,00    0,00    0,00    0,00  100,00
22:46:19      21    1,00    0,00    0,00    0,00    0,00    0,00    0,00    0,00    0,00   99,00
22:46:19      22   33,00    0,00   20,00    0,00    0,00    0,00    0,00    0,00    0,00   47,00
22:46:19      23    2,00    0,00    0,00    0,00    0,00    0,00    0,00    0,00    0,00   98,00

22:46:19     CPU    %usr   %nice    %sys %iowait    %irq   %soft  %steal  %guest  %gnice   %idle
22:46:20     all   58,67    0,00    0,50    0,08    0,00    0,00    0,00    0,00    0,00   40,74
22:46:20       0  100,00    0,00    0,00    0,00    0,00    0,00    0,00    0,00    0,00    0,00
22:46:20       1  100,00    0,00    0,00    0,00    0,00    0,00    0,00    0,00    0,00    0,00
22:46:20       2  100,00    0,00    0,00    0,00    0,00    0,00    0,00    0,00    0,00    0,00
22:46:20       3  100,00    0,00    0,00    0,00    0,00    0,00    0,00    0,00    0,00    0,00
22:46:20       4  100,00    0,00    0,00    0,00    0,00    0,00    0,00    0,00    0,00    0,00
22:46:20       5  100,00    0,00    0,00    0,00    0,00    0,00    0,00    0,00    0,00    0,00
22:46:20       6  100,00    0,00    0,00    0,00    0,00    0,00    0,00    0,00    0,00    0,00
22:46:20       7  100,00    0,00    0,00    0,00    0,00    0,00    0,00    0,00    0,00    0,00
22:46:20       8  100,00    0,00    0,00    0,00    0,00    0,00    0,00    0,00    0,00    0,00
22:46:20       9  100,00    0,00    0,00    0,00    0,00    0,00    0,00    0,00    0,00    0,00
22:46:20      10  100,00    0,00    0,00    0,00    0,00    0,00    0,00    0,00    0,00    0,00
22:46:20      11  100,00    0,00    0,00    0,00    0,00    0,00    0,00    0,00    0,00    0,00
22:46:20      12  100,00    0,00    0,00    0,00    0,00    0,00    0,00    0,00    0,00    0,00
22:46:20      13    0,00    0,00    0,00    0,00    0,00    0,00    0,00    0,00    0,00  100,00
22:46:20      14  100,00    0,00    0,00    0,00    0,00    0,00    0,00    0,00    0,00    0,00
22:46:20      15    0,00    0,00    0,00    0,00    0,00    0,00    0,00    0,00    0,00  100,00
22:46:20      16    0,00    0,00    0,00    0,00    0,00    0,00    0,00    0,00    0,00  100,00
22:46:20      17    0,00    0,00    0,00    0,99    0,00    0,00    0,00    0,00    0,00   99,01
22:46:20      18    0,99    0,00    0,99    0,00    0,00    0,00    0,00    0,00    0,00   98,02
22:46:20      19    2,02    0,00    1,01    0,00    0,00    0,00    0,00    0,00    0,00   96,97
22:46:20      20    1,01    0,00    1,01    0,00    0,00    0,00    0,00    0,00    0,00   97,98
22:46:20      21    3,00    0,00    7,00    0,00    0,00    0,00    0,00    0,00    0,00   90,00
22:46:20      22    0,00    0,00    1,00    0,00    0,00    0,00    0,00    0,00    0,00   99,00
22:46:20      23    0,00    0,00    0,99    0,99    0,00    0,00    0,00    0,00    0,00   98,02

22:46:20     CPU    %usr   %nice    %sys %iowait    %irq   %soft  %steal  %guest  %gnice   %idle
22:46:21     all   61,57    0,00    0,46    0,04    0,00    0,00    0,00    0,00    0,00   37,93
22:46:21       0  100,00    0,00    0,00    0,00    0,00    0,00    0,00    0,00    0,00    0,00
22:46:21       1  100,00    0,00    0,00    0,00    0,00    0,00    0,00    0,00    0,00    0,00
22:46:21       2  100,00    0,00    0,00    0,00    0,00    0,00    0,00    0,00    0,00    0,00
22:46:21       3  100,00    0,00    0,00    0,00    0,00    0,00    0,00    0,00    0,00    0,00
22:46:21       4  100,00    0,00    0,00    0,00    0,00    0,00    0,00    0,00    0,00    0,00
22:46:21       5  100,00    0,00    0,00    0,00    0,00    0,00    0,00    0,00    0,00    0,00
22:46:21       6  100,00    0,00    0,00    0,00    0,00    0,00    0,00    0,00    0,00    0,00
22:46:21       7  100,00    0,00    0,00    0,00    0,00    0,00    0,00    0,00    0,00    0,00
22:46:21       8  100,00    0,00    0,00    0,00    0,00    0,00    0,00    0,00    0,00    0,00
22:46:21       9  100,00    0,00    0,00    0,00    0,00    0,00    0,00    0,00    0,00    0,00
22:46:21      10  100,00    0,00    0,00    0,00    0,00    0,00    0,00    0,00    0,00    0,00
22:46:21      11  100,00    0,00    0,00    0,00    0,00    0,00    0,00    0,00    0,00    0,00
22:46:21      12  100,00    0,00    0,00    0,00    0,00    0,00    0,00    0,00    0,00    0,00
22:46:21      13    0,00    0,00    0,00    0,00    0,00    0,00    0,00    0,00    0,00  100,00
22:46:21      14  100,00    0,00    0,00    0,00    0,00    0,00    0,00    0,00    0,00    0,00
22:46:21      15    0,00    0,00    0,00    0,00    0,00    0,00    0,00    0,00    0,00  100,00
22:46:21      16   14,00    0,00    0,00    0,00    0,00    0,00    0,00    0,00    0,00   86,00
22:46:21      17   14,14    0,00    0,00    1,01    0,00    0,00    0,00    0,00    0,00   84,85
22:46:21      18   13,86    0,00    1,98    0,00    0,00    0,00    0,00    0,00    0,00   84,16
22:46:21      19   17,00    0,00    4,00    0,00    0,00    0,00    0,00    0,00    0,00   79,00
22:46:21      20   15,00    0,00    0,00    0,00    0,00    0,00    0,00    0,00    0,00   85,00
22:46:21      21    2,02    0,00    4,04    0,00    0,00    0,00    0,00    0,00    0,00   93,94
22:46:21      22    0,00    0,00    0,00    0,00    0,00    0,00    0,00    0,00    0,00  100,00
22:46:21      23    0,99    0,00    0,99    0,00    0,00    0,00    0,00    0,00    0,00   98,02

22:46:21     CPU    %usr   %nice    %sys %iowait    %irq   %soft  %steal  %guest  %gnice   %idle
22:46:22     all   59,37    0,00    0,29    0,00    0,00    0,00    0,00    0,00    0,00   40,34
22:46:22       0  100,00    0,00    0,00    0,00    0,00    0,00    0,00    0,00    0,00    0,00
22:46:22       1  100,00    0,00    0,00    0,00    0,00    0,00    0,00    0,00    0,00    0,00
22:46:22       2  100,00    0,00    0,00    0,00    0,00    0,00    0,00    0,00    0,00    0,00
22:46:22       3  100,00    0,00    0,00    0,00    0,00    0,00    0,00    0,00    0,00    0,00
22:46:22       4  100,00    0,00    0,00    0,00    0,00    0,00    0,00    0,00    0,00    0,00
22:46:22       5  100,00    0,00    0,00    0,00    0,00    0,00    0,00    0,00    0,00    0,00
22:46:22       6  100,00    0,00    0,00    0,00    0,00    0,00    0,00    0,00    0,00    0,00
22:46:22       7  100,00    0,00    0,00    0,00    0,00    0,00    0,00    0,00    0,00    0,00
22:46:22       8  100,00    0,00    0,00    0,00    0,00    0,00    0,00    0,00    0,00    0,00
22:46:22       9  100,00    0,00    0,00    0,00    0,00    0,00    0,00    0,00    0,00    0,00
22:46:22      10  100,00    0,00    0,00    0,00    0,00    0,00    0,00    0,00    0,00    0,00
22:46:22      11  100,00    0,00    0,00    0,00    0,00    0,00    0,00    0,00    0,00    0,00
22:46:22      12  100,00    0,00    0,00    0,00    0,00    0,00    0,00    0,00    0,00    0,00
22:46:22      13    0,00    0,00    0,00    0,00    0,00    0,00    0,00    0,00    0,00  100,00
22:46:22      14  100,00    0,00    0,00    0,00    0,00    0,00    0,00    0,00    0,00    0,00
22:46:22      15    0,00    0,00    0,00    0,00    0,00    0,00    0,00    0,00    0,00  100,00
22:46:22      16    7,07    0,00    1,01    0,00    0,00    0,00    0,00    0,00    0,00   91,92
22:46:22      17   14,00    0,00    3,00    0,00    0,00    0,00    0,00    0,00    0,00   83,00
22:46:22      18    0,00    0,00    0,00    0,00    0,00    0,00    0,00    0,00    0,00  100,00
22:46:22      19    0,00    0,00    0,00    0,00    0,00    0,00    0,00    0,00    0,00  100,00
22:46:22      20    0,00    0,00    0,00    0,00    0,00    0,00    0,00    0,00    0,00  100,00
22:46:22      21    1,00    0,00    1,00    0,00    0,00    0,00    0,00    0,00    0,00   98,00
22:46:22      22    1,00    0,00    2,00    0,00    0,00    0,00    0,00    0,00    0,00   97,00
22:46:22      23    0,00    0,00    0,00    0,00    0,00    0,00    0,00    0,00    0,00  100,00
