Linux 6.8.0-110-generic (testbed-node1) 	13/05/26 	_x86_64_	(24 CPU)

18:04:34     CPU    %usr   %nice    %sys %iowait    %irq   %soft  %steal  %guest  %gnice   %idle
18:04:35     all   58,59    0,00    0,29    0,00    0,00    0,04    0,00    0,00    0,00   41,07
18:04:35       0  100,00    0,00    0,00    0,00    0,00    0,00    0,00    0,00    0,00    0,00
18:04:35       1  100,00    0,00    0,00    0,00    0,00    0,00    0,00    0,00    0,00    0,00
18:04:35       2  100,00    0,00    0,00    0,00    0,00    0,00    0,00    0,00    0,00    0,00
18:04:35       3  100,00    0,00    0,00    0,00    0,00    0,00    0,00    0,00    0,00    0,00
18:04:35       4  100,00    0,00    0,00    0,00    0,00    0,00    0,00    0,00    0,00    0,00
18:04:35       5  100,00    0,00    0,00    0,00    0,00    0,00    0,00    0,00    0,00    0,00
18:04:35       6  100,00    0,00    0,00    0,00    0,00    0,00    0,00    0,00    0,00    0,00
18:04:35       7  100,00    0,00    0,00    0,00    0,00    0,00    0,00    0,00    0,00    0,00
18:04:35       8  100,00    0,00    0,00    0,00    0,00    0,00    0,00    0,00    0,00    0,00
18:04:35       9  100,00    0,00    0,00    0,00    0,00    0,00    0,00    0,00    0,00    0,00
18:04:35      10  100,00    0,00    0,00    0,00    0,00    0,00    0,00    0,00    0,00    0,00
18:04:35      11  100,00    0,00    0,00    0,00    0,00    0,00    0,00    0,00    0,00    0,00
18:04:35      12  100,00    0,00    0,00    0,00    0,00    0,00    0,00    0,00    0,00    0,00
18:04:35      13    0,00    0,00    0,00    0,00    0,00    0,00    0,00    0,00    0,00  100,00
18:04:35      14  100,00    0,00    0,00    0,00    0,00    0,00    0,00    0,00    0,00    0,00
18:04:35      15    0,00    0,00    0,00    0,00    0,00    0,00    0,00    0,00    0,00  100,00
18:04:35      16    0,99    0,00    0,99    0,00    0,00    0,00    0,00    0,00    0,00   98,02
18:04:35      17    3,00    0,00    2,00    0,00    0,00    0,00    0,00    0,00    0,00   95,00
18:04:35      18    0,99    0,00    0,99    0,00    0,00    0,99    0,00    0,00    0,00   97,03
18:04:35      19    1,00    0,00    0,00    0,00    0,00    0,00    0,00    0,00    0,00   99,00
18:04:35      20    0,00    0,00    0,99    0,00    0,00    0,00    0,00    0,00    0,00   99,01
18:04:35      21    1,00    0,00    0,00    0,00    0,00    0,00    0,00    0,00    0,00   99,00
18:04:35      22    0,00    0,00    1,00    0,00    0,00    0,00    0,00    0,00    0,00   99,00
18:04:35      23    0,00    0,00    1,00    0,00    0,00    0,00    0,00    0,00    0,00   99,00

18:04:35     CPU    %usr   %nice    %sys %iowait    %irq   %soft  %steal  %guest  %gnice   %idle
18:04:36     all   59,02    0,00    0,38    0,00    0,00    0,04    0,00    0,00    0,00   40,56
18:04:36       0  100,00    0,00    0,00    0,00    0,00    0,00    0,00    0,00    0,00    0,00
18:04:36       1  100,00    0,00    0,00    0,00    0,00    0,00    0,00    0,00    0,00    0,00
18:04:36       2  100,00    0,00    0,00    0,00    0,00    0,00    0,00    0,00    0,00    0,00
18:04:36       3  100,00    0,00    0,00    0,00    0,00    0,00    0,00    0,00    0,00    0,00
18:04:36       4  100,00    0,00    0,00    0,00    0,00    0,00    0,00    0,00    0,00    0,00
18:04:36       5  100,00    0,00    0,00    0,00    0,00    0,00    0,00    0,00    0,00    0,00
18:04:36       6  100,00    0,00    0,00    0,00    0,00    0,00    0,00    0,00    0,00    0,00
18:04:36       7  100,00    0,00    0,00    0,00    0,00    0,00    0,00    0,00    0,00    0,00
18:04:36       8  100,00    0,00    0,00    0,00    0,00    0,00    0,00    0,00    0,00    0,00
18:04:36       9  100,00    0,00    0,00    0,00    0,00    0,00    0,00    0,00    0,00    0,00
18:04:36      10  100,00    0,00    0,00    0,00    0,00    0,00    0,00    0,00    0,00    0,00
18:04:36      11  100,00    0,00    0,00    0,00    0,00    0,00    0,00    0,00    0,00    0,00
18:04:36      12  100,00    0,00    0,00    0,00    0,00    0,00    0,00    0,00    0,00    0,00
18:04:36      13    0,00    0,00    0,00    0,00    0,00    0,00    0,00    0,00    0,00  100,00
18:04:36      14  100,00    0,00    0,00    0,00    0,00    0,00    0,00    0,00    0,00    0,00
18:04:36      15    0,00    0,00    0,00    0,00    0,00    0,00    0,00    0,00    0,00  100,00
18:04:36      16    0,00    0,00    0,00    0,00    0,00    0,00    0,00    0,00    0,00  100,00
18:04:36      17    0,00    0,00    0,00    0,00    0,00    0,99    0,00    0,00    0,00   99,01
18:04:36      18   14,00    0,00    3,00    0,00    0,00    0,00    0,00    0,00    0,00   83,00
18:04:36      19    0,99    0,00    0,99    0,00    0,00    0,00    0,00    0,00    0,00   98,02
18:04:36      20    0,00    0,00    0,00    0,00    0,00    0,00    0,00    0,00    0,00  100,00
18:04:36      21    0,00    0,00    3,00    0,00    0,00    0,00    0,00    0,00    0,00   97,00
18:04:36      22    0,00    0,00    1,01    0,00    0,00    0,00    0,00    0,00    0,00   98,99
18:04:36      23    0,99    0,00    0,99    0,00    0,00    0,00    0,00    0,00    0,00   98,02

18:04:36     CPU    %usr   %nice    %sys %iowait    %irq   %soft  %steal  %guest  %gnice   %idle
18:04:37     all   61,36    0,00    0,63    0,04    0,00    0,00    0,00    0,00    0,00   37,97
18:04:37       0  100,00    0,00    0,00    0,00    0,00    0,00    0,00    0,00    0,00    0,00
18:04:37       1  100,00    0,00    0,00    0,00    0,00    0,00    0,00    0,00    0,00    0,00
18:04:37       2  100,00    0,00    0,00    0,00    0,00    0,00    0,00    0,00    0,00    0,00
18:04:37       3  100,00    0,00    0,00    0,00    0,00    0,00    0,00    0,00    0,00    0,00
18:04:37       4  100,00    0,00    0,00    0,00    0,00    0,00    0,00    0,00    0,00    0,00
18:04:37       5  100,00    0,00    0,00    0,00    0,00    0,00    0,00    0,00    0,00    0,00
18:04:37       6  100,00    0,00    0,00    0,00    0,00    0,00    0,00    0,00    0,00    0,00
18:04:37       7  100,00    0,00    0,00    0,00    0,00    0,00    0,00    0,00    0,00    0,00
18:04:37       8  100,00    0,00    0,00    0,00    0,00    0,00    0,00    0,00    0,00    0,00
18:04:37       9  100,00    0,00    0,00    0,00    0,00    0,00    0,00    0,00    0,00    0,00
18:04:37      10  100,00    0,00    0,00    0,00    0,00    0,00    0,00    0,00    0,00    0,00
18:04:37      11  100,00    0,00    0,00    0,00    0,00    0,00    0,00    0,00    0,00    0,00
18:04:37      12  100,00    0,00    0,00    0,00    0,00    0,00    0,00    0,00    0,00    0,00
18:04:37      13    0,00    0,00    0,00    0,00    0,00    0,00    0,00    0,00    0,00  100,00
18:04:37      14  100,00    0,00    0,00    0,00    0,00    0,00    0,00    0,00    0,00    0,00
18:04:37      15    0,00    0,00    0,00    0,00    0,00    0,00    0,00    0,00    0,00  100,00
18:04:37      16    0,00    0,00    1,01    0,00    0,00    0,00    0,00    0,00    0,00   98,99
18:04:37      17    0,00    0,00    2,02    1,01    0,00    0,00    0,00    0,00    0,00   96,97
18:04:37      18   67,00    0,00    9,00    0,00    0,00    0,00    0,00    0,00    0,00   24,00
18:04:37      19    0,00    0,00    0,00    0,00    0,00    0,00    0,00    0,00    0,00  100,00
18:04:37      20    1,01    0,00    1,01    0,00    0,00    0,00    0,00    0,00    0,00   97,98
18:04:37      21    1,00    0,00    1,00    0,00    0,00    0,00    0,00    0,00    0,00   98,00
18:04:37      22    0,00    0,00    0,99    0,00    0,00    0,00    0,00    0,00    0,00   99,01
18:04:37      23    0,00    0,00    0,00    0,00    0,00    0,00    0,00    0,00    0,00  100,00

18:04:37     CPU    %usr   %nice    %sys %iowait    %irq   %soft  %steal  %guest  %gnice   %idle
18:04:38     all   60,75    0,00    0,62    0,00    0,00    0,00    0,00    0,00    0,00   38,62
18:04:38       0   99,01    0,00    0,99    0,00    0,00    0,00    0,00    0,00    0,00    0,00
18:04:38       1  100,00    0,00    0,00    0,00    0,00    0,00    0,00    0,00    0,00    0,00
18:04:38       2  100,00    0,00    0,00    0,00    0,00    0,00    0,00    0,00    0,00    0,00
18:04:38       3  100,00    0,00    0,00    0,00    0,00    0,00    0,00    0,00    0,00    0,00
18:04:38       4  100,00    0,00    0,00    0,00    0,00    0,00    0,00    0,00    0,00    0,00
18:04:38       5  100,00    0,00    0,00    0,00    0,00    0,00    0,00    0,00    0,00    0,00
18:04:38       6  100,00    0,00    0,00    0,00    0,00    0,00    0,00    0,00    0,00    0,00
18:04:38       7  100,00    0,00    0,00    0,00    0,00    0,00    0,00    0,00    0,00    0,00
18:04:38       8  100,00    0,00    0,00    0,00    0,00    0,00    0,00    0,00    0,00    0,00
18:04:38       9  100,00    0,00    0,00    0,00    0,00    0,00    0,00    0,00    0,00    0,00
18:04:38      10  100,00    0,00    0,00    0,00    0,00    0,00    0,00    0,00    0,00    0,00
18:04:38      11  100,00    0,00    0,00    0,00    0,00    0,00    0,00    0,00    0,00    0,00
18:04:38      12  100,00    0,00    0,00    0,00    0,00    0,00    0,00    0,00    0,00    0,00
18:04:38      13    7,00    0,00    0,00    0,00    0,00    0,00    0,00    0,00    0,00   93,00
18:04:38      14  100,00    0,00    0,00    0,00    0,00    0,00    0,00    0,00    0,00    0,00
18:04:38      15    0,00    0,00    0,00    0,00    0,00    0,00    0,00    0,00    0,00  100,00
18:04:38      16    7,92    0,00    0,99    0,00    0,00    0,00    0,00    0,00    0,00   91,09
18:04:38      17   23,23    0,00    7,07    0,00    0,00    0,00    0,00    0,00    0,00   69,70
18:04:38      18    7,00    0,00    1,00    0,00    0,00    0,00    0,00    0,00    0,00   92,00
18:04:38      19    2,02    0,00    1,01    0,00    0,00    0,00    0,00    0,00    0,00   96,97
18:04:38      20    2,00    0,00    0,00    0,00    0,00    0,00    0,00    0,00    0,00   98,00
18:04:38      21    5,05    0,00    1,01    0,00    0,00    0,00    0,00    0,00    0,00   93,94
18:04:38      22    2,00    0,00    1,00    0,00    0,00    0,00    0,00    0,00    0,00   97,00
18:04:38      23    1,98    0,00    1,98    0,00    0,00    0,00    0,00    0,00    0,00   96,04

18:04:38     CPU    %usr   %nice    %sys %iowait    %irq   %soft  %steal  %guest  %gnice   %idle
18:04:39     all   58,45    0,00    0,17    0,08    0,00    0,00    0,00    0,00    0,00   41,30
18:04:39       0  100,00    0,00    0,00    0,00    0,00    0,00    0,00    0,00    0,00    0,00
18:04:39       1  100,00    0,00    0,00    0,00    0,00    0,00    0,00    0,00    0,00    0,00
18:04:39       2  100,00    0,00    0,00    0,00    0,00    0,00    0,00    0,00    0,00    0,00
18:04:39       3  100,00    0,00    0,00    0,00    0,00    0,00    0,00    0,00    0,00    0,00
18:04:39       4  100,00    0,00    0,00    0,00    0,00    0,00    0,00    0,00    0,00    0,00
18:04:39       5  100,00    0,00    0,00    0,00    0,00    0,00    0,00    0,00    0,00    0,00
18:04:39       6  100,00    0,00    0,00    0,00    0,00    0,00    0,00    0,00    0,00    0,00
18:04:39       7  100,00    0,00    0,00    0,00    0,00    0,00    0,00    0,00    0,00    0,00
18:04:39       8  100,00    0,00    0,00    0,00    0,00    0,00    0,00    0,00    0,00    0,00
18:04:39       9  100,00    0,00    0,00    0,00    0,00    0,00    0,00    0,00    0,00    0,00
18:04:39      10  100,00    0,00    0,00    0,00    0,00    0,00    0,00    0,00    0,00    0,00
18:04:39      11  100,00    0,00    0,00    0,00    0,00    0,00    0,00    0,00    0,00    0,00
18:04:39      12  100,00    0,00    0,00    0,00    0,00    0,00    0,00    0,00    0,00    0,00
18:04:39      13    0,00    0,00    0,00    1,00    0,00    0,00    0,00    0,00    0,00   99,00
18:04:39      14  100,00    0,00    0,00    0,00    0,00    0,00    0,00    0,00    0,00    0,00
18:04:39      15    0,00    0,00    0,00    0,00    0,00    0,00    0,00    0,00    0,00  100,00
18:04:39      16    0,00    0,00    0,00    0,00    0,00    0,00    0,00    0,00    0,00  100,00
18:04:39      17    0,00    0,00    0,00    1,01    0,00    0,00    0,00    0,00    0,00   98,99
18:04:39      18    0,00    0,00    1,00    0,00    0,00    0,00    0,00    0,00    0,00   99,00
18:04:39      19    0,00    0,00    0,00    0,00    0,00    0,00    0,00    0,00    0,00  100,00
18:04:39      20    1,00    0,00    2,00    0,00    0,00    0,00    0,00    0,00    0,00   97,00
18:04:39      21    0,00    0,00    1,00    0,00    0,00    0,00    0,00    0,00    0,00   99,00
18:04:39      22    0,00    0,00    0,00    0,00    0,00    0,00    0,00    0,00    0,00  100,00
18:04:39      23    0,00    0,00    0,00    0,00    0,00    0,00    0,00    0,00    0,00  100,00

18:04:39     CPU    %usr   %nice    %sys %iowait    %irq   %soft  %steal  %guest  %gnice   %idle
18:04:40     all   58,40    0,00    0,00    0,00    0,00    0,00    0,00    0,00    0,00   41,60
18:04:40       0  100,00    0,00    0,00    0,00    0,00    0,00    0,00    0,00    0,00    0,00
18:04:40       1  100,00    0,00    0,00    0,00    0,00    0,00    0,00    0,00    0,00    0,00
18:04:40       2  100,00    0,00    0,00    0,00    0,00    0,00    0,00    0,00    0,00    0,00
18:04:40       3  100,00    0,00    0,00    0,00    0,00    0,00    0,00    0,00    0,00    0,00
18:04:40       4  100,00    0,00    0,00    0,00    0,00    0,00    0,00    0,00    0,00    0,00
18:04:40       5  100,00    0,00    0,00    0,00    0,00    0,00    0,00    0,00    0,00    0,00
18:04:40       6  100,00    0,00    0,00    0,00    0,00    0,00    0,00    0,00    0,00    0,00
18:04:40       7  100,00    0,00    0,00    0,00    0,00    0,00    0,00    0,00    0,00    0,00
18:04:40       8  100,00    0,00    0,00    0,00    0,00    0,00    0,00    0,00    0,00    0,00
18:04:40       9  100,00    0,00    0,00    0,00    0,00    0,00    0,00    0,00    0,00    0,00
18:04:40      10  100,00    0,00    0,00    0,00    0,00    0,00    0,00    0,00    0,00    0,00
18:04:40      11  100,00    0,00    0,00    0,00    0,00    0,00    0,00    0,00    0,00    0,00
18:04:40      12  100,00    0,00    0,00    0,00    0,00    0,00    0,00    0,00    0,00    0,00
18:04:40      13    0,00    0,00    0,00    0,00    0,00    0,00    0,00    0,00    0,00  100,00
18:04:40      14  100,00    0,00    0,00    0,00    0,00    0,00    0,00    0,00    0,00    0,00
18:04:40      15    0,00    0,00    0,00    0,00    0,00    0,00    0,00    0,00    0,00  100,00
18:04:40      16    0,00    0,00    0,00    0,00    0,00    0,00    0,00    0,00    0,00  100,00
18:04:40      17    0,00    0,00    0,00    0,00    0,00    0,00    0,00    0,00    0,00  100,00
18:04:40      18    0,00    0,00    0,00    0,00    0,00    0,00    0,00    0,00    0,00  100,00
18:04:40      19    0,00    0,00    0,00    0,00    0,00    0,00    0,00    0,00    0,00  100,00
18:04:40      20    0,00    0,00    0,00    0,00    0,00    0,00    0,00    0,00    0,00  100,00
18:04:40      21    0,99    0,00    0,00    0,00    0,00    0,00    0,00    0,00    0,00   99,01
18:04:40      22    0,00    0,00    0,00    0,00    0,00    0,00    0,00    0,00    0,00  100,00
18:04:40      23    0,00    0,00    0,00    0,00    0,00    0,00    0,00    0,00    0,00  100,00

18:04:40     CPU    %usr   %nice    %sys %iowait    %irq   %soft  %steal  %guest  %gnice   %idle
18:04:41     all   60,23    0,00    0,71    0,00    0,00    0,00    0,00    0,00    0,00   39,07
18:04:41       0  100,00    0,00    0,00    0,00    0,00    0,00    0,00    0,00    0,00    0,00
18:04:41       1  100,00    0,00    0,00    0,00    0,00    0,00    0,00    0,00    0,00    0,00
18:04:41       2  100,00    0,00    0,00    0,00    0,00    0,00    0,00    0,00    0,00    0,00
18:04:41       3  100,00    0,00    0,00    0,00    0,00    0,00    0,00    0,00    0,00    0,00
18:04:41       4  100,00    0,00    0,00    0,00    0,00    0,00    0,00    0,00    0,00    0,00
18:04:41       5  100,00    0,00    0,00    0,00    0,00    0,00    0,00    0,00    0,00    0,00
18:04:41       6  100,00    0,00    0,00    0,00    0,00    0,00    0,00    0,00    0,00    0,00
18:04:41       7  100,00    0,00    0,00    0,00    0,00    0,00    0,00    0,00    0,00    0,00
18:04:41       8  100,00    0,00    0,00    0,00    0,00    0,00    0,00    0,00    0,00    0,00
18:04:41       9  100,00    0,00    0,00    0,00    0,00    0,00    0,00    0,00    0,00    0,00
18:04:41      10  100,00    0,00    0,00    0,00    0,00    0,00    0,00    0,00    0,00    0,00
18:04:41      11  100,00    0,00    0,00    0,00    0,00    0,00    0,00    0,00    0,00    0,00
18:04:41      12  100,00    0,00    0,00    0,00    0,00    0,00    0,00    0,00    0,00    0,00
18:04:41      13    6,06    0,00    0,00    0,00    0,00    0,00    0,00    0,00    0,00   93,94
18:04:41      14  100,00    0,00    0,00    0,00    0,00    0,00    0,00    0,00    0,00    0,00
18:04:41      15    0,00    0,00    0,00    0,00    0,00    0,00    0,00    0,00    0,00  100,00
18:04:41      16    6,06    0,00    1,01    0,00    0,00    0,00    0,00    0,00    0,00   92,93
18:04:41      17    1,00    0,00    1,00    0,00    0,00    0,00    0,00    0,00    0,00   98,00
18:04:41      18   11,00    0,00    3,00    0,00    0,00    0,00    0,00    0,00    0,00   86,00
18:04:41      19    2,02    0,00    7,07    0,00    0,00    0,00    0,00    0,00    0,00   90,91
18:04:41      20    7,07    0,00    0,00    0,00    0,00    0,00    0,00    0,00    0,00   92,93
18:04:41      21    1,01    0,00    1,01    0,00    0,00    0,00    0,00    0,00    0,00   97,98
18:04:41      22    0,99    0,00    0,99    0,00    0,00    0,00    0,00    0,00    0,00   98,02
18:04:41      23    8,00    0,00    3,00    0,00    0,00    0,00    0,00    0,00    0,00   89,00

18:04:41     CPU    %usr   %nice    %sys %iowait    %irq   %soft  %steal  %guest  %gnice   %idle
18:04:42     all   59,38    0,00    0,25    0,04    0,00    0,00    0,00    0,00    0,00   40,33
18:04:42       0  100,00    0,00    0,00    0,00    0,00    0,00    0,00    0,00    0,00    0,00
18:04:42       1  100,00    0,00    0,00    0,00    0,00    0,00    0,00    0,00    0,00    0,00
18:04:42       2  100,00    0,00    0,00    0,00    0,00    0,00    0,00    0,00    0,00    0,00
18:04:42       3  100,00    0,00    0,00    0,00    0,00    0,00    0,00    0,00    0,00    0,00
18:04:42       4  100,00    0,00    0,00    0,00    0,00    0,00    0,00    0,00    0,00    0,00
18:04:42       5  100,00    0,00    0,00    0,00    0,00    0,00    0,00    0,00    0,00    0,00
18:04:42       6  100,00    0,00    0,00    0,00    0,00    0,00    0,00    0,00    0,00    0,00
18:04:42       7  100,00    0,00    0,00    0,00    0,00    0,00    0,00    0,00    0,00    0,00
18:04:42       8  100,00    0,00    0,00    0,00    0,00    0,00    0,00    0,00    0,00    0,00
18:04:42       9  100,00    0,00    0,00    0,00    0,00    0,00    0,00    0,00    0,00    0,00
18:04:42      10  100,00    0,00    0,00    0,00    0,00    0,00    0,00    0,00    0,00    0,00
18:04:42      11  100,00    0,00    0,00    0,00    0,00    0,00    0,00    0,00    0,00    0,00
18:04:42      12  100,00    0,00    0,00    0,00    0,00    0,00    0,00    0,00    0,00    0,00
18:04:42      13    0,00    0,00    0,00    0,00    0,00    0,00    0,00    0,00    0,00  100,00
18:04:42      14  100,00    0,00    0,00    0,00    0,00    0,00    0,00    0,00    0,00    0,00
18:04:42      15    0,00    0,00    0,00    0,00    0,00    0,00    0,00    0,00    0,00  100,00
18:04:42      16    0,00    0,00    0,00    0,00    0,00    0,00    0,00    0,00    0,00  100,00
18:04:42      17   21,00    0,00    2,00    0,00    0,00    0,00    0,00    0,00    0,00   77,00
18:04:42      18    0,00    0,00    0,00    0,00    0,00    0,00    0,00    0,00    0,00  100,00
18:04:42      19    0,99    0,00    0,00    0,00    0,00    0,00    0,00    0,00    0,00   99,01
18:04:42      20    1,00    0,00    1,00    0,00    0,00    0,00    0,00    0,00    0,00   98,00
18:04:42      21    0,00    0,00    1,00    0,00    0,00    0,00    0,00    0,00    0,00   99,00
18:04:42      22    0,00    0,00    1,00    1,00    0,00    0,00    0,00    0,00    0,00   98,00
18:04:42      23    1,00    0,00    1,00    0,00    0,00    0,00    0,00    0,00    0,00   98,00

18:04:42     CPU    %usr   %nice    %sys %iowait    %irq   %soft  %steal  %guest  %gnice   %idle
18:04:43     all   61,61    0,00    0,79    0,00    0,00    0,00    0,00    0,00    0,00   37,60
18:04:43       0  100,00    0,00    0,00    0,00    0,00    0,00    0,00    0,00    0,00    0,00
18:04:43       1  100,00    0,00    0,00    0,00    0,00    0,00    0,00    0,00    0,00    0,00
18:04:43       2  100,00    0,00    0,00    0,00    0,00    0,00    0,00    0,00    0,00    0,00
18:04:43       3  100,00    0,00    0,00    0,00    0,00    0,00    0,00    0,00    0,00    0,00
18:04:43       4  100,00    0,00    0,00    0,00    0,00    0,00    0,00    0,00    0,00    0,00
18:04:43       5  100,00    0,00    0,00    0,00    0,00    0,00    0,00    0,00    0,00    0,00
18:04:43       6  100,00    0,00    0,00    0,00    0,00    0,00    0,00    0,00    0,00    0,00
18:04:43       7  100,00    0,00    0,00    0,00    0,00    0,00    0,00    0,00    0,00    0,00
18:04:43       8  100,00    0,00    0,00    0,00    0,00    0,00    0,00    0,00    0,00    0,00
18:04:43       9  100,00    0,00    0,00    0,00    0,00    0,00    0,00    0,00    0,00    0,00
18:04:43      10  100,00    0,00    0,00    0,00    0,00    0,00    0,00    0,00    0,00    0,00
18:04:43      11  100,00    0,00    0,00    0,00    0,00    0,00    0,00    0,00    0,00    0,00
18:04:43      12  100,00    0,00    0,00    0,00    0,00    0,00    0,00    0,00    0,00    0,00
18:04:43      13    0,00    0,00    0,00    0,00    0,00    0,00    0,00    0,00    0,00  100,00
18:04:43      14  100,00    0,00    0,00    0,00    0,00    0,00    0,00    0,00    0,00    0,00
18:04:43      15    0,00    0,00    0,00    0,00    0,00    0,00    0,00    0,00    0,00  100,00
18:04:43      16    9,90    0,00    9,90    0,00    0,00    0,00    0,00    0,00    0,00   80,20
18:04:43      17   64,00    0,00    6,00    0,00    0,00    0,00    0,00    0,00    0,00   30,00
18:04:43      18    1,00    0,00    0,00    0,00    0,00    0,00    0,00    0,00    0,00   99,00
18:04:43      19    0,00    0,00    0,00    0,00    0,00    0,00    0,00    0,00    0,00  100,00
18:04:43      20    0,00    0,00    1,00    0,00    0,00    0,00    0,00    0,00    0,00   99,00
18:04:43      21    1,00    0,00    0,00    0,00    0,00    0,00    0,00    0,00    0,00   99,00
18:04:43      22    2,00    0,00    1,00    0,00    0,00    0,00    0,00    0,00    0,00   97,00
18:04:43      23    0,00    0,00    1,00    0,00    0,00    0,00    0,00    0,00    0,00   99,00

18:04:43     CPU    %usr   %nice    %sys %iowait    %irq   %soft  %steal  %guest  %gnice   %idle
18:04:44     all   59,20    0,00    0,38    0,00    0,00    0,00    0,00    0,00    0,00   40,43
18:04:44       0  100,00    0,00    0,00    0,00    0,00    0,00    0,00    0,00    0,00    0,00
18:04:44       1  100,00    0,00    0,00    0,00    0,00    0,00    0,00    0,00    0,00    0,00
18:04:44       2  100,00    0,00    0,00    0,00    0,00    0,00    0,00    0,00    0,00    0,00
18:04:44       3  100,00    0,00    0,00    0,00    0,00    0,00    0,00    0,00    0,00    0,00
18:04:44       4  100,00    0,00    0,00    0,00    0,00    0,00    0,00    0,00    0,00    0,00
18:04:44       5  100,00    0,00    0,00    0,00    0,00    0,00    0,00    0,00    0,00    0,00
18:04:44       6  100,00    0,00    0,00    0,00    0,00    0,00    0,00    0,00    0,00    0,00
18:04:44       7  100,00    0,00    0,00    0,00    0,00    0,00    0,00    0,00    0,00    0,00
18:04:44       8  100,00    0,00    0,00    0,00    0,00    0,00    0,00    0,00    0,00    0,00
18:04:44       9  100,00    0,00    0,00    0,00    0,00    0,00    0,00    0,00    0,00    0,00
18:04:44      10  100,00    0,00    0,00    0,00    0,00    0,00    0,00    0,00    0,00    0,00
18:04:44      11  100,00    0,00    0,00    0,00    0,00    0,00    0,00    0,00    0,00    0,00
18:04:44      12  100,00    0,00    0,00    0,00    0,00    0,00    0,00    0,00    0,00    0,00
18:04:44      13    0,00    0,00    0,00    0,00    0,00    0,00    0,00    0,00    0,00  100,00
18:04:44      14  100,00    0,00    0,00    0,00    0,00    0,00    0,00    0,00    0,00    0,00
18:04:44      15    0,00    0,00    0,00    0,00    0,00    0,00    0,00    0,00    0,00  100,00
18:04:44      16   19,00    0,00    7,00    0,00    0,00    0,00    0,00    0,00    0,00   74,00
18:04:44      17    0,00    0,00    0,00    0,00    0,00    0,00    0,00    0,00    0,00  100,00
18:04:44      18    0,00    0,00    0,99    0,00    0,00    0,00    0,00    0,00    0,00   99,01
18:04:44      19    0,00    0,00    0,00    0,00    0,00    0,00    0,00    0,00    0,00  100,00
18:04:44      20    1,00    0,00    0,00    0,00    0,00    0,00    0,00    0,00    0,00   99,00
18:04:44      21    0,00    0,00    0,00    0,00    0,00    0,00    0,00    0,00    0,00  100,00
18:04:44      22    0,00    0,00    0,00    0,00    0,00    0,00    0,00    0,00    0,00  100,00
18:04:44      23    0,00    0,00    1,00    0,00    0,00    0,00    0,00    0,00    0,00   99,00

18:04:44     CPU    %usr   %nice    %sys %iowait    %irq   %soft  %steal  %guest  %gnice   %idle
18:04:45     all   61,37    0,00    0,58    0,00    0,00    0,00    0,00    0,00    0,00   38,05
18:04:45       0  100,00    0,00    0,00    0,00    0,00    0,00    0,00    0,00    0,00    0,00
18:04:45       1  100,00    0,00    0,00    0,00    0,00    0,00    0,00    0,00    0,00    0,00
18:04:45       2  100,00    0,00    0,00    0,00    0,00    0,00    0,00    0,00    0,00    0,00
18:04:45       3  100,00    0,00    0,00    0,00    0,00    0,00    0,00    0,00    0,00    0,00
18:04:45       4  100,00    0,00    0,00    0,00    0,00    0,00    0,00    0,00    0,00    0,00
18:04:45       5  100,00    0,00    0,00    0,00    0,00    0,00    0,00    0,00    0,00    0,00
18:04:45       6  100,00    0,00    0,00    0,00    0,00    0,00    0,00    0,00    0,00    0,00
18:04:45       7  100,00    0,00    0,00    0,00    0,00    0,00    0,00    0,00    0,00    0,00
18:04:45       8  100,00    0,00    0,00    0,00    0,00    0,00    0,00    0,00    0,00    0,00
18:04:45       9  100,00    0,00    0,00    0,00    0,00    0,00    0,00    0,00    0,00    0,00
18:04:45      10  100,00    0,00    0,00    0,00    0,00    0,00    0,00    0,00    0,00    0,00
18:04:45      11  100,00    0,00    0,00    0,00    0,00    0,00    0,00    0,00    0,00    0,00
18:04:45      12  100,00    0,00    0,00    0,00    0,00    0,00    0,00    0,00    0,00    0,00
18:04:45      13   12,87    0,00    0,99    0,00    0,00    0,00    0,00    0,00    0,00   86,14
18:04:45      14  100,00    0,00    0,00    0,00    0,00    0,00    0,00    0,00    0,00    0,00
18:04:45      15    0,00    0,00    0,00    0,00    0,00    0,00    0,00    0,00    0,00  100,00
18:04:45      16    6,00    0,00    1,00    0,00    0,00    0,00    0,00    0,00    0,00   93,00
18:04:45      17    6,93    0,00    0,99    0,00    0,00    0,00    0,00    0,00    0,00   92,08
18:04:45      18    0,00    0,00    1,02    0,00    0,00    0,00    0,00    0,00    0,00   98,98
18:04:45      19    0,00    0,00    1,00    0,00    0,00    0,00    0,00    0,00    0,00   99,00
18:04:45      20   14,14    0,00    1,01    0,00    0,00    0,00    0,00    0,00    0,00   84,85
18:04:45      21   17,17    0,00    7,07    0,00    0,00    0,00    0,00    0,00    0,00   75,76
18:04:45      22    1,01    0,00    1,01    0,00    0,00    0,00    0,00    0,00    0,00   97,98
18:04:45      23   13,00    0,00    0,00    0,00    0,00    0,00    0,00    0,00    0,00   87,00

18:04:45     CPU    %usr   %nice    %sys %iowait    %irq   %soft  %steal  %guest  %gnice   %idle
18:04:46     all   58,43    0,00    0,21    0,00    0,00    0,00    0,00    0,00    0,00   41,36
18:04:46       0  100,00    0,00    0,00    0,00    0,00    0,00    0,00    0,00    0,00    0,00
18:04:46       1  100,00    0,00    0,00    0,00    0,00    0,00    0,00    0,00    0,00    0,00
18:04:46       2  100,00    0,00    0,00    0,00    0,00    0,00    0,00    0,00    0,00    0,00
18:04:46       3  100,00    0,00    0,00    0,00    0,00    0,00    0,00    0,00    0,00    0,00
18:04:46       4  100,00    0,00    0,00    0,00    0,00    0,00    0,00    0,00    0,00    0,00
18:04:46       5  100,00    0,00    0,00    0,00    0,00    0,00    0,00    0,00    0,00    0,00
18:04:46       6  100,00    0,00    0,00    0,00    0,00    0,00    0,00    0,00    0,00    0,00
18:04:46       7  100,00    0,00    0,00    0,00    0,00    0,00    0,00    0,00    0,00    0,00
18:04:46       8  100,00    0,00    0,00    0,00    0,00    0,00    0,00    0,00    0,00    0,00
18:04:46       9  100,00    0,00    0,00    0,00    0,00    0,00    0,00    0,00    0,00    0,00
18:04:46      10  100,00    0,00    0,00    0,00    0,00    0,00    0,00    0,00    0,00    0,00
18:04:46      11  100,00    0,00    0,00    0,00    0,00    0,00    0,00    0,00    0,00    0,00
18:04:46      12  100,00    0,00    0,00    0,00    0,00    0,00    0,00    0,00    0,00    0,00
18:04:46      13    0,00    0,00    0,00    0,00    0,00    0,00    0,00    0,00    0,00  100,00
18:04:46      14  100,00    0,00    0,00    0,00    0,00    0,00    0,00    0,00    0,00    0,00
18:04:46      15    0,00    0,00    0,00    0,00    0,00    0,00    0,00    0,00    0,00  100,00
18:04:46      16    0,00    0,00    0,00    0,00    0,00    0,00    0,00    0,00    0,00  100,00
18:04:46      17    0,00    0,00    0,00    0,00    0,00    0,00    0,00    0,00    0,00  100,00
18:04:46      18    0,99    0,00    2,97    0,00    0,00    0,00    0,00    0,00    0,00   96,04
18:04:46      19    0,00    0,00    0,00    0,00    0,00    0,00    0,00    0,00    0,00  100,00
18:04:46      20    0,00    0,00    1,00    0,00    0,00    0,00    0,00    0,00    0,00   99,00
18:04:46      21    0,99    0,00    0,00    0,00    0,00    0,00    0,00    0,00    0,00   99,01
18:04:46      22    0,00    0,00    0,00    0,00    0,00    0,00    0,00    0,00    0,00  100,00
18:04:46      23    0,99    0,00    0,99    0,00    0,00    0,00    0,00    0,00    0,00   98,02

18:04:46     CPU    %usr   %nice    %sys %iowait    %irq   %soft  %steal  %guest  %gnice   %idle
18:04:47     all   59,13    0,00    0,29    0,08    0,00    0,00    0,00    0,00    0,00   40,50
18:04:47       0   99,01    0,00    0,99    0,00    0,00    0,00    0,00    0,00    0,00    0,00
18:04:47       1  100,00    0,00    0,00    0,00    0,00    0,00    0,00    0,00    0,00    0,00
18:04:47       2  100,00    0,00    0,00    0,00    0,00    0,00    0,00    0,00    0,00    0,00
18:04:47       3  100,00    0,00    0,00    0,00    0,00    0,00    0,00    0,00    0,00    0,00
18:04:47       4  100,00    0,00    0,00    0,00    0,00    0,00    0,00    0,00    0,00    0,00
18:04:47       5  100,00    0,00    0,00    0,00    0,00    0,00    0,00    0,00    0,00    0,00
18:04:47       6  100,00    0,00    0,00    0,00    0,00    0,00    0,00    0,00    0,00    0,00
18:04:47       7  100,00    0,00    0,00    0,00    0,00    0,00    0,00    0,00    0,00    0,00
18:04:47       8  100,00    0,00    0,00    0,00    0,00    0,00    0,00    0,00    0,00    0,00
18:04:47       9  100,00    0,00    0,00    0,00    0,00    0,00    0,00    0,00    0,00    0,00
18:04:47      10  100,00    0,00    0,00    0,00    0,00    0,00    0,00    0,00    0,00    0,00
18:04:47      11  100,00    0,00    0,00    0,00    0,00    0,00    0,00    0,00    0,00    0,00
18:04:47      12  100,00    0,00    0,00    0,00    0,00    0,00    0,00    0,00    0,00    0,00
18:04:47      13    0,00    0,00    0,00    0,00    0,00    0,00    0,00    0,00    0,00  100,00
18:04:47      14  100,00    0,00    0,00    0,00    0,00    0,00    0,00    0,00    0,00    0,00
18:04:47      15    0,00    0,00    0,00    0,00    0,00    0,00    0,00    0,00    0,00  100,00
18:04:47      16    1,00    0,00    0,00    0,00    0,00    0,00    0,00    0,00    0,00   99,00
18:04:47      17    1,00    0,00    1,00    1,00    0,00    0,00    0,00    0,00    0,00   97,00
18:04:47      18    1,00    0,00    1,00    0,00    0,00    0,00    0,00    0,00    0,00   98,00
18:04:47      19    0,99    0,00    0,99    0,00    0,00    0,00    0,00    0,00    0,00   98,02
18:04:47      20    0,00    0,00    0,00    0,00    0,00    0,00    0,00    0,00    0,00  100,00
18:04:47      21    0,00    0,00    1,00    0,00    0,00    0,00    0,00    0,00    0,00   99,00
18:04:47      22    0,99    0,00    0,99    0,99    0,00    0,00    0,00    0,00    0,00   97,03
18:04:47      23   14,14    0,00    1,01    0,00    0,00    0,00    0,00    0,00    0,00   84,85
